
*** Running vivado
    with args -log bd_22c0_clock_throttling_avg_0.vds -m64 -product Vivado -mode batch -messageDb vivado.pb -notrace -source bd_22c0_clock_throttling_avg_0.tcl


****** Vivado v2022.1.2 (64-bit)
  **** SW Build 3605665 on Fri Aug  5 22:52:02 MDT 2022
  **** IP Build 3603185 on Sat Aug  6 04:07:44 MDT 2022
    ** Copyright 1986-2022 Xilinx, Inc. All Rights Reserved.

source bd_22c0_clock_throttling_avg_0.tcl -notrace
INFO: Dispatch client connection id - 46050
INFO: [IP_Flow 19-234] Refreshing IP repositories
INFO: [IP_Flow 19-1700] Loaded user IP repository '/scratch/users/hc676/HeteroCL_Transformer/bert_layer_dcct_systolic_array_vitis.prj/_x.hw.xilinx_u280_gen3x16_xdma_1_202211_1/link/int/xo/ip_repo/xilinx_com_hls_Bert_layer_1_0'.
INFO: [IP_Flow 19-1700] Loaded user IP repository '/scratch/users/hc676/HeteroCL_Transformer/bert_layer_dcct_systolic_array_vitis.prj/_x.hw.xilinx_u280_gen3x16_xdma_1_202211_1/link/vivado/vpl/.local/hw_platform/iprepo'.
INFO: [IP_Flow 19-1700] Loaded user IP repository '/scratch/users/hc676/HeteroCL_Transformer/bert_layer_dcct_systolic_array_vitis.prj/_x.hw.xilinx_u280_gen3x16_xdma_1_202211_1/link/vivado/vpl/.local/hw_platform/ipcache'.
INFO: [IP_Flow 19-1700] Loaded user IP repository '/opt/xilinx/2022.1/Vitis/2022.1/data/ip'.
INFO: [IP_Flow 19-2313] Loaded Vivado IP repository '/opt/xilinx/2022.1/Vivado/2022.1/data/ip'.
WARNING: [IP_Flow 19-1663] Duplicate IP found for 'xilinx.com:ip:axi_clk_metadata_adapter:1.0'. The one found in IP location '/scratch/users/hc676/HeteroCL_Transformer/bert_layer_dcct_systolic_array_vitis.prj/_x.hw.xilinx_u280_gen3x16_xdma_1_202211_1/link/vivado/vpl/.local/hw_platform/iprepo/ipdefs/other_ipdefs/axi_clk_metadata_adapter_v1_0' will take precedence over the same IP in location /scratch/users/hc676/HeteroCL_Transformer/bert_layer_dcct_systolic_array_vitis.prj/_x.hw.xilinx_u280_gen3x16_xdma_1_202211_1/link/vivado/vpl/.local/hw_platform/iprepo/ipdefs/pxi_ii_infra/axi_clk_metadata_adapter_v1_0
WARNING: [IP_Flow 19-1663] Duplicate IP found for 'xilinx.com:ip:axis_clk_metadata_adapter:1.0'. The one found in IP location '/scratch/users/hc676/HeteroCL_Transformer/bert_layer_dcct_systolic_array_vitis.prj/_x.hw.xilinx_u280_gen3x16_xdma_1_202211_1/link/vivado/vpl/.local/hw_platform/iprepo/ipdefs/other_ipdefs/axis_clk_metadata_adapter_v1_0' will take precedence over the same IP in location /scratch/users/hc676/HeteroCL_Transformer/bert_layer_dcct_systolic_array_vitis.prj/_x.hw.xilinx_u280_gen3x16_xdma_1_202211_1/link/vivado/vpl/.local/hw_platform/iprepo/ipdefs/pxi_ii_infra/axis_clk_metadata_adapter_v1_0
WARNING: [IP_Flow 19-1663] Duplicate IP found for 'xilinx.com:ip:clk_metadata_adapter:1.0'. The one found in IP location '/scratch/users/hc676/HeteroCL_Transformer/bert_layer_dcct_systolic_array_vitis.prj/_x.hw.xilinx_u280_gen3x16_xdma_1_202211_1/link/vivado/vpl/.local/hw_platform/iprepo/ipdefs/other_ipdefs/clk_metadata_adapter_v1_0' will take precedence over the same IP in location /scratch/users/hc676/HeteroCL_Transformer/bert_layer_dcct_systolic_array_vitis.prj/_x.hw.xilinx_u280_gen3x16_xdma_1_202211_1/link/vivado/vpl/.local/hw_platform/iprepo/ipdefs/pxi_ii_infra/clk_metadata_adapter_v1_0
WARNING: [IP_Flow 19-1663] Duplicate IP found for 'xilinx.com:ip:pipeline_reg:1.0'. The one found in IP location '/scratch/users/hc676/HeteroCL_Transformer/bert_layer_dcct_systolic_array_vitis.prj/_x.hw.xilinx_u280_gen3x16_xdma_1_202211_1/link/vivado/vpl/.local/hw_platform/iprepo/ipdefs/other_ipdefs/pipeline_reg_v1_0' will take precedence over the same IP in location /scratch/users/hc676/HeteroCL_Transformer/bert_layer_dcct_systolic_array_vitis.prj/_x.hw.xilinx_u280_gen3x16_xdma_1_202211_1/link/vivado/vpl/.local/hw_platform/iprepo/ipdefs/pxi_ii_infra/pipeline_reg_v1_0
WARNING: [IP_Flow 19-1663] Duplicate IP found for 'xilinx.com:ip:shell_utils_build_info:1.0'. The one found in IP location '/scratch/users/hc676/HeteroCL_Transformer/bert_layer_dcct_systolic_array_vitis.prj/_x.hw.xilinx_u280_gen3x16_xdma_1_202211_1/link/vivado/vpl/.local/hw_platform/iprepo/ipdefs/other_ipdefs/shell_utils_build_info_v1_0' will take precedence over the same IP in the Xilinx installed IP.
Command: synth_design -top bd_22c0_clock_throttling_avg_0 -part xcu280-fsvh2892-2L-e -incremental_mode off -mode out_of_context
Starting synth_design
Attempting to get a license for feature 'Synthesis' and/or device 'xcu280'
INFO: [Common 17-349] Got license for feature 'Synthesis' and/or device 'xcu280'
INFO: [Device 21-403] Loading part xcu280-fsvh2892-2L-e
INFO: [Synth 8-7079] Multithreading enabled for synth_design using a maximum of 1 processes.
INFO: [Synth 8-7078] Launching helper process for spawning children vivado processes
INFO: [Synth 8-7075] Helper process launched with PID 12895
WARNING: [Synth 8-9501] generate block is allowed only inside loop and conditional generate in SystemVerilog mode [/opt/xilinx/2022.1/Vivado/2022.1/data/ip/xpm/xpm_fifo/hdl/xpm_fifo.sv:4023]
---------------------------------------------------------------------------------
Starting RTL Elaboration : Time (s): cpu = 00:00:05 ; elapsed = 00:00:05 . Memory (MB): peak = 3811.062 ; gain = 338.637 ; free physical = 11765 ; free virtual = 176090
---------------------------------------------------------------------------------
INFO: [Synth 8-638] synthesizing module 'bd_22c0_clock_throttling_avg_0' [/scratch/users/hc676/HeteroCL_Transformer/bert_layer_dcct_systolic_array_vitis.prj/_x.hw.xilinx_u280_gen3x16_xdma_1_202211_1/link/vivado/vpl/prj/prj.gen/my_rm/bd/ulp/ip/ulp_ulp_ucs_0/bd_0/ip/ip_11/synth/bd_22c0_clock_throttling_avg_0.vhd:69]
	Parameter SAMPLE_WIDTH bound to: 8 - type: integer 
	Parameter SAMPLE_SAT_VAL bound to: 128 - type: integer 
	Parameter AVE_NUM_SAMPLES bound to: 50 - type: integer 
	Parameter AVE_WIDTH bound to: 14 - type: integer 
	Parameter RST_CNT_BITS bound to: 6 - type: integer 
INFO: [Synth 8-3491] module 'shell_utils_clock_throttling_avg' declared at '/scratch/users/hc676/HeteroCL_Transformer/bert_layer_dcct_systolic_array_vitis.prj/_x.hw.xilinx_u280_gen3x16_xdma_1_202211_1/link/vivado/vpl/prj/prj.gen/my_rm/bd/ulp/ipshared/1bbf/hdl/shell_utils_clock_throttling_avg_v1_0_vh_rfs.vhd:54' bound to instance 'U0' of component 'shell_utils_clock_throttling_avg' [/scratch/users/hc676/HeteroCL_Transformer/bert_layer_dcct_systolic_array_vitis.prj/_x.hw.xilinx_u280_gen3x16_xdma_1_202211_1/link/vivado/vpl/prj/prj.gen/my_rm/bd/ulp/ip/ulp_ulp_ucs_0/bd_0/ip/ip_11/synth/bd_22c0_clock_throttling_avg_0.vhd:101]
INFO: [Synth 8-638] synthesizing module 'shell_utils_clock_throttling_avg' [/scratch/users/hc676/HeteroCL_Transformer/bert_layer_dcct_systolic_array_vitis.prj/_x.hw.xilinx_u280_gen3x16_xdma_1_202211_1/link/vivado/vpl/prj/prj.gen/my_rm/bd/ulp/ipshared/1bbf/hdl/shell_utils_clock_throttling_avg_v1_0_vh_rfs.vhd:73]
INFO: [Synth 8-256] done synthesizing module 'shell_utils_clock_throttling_avg' (0#1) [/scratch/users/hc676/HeteroCL_Transformer/bert_layer_dcct_systolic_array_vitis.prj/_x.hw.xilinx_u280_gen3x16_xdma_1_202211_1/link/vivado/vpl/prj/prj.gen/my_rm/bd/ulp/ipshared/1bbf/hdl/shell_utils_clock_throttling_avg_v1_0_vh_rfs.vhd:73]
INFO: [Synth 8-256] done synthesizing module 'bd_22c0_clock_throttling_avg_0' (0#1) [/scratch/users/hc676/HeteroCL_Transformer/bert_layer_dcct_systolic_array_vitis.prj/_x.hw.xilinx_u280_gen3x16_xdma_1_202211_1/link/vivado/vpl/prj/prj.gen/my_rm/bd/ulp/ip/ulp_ulp_ucs_0/bd_0/ip/ip_11/synth/bd_22c0_clock_throttling_avg_0.vhd:69]
WARNING: [Synth 8-5858] RAM Pipe_reg from Abstract Data Type (record/struct) for this pattern/configuration is not supported. This will most likely be implemented in registers
WARNING: [Synth 8-10225] Potential Runtime issue for 3D-RAM or RAM from Record/Structs for RAM  Pipe_reg 
WARNING: [Synth 8-6014] Unused sequential element Pipe_reg[1][Exprd_Sample] was removed.  [/scratch/users/hc676/HeteroCL_Transformer/bert_layer_dcct_systolic_array_vitis.prj/_x.hw.xilinx_u280_gen3x16_xdma_1_202211_1/link/vivado/vpl/prj/prj.gen/my_rm/bd/ulp/ipshared/1bbf/hdl/shell_utils_clock_throttling_avg_v1_0_vh_rfs.vhd:141]
WARNING: [Synth 8-6014] Unused sequential element Pipe_reg[1][Avg_Calc] was removed.  [/scratch/users/hc676/HeteroCL_Transformer/bert_layer_dcct_systolic_array_vitis.prj/_x.hw.xilinx_u280_gen3x16_xdma_1_202211_1/link/vivado/vpl/prj/prj.gen/my_rm/bd/ulp/ipshared/1bbf/hdl/shell_utils_clock_throttling_avg_v1_0_vh_rfs.vhd:141]
WARNING: [Synth 8-6014] Unused sequential element Pipe_reg[3][Exprd_Sample] was removed.  [/scratch/users/hc676/HeteroCL_Transformer/bert_layer_dcct_systolic_array_vitis.prj/_x.hw.xilinx_u280_gen3x16_xdma_1_202211_1/link/vivado/vpl/prj/prj.gen/my_rm/bd/ulp/ipshared/1bbf/hdl/shell_utils_clock_throttling_avg_v1_0_vh_rfs.vhd:141]
---------------------------------------------------------------------------------
Finished RTL Elaboration : Time (s): cpu = 00:00:07 ; elapsed = 00:00:07 . Memory (MB): peak = 3882.008 ; gain = 409.582 ; free physical = 13001 ; free virtual = 177326
---------------------------------------------------------------------------------
---------------------------------------------------------------------------------
Start Handling Custom Attributes
---------------------------------------------------------------------------------
---------------------------------------------------------------------------------
Finished Handling Custom Attributes : Time (s): cpu = 00:00:07 ; elapsed = 00:00:08 . Memory (MB): peak = 3899.816 ; gain = 427.391 ; free physical = 12981 ; free virtual = 177306
---------------------------------------------------------------------------------
---------------------------------------------------------------------------------
Finished RTL Optimization Phase 1 : Time (s): cpu = 00:00:07 ; elapsed = 00:00:08 . Memory (MB): peak = 3899.816 ; gain = 427.391 ; free physical = 12980 ; free virtual = 177305
---------------------------------------------------------------------------------
Netlist sorting complete. Time (s): cpu = 00:00:00 ; elapsed = 00:00:00.01 . Memory (MB): peak = 3899.816 ; gain = 0.000 ; free physical = 12951 ; free virtual = 177278
INFO: [Project 1-570] Preparing netlist for logic optimization

Processing XDC Constraints
Initializing timing engine
Parsing XDC File [/scratch/users/hc676/HeteroCL_Transformer/bert_layer_dcct_systolic_array_vitis.prj/_x.hw.xilinx_u280_gen3x16_xdma_1_202211_1/link/vivado/vpl/prj/prj.gen/my_rm/bd/ulp/ip/ulp_ulp_ucs_0/bd_0/ip/ip_11/bd_22c0_clock_throttling_avg_0_ooc.xdc] for cell 'U0'
create_clock: Time (s): cpu = 00:00:06 ; elapsed = 00:00:06 . Memory (MB): peak = 4026.348 ; gain = 0.000 ; free physical = 11430 ; free virtual = 175756
Finished Parsing XDC File [/scratch/users/hc676/HeteroCL_Transformer/bert_layer_dcct_systolic_array_vitis.prj/_x.hw.xilinx_u280_gen3x16_xdma_1_202211_1/link/vivado/vpl/prj/prj.gen/my_rm/bd/ulp/ip/ulp_ulp_ucs_0/bd_0/ip/ip_11/bd_22c0_clock_throttling_avg_0_ooc.xdc] for cell 'U0'
Parsing XDC File [/scratch/users/hc676/HeteroCL_Transformer/bert_layer_dcct_systolic_array_vitis.prj/_x.hw.xilinx_u280_gen3x16_xdma_1_202211_1/link/vivado/vpl/prj/prj.runs/bd_22c0_clock_throttling_avg_0_synth_1/dont_touch.xdc]
Finished Parsing XDC File [/scratch/users/hc676/HeteroCL_Transformer/bert_layer_dcct_systolic_array_vitis.prj/_x.hw.xilinx_u280_gen3x16_xdma_1_202211_1/link/vivado/vpl/prj/prj.runs/bd_22c0_clock_throttling_avg_0_synth_1/dont_touch.xdc]
Completed Processing XDC Constraints

Netlist sorting complete. Time (s): cpu = 00:00:00 ; elapsed = 00:00:00 . Memory (MB): peak = 4026.348 ; gain = 0.000 ; free physical = 11428 ; free virtual = 175754
INFO: [Project 1-111] Unisim Transformation Summary:
No Unisim elements were transformed.

Constraint Validation Runtime : Time (s): cpu = 00:00:00.02 ; elapsed = 00:00:00.02 . Memory (MB): peak = 4026.352 ; gain = 0.004 ; free physical = 11439 ; free virtual = 175765
INFO: [Designutils 20-5008] Incremental synthesis strategy off
---------------------------------------------------------------------------------
Finished Constraint Validation : Time (s): cpu = 00:00:21 ; elapsed = 00:00:22 . Memory (MB): peak = 4026.352 ; gain = 553.926 ; free physical = 8551 ; free virtual = 172885
---------------------------------------------------------------------------------
---------------------------------------------------------------------------------
Start Loading Part and Timing Information
---------------------------------------------------------------------------------
Loading part: xcu280-fsvh2892-2L-e
INFO: [Synth 8-6742] Reading net delay rules and data
---------------------------------------------------------------------------------
Finished Loading Part and Timing Information : Time (s): cpu = 00:00:21 ; elapsed = 00:00:22 . Memory (MB): peak = 4026.352 ; gain = 553.926 ; free physical = 8546 ; free virtual = 172880
---------------------------------------------------------------------------------
---------------------------------------------------------------------------------
Start Applying 'set_property' XDC Constraints
---------------------------------------------------------------------------------
Applied set_property KEEP_HIERARCHY = SOFT for U0. (constraint file  /scratch/users/hc676/HeteroCL_Transformer/bert_layer_dcct_systolic_array_vitis.prj/_x.hw.xilinx_u280_gen3x16_xdma_1_202211_1/link/vivado/vpl/prj/prj.runs/bd_22c0_clock_throttling_avg_0_synth_1/dont_touch.xdc, line 6).
---------------------------------------------------------------------------------
Finished applying 'set_property' XDC Constraints : Time (s): cpu = 00:00:21 ; elapsed = 00:00:22 . Memory (MB): peak = 4026.352 ; gain = 553.926 ; free physical = 8537 ; free virtual = 172870
---------------------------------------------------------------------------------
---------------------------------------------------------------------------------
Finished RTL Optimization Phase 2 : Time (s): cpu = 00:00:21 ; elapsed = 00:00:23 . Memory (MB): peak = 4026.352 ; gain = 553.926 ; free physical = 8233 ; free virtual = 172568
---------------------------------------------------------------------------------
---------------------------------------------------------------------------------
Start RTL Component Statistics 
---------------------------------------------------------------------------------
Detailed RTL Component Info : 
+---Adders : 
	   3 Input   14 Bit       Adders := 1     
	   2 Input   14 Bit       Adders := 1     
	   2 Input    8 Bit       Adders := 1     
	   2 Input    7 Bit       Adders := 1     
+---XORs : 
	   2 Input      1 Bit         XORs := 1     
+---Registers : 
	               14 Bit    Registers := 3     
	                8 Bit    Registers := 55    
	                7 Bit    Registers := 1     
	                1 Bit    Registers := 9     
---------------------------------------------------------------------------------
Finished RTL Component Statistics 
---------------------------------------------------------------------------------
---------------------------------------------------------------------------------
Start Part Resource Summary
---------------------------------------------------------------------------------
Part Resources:
DSPs: 9024 (col length:94)
BRAMs: 4032 (col length: RAMB18 288 RAMB36 144)
---------------------------------------------------------------------------------
Finished Part Resource Summary
---------------------------------------------------------------------------------
---------------------------------------------------------------------------------
Start Cross Boundary and Area Optimization
---------------------------------------------------------------------------------
WARNING: [Synth 8-7080] Parallel synthesis criteria is not met
---------------------------------------------------------------------------------
Finished Cross Boundary and Area Optimization : Time (s): cpu = 00:00:23 ; elapsed = 00:00:25 . Memory (MB): peak = 4026.352 ; gain = 553.926 ; free physical = 9161 ; free virtual = 173507
---------------------------------------------------------------------------------
---------------------------------------------------------------------------------
Start Applying XDC Timing Constraints
---------------------------------------------------------------------------------
---------------------------------------------------------------------------------
Finished Applying XDC Timing Constraints : Time (s): cpu = 00:00:37 ; elapsed = 00:00:42 . Memory (MB): peak = 4282.109 ; gain = 809.684 ; free physical = 6838 ; free virtual = 171203
---------------------------------------------------------------------------------
---------------------------------------------------------------------------------
Start Timing Optimization
---------------------------------------------------------------------------------
---------------------------------------------------------------------------------
Finished Timing Optimization : Time (s): cpu = 00:00:37 ; elapsed = 00:00:42 . Memory (MB): peak = 4311.156 ; gain = 838.730 ; free physical = 6799 ; free virtual = 171164
---------------------------------------------------------------------------------
---------------------------------------------------------------------------------
Start Technology Mapping
---------------------------------------------------------------------------------
---------------------------------------------------------------------------------
Finished Technology Mapping : Time (s): cpu = 00:00:37 ; elapsed = 00:00:42 . Memory (MB): peak = 4311.156 ; gain = 838.730 ; free physical = 6773 ; free virtual = 171138
---------------------------------------------------------------------------------
---------------------------------------------------------------------------------
Start IO Insertion
---------------------------------------------------------------------------------
---------------------------------------------------------------------------------
Start Flattening Before IO Insertion
---------------------------------------------------------------------------------
---------------------------------------------------------------------------------
Finished Flattening Before IO Insertion
---------------------------------------------------------------------------------
---------------------------------------------------------------------------------
Start Final Netlist Cleanup
---------------------------------------------------------------------------------
---------------------------------------------------------------------------------
Finished Final Netlist Cleanup
---------------------------------------------------------------------------------
---------------------------------------------------------------------------------
Finished IO Insertion : Time (s): cpu = 00:00:42 ; elapsed = 00:00:47 . Memory (MB): peak = 4311.160 ; gain = 838.734 ; free physical = 6795 ; free virtual = 171158
---------------------------------------------------------------------------------
---------------------------------------------------------------------------------
Start Renaming Generated Instances
---------------------------------------------------------------------------------
---------------------------------------------------------------------------------
Finished Renaming Generated Instances : Time (s): cpu = 00:00:42 ; elapsed = 00:00:47 . Memory (MB): peak = 4311.160 ; gain = 838.734 ; free physical = 6793 ; free virtual = 171156
---------------------------------------------------------------------------------
---------------------------------------------------------------------------------
Start Rebuilding User Hierarchy
---------------------------------------------------------------------------------
---------------------------------------------------------------------------------
Finished Rebuilding User Hierarchy : Time (s): cpu = 00:00:42 ; elapsed = 00:00:47 . Memory (MB): peak = 4311.160 ; gain = 838.734 ; free physical = 6787 ; free virtual = 171150
---------------------------------------------------------------------------------
---------------------------------------------------------------------------------
Start Renaming Generated Ports
---------------------------------------------------------------------------------
---------------------------------------------------------------------------------
Finished Renaming Generated Ports : Time (s): cpu = 00:00:42 ; elapsed = 00:00:47 . Memory (MB): peak = 4311.160 ; gain = 838.734 ; free physical = 6786 ; free virtual = 171149
---------------------------------------------------------------------------------
---------------------------------------------------------------------------------
Start Handling Custom Attributes
---------------------------------------------------------------------------------
---------------------------------------------------------------------------------
Finished Handling Custom Attributes : Time (s): cpu = 00:00:42 ; elapsed = 00:00:47 . Memory (MB): peak = 4311.160 ; gain = 838.734 ; free physical = 6784 ; free virtual = 171147
---------------------------------------------------------------------------------
---------------------------------------------------------------------------------
Start Renaming Generated Nets
---------------------------------------------------------------------------------
---------------------------------------------------------------------------------
Finished Renaming Generated Nets : Time (s): cpu = 00:00:42 ; elapsed = 00:00:47 . Memory (MB): peak = 4311.160 ; gain = 838.734 ; free physical = 6783 ; free virtual = 171146
---------------------------------------------------------------------------------
---------------------------------------------------------------------------------
Start ROM, RAM, DSP, Shift Register and Retiming Reporting
---------------------------------------------------------------------------------

Static Shift Register Report:
+---------------------------------+------------------------+--------+-------+--------------+--------------------+-------------------+--------+---------+
|Module Name                      | RTL Name               | Length | Width | Reset Signal | Pull out first Reg | Pull out last Reg | SRL16E | SRLC32E | 
+---------------------------------+------------------------+--------+-------+--------------+--------------------+-------------------+--------+---------+
|shell_utils_clock_throttling_avg | Sample_Pipe_reg[49][7] | 50     | 8     | NO           | NO                 | NO                | 0      | 16      | 
+---------------------------------+------------------------+--------+-------+--------------+--------------------+-------------------+--------+---------+

---------------------------------------------------------------------------------
Finished ROM, RAM, DSP, Shift Register and Retiming Reporting
---------------------------------------------------------------------------------
---------------------------------------------------------------------------------
Start Writing Synthesis Report
---------------------------------------------------------------------------------

Report BlackBoxes: 
+-+--------------+----------+
| |BlackBox name |Instances |
+-+--------------+----------+
+-+--------------+----------+

Report Cell Usage: 
+------+--------+------+
|      |Cell    |Count |
+------+--------+------+
|1     |CARRY8  |     4|
|2     |LUT1    |     8|
|3     |LUT2    |    20|
|4     |LUT3    |     4|
|5     |LUT4    |     2|
|6     |LUT5    |     2|
|7     |LUT6    |     4|
|8     |SRLC32E |    16|
|9     |FDRE    |    90|
|10    |FDSE    |     8|
+------+--------+------+
---------------------------------------------------------------------------------
Finished Writing Synthesis Report : Time (s): cpu = 00:00:42 ; elapsed = 00:00:47 . Memory (MB): peak = 4311.160 ; gain = 838.734 ; free physical = 6782 ; free virtual = 171145
---------------------------------------------------------------------------------
Synthesis finished with 0 errors, 0 critical warnings and 1 warnings.
Synthesis Optimization Runtime : Time (s): cpu = 00:00:34 ; elapsed = 00:00:39 . Memory (MB): peak = 4311.160 ; gain = 712.199 ; free physical = 6835 ; free virtual = 171176
Synthesis Optimization Complete : Time (s): cpu = 00:00:42 ; elapsed = 00:00:47 . Memory (MB): peak = 4311.164 ; gain = 838.734 ; free physical = 6835 ; free virtual = 171176
INFO: [Project 1-571] Translating synthesized netlist
Netlist sorting complete. Time (s): cpu = 00:00:00 ; elapsed = 00:00:00 . Memory (MB): peak = 4325.098 ; gain = 0.000 ; free physical = 6984 ; free virtual = 171338
INFO: [Netlist 29-17] Analyzing 4 Unisim elements for replacement
INFO: [Netlist 29-28] Unisim Transformation completed in 0 CPU seconds
INFO: [Project 1-570] Preparing netlist for logic optimization
INFO: [Opt 31-138] Pushed 0 inverter(s) to 0 load pin(s).
Netlist sorting complete. Time (s): cpu = 00:00:00 ; elapsed = 00:00:00 . Memory (MB): peak = 4377.543 ; gain = 0.000 ; free physical = 7221 ; free virtual = 171571
INFO: [Project 1-111] Unisim Transformation Summary:
No Unisim elements were transformed.

Synth Design complete, checksum: 2fdad629
INFO: [Common 17-83] Releasing license: Synthesis
27 Infos, 12 Warnings, 0 Critical Warnings and 0 Errors encountered.
synth_design completed successfully
synth_design: Time (s): cpu = 00:01:00 ; elapsed = 00:01:03 . Memory (MB): peak = 4377.543 ; gain = 1321.695 ; free physical = 7497 ; free virtual = 171847
INFO: [Common 17-600] The following parameters have non-default value.
general.maxThreads
INFO: [Common 17-1381] The checkpoint '/scratch/users/hc676/HeteroCL_Transformer/bert_layer_dcct_systolic_array_vitis.prj/_x.hw.xilinx_u280_gen3x16_xdma_1_202211_1/link/vivado/vpl/prj/prj.runs/bd_22c0_clock_throttling_avg_0_synth_1/bd_22c0_clock_throttling_avg_0.dcp' has been generated.
INFO: [Coretcl 2-1648] Added synthesis output to IP cache for IP bd_22c0_clock_throttling_avg_0, cache-ID = d713ba6adcfabee8
INFO: [Common 17-1381] The checkpoint '/scratch/users/hc676/HeteroCL_Transformer/bert_layer_dcct_systolic_array_vitis.prj/_x.hw.xilinx_u280_gen3x16_xdma_1_202211_1/link/vivado/vpl/prj/prj.runs/bd_22c0_clock_throttling_avg_0_synth_1/bd_22c0_clock_throttling_avg_0.dcp' has been generated.
INFO: [runtcl-4] Executing : report_utilization -file bd_22c0_clock_throttling_avg_0_utilization_synth.rpt -pb bd_22c0_clock_throttling_avg_0_utilization_synth.pb
INFO: [Common 17-206] Exiting Vivado at Tue Sep  5 17:57:16 2023...
