
*** Running vivado
    with args -log bd_7cf0_bsip_0.vds -m64 -product Vivado -mode batch -messageDb vivado.pb -notrace -source bd_7cf0_bsip_0.tcl


****** Vivado v2022.1.2 (64-bit)
  **** SW Build 3605665 on Fri Aug  5 22:52:02 MDT 2022
  **** IP Build 3603185 on Sat Aug  6 04:07:44 MDT 2022
    ** Copyright 1986-2022 Xilinx, Inc. All Rights Reserved.

source bd_7cf0_bsip_0.tcl -notrace
INFO: Dispatch client connection id - 38839
INFO: [IP_Flow 19-234] Refreshing IP repositories
INFO: [IP_Flow 19-1700] Loaded user IP repository '/scratch/users/hc676/HeteroCL_Transformer/bert_layer_dcct_int8_systolic_array_100mhz.prj/_x.hw.xilinx_u280_gen3x16_xdma_1_202211_1/link/int/xo/ip_repo/xilinx_com_hls_Bert_layer_1_0'.
INFO: [IP_Flow 19-1700] Loaded user IP repository '/scratch/users/hc676/HeteroCL_Transformer/bert_layer_dcct_int8_systolic_array_100mhz.prj/_x.hw.xilinx_u280_gen3x16_xdma_1_202211_1/link/vivado/vpl/.local/hw_platform/iprepo'.
INFO: [IP_Flow 19-1700] Loaded user IP repository '/scratch/users/hc676/HeteroCL_Transformer/bert_layer_dcct_int8_systolic_array_100mhz.prj/_x.hw.xilinx_u280_gen3x16_xdma_1_202211_1/link/vivado/vpl/.local/hw_platform/ipcache'.
INFO: [IP_Flow 19-1700] Loaded user IP repository '/opt/xilinx/2022.1/Vitis/2022.1/data/ip'.
INFO: [IP_Flow 19-2313] Loaded Vivado IP repository '/opt/xilinx/2022.1/Vivado/2022.1/data/ip'.
WARNING: [IP_Flow 19-1663] Duplicate IP found for 'xilinx.com:ip:axi_clk_metadata_adapter:1.0'. The one found in IP location '/scratch/users/hc676/HeteroCL_Transformer/bert_layer_dcct_int8_systolic_array_100mhz.prj/_x.hw.xilinx_u280_gen3x16_xdma_1_202211_1/link/vivado/vpl/.local/hw_platform/iprepo/ipdefs/other_ipdefs/axi_clk_metadata_adapter_v1_0' will take precedence over the same IP in location /scratch/users/hc676/HeteroCL_Transformer/bert_layer_dcct_int8_systolic_array_100mhz.prj/_x.hw.xilinx_u280_gen3x16_xdma_1_202211_1/link/vivado/vpl/.local/hw_platform/iprepo/ipdefs/pxi_ii_infra/axi_clk_metadata_adapter_v1_0
WARNING: [IP_Flow 19-1663] Duplicate IP found for 'xilinx.com:ip:axis_clk_metadata_adapter:1.0'. The one found in IP location '/scratch/users/hc676/HeteroCL_Transformer/bert_layer_dcct_int8_systolic_array_100mhz.prj/_x.hw.xilinx_u280_gen3x16_xdma_1_202211_1/link/vivado/vpl/.local/hw_platform/iprepo/ipdefs/other_ipdefs/axis_clk_metadata_adapter_v1_0' will take precedence over the same IP in location /scratch/users/hc676/HeteroCL_Transformer/bert_layer_dcct_int8_systolic_array_100mhz.prj/_x.hw.xilinx_u280_gen3x16_xdma_1_202211_1/link/vivado/vpl/.local/hw_platform/iprepo/ipdefs/pxi_ii_infra/axis_clk_metadata_adapter_v1_0
WARNING: [IP_Flow 19-1663] Duplicate IP found for 'xilinx.com:ip:clk_metadata_adapter:1.0'. The one found in IP location '/scratch/users/hc676/HeteroCL_Transformer/bert_layer_dcct_int8_systolic_array_100mhz.prj/_x.hw.xilinx_u280_gen3x16_xdma_1_202211_1/link/vivado/vpl/.local/hw_platform/iprepo/ipdefs/other_ipdefs/clk_metadata_adapter_v1_0' will take precedence over the same IP in location /scratch/users/hc676/HeteroCL_Transformer/bert_layer_dcct_int8_systolic_array_100mhz.prj/_x.hw.xilinx_u280_gen3x16_xdma_1_202211_1/link/vivado/vpl/.local/hw_platform/iprepo/ipdefs/pxi_ii_infra/clk_metadata_adapter_v1_0
WARNING: [IP_Flow 19-1663] Duplicate IP found for 'xilinx.com:ip:pipeline_reg:1.0'. The one found in IP location '/scratch/users/hc676/HeteroCL_Transformer/bert_layer_dcct_int8_systolic_array_100mhz.prj/_x.hw.xilinx_u280_gen3x16_xdma_1_202211_1/link/vivado/vpl/.local/hw_platform/iprepo/ipdefs/other_ipdefs/pipeline_reg_v1_0' will take precedence over the same IP in location /scratch/users/hc676/HeteroCL_Transformer/bert_layer_dcct_int8_systolic_array_100mhz.prj/_x.hw.xilinx_u280_gen3x16_xdma_1_202211_1/link/vivado/vpl/.local/hw_platform/iprepo/ipdefs/pxi_ii_infra/pipeline_reg_v1_0
WARNING: [IP_Flow 19-1663] Duplicate IP found for 'xilinx.com:ip:shell_utils_build_info:1.0'. The one found in IP location '/scratch/users/hc676/HeteroCL_Transformer/bert_layer_dcct_int8_systolic_array_100mhz.prj/_x.hw.xilinx_u280_gen3x16_xdma_1_202211_1/link/vivado/vpl/.local/hw_platform/iprepo/ipdefs/other_ipdefs/shell_utils_build_info_v1_0' will take precedence over the same IP in the Xilinx installed IP.
Command: synth_design -top bd_7cf0_bsip_0 -part xcu280-fsvh2892-2L-e -incremental_mode off -mode out_of_context
Starting synth_design
Attempting to get a license for feature 'Synthesis' and/or device 'xcu280'
INFO: [Common 17-349] Got license for feature 'Synthesis' and/or device 'xcu280'
INFO: [Device 21-403] Loading part xcu280-fsvh2892-2L-e
INFO: [Synth 8-7079] Multithreading enabled for synth_design using a maximum of 1 processes.
INFO: [Synth 8-7078] Launching helper process for spawning children vivado processes
INFO: [Synth 8-7075] Helper process launched with PID 13538
WARNING: [Synth 8-9501] generate block is allowed only inside loop and conditional generate in SystemVerilog mode [/opt/xilinx/2022.1/Vivado/2022.1/data/ip/xpm/xpm_fifo/hdl/xpm_fifo.sv:4023]
---------------------------------------------------------------------------------
Starting RTL Elaboration : Time (s): cpu = 00:00:06 ; elapsed = 00:00:06 . Memory (MB): peak = 3812.320 ; gain = 337.672 ; free physical = 8957 ; free virtual = 169481
---------------------------------------------------------------------------------
INFO: [Synth 8-6157] synthesizing module 'bd_7cf0_bsip_0' [/scratch/users/hc676/HeteroCL_Transformer/bert_layer_dcct_int8_systolic_array_100mhz.prj/_x.hw.xilinx_u280_gen3x16_xdma_1_202211_1/link/vivado/vpl/prj/prj.gen/my_rm/bd/ulp/ip/ulp_ulp_cmp_0/bd_1/ip/ip_1/synth/bd_7cf0_bsip_0.v:53]
INFO: [Synth 8-6155] done synthesizing module 'bd_7cf0_bsip_0' (0#1) [/scratch/users/hc676/HeteroCL_Transformer/bert_layer_dcct_int8_systolic_array_100mhz.prj/_x.hw.xilinx_u280_gen3x16_xdma_1_202211_1/link/vivado/vpl/prj/prj.gen/my_rm/bd/ulp/ip/ulp_ulp_cmp_0/bd_1/ip/ip_1/synth/bd_7cf0_bsip_0.v:53]
WARNING: [Synth 8-7129] Port prim_tdo in module bsip_v1_1_0_bsip is either unconnected or has no load
WARNING: [Synth 8-7129] Port prim_drck in module bsip_v1_1_0_bsip is either unconnected or has no load
WARNING: [Synth 8-7129] Port prim_reset in module bsip_v1_1_0_bsip is either unconnected or has no load
WARNING: [Synth 8-7129] Port prim_sel in module bsip_v1_1_0_bsip is either unconnected or has no load
WARNING: [Synth 8-7129] Port prim_capture in module bsip_v1_1_0_bsip is either unconnected or has no load
WARNING: [Synth 8-7129] Port prim_shift in module bsip_v1_1_0_bsip is either unconnected or has no load
WARNING: [Synth 8-7129] Port prim_runtest in module bsip_v1_1_0_bsip is either unconnected or has no load
WARNING: [Synth 8-7129] Port prim_tdi in module bsip_v1_1_0_bsip is either unconnected or has no load
WARNING: [Synth 8-7129] Port prim_tck in module bsip_v1_1_0_bsip is either unconnected or has no load
WARNING: [Synth 8-7129] Port prim_tms in module bsip_v1_1_0_bsip is either unconnected or has no load
WARNING: [Synth 8-7129] Port prim_update in module bsip_v1_1_0_bsip is either unconnected or has no load
---------------------------------------------------------------------------------
Finished RTL Elaboration : Time (s): cpu = 00:00:08 ; elapsed = 00:00:09 . Memory (MB): peak = 3879.262 ; gain = 404.613 ; free physical = 17512 ; free virtual = 178040
---------------------------------------------------------------------------------
---------------------------------------------------------------------------------
Start Handling Custom Attributes
---------------------------------------------------------------------------------
---------------------------------------------------------------------------------
Finished Handling Custom Attributes : Time (s): cpu = 00:00:08 ; elapsed = 00:00:09 . Memory (MB): peak = 3897.070 ; gain = 422.422 ; free physical = 17440 ; free virtual = 177967
---------------------------------------------------------------------------------
---------------------------------------------------------------------------------
Finished RTL Optimization Phase 1 : Time (s): cpu = 00:00:08 ; elapsed = 00:00:09 . Memory (MB): peak = 3897.070 ; gain = 422.422 ; free physical = 17438 ; free virtual = 177966
---------------------------------------------------------------------------------
Netlist sorting complete. Time (s): cpu = 00:00:00.01 ; elapsed = 00:00:00.01 . Memory (MB): peak = 3903.008 ; gain = 0.000 ; free physical = 17418 ; free virtual = 177946
INFO: [Netlist 29-17] Analyzing 1 Unisim elements for replacement
INFO: [Netlist 29-28] Unisim Transformation completed in 0 CPU seconds
INFO: [Project 1-570] Preparing netlist for logic optimization

Processing XDC Constraints
Initializing timing engine
Parsing XDC File [/scratch/users/hc676/HeteroCL_Transformer/bert_layer_dcct_int8_systolic_array_100mhz.prj/_x.hw.xilinx_u280_gen3x16_xdma_1_202211_1/link/vivado/vpl/prj/prj.gen/my_rm/bd/ulp/ip/ulp_ulp_cmp_0/bd_1/ip/ip_1/bd_7cf0_bsip_0_ooc.xdc] for cell 'inst'
create_clock: Time (s): cpu = 00:00:06 ; elapsed = 00:00:06 . Memory (MB): peak = 4007.633 ; gain = 0.000 ; free physical = 17207 ; free virtual = 177741
Finished Parsing XDC File [/scratch/users/hc676/HeteroCL_Transformer/bert_layer_dcct_int8_systolic_array_100mhz.prj/_x.hw.xilinx_u280_gen3x16_xdma_1_202211_1/link/vivado/vpl/prj/prj.gen/my_rm/bd/ulp/ip/ulp_ulp_cmp_0/bd_1/ip/ip_1/bd_7cf0_bsip_0_ooc.xdc] for cell 'inst'
Parsing XDC File [/scratch/users/hc676/HeteroCL_Transformer/bert_layer_dcct_int8_systolic_array_100mhz.prj/_x.hw.xilinx_u280_gen3x16_xdma_1_202211_1/link/vivado/vpl/prj/prj.runs/bd_7cf0_bsip_0_synth_1/dont_touch.xdc]
Finished Parsing XDC File [/scratch/users/hc676/HeteroCL_Transformer/bert_layer_dcct_int8_systolic_array_100mhz.prj/_x.hw.xilinx_u280_gen3x16_xdma_1_202211_1/link/vivado/vpl/prj/prj.runs/bd_7cf0_bsip_0_synth_1/dont_touch.xdc]
Parsing XDC File [/scratch/users/hc676/HeteroCL_Transformer/bert_layer_dcct_int8_systolic_array_100mhz.prj/_x.hw.xilinx_u280_gen3x16_xdma_1_202211_1/link/vivado/vpl/prj/prj.gen/my_rm/bd/ulp/ip/ulp_ulp_cmp_0/bd_1/ip/ip_1/constraints/bsip.xdc] for cell 'inst'
Finished Parsing XDC File [/scratch/users/hc676/HeteroCL_Transformer/bert_layer_dcct_int8_systolic_array_100mhz.prj/_x.hw.xilinx_u280_gen3x16_xdma_1_202211_1/link/vivado/vpl/prj/prj.gen/my_rm/bd/ulp/ip/ulp_ulp_cmp_0/bd_1/ip/ip_1/constraints/bsip.xdc] for cell 'inst'
INFO: [Project 1-236] Implementation specific constraints were found while reading constraint file [/scratch/users/hc676/HeteroCL_Transformer/bert_layer_dcct_int8_systolic_array_100mhz.prj/_x.hw.xilinx_u280_gen3x16_xdma_1_202211_1/link/vivado/vpl/prj/prj.gen/my_rm/bd/ulp/ip/ulp_ulp_cmp_0/bd_1/ip/ip_1/constraints/bsip.xdc]. These constraints will be ignored for synthesis but will be used in implementation. Impacted constraints are listed in the file [.Xil/bd_7cf0_bsip_0_propImpl.xdc].
Resolution: To avoid this warning, move constraints listed in [.Xil/bd_7cf0_bsip_0_propImpl.xdc] to another XDC file and exclude this new file from synthesis with the used_in_synthesis property (File Properties dialog in GUI) and re-run elaboration/synthesis.
Completed Processing XDC Constraints

Netlist sorting complete. Time (s): cpu = 00:00:00 ; elapsed = 00:00:00 . Memory (MB): peak = 4007.633 ; gain = 0.000 ; free physical = 17219 ; free virtual = 177753
INFO: [Project 1-111] Unisim Transformation Summary:
  A total of 1 instances were transformed.
  BUFG => BUFGCE: 1 instance 

Constraint Validation Runtime : Time (s): cpu = 00:00:00.01 ; elapsed = 00:00:00.01 . Memory (MB): peak = 4007.637 ; gain = 0.004 ; free physical = 17246 ; free virtual = 177780
INFO: [Designutils 20-5008] Incremental synthesis strategy off
---------------------------------------------------------------------------------
Finished Constraint Validation : Time (s): cpu = 00:00:22 ; elapsed = 00:00:24 . Memory (MB): peak = 4007.637 ; gain = 532.988 ; free physical = 17212 ; free virtual = 177753
---------------------------------------------------------------------------------
---------------------------------------------------------------------------------
Start Loading Part and Timing Information
---------------------------------------------------------------------------------
Loading part: xcu280-fsvh2892-2L-e
INFO: [Synth 8-6742] Reading net delay rules and data
---------------------------------------------------------------------------------
Finished Loading Part and Timing Information : Time (s): cpu = 00:00:22 ; elapsed = 00:00:24 . Memory (MB): peak = 4007.637 ; gain = 532.988 ; free physical = 17210 ; free virtual = 177751
---------------------------------------------------------------------------------
---------------------------------------------------------------------------------
Start Applying 'set_property' XDC Constraints
---------------------------------------------------------------------------------
Applied set_property KEEP_HIERARCHY = SOFT for inst. (constraint file  /scratch/users/hc676/HeteroCL_Transformer/bert_layer_dcct_int8_systolic_array_100mhz.prj/_x.hw.xilinx_u280_gen3x16_xdma_1_202211_1/link/vivado/vpl/prj/prj.runs/bd_7cf0_bsip_0_synth_1/dont_touch.xdc, line 6).
---------------------------------------------------------------------------------
Finished applying 'set_property' XDC Constraints : Time (s): cpu = 00:00:22 ; elapsed = 00:00:24 . Memory (MB): peak = 4007.637 ; gain = 532.988 ; free physical = 17205 ; free virtual = 177748
---------------------------------------------------------------------------------
INFO: [Synth 8-802] inferred FSM for state register 'current_state_reg' in module 'bsip_v1_1_0_jtag_tapctl'
INFO: [Synth 8-6159] Found Keep on FSM register 'current_state_reg' in module 'bsip_v1_1_0_jtag_tapctl', re-encoding will not be performed
---------------------------------------------------------------------------------------------------
                   State |                     New Encoding |                Previous Encoding 
---------------------------------------------------------------------------------------------------
                  tlr_st |                             1111 |                             1111
                  rti_st |                             1100 |                             1100
                seldr_st |                             0111 |                             0111
                selir_st |                             0100 |                             0100
                capir_st |                             1110 |                             1110
                 shir_st |                             1010 |                             1010
                ex1ir_st |                             1001 |                             1001
                  pir_st |                             1011 |                             1011
                ex2ir_st |                             1000 |                             1000
                  uir_st |                             1101 |                             1101
                capdr_st |                             0110 |                             0110
                 shdr_st |                             0010 |                             0010
                ex1dr_st |                             0001 |                             0001
                  pdr_st |                             0011 |                             0011
                ex2dr_st |                             0000 |                             0000
                  udr_st |                             0101 |                             0101
---------------------------------------------------------------------------------------------------
---------------------------------------------------------------------------------
Finished RTL Optimization Phase 2 : Time (s): cpu = 00:00:23 ; elapsed = 00:00:25 . Memory (MB): peak = 4007.637 ; gain = 532.988 ; free physical = 17080 ; free virtual = 177626
---------------------------------------------------------------------------------
---------------------------------------------------------------------------------
Start RTL Component Statistics 
---------------------------------------------------------------------------------
Detailed RTL Component Info : 
+---Registers : 
	               32 Bit    Registers := 2     
	                6 Bit    Registers := 2     
	                1 Bit    Registers := 13    
+---Muxes : 
	   2 Input   32 Bit        Muxes := 1     
	   2 Input    6 Bit        Muxes := 1     
	  16 Input    4 Bit        Muxes := 1     
	   2 Input    4 Bit        Muxes := 23    
	   2 Input    3 Bit        Muxes := 9     
	   2 Input    2 Bit        Muxes := 8     
	   3 Input    2 Bit        Muxes := 1     
	   2 Input    1 Bit        Muxes := 14    
	   3 Input    1 Bit        Muxes := 1     
---------------------------------------------------------------------------------
Finished RTL Component Statistics 
---------------------------------------------------------------------------------
---------------------------------------------------------------------------------
Start Part Resource Summary
---------------------------------------------------------------------------------
Part Resources:
DSPs: 9024 (col length:94)
BRAMs: 4032 (col length: RAMB18 288 RAMB36 144)
---------------------------------------------------------------------------------
Finished Part Resource Summary
---------------------------------------------------------------------------------
---------------------------------------------------------------------------------
Start Cross Boundary and Area Optimization
---------------------------------------------------------------------------------
WARNING: [Synth 8-7080] Parallel synthesis criteria is not met
WARNING: [Synth 8-7129] Port prim_tdo in module bsip_v1_1_0_bsip is either unconnected or has no load
WARNING: [Synth 8-7129] Port prim_drck in module bsip_v1_1_0_bsip is either unconnected or has no load
WARNING: [Synth 8-7129] Port prim_reset in module bsip_v1_1_0_bsip is either unconnected or has no load
WARNING: [Synth 8-7129] Port prim_sel in module bsip_v1_1_0_bsip is either unconnected or has no load
WARNING: [Synth 8-7129] Port prim_capture in module bsip_v1_1_0_bsip is either unconnected or has no load
WARNING: [Synth 8-7129] Port prim_shift in module bsip_v1_1_0_bsip is either unconnected or has no load
WARNING: [Synth 8-7129] Port prim_runtest in module bsip_v1_1_0_bsip is either unconnected or has no load
WARNING: [Synth 8-7129] Port prim_tdi in module bsip_v1_1_0_bsip is either unconnected or has no load
WARNING: [Synth 8-7129] Port prim_tck in module bsip_v1_1_0_bsip is either unconnected or has no load
WARNING: [Synth 8-7129] Port prim_tms in module bsip_v1_1_0_bsip is either unconnected or has no load
WARNING: [Synth 8-7129] Port prim_update in module bsip_v1_1_0_bsip is either unconnected or has no load
---------------------------------------------------------------------------------
Finished Cross Boundary and Area Optimization : Time (s): cpu = 00:00:24 ; elapsed = 00:00:27 . Memory (MB): peak = 4007.637 ; gain = 532.988 ; free physical = 17009 ; free virtual = 177574
---------------------------------------------------------------------------------
---------------------------------------------------------------------------------
Start Applying XDC Timing Constraints
---------------------------------------------------------------------------------
---------------------------------------------------------------------------------
Finished Applying XDC Timing Constraints : Time (s): cpu = 00:00:38 ; elapsed = 00:00:45 . Memory (MB): peak = 4275.957 ; gain = 801.309 ; free physical = 14240 ; free virtual = 174812
---------------------------------------------------------------------------------
---------------------------------------------------------------------------------
Start Timing Optimization
---------------------------------------------------------------------------------
---------------------------------------------------------------------------------
Finished Timing Optimization : Time (s): cpu = 00:00:38 ; elapsed = 00:00:45 . Memory (MB): peak = 4276.949 ; gain = 802.301 ; free physical = 14229 ; free virtual = 174801
---------------------------------------------------------------------------------
---------------------------------------------------------------------------------
Start Technology Mapping
---------------------------------------------------------------------------------
---------------------------------------------------------------------------------
Finished Technology Mapping : Time (s): cpu = 00:00:38 ; elapsed = 00:00:45 . Memory (MB): peak = 4304.996 ; gain = 830.348 ; free physical = 14179 ; free virtual = 174751
---------------------------------------------------------------------------------
---------------------------------------------------------------------------------
Start IO Insertion
---------------------------------------------------------------------------------
---------------------------------------------------------------------------------
Start Flattening Before IO Insertion
---------------------------------------------------------------------------------
---------------------------------------------------------------------------------
Finished Flattening Before IO Insertion
---------------------------------------------------------------------------------
---------------------------------------------------------------------------------
Start Final Netlist Cleanup
---------------------------------------------------------------------------------
---------------------------------------------------------------------------------
Finished Final Netlist Cleanup
---------------------------------------------------------------------------------
---------------------------------------------------------------------------------
Finished IO Insertion : Time (s): cpu = 00:00:43 ; elapsed = 00:00:50 . Memory (MB): peak = 4305.000 ; gain = 830.352 ; free physical = 13826 ; free virtual = 174393
---------------------------------------------------------------------------------
---------------------------------------------------------------------------------
Start Renaming Generated Instances
---------------------------------------------------------------------------------
---------------------------------------------------------------------------------
Finished Renaming Generated Instances : Time (s): cpu = 00:00:43 ; elapsed = 00:00:50 . Memory (MB): peak = 4305.000 ; gain = 830.352 ; free physical = 13830 ; free virtual = 174397
---------------------------------------------------------------------------------
---------------------------------------------------------------------------------
Start Rebuilding User Hierarchy
---------------------------------------------------------------------------------
---------------------------------------------------------------------------------
Finished Rebuilding User Hierarchy : Time (s): cpu = 00:00:43 ; elapsed = 00:00:50 . Memory (MB): peak = 4305.000 ; gain = 830.352 ; free physical = 13909 ; free virtual = 174476
---------------------------------------------------------------------------------
---------------------------------------------------------------------------------
Start Renaming Generated Ports
---------------------------------------------------------------------------------
---------------------------------------------------------------------------------
Finished Renaming Generated Ports : Time (s): cpu = 00:00:43 ; elapsed = 00:00:50 . Memory (MB): peak = 4305.000 ; gain = 830.352 ; free physical = 13917 ; free virtual = 174484
---------------------------------------------------------------------------------
---------------------------------------------------------------------------------
Start Handling Custom Attributes
---------------------------------------------------------------------------------
---------------------------------------------------------------------------------
Finished Handling Custom Attributes : Time (s): cpu = 00:00:43 ; elapsed = 00:00:50 . Memory (MB): peak = 4305.000 ; gain = 830.352 ; free physical = 13917 ; free virtual = 174484
---------------------------------------------------------------------------------
---------------------------------------------------------------------------------
Start Renaming Generated Nets
---------------------------------------------------------------------------------
---------------------------------------------------------------------------------
Finished Renaming Generated Nets : Time (s): cpu = 00:00:43 ; elapsed = 00:00:50 . Memory (MB): peak = 4305.000 ; gain = 830.352 ; free physical = 13922 ; free virtual = 174490
---------------------------------------------------------------------------------
---------------------------------------------------------------------------------
Start Writing Synthesis Report
---------------------------------------------------------------------------------

Report BlackBoxes: 
+-+--------------+----------+
| |BlackBox name |Instances |
+-+--------------+----------+
+-+--------------+----------+

Report Cell Usage: 
+------+-----+------+
|      |Cell |Count |
+------+-----+------+
|1     |BUFG |     1|
|2     |LUT2 |     4|
|3     |LUT3 |     7|
|4     |LUT4 |    11|
|5     |LUT5 |     4|
|6     |LUT6 |     3|
|7     |FDCE |     5|
|8     |FDPE |     2|
|9     |FDRE |    43|
|10    |FDSE |     8|
+------+-----+------+
---------------------------------------------------------------------------------
Finished Writing Synthesis Report : Time (s): cpu = 00:00:43 ; elapsed = 00:00:50 . Memory (MB): peak = 4305.000 ; gain = 830.352 ; free physical = 13922 ; free virtual = 174490
---------------------------------------------------------------------------------
Synthesis finished with 0 errors, 0 critical warnings and 12 warnings.
Synthesis Optimization Runtime : Time (s): cpu = 00:00:35 ; elapsed = 00:00:41 . Memory (MB): peak = 4305.000 ; gain = 719.785 ; free physical = 13971 ; free virtual = 174538
Synthesis Optimization Complete : Time (s): cpu = 00:00:44 ; elapsed = 00:00:50 . Memory (MB): peak = 4305.004 ; gain = 830.352 ; free physical = 13971 ; free virtual = 174538
INFO: [Project 1-571] Translating synthesized netlist
Netlist sorting complete. Time (s): cpu = 00:00:00.01 ; elapsed = 00:00:00 . Memory (MB): peak = 4305.004 ; gain = 0.000 ; free physical = 13947 ; free virtual = 174514
INFO: [Netlist 29-17] Analyzing 1 Unisim elements for replacement
INFO: [Netlist 29-28] Unisim Transformation completed in 0 CPU seconds
INFO: [Project 1-570] Preparing netlist for logic optimization
INFO: [Opt 31-138] Pushed 0 inverter(s) to 0 load pin(s).
Netlist sorting complete. Time (s): cpu = 00:00:00 ; elapsed = 00:00:00 . Memory (MB): peak = 4379.352 ; gain = 0.000 ; free physical = 14002 ; free virtual = 174564
INFO: [Project 1-111] Unisim Transformation Summary:
  A total of 1 instances were transformed.
  BUFG => BUFGCE: 1 instance 

Synth Design complete, checksum: 193b0b1b
INFO: [Common 17-83] Releasing license: Synthesis
29 Infos, 29 Warnings, 0 Critical Warnings and 0 Errors encountered.
synth_design completed successfully
synth_design: Time (s): cpu = 00:01:02 ; elapsed = 00:01:06 . Memory (MB): peak = 4379.352 ; gain = 1347.281 ; free physical = 14485 ; free virtual = 175048
INFO: [Common 17-600] The following parameters have non-default value.
general.maxThreads
INFO: [Common 17-1381] The checkpoint '/scratch/users/hc676/HeteroCL_Transformer/bert_layer_dcct_int8_systolic_array_100mhz.prj/_x.hw.xilinx_u280_gen3x16_xdma_1_202211_1/link/vivado/vpl/prj/prj.runs/bd_7cf0_bsip_0_synth_1/bd_7cf0_bsip_0.dcp' has been generated.
INFO: [Coretcl 2-1648] Added synthesis output to IP cache for IP bd_7cf0_bsip_0, cache-ID = 6a8fee5feb09e852
INFO: [Coretcl 2-1174] Renamed 7 cell refs.
INFO: [Common 17-1381] The checkpoint '/scratch/users/hc676/HeteroCL_Transformer/bert_layer_dcct_int8_systolic_array_100mhz.prj/_x.hw.xilinx_u280_gen3x16_xdma_1_202211_1/link/vivado/vpl/prj/prj.runs/bd_7cf0_bsip_0_synth_1/bd_7cf0_bsip_0.dcp' has been generated.
INFO: [runtcl-4] Executing : report_utilization -file bd_7cf0_bsip_0_utilization_synth.rpt -pb bd_7cf0_bsip_0_utilization_synth.pb
INFO: [Common 17-206] Exiting Vivado at Thu Sep  7 12:55:12 2023...
