
*** Running vivado
    with args -log bd_85ad_init_reduce_0.vds -m64 -product Vivado -mode batch -messageDb vivado.pb -notrace -source bd_85ad_init_reduce_0.tcl


****** Vivado v2022.1.2 (64-bit)
  **** SW Build 3605665 on Fri Aug  5 22:52:02 MDT 2022
  **** IP Build 3603185 on Sat Aug  6 04:07:44 MDT 2022
    ** Copyright 1986-2022 Xilinx, Inc. All Rights Reserved.

source bd_85ad_init_reduce_0.tcl -notrace
INFO: Dispatch client connection id - 38839
INFO: [IP_Flow 19-234] Refreshing IP repositories
INFO: [IP_Flow 19-1700] Loaded user IP repository '/scratch/users/hc676/HeteroCL_Transformer/bert_layer_dcct_int8_systolic_array_100mhz.prj/_x.hw.xilinx_u280_gen3x16_xdma_1_202211_1/link/int/xo/ip_repo/xilinx_com_hls_Bert_layer_1_0'.
INFO: [IP_Flow 19-1700] Loaded user IP repository '/scratch/users/hc676/HeteroCL_Transformer/bert_layer_dcct_int8_systolic_array_100mhz.prj/_x.hw.xilinx_u280_gen3x16_xdma_1_202211_1/link/vivado/vpl/.local/hw_platform/iprepo'.
INFO: [IP_Flow 19-1700] Loaded user IP repository '/scratch/users/hc676/HeteroCL_Transformer/bert_layer_dcct_int8_systolic_array_100mhz.prj/_x.hw.xilinx_u280_gen3x16_xdma_1_202211_1/link/vivado/vpl/.local/hw_platform/ipcache'.
INFO: [IP_Flow 19-1700] Loaded user IP repository '/opt/xilinx/2022.1/Vitis/2022.1/data/ip'.
INFO: [IP_Flow 19-2313] Loaded Vivado IP repository '/opt/xilinx/2022.1/Vivado/2022.1/data/ip'.
WARNING: [IP_Flow 19-1663] Duplicate IP found for 'xilinx.com:ip:axi_clk_metadata_adapter:1.0'. The one found in IP location '/scratch/users/hc676/HeteroCL_Transformer/bert_layer_dcct_int8_systolic_array_100mhz.prj/_x.hw.xilinx_u280_gen3x16_xdma_1_202211_1/link/vivado/vpl/.local/hw_platform/iprepo/ipdefs/other_ipdefs/axi_clk_metadata_adapter_v1_0' will take precedence over the same IP in location /scratch/users/hc676/HeteroCL_Transformer/bert_layer_dcct_int8_systolic_array_100mhz.prj/_x.hw.xilinx_u280_gen3x16_xdma_1_202211_1/link/vivado/vpl/.local/hw_platform/iprepo/ipdefs/pxi_ii_infra/axi_clk_metadata_adapter_v1_0
WARNING: [IP_Flow 19-1663] Duplicate IP found for 'xilinx.com:ip:axis_clk_metadata_adapter:1.0'. The one found in IP location '/scratch/users/hc676/HeteroCL_Transformer/bert_layer_dcct_int8_systolic_array_100mhz.prj/_x.hw.xilinx_u280_gen3x16_xdma_1_202211_1/link/vivado/vpl/.local/hw_platform/iprepo/ipdefs/other_ipdefs/axis_clk_metadata_adapter_v1_0' will take precedence over the same IP in location /scratch/users/hc676/HeteroCL_Transformer/bert_layer_dcct_int8_systolic_array_100mhz.prj/_x.hw.xilinx_u280_gen3x16_xdma_1_202211_1/link/vivado/vpl/.local/hw_platform/iprepo/ipdefs/pxi_ii_infra/axis_clk_metadata_adapter_v1_0
WARNING: [IP_Flow 19-1663] Duplicate IP found for 'xilinx.com:ip:clk_metadata_adapter:1.0'. The one found in IP location '/scratch/users/hc676/HeteroCL_Transformer/bert_layer_dcct_int8_systolic_array_100mhz.prj/_x.hw.xilinx_u280_gen3x16_xdma_1_202211_1/link/vivado/vpl/.local/hw_platform/iprepo/ipdefs/other_ipdefs/clk_metadata_adapter_v1_0' will take precedence over the same IP in location /scratch/users/hc676/HeteroCL_Transformer/bert_layer_dcct_int8_systolic_array_100mhz.prj/_x.hw.xilinx_u280_gen3x16_xdma_1_202211_1/link/vivado/vpl/.local/hw_platform/iprepo/ipdefs/pxi_ii_infra/clk_metadata_adapter_v1_0
WARNING: [IP_Flow 19-1663] Duplicate IP found for 'xilinx.com:ip:pipeline_reg:1.0'. The one found in IP location '/scratch/users/hc676/HeteroCL_Transformer/bert_layer_dcct_int8_systolic_array_100mhz.prj/_x.hw.xilinx_u280_gen3x16_xdma_1_202211_1/link/vivado/vpl/.local/hw_platform/iprepo/ipdefs/other_ipdefs/pipeline_reg_v1_0' will take precedence over the same IP in location /scratch/users/hc676/HeteroCL_Transformer/bert_layer_dcct_int8_systolic_array_100mhz.prj/_x.hw.xilinx_u280_gen3x16_xdma_1_202211_1/link/vivado/vpl/.local/hw_platform/iprepo/ipdefs/pxi_ii_infra/pipeline_reg_v1_0
WARNING: [IP_Flow 19-1663] Duplicate IP found for 'xilinx.com:ip:shell_utils_build_info:1.0'. The one found in IP location '/scratch/users/hc676/HeteroCL_Transformer/bert_layer_dcct_int8_systolic_array_100mhz.prj/_x.hw.xilinx_u280_gen3x16_xdma_1_202211_1/link/vivado/vpl/.local/hw_platform/iprepo/ipdefs/other_ipdefs/shell_utils_build_info_v1_0' will take precedence over the same IP in the Xilinx installed IP.
Command: synth_design -top bd_85ad_init_reduce_0 -part xcu280-fsvh2892-2L-e -incremental_mode off -mode out_of_context
Starting synth_design
Attempting to get a license for feature 'Synthesis' and/or device 'xcu280'
INFO: [Common 17-349] Got license for feature 'Synthesis' and/or device 'xcu280'
INFO: [Device 21-403] Loading part xcu280-fsvh2892-2L-e
INFO: [Synth 8-7079] Multithreading enabled for synth_design using a maximum of 1 processes.
INFO: [Synth 8-7078] Launching helper process for spawning children vivado processes
INFO: [Synth 8-7075] Helper process launched with PID 23902
WARNING: [Synth 8-9501] generate block is allowed only inside loop and conditional generate in SystemVerilog mode [/opt/xilinx/2022.1/Vivado/2022.1/data/ip/xpm/xpm_fifo/hdl/xpm_fifo.sv:4023]
---------------------------------------------------------------------------------
Starting RTL Elaboration : Time (s): cpu = 00:00:05 ; elapsed = 00:00:06 . Memory (MB): peak = 3811.094 ; gain = 338.668 ; free physical = 18323 ; free virtual = 178913
---------------------------------------------------------------------------------
INFO: [Synth 8-6157] synthesizing module 'bd_85ad_init_reduce_0' [/scratch/users/hc676/HeteroCL_Transformer/bert_layer_dcct_int8_systolic_array_100mhz.prj/_x.hw.xilinx_u280_gen3x16_xdma_1_202211_1/link/vivado/vpl/prj/prj.gen/my_rm/bd/ulp/ip/ulp_hmss_0_0/bd_0/ip/ip_11/synth/bd_85ad_init_reduce_0.v:53]
INFO: [Synth 8-6157] synthesizing module 'util_reduced_logic_v2_0_4_util_reduced_logic' [/scratch/users/hc676/HeteroCL_Transformer/bert_layer_dcct_int8_systolic_array_100mhz.prj/_x.hw.xilinx_u280_gen3x16_xdma_1_202211_1/link/vivado/vpl/prj/prj.gen/my_rm/bd/ulp/ipshared/4c94/hdl/util_reduced_logic_v2_0_vl_rfs.v:73]
INFO: [Synth 8-6155] done synthesizing module 'util_reduced_logic_v2_0_4_util_reduced_logic' (0#1) [/scratch/users/hc676/HeteroCL_Transformer/bert_layer_dcct_int8_systolic_array_100mhz.prj/_x.hw.xilinx_u280_gen3x16_xdma_1_202211_1/link/vivado/vpl/prj/prj.gen/my_rm/bd/ulp/ipshared/4c94/hdl/util_reduced_logic_v2_0_vl_rfs.v:73]
INFO: [Synth 8-6155] done synthesizing module 'bd_85ad_init_reduce_0' (0#1) [/scratch/users/hc676/HeteroCL_Transformer/bert_layer_dcct_int8_systolic_array_100mhz.prj/_x.hw.xilinx_u280_gen3x16_xdma_1_202211_1/link/vivado/vpl/prj/prj.gen/my_rm/bd/ulp/ip/ulp_hmss_0_0/bd_0/ip/ip_11/synth/bd_85ad_init_reduce_0.v:53]
---------------------------------------------------------------------------------
Finished RTL Elaboration : Time (s): cpu = 00:00:07 ; elapsed = 00:00:08 . Memory (MB): peak = 3875.039 ; gain = 402.613 ; free physical = 20238 ; free virtual = 180831
---------------------------------------------------------------------------------
---------------------------------------------------------------------------------
Start Handling Custom Attributes
---------------------------------------------------------------------------------
---------------------------------------------------------------------------------
Finished Handling Custom Attributes : Time (s): cpu = 00:00:07 ; elapsed = 00:00:08 . Memory (MB): peak = 3892.848 ; gain = 420.422 ; free physical = 20158 ; free virtual = 180751
---------------------------------------------------------------------------------
---------------------------------------------------------------------------------
Finished RTL Optimization Phase 1 : Time (s): cpu = 00:00:07 ; elapsed = 00:00:08 . Memory (MB): peak = 3892.848 ; gain = 420.422 ; free physical = 20157 ; free virtual = 180751
---------------------------------------------------------------------------------
Netlist sorting complete. Time (s): cpu = 00:00:00 ; elapsed = 00:00:00 . Memory (MB): peak = 3892.848 ; gain = 0.000 ; free physical = 20149 ; free virtual = 180743
INFO: [Project 1-570] Preparing netlist for logic optimization

Processing XDC Constraints
Initializing timing engine
Completed Processing XDC Constraints

Netlist sorting complete. Time (s): cpu = 00:00:00 ; elapsed = 00:00:00.01 . Memory (MB): peak = 3924.570 ; gain = 0.000 ; free physical = 18810 ; free virtual = 179424
INFO: [Project 1-111] Unisim Transformation Summary:
No Unisim elements were transformed.

Constraint Validation Runtime : Time (s): cpu = 00:00:00.01 ; elapsed = 00:00:00.02 . Memory (MB): peak = 3937.441 ; gain = 12.871 ; free physical = 18805 ; free virtual = 179419
INFO: [Designutils 20-5008] Incremental synthesis strategy off
---------------------------------------------------------------------------------
Finished Constraint Validation : Time (s): cpu = 00:00:16 ; elapsed = 00:00:17 . Memory (MB): peak = 3937.445 ; gain = 465.020 ; free physical = 18665 ; free virtual = 179257
---------------------------------------------------------------------------------
---------------------------------------------------------------------------------
Start Loading Part and Timing Information
---------------------------------------------------------------------------------
Loading part: xcu280-fsvh2892-2L-e
INFO: [Synth 8-6742] Reading net delay rules and data
---------------------------------------------------------------------------------
Finished Loading Part and Timing Information : Time (s): cpu = 00:00:16 ; elapsed = 00:00:17 . Memory (MB): peak = 3937.445 ; gain = 465.020 ; free physical = 18666 ; free virtual = 179257
---------------------------------------------------------------------------------
---------------------------------------------------------------------------------
Start Applying 'set_property' XDC Constraints
---------------------------------------------------------------------------------
---------------------------------------------------------------------------------
Finished applying 'set_property' XDC Constraints : Time (s): cpu = 00:00:16 ; elapsed = 00:00:17 . Memory (MB): peak = 3937.445 ; gain = 465.020 ; free physical = 18665 ; free virtual = 179256
---------------------------------------------------------------------------------
---------------------------------------------------------------------------------
Finished RTL Optimization Phase 2 : Time (s): cpu = 00:00:16 ; elapsed = 00:00:18 . Memory (MB): peak = 3937.445 ; gain = 465.020 ; free physical = 18629 ; free virtual = 179222
---------------------------------------------------------------------------------
---------------------------------------------------------------------------------
Start RTL Component Statistics 
---------------------------------------------------------------------------------
Detailed RTL Component Info : 
---------------------------------------------------------------------------------
Finished RTL Component Statistics 
---------------------------------------------------------------------------------
---------------------------------------------------------------------------------
Start Part Resource Summary
---------------------------------------------------------------------------------
Part Resources:
DSPs: 9024 (col length:94)
BRAMs: 4032 (col length: RAMB18 288 RAMB36 144)
---------------------------------------------------------------------------------
Finished Part Resource Summary
---------------------------------------------------------------------------------
---------------------------------------------------------------------------------
Start Cross Boundary and Area Optimization
---------------------------------------------------------------------------------
WARNING: [Synth 8-7080] Parallel synthesis criteria is not met
WARNING: [Synth 8-3330] design bd_85ad_init_reduce_0 has an empty top module
---------------------------------------------------------------------------------
Finished Cross Boundary and Area Optimization : Time (s): cpu = 00:00:17 ; elapsed = 00:00:19 . Memory (MB): peak = 3937.445 ; gain = 465.020 ; free physical = 18447 ; free virtual = 179039
---------------------------------------------------------------------------------
---------------------------------------------------------------------------------
Start Applying XDC Timing Constraints
---------------------------------------------------------------------------------
---------------------------------------------------------------------------------
Finished Applying XDC Timing Constraints : Time (s): cpu = 00:00:31 ; elapsed = 00:00:37 . Memory (MB): peak = 4261.453 ; gain = 789.027 ; free physical = 17821 ; free virtual = 178427
---------------------------------------------------------------------------------
---------------------------------------------------------------------------------
Start Timing Optimization
---------------------------------------------------------------------------------
---------------------------------------------------------------------------------
Finished Timing Optimization : Time (s): cpu = 00:00:31 ; elapsed = 00:00:37 . Memory (MB): peak = 4261.453 ; gain = 789.027 ; free physical = 17821 ; free virtual = 178426
---------------------------------------------------------------------------------
---------------------------------------------------------------------------------
Start Technology Mapping
---------------------------------------------------------------------------------
---------------------------------------------------------------------------------
Finished Technology Mapping : Time (s): cpu = 00:00:31 ; elapsed = 00:00:37 . Memory (MB): peak = 4280.477 ; gain = 808.051 ; free physical = 17816 ; free virtual = 178421
---------------------------------------------------------------------------------
---------------------------------------------------------------------------------
Start IO Insertion
---------------------------------------------------------------------------------
---------------------------------------------------------------------------------
Start Flattening Before IO Insertion
---------------------------------------------------------------------------------
---------------------------------------------------------------------------------
Finished Flattening Before IO Insertion
---------------------------------------------------------------------------------
---------------------------------------------------------------------------------
Start Final Netlist Cleanup
---------------------------------------------------------------------------------
---------------------------------------------------------------------------------
Finished Final Netlist Cleanup
---------------------------------------------------------------------------------
---------------------------------------------------------------------------------
Finished IO Insertion : Time (s): cpu = 00:00:36 ; elapsed = 00:00:42 . Memory (MB): peak = 4286.418 ; gain = 813.992 ; free physical = 19289 ; free virtual = 179898
---------------------------------------------------------------------------------
---------------------------------------------------------------------------------
Start Renaming Generated Instances
---------------------------------------------------------------------------------
---------------------------------------------------------------------------------
Finished Renaming Generated Instances : Time (s): cpu = 00:00:36 ; elapsed = 00:00:42 . Memory (MB): peak = 4286.418 ; gain = 813.992 ; free physical = 19288 ; free virtual = 179897
---------------------------------------------------------------------------------
---------------------------------------------------------------------------------
Start Rebuilding User Hierarchy
---------------------------------------------------------------------------------
---------------------------------------------------------------------------------
Finished Rebuilding User Hierarchy : Time (s): cpu = 00:00:36 ; elapsed = 00:00:42 . Memory (MB): peak = 4286.418 ; gain = 813.992 ; free physical = 19288 ; free virtual = 179897
---------------------------------------------------------------------------------
---------------------------------------------------------------------------------
Start Renaming Generated Ports
---------------------------------------------------------------------------------
---------------------------------------------------------------------------------
Finished Renaming Generated Ports : Time (s): cpu = 00:00:36 ; elapsed = 00:00:42 . Memory (MB): peak = 4286.418 ; gain = 813.992 ; free physical = 19287 ; free virtual = 179896
---------------------------------------------------------------------------------
---------------------------------------------------------------------------------
Start Handling Custom Attributes
---------------------------------------------------------------------------------
---------------------------------------------------------------------------------
Finished Handling Custom Attributes : Time (s): cpu = 00:00:36 ; elapsed = 00:00:42 . Memory (MB): peak = 4286.418 ; gain = 813.992 ; free physical = 19287 ; free virtual = 179896
---------------------------------------------------------------------------------
---------------------------------------------------------------------------------
Start Renaming Generated Nets
---------------------------------------------------------------------------------
---------------------------------------------------------------------------------
Finished Renaming Generated Nets : Time (s): cpu = 00:00:36 ; elapsed = 00:00:42 . Memory (MB): peak = 4286.418 ; gain = 813.992 ; free physical = 19286 ; free virtual = 179895
---------------------------------------------------------------------------------
---------------------------------------------------------------------------------
Start Writing Synthesis Report
---------------------------------------------------------------------------------

Report BlackBoxes: 
+-+--------------+----------+
| |BlackBox name |Instances |
+-+--------------+----------+
+-+--------------+----------+

Report Cell Usage: 
+-+-----+------+
| |Cell |Count |
+-+-----+------+
+-+-----+------+
---------------------------------------------------------------------------------
Finished Writing Synthesis Report : Time (s): cpu = 00:00:36 ; elapsed = 00:00:42 . Memory (MB): peak = 4286.418 ; gain = 813.992 ; free physical = 19286 ; free virtual = 179895
---------------------------------------------------------------------------------
Synthesis finished with 0 errors, 0 critical warnings and 2 warnings.
Synthesis Optimization Runtime : Time (s): cpu = 00:00:34 ; elapsed = 00:00:39 . Memory (MB): peak = 4286.418 ; gain = 769.395 ; free physical = 19303 ; free virtual = 179913
Synthesis Optimization Complete : Time (s): cpu = 00:00:36 ; elapsed = 00:00:42 . Memory (MB): peak = 4286.422 ; gain = 813.992 ; free physical = 19302 ; free virtual = 179911
INFO: [Project 1-571] Translating synthesized netlist
Netlist sorting complete. Time (s): cpu = 00:00:00 ; elapsed = 00:00:00 . Memory (MB): peak = 4286.422 ; gain = 0.000 ; free physical = 19307 ; free virtual = 179916
INFO: [Project 1-570] Preparing netlist for logic optimization
INFO: [Opt 31-138] Pushed 0 inverter(s) to 0 load pin(s).
Netlist sorting complete. Time (s): cpu = 00:00:00 ; elapsed = 00:00:00 . Memory (MB): peak = 4360.738 ; gain = 0.000 ; free physical = 19138 ; free virtual = 179747
INFO: [Project 1-111] Unisim Transformation Summary:
No Unisim elements were transformed.

Synth Design complete, checksum: 9eb41e0
INFO: [Common 17-83] Releasing license: Synthesis
24 Infos, 8 Warnings, 0 Critical Warnings and 0 Errors encountered.
synth_design completed successfully
synth_design: Time (s): cpu = 00:00:54 ; elapsed = 00:00:57 . Memory (MB): peak = 4360.738 ; gain = 1305.891 ; free physical = 19253 ; free virtual = 179883
INFO: [Common 17-600] The following parameters have non-default value.
general.maxThreads
INFO: [Common 17-1381] The checkpoint '/scratch/users/hc676/HeteroCL_Transformer/bert_layer_dcct_int8_systolic_array_100mhz.prj/_x.hw.xilinx_u280_gen3x16_xdma_1_202211_1/link/vivado/vpl/prj/prj.runs/bd_85ad_init_reduce_0_synth_1/bd_85ad_init_reduce_0.dcp' has been generated.
INFO: [Coretcl 2-1648] Added synthesis output to IP cache for IP bd_85ad_init_reduce_0, cache-ID = 7b23e8c537e5696c
INFO: [Common 17-1381] The checkpoint '/scratch/users/hc676/HeteroCL_Transformer/bert_layer_dcct_int8_systolic_array_100mhz.prj/_x.hw.xilinx_u280_gen3x16_xdma_1_202211_1/link/vivado/vpl/prj/prj.runs/bd_85ad_init_reduce_0_synth_1/bd_85ad_init_reduce_0.dcp' has been generated.
INFO: [runtcl-4] Executing : report_utilization -file bd_85ad_init_reduce_0_utilization_synth.rpt -pb bd_85ad_init_reduce_0_utilization_synth.pb
INFO: [Common 17-206] Exiting Vivado at Thu Sep  7 12:58:16 2023...
