

================================================================
== Vitis HLS Report for 'dataflow_in_loop_VITIS_LOOP_21_1'
================================================================
* Date:           Wed Sep 13 07:01:17 2023

* Version:        2022.1.2 (Build 3605665 on Fri Aug  5 22:52:02 MDT 2022)
* Project:        out_test.prj
* Solution:       solution1 (Vivado IP Flow Target)
* Product family: virtexuplus
* Target device:  xcu280-fsvh2892-2L-e


================================================================
== Performance Estimates
================================================================
+ Timing: 
    * Summary: 
    +--------+---------+----------+------------+
    |  Clock |  Target | Estimated| Uncertainty|
    +--------+---------+----------+------------+
    |ap_clk  |  3.33 ns|  2.431 ns|     0.90 ns|
    +--------+---------+----------+------------+

+ Latency: 
    * Summary: 
    +---------+---------+----------+----------+-----+-----+----------+
    |  Latency (cycles) |  Latency (absolute) |  Interval | Pipeline |
    |   min   |   max   |    min   |    max   | min | max |   Type   |
    +---------+---------+----------+----------+-----+-----+----------+
    |      808|      808|  2.691 us|  2.691 us|  774|  774|  dataflow|
    +---------+---------+----------+----------+-----+-----+----------+

    + Detail: 
        * Instance: 
        +---------------------------+------------------------+---------+---------+----------+----------+-----+-----+----------+
        |                           |                        |  Latency (cycles) |  Latency (absolute) |  Interval | Pipeline |
        |          Instance         |         Module         |   min   |   max   |    min   |    max   | min | max |   Type   |
        +---------------------------+------------------------+---------+---------+----------+----------+-----+-----+----------+
        |init_block_AB_proc_U0      |init_block_AB_proc      |      773|      773|  2.574 us|  2.574 us|  773|  773|        no|
        |systolic_array_k_768_1_U0  |systolic_array_k_768_1  |      804|      804|  2.677 us|  2.677 us|  774|  774|  dataflow|
        |l_bias_scale_j_proc_U0     |l_bias_scale_j_proc     |       45|       45|  0.150 us|  0.150 us|   45|   45|        no|
        +---------------------------+------------------------+---------+---------+----------+----------+-----+-----+----------+

        * Loop: 
        N/A



================================================================
== Utilization Estimates
================================================================
* Summary: 
+---------------------+---------+------+---------+---------+-----+
|         Name        | BRAM_18K|  DSP |    FF   |   LUT   | URAM|
+---------------------+---------+------+---------+---------+-----+
|DSP                  |        -|     -|        -|        -|    -|
|Expression           |        -|     -|        0|       12|    -|
|FIFO                 |        0|     -|     3632|     3008|    -|
|Instance             |        -|   304|   113878|   119081|    -|
|Memory               |        -|     -|        -|        -|    -|
|Multiplexer          |        -|     -|        -|       18|    -|
|Register             |        -|     -|        2|        -|    -|
+---------------------+---------+------+---------+---------+-----+
|Total                |        0|   304|   117512|   122119|    0|
+---------------------+---------+------+---------+---------+-----+
|Available SLR        |     1344|  3008|   869120|   434560|  320|
+---------------------+---------+------+---------+---------+-----+
|Utilization SLR (%)  |        0|    10|       13|       28|    0|
+---------------------+---------+------+---------+---------+-----+
|Available            |     4032|  9024|  2607360|  1303680|  960|
+---------------------+---------+------+---------+---------+-----+
|Utilization (%)      |        0|     3|        4|        9|    0|
+---------------------+---------+------+---------+---------+-----+

+ Detail: 
    * Instance: 
    +---------------------------+------------------------+---------+-----+--------+--------+-----+
    |          Instance         |         Module         | BRAM_18K| DSP |   FF   |   LUT  | URAM|
    +---------------------------+------------------------+---------+-----+--------+--------+-----+
    |init_block_AB_proc_U0      |init_block_AB_proc      |        0|    0|     166|     730|    0|
    |l_bias_scale_j_proc_U0     |l_bias_scale_j_proc     |        0|   48|    6830|   10058|    0|
    |systolic_array_k_768_1_U0  |systolic_array_k_768_1  |        0|  256|  106882|  108293|    0|
    +---------------------------+------------------------+---------+-----+--------+--------+-----+
    |Total                      |                        |        0|  304|  113878|  119081|    0|
    +---------------------------+------------------------+---------+-----+--------+--------+-----+

    * DSP: 
    N/A

    * Memory: 
    N/A

    * FIFO: 
    +------------------------+---------+-----+----+-----+------+-----+---------+
    |          Name          | BRAM_18K|  FF | LUT| URAM| Depth| Bits| Size:D*B|
    +------------------------+---------+-----+----+-----+------+-----+---------+
    |block_A_loader_01_U     |        0|    8|   0|    -|    32|    8|      256|
    |block_A_loader_1015_U   |        0|    8|   0|    -|    32|    8|      256|
    |block_A_loader_1116_U   |        0|    8|   0|    -|    32|    8|      256|
    |block_A_loader_1217_U   |        0|    8|   0|    -|    32|    8|      256|
    |block_A_loader_1318_U   |        0|    8|   0|    -|    32|    8|      256|
    |block_A_loader_1419_U   |        0|    8|   0|    -|    32|    8|      256|
    |block_A_loader_1520_U   |        0|    8|   0|    -|    32|    8|      256|
    |block_A_loader_16_U     |        0|    8|   0|    -|    32|    8|      256|
    |block_A_loader_27_U     |        0|    8|   0|    -|    32|    8|      256|
    |block_A_loader_38_U     |        0|    8|   0|    -|    32|    8|      256|
    |block_A_loader_49_U     |        0|    8|   0|    -|    32|    8|      256|
    |block_A_loader_510_U    |        0|    8|   0|    -|    32|    8|      256|
    |block_A_loader_611_U    |        0|    8|   0|    -|    32|    8|      256|
    |block_A_loader_712_U    |        0|    8|   0|    -|    32|    8|      256|
    |block_A_loader_813_U    |        0|    8|   0|    -|    32|    8|      256|
    |block_A_loader_914_U    |        0|    8|   0|    -|    32|    8|      256|
    |block_B_loader_021_U    |        0|    8|   0|    -|    32|    8|      256|
    |block_B_loader_1031_U   |        0|    8|   0|    -|    32|    8|      256|
    |block_B_loader_1132_U   |        0|    8|   0|    -|    32|    8|      256|
    |block_B_loader_122_U    |        0|    8|   0|    -|    32|    8|      256|
    |block_B_loader_1233_U   |        0|    8|   0|    -|    32|    8|      256|
    |block_B_loader_1334_U   |        0|    8|   0|    -|    32|    8|      256|
    |block_B_loader_1435_U   |        0|    8|   0|    -|    32|    8|      256|
    |block_B_loader_1536_U   |        0|    8|   0|    -|    32|    8|      256|
    |block_B_loader_223_U    |        0|    8|   0|    -|    32|    8|      256|
    |block_B_loader_324_U    |        0|    8|   0|    -|    32|    8|      256|
    |block_B_loader_425_U    |        0|    8|   0|    -|    32|    8|      256|
    |block_B_loader_526_U    |        0|    8|   0|    -|    32|    8|      256|
    |block_B_loader_627_U    |        0|    8|   0|    -|    32|    8|      256|
    |block_B_loader_728_U    |        0|    8|   0|    -|    32|    8|      256|
    |block_B_loader_829_U    |        0|    8|   0|    -|    32|    8|      256|
    |block_B_loader_930_U    |        0|    8|   0|    -|    32|    8|      256|
    |block_C_drainer_037_U   |        0|  211|   0|    -|    32|   48|     1536|
    |block_C_drainer_1047_U  |        0|  211|   0|    -|    32|   48|     1536|
    |block_C_drainer_1148_U  |        0|  211|   0|    -|    32|   48|     1536|
    |block_C_drainer_1249_U  |        0|  211|   0|    -|    32|   48|     1536|
    |block_C_drainer_1350_U  |        0|  211|   0|    -|    32|   48|     1536|
    |block_C_drainer_138_U   |        0|  211|   0|    -|    32|   48|     1536|
    |block_C_drainer_1451_U  |        0|  211|   0|    -|    32|   48|     1536|
    |block_C_drainer_1552_U  |        0|  211|   0|    -|    32|   48|     1536|
    |block_C_drainer_239_U   |        0|  211|   0|    -|    32|   48|     1536|
    |block_C_drainer_340_U   |        0|  211|   0|    -|    32|   48|     1536|
    |block_C_drainer_441_U   |        0|  211|   0|    -|    32|   48|     1536|
    |block_C_drainer_542_U   |        0|  211|   0|    -|    32|   48|     1536|
    |block_C_drainer_643_U   |        0|  211|   0|    -|    32|   48|     1536|
    |block_C_drainer_744_U   |        0|  211|   0|    -|    32|   48|     1536|
    |block_C_drainer_845_U   |        0|  211|   0|    -|    32|   48|     1536|
    |block_C_drainer_946_U   |        0|  211|   0|    -|    32|   48|     1536|
    +------------------------+---------+-----+----+-----+------+-----+---------+
    |Total                   |        0| 3632|   0|    0|  1536| 1024|    32768|
    +------------------------+---------+-----+----+-----+------+-----+---------+

    * Expression: 
    +-----------------------------------------+----------+----+---+----+------------+------------+
    |              Variable Name              | Operation| DSP| FF| LUT| Bitwidth P0| Bitwidth P1|
    +-----------------------------------------+----------+----+---+----+------------+------------+
    |ap_idle                                  |       and|   0|  0|   2|           1|           1|
    |ap_sync_ready                            |       and|   0|  0|   2|           1|           1|
    |init_block_AB_proc_U0_ap_start           |       and|   0|  0|   2|           1|           1|
    |l_bias_scale_j_proc_U0_ap_start          |       and|   0|  0|   2|           1|           1|
    |ap_sync_init_block_AB_proc_U0_ap_ready   |        or|   0|  0|   2|           1|           1|
    |ap_sync_l_bias_scale_j_proc_U0_ap_ready  |        or|   0|  0|   2|           1|           1|
    +-----------------------------------------+----------+----+---+----+------------+------------+
    |Total                                    |          |   0|  0|  12|           6|           6|
    +-----------------------------------------+----------+----+---+----+------------+------------+

    * Multiplexer: 
    +---------------------------------------------+----+-----------+-----+-----------+
    |                     Name                    | LUT| Input Size| Bits| Total Bits|
    +---------------------------------------------+----+-----------+-----+-----------+
    |ap_sync_reg_init_block_AB_proc_U0_ap_ready   |   9|          2|    1|          2|
    |ap_sync_reg_l_bias_scale_j_proc_U0_ap_ready  |   9|          2|    1|          2|
    +---------------------------------------------+----+-----------+-----+-----------+
    |Total                                        |  18|          4|    2|          4|
    +---------------------------------------------+----+-----------+-----+-----------+

    * Register: 
    +---------------------------------------------+---+----+-----+-----------+
    |                     Name                    | FF| LUT| Bits| Const Bits|
    +---------------------------------------------+---+----+-----+-----------+
    |ap_sync_reg_init_block_AB_proc_U0_ap_ready   |  1|   0|    1|          0|
    |ap_sync_reg_l_bias_scale_j_proc_U0_ap_ready  |  1|   0|    1|          0|
    +---------------------------------------------+---+----+-----+-----------+
    |Total                                        |  2|   0|    2|          0|
    +---------------------------------------------+---+----+-----+-----------+



================================================================
== Interface
================================================================
* Summary: 
+-----------------+-----+-----+------------+----------------------------------+--------------+
|    RTL Ports    | Dir | Bits|  Protocol  |           Source Object          |    C Type    |
+-----------------+-----+-----+------------+----------------------------------+--------------+
|A_0_address0     |  out|   10|   ap_memory|                               A_0|         array|
|A_0_ce0          |  out|    1|   ap_memory|                               A_0|         array|
|A_0_d0           |  out|    8|   ap_memory|                               A_0|         array|
|A_0_q0           |   in|    8|   ap_memory|                               A_0|         array|
|A_0_we0          |  out|    1|   ap_memory|                               A_0|         array|
|A_0_address1     |  out|   10|   ap_memory|                               A_0|         array|
|A_0_ce1          |  out|    1|   ap_memory|                               A_0|         array|
|A_0_d1           |  out|    8|   ap_memory|                               A_0|         array|
|A_0_q1           |   in|    8|   ap_memory|                               A_0|         array|
|A_0_we1          |  out|    1|   ap_memory|                               A_0|         array|
|A_1_address0     |  out|   10|   ap_memory|                               A_1|         array|
|A_1_ce0          |  out|    1|   ap_memory|                               A_1|         array|
|A_1_d0           |  out|    8|   ap_memory|                               A_1|         array|
|A_1_q0           |   in|    8|   ap_memory|                               A_1|         array|
|A_1_we0          |  out|    1|   ap_memory|                               A_1|         array|
|A_1_address1     |  out|   10|   ap_memory|                               A_1|         array|
|A_1_ce1          |  out|    1|   ap_memory|                               A_1|         array|
|A_1_d1           |  out|    8|   ap_memory|                               A_1|         array|
|A_1_q1           |   in|    8|   ap_memory|                               A_1|         array|
|A_1_we1          |  out|    1|   ap_memory|                               A_1|         array|
|A_2_address0     |  out|   10|   ap_memory|                               A_2|         array|
|A_2_ce0          |  out|    1|   ap_memory|                               A_2|         array|
|A_2_d0           |  out|    8|   ap_memory|                               A_2|         array|
|A_2_q0           |   in|    8|   ap_memory|                               A_2|         array|
|A_2_we0          |  out|    1|   ap_memory|                               A_2|         array|
|A_2_address1     |  out|   10|   ap_memory|                               A_2|         array|
|A_2_ce1          |  out|    1|   ap_memory|                               A_2|         array|
|A_2_d1           |  out|    8|   ap_memory|                               A_2|         array|
|A_2_q1           |   in|    8|   ap_memory|                               A_2|         array|
|A_2_we1          |  out|    1|   ap_memory|                               A_2|         array|
|A_3_address0     |  out|   10|   ap_memory|                               A_3|         array|
|A_3_ce0          |  out|    1|   ap_memory|                               A_3|         array|
|A_3_d0           |  out|    8|   ap_memory|                               A_3|         array|
|A_3_q0           |   in|    8|   ap_memory|                               A_3|         array|
|A_3_we0          |  out|    1|   ap_memory|                               A_3|         array|
|A_3_address1     |  out|   10|   ap_memory|                               A_3|         array|
|A_3_ce1          |  out|    1|   ap_memory|                               A_3|         array|
|A_3_d1           |  out|    8|   ap_memory|                               A_3|         array|
|A_3_q1           |   in|    8|   ap_memory|                               A_3|         array|
|A_3_we1          |  out|    1|   ap_memory|                               A_3|         array|
|A_4_address0     |  out|   10|   ap_memory|                               A_4|         array|
|A_4_ce0          |  out|    1|   ap_memory|                               A_4|         array|
|A_4_d0           |  out|    8|   ap_memory|                               A_4|         array|
|A_4_q0           |   in|    8|   ap_memory|                               A_4|         array|
|A_4_we0          |  out|    1|   ap_memory|                               A_4|         array|
|A_4_address1     |  out|   10|   ap_memory|                               A_4|         array|
|A_4_ce1          |  out|    1|   ap_memory|                               A_4|         array|
|A_4_d1           |  out|    8|   ap_memory|                               A_4|         array|
|A_4_q1           |   in|    8|   ap_memory|                               A_4|         array|
|A_4_we1          |  out|    1|   ap_memory|                               A_4|         array|
|A_5_address0     |  out|   10|   ap_memory|                               A_5|         array|
|A_5_ce0          |  out|    1|   ap_memory|                               A_5|         array|
|A_5_d0           |  out|    8|   ap_memory|                               A_5|         array|
|A_5_q0           |   in|    8|   ap_memory|                               A_5|         array|
|A_5_we0          |  out|    1|   ap_memory|                               A_5|         array|
|A_5_address1     |  out|   10|   ap_memory|                               A_5|         array|
|A_5_ce1          |  out|    1|   ap_memory|                               A_5|         array|
|A_5_d1           |  out|    8|   ap_memory|                               A_5|         array|
|A_5_q1           |   in|    8|   ap_memory|                               A_5|         array|
|A_5_we1          |  out|    1|   ap_memory|                               A_5|         array|
|A_6_address0     |  out|   10|   ap_memory|                               A_6|         array|
|A_6_ce0          |  out|    1|   ap_memory|                               A_6|         array|
|A_6_d0           |  out|    8|   ap_memory|                               A_6|         array|
|A_6_q0           |   in|    8|   ap_memory|                               A_6|         array|
|A_6_we0          |  out|    1|   ap_memory|                               A_6|         array|
|A_6_address1     |  out|   10|   ap_memory|                               A_6|         array|
|A_6_ce1          |  out|    1|   ap_memory|                               A_6|         array|
|A_6_d1           |  out|    8|   ap_memory|                               A_6|         array|
|A_6_q1           |   in|    8|   ap_memory|                               A_6|         array|
|A_6_we1          |  out|    1|   ap_memory|                               A_6|         array|
|A_7_address0     |  out|   10|   ap_memory|                               A_7|         array|
|A_7_ce0          |  out|    1|   ap_memory|                               A_7|         array|
|A_7_d0           |  out|    8|   ap_memory|                               A_7|         array|
|A_7_q0           |   in|    8|   ap_memory|                               A_7|         array|
|A_7_we0          |  out|    1|   ap_memory|                               A_7|         array|
|A_7_address1     |  out|   10|   ap_memory|                               A_7|         array|
|A_7_ce1          |  out|    1|   ap_memory|                               A_7|         array|
|A_7_d1           |  out|    8|   ap_memory|                               A_7|         array|
|A_7_q1           |   in|    8|   ap_memory|                               A_7|         array|
|A_7_we1          |  out|    1|   ap_memory|                               A_7|         array|
|A_8_address0     |  out|   10|   ap_memory|                               A_8|         array|
|A_8_ce0          |  out|    1|   ap_memory|                               A_8|         array|
|A_8_d0           |  out|    8|   ap_memory|                               A_8|         array|
|A_8_q0           |   in|    8|   ap_memory|                               A_8|         array|
|A_8_we0          |  out|    1|   ap_memory|                               A_8|         array|
|A_8_address1     |  out|   10|   ap_memory|                               A_8|         array|
|A_8_ce1          |  out|    1|   ap_memory|                               A_8|         array|
|A_8_d1           |  out|    8|   ap_memory|                               A_8|         array|
|A_8_q1           |   in|    8|   ap_memory|                               A_8|         array|
|A_8_we1          |  out|    1|   ap_memory|                               A_8|         array|
|A_9_address0     |  out|   10|   ap_memory|                               A_9|         array|
|A_9_ce0          |  out|    1|   ap_memory|                               A_9|         array|
|A_9_d0           |  out|    8|   ap_memory|                               A_9|         array|
|A_9_q0           |   in|    8|   ap_memory|                               A_9|         array|
|A_9_we0          |  out|    1|   ap_memory|                               A_9|         array|
|A_9_address1     |  out|   10|   ap_memory|                               A_9|         array|
|A_9_ce1          |  out|    1|   ap_memory|                               A_9|         array|
|A_9_d1           |  out|    8|   ap_memory|                               A_9|         array|
|A_9_q1           |   in|    8|   ap_memory|                               A_9|         array|
|A_9_we1          |  out|    1|   ap_memory|                               A_9|         array|
|A_10_address0    |  out|   10|   ap_memory|                              A_10|         array|
|A_10_ce0         |  out|    1|   ap_memory|                              A_10|         array|
|A_10_d0          |  out|    8|   ap_memory|                              A_10|         array|
|A_10_q0          |   in|    8|   ap_memory|                              A_10|         array|
|A_10_we0         |  out|    1|   ap_memory|                              A_10|         array|
|A_10_address1    |  out|   10|   ap_memory|                              A_10|         array|
|A_10_ce1         |  out|    1|   ap_memory|                              A_10|         array|
|A_10_d1          |  out|    8|   ap_memory|                              A_10|         array|
|A_10_q1          |   in|    8|   ap_memory|                              A_10|         array|
|A_10_we1         |  out|    1|   ap_memory|                              A_10|         array|
|A_11_address0    |  out|   10|   ap_memory|                              A_11|         array|
|A_11_ce0         |  out|    1|   ap_memory|                              A_11|         array|
|A_11_d0          |  out|    8|   ap_memory|                              A_11|         array|
|A_11_q0          |   in|    8|   ap_memory|                              A_11|         array|
|A_11_we0         |  out|    1|   ap_memory|                              A_11|         array|
|A_11_address1    |  out|   10|   ap_memory|                              A_11|         array|
|A_11_ce1         |  out|    1|   ap_memory|                              A_11|         array|
|A_11_d1          |  out|    8|   ap_memory|                              A_11|         array|
|A_11_q1          |   in|    8|   ap_memory|                              A_11|         array|
|A_11_we1         |  out|    1|   ap_memory|                              A_11|         array|
|A_12_address0    |  out|   10|   ap_memory|                              A_12|         array|
|A_12_ce0         |  out|    1|   ap_memory|                              A_12|         array|
|A_12_d0          |  out|    8|   ap_memory|                              A_12|         array|
|A_12_q0          |   in|    8|   ap_memory|                              A_12|         array|
|A_12_we0         |  out|    1|   ap_memory|                              A_12|         array|
|A_12_address1    |  out|   10|   ap_memory|                              A_12|         array|
|A_12_ce1         |  out|    1|   ap_memory|                              A_12|         array|
|A_12_d1          |  out|    8|   ap_memory|                              A_12|         array|
|A_12_q1          |   in|    8|   ap_memory|                              A_12|         array|
|A_12_we1         |  out|    1|   ap_memory|                              A_12|         array|
|A_13_address0    |  out|   10|   ap_memory|                              A_13|         array|
|A_13_ce0         |  out|    1|   ap_memory|                              A_13|         array|
|A_13_d0          |  out|    8|   ap_memory|                              A_13|         array|
|A_13_q0          |   in|    8|   ap_memory|                              A_13|         array|
|A_13_we0         |  out|    1|   ap_memory|                              A_13|         array|
|A_13_address1    |  out|   10|   ap_memory|                              A_13|         array|
|A_13_ce1         |  out|    1|   ap_memory|                              A_13|         array|
|A_13_d1          |  out|    8|   ap_memory|                              A_13|         array|
|A_13_q1          |   in|    8|   ap_memory|                              A_13|         array|
|A_13_we1         |  out|    1|   ap_memory|                              A_13|         array|
|A_14_address0    |  out|   10|   ap_memory|                              A_14|         array|
|A_14_ce0         |  out|    1|   ap_memory|                              A_14|         array|
|A_14_d0          |  out|    8|   ap_memory|                              A_14|         array|
|A_14_q0          |   in|    8|   ap_memory|                              A_14|         array|
|A_14_we0         |  out|    1|   ap_memory|                              A_14|         array|
|A_14_address1    |  out|   10|   ap_memory|                              A_14|         array|
|A_14_ce1         |  out|    1|   ap_memory|                              A_14|         array|
|A_14_d1          |  out|    8|   ap_memory|                              A_14|         array|
|A_14_q1          |   in|    8|   ap_memory|                              A_14|         array|
|A_14_we1         |  out|    1|   ap_memory|                              A_14|         array|
|A_15_address0    |  out|   10|   ap_memory|                              A_15|         array|
|A_15_ce0         |  out|    1|   ap_memory|                              A_15|         array|
|A_15_d0          |  out|    8|   ap_memory|                              A_15|         array|
|A_15_q0          |   in|    8|   ap_memory|                              A_15|         array|
|A_15_we0         |  out|    1|   ap_memory|                              A_15|         array|
|A_15_address1    |  out|   10|   ap_memory|                              A_15|         array|
|A_15_ce1         |  out|    1|   ap_memory|                              A_15|         array|
|A_15_d1          |  out|    8|   ap_memory|                              A_15|         array|
|A_15_q1          |   in|    8|   ap_memory|                              A_15|         array|
|A_15_we1         |  out|    1|   ap_memory|                              A_15|         array|
|B_0_address0     |  out|   15|   ap_memory|                               B_0|         array|
|B_0_ce0          |  out|    1|   ap_memory|                               B_0|         array|
|B_0_d0           |  out|    8|   ap_memory|                               B_0|         array|
|B_0_q0           |   in|    8|   ap_memory|                               B_0|         array|
|B_0_we0          |  out|    1|   ap_memory|                               B_0|         array|
|jj               |   in|    5|     ap_none|                                jj|        scalar|
|jj_ap_vld        |   in|    1|     ap_none|                                jj|        scalar|
|B_1_address0     |  out|   15|   ap_memory|                               B_1|         array|
|B_1_ce0          |  out|    1|   ap_memory|                               B_1|         array|
|B_1_d0           |  out|    8|   ap_memory|                               B_1|         array|
|B_1_q0           |   in|    8|   ap_memory|                               B_1|         array|
|B_1_we0          |  out|    1|   ap_memory|                               B_1|         array|
|B_2_address0     |  out|   15|   ap_memory|                               B_2|         array|
|B_2_ce0          |  out|    1|   ap_memory|                               B_2|         array|
|B_2_d0           |  out|    8|   ap_memory|                               B_2|         array|
|B_2_q0           |   in|    8|   ap_memory|                               B_2|         array|
|B_2_we0          |  out|    1|   ap_memory|                               B_2|         array|
|B_3_address0     |  out|   15|   ap_memory|                               B_3|         array|
|B_3_ce0          |  out|    1|   ap_memory|                               B_3|         array|
|B_3_d0           |  out|    8|   ap_memory|                               B_3|         array|
|B_3_q0           |   in|    8|   ap_memory|                               B_3|         array|
|B_3_we0          |  out|    1|   ap_memory|                               B_3|         array|
|B_4_address0     |  out|   15|   ap_memory|                               B_4|         array|
|B_4_ce0          |  out|    1|   ap_memory|                               B_4|         array|
|B_4_d0           |  out|    8|   ap_memory|                               B_4|         array|
|B_4_q0           |   in|    8|   ap_memory|                               B_4|         array|
|B_4_we0          |  out|    1|   ap_memory|                               B_4|         array|
|B_5_address0     |  out|   15|   ap_memory|                               B_5|         array|
|B_5_ce0          |  out|    1|   ap_memory|                               B_5|         array|
|B_5_d0           |  out|    8|   ap_memory|                               B_5|         array|
|B_5_q0           |   in|    8|   ap_memory|                               B_5|         array|
|B_5_we0          |  out|    1|   ap_memory|                               B_5|         array|
|B_6_address0     |  out|   15|   ap_memory|                               B_6|         array|
|B_6_ce0          |  out|    1|   ap_memory|                               B_6|         array|
|B_6_d0           |  out|    8|   ap_memory|                               B_6|         array|
|B_6_q0           |   in|    8|   ap_memory|                               B_6|         array|
|B_6_we0          |  out|    1|   ap_memory|                               B_6|         array|
|B_7_address0     |  out|   15|   ap_memory|                               B_7|         array|
|B_7_ce0          |  out|    1|   ap_memory|                               B_7|         array|
|B_7_d0           |  out|    8|   ap_memory|                               B_7|         array|
|B_7_q0           |   in|    8|   ap_memory|                               B_7|         array|
|B_7_we0          |  out|    1|   ap_memory|                               B_7|         array|
|B_8_address0     |  out|   15|   ap_memory|                               B_8|         array|
|B_8_ce0          |  out|    1|   ap_memory|                               B_8|         array|
|B_8_d0           |  out|    8|   ap_memory|                               B_8|         array|
|B_8_q0           |   in|    8|   ap_memory|                               B_8|         array|
|B_8_we0          |  out|    1|   ap_memory|                               B_8|         array|
|B_9_address0     |  out|   15|   ap_memory|                               B_9|         array|
|B_9_ce0          |  out|    1|   ap_memory|                               B_9|         array|
|B_9_d0           |  out|    8|   ap_memory|                               B_9|         array|
|B_9_q0           |   in|    8|   ap_memory|                               B_9|         array|
|B_9_we0          |  out|    1|   ap_memory|                               B_9|         array|
|B_10_address0    |  out|   15|   ap_memory|                              B_10|         array|
|B_10_ce0         |  out|    1|   ap_memory|                              B_10|         array|
|B_10_d0          |  out|    8|   ap_memory|                              B_10|         array|
|B_10_q0          |   in|    8|   ap_memory|                              B_10|         array|
|B_10_we0         |  out|    1|   ap_memory|                              B_10|         array|
|B_11_address0    |  out|   15|   ap_memory|                              B_11|         array|
|B_11_ce0         |  out|    1|   ap_memory|                              B_11|         array|
|B_11_d0          |  out|    8|   ap_memory|                              B_11|         array|
|B_11_q0          |   in|    8|   ap_memory|                              B_11|         array|
|B_11_we0         |  out|    1|   ap_memory|                              B_11|         array|
|B_12_address0    |  out|   15|   ap_memory|                              B_12|         array|
|B_12_ce0         |  out|    1|   ap_memory|                              B_12|         array|
|B_12_d0          |  out|    8|   ap_memory|                              B_12|         array|
|B_12_q0          |   in|    8|   ap_memory|                              B_12|         array|
|B_12_we0         |  out|    1|   ap_memory|                              B_12|         array|
|B_13_address0    |  out|   15|   ap_memory|                              B_13|         array|
|B_13_ce0         |  out|    1|   ap_memory|                              B_13|         array|
|B_13_d0          |  out|    8|   ap_memory|                              B_13|         array|
|B_13_q0          |   in|    8|   ap_memory|                              B_13|         array|
|B_13_we0         |  out|    1|   ap_memory|                              B_13|         array|
|B_14_address0    |  out|   15|   ap_memory|                              B_14|         array|
|B_14_ce0         |  out|    1|   ap_memory|                              B_14|         array|
|B_14_d0          |  out|    8|   ap_memory|                              B_14|         array|
|B_14_q0          |   in|    8|   ap_memory|                              B_14|         array|
|B_14_we0         |  out|    1|   ap_memory|                              B_14|         array|
|B_15_address0    |  out|   15|   ap_memory|                              B_15|         array|
|B_15_ce0         |  out|    1|   ap_memory|                              B_15|         array|
|B_15_d0          |  out|    8|   ap_memory|                              B_15|         array|
|B_15_q0          |   in|    8|   ap_memory|                              B_15|         array|
|B_15_we0         |  out|    1|   ap_memory|                              B_15|         array|
|bias_address0    |  out|   10|   ap_memory|                              bias|         array|
|bias_ce0         |  out|    1|   ap_memory|                              bias|         array|
|bias_d0          |  out|   12|   ap_memory|                              bias|         array|
|bias_q0          |   in|   12|   ap_memory|                              bias|         array|
|bias_we0         |  out|    1|   ap_memory|                              bias|         array|
|p_read           |   in|   32|     ap_none|                            p_read|        scalar|
|p_read_ap_vld    |   in|    1|     ap_none|                            p_read|        scalar|
|p_read1          |   in|   32|     ap_none|                           p_read1|        scalar|
|p_read1_ap_vld   |   in|    1|     ap_none|                           p_read1|        scalar|
|p_read2          |   in|   32|     ap_none|                           p_read2|        scalar|
|p_read2_ap_vld   |   in|    1|     ap_none|                           p_read2|        scalar|
|p_read3          |   in|   32|     ap_none|                           p_read3|        scalar|
|p_read3_ap_vld   |   in|    1|     ap_none|                           p_read3|        scalar|
|p_read4          |   in|   32|     ap_none|                           p_read4|        scalar|
|p_read4_ap_vld   |   in|    1|     ap_none|                           p_read4|        scalar|
|p_read5          |   in|   32|     ap_none|                           p_read5|        scalar|
|p_read5_ap_vld   |   in|    1|     ap_none|                           p_read5|        scalar|
|p_read6          |   in|   32|     ap_none|                           p_read6|        scalar|
|p_read6_ap_vld   |   in|    1|     ap_none|                           p_read6|        scalar|
|p_read7          |   in|   32|     ap_none|                           p_read7|        scalar|
|p_read7_ap_vld   |   in|    1|     ap_none|                           p_read7|        scalar|
|p_read8          |   in|   32|     ap_none|                           p_read8|        scalar|
|p_read8_ap_vld   |   in|    1|     ap_none|                           p_read8|        scalar|
|p_read9          |   in|   32|     ap_none|                           p_read9|        scalar|
|p_read9_ap_vld   |   in|    1|     ap_none|                           p_read9|        scalar|
|p_read10         |   in|   32|     ap_none|                          p_read10|        scalar|
|p_read10_ap_vld  |   in|    1|     ap_none|                          p_read10|        scalar|
|p_read11         |   in|   32|     ap_none|                          p_read11|        scalar|
|p_read11_ap_vld  |   in|    1|     ap_none|                          p_read11|        scalar|
|p_read12         |   in|   32|     ap_none|                          p_read12|        scalar|
|p_read12_ap_vld  |   in|    1|     ap_none|                          p_read12|        scalar|
|p_read13         |   in|   32|     ap_none|                          p_read13|        scalar|
|p_read13_ap_vld  |   in|    1|     ap_none|                          p_read13|        scalar|
|p_read14         |   in|   32|     ap_none|                          p_read14|        scalar|
|p_read14_ap_vld  |   in|    1|     ap_none|                          p_read14|        scalar|
|p_read15         |   in|   32|     ap_none|                          p_read15|        scalar|
|p_read15_ap_vld  |   in|    1|     ap_none|                          p_read15|        scalar|
|outp_q_din       |  out|  128|     ap_fifo|                            outp_q|       pointer|
|outp_q_full_n    |   in|    1|     ap_fifo|                            outp_q|       pointer|
|outp_q_write     |  out|    1|     ap_fifo|                            outp_q|       pointer|
|ap_clk           |   in|    1|  ap_ctrl_hs|  dataflow_in_loop_VITIS_LOOP_21_1|  return value|
|ap_rst           |   in|    1|  ap_ctrl_hs|  dataflow_in_loop_VITIS_LOOP_21_1|  return value|
|ap_start         |   in|    1|  ap_ctrl_hs|  dataflow_in_loop_VITIS_LOOP_21_1|  return value|
|ap_done          |  out|    1|  ap_ctrl_hs|  dataflow_in_loop_VITIS_LOOP_21_1|  return value|
|ap_ready         |  out|    1|  ap_ctrl_hs|  dataflow_in_loop_VITIS_LOOP_21_1|  return value|
|ap_idle          |  out|    1|  ap_ctrl_hs|  dataflow_in_loop_VITIS_LOOP_21_1|  return value|
|ap_continue      |   in|    1|  ap_ctrl_hs|  dataflow_in_loop_VITIS_LOOP_21_1|  return value|
+-----------------+-----+-----+------------+----------------------------------+--------------+

