

================================================================
== Vitis HLS Report for 'pow_generic_double_s'
================================================================
* Date:           Wed Sep 13 08:02:01 2023

* Version:        2022.1.2 (Build 3605665 on Fri Aug  5 22:52:02 MDT 2022)
* Project:        out_test.prj
* Solution:       solution1 (Vivado IP Flow Target)
* Product family: virtexuplus
* Target device:  xcu280-fsvh2892-2L-e


================================================================
== Performance Estimates
================================================================
+ Timing: 
    * Summary: 
    +--------+---------+----------+------------+
    |  Clock |  Target | Estimated| Uncertainty|
    +--------+---------+----------+------------+
    |ap_clk  |  3.33 ns|  2.420 ns|     0.90 ns|
    +--------+---------+----------+------------+

+ Latency: 
    * Summary: 
    +---------+---------+----------+----------+-----+-----+---------+
    |  Latency (cycles) |  Latency (absolute) |  Interval | Pipeline|
    |   min   |   max   |    min   |    max   | min | max |   Type  |
    +---------+---------+----------+----------+-----+-----+---------+
    |       85|       85|  0.283 us|  0.283 us|    1|    1|      yes|
    +---------+---------+----------+----------+-----+-----+---------+

    + Detail: 
        * Instance: 
        N/A

        * Loop: 
        N/A



================================================================
== Utilization Estimates
================================================================
* Summary: 
+---------------------+---------+------+---------+---------+-----+
|         Name        | BRAM_18K|  DSP |    FF   |   LUT   | URAM|
+---------------------+---------+------+---------+---------+-----+
|DSP                  |        -|     1|        -|        -|    -|
|Expression           |        -|     -|        0|     4330|    -|
|FIFO                 |        -|     -|        -|        -|    -|
|Instance             |        -|    81|     6247|     3224|    -|
|Memory               |        5|     -|     1032|     1041|    -|
|Multiplexer          |        -|     -|        -|        -|    -|
|Register             |        -|     -|     7016|     1376|    -|
+---------------------+---------+------+---------+---------+-----+
|Total                |        5|    82|    14295|     9971|    0|
+---------------------+---------+------+---------+---------+-----+
|Available SLR        |     1344|  3008|   869120|   434560|  320|
+---------------------+---------+------+---------+---------+-----+
|Utilization SLR (%)  |       ~0|     2|        1|        2|    0|
+---------------------+---------+------+---------+---------+-----+
|Available            |     4032|  9024|  2607360|  1303680|  960|
+---------------------+---------+------+---------+---------+-----+
|Utilization (%)      |       ~0|    ~0|       ~0|       ~0|    0|
+---------------------+---------+------+---------+---------+-----+

+ Detail: 
    * Instance: 
    +------------------------------+-----------------------+---------+----+-----+-----+-----+
    |           Instance           |         Module        | BRAM_18K| DSP|  FF | LUT | URAM|
    +------------------------------+-----------------------+---------+----+-----+-----+-----+
    |mul_12s_80ns_90_5_1_U21697    |mul_12s_80ns_90_5_1    |        0|   5|  441|  249|    0|
    |mul_13s_71s_71_5_1_U21701     |mul_13s_71s_71_5_1     |        0|   4|  441|  249|    0|
    |mul_40ns_40ns_80_2_1_U21698   |mul_40ns_40ns_80_2_1   |        0|   4|  197|   80|    0|
    |mul_43ns_36ns_79_2_1_U21702   |mul_43ns_36ns_79_2_1   |        0|   4|  209|   89|    0|
    |mul_49ns_44ns_93_5_1_U21703   |mul_49ns_44ns_93_5_1   |        0|   5|  236|   87|    0|
    |mul_50ns_50ns_100_5_1_U21704  |mul_50ns_50ns_100_5_1  |        0|   8|  340|   86|    0|
    |mul_54s_6ns_54_5_1_U21689     |mul_54s_6ns_54_5_1     |        0|   2|  414|  143|    0|
    |mul_6ns_73ns_79_5_1_U21691    |mul_6ns_73ns_79_5_1    |        0|   4|  441|  249|    0|
    |mul_6ns_77ns_83_5_1_U21696    |mul_6ns_77ns_83_5_1    |        0|   4|  441|  249|    0|
    |mul_6ns_82ns_88_5_1_U21695    |mul_6ns_82ns_88_5_1    |        0|   4|  441|  249|    0|
    |mul_6ns_87ns_93_5_1_U21694    |mul_6ns_87ns_93_5_1    |        0|   4|  441|  249|    0|
    |mul_6ns_92ns_98_5_1_U21693    |mul_6ns_92ns_98_5_1    |        0|   5|  441|  249|    0|
    |mul_71ns_4ns_75_5_1_U21690    |mul_71ns_4ns_75_5_1    |        0|   0|  441|  249|    0|
    |mul_77s_54ns_130_5_1_U21699   |mul_77s_54ns_130_5_1   |        0|  12|  441|  249|    0|
    |mul_77s_55ns_130_5_1_U21700   |mul_77s_55ns_130_5_1   |        0|  12|  441|  249|    0|
    |mul_83ns_6ns_89_5_1_U21692    |mul_83ns_6ns_89_5_1    |        0|   4|  441|  249|    0|
    +------------------------------+-----------------------+---------+----+-----+-----+-----+
    |Total                         |                       |        0|  81| 6247| 3224|    0|
    +------------------------------+-----------------------+---------+----+-----+-----+-----+

    * DSP: 
    +---------------------------------------+--------------------------------+--------------+
    |                Instance               |             Module             |  Expression  |
    +---------------------------------------+--------------------------------+--------------+
    |mac_muladd_16s_15ns_19s_31_4_1_U21705  |mac_muladd_16s_15ns_19s_31_4_1  |  i0 * i1 + i2|
    +---------------------------------------+--------------------------------+--------------+

    * Memory: 
    +---------------------------------------------------------------------------+----------------------------------------------------------------------------------+---------+-----+-----+-----+------+-----+------+-------------+
    |                                   Memory                                  |                                      Module                                      | BRAM_18K|  FF | LUT | URAM| Words| Bits| Banks| W*Bits*Banks|
    +---------------------------------------------------------------------------+----------------------------------------------------------------------------------+---------+-----+-----+-----+------+-----+------+-------------+
    |pow_reduce_anonymous_namespace_log0_lut_table_array_V_U                    |pow_generic_double_s_pow_reduce_anonymous_namespace_log0_lut_table_array_V_ROcud  |        0|  128|  129|    0|    64|  109|     1|         6976|
    |pow_reduce_anonymous_namespace_log_inverse_lut_table_pow_0_5_64_array_V_U  |pow_generic_double_s_pow_reduce_anonymous_namespace_log_inverse_lut_table_powbkb  |        0|    8|    9|    0|    64|    6|     1|          384|
    |pow_reduce_anonymous_namespace_log_lut_table_ap_fixed_12_6_64_array_V_U    |pow_generic_double_s_pow_reduce_anonymous_namespace_log_lut_table_ap_fixed_12fYi  |        0|  128|  129|    0|    64|   97|     1|         6208|
    |pow_reduce_anonymous_namespace_log_lut_table_ap_fixed_17_6_64_array_V_U    |pow_generic_double_s_pow_reduce_anonymous_namespace_log_lut_table_ap_fixed_17g8j  |        0|  128|  129|    0|    64|   92|     1|         5888|
    |pow_reduce_anonymous_namespace_log_lut_table_ap_fixed_22_6_64_array_V_U    |pow_generic_double_s_pow_reduce_anonymous_namespace_log_lut_table_ap_fixed_22hbi  |        0|  128|  129|    0|    64|   87|     1|         5568|
    |pow_reduce_anonymous_namespace_log_lut_table_ap_fixed_27_6_64_array_V_U    |pow_generic_double_s_pow_reduce_anonymous_namespace_log_lut_table_ap_fixed_27ibs  |        0|  128|  129|    0|    64|   82|     1|         5248|
    |pow_reduce_anonymous_namespace_log_lut_table_ap_fixed_32_6_64_array_V_U    |pow_generic_double_s_pow_reduce_anonymous_namespace_log_lut_table_ap_fixed_32jbC  |        0|  128|  129|    0|    64|   77|     1|         4928|
    |pow_reduce_anonymous_namespace_log_lut_table_ap_fixed_4_4_16_array_V_U     |pow_generic_double_s_pow_reduce_anonymous_namespace_log_lut_table_ap_fixed_4_dEe  |        0|  128|  129|    0|    16|  105|     1|         1680|
    |pow_reduce_anonymous_namespace_log_lut_table_ap_fixed_7_6_64_array_V_U     |pow_generic_double_s_pow_reduce_anonymous_namespace_log_lut_table_ap_fixed_7_eOg  |        0|  128|  129|    0|    64|  102|     1|         6528|
    |pow_reduce_anonymous_namespace_table_exp_Z1_ap_ufixed_array_V_U            |pow_generic_double_s_pow_reduce_anonymous_namespace_table_exp_Z1_ap_ufixed_arkbM  |        2|    0|    0|    0|   256|   58|     1|        14848|
    |pow_reduce_anonymous_namespace_table_f_Z2_ap_ufixed_array_V_U              |pow_generic_double_s_pow_reduce_anonymous_namespace_table_f_Z2_ap_ufixed_arramb6  |        2|    0|    0|    0|   256|   42|     1|        10752|
    |pow_reduce_anonymous_namespace_table_f_Z3_ap_ufixed_array_V_U              |pow_generic_double_s_pow_reduce_anonymous_namespace_table_f_Z3_ap_ufixed_arralbW  |        1|    0|    0|    0|   256|   26|     1|         6656|
    +---------------------------------------------------------------------------+----------------------------------------------------------------------------------+---------+-----+-----+-----+------+-----+------+-------------+
    |Total                                                                      |                                                                                  |        5| 1032| 1041|    0|  1296|  883|    12|        75664|
    +---------------------------------------------------------------------------+----------------------------------------------------------------------------------+---------+-----+-----+-----+------+-----+------+-------------+

    * FIFO: 
    N/A

    * Expression: 
    +----------------------------+----------+----+---+-----+------------+------------+
    |        Variable Name       | Operation| DSP| FF| LUT | Bitwidth P0| Bitwidth P1|
    +----------------------------+----------+----+---+-----+------------+------------+
    |add_ln1347_6_fu_2093_p2     |         +|   0|  0|  112|         105|         105|
    |add_ln1347_7_fu_2099_p2     |         +|   0|  0|  113|         106|         106|
    |add_ln1347_fu_1617_p2       |         +|   0|  0|  109|         109|         109|
    |add_ln813_1_fu_1512_p2      |         +|   0|  0|  110|         103|         103|
    |add_ln813_2_fu_1555_p2      |         +|   0|  0|  109|         109|         109|
    |add_ln813_3_fu_1561_p2      |         +|   0|  0|   93|          93|          93|
    |add_ln813_4_fu_1518_p2      |         +|   0|  0|  107|          83|          83|
    |add_ln813_5_fu_1570_p2      |         +|   0|  0|   93|          93|          93|
    |add_ln813_7_fu_1920_p2      |         +|   0|  0|   43|          36|          36|
    |add_ln813_9_fu_1997_p2      |         +|   0|  0|   51|          44|          44|
    |add_ln813_fu_1546_p2        |         +|   0|  0|  109|         109|         109|
    |b_exp_1_fu_713_p2           |         +|   0|  0|   19|          12|          11|
    |b_exp_fu_636_p2             |         +|   0|  0|   19|          12|          11|
    |exp_Z1P_m_1_l_V_fu_2006_p2  |         +|   0|  0|   59|          52|          52|
    |exp_Z2P_m_1_V_fu_1929_p2    |         +|   0|  0|   51|          44|          44|
    |log_sum_V_1_fu_1609_p2      |         +|   0|  0|  109|         109|         109|
    |out_exp_V_fu_2214_p2        |         +|   0|  0|   18|          11|          10|
    |r_exp_V_fu_2113_p2          |         +|   0|  0|   20|          13|           2|
    |ret_V_15_fu_1633_p2         |         +|   0|  0|  127|         120|         120|
    |ret_V_17_fu_1757_p2         |         +|   0|  0|   20|          13|           1|
    |ret_V_22_fu_2087_p2         |         +|   0|  0|  114|         107|         107|
    |ret_V_23_fu_891_p2          |         +|   0|  0|   76|          76|          76|
    |ret_V_24_fu_974_p2          |         +|   0|  0|   82|          82|          82|
    |ret_V_25_fu_1055_p2         |         +|   0|  0|  102|         102|         102|
    |ret_V_26_fu_1146_p2         |         +|   0|  0|  121|         121|         121|
    |ret_V_27_fu_1233_p2         |         +|   0|  0|  126|         126|         126|
    |ret_V_28_fu_1320_p2         |         +|   0|  0|  131|         131|         131|
    |ret_V_29_fu_1416_p2         |         +|   0|  0|  136|         136|         136|
    |ret_V_32_fu_1873_p2         |         +|   0|  0|   43|          36|          36|
    |ret_V_34_fu_2044_p2         |         +|   0|  0|   65|          58|           5|
    |m_diff_V_fu_1798_p2         |         -|   0|  0|   66|          59|          59|
    |ret_V_10_fu_1250_p2         |         -|   0|  0|  126|         126|         126|
    |ret_V_12_fu_1337_p2         |         -|   0|  0|  131|         131|         131|
    |ret_V_14_fu_1433_p2         |         -|   0|  0|  136|         136|         136|
    |ret_V_2_fu_900_p2           |         -|   0|  0|   76|          76|          76|
    |ret_V_4_fu_991_p2           |         -|   0|  0|   82|          82|          82|
    |ret_V_6_fu_1072_p2          |         -|   0|  0|  102|         102|         102|
    |ret_V_8_fu_1163_p2          |         -|   0|  0|  121|         121|         121|
    |ret_V_fu_1590_p2            |         -|   0|  0|  125|         118|         118|
    |and_ln1019_fu_2233_p2       |       and|   0|  0|    2|           1|           1|
    |and_ln1039_fu_2275_p2       |       and|   0|  0|    2|           1|           1|
    |and_ln182_1_fu_2259_p2      |       and|   0|  0|    2|           1|           1|
    |and_ln182_fu_2253_p2        |       and|   0|  0|    2|           1|           1|
    |and_ln18_fu_755_p2          |       and|   0|  0|    2|           1|           1|
    |and_ln371_1_fu_737_p2       |       and|   0|  0|    2|           1|           1|
    |and_ln371_fu_732_p2         |       and|   0|  0|    2|           1|           1|
    |and_ln657_fu_2248_p2        |       and|   0|  0|    2|           1|           1|
    |x_is_1_fu_648_p2            |       and|   0|  0|    2|           1|           1|
    |x_is_NaN_fu_674_p2          |       and|   0|  0|    2|           1|           1|
    |x_is_inf_fu_685_p2          |       and|   0|  0|    2|           1|           1|
    |x_is_neg_fu_702_p2          |       and|   0|  0|    2|           1|           1|
    |x_is_p1_fu_658_p2           |       and|   0|  0|    2|           1|           1|
    |icmp_ln1003_fu_1751_p2      |      icmp|   0|  0|   13|          18|           1|
    |icmp_ln1019_1_fu_664_p2     |      icmp|   0|  0|   11|          11|           2|
    |icmp_ln1019_fu_600_p2       |      icmp|   0|  0|   24|          52|           1|
    |icmp_ln1035_fu_2135_p2      |      icmp|   0|  0|    8|           3|           1|
    |icmp_ln1039_fu_2146_p2      |      icmp|   0|  0|   12|          13|          11|
    |icmp_ln1654_fu_1716_p2      |      icmp|   0|  0|   50|         130|         130|
    |icmp_ln369_fu_642_p2        |      icmp|   0|  0|   12|          12|           1|
    |x_is_0_fu_680_p2            |      icmp|   0|  0|   11|          11|           1|
    |or_ln1019_fu_2238_p2        |        or|   0|  0|    2|           1|           1|
    |or_ln1039_1_fu_2294_p2      |        or|   0|  0|    2|           1|           1|
    |or_ln1039_2_fu_767_p2       |        or|   0|  0|    2|           1|           1|
    |or_ln1039_3_fu_2315_p2      |        or|   0|  0|    2|           1|           1|
    |or_ln1039_fu_2280_p2        |        or|   0|  0|    2|           1|           1|
    |or_ln18_fu_761_p2           |        or|   0|  0|    2|           1|           1|
    |or_ln371_fu_743_p2          |        or|   0|  0|    2|           1|           1|
    |or_ln386_fu_690_p2          |        or|   0|  0|    2|           1|           1|
    |or_ln407_fu_707_p2          |        or|   0|  0|    2|           1|           1|
    |or_ln657_1_fu_2264_p2       |        or|   0|  0|    2|           1|           1|
    |or_ln657_fu_2141_p2         |        or|   0|  0|    2|           1|           1|
    |ap_return                   |    select|   0|  0|   63|           1|          64|
    |b_exp_2_fu_719_p3           |    select|   0|  0|   12|           1|          12|
    |grp_fu_803_p0               |    select|   0|  0|   54|           1|          54|
    |r_exp_V_2_fu_2118_p3        |    select|   0|  0|   13|           1|          13|
    |ret_V_31_fu_1771_p3         |    select|   0|  0|   13|           1|          13|
    |select_ln1002_fu_1763_p3    |    select|   0|  0|   13|           1|          13|
    |select_ln1039_1_fu_2300_p3  |    select|   0|  0|   63|           1|          64|
    |select_ln1039_2_fu_2307_p3  |    select|   0|  0|   63|           1|          64|
    |select_ln1039_3_fu_2321_p3  |    select|   0|  0|   63|           1|          64|
    |select_ln1039_4_fu_2328_p3  |    select|   0|  0|   63|           1|          64|
    |select_ln1039_fu_2286_p3    |    select|   0|  0|   63|           1|          64|
    |select_ln1488_fu_873_p3     |    select|   0|  0|   72|           1|          76|
    |select_ln407_fu_2156_p3     |    select|   0|  0|   62|           1|          62|
    |tmp_197_fu_2207_p3          |    select|   0|  0|   52|           1|          52|
    |ap_enable_pp0               |       xor|   0|  0|    2|           1|           2|
    |xor_ln1019_fu_2242_p2       |       xor|   0|  0|    2|           1|           2|
    |xor_ln1023_fu_669_p2        |       xor|   0|  0|    2|           1|           2|
    |xor_ln182_fu_2184_p2        |       xor|   0|  0|    2|           1|           2|
    |xor_ln18_fu_2228_p2         |       xor|   0|  0|    2|           1|           2|
    |xor_ln371_fu_749_p2         |       xor|   0|  0|    2|           1|           2|
    |xor_ln386_fu_696_p2         |       xor|   0|  0|    2|           1|           2|
    |xor_ln407_fu_726_p2         |       xor|   0|  0|    2|           1|           2|
    |xor_ln657_fu_2269_p2        |       xor|   0|  0|    2|           1|           2|
    |xor_ln970_fu_653_p2         |       xor|   0|  0|    2|           1|           2|
    +----------------------------+----------+----+---+-----+------------+------------+
    |Total                       |          |   0|  0| 4330|        3600|        4094|
    +----------------------------+----------+----+---+-----+------------+------------+

    * Multiplexer: 
    N/A

    * Register: 
    +------------------------------------+-----+----+-----+-----------+
    |                Name                |  FF | LUT| Bits| Const Bits|
    +------------------------------------+-----+----+-----+-----------+
    |Elog2_V_reg_2782                    |   90|   0|   90|          0|
    |Z2_V_reg_2871                       |    8|   0|    8|          0|
    |Z3_V_reg_2878                       |    8|   0|    8|          0|
    |Z3_V_reg_2878_pp0_iter69_reg        |    8|   0|    8|          0|
    |Z4_reg_2883                         |   35|   0|   35|          0|
    |a_V_1_reg_2505                      |    6|   0|    6|          0|
    |a_V_2_reg_2537                      |    6|   0|    6|          0|
    |a_V_reg_2468                        |    4|   0|    4|          0|
    |add_ln1347_6_reg_3013               |  105|   0|  105|          0|
    |add_ln1347_7_reg_3018               |  106|   0|  106|          0|
    |add_ln1347_reg_2787                 |  109|   0|  109|          0|
    |add_ln813_1_reg_2752                |  103|   0|  103|          0|
    |add_ln813_2_reg_2767                |  109|   0|  109|          0|
    |add_ln813_4_reg_2757                |   83|   0|   83|          0|
    |add_ln813_5_reg_2772                |   93|   0|   93|          0|
    |and_ln18_reg_2435                   |    1|   0|    1|          0|
    |ap_CS_fsm                           |    1|   0|    1|          0|
    |ap_enable_reg_pp0_iter1             |    1|   0|    1|          0|
    |ap_enable_reg_pp0_iter10            |    1|   0|    1|          0|
    |ap_enable_reg_pp0_iter11            |    1|   0|    1|          0|
    |ap_enable_reg_pp0_iter12            |    1|   0|    1|          0|
    |ap_enable_reg_pp0_iter13            |    1|   0|    1|          0|
    |ap_enable_reg_pp0_iter14            |    1|   0|    1|          0|
    |ap_enable_reg_pp0_iter15            |    1|   0|    1|          0|
    |ap_enable_reg_pp0_iter16            |    1|   0|    1|          0|
    |ap_enable_reg_pp0_iter17            |    1|   0|    1|          0|
    |ap_enable_reg_pp0_iter18            |    1|   0|    1|          0|
    |ap_enable_reg_pp0_iter19            |    1|   0|    1|          0|
    |ap_enable_reg_pp0_iter2             |    1|   0|    1|          0|
    |ap_enable_reg_pp0_iter20            |    1|   0|    1|          0|
    |ap_enable_reg_pp0_iter21            |    1|   0|    1|          0|
    |ap_enable_reg_pp0_iter22            |    1|   0|    1|          0|
    |ap_enable_reg_pp0_iter23            |    1|   0|    1|          0|
    |ap_enable_reg_pp0_iter24            |    1|   0|    1|          0|
    |ap_enable_reg_pp0_iter25            |    1|   0|    1|          0|
    |ap_enable_reg_pp0_iter26            |    1|   0|    1|          0|
    |ap_enable_reg_pp0_iter27            |    1|   0|    1|          0|
    |ap_enable_reg_pp0_iter28            |    1|   0|    1|          0|
    |ap_enable_reg_pp0_iter29            |    1|   0|    1|          0|
    |ap_enable_reg_pp0_iter3             |    1|   0|    1|          0|
    |ap_enable_reg_pp0_iter30            |    1|   0|    1|          0|
    |ap_enable_reg_pp0_iter31            |    1|   0|    1|          0|
    |ap_enable_reg_pp0_iter32            |    1|   0|    1|          0|
    |ap_enable_reg_pp0_iter33            |    1|   0|    1|          0|
    |ap_enable_reg_pp0_iter34            |    1|   0|    1|          0|
    |ap_enable_reg_pp0_iter35            |    1|   0|    1|          0|
    |ap_enable_reg_pp0_iter36            |    1|   0|    1|          0|
    |ap_enable_reg_pp0_iter37            |    1|   0|    1|          0|
    |ap_enable_reg_pp0_iter38            |    1|   0|    1|          0|
    |ap_enable_reg_pp0_iter39            |    1|   0|    1|          0|
    |ap_enable_reg_pp0_iter4             |    1|   0|    1|          0|
    |ap_enable_reg_pp0_iter40            |    1|   0|    1|          0|
    |ap_enable_reg_pp0_iter41            |    1|   0|    1|          0|
    |ap_enable_reg_pp0_iter42            |    1|   0|    1|          0|
    |ap_enable_reg_pp0_iter43            |    1|   0|    1|          0|
    |ap_enable_reg_pp0_iter44            |    1|   0|    1|          0|
    |ap_enable_reg_pp0_iter45            |    1|   0|    1|          0|
    |ap_enable_reg_pp0_iter46            |    1|   0|    1|          0|
    |ap_enable_reg_pp0_iter47            |    1|   0|    1|          0|
    |ap_enable_reg_pp0_iter48            |    1|   0|    1|          0|
    |ap_enable_reg_pp0_iter49            |    1|   0|    1|          0|
    |ap_enable_reg_pp0_iter5             |    1|   0|    1|          0|
    |ap_enable_reg_pp0_iter50            |    1|   0|    1|          0|
    |ap_enable_reg_pp0_iter51            |    1|   0|    1|          0|
    |ap_enable_reg_pp0_iter52            |    1|   0|    1|          0|
    |ap_enable_reg_pp0_iter53            |    1|   0|    1|          0|
    |ap_enable_reg_pp0_iter54            |    1|   0|    1|          0|
    |ap_enable_reg_pp0_iter55            |    1|   0|    1|          0|
    |ap_enable_reg_pp0_iter56            |    1|   0|    1|          0|
    |ap_enable_reg_pp0_iter57            |    1|   0|    1|          0|
    |ap_enable_reg_pp0_iter58            |    1|   0|    1|          0|
    |ap_enable_reg_pp0_iter59            |    1|   0|    1|          0|
    |ap_enable_reg_pp0_iter6             |    1|   0|    1|          0|
    |ap_enable_reg_pp0_iter60            |    1|   0|    1|          0|
    |ap_enable_reg_pp0_iter61            |    1|   0|    1|          0|
    |ap_enable_reg_pp0_iter62            |    1|   0|    1|          0|
    |ap_enable_reg_pp0_iter63            |    1|   0|    1|          0|
    |ap_enable_reg_pp0_iter64            |    1|   0|    1|          0|
    |ap_enable_reg_pp0_iter65            |    1|   0|    1|          0|
    |ap_enable_reg_pp0_iter66            |    1|   0|    1|          0|
    |ap_enable_reg_pp0_iter67            |    1|   0|    1|          0|
    |ap_enable_reg_pp0_iter68            |    1|   0|    1|          0|
    |ap_enable_reg_pp0_iter69            |    1|   0|    1|          0|
    |ap_enable_reg_pp0_iter7             |    1|   0|    1|          0|
    |ap_enable_reg_pp0_iter70            |    1|   0|    1|          0|
    |ap_enable_reg_pp0_iter71            |    1|   0|    1|          0|
    |ap_enable_reg_pp0_iter72            |    1|   0|    1|          0|
    |ap_enable_reg_pp0_iter73            |    1|   0|    1|          0|
    |ap_enable_reg_pp0_iter74            |    1|   0|    1|          0|
    |ap_enable_reg_pp0_iter75            |    1|   0|    1|          0|
    |ap_enable_reg_pp0_iter76            |    1|   0|    1|          0|
    |ap_enable_reg_pp0_iter77            |    1|   0|    1|          0|
    |ap_enable_reg_pp0_iter78            |    1|   0|    1|          0|
    |ap_enable_reg_pp0_iter79            |    1|   0|    1|          0|
    |ap_enable_reg_pp0_iter8             |    1|   0|    1|          0|
    |ap_enable_reg_pp0_iter80            |    1|   0|    1|          0|
    |ap_enable_reg_pp0_iter81            |    1|   0|    1|          0|
    |ap_enable_reg_pp0_iter82            |    1|   0|    1|          0|
    |ap_enable_reg_pp0_iter83            |    1|   0|    1|          0|
    |ap_enable_reg_pp0_iter84            |    1|   0|    1|          0|
    |ap_enable_reg_pp0_iter85            |    1|   0|    1|          0|
    |ap_enable_reg_pp0_iter9             |    1|   0|    1|          0|
    |b_exp_2_reg_2425                    |   12|   0|   12|          0|
    |b_frac_tilde_inverse_V_reg_2430     |    6|   0|    6|          0|
    |bs_exp_V_reg_2365                   |   11|   0|   11|          0|
    |exp_Z1P_m_1_V_reg_2971              |   50|   0|   50|          0|
    |exp_Z1_V_reg_2966                   |   58|   0|   58|          0|
    |exp_Z1_hi_V_reg_2976                |   50|   0|   50|          0|
    |exp_Z2P_m_1_V_reg_2934              |   44|   0|   44|          0|
    |f_Z3_reg_2904                       |   26|   0|   26|          0|
    |icmp_ln1019_reg_2372                |    1|   0|    1|          0|
    |icmp_ln1039_reg_3034                |    1|   0|    1|          0|
    |icmp_ln1654_reg_2839                |    1|   0|    1|          0|
    |m_diff_hi_V_reg_2866                |    8|   0|    8|          0|
    |m_fix_hi_V_reg_2813                 |   16|   0|   16|          0|
    |m_frac_l_V_reg_2803                 |  130|   0|  130|          0|
    |mul_ln838_reg_2461                  |   54|   0|   54|          0|
    |or_ln1039_2_reg_2446                |    1|   0|    1|          0|
    |or_ln18_reg_2440                    |    1|   0|    1|          0|
    |or_ln407_reg_2420                   |    1|   0|    1|          0|
    |or_ln657_reg_3028                   |    1|   0|    1|          0|
    |p_Result_14_reg_2358                |    1|   0|    1|          0|
    |p_Result_17_reg_2385                |   52|   0|   52|          0|
    |p_Result_17_reg_2385_pp0_iter1_reg  |   52|   0|   52|          0|
    |p_Result_19_reg_2818                |    1|   0|    1|          0|
    |p_Result_4_reg_2379                 |    1|   0|    1|          0|
    |p_Result_4_reg_2379_pp0_iter1_reg   |    1|   0|    1|          0|
    |r_V_22_reg_2494                     |   75|   0|   75|          0|
    |r_V_23_reg_2526                     |   79|   0|   79|          0|
    |r_V_24_reg_2558                     |   89|   0|   89|          0|
    |r_V_25_reg_2590                     |   98|   0|   98|          0|
    |r_V_26_reg_2622                     |   93|   0|   93|          0|
    |r_V_27_reg_2654                     |   88|   0|   88|          0|
    |r_V_28_reg_2686                     |   83|   0|   83|          0|
    |r_V_reg_2996                        |  100|   0|  100|          0|
    |ret_V_31_reg_2849                   |   13|   0|   13|          0|
    |ret_V_32_reg_2898                   |   36|   0|   36|          0|
    |ret_V_33_reg_2909                   |   34|   0|   43|          9|
    |ret_V_33_reg_2909_pp0_iter71_reg    |   34|   0|   43|          9|
    |ret_V_34_reg_2991                   |   58|   0|   58|          0|
    |ret_V_4_reg_2531                    |   82|   0|   82|          0|
    |rhs_s_reg_2762                      |   79|   0|   79|          0|
    |tmp_10_reg_2638                     |    6|   0|    6|          0|
    |tmp_11_reg_2659                     |   77|   0|   77|          0|
    |tmp_12_reg_2665                     |   71|   0|   71|          0|
    |tmp_13_reg_2670                     |    6|   0|    6|          0|
    |tmp_14_reg_2696                     |   72|   0|   72|          0|
    |tmp_15_reg_2701                     |   40|   0|   40|          0|
    |tmp_16_reg_2940                     |   40|   0|   40|          0|
    |tmp_190_reg_2479                    |    1|   0|    1|          0|
    |tmp_193_reg_3023                    |    1|   0|    1|          0|
    |tmp_195_reg_2828                    |    1|   0|    1|          0|
    |tmp_2_reg_2511                      |   67|   0|   67|          0|
    |tmp_3_reg_2569                      |   86|   0|   86|          0|
    |tmp_4_reg_2574                      |    6|   0|    6|          0|
    |tmp_5_reg_2595                      |   87|   0|   87|          0|
    |tmp_6_reg_2601                      |   81|   0|   81|          0|
    |tmp_7_reg_2606                      |    6|   0|    6|          0|
    |tmp_8_reg_2627                      |   82|   0|   82|          0|
    |tmp_9_reg_2633                      |   76|   0|   76|          0|
    |trunc_ln1347_2_reg_3008             |   56|   0|   56|          0|
    |trunc_ln1347_reg_3003               |   57|   0|   57|          0|
    |trunc_ln186_reg_3039                |   11|   0|   11|          0|
    |trunc_ln1_reg_2777                  |   73|   0|   73|          0|
    |trunc_ln2_reg_2808                  |  129|   0|  129|          0|
    |trunc_ln3_reg_2823                  |   59|   0|   59|          0|
    |trunc_ln813_1_reg_2961              |   36|   0|   36|          0|
    |trunc_ln813_2_reg_2861              |   59|   0|   59|          0|
    |trunc_ln813_3_reg_2543              |   76|   0|   76|          0|
    |trunc_ln813_reg_2474                |   50|   0|   50|          0|
    |trunc_ln813_s_reg_2924              |   20|   0|   20|          0|
    |trunc_ln818_1_reg_2792              |   77|   0|   77|          0|
    |x_is_0_reg_2406                     |    1|   0|    1|          0|
    |x_is_neg_reg_2412                   |    1|   0|    1|          0|
    |x_is_p1_reg_2401                    |    1|   0|    1|          0|
    |z2_V_reg_2499                       |   73|   0|   73|          0|
    |z4_V_reg_2563                       |   92|   0|   92|          0|
    |zext_ln541_reg_2391                 |    6|   0|   64|         58|
    |Z2_V_reg_2871                       |   64|  32|    8|          0|
    |a_V_1_reg_2505                      |   64|  32|    6|          0|
    |a_V_2_reg_2537                      |   64|  32|    6|          0|
    |a_V_reg_2468                        |   64|  32|    4|          0|
    |and_ln18_reg_2435                   |   64|  32|    1|          0|
    |b_exp_2_reg_2425                    |   64|  32|   12|          0|
    |exp_Z1_V_reg_2966                   |   64|  32|   58|          0|
    |exp_Z2P_m_1_V_reg_2934              |   64|  32|   44|          0|
    |icmp_ln1654_reg_2839                |   64|  32|    1|          0|
    |m_diff_hi_V_reg_2866                |   64|  32|    8|          0|
    |mul_ln838_reg_2461                  |   64|  32|   54|          0|
    |or_ln1039_2_reg_2446                |   64|  32|    1|          0|
    |or_ln18_reg_2440                    |   64|  32|    1|          0|
    |or_ln407_reg_2420                   |   64|  32|    1|          0|
    |p_Result_19_reg_2818                |   64|  32|    1|          0|
    |ret_V_31_reg_2849                   |   64|  32|   13|          0|
    |ret_V_32_reg_2898                   |   64|  32|   36|          0|
    |ret_V_4_reg_2531                    |   64|  32|   82|          0|
    |tmp_10_reg_2638                     |   64|  32|    6|          0|
    |tmp_11_reg_2659                     |   64|  32|   77|          0|
    |tmp_12_reg_2665                     |   64|  32|   71|          0|
    |tmp_13_reg_2670                     |   64|  32|    6|          0|
    |tmp_14_reg_2696                     |   64|  32|   72|          0|
    |tmp_16_reg_2940                     |   64|  32|   40|          0|
    |tmp_190_reg_2479                    |   64|  32|    1|          0|
    |tmp_195_reg_2828                    |   64|  32|    1|          0|
    |tmp_2_reg_2511                      |   64|  32|   67|          0|
    |tmp_3_reg_2569                      |   64|  32|   86|          0|
    |tmp_4_reg_2574                      |   64|  32|    6|          0|
    |tmp_5_reg_2595                      |   64|  32|   87|          0|
    |tmp_6_reg_2601                      |   64|  32|   81|          0|
    |tmp_7_reg_2606                      |   64|  32|    6|          0|
    |tmp_8_reg_2627                      |   64|  32|   82|          0|
    |tmp_9_reg_2633                      |   64|  32|   76|          0|
    |trunc_ln3_reg_2823                  |   64|  32|   59|          0|
    |trunc_ln813_3_reg_2543              |   64|  32|   76|          0|
    |trunc_ln813_reg_2474                |   64|  32|   50|          0|
    |x_is_0_reg_2406                     |   64|  32|    1|          0|
    |x_is_neg_reg_2412                   |   64|  32|    1|          0|
    |x_is_p1_reg_2401                    |   64|  32|    1|          0|
    |z2_V_reg_2499                       |   64|  32|   73|          0|
    |z4_V_reg_2563                       |   64|  32|   92|          0|
    |zext_ln541_reg_2391                 |   64|  32|   64|         58|
    +------------------------------------+-----+----+-----+-----------+
    |Total                               | 7016|1376| 5859|        134|
    +------------------------------------+-----+----+-----+-----------+



================================================================
== Interface
================================================================
* Summary: 
+-----------+-----+-----+------------+---------------------+--------------+
| RTL Ports | Dir | Bits|  Protocol  |    Source Object    |    C Type    |
+-----------+-----+-----+------------+---------------------+--------------+
|ap_clk     |   in|    1|  ap_ctrl_hs|  pow_generic<double>|  return value|
|ap_rst     |   in|    1|  ap_ctrl_hs|  pow_generic<double>|  return value|
|ap_start   |   in|    1|  ap_ctrl_hs|  pow_generic<double>|  return value|
|ap_done    |  out|    1|  ap_ctrl_hs|  pow_generic<double>|  return value|
|ap_idle    |  out|    1|  ap_ctrl_hs|  pow_generic<double>|  return value|
|ap_ready   |  out|    1|  ap_ctrl_hs|  pow_generic<double>|  return value|
|ap_ce      |   in|    1|  ap_ctrl_hs|  pow_generic<double>|  return value|
|ap_return  |  out|   64|  ap_ctrl_hs|  pow_generic<double>|  return value|
|base_r     |   in|   64|     ap_none|               base_r|        scalar|
+-----------+-----+-----+------------+---------------------+--------------+

