

================================================================
== Vitis HLS Report for 'dataflow_in_loop_VITIS_LOOP_66_1'
================================================================
* Date:           Mon Sep  4 09:33:45 2023

* Version:        2022.1.2 (Build 3605665 on Fri Aug  5 22:52:02 MDT 2022)
* Project:        out.prj
* Solution:       solution1 (Vivado IP Flow Target)
* Product family: zynq
* Target device:  xc7z020-clg484-1


================================================================
== Performance Estimates
================================================================
+ Timing: 
    * Summary: 
    +--------+----------+----------+------------+
    |  Clock |  Target  | Estimated| Uncertainty|
    +--------+----------+----------+------------+
    |ap_clk  |  10.00 ns|  7.268 ns|     2.70 ns|
    +--------+----------+----------+------------+

+ Latency: 
    * Summary: 
    +---------+---------+----------+----------+-----+-----+----------+
    |  Latency (cycles) |  Latency (absolute) |  Interval | Pipeline |
    |   min   |   max   |    min   |    max   | min | max |   Type   |
    +---------+---------+----------+----------+-----+-----+----------+
    |      274|      274|  2.740 us|  2.740 us|  265|  265|  dataflow|
    +---------+---------+----------+----------+-----+-----+----------+

    + Detail: 
        * Instance: 
        N/A

        * Loop: 
        N/A

============================================================
+ Verbose Summary: Synthesis Manager
============================================================
InlineROM: 1
ExposeGlobal: 0
============================================================
+ Verbose Summary: CDFG Model
============================================================
IsTopModel: 0
ResetActiveHigh: 1
IsCombinational: 2
IsDatapathOnly: 0
HasWiredReturn: 1
HasMFsm: 0
HasVarLatency: 1
IsPipeline: 0
IsRtlPipelined: 0
IsInstanceOverlapped: 0
IsDontTouch: 0
HasImplIP: 0
IsGatedGlobalClock: 0


============================================================
+ Verbose Summary: Schedule
============================================================
* Number of FSM states : 6
* Pipeline : 0
* Dataflow Pipeline: 1
  DF-Pipeline-0: Size = 6, States = { 1 2 3 4 5 6 }

* FSM state transitions: 
1 --> 2 
2 --> 3 
3 --> 4 
4 --> 5 
5 --> 6 
6 --> 

* FSM state operations: 

State 1 <SV = 0> <Delay = 3.63>
ST_1 : Operation 7 [1/1] (0.00ns)   --->   "%jj_read = read i2 @_ssdm_op_Read.ap_auto.i2, i2 %jj" [gemm_systolic_array.cpp:68]   --->   Operation 7 'read' 'jj_read' <Predicate = true> <Delay = 0.00>
ST_1 : Operation 8 [1/1] (0.00ns)   --->   "%ii_read = read i2 @_ssdm_op_Read.ap_auto.i2, i2 %ii" [gemm_systolic_array.cpp:68]   --->   Operation 8 'read' 'ii_read' <Predicate = true> <Delay = 0.00>
ST_1 : Operation 9 [1/1] (0.00ns)   --->   "%jj_c = alloca i64 1" [gemm_systolic_array.cpp:68]   --->   Operation 9 'alloca' 'jj_c' <Predicate = true> <Delay = 0.00> <CoreInst = "FIFO_SRL">   --->   Core 81 'FIFO_SRL' <Latency = 0> <II = 1> <Delay = 3.63> <Storage> <Opcode : 'read' 'write' 'nbread' 'nbwrite'> <Ports = 0> <Width = 2> <Depth = 3> <FIFO>
ST_1 : Operation 10 [1/1] (0.00ns)   --->   "%ii_c = alloca i64 1" [gemm_systolic_array.cpp:68]   --->   Operation 10 'alloca' 'ii_c' <Predicate = true> <Delay = 0.00> <CoreInst = "FIFO_SRL">   --->   Core 81 'FIFO_SRL' <Latency = 0> <II = 1> <Delay = 3.63> <Storage> <Opcode : 'read' 'write' 'nbread' 'nbwrite'> <Ports = 0> <Width = 2> <Depth = 3> <FIFO>
ST_1 : Operation 11 [1/1] (0.00ns)   --->   "%block_A_loader_01 = alloca i64 1"   --->   Operation 11 'alloca' 'block_A_loader_01' <Predicate = true> <Delay = 0.00> <CoreInst = "FIFO_SRL">   --->   Core 81 'FIFO_SRL' <Latency = 0> <II = 1> <Delay = 3.63> <Storage> <Opcode : 'read' 'write' 'nbread' 'nbwrite'> <Ports = 0> <Width = 32> <Depth = 2> <FIFO>
ST_1 : Operation 12 [1/1] (0.00ns)   --->   "%block_A_loader_12 = alloca i64 1"   --->   Operation 12 'alloca' 'block_A_loader_12' <Predicate = true> <Delay = 0.00> <CoreInst = "FIFO_SRL">   --->   Core 81 'FIFO_SRL' <Latency = 0> <II = 1> <Delay = 3.63> <Storage> <Opcode : 'read' 'write' 'nbread' 'nbwrite'> <Ports = 0> <Width = 32> <Depth = 2> <FIFO>
ST_1 : Operation 13 [1/1] (0.00ns)   --->   "%block_A_loader_23 = alloca i64 1"   --->   Operation 13 'alloca' 'block_A_loader_23' <Predicate = true> <Delay = 0.00> <CoreInst = "FIFO_SRL">   --->   Core 81 'FIFO_SRL' <Latency = 0> <II = 1> <Delay = 3.63> <Storage> <Opcode : 'read' 'write' 'nbread' 'nbwrite'> <Ports = 0> <Width = 32> <Depth = 2> <FIFO>
ST_1 : Operation 14 [1/1] (0.00ns)   --->   "%block_A_loader_34 = alloca i64 1"   --->   Operation 14 'alloca' 'block_A_loader_34' <Predicate = true> <Delay = 0.00> <CoreInst = "FIFO_SRL">   --->   Core 81 'FIFO_SRL' <Latency = 0> <II = 1> <Delay = 3.63> <Storage> <Opcode : 'read' 'write' 'nbread' 'nbwrite'> <Ports = 0> <Width = 32> <Depth = 2> <FIFO>
ST_1 : Operation 15 [1/1] (0.00ns)   --->   "%block_B_loader_05 = alloca i64 1"   --->   Operation 15 'alloca' 'block_B_loader_05' <Predicate = true> <Delay = 0.00> <CoreInst = "FIFO_SRL">   --->   Core 81 'FIFO_SRL' <Latency = 0> <II = 1> <Delay = 3.63> <Storage> <Opcode : 'read' 'write' 'nbread' 'nbwrite'> <Ports = 0> <Width = 32> <Depth = 2> <FIFO>
ST_1 : Operation 16 [1/1] (0.00ns)   --->   "%block_B_loader_16 = alloca i64 1"   --->   Operation 16 'alloca' 'block_B_loader_16' <Predicate = true> <Delay = 0.00> <CoreInst = "FIFO_SRL">   --->   Core 81 'FIFO_SRL' <Latency = 0> <II = 1> <Delay = 3.63> <Storage> <Opcode : 'read' 'write' 'nbread' 'nbwrite'> <Ports = 0> <Width = 32> <Depth = 2> <FIFO>
ST_1 : Operation 17 [1/1] (0.00ns)   --->   "%block_B_loader_27 = alloca i64 1"   --->   Operation 17 'alloca' 'block_B_loader_27' <Predicate = true> <Delay = 0.00> <CoreInst = "FIFO_SRL">   --->   Core 81 'FIFO_SRL' <Latency = 0> <II = 1> <Delay = 3.63> <Storage> <Opcode : 'read' 'write' 'nbread' 'nbwrite'> <Ports = 0> <Width = 32> <Depth = 2> <FIFO>
ST_1 : Operation 18 [1/1] (0.00ns)   --->   "%block_B_loader_38 = alloca i64 1"   --->   Operation 18 'alloca' 'block_B_loader_38' <Predicate = true> <Delay = 0.00> <CoreInst = "FIFO_SRL">   --->   Core 81 'FIFO_SRL' <Latency = 0> <II = 1> <Delay = 3.63> <Storage> <Opcode : 'read' 'write' 'nbread' 'nbwrite'> <Ports = 0> <Width = 32> <Depth = 2> <FIFO>
ST_1 : Operation 19 [1/1] (0.00ns)   --->   "%block_C_drainer_09 = alloca i64 1"   --->   Operation 19 'alloca' 'block_C_drainer_09' <Predicate = true> <Delay = 0.00> <CoreInst = "FIFO_SRL">   --->   Core 81 'FIFO_SRL' <Latency = 0> <II = 1> <Delay = 3.63> <Storage> <Opcode : 'read' 'write' 'nbread' 'nbwrite'> <Ports = 0> <Width = 32> <Depth = 2> <FIFO>
ST_1 : Operation 20 [1/1] (0.00ns)   --->   "%block_C_drainer_110 = alloca i64 1"   --->   Operation 20 'alloca' 'block_C_drainer_110' <Predicate = true> <Delay = 0.00> <CoreInst = "FIFO_SRL">   --->   Core 81 'FIFO_SRL' <Latency = 0> <II = 1> <Delay = 3.63> <Storage> <Opcode : 'read' 'write' 'nbread' 'nbwrite'> <Ports = 0> <Width = 32> <Depth = 2> <FIFO>
ST_1 : Operation 21 [1/1] (0.00ns)   --->   "%block_C_drainer_211 = alloca i64 1"   --->   Operation 21 'alloca' 'block_C_drainer_211' <Predicate = true> <Delay = 0.00> <CoreInst = "FIFO_SRL">   --->   Core 81 'FIFO_SRL' <Latency = 0> <II = 1> <Delay = 3.63> <Storage> <Opcode : 'read' 'write' 'nbread' 'nbwrite'> <Ports = 0> <Width = 32> <Depth = 2> <FIFO>
ST_1 : Operation 22 [1/1] (0.00ns)   --->   "%block_C_drainer_312 = alloca i64 1"   --->   Operation 22 'alloca' 'block_C_drainer_312' <Predicate = true> <Delay = 0.00> <CoreInst = "FIFO_SRL">   --->   Core 81 'FIFO_SRL' <Latency = 0> <II = 1> <Delay = 3.63> <Storage> <Opcode : 'read' 'write' 'nbread' 'nbwrite'> <Ports = 0> <Width = 32> <Depth = 2> <FIFO>
ST_1 : Operation 23 [2/2] (3.63ns)   --->   "%call_ln68 = call void @init_block_AB_proc, i32 %A_0, i2 %ii_read, i32 %block_A_loader_01, i32 %A_1, i32 %block_A_loader_12, i32 %A_2, i32 %block_A_loader_23, i32 %A_3, i32 %block_A_loader_34, i32 %B_0, i2 %jj_read, i32 %block_B_loader_05, i32 %B_1, i32 %block_B_loader_16, i32 %B_2, i32 %block_B_loader_27, i32 %B_3, i32 %block_B_loader_38, i2 %ii_c, i2 %jj_c" [gemm_systolic_array.cpp:68]   --->   Operation 23 'call' 'call_ln68' <Predicate = true> <Delay = 3.63> <CoreType = "Generic">   --->   Core 0 '' <Latency = 0> <II = 1> <Delay = 1.00> <Generic> <Opcode : >

State 2 <SV = 1> <Delay = 0.00>
ST_2 : Operation 24 [1/2] (0.00ns)   --->   "%call_ln68 = call void @init_block_AB_proc, i32 %A_0, i2 %ii_read, i32 %block_A_loader_01, i32 %A_1, i32 %block_A_loader_12, i32 %A_2, i32 %block_A_loader_23, i32 %A_3, i32 %block_A_loader_34, i32 %B_0, i2 %jj_read, i32 %block_B_loader_05, i32 %B_1, i32 %block_B_loader_16, i32 %B_2, i32 %block_B_loader_27, i32 %B_3, i32 %block_B_loader_38, i2 %ii_c, i2 %jj_c" [gemm_systolic_array.cpp:68]   --->   Operation 24 'call' 'call_ln68' <Predicate = true> <Delay = 0.00> <CoreType = "Generic">   --->   Core 0 '' <Latency = 0> <II = 1> <Delay = 1.00> <Generic> <Opcode : >

State 3 <SV = 2> <Delay = 0.00>
ST_3 : Operation 25 [2/2] (0.00ns)   --->   "%call_ln81 = call void @systolic_array_k_64, i32 %block_A_loader_01, i32 %block_A_loader_12, i32 %block_A_loader_23, i32 %block_A_loader_34, i32 %block_B_loader_05, i32 %block_B_loader_16, i32 %block_B_loader_27, i32 %block_B_loader_38, i32 %block_C_drainer_09, i32 %block_C_drainer_110, i32 %block_C_drainer_211, i32 %block_C_drainer_312" [gemm_systolic_array.cpp:81]   --->   Operation 25 'call' 'call_ln81' <Predicate = true> <Delay = 0.00> <CoreType = "Generic">   --->   Core 0 '' <Latency = 0> <II = 1> <Delay = 1.00> <Generic> <Opcode : >

State 4 <SV = 3> <Delay = 0.00>
ST_4 : Operation 26 [1/2] (0.00ns)   --->   "%call_ln81 = call void @systolic_array_k_64, i32 %block_A_loader_01, i32 %block_A_loader_12, i32 %block_A_loader_23, i32 %block_A_loader_34, i32 %block_B_loader_05, i32 %block_B_loader_16, i32 %block_B_loader_27, i32 %block_B_loader_38, i32 %block_C_drainer_09, i32 %block_C_drainer_110, i32 %block_C_drainer_211, i32 %block_C_drainer_312" [gemm_systolic_array.cpp:81]   --->   Operation 26 'call' 'call_ln81' <Predicate = true> <Delay = 0.00> <CoreType = "Generic">   --->   Core 0 '' <Latency = 0> <II = 1> <Delay = 1.00> <Generic> <Opcode : >

State 5 <SV = 4> <Delay = 0.00>
ST_5 : Operation 27 [2/2] (0.00ns)   --->   "%call_ln68 = call void @store_block_C_proc, i32 %C_3_3, i32 %C_3_2, i32 %C_3_1, i32 %C_3_0, i32 %C_2_3, i32 %C_2_2, i32 %C_2_1, i32 %C_2_0, i32 %C_1_3, i32 %C_1_2, i32 %C_1_1, i32 %C_1_0, i32 %C_0_3, i32 %C_0_2, i32 %C_0_1, i32 %C_0_0, i32 %block_C_drainer_110, i2 %ii_c, i32 %block_C_drainer_211, i32 %block_C_drainer_312, i32 %block_C_drainer_09, i2 %jj_c" [gemm_systolic_array.cpp:68]   --->   Operation 27 'call' 'call_ln68' <Predicate = true> <Delay = 0.00> <CoreType = "Generic">   --->   Core 0 '' <Latency = 0> <II = 1> <Delay = 1.00> <Generic> <Opcode : >

State 6 <SV = 5> <Delay = 0.00>
ST_6 : Operation 28 [1/1] (0.00ns)   --->   "%empty = specchannel i32 @_ssdm_op_SpecChannel, void @jj_c_str, i32 1, void @p_str, void @p_str, i32 3, i32 0, i2 %jj_c, i2 %jj_c" [gemm_systolic_array.cpp:68]   --->   Operation 28 'specchannel' 'empty' <Predicate = true> <Delay = 0.00>
ST_6 : Operation 29 [1/1] (0.00ns)   --->   "%specinterface_ln68 = specinterface void @_ssdm_op_SpecInterface, i2 %jj_c, void @ap_fifo_str, i32 0, i32 0, void @p_str, i32 0, i32 0, void @p_str, void @p_str, void @p_str, i32 2, i32 2, i32 16, i32 16, void @p_str, void @p_str, i32 4294967295, i32 0" [gemm_systolic_array.cpp:68]   --->   Operation 29 'specinterface' 'specinterface_ln68' <Predicate = true> <Delay = 0.00>
ST_6 : Operation 30 [1/1] (0.00ns)   --->   "%empty_1449 = specchannel i32 @_ssdm_op_SpecChannel, void @ii_c_str, i32 1, void @p_str, void @p_str, i32 3, i32 0, i2 %ii_c, i2 %ii_c" [gemm_systolic_array.cpp:68]   --->   Operation 30 'specchannel' 'empty_1449' <Predicate = true> <Delay = 0.00>
ST_6 : Operation 31 [1/1] (0.00ns)   --->   "%specinterface_ln68 = specinterface void @_ssdm_op_SpecInterface, i2 %ii_c, void @ap_fifo_str, i32 0, i32 0, void @p_str, i32 0, i32 0, void @p_str, void @p_str, void @p_str, i32 2, i32 2, i32 16, i32 16, void @p_str, void @p_str, i32 4294967295, i32 0" [gemm_systolic_array.cpp:68]   --->   Operation 31 'specinterface' 'specinterface_ln68' <Predicate = true> <Delay = 0.00>
ST_6 : Operation 32 [1/1] (0.00ns)   --->   "%specdataflowpipeline_ln68 = specdataflowpipeline void @_ssdm_op_SpecDataflowPipeline, i32 4294967295, i32 0, void @empty_20" [gemm_systolic_array.cpp:68]   --->   Operation 32 'specdataflowpipeline' 'specdataflowpipeline_ln68' <Predicate = true> <Delay = 0.00>
ST_6 : Operation 33 [1/1] (0.00ns)   --->   "%empty_1450 = specchannel i32 @_ssdm_op_SpecChannel, void @block_A_loader_0_str, i32 1, void @p_str, void @p_str, i32 2, i32 2, i32 %block_A_loader_01, i32 %block_A_loader_01"   --->   Operation 33 'specchannel' 'empty_1450' <Predicate = true> <Delay = 0.00>
ST_6 : Operation 34 [1/1] (0.00ns)   --->   "%empty_1451 = specchannel i32 @_ssdm_op_SpecChannel, void @block_A_loader_0_str, i32 1, void @p_str, void @p_str, i32 2, i32 2, i32 %block_A_loader_01, i32 %block_A_loader_01"   --->   Operation 34 'specchannel' 'empty_1451' <Predicate = true> <Delay = 0.00>
ST_6 : Operation 35 [1/1] (0.00ns)   --->   "%specinterface_ln0 = specinterface void @_ssdm_op_SpecInterface, i32 %block_A_loader_01, void @empty_30, i32 0, i32 0, void @empty_20, i32 0, i32 0, void @empty_20, void @empty_20, void @empty_20, i32 0, i32 0, i32 0, i32 0, void @empty_20, void @empty_20, i32 4294967295, i32 0"   --->   Operation 35 'specinterface' 'specinterface_ln0' <Predicate = true> <Delay = 0.00>
ST_6 : Operation 36 [1/1] (0.00ns)   --->   "%empty_1452 = specchannel i32 @_ssdm_op_SpecChannel, void @block_A_loader_1_str, i32 1, void @p_str, void @p_str, i32 2, i32 2, i32 %block_A_loader_12, i32 %block_A_loader_12"   --->   Operation 36 'specchannel' 'empty_1452' <Predicate = true> <Delay = 0.00>
ST_6 : Operation 37 [1/1] (0.00ns)   --->   "%empty_1453 = specchannel i32 @_ssdm_op_SpecChannel, void @block_A_loader_1_str, i32 1, void @p_str, void @p_str, i32 2, i32 2, i32 %block_A_loader_12, i32 %block_A_loader_12"   --->   Operation 37 'specchannel' 'empty_1453' <Predicate = true> <Delay = 0.00>
ST_6 : Operation 38 [1/1] (0.00ns)   --->   "%specinterface_ln0 = specinterface void @_ssdm_op_SpecInterface, i32 %block_A_loader_12, void @empty_30, i32 0, i32 0, void @empty_20, i32 0, i32 0, void @empty_20, void @empty_20, void @empty_20, i32 0, i32 0, i32 0, i32 0, void @empty_20, void @empty_20, i32 4294967295, i32 0"   --->   Operation 38 'specinterface' 'specinterface_ln0' <Predicate = true> <Delay = 0.00>
ST_6 : Operation 39 [1/1] (0.00ns)   --->   "%empty_1454 = specchannel i32 @_ssdm_op_SpecChannel, void @block_A_loader_2_str, i32 1, void @p_str, void @p_str, i32 2, i32 2, i32 %block_A_loader_23, i32 %block_A_loader_23"   --->   Operation 39 'specchannel' 'empty_1454' <Predicate = true> <Delay = 0.00>
ST_6 : Operation 40 [1/1] (0.00ns)   --->   "%empty_1455 = specchannel i32 @_ssdm_op_SpecChannel, void @block_A_loader_2_str, i32 1, void @p_str, void @p_str, i32 2, i32 2, i32 %block_A_loader_23, i32 %block_A_loader_23"   --->   Operation 40 'specchannel' 'empty_1455' <Predicate = true> <Delay = 0.00>
ST_6 : Operation 41 [1/1] (0.00ns)   --->   "%specinterface_ln0 = specinterface void @_ssdm_op_SpecInterface, i32 %block_A_loader_23, void @empty_30, i32 0, i32 0, void @empty_20, i32 0, i32 0, void @empty_20, void @empty_20, void @empty_20, i32 0, i32 0, i32 0, i32 0, void @empty_20, void @empty_20, i32 4294967295, i32 0"   --->   Operation 41 'specinterface' 'specinterface_ln0' <Predicate = true> <Delay = 0.00>
ST_6 : Operation 42 [1/1] (0.00ns)   --->   "%empty_1456 = specchannel i32 @_ssdm_op_SpecChannel, void @block_A_loader_3_str, i32 1, void @p_str, void @p_str, i32 2, i32 2, i32 %block_A_loader_34, i32 %block_A_loader_34"   --->   Operation 42 'specchannel' 'empty_1456' <Predicate = true> <Delay = 0.00>
ST_6 : Operation 43 [1/1] (0.00ns)   --->   "%empty_1457 = specchannel i32 @_ssdm_op_SpecChannel, void @block_A_loader_3_str, i32 1, void @p_str, void @p_str, i32 2, i32 2, i32 %block_A_loader_34, i32 %block_A_loader_34"   --->   Operation 43 'specchannel' 'empty_1457' <Predicate = true> <Delay = 0.00>
ST_6 : Operation 44 [1/1] (0.00ns)   --->   "%specinterface_ln0 = specinterface void @_ssdm_op_SpecInterface, i32 %block_A_loader_34, void @empty_30, i32 0, i32 0, void @empty_20, i32 0, i32 0, void @empty_20, void @empty_20, void @empty_20, i32 0, i32 0, i32 0, i32 0, void @empty_20, void @empty_20, i32 4294967295, i32 0"   --->   Operation 44 'specinterface' 'specinterface_ln0' <Predicate = true> <Delay = 0.00>
ST_6 : Operation 45 [1/1] (0.00ns)   --->   "%empty_1458 = specchannel i32 @_ssdm_op_SpecChannel, void @block_B_loader_0_str, i32 1, void @p_str, void @p_str, i32 2, i32 2, i32 %block_B_loader_05, i32 %block_B_loader_05"   --->   Operation 45 'specchannel' 'empty_1458' <Predicate = true> <Delay = 0.00>
ST_6 : Operation 46 [1/1] (0.00ns)   --->   "%empty_1459 = specchannel i32 @_ssdm_op_SpecChannel, void @block_B_loader_0_str, i32 1, void @p_str, void @p_str, i32 2, i32 2, i32 %block_B_loader_05, i32 %block_B_loader_05"   --->   Operation 46 'specchannel' 'empty_1459' <Predicate = true> <Delay = 0.00>
ST_6 : Operation 47 [1/1] (0.00ns)   --->   "%specinterface_ln0 = specinterface void @_ssdm_op_SpecInterface, i32 %block_B_loader_05, void @empty_30, i32 0, i32 0, void @empty_20, i32 0, i32 0, void @empty_20, void @empty_20, void @empty_20, i32 0, i32 0, i32 0, i32 0, void @empty_20, void @empty_20, i32 4294967295, i32 0"   --->   Operation 47 'specinterface' 'specinterface_ln0' <Predicate = true> <Delay = 0.00>
ST_6 : Operation 48 [1/1] (0.00ns)   --->   "%empty_1460 = specchannel i32 @_ssdm_op_SpecChannel, void @block_B_loader_1_str, i32 1, void @p_str, void @p_str, i32 2, i32 2, i32 %block_B_loader_16, i32 %block_B_loader_16"   --->   Operation 48 'specchannel' 'empty_1460' <Predicate = true> <Delay = 0.00>
ST_6 : Operation 49 [1/1] (0.00ns)   --->   "%empty_1461 = specchannel i32 @_ssdm_op_SpecChannel, void @block_B_loader_1_str, i32 1, void @p_str, void @p_str, i32 2, i32 2, i32 %block_B_loader_16, i32 %block_B_loader_16"   --->   Operation 49 'specchannel' 'empty_1461' <Predicate = true> <Delay = 0.00>
ST_6 : Operation 50 [1/1] (0.00ns)   --->   "%specinterface_ln0 = specinterface void @_ssdm_op_SpecInterface, i32 %block_B_loader_16, void @empty_30, i32 0, i32 0, void @empty_20, i32 0, i32 0, void @empty_20, void @empty_20, void @empty_20, i32 0, i32 0, i32 0, i32 0, void @empty_20, void @empty_20, i32 4294967295, i32 0"   --->   Operation 50 'specinterface' 'specinterface_ln0' <Predicate = true> <Delay = 0.00>
ST_6 : Operation 51 [1/1] (0.00ns)   --->   "%empty_1462 = specchannel i32 @_ssdm_op_SpecChannel, void @block_B_loader_2_str, i32 1, void @p_str, void @p_str, i32 2, i32 2, i32 %block_B_loader_27, i32 %block_B_loader_27"   --->   Operation 51 'specchannel' 'empty_1462' <Predicate = true> <Delay = 0.00>
ST_6 : Operation 52 [1/1] (0.00ns)   --->   "%empty_1463 = specchannel i32 @_ssdm_op_SpecChannel, void @block_B_loader_2_str, i32 1, void @p_str, void @p_str, i32 2, i32 2, i32 %block_B_loader_27, i32 %block_B_loader_27"   --->   Operation 52 'specchannel' 'empty_1463' <Predicate = true> <Delay = 0.00>
ST_6 : Operation 53 [1/1] (0.00ns)   --->   "%specinterface_ln0 = specinterface void @_ssdm_op_SpecInterface, i32 %block_B_loader_27, void @empty_30, i32 0, i32 0, void @empty_20, i32 0, i32 0, void @empty_20, void @empty_20, void @empty_20, i32 0, i32 0, i32 0, i32 0, void @empty_20, void @empty_20, i32 4294967295, i32 0"   --->   Operation 53 'specinterface' 'specinterface_ln0' <Predicate = true> <Delay = 0.00>
ST_6 : Operation 54 [1/1] (0.00ns)   --->   "%empty_1464 = specchannel i32 @_ssdm_op_SpecChannel, void @block_B_loader_3_str, i32 1, void @p_str, void @p_str, i32 2, i32 2, i32 %block_B_loader_38, i32 %block_B_loader_38"   --->   Operation 54 'specchannel' 'empty_1464' <Predicate = true> <Delay = 0.00>
ST_6 : Operation 55 [1/1] (0.00ns)   --->   "%empty_1465 = specchannel i32 @_ssdm_op_SpecChannel, void @block_B_loader_3_str, i32 1, void @p_str, void @p_str, i32 2, i32 2, i32 %block_B_loader_38, i32 %block_B_loader_38"   --->   Operation 55 'specchannel' 'empty_1465' <Predicate = true> <Delay = 0.00>
ST_6 : Operation 56 [1/1] (0.00ns)   --->   "%specinterface_ln0 = specinterface void @_ssdm_op_SpecInterface, i32 %block_B_loader_38, void @empty_30, i32 0, i32 0, void @empty_20, i32 0, i32 0, void @empty_20, void @empty_20, void @empty_20, i32 0, i32 0, i32 0, i32 0, void @empty_20, void @empty_20, i32 4294967295, i32 0"   --->   Operation 56 'specinterface' 'specinterface_ln0' <Predicate = true> <Delay = 0.00>
ST_6 : Operation 57 [1/1] (0.00ns)   --->   "%empty_1466 = specchannel i32 @_ssdm_op_SpecChannel, void @block_C_drainer_0_str, i32 1, void @p_str, void @p_str, i32 2, i32 2, i32 %block_C_drainer_09, i32 %block_C_drainer_09"   --->   Operation 57 'specchannel' 'empty_1466' <Predicate = true> <Delay = 0.00>
ST_6 : Operation 58 [1/1] (0.00ns)   --->   "%empty_1467 = specchannel i32 @_ssdm_op_SpecChannel, void @block_C_drainer_0_str, i32 1, void @p_str, void @p_str, i32 2, i32 2, i32 %block_C_drainer_09, i32 %block_C_drainer_09"   --->   Operation 58 'specchannel' 'empty_1467' <Predicate = true> <Delay = 0.00>
ST_6 : Operation 59 [1/1] (0.00ns)   --->   "%specinterface_ln0 = specinterface void @_ssdm_op_SpecInterface, i32 %block_C_drainer_09, void @empty_30, i32 0, i32 0, void @empty_20, i32 0, i32 0, void @empty_20, void @empty_20, void @empty_20, i32 0, i32 0, i32 0, i32 0, void @empty_20, void @empty_20, i32 4294967295, i32 0"   --->   Operation 59 'specinterface' 'specinterface_ln0' <Predicate = true> <Delay = 0.00>
ST_6 : Operation 60 [1/1] (0.00ns)   --->   "%empty_1468 = specchannel i32 @_ssdm_op_SpecChannel, void @block_C_drainer_1_str, i32 1, void @p_str, void @p_str, i32 2, i32 2, i32 %block_C_drainer_110, i32 %block_C_drainer_110"   --->   Operation 60 'specchannel' 'empty_1468' <Predicate = true> <Delay = 0.00>
ST_6 : Operation 61 [1/1] (0.00ns)   --->   "%empty_1469 = specchannel i32 @_ssdm_op_SpecChannel, void @block_C_drainer_1_str, i32 1, void @p_str, void @p_str, i32 2, i32 2, i32 %block_C_drainer_110, i32 %block_C_drainer_110"   --->   Operation 61 'specchannel' 'empty_1469' <Predicate = true> <Delay = 0.00>
ST_6 : Operation 62 [1/1] (0.00ns)   --->   "%specinterface_ln0 = specinterface void @_ssdm_op_SpecInterface, i32 %block_C_drainer_110, void @empty_30, i32 0, i32 0, void @empty_20, i32 0, i32 0, void @empty_20, void @empty_20, void @empty_20, i32 0, i32 0, i32 0, i32 0, void @empty_20, void @empty_20, i32 4294967295, i32 0"   --->   Operation 62 'specinterface' 'specinterface_ln0' <Predicate = true> <Delay = 0.00>
ST_6 : Operation 63 [1/1] (0.00ns)   --->   "%empty_1470 = specchannel i32 @_ssdm_op_SpecChannel, void @block_C_drainer_2_str, i32 1, void @p_str, void @p_str, i32 2, i32 2, i32 %block_C_drainer_211, i32 %block_C_drainer_211"   --->   Operation 63 'specchannel' 'empty_1470' <Predicate = true> <Delay = 0.00>
ST_6 : Operation 64 [1/1] (0.00ns)   --->   "%empty_1471 = specchannel i32 @_ssdm_op_SpecChannel, void @block_C_drainer_2_str, i32 1, void @p_str, void @p_str, i32 2, i32 2, i32 %block_C_drainer_211, i32 %block_C_drainer_211"   --->   Operation 64 'specchannel' 'empty_1471' <Predicate = true> <Delay = 0.00>
ST_6 : Operation 65 [1/1] (0.00ns)   --->   "%specinterface_ln0 = specinterface void @_ssdm_op_SpecInterface, i32 %block_C_drainer_211, void @empty_30, i32 0, i32 0, void @empty_20, i32 0, i32 0, void @empty_20, void @empty_20, void @empty_20, i32 0, i32 0, i32 0, i32 0, void @empty_20, void @empty_20, i32 4294967295, i32 0"   --->   Operation 65 'specinterface' 'specinterface_ln0' <Predicate = true> <Delay = 0.00>
ST_6 : Operation 66 [1/1] (0.00ns)   --->   "%empty_1472 = specchannel i32 @_ssdm_op_SpecChannel, void @block_C_drainer_3_str, i32 1, void @p_str, void @p_str, i32 2, i32 2, i32 %block_C_drainer_312, i32 %block_C_drainer_312"   --->   Operation 66 'specchannel' 'empty_1472' <Predicate = true> <Delay = 0.00>
ST_6 : Operation 67 [1/1] (0.00ns)   --->   "%empty_1473 = specchannel i32 @_ssdm_op_SpecChannel, void @block_C_drainer_3_str, i32 1, void @p_str, void @p_str, i32 2, i32 2, i32 %block_C_drainer_312, i32 %block_C_drainer_312"   --->   Operation 67 'specchannel' 'empty_1473' <Predicate = true> <Delay = 0.00>
ST_6 : Operation 68 [1/1] (0.00ns)   --->   "%specinterface_ln0 = specinterface void @_ssdm_op_SpecInterface, i32 %block_C_drainer_312, void @empty_30, i32 0, i32 0, void @empty_20, i32 0, i32 0, void @empty_20, void @empty_20, void @empty_20, i32 0, i32 0, i32 0, i32 0, void @empty_20, void @empty_20, i32 4294967295, i32 0"   --->   Operation 68 'specinterface' 'specinterface_ln0' <Predicate = true> <Delay = 0.00>
ST_6 : Operation 69 [1/2] (0.00ns)   --->   "%call_ln68 = call void @store_block_C_proc, i32 %C_3_3, i32 %C_3_2, i32 %C_3_1, i32 %C_3_0, i32 %C_2_3, i32 %C_2_2, i32 %C_2_1, i32 %C_2_0, i32 %C_1_3, i32 %C_1_2, i32 %C_1_1, i32 %C_1_0, i32 %C_0_3, i32 %C_0_2, i32 %C_0_1, i32 %C_0_0, i32 %block_C_drainer_110, i2 %ii_c, i32 %block_C_drainer_211, i32 %block_C_drainer_312, i32 %block_C_drainer_09, i2 %jj_c" [gemm_systolic_array.cpp:68]   --->   Operation 69 'call' 'call_ln68' <Predicate = true> <Delay = 0.00> <CoreType = "Generic">   --->   Core 0 '' <Latency = 0> <II = 1> <Delay = 1.00> <Generic> <Opcode : >
ST_6 : Operation 70 [1/1] (0.00ns)   --->   "%ret_ln0 = ret"   --->   Operation 70 'ret' 'ret_ln0' <Predicate = true> <Delay = 0.00>


============================================================
+ Verbose Summary: Timing violations
============================================================
Target clock period: 10ns, clock uncertainty: 2.7ns.

 <State 1>: 3.63ns
The critical path consists of the following:
	wire read operation ('jj_read', gemm_systolic_array.cpp:68) on port 'jj' (gemm_systolic_array.cpp:68) [27]  (0 ns)
	'call' operation ('call_ln68', gemm_systolic_array.cpp:68) to 'init_block_AB_proc' [84]  (3.63 ns)

 <State 2>: 0ns
The critical path consists of the following:

 <State 3>: 0ns
The critical path consists of the following:

 <State 4>: 0ns
The critical path consists of the following:

 <State 5>: 0ns
The critical path consists of the following:

 <State 6>: 0ns
The critical path consists of the following:


============================================================
+ Verbose Summary: Binding
============================================================
N/A
* FSMD analyzer results:
  - Output states:
 - Input state : 
  - Chain level:
	State 1
	State 2
	State 3
	State 4
	State 5
	State 6


============================================================
+ Verbose Summary: Datapath Resource usage 
============================================================
N/A
