

================================================================
== Vitis HLS Report for 'PE_105'
================================================================
* Date:           Mon Sep  4 10:07:46 2023

* Version:        2022.1.2 (Build 3605665 on Fri Aug  5 22:52:02 MDT 2022)
* Project:        out.prj
* Solution:       solution1 (Vivado IP Flow Target)
* Product family: zynq
* Target device:  xc7z020-clg484-1


================================================================
== Performance Estimates
================================================================
+ Timing: 
    * Summary: 
    +--------+----------+----------+------------+
    |  Clock |  Target  | Estimated| Uncertainty|
    +--------+----------+----------+------------+
    |ap_clk  |  10.00 ns|  7.268 ns|     2.70 ns|
    +--------+----------+----------+------------+

+ Latency: 
    * Summary: 
    +---------+---------+-----------+-----------+------+------+---------+
    |  Latency (cycles) |   Latency (absolute)  |   Interval  | Pipeline|
    |   min   |   max   |    min    |    max    |  min |  max |   Type  |
    +---------+---------+-----------+-----------+------+------+---------+
    |     3080|     3080|  30.800 us|  30.800 us|  3080|  3080|       no|
    +---------+---------+-----------+-----------+------+------+---------+

    + Detail: 
        * Instance: 
        N/A

        * Loop: 
        +-----------+---------+---------+----------+-----------+-----------+------+----------+
        |           |  Latency (cycles) | Iteration|  Initiation Interval  | Trip |          |
        | Loop Name |   min   |   max   |  Latency |  achieved |   target  | Count| Pipelined|
        +-----------+---------+---------+----------+-----------+-----------+------+----------+
        |- PE_LOOP  |     3078|     3078|        11|          4|          1|   768|       yes|
        +-----------+---------+---------+----------+-----------+-----------+------+----------+



================================================================
== Utilization Estimates
================================================================
* Summary: 
+-----------------+---------+-----+--------+-------+-----+
|       Name      | BRAM_18K| DSP |   FF   |  LUT  | URAM|
+-----------------+---------+-----+--------+-------+-----+
|DSP              |        -|    -|       -|      -|    -|
|Expression       |        -|    -|       0|     34|    -|
|FIFO             |        -|    -|       -|      -|    -|
|Instance         |        -|    5|     348|    711|    -|
|Memory           |        -|    -|       -|      -|    -|
|Multiplexer      |        -|    -|       -|    160|    -|
|Register         |        -|    -|     182|      -|    -|
+-----------------+---------+-----+--------+-------+-----+
|Total            |        0|    5|     530|    905|    0|
+-----------------+---------+-----+--------+-------+-----+
|Available        |      280|  220|  106400|  53200|    0|
+-----------------+---------+-----+--------+-------+-----+
|Utilization (%)  |        0|    2|      ~0|      1|    0|
+-----------------+---------+-----+--------+-------+-----+

+ Detail: 
    * Instance: 
    +-------------------------------------+--------------------------------+---------+----+-----+-----+-----+
    |               Instance              |             Module             | BRAM_18K| DSP|  FF | LUT | URAM|
    +-------------------------------------+--------------------------------+---------+----+-----+-----+-----+
    |fadd_32ns_32ns_32_5_full_dsp_1_U862  |fadd_32ns_32ns_32_5_full_dsp_1  |        0|   2|  205|  390|    0|
    |fmul_32ns_32ns_32_4_max_dsp_1_U863   |fmul_32ns_32ns_32_4_max_dsp_1   |        0|   3|  143|  321|    0|
    +-------------------------------------+--------------------------------+---------+----+-----+-----+-----+
    |Total                                |                                |        0|   5|  348|  711|    0|
    +-------------------------------------+--------------------------------+---------+----+-----+-----+-----+

    * DSP: 
    N/A

    * Memory: 
    N/A

    * FIFO: 
    N/A

    * Expression: 
    +----------------------------------+----------+----+---+----+------------+------------+
    |           Variable Name          | Operation| DSP| FF| LUT| Bitwidth P0| Bitwidth P1|
    +----------------------------------+----------+----+---+----+------------+------------+
    |k_630_fu_98_p2                    |         +|   0|  0|  13|          10|           1|
    |ap_block_pp0_stage0_11001         |       and|   0|  0|   2|           1|           1|
    |ap_block_pp0_stage1_01001         |       and|   0|  0|   2|           1|           1|
    |ap_condition_193                  |       and|   0|  0|   2|           1|           1|
    |icmp_ln7_fu_92_p2                 |      icmp|   0|  0|  11|          10|          10|
    |ap_block_state2_pp0_stage1_iter0  |        or|   0|  0|   2|           1|           1|
    |ap_enable_pp0                     |       xor|   0|  0|   2|           1|           2|
    +----------------------------------+----------+----+---+----+------------+------------+
    |Total                             |          |   0|  0|  34|          25|          17|
    +----------------------------------+----------+----+---+----+------------+------------+

    * Multiplexer: 
    +---------------------------------------+----+-----------+-----+-----------+
    |                  Name                 | LUT| Input Size| Bits| Total Bits|
    +---------------------------------------+----+-----------+-----+-----------+
    |A_fifo_8_6_blk_n                       |   9|          2|    1|          2|
    |A_fifo_8_7_blk_n                       |   9|          2|    1|          2|
    |B_fifo_6_8_blk_n                       |   9|          2|    1|          2|
    |B_fifo_6_9_blk_n                       |   9|          2|    1|          2|
    |ap_NS_fsm                              |  25|          5|    1|          5|
    |ap_done_int                            |   9|          2|    1|          2|
    |ap_enable_reg_pp0_iter0                |   9|          2|    1|          2|
    |ap_enable_reg_pp0_iter1                |   9|          2|    1|          2|
    |ap_enable_reg_pp0_iter2                |   9|          2|    1|          2|
    |ap_loop_exit_ready_pp0_iter1_reg       |   9|          2|    1|          2|
    |ap_return                              |   9|          2|   32|         64|
    |ap_sig_allocacmp_C_out_out_0_load      |   9|          2|   32|         64|
    |ap_sig_allocacmp_C_out_out_0_load_601  |   9|          2|   32|         64|
    |ap_sig_allocacmp_k                     |   9|          2|   10|         20|
    |k_05_fu_40                             |   9|          2|   10|         20|
    |real_start                             |   9|          2|    1|          2|
    +---------------------------------------+----+-----------+-----+-----------+
    |Total                                  | 160|         35|  127|        257|
    +---------------------------------------+----+-----------+-----+-----------+

    * Register: 
    +----------------------------------+----+----+-----+-----------+
    |               Name               | FF | LUT| Bits| Const Bits|
    +----------------------------------+----+----+-----+-----------+
    |A_fifo_8_6_read_reg_147           |  32|   0|   32|          0|
    |B_fifo_6_8_read_reg_152           |  32|   0|   32|          0|
    |C_out_out_0_fu_44                 |  32|   0|   32|          0|
    |ap_CS_fsm                         |   4|   0|    4|          0|
    |ap_done_reg                       |   1|   0|    1|          0|
    |ap_enable_reg_pp0_iter0_reg       |   1|   0|    1|          0|
    |ap_enable_reg_pp0_iter1           |   1|   0|    1|          0|
    |ap_enable_reg_pp0_iter2           |   1|   0|    1|          0|
    |ap_loop_exit_ready_pp0_iter1_reg  |   1|   0|    1|          0|
    |ap_return_preg                    |  32|   0|   32|          0|
    |icmp_ln7_reg_143                  |   1|   0|    1|          0|
    |icmp_ln7_reg_143_pp0_iter1_reg    |   1|   0|    1|          0|
    |k_05_fu_40                        |  10|   0|   10|          0|
    |mul_reg_167                       |  32|   0|   32|          0|
    |start_once_reg                    |   1|   0|    1|          0|
    +----------------------------------+----+----+-----+-----------+
    |Total                             | 182|   0|  182|          0|
    +----------------------------------+----+----+-----+-----------+



================================================================
== Interface
================================================================
* Summary: 
+---------------------------+-----+-----+------------+--------------+--------------+
|         RTL Ports         | Dir | Bits|  Protocol  | Source Object|    C Type    |
+---------------------------+-----+-----+------------+--------------+--------------+
|ap_clk                     |   in|    1|  ap_ctrl_hs|        PE.105|  return value|
|ap_rst                     |   in|    1|  ap_ctrl_hs|        PE.105|  return value|
|ap_start                   |   in|    1|  ap_ctrl_hs|        PE.105|  return value|
|start_full_n               |   in|    1|  ap_ctrl_hs|        PE.105|  return value|
|ap_done                    |  out|    1|  ap_ctrl_hs|        PE.105|  return value|
|ap_continue                |   in|    1|  ap_ctrl_hs|        PE.105|  return value|
|ap_idle                    |  out|    1|  ap_ctrl_hs|        PE.105|  return value|
|ap_ready                   |  out|    1|  ap_ctrl_hs|        PE.105|  return value|
|start_out                  |  out|    1|  ap_ctrl_hs|        PE.105|  return value|
|start_write                |  out|    1|  ap_ctrl_hs|        PE.105|  return value|
|ap_return                  |  out|   32|  ap_ctrl_hs|        PE.105|  return value|
|A_fifo_8_6_dout            |   in|   32|     ap_fifo|    A_fifo_8_6|       pointer|
|A_fifo_8_6_num_data_valid  |   in|    2|     ap_fifo|    A_fifo_8_6|       pointer|
|A_fifo_8_6_fifo_cap        |   in|    2|     ap_fifo|    A_fifo_8_6|       pointer|
|A_fifo_8_6_empty_n         |   in|    1|     ap_fifo|    A_fifo_8_6|       pointer|
|A_fifo_8_6_read            |  out|    1|     ap_fifo|    A_fifo_8_6|       pointer|
|A_fifo_8_7_din             |  out|   32|     ap_fifo|    A_fifo_8_7|       pointer|
|A_fifo_8_7_num_data_valid  |   in|    2|     ap_fifo|    A_fifo_8_7|       pointer|
|A_fifo_8_7_fifo_cap        |   in|    2|     ap_fifo|    A_fifo_8_7|       pointer|
|A_fifo_8_7_full_n          |   in|    1|     ap_fifo|    A_fifo_8_7|       pointer|
|A_fifo_8_7_write           |  out|    1|     ap_fifo|    A_fifo_8_7|       pointer|
|B_fifo_6_8_dout            |   in|   32|     ap_fifo|    B_fifo_6_8|       pointer|
|B_fifo_6_8_num_data_valid  |   in|    2|     ap_fifo|    B_fifo_6_8|       pointer|
|B_fifo_6_8_fifo_cap        |   in|    2|     ap_fifo|    B_fifo_6_8|       pointer|
|B_fifo_6_8_empty_n         |   in|    1|     ap_fifo|    B_fifo_6_8|       pointer|
|B_fifo_6_8_read            |  out|    1|     ap_fifo|    B_fifo_6_8|       pointer|
|B_fifo_6_9_din             |  out|   32|     ap_fifo|    B_fifo_6_9|       pointer|
|B_fifo_6_9_num_data_valid  |   in|    2|     ap_fifo|    B_fifo_6_9|       pointer|
|B_fifo_6_9_fifo_cap        |   in|    2|     ap_fifo|    B_fifo_6_9|       pointer|
|B_fifo_6_9_full_n          |   in|    1|     ap_fifo|    B_fifo_6_9|       pointer|
|B_fifo_6_9_write           |  out|    1|     ap_fifo|    B_fifo_6_9|       pointer|
+---------------------------+-----+-----+------------+--------------+--------------+

============================================================
+ Verbose Summary: Synthesis Manager
============================================================
InlineROM: 1
ExposeGlobal: 0
============================================================
+ Verbose Summary: CDFG Model
============================================================
IsTopModel: 0
ResetActiveHigh: 1
IsCombinational: 2
IsDatapathOnly: 0
HasWiredReturn: 1
HasMFsm: 2
HasVarLatency: 1
IsPipeline: 0
IsRtlPipelined: 0
IsInstanceOverlapped: 0
IsDontTouch: 0
HasImplIP: 0
IsGatedGlobalClock: 0

+ Individual pipeline summary: 
  * Pipeline-0: initiation interval (II) = 4, depth = 11


============================================================
+ Verbose Summary: Schedule
============================================================
* Number of FSM states : 11
* Pipeline : 1
  Pipeline-0 : II = 4, D = 11, States = { 1 2 3 4 5 6 7 8 9 10 11 }
* Dataflow Pipeline: 0

* FSM state transitions: 
1 --> 2 
2 --> 3 
3 --> 4 
4 --> 5 
5 --> 6 
6 --> 7 
7 --> 8 
8 --> 9 
9 --> 10 
10 --> 11 
11 --> 

* FSM state operations: 

State 1 <SV = 0> <Delay = 3.35>
ST_1 : Operation 14 [1/1] (0.00ns)   --->   "%k_05 = alloca i32 1"   --->   Operation 14 'alloca' 'k_05' <Predicate = true> <Delay = 0.00>
ST_1 : Operation 15 [1/1] (0.00ns)   --->   "%C_out_out_0 = alloca i32 1"   --->   Operation 15 'alloca' 'C_out_out_0' <Predicate = true> <Delay = 0.00>
ST_1 : Operation 16 [1/1] (0.00ns)   --->   "%specinterface_ln0 = specinterface void @_ssdm_op_SpecInterface, i32 %B_fifo_6_9, void @empty_30, i32 0, i32 0, void @empty_20, i32 0, i32 0, void @empty_20, void @empty_20, void @empty_20, i32 0, i32 0, i32 0, i32 0, void @empty_20, void @empty_20, i32 4294967295, i32 0"   --->   Operation 16 'specinterface' 'specinterface_ln0' <Predicate = true> <Delay = 0.00>
ST_1 : Operation 17 [1/1] (0.00ns)   --->   "%specinterface_ln0 = specinterface void @_ssdm_op_SpecInterface, i32 %B_fifo_6_8, void @empty_30, i32 0, i32 0, void @empty_20, i32 0, i32 0, void @empty_20, void @empty_20, void @empty_20, i32 0, i32 0, i32 0, i32 0, void @empty_20, void @empty_20, i32 4294967295, i32 0"   --->   Operation 17 'specinterface' 'specinterface_ln0' <Predicate = true> <Delay = 0.00>
ST_1 : Operation 18 [1/1] (0.00ns)   --->   "%specinterface_ln0 = specinterface void @_ssdm_op_SpecInterface, i32 %A_fifo_8_7, void @empty_30, i32 0, i32 0, void @empty_20, i32 0, i32 0, void @empty_20, void @empty_20, void @empty_20, i32 0, i32 0, i32 0, i32 0, void @empty_20, void @empty_20, i32 4294967295, i32 0"   --->   Operation 18 'specinterface' 'specinterface_ln0' <Predicate = true> <Delay = 0.00>
ST_1 : Operation 19 [1/1] (0.00ns)   --->   "%specinterface_ln0 = specinterface void @_ssdm_op_SpecInterface, i32 %A_fifo_8_6, void @empty_30, i32 0, i32 0, void @empty_20, i32 0, i32 0, void @empty_20, void @empty_20, void @empty_20, i32 0, i32 0, i32 0, i32 0, void @empty_20, void @empty_20, i32 4294967295, i32 0"   --->   Operation 19 'specinterface' 'specinterface_ln0' <Predicate = true> <Delay = 0.00>
ST_1 : Operation 20 [1/1] (1.58ns)   --->   "%store_ln7 = store i10 0, i10 %k_05" [systolic_array.cpp:7]   --->   Operation 20 'store' 'store_ln7' <Predicate = true> <Delay = 1.58>
ST_1 : Operation 21 [1/1] (0.00ns)   --->   "%br_ln7 = br void %for.inc" [systolic_array.cpp:7]   --->   Operation 21 'br' 'br_ln7' <Predicate = true> <Delay = 0.00>
ST_1 : Operation 22 [1/1] (0.00ns)   --->   "%k = load i10 %k_05" [systolic_array.cpp:7]   --->   Operation 22 'load' 'k' <Predicate = true> <Delay = 0.00>
ST_1 : Operation 23 [1/1] (1.77ns)   --->   "%icmp_ln7 = icmp_eq  i10 %k, i10 768" [systolic_array.cpp:7]   --->   Operation 23 'icmp' 'icmp_ln7' <Predicate = true> <Delay = 1.77> <CoreInst = "Cmp">   --->   Core 9 'Cmp' <Latency = 0> <II = 1> <Delay = 1.77> <FuncUnit> <Opcode : 'icmp'> <InPorts = 2> <OutPorts = 1>
ST_1 : Operation 24 [1/1] (0.00ns)   --->   "%empty = speclooptripcount i32 @_ssdm_op_SpecLoopTripCount, i64 768, i64 768, i64 768"   --->   Operation 24 'speclooptripcount' 'empty' <Predicate = true> <Delay = 0.00>
ST_1 : Operation 25 [1/1] (1.73ns)   --->   "%k_630 = add i10 %k, i10 1" [systolic_array.cpp:7]   --->   Operation 25 'add' 'k_630' <Predicate = true> <Delay = 1.73> <CoreInst = "Adder">   --->   Core 1 'Adder' <Latency = 0> <II = 1> <Delay = 1.73> <FuncUnit> <Opcode : 'add' 'sub'> <InPorts = 2> <OutPorts = 1>
ST_1 : Operation 26 [1/1] (0.00ns)   --->   "%br_ln7 = br i1 %icmp_ln7, void %for.inc.split, void %for.end.loopexit" [systolic_array.cpp:7]   --->   Operation 26 'br' 'br_ln7' <Predicate = true> <Delay = 0.00>
ST_1 : Operation 27 [1/1] (1.58ns)   --->   "%store_ln7 = store i10 %k_630, i10 %k_05" [systolic_array.cpp:7]   --->   Operation 27 'store' 'store_ln7' <Predicate = (!icmp_ln7)> <Delay = 1.58>

State 2 <SV = 1> <Delay = 7.26>
ST_2 : Operation 28 [1/1] (3.63ns)   --->   "%A_fifo_8_6_read = read i32 @_ssdm_op_Read.ap_fifo.volatile.i32P0A, i32 %A_fifo_8_6" [/opt/xilinx/2022.1/Vitis_HLS/2022.1/common/technology/autopilot/hls_stream_39.h:145]   --->   Operation 28 'read' 'A_fifo_8_6_read' <Predicate = (!icmp_ln7)> <Delay = 3.63> <CoreInst = "FIFO_SRL">   --->   Core 81 'FIFO_SRL' <Latency = 0> <II = 1> <Delay = 3.63> <Storage> <Opcode : 'read' 'write' 'nbread' 'nbwrite'> <Ports = 0> <Width = 32> <Depth = 2> <FIFO>
ST_2 : Operation 29 [1/1] (3.63ns)   --->   "%B_fifo_6_8_read = read i32 @_ssdm_op_Read.ap_fifo.volatile.i32P0A, i32 %B_fifo_6_8" [/opt/xilinx/2022.1/Vitis_HLS/2022.1/common/technology/autopilot/hls_stream_39.h:145]   --->   Operation 29 'read' 'B_fifo_6_8_read' <Predicate = (!icmp_ln7)> <Delay = 3.63> <CoreInst = "FIFO_SRL">   --->   Core 81 'FIFO_SRL' <Latency = 0> <II = 1> <Delay = 3.63> <Storage> <Opcode : 'read' 'write' 'nbread' 'nbwrite'> <Ports = 0> <Width = 32> <Depth = 2> <FIFO>
ST_2 : Operation 30 [1/1] (3.63ns)   --->   "%write_ln174 = write void @_ssdm_op_Write.ap_fifo.volatile.i32P0A, i32 %A_fifo_8_7, i32 %A_fifo_8_6_read" [/opt/xilinx/2022.1/Vitis_HLS/2022.1/common/technology/autopilot/hls_stream_39.h:174]   --->   Operation 30 'write' 'write_ln174' <Predicate = (!icmp_ln7)> <Delay = 3.63> <CoreInst = "FIFO_SRL">   --->   Core 81 'FIFO_SRL' <Latency = 0> <II = 1> <Delay = 3.63> <Storage> <Opcode : 'read' 'write' 'nbread' 'nbwrite'> <Ports = 0> <Width = 32> <Depth = 2> <FIFO>
ST_2 : Operation 31 [1/1] (3.63ns)   --->   "%write_ln174 = write void @_ssdm_op_Write.ap_fifo.volatile.i32P0A, i32 %B_fifo_6_9, i32 %B_fifo_6_8_read" [/opt/xilinx/2022.1/Vitis_HLS/2022.1/common/technology/autopilot/hls_stream_39.h:174]   --->   Operation 31 'write' 'write_ln174' <Predicate = (!icmp_ln7)> <Delay = 3.63> <CoreInst = "FIFO_SRL">   --->   Core 81 'FIFO_SRL' <Latency = 0> <II = 1> <Delay = 3.63> <Storage> <Opcode : 'read' 'write' 'nbread' 'nbwrite'> <Ports = 0> <Width = 32> <Depth = 2> <FIFO>

State 3 <SV = 2> <Delay = 5.70>
ST_3 : Operation 32 [1/1] (0.00ns)   --->   "%tmp = bitcast i32 %A_fifo_8_6_read" [/opt/xilinx/2022.1/Vitis_HLS/2022.1/common/technology/autopilot/hls_stream_39.h:145]   --->   Operation 32 'bitcast' 'tmp' <Predicate = (!icmp_ln7)> <Delay = 0.00>
ST_3 : Operation 33 [1/1] (0.00ns)   --->   "%tmp_721 = bitcast i32 %B_fifo_6_8_read" [/opt/xilinx/2022.1/Vitis_HLS/2022.1/common/technology/autopilot/hls_stream_39.h:145]   --->   Operation 33 'bitcast' 'tmp_721' <Predicate = (!icmp_ln7)> <Delay = 0.00>
ST_3 : Operation 34 [4/4] (5.70ns)   --->   "%mul = fmul i32 %tmp, i32 %tmp_721" [systolic_array.cpp:11]   --->   Operation 34 'fmul' 'mul' <Predicate = (!icmp_ln7)> <Delay = 5.70> <CoreInst = "FMul_maxdsp">   --->   Core 30 'FMul_maxdsp' <Latency = 3> <II = 1> <Delay = 5.70> <FuncUnit> <Opcode : 'fmul'> <InPorts = 2> <OutPorts = 1>

State 4 <SV = 3> <Delay = 5.70>
ST_4 : Operation 35 [3/4] (5.70ns)   --->   "%mul = fmul i32 %tmp, i32 %tmp_721" [systolic_array.cpp:11]   --->   Operation 35 'fmul' 'mul' <Predicate = (!icmp_ln7)> <Delay = 5.70> <CoreInst = "FMul_maxdsp">   --->   Core 30 'FMul_maxdsp' <Latency = 3> <II = 1> <Delay = 5.70> <FuncUnit> <Opcode : 'fmul'> <InPorts = 2> <OutPorts = 1>

State 5 <SV = 4> <Delay = 5.70>
ST_5 : Operation 36 [2/4] (5.70ns)   --->   "%mul = fmul i32 %tmp, i32 %tmp_721" [systolic_array.cpp:11]   --->   Operation 36 'fmul' 'mul' <Predicate = true> <Delay = 5.70> <CoreInst = "FMul_maxdsp">   --->   Core 30 'FMul_maxdsp' <Latency = 3> <II = 1> <Delay = 5.70> <FuncUnit> <Opcode : 'fmul'> <InPorts = 2> <OutPorts = 1>

State 6 <SV = 5> <Delay = 5.70>
ST_6 : Operation 37 [1/4] (5.70ns)   --->   "%mul = fmul i32 %tmp, i32 %tmp_721" [systolic_array.cpp:11]   --->   Operation 37 'fmul' 'mul' <Predicate = true> <Delay = 5.70> <CoreInst = "FMul_maxdsp">   --->   Core 30 'FMul_maxdsp' <Latency = 3> <II = 1> <Delay = 5.70> <FuncUnit> <Opcode : 'fmul'> <InPorts = 2> <OutPorts = 1>

State 7 <SV = 6> <Delay = 7.25>
ST_7 : Operation 38 [1/1] (0.00ns)   --->   "%C_out_out_0_load = load i32 %C_out_out_0" [systolic_array.cpp:11]   --->   Operation 38 'load' 'C_out_out_0_load' <Predicate = true> <Delay = 0.00>
ST_7 : Operation 39 [5/5] (7.25ns)   --->   "%add = fadd i32 %C_out_out_0_load, i32 %mul" [systolic_array.cpp:11]   --->   Operation 39 'fadd' 'add' <Predicate = true> <Delay = 7.25> <CoreInst = "FAddSub_fulldsp">   --->   Core 18 'FAddSub_fulldsp' <Latency = 4> <II = 1> <Delay = 7.25> <FuncUnit> <Opcode : 'fadd' 'fsub'> <InPorts = 2> <OutPorts = 1>
ST_7 : Operation 48 [1/1] (0.00ns)   --->   "%C_out_out_0_load_601 = load i32 %C_out_out_0" [systolic_array.cpp:15]   --->   Operation 48 'load' 'C_out_out_0_load_601' <Predicate = (icmp_ln7)> <Delay = 0.00>
ST_7 : Operation 49 [1/1] (0.00ns)   --->   "%ret_ln15 = ret i32 %C_out_out_0_load_601" [systolic_array.cpp:15]   --->   Operation 49 'ret' 'ret_ln15' <Predicate = (icmp_ln7)> <Delay = 0.00>

State 8 <SV = 7> <Delay = 7.25>
ST_8 : Operation 40 [4/5] (7.25ns)   --->   "%add = fadd i32 %C_out_out_0_load, i32 %mul" [systolic_array.cpp:11]   --->   Operation 40 'fadd' 'add' <Predicate = true> <Delay = 7.25> <CoreInst = "FAddSub_fulldsp">   --->   Core 18 'FAddSub_fulldsp' <Latency = 4> <II = 1> <Delay = 7.25> <FuncUnit> <Opcode : 'fadd' 'fsub'> <InPorts = 2> <OutPorts = 1>

State 9 <SV = 8> <Delay = 7.25>
ST_9 : Operation 41 [3/5] (7.25ns)   --->   "%add = fadd i32 %C_out_out_0_load, i32 %mul" [systolic_array.cpp:11]   --->   Operation 41 'fadd' 'add' <Predicate = true> <Delay = 7.25> <CoreInst = "FAddSub_fulldsp">   --->   Core 18 'FAddSub_fulldsp' <Latency = 4> <II = 1> <Delay = 7.25> <FuncUnit> <Opcode : 'fadd' 'fsub'> <InPorts = 2> <OutPorts = 1>

State 10 <SV = 9> <Delay = 7.25>
ST_10 : Operation 42 [2/5] (7.25ns)   --->   "%add = fadd i32 %C_out_out_0_load, i32 %mul" [systolic_array.cpp:11]   --->   Operation 42 'fadd' 'add' <Predicate = true> <Delay = 7.25> <CoreInst = "FAddSub_fulldsp">   --->   Core 18 'FAddSub_fulldsp' <Latency = 4> <II = 1> <Delay = 7.25> <FuncUnit> <Opcode : 'fadd' 'fsub'> <InPorts = 2> <OutPorts = 1>

State 11 <SV = 10> <Delay = 7.25>
ST_11 : Operation 43 [1/1] (0.00ns)   --->   "%specpipeline_ln8 = specpipeline void @_ssdm_op_SpecPipeline, i32 1, i32 0, i32 0, i32 0, void @empty_20" [systolic_array.cpp:8]   --->   Operation 43 'specpipeline' 'specpipeline_ln8' <Predicate = true> <Delay = 0.00>
ST_11 : Operation 44 [1/1] (0.00ns)   --->   "%specloopname_ln7 = specloopname void @_ssdm_op_SpecLoopName, void @empty_4" [systolic_array.cpp:7]   --->   Operation 44 'specloopname' 'specloopname_ln7' <Predicate = true> <Delay = 0.00>
ST_11 : Operation 45 [1/5] (7.25ns)   --->   "%add = fadd i32 %C_out_out_0_load, i32 %mul" [systolic_array.cpp:11]   --->   Operation 45 'fadd' 'add' <Predicate = true> <Delay = 7.25> <CoreInst = "FAddSub_fulldsp">   --->   Core 18 'FAddSub_fulldsp' <Latency = 4> <II = 1> <Delay = 7.25> <FuncUnit> <Opcode : 'fadd' 'fsub'> <InPorts = 2> <OutPorts = 1>
ST_11 : Operation 46 [1/1] (0.00ns)   --->   "%store_ln7 = store i32 %add, i32 %C_out_out_0" [systolic_array.cpp:7]   --->   Operation 46 'store' 'store_ln7' <Predicate = true> <Delay = 0.00>
ST_11 : Operation 47 [1/1] (0.00ns)   --->   "%br_ln7 = br void %for.inc" [systolic_array.cpp:7]   --->   Operation 47 'br' 'br_ln7' <Predicate = true> <Delay = 0.00>


============================================================
+ Verbose Summary: Binding
============================================================
STG Binding: 
---------------- STG Properties BEGIN ----------------
- Is combinational: 0
- Is one-state seq: 0
- Is datapath-only: 0
- Is pipelined: 0
- Is top level: 0
Port [ Return ] is wired: 1; IO mode=ap_ctrl_hs:ce=0
Port [ A_fifo_8_6]:  wired=1; compound=1; hidden=0; nouse=0; global=0; static=0; extern=0; dir=0; type=3; pingpong=0; private_global=0; IO mode=ap_fifo:ce=0
Port [ A_fifo_8_7]:  wired=1; compound=1; hidden=0; nouse=0; global=0; static=0; extern=0; dir=1; type=3; pingpong=0; private_global=0; IO mode=ap_fifo:ce=0
Port [ B_fifo_6_8]:  wired=1; compound=1; hidden=0; nouse=0; global=0; static=0; extern=0; dir=0; type=3; pingpong=0; private_global=0; IO mode=ap_fifo:ce=0
Port [ B_fifo_6_9]:  wired=1; compound=1; hidden=0; nouse=0; global=0; static=0; extern=0; dir=1; type=3; pingpong=0; private_global=0; IO mode=ap_fifo:ce=0
---------------- STG Properties END ------------------

---------------- Datapath Model BEGIN ----------------

<LifeTime>
<method=bitvector/>
k_05                 (alloca           ) [ 010000000000]
C_out_out_0          (alloca           ) [ 011111111111]
specinterface_ln0    (specinterface    ) [ 000000000000]
specinterface_ln0    (specinterface    ) [ 000000000000]
specinterface_ln0    (specinterface    ) [ 000000000000]
specinterface_ln0    (specinterface    ) [ 000000000000]
store_ln7            (store            ) [ 000000000000]
br_ln7               (br               ) [ 000000000000]
k                    (load             ) [ 000000000000]
icmp_ln7             (icmp             ) [ 011111110000]
empty                (speclooptripcount) [ 000000000000]
k_630                (add              ) [ 000000000000]
br_ln7               (br               ) [ 000000000000]
store_ln7            (store            ) [ 000000000000]
A_fifo_8_6_read      (read             ) [ 000100000000]
B_fifo_6_8_read      (read             ) [ 000100000000]
write_ln174          (write            ) [ 000000000000]
write_ln174          (write            ) [ 000000000000]
tmp                  (bitcast          ) [ 011011100000]
tmp_721              (bitcast          ) [ 011011100000]
mul                  (fmul             ) [ 011110011111]
C_out_out_0_load     (load             ) [ 011110001111]
specpipeline_ln8     (specpipeline     ) [ 000000000000]
specloopname_ln7     (specloopname     ) [ 000000000000]
add                  (fadd             ) [ 000000000000]
store_ln7            (store            ) [ 000000000000]
br_ln7               (br               ) [ 000000000000]
C_out_out_0_load_601 (load             ) [ 000000000000]
ret_ln15             (ret              ) [ 000000000000]
</LifeTime>

<model>

<comp_list>
<comp id="0" class="1000" name="A_fifo_8_6">
<pin_list>
<pin id="1" dir="1" index="0" bw="1" slack="0"/>
</pin_list>
<bind>
<StgValue><ssdm name="A_fifo_8_6"/></StgValue>
</bind>
</comp>

<comp id="2" class="1000" name="A_fifo_8_7">
<pin_list>
<pin id="3" dir="1" index="0" bw="1" slack="0"/>
</pin_list>
<bind>
<StgValue><ssdm name="A_fifo_8_7"/></StgValue>
</bind>
</comp>

<comp id="4" class="1000" name="B_fifo_6_8">
<pin_list>
<pin id="5" dir="1" index="0" bw="1" slack="0"/>
</pin_list>
<bind>
<StgValue><ssdm name="B_fifo_6_8"/></StgValue>
</bind>
</comp>

<comp id="6" class="1000" name="B_fifo_6_9">
<pin_list>
<pin id="7" dir="1" index="0" bw="1" slack="0"/>
</pin_list>
<bind>
<StgValue><ssdm name="B_fifo_6_9"/></StgValue>
</bind>
</comp>

<comp id="8" class="1001" name="const_8">
<pin_list>
<pin id="9" dir="1" index="0" bw="1" slack="0"/>
</pin_list>
<bind>
<StgValue><ssdm name=""/></StgValue>
</bind>
</comp>

<comp id="10" class="1001" name="const_10">
<pin_list>
<pin id="11" dir="1" index="0" bw="1" slack="2147483647"/>
</pin_list>
<bind>
<StgValue><ssdm name="_ssdm_op_SpecInterface"/></StgValue>
</bind>
</comp>

<comp id="12" class="1001" name="const_12">
<pin_list>
<pin id="13" dir="1" index="0" bw="1" slack="2147483647"/>
</pin_list>
<bind>
<StgValue><ssdm name="empty_30"/></StgValue>
</bind>
</comp>

<comp id="14" class="1001" name="const_14">
<pin_list>
<pin id="15" dir="1" index="0" bw="1" slack="2147483647"/>
</pin_list>
<bind>
<StgValue><ssdm name=""/></StgValue>
</bind>
</comp>

<comp id="16" class="1001" name="const_16">
<pin_list>
<pin id="17" dir="1" index="0" bw="1" slack="2147483647"/>
</pin_list>
<bind>
<StgValue><ssdm name="empty_20"/></StgValue>
</bind>
</comp>

<comp id="18" class="1001" name="const_18">
<pin_list>
<pin id="19" dir="1" index="0" bw="1" slack="2147483647"/>
</pin_list>
<bind>
<StgValue><ssdm name=""/></StgValue>
</bind>
</comp>

<comp id="20" class="1001" name="const_20">
<pin_list>
<pin id="21" dir="1" index="0" bw="1" slack="0"/>
</pin_list>
<bind>
<StgValue><ssdm name=""/></StgValue>
</bind>
</comp>

<comp id="22" class="1001" name="const_22">
<pin_list>
<pin id="23" dir="1" index="0" bw="1" slack="0"/>
</pin_list>
<bind>
<StgValue><ssdm name=""/></StgValue>
</bind>
</comp>

<comp id="24" class="1001" name="const_24">
<pin_list>
<pin id="25" dir="1" index="0" bw="1" slack="2147483647"/>
</pin_list>
<bind>
<StgValue><ssdm name="_ssdm_op_SpecLoopTripCount"/></StgValue>
</bind>
</comp>

<comp id="26" class="1001" name="const_26">
<pin_list>
<pin id="27" dir="1" index="0" bw="1" slack="2147483647"/>
</pin_list>
<bind>
<StgValue><ssdm name=""/></StgValue>
</bind>
</comp>

<comp id="28" class="1001" name="const_28">
<pin_list>
<pin id="29" dir="1" index="0" bw="1" slack="0"/>
</pin_list>
<bind>
<StgValue><ssdm name=""/></StgValue>
</bind>
</comp>

<comp id="30" class="1001" name="const_30">
<pin_list>
<pin id="31" dir="1" index="0" bw="1" slack="0"/>
</pin_list>
<bind>
<StgValue><ssdm name="_ssdm_op_Read.ap_fifo.volatile.i32P0A"/></StgValue>
</bind>
</comp>

<comp id="32" class="1001" name="const_32">
<pin_list>
<pin id="33" dir="1" index="0" bw="1" slack="0"/>
</pin_list>
<bind>
<StgValue><ssdm name="_ssdm_op_Write.ap_fifo.volatile.i32P0A"/></StgValue>
</bind>
</comp>

<comp id="34" class="1001" name="const_34">
<pin_list>
<pin id="35" dir="1" index="0" bw="1" slack="2147483647"/>
</pin_list>
<bind>
<StgValue><ssdm name="_ssdm_op_SpecPipeline"/></StgValue>
</bind>
</comp>

<comp id="36" class="1001" name="const_36">
<pin_list>
<pin id="37" dir="1" index="0" bw="1" slack="2147483647"/>
</pin_list>
<bind>
<StgValue><ssdm name="_ssdm_op_SpecLoopName"/></StgValue>
</bind>
</comp>

<comp id="38" class="1001" name="const_38">
<pin_list>
<pin id="39" dir="1" index="0" bw="1" slack="2147483647"/>
</pin_list>
<bind>
<StgValue><ssdm name="empty_4"/></StgValue>
</bind>
</comp>

<comp id="40" class="1004" name="k_05_fu_40">
<pin_list>
<pin id="41" dir="0" index="0" bw="1" slack="0"/>
<pin id="42" dir="1" index="1" bw="10" slack="0"/>
</pin_list>
<bind>
<opcode="alloca(26) " fcode="alloca"/>
<opset="k_05/1 "/>
</bind>
</comp>

<comp id="44" class="1004" name="C_out_out_0_fu_44">
<pin_list>
<pin id="45" dir="0" index="0" bw="1" slack="0"/>
<pin id="46" dir="1" index="1" bw="32" slack="6"/>
</pin_list>
<bind>
<opcode="alloca(26) " fcode="alloca"/>
<opset="C_out_out_0/1 "/>
</bind>
</comp>

<comp id="48" class="1004" name="A_fifo_8_6_read_read_fu_48">
<pin_list>
<pin id="49" dir="0" index="0" bw="32" slack="0"/>
<pin id="50" dir="0" index="1" bw="32" slack="0"/>
<pin id="51" dir="1" index="2" bw="32" slack="0"/>
</pin_list>
<bind>
<opcode="read(1150) " fcode="read"/>
<opset="A_fifo_8_6_read/2 "/>
</bind>
</comp>

<comp id="54" class="1004" name="B_fifo_6_8_read_read_fu_54">
<pin_list>
<pin id="55" dir="0" index="0" bw="32" slack="0"/>
<pin id="56" dir="0" index="1" bw="32" slack="0"/>
<pin id="57" dir="1" index="2" bw="32" slack="0"/>
</pin_list>
<bind>
<opcode="read(1150) " fcode="read"/>
<opset="B_fifo_6_8_read/2 "/>
</bind>
</comp>

<comp id="60" class="1004" name="write_ln174_write_fu_60">
<pin_list>
<pin id="61" dir="0" index="0" bw="0" slack="0"/>
<pin id="62" dir="0" index="1" bw="32" slack="0"/>
<pin id="63" dir="0" index="2" bw="32" slack="0"/>
<pin id="64" dir="1" index="3" bw="0" slack="2147483647"/>
</pin_list>
<bind>
<opcode="write(1151) " fcode="write"/>
<opset="write_ln174/2 "/>
</bind>
</comp>

<comp id="68" class="1004" name="write_ln174_write_fu_68">
<pin_list>
<pin id="69" dir="0" index="0" bw="0" slack="0"/>
<pin id="70" dir="0" index="1" bw="32" slack="0"/>
<pin id="71" dir="0" index="2" bw="32" slack="0"/>
<pin id="72" dir="1" index="3" bw="0" slack="2147483647"/>
</pin_list>
<bind>
<opcode="write(1151) " fcode="write"/>
<opset="write_ln174/2 "/>
</bind>
</comp>

<comp id="76" class="1004" name="grp_fu_76">
<pin_list>
<pin id="77" dir="0" index="0" bw="32" slack="0"/>
<pin id="78" dir="0" index="1" bw="32" slack="1"/>
<pin id="79" dir="1" index="2" bw="32" slack="0"/>
</pin_list>
<bind>
<opcode="fadd(9) " fcode="fadd"/>
<opset="add/7 "/>
</bind>
</comp>

<comp id="80" class="1004" name="grp_fu_80">
<pin_list>
<pin id="81" dir="0" index="0" bw="32" slack="0"/>
<pin id="82" dir="0" index="1" bw="32" slack="0"/>
<pin id="83" dir="1" index="2" bw="32" slack="1"/>
</pin_list>
<bind>
<opcode="fmul(13) " fcode="fmul"/>
<opset="mul/3 "/>
</bind>
</comp>

<comp id="84" class="1004" name="store_ln7_store_fu_84">
<pin_list>
<pin id="85" dir="0" index="0" bw="1" slack="0"/>
<pin id="86" dir="0" index="1" bw="10" slack="0"/>
<pin id="87" dir="1" index="2" bw="0" slack="2147483647"/>
</pin_list>
<bind>
<opcode="store(28) " fcode="store"/>
<opset="store_ln7/1 "/>
</bind>
</comp>

<comp id="89" class="1004" name="k_load_fu_89">
<pin_list>
<pin id="90" dir="0" index="0" bw="10" slack="0"/>
<pin id="91" dir="1" index="1" bw="10" slack="0"/>
</pin_list>
<bind>
<opcode="load(27) " fcode="load"/>
<opset="k/1 "/>
</bind>
</comp>

<comp id="92" class="1004" name="icmp_ln7_fu_92">
<pin_list>
<pin id="93" dir="0" index="0" bw="10" slack="0"/>
<pin id="94" dir="0" index="1" bw="10" slack="0"/>
<pin id="95" dir="1" index="2" bw="1" slack="1"/>
</pin_list>
<bind>
<opcode="icmp(45) " fcode="icmp"/>
<opset="icmp_ln7/1 "/>
</bind>
</comp>

<comp id="98" class="1004" name="k_630_fu_98">
<pin_list>
<pin id="99" dir="0" index="0" bw="10" slack="0"/>
<pin id="100" dir="0" index="1" bw="1" slack="0"/>
<pin id="101" dir="1" index="2" bw="10" slack="0"/>
</pin_list>
<bind>
<opcode="add(8) " fcode="add"/>
<opset="k_630/1 "/>
</bind>
</comp>

<comp id="104" class="1004" name="store_ln7_store_fu_104">
<pin_list>
<pin id="105" dir="0" index="0" bw="10" slack="0"/>
<pin id="106" dir="0" index="1" bw="10" slack="0"/>
<pin id="107" dir="1" index="2" bw="0" slack="2147483647"/>
</pin_list>
<bind>
<opcode="store(28) " fcode="store"/>
<opset="store_ln7/1 "/>
</bind>
</comp>

<comp id="109" class="1004" name="tmp_fu_109">
<pin_list>
<pin id="110" dir="0" index="0" bw="32" slack="1"/>
<pin id="111" dir="1" index="1" bw="32" slack="0"/>
</pin_list>
<bind>
<opcode="bitcast(44) " fcode="bitcast"/>
<opset="tmp/3 "/>
</bind>
</comp>

<comp id="113" class="1004" name="tmp_721_fu_113">
<pin_list>
<pin id="114" dir="0" index="0" bw="32" slack="1"/>
<pin id="115" dir="1" index="1" bw="32" slack="0"/>
</pin_list>
<bind>
<opcode="bitcast(44) " fcode="bitcast"/>
<opset="tmp_721/3 "/>
</bind>
</comp>

<comp id="117" class="1004" name="C_out_out_0_load_load_fu_117">
<pin_list>
<pin id="118" dir="0" index="0" bw="32" slack="6"/>
<pin id="119" dir="1" index="1" bw="32" slack="0"/>
</pin_list>
<bind>
<opcode="load(27) " fcode="load"/>
<opset="C_out_out_0_load/7 "/>
</bind>
</comp>

<comp id="121" class="1004" name="store_ln7_store_fu_121">
<pin_list>
<pin id="122" dir="0" index="0" bw="32" slack="0"/>
<pin id="123" dir="0" index="1" bw="32" slack="10"/>
<pin id="124" dir="1" index="2" bw="0" slack="2147483647"/>
</pin_list>
<bind>
<opcode="store(28) " fcode="store"/>
<opset="store_ln7/11 "/>
</bind>
</comp>

<comp id="126" class="1004" name="C_out_out_0_load_601_load_fu_126">
<pin_list>
<pin id="127" dir="0" index="0" bw="32" slack="6"/>
<pin id="128" dir="1" index="1" bw="32" slack="2147483647"/>
</pin_list>
<bind>
<opcode="load(27) " fcode="load"/>
<opset="C_out_out_0_load_601/7 "/>
</bind>
</comp>

<comp id="129" class="1005" name="k_05_reg_129">
<pin_list>
<pin id="130" dir="0" index="0" bw="10" slack="0"/>
<pin id="131" dir="1" index="1" bw="10" slack="0"/>
</pin_list>
<bind>
<opset="k_05 "/>
</bind>
</comp>

<comp id="136" class="1005" name="C_out_out_0_reg_136">
<pin_list>
<pin id="137" dir="0" index="0" bw="32" slack="6"/>
<pin id="138" dir="1" index="1" bw="32" slack="6"/>
</pin_list>
<bind>
<opset="C_out_out_0 "/>
</bind>
</comp>

<comp id="143" class="1005" name="icmp_ln7_reg_143">
<pin_list>
<pin id="144" dir="0" index="0" bw="1" slack="1"/>
<pin id="145" dir="1" index="1" bw="1" slack="2147483647"/>
</pin_list>
<bind>
<opset="icmp_ln7 "/>
</bind>
</comp>

<comp id="147" class="1005" name="A_fifo_8_6_read_reg_147">
<pin_list>
<pin id="148" dir="0" index="0" bw="32" slack="1"/>
<pin id="149" dir="1" index="1" bw="32" slack="1"/>
</pin_list>
<bind>
<opset="A_fifo_8_6_read "/>
</bind>
</comp>

<comp id="152" class="1005" name="B_fifo_6_8_read_reg_152">
<pin_list>
<pin id="153" dir="0" index="0" bw="32" slack="1"/>
<pin id="154" dir="1" index="1" bw="32" slack="1"/>
</pin_list>
<bind>
<opset="B_fifo_6_8_read "/>
</bind>
</comp>

<comp id="157" class="1005" name="tmp_reg_157">
<pin_list>
<pin id="158" dir="0" index="0" bw="32" slack="1"/>
<pin id="159" dir="1" index="1" bw="32" slack="1"/>
</pin_list>
<bind>
<opset="tmp "/>
</bind>
</comp>

<comp id="162" class="1005" name="tmp_721_reg_162">
<pin_list>
<pin id="163" dir="0" index="0" bw="32" slack="1"/>
<pin id="164" dir="1" index="1" bw="32" slack="1"/>
</pin_list>
<bind>
<opset="tmp_721 "/>
</bind>
</comp>

<comp id="167" class="1005" name="mul_reg_167">
<pin_list>
<pin id="168" dir="0" index="0" bw="32" slack="1"/>
<pin id="169" dir="1" index="1" bw="32" slack="1"/>
</pin_list>
<bind>
<opset="mul "/>
</bind>
</comp>

<comp id="172" class="1005" name="C_out_out_0_load_reg_172">
<pin_list>
<pin id="173" dir="0" index="0" bw="32" slack="1"/>
<pin id="174" dir="1" index="1" bw="32" slack="1"/>
</pin_list>
<bind>
<opset="C_out_out_0_load "/>
</bind>
</comp>

</comp_list>

<net_list>
<net id="43"><net_src comp="8" pin="0"/><net_sink comp="40" pin=0"/></net>

<net id="47"><net_src comp="8" pin="0"/><net_sink comp="44" pin=0"/></net>

<net id="52"><net_src comp="30" pin="0"/><net_sink comp="48" pin=0"/></net>

<net id="53"><net_src comp="0" pin="0"/><net_sink comp="48" pin=1"/></net>

<net id="58"><net_src comp="30" pin="0"/><net_sink comp="54" pin=0"/></net>

<net id="59"><net_src comp="4" pin="0"/><net_sink comp="54" pin=1"/></net>

<net id="65"><net_src comp="32" pin="0"/><net_sink comp="60" pin=0"/></net>

<net id="66"><net_src comp="2" pin="0"/><net_sink comp="60" pin=1"/></net>

<net id="67"><net_src comp="48" pin="2"/><net_sink comp="60" pin=2"/></net>

<net id="73"><net_src comp="32" pin="0"/><net_sink comp="68" pin=0"/></net>

<net id="74"><net_src comp="6" pin="0"/><net_sink comp="68" pin=1"/></net>

<net id="75"><net_src comp="54" pin="2"/><net_sink comp="68" pin=2"/></net>

<net id="88"><net_src comp="20" pin="0"/><net_sink comp="84" pin=0"/></net>

<net id="96"><net_src comp="89" pin="1"/><net_sink comp="92" pin=0"/></net>

<net id="97"><net_src comp="22" pin="0"/><net_sink comp="92" pin=1"/></net>

<net id="102"><net_src comp="89" pin="1"/><net_sink comp="98" pin=0"/></net>

<net id="103"><net_src comp="28" pin="0"/><net_sink comp="98" pin=1"/></net>

<net id="108"><net_src comp="98" pin="2"/><net_sink comp="104" pin=0"/></net>

<net id="112"><net_src comp="109" pin="1"/><net_sink comp="80" pin=0"/></net>

<net id="116"><net_src comp="113" pin="1"/><net_sink comp="80" pin=1"/></net>

<net id="120"><net_src comp="117" pin="1"/><net_sink comp="76" pin=0"/></net>

<net id="125"><net_src comp="76" pin="2"/><net_sink comp="121" pin=0"/></net>

<net id="132"><net_src comp="40" pin="1"/><net_sink comp="129" pin=0"/></net>

<net id="133"><net_src comp="129" pin="1"/><net_sink comp="84" pin=1"/></net>

<net id="134"><net_src comp="129" pin="1"/><net_sink comp="89" pin=0"/></net>

<net id="135"><net_src comp="129" pin="1"/><net_sink comp="104" pin=1"/></net>

<net id="139"><net_src comp="44" pin="1"/><net_sink comp="136" pin=0"/></net>

<net id="140"><net_src comp="136" pin="1"/><net_sink comp="117" pin=0"/></net>

<net id="141"><net_src comp="136" pin="1"/><net_sink comp="121" pin=1"/></net>

<net id="142"><net_src comp="136" pin="1"/><net_sink comp="126" pin=0"/></net>

<net id="146"><net_src comp="92" pin="2"/><net_sink comp="143" pin=0"/></net>

<net id="150"><net_src comp="48" pin="2"/><net_sink comp="147" pin=0"/></net>

<net id="151"><net_src comp="147" pin="1"/><net_sink comp="109" pin=0"/></net>

<net id="155"><net_src comp="54" pin="2"/><net_sink comp="152" pin=0"/></net>

<net id="156"><net_src comp="152" pin="1"/><net_sink comp="113" pin=0"/></net>

<net id="160"><net_src comp="109" pin="1"/><net_sink comp="157" pin=0"/></net>

<net id="161"><net_src comp="157" pin="1"/><net_sink comp="80" pin=0"/></net>

<net id="165"><net_src comp="113" pin="1"/><net_sink comp="162" pin=0"/></net>

<net id="166"><net_src comp="162" pin="1"/><net_sink comp="80" pin=1"/></net>

<net id="170"><net_src comp="80" pin="2"/><net_sink comp="167" pin=0"/></net>

<net id="171"><net_src comp="167" pin="1"/><net_sink comp="76" pin=1"/></net>

<net id="175"><net_src comp="117" pin="1"/><net_sink comp="172" pin=0"/></net>

<net id="176"><net_src comp="172" pin="1"/><net_sink comp="76" pin=0"/></net>

</net_list>

</model> 
---------------- Datapath Model END ------------------

* FSMD analyzer results:
  - Output states:
	Port: A_fifo_8_7 | {2 }
	Port: B_fifo_6_9 | {2 }
 - Input state : 
	Port: PE.105 : A_fifo_8_6 | {2 }
	Port: PE.105 : B_fifo_6_8 | {2 }
  - Chain level:
	State 1
		store_ln7 : 1
		k : 1
		icmp_ln7 : 2
		k_630 : 2
		br_ln7 : 3
		store_ln7 : 3
	State 2
	State 3
		mul : 1
	State 4
	State 5
	State 6
	State 7
		add : 1
		ret_ln15 : 1
	State 8
	State 9
	State 10
	State 11
		store_ln7 : 1


============================================================
+ Verbose Summary: Datapath Resource usage 
============================================================

* Functional unit list:
|----------|----------------------------|---------|---------|---------|
| Operation|       Functional Unit      |   DSP   |    FF   |   LUT   |
|----------|----------------------------|---------|---------|---------|
|   fadd   |          grp_fu_76         |    2    |   205   |   390   |
|----------|----------------------------|---------|---------|---------|
|   fmul   |          grp_fu_80         |    3    |   143   |   321   |
|----------|----------------------------|---------|---------|---------|
|    add   |         k_630_fu_98        |    0    |    0    |    13   |
|----------|----------------------------|---------|---------|---------|
|   icmp   |       icmp_ln7_fu_92       |    0    |    0    |    11   |
|----------|----------------------------|---------|---------|---------|
|   read   | A_fifo_8_6_read_read_fu_48 |    0    |    0    |    0    |
|          | B_fifo_6_8_read_read_fu_54 |    0    |    0    |    0    |
|----------|----------------------------|---------|---------|---------|
|   write  |   write_ln174_write_fu_60  |    0    |    0    |    0    |
|          |   write_ln174_write_fu_68  |    0    |    0    |    0    |
|----------|----------------------------|---------|---------|---------|
|   Total  |                            |    5    |   348   |   735   |
|----------|----------------------------|---------|---------|---------|

Memories:
N/A

* Register list:
+------------------------+--------+
|                        |   FF   |
+------------------------+--------+
| A_fifo_8_6_read_reg_147|   32   |
| B_fifo_6_8_read_reg_152|   32   |
|C_out_out_0_load_reg_172|   32   |
|   C_out_out_0_reg_136  |   32   |
|    icmp_ln7_reg_143    |    1   |
|      k_05_reg_129      |   10   |
|       mul_reg_167      |   32   |
|     tmp_721_reg_162    |   32   |
|       tmp_reg_157      |   32   |
+------------------------+--------+
|          Total         |   235  |
+------------------------+--------+

* Multiplexer (MUX) list: 
|-----------|------|------|------|--------||---------||---------|
|    Comp   |  Pin | Size |  BW  | S x BW ||  Delay  ||   LUT   |
|-----------|------|------|------|--------||---------||---------|
| grp_fu_76 |  p0  |   2  |  32  |   64   ||    9    |
| grp_fu_80 |  p0  |   2  |  32  |   64   ||    9    |
| grp_fu_80 |  p1  |   2  |  32  |   64   ||    9    |
|-----------|------|------|------|--------||---------||---------|
|   Total   |      |      |      |   192  ||  4.764  ||    27   |
|-----------|------|------|------|--------||---------||---------|



* Summary:
+-----------+--------+--------+--------+--------+
|           |   DSP  |  Delay |   FF   |   LUT  |
+-----------+--------+--------+--------+--------+
|  Function |    5   |    -   |   348  |   735  |
|   Memory  |    -   |    -   |    -   |    -   |
|Multiplexer|    -   |    4   |    -   |   27   |
|  Register |    -   |    -   |   235  |    -   |
+-----------+--------+--------+--------+--------+
|   Total   |    5   |    4   |   583  |   762  |
+-----------+--------+--------+--------+--------+
