

================================================================
== Vitis HLS Report for 'store_block_C_proc28'
================================================================
* Date:           Mon Sep  4 09:34:41 2023

* Version:        2022.1.2 (Build 3605665 on Fri Aug  5 22:52:02 MDT 2022)
* Project:        out.prj
* Solution:       solution1 (Vivado IP Flow Target)
* Product family: zynq
* Target device:  xc7z020-clg484-1


================================================================
== Performance Estimates
================================================================
+ Timing: 
    * Summary: 
    +--------+----------+----------+------------+
    |  Clock |  Target  | Estimated| Uncertainty|
    +--------+----------+----------+------------+
    |ap_clk  |  10.00 ns|  7.256 ns|     2.70 ns|
    +--------+----------+----------+------------+

+ Latency: 
    * Summary: 
    +---------+---------+----------+----------+-----+-----+---------+
    |  Latency (cycles) |  Latency (absolute) |  Interval | Pipeline|
    |   min   |   max   |    min   |    max   | min | max |   Type  |
    +---------+---------+----------+----------+-----+-----+---------+
    |       14|       14|  0.140 us|  0.140 us|   14|   14|       no|
    +---------+---------+----------+----------+-----+-----+---------+

    + Detail: 
        * Instance: 
        N/A

        * Loop: 
        N/A

============================================================
+ Verbose Summary: Synthesis Manager
============================================================
InlineROM: 1
ExposeGlobal: 0
============================================================
+ Verbose Summary: CDFG Model
============================================================
IsTopModel: 0
ResetActiveHigh: 1
IsCombinational: 2
IsDatapathOnly: 0
HasWiredReturn: 1
HasMFsm: 0
HasVarLatency: 1
IsPipeline: 0
IsRtlPipelined: 0
IsInstanceOverlapped: 0
IsDontTouch: 0
HasImplIP: 0
IsGatedGlobalClock: 0


============================================================
+ Verbose Summary: Schedule
============================================================
* Number of FSM states : 3
* Pipeline : 0
* Dataflow Pipeline: 0

* FSM state transitions: 
1 --> 2 
2 --> 3 
3 --> 

* FSM state operations: 

State 1 <SV = 0> <Delay = 5.45>
ST_1 : Operation 4 [1/1] (3.63ns)   --->   "%jj_read = read i4 @_ssdm_op_Read.ap_fifo.i4P0A, i4 %jj"   --->   Operation 4 'read' 'jj_read' <Predicate = true> <Delay = 3.63> <CoreInst = "FIFO_SRL">   --->   Core 81 'FIFO_SRL' <Latency = 0> <II = 1> <Delay = 3.63> <Storage> <Opcode : 'read' 'write' 'nbread' 'nbwrite'> <Ports = 0> <Width = 4> <Depth = 3> <FIFO>
ST_1 : Operation 5 [1/1] (3.63ns)   --->   "%ii_read = read i2 @_ssdm_op_Read.ap_fifo.i2P0A, i2 %ii"   --->   Operation 5 'read' 'ii_read' <Predicate = true> <Delay = 3.63> <CoreInst = "FIFO_SRL">   --->   Core 81 'FIFO_SRL' <Latency = 0> <II = 1> <Delay = 3.63> <Storage> <Opcode : 'read' 'write' 'nbread' 'nbwrite'> <Ports = 0> <Width = 2> <Depth = 3> <FIFO>
ST_1 : Operation 6 [1/1] (1.56ns)   --->   "%empty = sub i2 0, i2 %ii_read"   --->   Operation 6 'sub' 'empty' <Predicate = true> <Delay = 1.56> <CoreInst = "Adder">   --->   Core 1 'Adder' <Latency = 0> <II = 1> <Delay = 1.56> <FuncUnit> <Opcode : 'add' 'sub'> <InPorts = 2> <OutPorts = 1>
ST_1 : Operation 7 [1/1] (0.00ns)   --->   "%zext_ln111 = zext i4 %jj_read" [gemm_systolic_array.cpp:111]   --->   Operation 7 'zext' 'zext_ln111' <Predicate = true> <Delay = 0.00>
ST_1 : Operation 8 [1/1] (0.00ns)   --->   "%p_shl1 = bitconcatenate i6 @_ssdm_op_BitConcatenate.i6.i4.i2, i4 %jj_read, i2 0"   --->   Operation 8 'bitconcatenate' 'p_shl1' <Predicate = true> <Delay = 0.00>
ST_1 : Operation 9 [1/1] (1.82ns)   --->   "%p_udiv135_i_i = sub i6 %p_shl1, i6 %zext_ln111" [gemm_systolic_array.cpp:111]   --->   Operation 9 'sub' 'p_udiv135_i_i' <Predicate = true> <Delay = 1.82> <CoreInst = "Adder">   --->   Core 1 'Adder' <Latency = 0> <II = 1> <Delay = 1.82> <FuncUnit> <Opcode : 'add' 'sub'> <InPorts = 2> <OutPorts = 1>

State 2 <SV = 1> <Delay = 6.74>
ST_2 : Operation 10 [1/1] (0.00ns)   --->   "%tmp_s = bitconcatenate i6 @_ssdm_op_BitConcatenate.i6.i2.i4, i2 %empty, i4 0" [gemm_systolic_array.cpp:132]   --->   Operation 10 'bitconcatenate' 'tmp_s' <Predicate = true> <Delay = 0.00>
ST_2 : Operation 11 [1/1] (0.00ns)   --->   "%empty_1447 = wait i32 @_ssdm_op_Wait"   --->   Operation 11 'wait' 'empty_1447' <Predicate = true> <Delay = 0.00>
ST_2 : Operation 12 [2/2] (6.74ns)   --->   "%call_ln111 = call void @store_block_C_proc28_Pipeline_store_block_C, i32 %C_3_3, i32 %C_3_2, i32 %C_3_1, i32 %C_3_0, i32 %C_2_3, i32 %C_2_2, i32 %C_2_1, i32 %C_2_0, i32 %C_1_3, i32 %C_1_2, i32 %C_1_1, i32 %C_1_0, i32 %C_0_3, i32 %C_0_2, i32 %C_0_1, i32 %C_0_0, i32 %block_C_drainer_110, i32 %block_C_drainer_211, i32 %block_C_drainer_312, i32 %block_C_drainer_09, i6 %p_udiv135_i_i, i6 %tmp_s" [gemm_systolic_array.cpp:111]   --->   Operation 12 'call' 'call_ln111' <Predicate = true> <Delay = 6.74> <CoreType = "Generic">   --->   Core 0 '' <Latency = 0> <II = 1> <Delay = 1.00> <Generic> <Opcode : >

State 3 <SV = 2> <Delay = 0.00>
ST_3 : Operation 13 [1/1] (0.00ns)   --->   "%specinterface_ln0 = specinterface void @_ssdm_op_SpecInterface, i4 %jj, void @ap_fifo_str, i32 0, i32 0, void @p_str, i32 0, i32 0, void @p_str, void @p_str, void @p_str, i32 2, i32 2, i32 16, i32 16, void @p_str, void @ScalarProp_str, i32 4294967295, i32 0"   --->   Operation 13 'specinterface' 'specinterface_ln0' <Predicate = true> <Delay = 0.00>
ST_3 : Operation 14 [1/1] (0.00ns)   --->   "%specinterface_ln0 = specinterface void @_ssdm_op_SpecInterface, i2 %ii, void @ap_fifo_str, i32 0, i32 0, void @p_str, i32 0, i32 0, void @p_str, void @p_str, void @p_str, i32 2, i32 2, i32 16, i32 16, void @p_str, void @ScalarProp_str, i32 4294967295, i32 0"   --->   Operation 14 'specinterface' 'specinterface_ln0' <Predicate = true> <Delay = 0.00>
ST_3 : Operation 15 [1/1] (0.00ns)   --->   "%specinterface_ln0 = specinterface void @_ssdm_op_SpecInterface, i32 %block_C_drainer_312, void @empty_30, i32 0, i32 0, void @empty_20, i32 0, i32 0, void @empty_20, void @empty_20, void @empty_20, i32 0, i32 0, i32 0, i32 0, void @empty_20, void @empty_20, i32 4294967295, i32 0"   --->   Operation 15 'specinterface' 'specinterface_ln0' <Predicate = true> <Delay = 0.00>
ST_3 : Operation 16 [1/1] (0.00ns)   --->   "%specinterface_ln0 = specinterface void @_ssdm_op_SpecInterface, i32 %block_C_drainer_211, void @empty_30, i32 0, i32 0, void @empty_20, i32 0, i32 0, void @empty_20, void @empty_20, void @empty_20, i32 0, i32 0, i32 0, i32 0, void @empty_20, void @empty_20, i32 4294967295, i32 0"   --->   Operation 16 'specinterface' 'specinterface_ln0' <Predicate = true> <Delay = 0.00>
ST_3 : Operation 17 [1/1] (0.00ns)   --->   "%specinterface_ln0 = specinterface void @_ssdm_op_SpecInterface, i32 %block_C_drainer_110, void @empty_30, i32 0, i32 0, void @empty_20, i32 0, i32 0, void @empty_20, void @empty_20, void @empty_20, i32 0, i32 0, i32 0, i32 0, void @empty_20, void @empty_20, i32 4294967295, i32 0"   --->   Operation 17 'specinterface' 'specinterface_ln0' <Predicate = true> <Delay = 0.00>
ST_3 : Operation 18 [1/1] (0.00ns)   --->   "%specinterface_ln0 = specinterface void @_ssdm_op_SpecInterface, i32 %block_C_drainer_09, void @empty_30, i32 0, i32 0, void @empty_20, i32 0, i32 0, void @empty_20, void @empty_20, void @empty_20, i32 0, i32 0, i32 0, i32 0, void @empty_20, void @empty_20, i32 4294967295, i32 0"   --->   Operation 18 'specinterface' 'specinterface_ln0' <Predicate = true> <Delay = 0.00>
ST_3 : Operation 19 [1/2] (0.00ns)   --->   "%call_ln111 = call void @store_block_C_proc28_Pipeline_store_block_C, i32 %C_3_3, i32 %C_3_2, i32 %C_3_1, i32 %C_3_0, i32 %C_2_3, i32 %C_2_2, i32 %C_2_1, i32 %C_2_0, i32 %C_1_3, i32 %C_1_2, i32 %C_1_1, i32 %C_1_0, i32 %C_0_3, i32 %C_0_2, i32 %C_0_1, i32 %C_0_0, i32 %block_C_drainer_110, i32 %block_C_drainer_211, i32 %block_C_drainer_312, i32 %block_C_drainer_09, i6 %p_udiv135_i_i, i6 %tmp_s" [gemm_systolic_array.cpp:111]   --->   Operation 19 'call' 'call_ln111' <Predicate = true> <Delay = 0.00> <CoreType = "Generic">   --->   Core 0 '' <Latency = 0> <II = 1> <Delay = 1.00> <Generic> <Opcode : >
ST_3 : Operation 20 [1/1] (0.00ns)   --->   "%ret_ln0 = ret"   --->   Operation 20 'ret' 'ret_ln0' <Predicate = true> <Delay = 0.00>


============================================================
+ Verbose Summary: Timing violations
============================================================
Target clock period: 10ns, clock uncertainty: 2.7ns.

 <State 1>: 5.46ns
The critical path consists of the following:
	fifo read operation ('jj_read') on port 'jj' [24]  (3.63 ns)
	'sub' operation ('p_udiv135_i_i', gemm_systolic_array.cpp:111) [35]  (1.83 ns)

 <State 2>: 6.75ns
The critical path consists of the following:
	'call' operation ('call_ln111', gemm_systolic_array.cpp:111) to 'store_block_C_proc28_Pipeline_store_block_C' [37]  (6.75 ns)

 <State 3>: 0ns
The critical path consists of the following:


============================================================
+ Verbose Summary: Binding
============================================================
N/A
* FSMD analyzer results:
  - Output states:
 - Input state : 
  - Chain level:
	State 1
	State 2
	State 3


============================================================
+ Verbose Summary: Datapath Resource usage 
============================================================
N/A
