

================================================================
== Vitis HLS Report for 'VITIS_LOOP_40_4_proc76'
================================================================
* Date:           Mon Sep  4 23:09:12 2023

* Version:        2022.1.2 (Build 3605665 on Fri Aug  5 22:52:02 MDT 2022)
* Project:        out.prj
* Solution:       solution1 (Vivado IP Flow Target)
* Product family: zynq
* Target device:  xc7z020-clg484-1


================================================================
== Performance Estimates
================================================================
+ Timing: 
    * Summary: 
    +--------+----------+----------+------------+
    |  Clock |  Target  | Estimated| Uncertainty|
    +--------+----------+----------+------------+
    |ap_clk  |  10.00 ns|  7.256 ns|     2.70 ns|
    +--------+----------+----------+------------+

+ Latency: 
    * Summary: 
    +---------+---------+----------+----------+-----+-----+---------+
    |  Latency (cycles) |  Latency (absolute) |  Interval | Pipeline|
    |   min   |   max   |    min   |    max   | min | max |   Type  |
    +---------+---------+----------+----------+-----+-----+---------+
    |       22|       22|  0.220 us|  0.220 us|   22|   22|       no|
    +---------+---------+----------+----------+-----+-----+---------+

    + Detail: 
        * Instance: 
        N/A

        * Loop: 
        N/A

============================================================
+ Verbose Summary: Synthesis Manager
============================================================
InlineROM: 1
ExposeGlobal: 0
============================================================
+ Verbose Summary: CDFG Model
============================================================
IsTopModel: 0
ResetActiveHigh: 1
IsCombinational: 2
IsDatapathOnly: 0
HasWiredReturn: 1
HasMFsm: 0
HasVarLatency: 1
IsPipeline: 0
IsRtlPipelined: 0
IsInstanceOverlapped: 0
IsDontTouch: 0
HasImplIP: 0
IsGatedGlobalClock: 0


============================================================
+ Verbose Summary: Schedule
============================================================
* Number of FSM states : 3
* Pipeline : 0
* Dataflow Pipeline: 0

* FSM state transitions: 
1 --> 2 
2 --> 3 
3 --> 

* FSM state operations: 

State 1 <SV = 0> <Delay = 3.63>
ST_1 : Operation 4 [1/1] (3.63ns)   --->   "%jj_read = read i6 @_ssdm_op_Read.ap_fifo.i6P0A, i6 %jj"   --->   Operation 4 'read' 'jj_read' <Predicate = true> <Delay = 3.63> <CoreInst = "FIFO_SRL">   --->   Core 81 'FIFO_SRL' <Latency = 0> <II = 1> <Delay = 3.63> <Storage> <Opcode : 'read' 'write' 'nbread' 'nbwrite'> <Ports = 0> <Width = 6> <Depth = 3> <FIFO>

State 2 <SV = 1> <Delay = 6.71>
ST_2 : Operation 5 [1/1] (0.00ns)   --->   "%p_shl = bitconcatenate i10 @_ssdm_op_BitConcatenate.i10.i6.i4, i6 %jj_read, i4 0"   --->   Operation 5 'bitconcatenate' 'p_shl' <Predicate = true> <Delay = 0.00>
ST_2 : Operation 6 [1/1] (0.00ns)   --->   "%p_shl1 = bitconcatenate i8 @_ssdm_op_BitConcatenate.i8.i6.i2, i6 %jj_read, i2 0"   --->   Operation 6 'bitconcatenate' 'p_shl1' <Predicate = true> <Delay = 0.00>
ST_2 : Operation 7 [1/1] (0.00ns)   --->   "%p_shl1_cast = zext i8 %p_shl1"   --->   Operation 7 'zext' 'p_shl1_cast' <Predicate = true> <Delay = 0.00>
ST_2 : Operation 8 [1/1] (1.73ns)   --->   "%empty = sub i10 %p_shl, i10 %p_shl1_cast"   --->   Operation 8 'sub' 'empty' <Predicate = true> <Delay = 1.73> <CoreInst = "Adder">   --->   Core 1 'Adder' <Latency = 0> <II = 1> <Delay = 1.73> <FuncUnit> <Opcode : 'add' 'sub'> <InPorts = 2> <OutPorts = 1>
ST_2 : Operation 9 [1/1] (0.00ns)   --->   "%empty_2129 = wait i32 @_ssdm_op_Wait"   --->   Operation 9 'wait' 'empty_2129' <Predicate = true> <Delay = 0.00>
ST_2 : Operation 10 [2/2] (4.98ns)   --->   "%call_ln0 = call void @VITIS_LOOP_40_4_proc76_Pipeline_VITIS_LOOP_40_4, i32 %C_6, i32 %block_C_drainer_631, i10 %empty"   --->   Operation 10 'call' 'call_ln0' <Predicate = true> <Delay = 4.98> <CoreType = "Generic">   --->   Core 0 '' <Latency = 0> <II = 1> <Delay = 1.00> <Generic> <Opcode : >

State 3 <SV = 2> <Delay = 0.00>
ST_3 : Operation 11 [1/1] (0.00ns)   --->   "%specinterface_ln0 = specinterface void @_ssdm_op_SpecInterface, i6 %jj, void @ap_fifo_str, i32 0, i32 0, void @p_str, i32 0, i32 0, void @p_str, void @p_str, void @p_str, i32 2, i32 2, i32 16, i32 16, void @p_str, void @ScalarProp_str, i32 4294967295, i32 0"   --->   Operation 11 'specinterface' 'specinterface_ln0' <Predicate = true> <Delay = 0.00>
ST_3 : Operation 12 [1/1] (0.00ns)   --->   "%specinterface_ln0 = specinterface void @_ssdm_op_SpecInterface, i32 %block_C_drainer_631, void @empty_17, i32 0, i32 0, void @empty_31, i32 0, i32 0, void @empty_31, void @empty_31, void @empty_31, i32 0, i32 0, i32 0, i32 0, void @empty_31, void @empty_31, i32 4294967295, i32 0"   --->   Operation 12 'specinterface' 'specinterface_ln0' <Predicate = true> <Delay = 0.00>
ST_3 : Operation 13 [1/2] (0.00ns)   --->   "%call_ln0 = call void @VITIS_LOOP_40_4_proc76_Pipeline_VITIS_LOOP_40_4, i32 %C_6, i32 %block_C_drainer_631, i10 %empty"   --->   Operation 13 'call' 'call_ln0' <Predicate = true> <Delay = 0.00> <CoreType = "Generic">   --->   Core 0 '' <Latency = 0> <II = 1> <Delay = 1.00> <Generic> <Opcode : >
ST_3 : Operation 14 [1/1] (0.00ns)   --->   "%ret_ln0 = ret"   --->   Operation 14 'ret' 'ret_ln0' <Predicate = true> <Delay = 0.00>


============================================================
+ Verbose Summary: Timing violations
============================================================
Target clock period: 10ns, clock uncertainty: 2.7ns.

 <State 1>: 3.63ns
The critical path consists of the following:
	fifo read operation ('jj_read') on port 'jj' [5]  (3.63 ns)

 <State 2>: 6.72ns
The critical path consists of the following:
	'sub' operation ('empty') [10]  (1.73 ns)
	'call' operation ('call_ln0') to 'VITIS_LOOP_40_4_proc76_Pipeline_VITIS_LOOP_40_4' [12]  (4.98 ns)

 <State 3>: 0ns
The critical path consists of the following:


============================================================
+ Verbose Summary: Binding
============================================================
N/A
* FSMD analyzer results:
  - Output states:
 - Input state : 
  - Chain level:
	State 1
	State 2
	State 3


============================================================
+ Verbose Summary: Datapath Resource usage 
============================================================
N/A
