
****** Vivado(TM) HLS - High-Level Synthesis from C, C++ and SystemC v2019.2.1 (64-bit)
  **** SW Build 2729669 on Thu Dec  5 04:48:12 MST 2019
  **** IP Build 2729494 on Thu Dec  5 07:38:25 MST 2019
    ** Copyright 1986-2019 Xilinx, Inc. All Rights Reserved.

source /opt/xilinx/Xilinx_Vivado_vitis_2019.2/Vivado/2019.2/scripts/vivado_hls/hls.tcl -notrace
INFO: Applying HLS Y2K22 patch v1.2 for IP revision
INFO: [HLS 200-10] Running '/opt/xilinx/Xilinx_Vivado_vitis_2019.2/Vivado/2019.2/bin/unwrapped/lnx64.o/vivado_hls'
INFO: [HLS 200-10] For user 'jz2292' on host 'en-ec-zhang-21.coecis.cornell.edu' (Linux_x86_64 version 3.10.0-1160.76.1.el7.x86_64) on Tue Sep 12 10:36:47 EDT 2023
INFO: [HLS 200-10] On os "CentOS Linux release 7.9.2009 (Core)"
INFO: [HLS 200-10] In directory '/home/jz2292/project/transformer/heterocl_file/bert_layer_dcct_int8_pack_dataflow_sa_vitis4.prj'
Sourcing Tcl script 'run_2019.tcl'
INFO: [HLS 200-10] Opening and resetting project '/home/jz2292/project/transformer/heterocl_file/bert_layer_dcct_int8_pack_dataflow_sa_vitis4.prj/out.prj'.
INFO: [HLS 200-10] Opening and resetting solution '/home/jz2292/project/transformer/heterocl_file/bert_layer_dcct_int8_pack_dataflow_sa_vitis4.prj/out.prj/solution1'.
INFO: [HLS 200-10] Cleaning up the solution database.
INFO: [HLS 200-10] Adding design file 'kernel.cpp' to the project
INFO: [HLS 200-10] Adding design file 'gemm_systolic_array.cpp' to the project
INFO: [HLS 200-10] Adding design file 'systolic_array.cpp' to the project
INFO: [HLS 200-10] Adding design file 'kernel.cpp' to the project
INFO: [HLS 200-10] Adding test bench file 'host.cpp' to the project
INFO: [HLS 200-10] Opening and resetting solution '/home/jz2292/project/transformer/heterocl_file/bert_layer_dcct_int8_pack_dataflow_sa_vitis4.prj/out.prj/solution1'.
INFO: [HLS 200-10] Cleaning up the solution database.
INFO: [HLS 200-10] Setting target device to 'xcu280-fsvh2892-2L-e'
INFO: [SYN 201-201] Setting up clock 'default' with a period of 3.33ns.
INFO: [SCHED 204-61] Option 'relax_ii_for_timing' is enabled, will increase II to preserve clock frequency constraints.
INFO: [HLS 200-10] Analyzing design file 'kernel.cpp' ... 
WARNING: [HLS 214-114] Since the only kind of statements allowed in a canonical dataflow region are variable declarations and function calls, the compiler may not be able to correctly handle the region: kernel.cpp:253:2
WARNING: [HLS 214-114] Since the only kind of statements allowed in a canonical dataflow region are variable declarations and function calls, the compiler may not be able to correctly handle the region: kernel.cpp:258:3
WARNING: [HLS 214-114] Since the only kind of statements allowed in a canonical dataflow region are variable declarations and function calls, the compiler may not be able to correctly handle the region: kernel.cpp:265:3
WARNING: [HLS 214-113] Either use an argument of the function or declare the variable inside the dataflow loop body: kernel.cpp:588:23
WARNING: [HLS 214-113] Either use an argument of the function or declare the variable inside the dataflow loop body: kernel.cpp:591:24
WARNING: [HLS 214-113] Either use an argument of the function or declare the variable inside the dataflow loop body: kernel.cpp:591:30
WARNING: [HLS 214-113] Either use an argument of the function or declare the variable inside the dataflow loop body: kernel.cpp:591:36
WARNING: [HLS 214-113] Either use an argument of the function or declare the variable inside the dataflow loop body: kernel.cpp:595:24
WARNING: [HLS 214-113] Either use an argument of the function or declare the variable inside the dataflow loop body: kernel.cpp:595:30
WARNING: [HLS 214-113] Either use an argument of the function or declare the variable inside the dataflow loop body: kernel.cpp:595:36
WARNING: [HLS 214-113] Either use an argument of the function or declare the variable inside the dataflow loop body: kernel.cpp:609:22
WARNING: [HLS 214-113] Either use an argument of the function or declare the variable inside the dataflow loop body: kernel.cpp:612:24
WARNING: [HLS 214-113] Either use an argument of the function or declare the variable inside the dataflow loop body: kernel.cpp:612:30
WARNING: [HLS 214-113] Either use an argument of the function or declare the variable inside the dataflow loop body: kernel.cpp:612:36
WARNING: [HLS 214-113] Either use an argument of the function or declare the variable inside the dataflow loop body: kernel.cpp:615:31
WARNING: [HLS 214-113] Either use an argument of the function or declare the variable inside the dataflow loop body: kernel.cpp:615:38
WARNING: [HLS 214-113] Either use an argument of the function or declare the variable inside the dataflow loop body: kernel.cpp:615:45
WARNING: [HLS 214-113] Either use an argument of the function or declare the variable inside the dataflow loop body: kernel.cpp:618:29
WARNING: [HLS 214-113] Either use an argument of the function or declare the variable inside the dataflow loop body: kernel.cpp:618:35
WARNING: [HLS 214-113] Either use an argument of the function or declare the variable inside the dataflow loop body: kernel.cpp:618:41
WARNING: [HLS 214-113] Either use an argument of the function or declare the variable inside the dataflow loop body: kernel.cpp:627:25
WARNING: [HLS 214-113] Either use an argument of the function or declare the variable inside the dataflow loop body: kernel.cpp:627:32
WARNING: [HLS 214-113] Either use an argument of the function or declare the variable inside the dataflow loop body: kernel.cpp:633:34
WARNING: [HLS 214-113] Either use an argument of the function or declare the variable inside the dataflow loop body: kernel.cpp:636:28
WARNING: [HLS 214-113] Either use an argument of the function or declare the variable inside the dataflow loop body: kernel.cpp:636:34
WARNING: [HLS 214-113] Either use an argument of the function or declare the variable inside the dataflow loop body: kernel.cpp:636:41
WARNING: [HLS 214-113] Either use an argument of the function or declare the variable inside the dataflow loop body: kernel.cpp:639:23
WARNING: [HLS 214-113] Either use an argument of the function or declare the variable inside the dataflow loop body: kernel.cpp:642:30
WARNING: [HLS 214-113] Either use an argument of the function or declare the variable inside the dataflow loop body: kernel.cpp:642:37
WARNING: [HLS 214-113] Either use an argument of the function or declare the variable inside the dataflow loop body: kernel.cpp:642:44
WARNING: [HLS 214-113] Either use an argument of the function or declare the variable inside the dataflow loop body: kernel.cpp:648:25
WARNING: [HLS 214-113] Either use an argument of the function or declare the variable inside the dataflow loop body: kernel.cpp:648:32
WARNING: [HLS 200-471] Dataflow form checks found 32 issue(s) in file kernel.cpp
INFO: [HLS 200-10] Analyzing design file 'systolic_array.cpp' ... 
WARNING: [HLS 214-114] Since the only kind of statements allowed in a canonical dataflow region are variable declarations and function calls, the compiler may not be able to correctly handle the region: systolic_array.cpp:48:2
WARNING: [HLS 214-114] Since the only kind of statements allowed in a canonical dataflow region are variable declarations and function calls, the compiler may not be able to correctly handle the region: systolic_array.cpp:58:2
WARNING: [HLS 214-114] Since the only kind of statements allowed in a canonical dataflow region are variable declarations and function calls, the compiler may not be able to correctly handle the region: systolic_array.cpp:66:2
WARNING: [HLS 214-167] There are a total of 4 such instances of non-canonical statements in the dataflow region: systolic_array.cpp:37:5
WARNING: [HLS 214-114] Since the only kind of statements allowed in a canonical dataflow region are variable declarations and function calls, the compiler may not be able to correctly handle the region: systolic_array.cpp:99:2
WARNING: [HLS 214-114] Since the only kind of statements allowed in a canonical dataflow region are variable declarations and function calls, the compiler may not be able to correctly handle the region: systolic_array.cpp:109:2
WARNING: [HLS 214-114] Since the only kind of statements allowed in a canonical dataflow region are variable declarations and function calls, the compiler may not be able to correctly handle the region: systolic_array.cpp:117:2
WARNING: [HLS 214-167] There are a total of 4 such instances of non-canonical statements in the dataflow region: systolic_array.cpp:88:5
WARNING: [HLS 214-114] Since the only kind of statements allowed in a canonical dataflow region are variable declarations and function calls, the compiler may not be able to correctly handle the region: systolic_array.cpp:150:2
WARNING: [HLS 214-114] Since the only kind of statements allowed in a canonical dataflow region are variable declarations and function calls, the compiler may not be able to correctly handle the region: systolic_array.cpp:160:2
WARNING: [HLS 214-114] Since the only kind of statements allowed in a canonical dataflow region are variable declarations and function calls, the compiler may not be able to correctly handle the region: systolic_array.cpp:168:2
WARNING: [HLS 214-167] There are a total of 4 such instances of non-canonical statements in the dataflow region: systolic_array.cpp:139:5
WARNING: [HLS 214-114] Since the only kind of statements allowed in a canonical dataflow region are variable declarations and function calls, the compiler may not be able to correctly handle the region: systolic_array.cpp:201:2
WARNING: [HLS 214-114] Since the only kind of statements allowed in a canonical dataflow region are variable declarations and function calls, the compiler may not be able to correctly handle the region: systolic_array.cpp:211:2
WARNING: [HLS 214-114] Since the only kind of statements allowed in a canonical dataflow region are variable declarations and function calls, the compiler may not be able to correctly handle the region: systolic_array.cpp:219:2
WARNING: [HLS 214-167] There are a total of 4 such instances of non-canonical statements in the dataflow region: systolic_array.cpp:190:5
WARNING: [HLS 200-471] Dataflow form checks found 16 issue(s) in file systolic_array.cpp
INFO: [HLS 200-10] Analyzing design file 'gemm_systolic_array.cpp' ... 
WARNING: [HLS 214-113] Either use an argument of the function or declare the variable inside the dataflow loop body: gemm_systolic_array.cpp:36:25
WARNING: [HLS 214-113] Either use an argument of the function or declare the variable inside the dataflow loop body: gemm_systolic_array.cpp:36:41
WARNING: [HLS 214-113] Either use an argument of the function or declare the variable inside the dataflow loop body: gemm_systolic_array.cpp:36:57
WARNING: [HLS 214-114] Since the only kind of statements allowed in a canonical dataflow region are variable declarations and function calls, the compiler may not be able to correctly handle the region: gemm_systolic_array.cpp:25:2
WARNING: [HLS 214-114] Since the only kind of statements allowed in a canonical dataflow region are variable declarations and function calls, the compiler may not be able to correctly handle the region: gemm_systolic_array.cpp:40:4
WARNING: [HLS 214-113] Either use an argument of the function or declare the variable inside the dataflow loop body: gemm_systolic_array.cpp:91:24
WARNING: [HLS 214-113] Either use an argument of the function or declare the variable inside the dataflow loop body: gemm_systolic_array.cpp:91:40
WARNING: [HLS 214-113] Either use an argument of the function or declare the variable inside the dataflow loop body: gemm_systolic_array.cpp:91:56
WARNING: [HLS 214-114] Since the only kind of statements allowed in a canonical dataflow region are variable declarations and function calls, the compiler may not be able to correctly handle the region: gemm_systolic_array.cpp:80:2
WARNING: [HLS 214-114] Since the only kind of statements allowed in a canonical dataflow region are variable declarations and function calls, the compiler may not be able to correctly handle the region: gemm_systolic_array.cpp:94:4
WARNING: [HLS 214-113] Either use an argument of the function or declare the variable inside the dataflow loop body: gemm_systolic_array.cpp:141:24
WARNING: [HLS 214-113] Either use an argument of the function or declare the variable inside the dataflow loop body: gemm_systolic_array.cpp:141:40
WARNING: [HLS 214-113] Either use an argument of the function or declare the variable inside the dataflow loop body: gemm_systolic_array.cpp:141:56
WARNING: [HLS 214-114] Since the only kind of statements allowed in a canonical dataflow region are variable declarations and function calls, the compiler may not be able to correctly handle the region: gemm_systolic_array.cpp:130:2
WARNING: [HLS 214-114] Since the only kind of statements allowed in a canonical dataflow region are variable declarations and function calls, the compiler may not be able to correctly handle the region: gemm_systolic_array.cpp:144:4
WARNING: [HLS 214-113] Either use an argument of the function or declare the variable inside the dataflow loop body: gemm_systolic_array.cpp:190:25
WARNING: [HLS 214-113] Either use an argument of the function or declare the variable inside the dataflow loop body: gemm_systolic_array.cpp:190:41
WARNING: [HLS 214-113] Either use an argument of the function or declare the variable inside the dataflow loop body: gemm_systolic_array.cpp:190:57
WARNING: [HLS 214-114] Since the only kind of statements allowed in a canonical dataflow region are variable declarations and function calls, the compiler may not be able to correctly handle the region: gemm_systolic_array.cpp:179:2
WARNING: [HLS 214-114] Since the only kind of statements allowed in a canonical dataflow region are variable declarations and function calls, the compiler may not be able to correctly handle the region: gemm_systolic_array.cpp:194:4
WARNING: [HLS 214-113] Either use an argument of the function or declare the variable inside the dataflow loop body: gemm_systolic_array.cpp:245:25
WARNING: [HLS 214-113] Either use an argument of the function or declare the variable inside the dataflow loop body: gemm_systolic_array.cpp:245:41
WARNING: [HLS 214-113] Either use an argument of the function or declare the variable inside the dataflow loop body: gemm_systolic_array.cpp:245:57
WARNING: [HLS 214-114] Since the only kind of statements allowed in a canonical dataflow region are variable declarations and function calls, the compiler may not be able to correctly handle the region: gemm_systolic_array.cpp:234:2
WARNING: [HLS 214-114] Since the only kind of statements allowed in a canonical dataflow region are variable declarations and function calls, the compiler may not be able to correctly handle the region: gemm_systolic_array.cpp:249:4
WARNING: [HLS 214-113] Either use an argument of the function or declare the variable inside the dataflow loop body: gemm_systolic_array.cpp:300:26
WARNING: [HLS 214-113] Either use an argument of the function or declare the variable inside the dataflow loop body: gemm_systolic_array.cpp:300:42
WARNING: [HLS 214-113] Either use an argument of the function or declare the variable inside the dataflow loop body: gemm_systolic_array.cpp:300:58
WARNING: [HLS 214-114] Since the only kind of statements allowed in a canonical dataflow region are variable declarations and function calls, the compiler may not be able to correctly handle the region: gemm_systolic_array.cpp:289:2
WARNING: [HLS 214-114] Since the only kind of statements allowed in a canonical dataflow region are variable declarations and function calls, the compiler may not be able to correctly handle the region: gemm_systolic_array.cpp:304:4
WARNING: [HLS 200-471] Dataflow form checks found 30 issue(s) in file gemm_systolic_array.cpp
INFO: [HLS 200-111] Finished Linking Time (s): cpu = 00:04:49 ; elapsed = 00:05:06 . Memory (MB): peak = 1060.684 ; gain = 530.188 ; free physical = 265877 ; free virtual = 346584
INFO: [HLS 200-111] Finished Checking Pragmas Time (s): cpu = 00:04:49 ; elapsed = 00:05:06 . Memory (MB): peak = 1060.684 ; gain = 530.188 ; free physical = 265878 ; free virtual = 346585
INFO: [HLS 200-10] Starting code transformations ...
