Copyright 1986-2022 Xilinx, Inc. All Rights Reserved.
-------------------------------------------------------------------------------------------------------------------------------------------------------------------------------
| Tool Version : Vivado v.2022.1.2 (lin64) Build 3605665 Fri Aug  5 22:52:02 MDT 2022
| Date         : Thu Sep  7 20:58:48 2023
| Host         : brg-zhang-xcel.ece.cornell.edu running 64-bit CentOS Linux release 7.9.2009 (Core)
| Command      : report_accelerator_utilization -kernels { Bert_layer:level0_i/ulp/Bert_layer_1/inst:Bert_layer_1} -file kernel_util_routed.rpt -name kernel_util_routed -json
| Design       : level0_wrapper
| Device       : xcu280
| Design State : Routed
-------------------------------------------------------------------------------------------------------------------------------------------------------------------------------

Accelerator Utilization Design Information

Table of Contents
-----------------
1. System Utilization

1. System Utilization
---------------------

+---------------------+-------------------+------------------+-------------------+----------------+---------------+----------------+
| Name                | LUT               | LUTAsMem         | REG               | BRAM           | URAM          | DSP            |
+---------------------+-------------------+------------------+-------------------+----------------+---------------+----------------+
| Platform            |  121588 [  9.33%] |   8735 [  1.45%] |  165272 [  6.34%] |  197 [  9.77%] |   0 [  0.00%] |    4 [  0.04%] |
| User Budget         | 1182092 [100.00%] | 592225 [100.00%] | 2442088 [100.00%] | 1819 [100.00%] | 960 [100.00%] | 9020 [100.00%] |
|    Used Resources   |  151375 [ 12.81%] |  17155 [  2.90%] |  182169 [  7.46%] | 1177 [ 64.71%] |  12 [  1.25%] |  802 [  8.89%] |
|    Unused Resources | 1030717 [ 87.19%] | 575070 [ 97.10%] | 2259919 [ 92.54%] |  642 [ 35.29%] | 948 [ 98.75%] | 8218 [ 91.11%] |
| Bert_layer          |  151375 [ 12.81%] |  17155 [  2.90%] |  182169 [  7.46%] | 1177 [ 64.71%] |  12 [  1.25%] |  802 [  8.89%] |
|    Bert_layer_1     |  151375 [ 12.81%] |  17155 [  2.90%] |  182169 [  7.46%] | 1177 [ 64.71%] |  12 [  1.25%] |  802 [  8.89%] |
+---------------------+-------------------+------------------+-------------------+----------------+---------------+----------------+


