

================================================================
== Vitis HLS Report for 'Self_attention_Pipeline_l_norm_i2_l_j1'
================================================================
* Date:           Tue Sep  5 09:33:09 2023

* Version:        2022.1.2 (Build 3605665 on Fri Aug  5 22:52:02 MDT 2022)
* Project:        out.prj
* Solution:       solution1 (Vivado IP Flow Target)
* Product family: zynq
* Target device:  xc7z020-clg484-1


================================================================
== Performance Estimates
================================================================
+ Timing: 
    * Summary: 
    +--------+----------+----------+------------+
    |  Clock |  Target  | Estimated| Uncertainty|
    +--------+----------+----------+------------+
    |ap_clk  |  10.00 ns|  6.972 ns|     2.70 ns|
    +--------+----------+----------+------------+

+ Latency: 
    * Summary: 
    +---------+---------+----------+----------+-----+-----+---------+
    |  Latency (cycles) |  Latency (absolute) |  Interval | Pipeline|
    |   min   |   max   |    min   |    max   | min | max |   Type  |
    +---------+---------+----------+----------+-----+-----+---------+
    |      156|      156|  1.560 us|  1.560 us|  156|  156|       no|
    +---------+---------+----------+----------+-----+-----+---------+

    + Detail: 
        * Instance: 
        N/A

        * Loop: 
        +------------------+---------+---------+----------+-----------+-----------+------+----------+
        |                  |  Latency (cycles) | Iteration|  Initiation Interval  | Trip |          |
        |     Loop Name    |   min   |   max   |  Latency |  achieved |   target  | Count| Pipelined|
        +------------------+---------+---------+----------+-----------+-----------+------+----------+
        |- l_norm_i2_l_j1  |      154|      154|        12|          1|          1|   144|       yes|
        +------------------+---------+---------+----------+-----------+-----------+------+----------+

============================================================
+ Verbose Summary: Synthesis Manager
============================================================
InlineROM: 1
ExposeGlobal: 0
============================================================
+ Verbose Summary: CDFG Model
============================================================
IsTopModel: 0
ResetActiveHigh: 1
IsCombinational: 0
IsDatapathOnly: 0
HasWiredReturn: 1
HasMFsm: 2
HasVarLatency: 1
IsPipeline: 0
IsRtlPipelined: 0
IsInstanceOverlapped: 0
IsDontTouch: 0
HasImplIP: 0
IsGatedGlobalClock: 0

+ Individual pipeline summary: 
  * Pipeline-0: initiation interval (II) = 1, depth = 12


============================================================
+ Verbose Summary: Schedule
============================================================
* Number of FSM states : 12
* Pipeline : 1
  Pipeline-0 : II = 1, D = 12, States = { 1 2 3 4 5 6 7 8 9 10 11 12 }
* Dataflow Pipeline: 0

* FSM state transitions: 
1 --> 2 
2 --> 3 
3 --> 4 
4 --> 5 
5 --> 6 
6 --> 7 
7 --> 8 
8 --> 9 
9 --> 10 
10 --> 11 
11 --> 12 
12 --> 

* FSM state operations: 

State 1 <SV = 0> <Delay = 5.64>
ST_1 : Operation 15 [1/1] (0.00ns)   --->   "%j1 = alloca i32 1"   --->   Operation 15 'alloca' 'j1' <Predicate = true> <Delay = 0.00>
ST_1 : Operation 16 [1/1] (0.00ns)   --->   "%i2 = alloca i32 1"   --->   Operation 16 'alloca' 'i2' <Predicate = true> <Delay = 0.00>
ST_1 : Operation 17 [1/1] (0.00ns)   --->   "%indvar_flatten19 = alloca i32 1"   --->   Operation 17 'alloca' 'indvar_flatten19' <Predicate = true> <Delay = 0.00>
ST_1 : Operation 18 [1/1] (1.58ns)   --->   "%store_ln0 = store i8 0, i8 %indvar_flatten19"   --->   Operation 18 'store' 'store_ln0' <Predicate = true> <Delay = 1.58>
ST_1 : Operation 19 [1/1] (1.58ns)   --->   "%store_ln0 = store i4 0, i4 %i2"   --->   Operation 19 'store' 'store_ln0' <Predicate = true> <Delay = 1.58>
ST_1 : Operation 20 [1/1] (1.58ns)   --->   "%store_ln0 = store i4 0, i4 %j1"   --->   Operation 20 'store' 'store_ln0' <Predicate = true> <Delay = 1.58>
ST_1 : Operation 21 [1/1] (0.00ns)   --->   "%br_ln0 = br void %for.body25.i"   --->   Operation 21 'br' 'br_ln0' <Predicate = true> <Delay = 0.00>
ST_1 : Operation 22 [1/1] (0.00ns)   --->   "%indvar_flatten19_load = load i8 %indvar_flatten19" [bert_layer.cpp:57]   --->   Operation 22 'load' 'indvar_flatten19_load' <Predicate = true> <Delay = 0.00>
ST_1 : Operation 23 [1/1] (1.55ns)   --->   "%icmp_ln57 = icmp_eq  i8 %indvar_flatten19_load, i8 144" [bert_layer.cpp:57]   --->   Operation 23 'icmp' 'icmp_ln57' <Predicate = true> <Delay = 1.55> <CoreInst = "Cmp">   --->   Core 9 'Cmp' <Latency = 0> <II = 1> <Delay = 1.55> <FuncUnit> <Opcode : 'icmp'> <InPorts = 2> <OutPorts = 1>
ST_1 : Operation 24 [1/1] (1.91ns)   --->   "%add_ln57_1 = add i8 %indvar_flatten19_load, i8 1" [bert_layer.cpp:57]   --->   Operation 24 'add' 'add_ln57_1' <Predicate = true> <Delay = 1.91> <CoreInst = "Adder">   --->   Core 1 'Adder' <Latency = 0> <II = 1> <Delay = 1.91> <FuncUnit> <Opcode : 'add' 'sub'> <InPorts = 2> <OutPorts = 1>
ST_1 : Operation 25 [1/1] (0.00ns)   --->   "%br_ln57 = br i1 %icmp_ln57, void %for.inc38.i, void %for.inc.i14.preheader.exitStub" [bert_layer.cpp:57]   --->   Operation 25 'br' 'br_ln57' <Predicate = true> <Delay = 0.00>
ST_1 : Operation 26 [1/1] (0.00ns)   --->   "%j1_load = load i4 %j1" [bert_layer.cpp:58]   --->   Operation 26 'load' 'j1_load' <Predicate = (!icmp_ln57)> <Delay = 0.00>
ST_1 : Operation 27 [1/1] (0.00ns)   --->   "%i2_load = load i4 %i2" [bert_layer.cpp:57]   --->   Operation 27 'load' 'i2_load' <Predicate = (!icmp_ln57)> <Delay = 0.00>
ST_1 : Operation 28 [1/1] (1.73ns)   --->   "%add_ln57 = add i4 %i2_load, i4 1" [bert_layer.cpp:57]   --->   Operation 28 'add' 'add_ln57' <Predicate = (!icmp_ln57)> <Delay = 1.73> <CoreInst = "Adder">   --->   Core 1 'Adder' <Latency = 0> <II = 1> <Delay = 1.73> <FuncUnit> <Opcode : 'add' 'sub'> <InPorts = 2> <OutPorts = 1>
ST_1 : Operation 29 [1/1] (1.30ns)   --->   "%icmp_ln58 = icmp_eq  i4 %j1_load, i4 12" [bert_layer.cpp:58]   --->   Operation 29 'icmp' 'icmp_ln58' <Predicate = (!icmp_ln57)> <Delay = 1.30> <CoreInst = "Cmp">   --->   Core 9 'Cmp' <Latency = 0> <II = 1> <Delay = 1.30> <FuncUnit> <Opcode : 'icmp'> <InPorts = 2> <OutPorts = 1>
ST_1 : Operation 30 [1/1] (1.02ns)   --->   "%select_ln57 = select i1 %icmp_ln58, i4 0, i4 %j1_load" [bert_layer.cpp:57]   --->   Operation 30 'select' 'select_ln57' <Predicate = (!icmp_ln57)> <Delay = 1.02> <CoreInst = "Sel">   --->   Core 73 'Sel' <Latency = 0> <II = 1> <Delay = 1.02> <FuncUnit> <Opcode : 'select'> <InPorts = 3> <OutPorts = 1>
ST_1 : Operation 31 [1/1] (1.02ns)   --->   "%select_ln57_1 = select i1 %icmp_ln58, i4 %add_ln57, i4 %i2_load" [bert_layer.cpp:57]   --->   Operation 31 'select' 'select_ln57_1' <Predicate = (!icmp_ln57)> <Delay = 1.02> <CoreInst = "Sel">   --->   Core 73 'Sel' <Latency = 0> <II = 1> <Delay = 1.02> <FuncUnit> <Opcode : 'select'> <InPorts = 3> <OutPorts = 1>
ST_1 : Operation 32 [1/1] (0.00ns)   --->   "%trunc_ln57 = trunc i4 %select_ln57_1" [bert_layer.cpp:57]   --->   Operation 32 'trunc' 'trunc_ln57' <Predicate = (!icmp_ln57)> <Delay = 0.00>
ST_1 : Operation 33 [1/1] (0.00ns)   --->   "%p_cast9_mid2_v = partselect i2 @_ssdm_op_PartSelect.i2.i4.i32.i32, i4 %select_ln57_1, i32 2, i32 3" [bert_layer.cpp:57]   --->   Operation 33 'partselect' 'p_cast9_mid2_v' <Predicate = (!icmp_ln57)> <Delay = 0.00>
ST_1 : Operation 34 [1/1] (0.95ns)   --->   "%switch_ln63 = switch i2 %trunc_ln57, void %arrayidx342.i23.case.3, i2 0, void %arrayidx342.i23.case.0, i2 1, void %arrayidx342.i23.case.1, i2 2, void %arrayidx342.i23.case.2" [bert_layer.cpp:63]   --->   Operation 34 'switch' 'switch_ln63' <Predicate = (!icmp_ln57)> <Delay = 0.95>
ST_1 : Operation 35 [1/1] (1.73ns)   --->   "%add_ln58 = add i4 %select_ln57, i4 1" [bert_layer.cpp:58]   --->   Operation 35 'add' 'add_ln58' <Predicate = (!icmp_ln57)> <Delay = 1.73> <CoreInst = "Adder">   --->   Core 1 'Adder' <Latency = 0> <II = 1> <Delay = 1.73> <FuncUnit> <Opcode : 'add' 'sub'> <InPorts = 2> <OutPorts = 1>
ST_1 : Operation 36 [1/1] (1.58ns)   --->   "%store_ln58 = store i8 %add_ln57_1, i8 %indvar_flatten19" [bert_layer.cpp:58]   --->   Operation 36 'store' 'store_ln58' <Predicate = (!icmp_ln57)> <Delay = 1.58>
ST_1 : Operation 37 [1/1] (1.58ns)   --->   "%store_ln58 = store i4 %select_ln57_1, i4 %i2" [bert_layer.cpp:58]   --->   Operation 37 'store' 'store_ln58' <Predicate = (!icmp_ln57)> <Delay = 1.58>
ST_1 : Operation 38 [1/1] (1.58ns)   --->   "%store_ln58 = store i4 %add_ln58, i4 %j1" [bert_layer.cpp:58]   --->   Operation 38 'store' 'store_ln58' <Predicate = (!icmp_ln57)> <Delay = 1.58>
ST_1 : Operation 39 [1/1] (0.00ns)   --->   "%br_ln58 = br void %for.body25.i" [bert_layer.cpp:58]   --->   Operation 39 'br' 'br_ln58' <Predicate = (!icmp_ln57)> <Delay = 0.00>

State 2 <SV = 1> <Delay = 5.81>
ST_2 : Operation 40 [1/1] (0.00ns)   --->   "%tmp_s = bitconcatenate i6 @_ssdm_op_BitConcatenate.i6.i2.i4, i2 %p_cast9_mid2_v, i4 0" [bert_layer.cpp:60]   --->   Operation 40 'bitconcatenate' 'tmp_s' <Predicate = true> <Delay = 0.00>
ST_2 : Operation 41 [1/1] (0.00ns)   --->   "%tmp_24 = bitconcatenate i4 @_ssdm_op_BitConcatenate.i4.i2.i2, i2 %p_cast9_mid2_v, i2 0" [bert_layer.cpp:60]   --->   Operation 41 'bitconcatenate' 'tmp_24' <Predicate = true> <Delay = 0.00>
ST_2 : Operation 42 [1/1] (0.00ns)   --->   "%zext_ln60 = zext i4 %tmp_24" [bert_layer.cpp:60]   --->   Operation 42 'zext' 'zext_ln60' <Predicate = true> <Delay = 0.00>
ST_2 : Operation 43 [1/1] (0.00ns) (grouped into TernaryAdder)   --->   "%sub_ln60 = sub i6 %tmp_s, i6 %zext_ln60" [bert_layer.cpp:60]   --->   Operation 43 'sub' 'sub_ln60' <Predicate = true> <Delay = 0.00> <CoreInst = "TAddSub">   --->   Core 10 'TAddSub' <Latency = 0> <II = 1> <Delay = 1.83> <IPBlock> <Opcode : 'add' 'sub'> <InPorts = 3> <OutPorts = 1> <Sync> <CReg>
ST_2 : Operation 44 [1/1] (0.00ns)   --->   "%zext_ln60_1 = zext i4 %select_ln57" [bert_layer.cpp:60]   --->   Operation 44 'zext' 'zext_ln60_1' <Predicate = true> <Delay = 0.00>
ST_2 : Operation 45 [1/1] (3.49ns) (root node of TernaryAdder)   --->   "%add_ln60 = add i6 %sub_ln60, i6 %zext_ln60_1" [bert_layer.cpp:60]   --->   Operation 45 'add' 'add_ln60' <Predicate = true> <Delay = 3.49> <CoreInst = "TAddSub">   --->   Core 10 'TAddSub' <Latency = 0> <II = 1> <Delay = 1.83> <IPBlock> <Opcode : 'add' 'sub'> <InPorts = 3> <OutPorts = 1> <Sync> <CReg>
ST_2 : Operation 46 [1/1] (0.00ns)   --->   "%zext_ln60_2 = zext i6 %add_ln60" [bert_layer.cpp:60]   --->   Operation 46 'zext' 'zext_ln60_2' <Predicate = true> <Delay = 0.00>
ST_2 : Operation 47 [1/1] (0.00ns)   --->   "%outp_V_addr = getelementptr i24 %outp_V, i64 0, i64 %zext_ln60_2" [bert_layer.cpp:60]   --->   Operation 47 'getelementptr' 'outp_V_addr' <Predicate = true> <Delay = 0.00>
ST_2 : Operation 48 [1/1] (0.00ns)   --->   "%outp_V_1_addr = getelementptr i24 %outp_V_1, i64 0, i64 %zext_ln60_2" [bert_layer.cpp:60]   --->   Operation 48 'getelementptr' 'outp_V_1_addr' <Predicate = true> <Delay = 0.00>
ST_2 : Operation 49 [1/1] (0.00ns)   --->   "%outp_V_2_addr = getelementptr i24 %outp_V_2, i64 0, i64 %zext_ln60_2" [bert_layer.cpp:60]   --->   Operation 49 'getelementptr' 'outp_V_2_addr' <Predicate = true> <Delay = 0.00>
ST_2 : Operation 50 [1/1] (0.00ns)   --->   "%outp_V_3_addr = getelementptr i24 %outp_V_3, i64 0, i64 %zext_ln60_2" [bert_layer.cpp:60]   --->   Operation 50 'getelementptr' 'outp_V_3_addr' <Predicate = true> <Delay = 0.00>
ST_2 : Operation 51 [1/1] (0.00ns)   --->   "%v100_addr = getelementptr i32 %v100, i64 0, i64 %zext_ln60_2" [bert_layer.cpp:63]   --->   Operation 51 'getelementptr' 'v100_addr' <Predicate = true> <Delay = 0.00>
ST_2 : Operation 52 [1/1] (0.00ns)   --->   "%v100_1_addr = getelementptr i32 %v100_1, i64 0, i64 %zext_ln60_2" [bert_layer.cpp:63]   --->   Operation 52 'getelementptr' 'v100_1_addr' <Predicate = true> <Delay = 0.00>
ST_2 : Operation 53 [1/1] (0.00ns)   --->   "%v100_2_addr = getelementptr i32 %v100_2, i64 0, i64 %zext_ln60_2" [bert_layer.cpp:63]   --->   Operation 53 'getelementptr' 'v100_2_addr' <Predicate = true> <Delay = 0.00>
ST_2 : Operation 54 [1/1] (0.00ns)   --->   "%v100_3_addr = getelementptr i32 %v100_3, i64 0, i64 %zext_ln60_2" [bert_layer.cpp:63]   --->   Operation 54 'getelementptr' 'v100_3_addr' <Predicate = true> <Delay = 0.00>
ST_2 : Operation 55 [2/2] (2.32ns)   --->   "%outp_V_load = load i6 %outp_V_addr" [bert_layer.cpp:60]   --->   Operation 55 'load' 'outp_V_load' <Predicate = true> <Delay = 2.32> <CoreInst = "RAM">   --->   Core 82 'RAM' <Latency = 1> <II = 1> <Delay = 2.32> <Storage> <Opcode : 'load' 'store'> <Ports = 2> <Width = 24> <Depth = 36> <RAM>
ST_2 : Operation 56 [2/2] (2.32ns)   --->   "%outp_V_1_load = load i6 %outp_V_1_addr" [bert_layer.cpp:60]   --->   Operation 56 'load' 'outp_V_1_load' <Predicate = true> <Delay = 2.32> <CoreInst = "RAM">   --->   Core 82 'RAM' <Latency = 1> <II = 1> <Delay = 2.32> <Storage> <Opcode : 'load' 'store'> <Ports = 2> <Width = 24> <Depth = 36> <RAM>
ST_2 : Operation 57 [2/2] (2.32ns)   --->   "%outp_V_2_load = load i6 %outp_V_2_addr" [bert_layer.cpp:60]   --->   Operation 57 'load' 'outp_V_2_load' <Predicate = true> <Delay = 2.32> <CoreInst = "RAM">   --->   Core 82 'RAM' <Latency = 1> <II = 1> <Delay = 2.32> <Storage> <Opcode : 'load' 'store'> <Ports = 2> <Width = 24> <Depth = 36> <RAM>
ST_2 : Operation 58 [2/2] (2.32ns)   --->   "%outp_V_3_load = load i6 %outp_V_3_addr" [bert_layer.cpp:60]   --->   Operation 58 'load' 'outp_V_3_load' <Predicate = true> <Delay = 2.32> <CoreInst = "RAM">   --->   Core 82 'RAM' <Latency = 1> <II = 1> <Delay = 2.32> <Storage> <Opcode : 'load' 'store'> <Ports = 2> <Width = 24> <Depth = 36> <RAM>

State 3 <SV = 2> <Delay = 4.14>
ST_3 : Operation 59 [1/2] (2.32ns)   --->   "%outp_V_load = load i6 %outp_V_addr" [bert_layer.cpp:60]   --->   Operation 59 'load' 'outp_V_load' <Predicate = true> <Delay = 2.32> <CoreInst = "RAM">   --->   Core 82 'RAM' <Latency = 1> <II = 1> <Delay = 2.32> <Storage> <Opcode : 'load' 'store'> <Ports = 2> <Width = 24> <Depth = 36> <RAM>
ST_3 : Operation 60 [1/2] (2.32ns)   --->   "%outp_V_1_load = load i6 %outp_V_1_addr" [bert_layer.cpp:60]   --->   Operation 60 'load' 'outp_V_1_load' <Predicate = true> <Delay = 2.32> <CoreInst = "RAM">   --->   Core 82 'RAM' <Latency = 1> <II = 1> <Delay = 2.32> <Storage> <Opcode : 'load' 'store'> <Ports = 2> <Width = 24> <Depth = 36> <RAM>
ST_3 : Operation 61 [1/2] (2.32ns)   --->   "%outp_V_2_load = load i6 %outp_V_2_addr" [bert_layer.cpp:60]   --->   Operation 61 'load' 'outp_V_2_load' <Predicate = true> <Delay = 2.32> <CoreInst = "RAM">   --->   Core 82 'RAM' <Latency = 1> <II = 1> <Delay = 2.32> <Storage> <Opcode : 'load' 'store'> <Ports = 2> <Width = 24> <Depth = 36> <RAM>
ST_3 : Operation 62 [1/2] (2.32ns)   --->   "%outp_V_3_load = load i6 %outp_V_3_addr" [bert_layer.cpp:60]   --->   Operation 62 'load' 'outp_V_3_load' <Predicate = true> <Delay = 2.32> <CoreInst = "RAM">   --->   Core 82 'RAM' <Latency = 1> <II = 1> <Delay = 2.32> <Storage> <Opcode : 'load' 'store'> <Ports = 2> <Width = 24> <Depth = 36> <RAM>
ST_3 : Operation 63 [1/1] (1.82ns)   --->   "%v46_V = mux i24 @_ssdm_op_Mux.ap_auto.4i24.i2, i24 %outp_V_load, i24 %outp_V_1_load, i24 %outp_V_2_load, i24 %outp_V_3_load, i2 %trunc_ln57" [bert_layer.cpp:60]   --->   Operation 63 'mux' 'v46_V' <Predicate = true> <Delay = 1.82> <CoreInst = "Multiplexer">   --->   Core 76 'Multiplexer' <Latency = 0> <II = 1> <Delay = 1.82> <FuncUnit> <Opcode : 'mux'> <InPorts = 2> <OutPorts = 1>
ST_3 : Operation 64 [1/1] (0.00ns)   --->   "%p_Result_39 = bitselect i1 @_ssdm_op_BitSelect.i1.i24.i32, i24 %v46_V, i32 23"   --->   Operation 64 'bitselect' 'p_Result_39' <Predicate = true> <Delay = 0.00>

State 4 <SV = 3> <Delay = 5.56>
ST_4 : Operation 65 [1/1] (2.45ns)   --->   "%icmp_ln1136 = icmp_eq  i24 %v46_V, i24 0"   --->   Operation 65 'icmp' 'icmp_ln1136' <Predicate = true> <Delay = 2.45> <CoreInst = "Cmp">   --->   Core 9 'Cmp' <Latency = 0> <II = 1> <Delay = 2.45> <FuncUnit> <Opcode : 'icmp'> <InPorts = 2> <OutPorts = 1>
ST_4 : Operation 66 [1/1] (2.31ns)   --->   "%tmp_V = sub i24 0, i24 %v46_V"   --->   Operation 66 'sub' 'tmp_V' <Predicate = (p_Result_39)> <Delay = 2.31> <CoreInst = "Adder">   --->   Core 1 'Adder' <Latency = 0> <II = 1> <Delay = 2.31> <FuncUnit> <Opcode : 'add' 'sub'> <InPorts = 2> <OutPorts = 1>
ST_4 : Operation 67 [1/1] (0.69ns)   --->   "%tmp_V_2 = select i1 %p_Result_39, i24 %tmp_V, i24 %v46_V"   --->   Operation 67 'select' 'tmp_V_2' <Predicate = true> <Delay = 0.69> <CoreInst = "Sel">   --->   Core 73 'Sel' <Latency = 0> <II = 1> <Delay = 0.69> <FuncUnit> <Opcode : 'select'> <InPorts = 3> <OutPorts = 1>
ST_4 : Operation 68 [1/1] (0.00ns)   --->   "%p_Result_s = partselect i24 @llvm.part.select.i24, i24 %tmp_V_2, i32 23, i32 0"   --->   Operation 68 'partselect' 'p_Result_s' <Predicate = true> <Delay = 0.00>
ST_4 : Operation 69 [1/1] (0.00ns)   --->   "%p_Result_40 = bitconcatenate i25 @_ssdm_op_BitConcatenate.i25.i1.i24, i1 1, i24 %p_Result_s"   --->   Operation 69 'bitconcatenate' 'p_Result_40' <Predicate = true> <Delay = 0.00>
ST_4 : Operation 70 [1/1] (0.00ns)   --->   "%sext_ln1244 = sext i25 %p_Result_40"   --->   Operation 70 'sext' 'sext_ln1244' <Predicate = true> <Delay = 0.00>
ST_4 : Operation 71 [1/1] (0.00ns)   --->   "%l = cttz i32 @llvm.cttz.i32, i32 %sext_ln1244, i1 1"   --->   Operation 71 'cttz' 'l' <Predicate = true> <Delay = 0.00>
ST_4 : Operation 72 [1/1] (2.55ns)   --->   "%sub_ln1145 = sub i32 24, i32 %l"   --->   Operation 72 'sub' 'sub_ln1145' <Predicate = true> <Delay = 2.55> <CoreInst = "Adder">   --->   Core 1 'Adder' <Latency = 0> <II = 1> <Delay = 2.55> <FuncUnit> <Opcode : 'add' 'sub'> <InPorts = 2> <OutPorts = 1>
ST_4 : Operation 73 [1/1] (0.00ns)   --->   "%trunc_ln1145 = trunc i32 %sub_ln1145"   --->   Operation 73 'trunc' 'trunc_ln1145' <Predicate = true> <Delay = 0.00>
ST_4 : Operation 74 [1/1] (0.00ns)   --->   "%trunc_ln1148 = trunc i32 %sub_ln1145"   --->   Operation 74 'trunc' 'trunc_ln1148' <Predicate = true> <Delay = 0.00>
ST_4 : Operation 75 [1/1] (0.00ns)   --->   "%trunc_ln1144 = trunc i32 %l"   --->   Operation 75 'trunc' 'trunc_ln1144' <Predicate = true> <Delay = 0.00>

State 5 <SV = 4> <Delay = 6.00>
ST_5 : Operation 76 [1/1] (2.55ns)   --->   "%lsb_index = add i32 %sub_ln1145, i32 4294967272"   --->   Operation 76 'add' 'lsb_index' <Predicate = (!icmp_ln1136)> <Delay = 2.55> <CoreInst = "Adder">   --->   Core 1 'Adder' <Latency = 0> <II = 1> <Delay = 2.55> <FuncUnit> <Opcode : 'add' 'sub'> <InPorts = 2> <OutPorts = 1>
ST_5 : Operation 77 [1/1] (0.00ns)   --->   "%tmp = partselect i31 @_ssdm_op_PartSelect.i31.i32.i32.i32, i32 %lsb_index, i32 1, i32 31"   --->   Operation 77 'partselect' 'tmp' <Predicate = (!icmp_ln1136)> <Delay = 0.00>
ST_5 : Operation 78 [1/1] (2.47ns)   --->   "%icmp_ln1147 = icmp_sgt  i31 %tmp, i31 0"   --->   Operation 78 'icmp' 'icmp_ln1147' <Predicate = (!icmp_ln1136)> <Delay = 2.47> <CoreInst = "Cmp">   --->   Core 9 'Cmp' <Latency = 0> <II = 1> <Delay = 2.47> <FuncUnit> <Opcode : 'icmp'> <InPorts = 2> <OutPorts = 1>
ST_5 : Operation 79 [1/1] (1.78ns)   --->   "%sub_ln1148 = sub i5 17, i5 %trunc_ln1148"   --->   Operation 79 'sub' 'sub_ln1148' <Predicate = (!icmp_ln1136)> <Delay = 1.78> <CoreInst = "Adder">   --->   Core 1 'Adder' <Latency = 0> <II = 1> <Delay = 1.78> <FuncUnit> <Opcode : 'add' 'sub'> <InPorts = 2> <OutPorts = 1>
ST_5 : Operation 80 [1/1] (0.00ns) (grouped into LUT with out node icmp_ln1148)   --->   "%zext_ln1148 = zext i5 %sub_ln1148"   --->   Operation 80 'zext' 'zext_ln1148' <Predicate = (!icmp_ln1136)> <Delay = 0.00>
ST_5 : Operation 81 [1/1] (0.00ns) (grouped into LUT with out node icmp_ln1148)   --->   "%lshr_ln1148 = lshr i24 16777215, i24 %zext_ln1148"   --->   Operation 81 'lshr' 'lshr_ln1148' <Predicate = (!icmp_ln1136)> <Delay = 0.00> <CoreInst = "Shifter">   --->   Core 75 'Shifter' <Latency = 0> <II = 1> <Delay = 2.66> <FuncUnit> <Opcode : 'shl' 'lshr' 'ashr'> <InPorts = 2> <OutPorts = 1>
ST_5 : Operation 82 [1/1] (0.00ns) (grouped into LUT with out node icmp_ln1148)   --->   "%p_Result_35 = and i24 %tmp_V_2, i24 %lshr_ln1148"   --->   Operation 82 'and' 'p_Result_35' <Predicate = (!icmp_ln1136)> <Delay = 0.00> <CoreInst = "LogicGate">   --->   Core 74 'LogicGate' <Latency = 0> <II = 1> <Delay = 1.03> <FuncUnit> <Opcode : 'and' 'or' 'xor'> <InPorts = 2> <OutPorts = 1>
ST_5 : Operation 83 [1/1] (2.66ns) (out node of the LUT)   --->   "%icmp_ln1148 = icmp_ne  i24 %p_Result_35, i24 0"   --->   Operation 83 'icmp' 'icmp_ln1148' <Predicate = (!icmp_ln1136)> <Delay = 2.66> <CoreInst = "Cmp">   --->   Core 9 'Cmp' <Latency = 0> <II = 1> <Delay = 2.45> <FuncUnit> <Opcode : 'icmp'> <InPorts = 2> <OutPorts = 1>
ST_5 : Operation 84 [1/1] (0.00ns) (grouped into LUT with out node or_ln)   --->   "%a = and i1 %icmp_ln1147, i1 %icmp_ln1148"   --->   Operation 84 'and' 'a' <Predicate = (!icmp_ln1136)> <Delay = 0.00> <CoreInst = "LogicGate">   --->   Core 74 'LogicGate' <Latency = 0> <II = 1> <Delay = 0.97> <FuncUnit> <Opcode : 'and' 'or' 'xor'> <InPorts = 2> <OutPorts = 1>
ST_5 : Operation 85 [1/1] (0.00ns) (grouped into LUT with out node or_ln)   --->   "%tmp_27 = bitselect i1 @_ssdm_op_BitSelect.i1.i32.i32, i32 %lsb_index, i32 31"   --->   Operation 85 'bitselect' 'tmp_27' <Predicate = (!icmp_ln1136)> <Delay = 0.00>
ST_5 : Operation 86 [1/1] (0.00ns) (grouped into LUT with out node or_ln)   --->   "%xor_ln1150 = xor i1 %tmp_27, i1 1"   --->   Operation 86 'xor' 'xor_ln1150' <Predicate = (!icmp_ln1136)> <Delay = 0.00> <CoreInst = "LogicGate">   --->   Core 74 'LogicGate' <Latency = 0> <II = 1> <Delay = 0.97> <FuncUnit> <Opcode : 'and' 'or' 'xor'> <InPorts = 2> <OutPorts = 1>
ST_5 : Operation 87 [1/1] (2.31ns)   --->   "%add_ln1150 = add i24 %trunc_ln1145, i24 16777192"   --->   Operation 87 'add' 'add_ln1150' <Predicate = (!icmp_ln1136)> <Delay = 2.31> <CoreInst = "Adder">   --->   Core 1 'Adder' <Latency = 0> <II = 1> <Delay = 2.31> <FuncUnit> <Opcode : 'add' 'sub'> <InPorts = 2> <OutPorts = 1>
ST_5 : Operation 88 [1/1] (0.00ns) (grouped into LUT with out node or_ln)   --->   "%p_Result_36 = bitselect i1 @_ssdm_op_BitSelect.i1.i24.i24, i24 %tmp_V_2, i24 %add_ln1150"   --->   Operation 88 'bitselect' 'p_Result_36' <Predicate = (!icmp_ln1136)> <Delay = 0.00>
ST_5 : Operation 89 [1/1] (0.00ns) (grouped into LUT with out node or_ln)   --->   "%and_ln1150 = and i1 %p_Result_36, i1 %xor_ln1150"   --->   Operation 89 'and' 'and_ln1150' <Predicate = (!icmp_ln1136)> <Delay = 0.00> <CoreInst = "LogicGate">   --->   Core 74 'LogicGate' <Latency = 0> <II = 1> <Delay = 0.97> <FuncUnit> <Opcode : 'and' 'or' 'xor'> <InPorts = 2> <OutPorts = 1>
ST_5 : Operation 90 [1/1] (0.00ns) (grouped into LUT with out node or_ln)   --->   "%or_ln1150 = or i1 %and_ln1150, i1 %a"   --->   Operation 90 'or' 'or_ln1150' <Predicate = (!icmp_ln1136)> <Delay = 0.00> <CoreInst = "LogicGate">   --->   Core 74 'LogicGate' <Latency = 0> <II = 1> <Delay = 0.97> <FuncUnit> <Opcode : 'and' 'or' 'xor'> <InPorts = 2> <OutPorts = 1>
ST_5 : Operation 91 [1/1] (0.97ns) (out node of the LUT)   --->   "%or_ln = bitconcatenate i2 @_ssdm_op_BitConcatenate.i2.i1.i1, i1 0, i1 %or_ln1150"   --->   Operation 91 'bitconcatenate' 'or_ln' <Predicate = (!icmp_ln1136)> <Delay = 0.97>
ST_5 : Operation 92 [1/1] (2.47ns)   --->   "%icmp_ln1159 = icmp_sgt  i32 %lsb_index, i32 0"   --->   Operation 92 'icmp' 'icmp_ln1159' <Predicate = (!icmp_ln1136)> <Delay = 2.47> <CoreInst = "Cmp">   --->   Core 9 'Cmp' <Latency = 0> <II = 1> <Delay = 2.47> <FuncUnit> <Opcode : 'icmp'> <InPorts = 2> <OutPorts = 1>

State 6 <SV = 5> <Delay = 6.97>
ST_6 : Operation 93 [1/1] (0.00ns)   --->   "%zext_ln1158 = zext i24 %tmp_V_2"   --->   Operation 93 'zext' 'zext_ln1158' <Predicate = (!icmp_ln1136)> <Delay = 0.00>
ST_6 : Operation 94 [1/1] (2.55ns)   --->   "%add_ln1159 = add i32 %sub_ln1145, i32 4294967271"   --->   Operation 94 'add' 'add_ln1159' <Predicate = (!icmp_ln1136 & icmp_ln1159)> <Delay = 2.55> <CoreInst = "Adder">   --->   Core 1 'Adder' <Latency = 0> <II = 1> <Delay = 2.55> <FuncUnit> <Opcode : 'add' 'sub'> <InPorts = 2> <OutPorts = 1>
ST_6 : Operation 95 [1/1] (0.00ns) (grouped into LUT with out node m_3)   --->   "%zext_ln1159 = zext i32 %add_ln1159"   --->   Operation 95 'zext' 'zext_ln1159' <Predicate = (!icmp_ln1136 & icmp_ln1159)> <Delay = 0.00>
ST_6 : Operation 96 [1/1] (0.00ns) (grouped into LUT with out node m_3)   --->   "%lshr_ln1159 = lshr i64 %zext_ln1158, i64 %zext_ln1159"   --->   Operation 96 'lshr' 'lshr_ln1159' <Predicate = (!icmp_ln1136 & icmp_ln1159)> <Delay = 0.00> <CoreInst = "Shifter">   --->   Core 75 'Shifter' <Latency = 0> <II = 1> <Delay = 4.42> <FuncUnit> <Opcode : 'shl' 'lshr' 'ashr'> <InPorts = 2> <OutPorts = 1>
ST_6 : Operation 97 [1/1] (2.55ns)   --->   "%sub_ln1160 = sub i32 25, i32 %sub_ln1145"   --->   Operation 97 'sub' 'sub_ln1160' <Predicate = (!icmp_ln1136 & !icmp_ln1159)> <Delay = 2.55> <CoreInst = "Adder">   --->   Core 1 'Adder' <Latency = 0> <II = 1> <Delay = 2.55> <FuncUnit> <Opcode : 'add' 'sub'> <InPorts = 2> <OutPorts = 1>
ST_6 : Operation 98 [1/1] (0.00ns) (grouped into LUT with out node m_3)   --->   "%zext_ln1160 = zext i32 %sub_ln1160"   --->   Operation 98 'zext' 'zext_ln1160' <Predicate = (!icmp_ln1136 & !icmp_ln1159)> <Delay = 0.00>
ST_6 : Operation 99 [1/1] (0.00ns) (grouped into LUT with out node m_3)   --->   "%shl_ln1160 = shl i64 %zext_ln1158, i64 %zext_ln1160"   --->   Operation 99 'shl' 'shl_ln1160' <Predicate = (!icmp_ln1136 & !icmp_ln1159)> <Delay = 0.00> <CoreInst = "Shifter">   --->   Core 75 'Shifter' <Latency = 0> <II = 1> <Delay = 4.42> <FuncUnit> <Opcode : 'shl' 'lshr' 'ashr'> <InPorts = 2> <OutPorts = 1>
ST_6 : Operation 100 [1/1] (0.00ns) (grouped into LUT with out node m_3)   --->   "%m_2 = select i1 %icmp_ln1159, i64 %lshr_ln1159, i64 %shl_ln1160"   --->   Operation 100 'select' 'm_2' <Predicate = (!icmp_ln1136)> <Delay = 0.00> <CoreInst = "Sel">   --->   Core 73 'Sel' <Latency = 0> <II = 1> <Delay = 1.48> <FuncUnit> <Opcode : 'select'> <InPorts = 3> <OutPorts = 1>
ST_6 : Operation 101 [1/1] (0.00ns) (grouped into LUT with out node m_3)   --->   "%zext_ln1162 = zext i2 %or_ln"   --->   Operation 101 'zext' 'zext_ln1162' <Predicate = (!icmp_ln1136)> <Delay = 0.00>
ST_6 : Operation 102 [1/1] (4.42ns) (out node of the LUT)   --->   "%m_3 = add i64 %m_2, i64 %zext_ln1162"   --->   Operation 102 'add' 'm_3' <Predicate = (!icmp_ln1136)> <Delay = 4.42> <CoreInst = "Adder">   --->   Core 1 'Adder' <Latency = 0> <II = 1> <Delay = 3.52> <FuncUnit> <Opcode : 'add' 'sub'> <InPorts = 2> <OutPorts = 1>
ST_6 : Operation 103 [1/1] (0.00ns)   --->   "%m_4 = partselect i63 @_ssdm_op_PartSelect.i63.i64.i32.i32, i64 %m_3, i32 1, i32 63"   --->   Operation 103 'partselect' 'm_4' <Predicate = (!icmp_ln1136)> <Delay = 0.00>
ST_6 : Operation 104 [1/1] (0.00ns)   --->   "%p_Result_37 = bitselect i1 @_ssdm_op_BitSelect.i1.i64.i32, i64 %m_3, i32 25"   --->   Operation 104 'bitselect' 'p_Result_37' <Predicate = (!icmp_ln1136)> <Delay = 0.00>

State 7 <SV = 6> <Delay = 4.91>
ST_7 : Operation 105 [1/1] (0.00ns)   --->   "%zext_ln1163 = zext i63 %m_4"   --->   Operation 105 'zext' 'zext_ln1163' <Predicate = (!icmp_ln1136)> <Delay = 0.00>
ST_7 : Operation 106 [1/1] (1.24ns)   --->   "%select_ln1144 = select i1 %p_Result_37, i8 127, i8 126"   --->   Operation 106 'select' 'select_ln1144' <Predicate = (!icmp_ln1136)> <Delay = 1.24> <CoreInst = "Sel">   --->   Core 73 'Sel' <Latency = 0> <II = 1> <Delay = 1.24> <FuncUnit> <Opcode : 'select'> <InPorts = 3> <OutPorts = 1>
ST_7 : Operation 107 [1/1] (0.00ns) (grouped into TernaryAdder)   --->   "%sub_ln1165 = sub i8 8, i8 %trunc_ln1144"   --->   Operation 107 'sub' 'sub_ln1165' <Predicate = (!icmp_ln1136)> <Delay = 0.00> <CoreInst = "TAddSub">   --->   Core 10 'TAddSub' <Latency = 0> <II = 1> <Delay = 1.83> <IPBlock> <Opcode : 'add' 'sub'> <InPorts = 3> <OutPorts = 1> <Sync> <CReg>
ST_7 : Operation 108 [1/1] (3.66ns) (root node of TernaryAdder)   --->   "%add_ln1170 = add i8 %sub_ln1165, i8 %select_ln1144"   --->   Operation 108 'add' 'add_ln1170' <Predicate = (!icmp_ln1136)> <Delay = 3.66> <CoreInst = "TAddSub">   --->   Core 10 'TAddSub' <Latency = 0> <II = 1> <Delay = 1.83> <IPBlock> <Opcode : 'add' 'sub'> <InPorts = 3> <OutPorts = 1> <Sync> <CReg>
ST_7 : Operation 109 [1/1] (0.00ns)   --->   "%tmp_3 = bitconcatenate i9 @_ssdm_op_BitConcatenate.i9.i1.i8, i1 %p_Result_39, i8 %add_ln1170"   --->   Operation 109 'bitconcatenate' 'tmp_3' <Predicate = (!icmp_ln1136)> <Delay = 0.00>
ST_7 : Operation 110 [1/1] (0.00ns)   --->   "%p_Result_41 = partset i64 @_ssdm_op_PartSet.i64.i64.i9.i32.i32, i64 %zext_ln1163, i9 %tmp_3, i32 23, i32 31"   --->   Operation 110 'partset' 'p_Result_41' <Predicate = (!icmp_ln1136)> <Delay = 0.00>
ST_7 : Operation 111 [1/1] (0.00ns)   --->   "%LD = trunc i64 %p_Result_41"   --->   Operation 111 'trunc' 'LD' <Predicate = (!icmp_ln1136)> <Delay = 0.00>

State 8 <SV = 7> <Delay = 5.70>
ST_8 : Operation 112 [1/1] (0.00ns)   --->   "%bitcast_ln810 = bitcast i32 %LD"   --->   Operation 112 'bitcast' 'bitcast_ln810' <Predicate = (!icmp_ln1136)> <Delay = 0.00>
ST_8 : Operation 113 [4/4] (5.70ns)   --->   "%phitmp = fmul i32 %bitcast_ln810, i32 0.125"   --->   Operation 113 'fmul' 'phitmp' <Predicate = (!icmp_ln1136)> <Delay = 5.70> <CoreInst = "FMul_maxdsp">   --->   Core 30 'FMul_maxdsp' <Latency = 3> <II = 1> <Delay = 5.70> <FuncUnit> <Opcode : 'fmul'> <InPorts = 2> <OutPorts = 1>

State 9 <SV = 8> <Delay = 5.70>
ST_9 : Operation 114 [3/4] (5.70ns)   --->   "%phitmp = fmul i32 %bitcast_ln810, i32 0.125"   --->   Operation 114 'fmul' 'phitmp' <Predicate = (!icmp_ln1136)> <Delay = 5.70> <CoreInst = "FMul_maxdsp">   --->   Core 30 'FMul_maxdsp' <Latency = 3> <II = 1> <Delay = 5.70> <FuncUnit> <Opcode : 'fmul'> <InPorts = 2> <OutPorts = 1>

State 10 <SV = 9> <Delay = 5.70>
ST_10 : Operation 115 [2/4] (5.70ns)   --->   "%phitmp = fmul i32 %bitcast_ln810, i32 0.125"   --->   Operation 115 'fmul' 'phitmp' <Predicate = (!icmp_ln1136)> <Delay = 5.70> <CoreInst = "FMul_maxdsp">   --->   Core 30 'FMul_maxdsp' <Latency = 3> <II = 1> <Delay = 5.70> <FuncUnit> <Opcode : 'fmul'> <InPorts = 2> <OutPorts = 1>

State 11 <SV = 10> <Delay = 6.40>
ST_11 : Operation 116 [1/1] (0.00ns)   --->   "%specloopname_ln0 = specloopname void @_ssdm_op_SpecLoopName, void @l_norm_i2_l_j1_str"   --->   Operation 116 'specloopname' 'specloopname_ln0' <Predicate = true> <Delay = 0.00>
ST_11 : Operation 117 [1/1] (0.00ns)   --->   "%empty = speclooptripcount i32 @_ssdm_op_SpecLoopTripCount, i64 144, i64 144, i64 144"   --->   Operation 117 'speclooptripcount' 'empty' <Predicate = true> <Delay = 0.00>
ST_11 : Operation 118 [1/1] (0.00ns)   --->   "%specpipeline_ln59 = specpipeline void @_ssdm_op_SpecPipeline, i32 1, i32 0, i32 0, i32 0, void @empty_39" [bert_layer.cpp:59]   --->   Operation 118 'specpipeline' 'specpipeline_ln59' <Predicate = true> <Delay = 0.00>
ST_11 : Operation 119 [1/1] (0.00ns)   --->   "%specloopname_ln58 = specloopname void @_ssdm_op_SpecLoopName, void @empty_43" [bert_layer.cpp:58]   --->   Operation 119 'specloopname' 'specloopname_ln58' <Predicate = true> <Delay = 0.00>
ST_11 : Operation 120 [1/4] (5.70ns)   --->   "%phitmp = fmul i32 %bitcast_ln810, i32 0.125"   --->   Operation 120 'fmul' 'phitmp' <Predicate = (!icmp_ln1136)> <Delay = 5.70> <CoreInst = "FMul_maxdsp">   --->   Core 30 'FMul_maxdsp' <Latency = 3> <II = 1> <Delay = 5.70> <FuncUnit> <Opcode : 'fmul'> <InPorts = 2> <OutPorts = 1>
ST_11 : Operation 121 [1/1] (0.69ns)   --->   "%v48 = select i1 %icmp_ln1136, i32 0, i32 %phitmp"   --->   Operation 121 'select' 'v48' <Predicate = true> <Delay = 0.69> <CoreInst = "Sel">   --->   Core 73 'Sel' <Latency = 0> <II = 1> <Delay = 0.69> <FuncUnit> <Opcode : 'select'> <InPorts = 3> <OutPorts = 1>
ST_11 : Operation 130 [1/1] (0.00ns)   --->   "%ret_ln0 = ret"   --->   Operation 130 'ret' 'ret_ln0' <Predicate = (icmp_ln57)> <Delay = 0.00>

State 12 <SV = 11> <Delay = 3.25>
ST_12 : Operation 122 [1/1] (3.25ns)   --->   "%store_ln63 = store i32 %v48, i6 %v100_2_addr" [bert_layer.cpp:63]   --->   Operation 122 'store' 'store_ln63' <Predicate = (trunc_ln57 == 2)> <Delay = 3.25> <CoreInst = "RAM">   --->   Core 82 'RAM' <Latency = 1> <II = 1> <Delay = 3.25> <Storage> <Opcode : 'load' 'store'> <Ports = 2> <Width = 32> <Depth = 36> <RAM>
ST_12 : Operation 123 [1/1] (0.00ns)   --->   "%br_ln63 = br void %arrayidx342.i23.exit" [bert_layer.cpp:63]   --->   Operation 123 'br' 'br_ln63' <Predicate = (trunc_ln57 == 2)> <Delay = 0.00>
ST_12 : Operation 124 [1/1] (3.25ns)   --->   "%store_ln63 = store i32 %v48, i6 %v100_1_addr" [bert_layer.cpp:63]   --->   Operation 124 'store' 'store_ln63' <Predicate = (trunc_ln57 == 1)> <Delay = 3.25> <CoreInst = "RAM">   --->   Core 82 'RAM' <Latency = 1> <II = 1> <Delay = 3.25> <Storage> <Opcode : 'load' 'store'> <Ports = 2> <Width = 32> <Depth = 36> <RAM>
ST_12 : Operation 125 [1/1] (0.00ns)   --->   "%br_ln63 = br void %arrayidx342.i23.exit" [bert_layer.cpp:63]   --->   Operation 125 'br' 'br_ln63' <Predicate = (trunc_ln57 == 1)> <Delay = 0.00>
ST_12 : Operation 126 [1/1] (3.25ns)   --->   "%store_ln63 = store i32 %v48, i6 %v100_addr" [bert_layer.cpp:63]   --->   Operation 126 'store' 'store_ln63' <Predicate = (trunc_ln57 == 0)> <Delay = 3.25> <CoreInst = "RAM">   --->   Core 82 'RAM' <Latency = 1> <II = 1> <Delay = 3.25> <Storage> <Opcode : 'load' 'store'> <Ports = 2> <Width = 32> <Depth = 36> <RAM>
ST_12 : Operation 127 [1/1] (0.00ns)   --->   "%br_ln63 = br void %arrayidx342.i23.exit" [bert_layer.cpp:63]   --->   Operation 127 'br' 'br_ln63' <Predicate = (trunc_ln57 == 0)> <Delay = 0.00>
ST_12 : Operation 128 [1/1] (3.25ns)   --->   "%store_ln63 = store i32 %v48, i6 %v100_3_addr" [bert_layer.cpp:63]   --->   Operation 128 'store' 'store_ln63' <Predicate = (trunc_ln57 == 3)> <Delay = 3.25> <CoreInst = "RAM">   --->   Core 82 'RAM' <Latency = 1> <II = 1> <Delay = 3.25> <Storage> <Opcode : 'load' 'store'> <Ports = 2> <Width = 32> <Depth = 36> <RAM>
ST_12 : Operation 129 [1/1] (0.00ns)   --->   "%br_ln63 = br void %arrayidx342.i23.exit" [bert_layer.cpp:63]   --->   Operation 129 'br' 'br_ln63' <Predicate = (trunc_ln57 == 3)> <Delay = 0.00>


============================================================
+ Verbose Summary: Timing violations
============================================================
Target clock period: 10ns, clock uncertainty: 2.7ns.

 <State 1>: 5.65ns
The critical path consists of the following:
	'alloca' operation ('j1') [9]  (0 ns)
	'load' operation ('j1_load', bert_layer.cpp:58) on local variable 'j1' [22]  (0 ns)
	'icmp' operation ('icmp_ln58', bert_layer.cpp:58) [27]  (1.3 ns)
	'select' operation ('select_ln57', bert_layer.cpp:57) [28]  (1.02 ns)
	'add' operation ('add_ln58', bert_layer.cpp:58) [119]  (1.74 ns)
	'store' operation ('store_ln58', bert_layer.cpp:58) of variable 'add_ln58', bert_layer.cpp:58 on local variable 'j1' [122]  (1.59 ns)

 <State 2>: 5.81ns
The critical path consists of the following:
	'sub' operation ('sub_ln60', bert_layer.cpp:60) [35]  (0 ns)
	'add' operation ('add_ln60', bert_layer.cpp:60) [37]  (3.49 ns)
	'getelementptr' operation ('outp_V_addr', bert_layer.cpp:60) [39]  (0 ns)
	'load' operation ('outp_V_load', bert_layer.cpp:60) on array 'outp_V' [49]  (2.32 ns)

 <State 3>: 4.15ns
The critical path consists of the following:
	'load' operation ('outp_V_load', bert_layer.cpp:60) on array 'outp_V' [49]  (2.32 ns)
	'mux' operation ('v46.V', bert_layer.cpp:60) [53]  (1.83 ns)

 <State 4>: 5.56ns
The critical path consists of the following:
	'sub' operation ('tmp.V') [56]  (2.31 ns)
	'select' operation ('tmp.V') [57]  (0.694 ns)
	'cttz' operation ('l') [61]  (0 ns)
	'sub' operation ('sub_ln1145') [62]  (2.55 ns)

 <State 5>: 6ns
The critical path consists of the following:
	'add' operation ('lsb_index') [64]  (2.55 ns)
	'icmp' operation ('icmp_ln1147') [66]  (2.47 ns)
	'and' operation ('a') [73]  (0 ns)
	'or' operation ('or_ln1150') [79]  (0 ns)
	blocking operation 0.978 ns on control path)

 <State 6>: 6.97ns
The critical path consists of the following:
	'add' operation ('add_ln1159') [83]  (2.55 ns)
	'lshr' operation ('lshr_ln1159') [85]  (0 ns)
	'select' operation ('m') [89]  (0 ns)
	'add' operation ('m') [91]  (4.42 ns)

 <State 7>: 4.92ns
The critical path consists of the following:
	'select' operation ('select_ln1144') [95]  (1.25 ns)
	'add' operation ('add_ln1170') [98]  (3.67 ns)

 <State 8>: 5.7ns
The critical path consists of the following:
	'fmul' operation ('phitmp') [103]  (5.7 ns)

 <State 9>: 5.7ns
The critical path consists of the following:
	'fmul' operation ('phitmp') [103]  (5.7 ns)

 <State 10>: 5.7ns
The critical path consists of the following:
	'fmul' operation ('phitmp') [103]  (5.7 ns)

 <State 11>: 6.4ns
The critical path consists of the following:
	'fmul' operation ('phitmp') [103]  (5.7 ns)
	'select' operation ('v48') [104]  (0.698 ns)

 <State 12>: 3.25ns
The critical path consists of the following:
	'store' operation ('store_ln63', bert_layer.cpp:63) of variable 'v48' on array 'v100_3' [116]  (3.25 ns)


============================================================
+ Verbose Summary: Binding
============================================================
N/A
* FSMD analyzer results:
  - Output states:
 - Input state : 
  - Chain level:
	State 1
	State 2
	State 3
	State 4
	State 5
	State 6
	State 7
	State 8
	State 9
	State 10
	State 11
	State 12


============================================================
+ Verbose Summary: Datapath Resource usage 
============================================================
N/A
