

================================================================
== Vitis HLS Report for 'systolic_array_k_12_Loop_data_load_proc19'
================================================================
* Date:           Tue Sep  5 09:33:18 2023

* Version:        2022.1.2 (Build 3605665 on Fri Aug  5 22:52:02 MDT 2022)
* Project:        out.prj
* Solution:       solution1 (Vivado IP Flow Target)
* Product family: zynq
* Target device:  xc7z020-clg484-1


================================================================
== Performance Estimates
================================================================
+ Timing: 
    * Summary: 
    +--------+----------+----------+------------+
    |  Clock |  Target  | Estimated| Uncertainty|
    +--------+----------+----------+------------+
    |ap_clk  |  10.00 ns|  4.936 ns|     2.70 ns|
    +--------+----------+----------+------------+

+ Latency: 
    * Summary: 
    +---------+---------+----------+----------+-----+-----+---------+
    |  Latency (cycles) |  Latency (absolute) |  Interval | Pipeline|
    |   min   |   max   |    min   |    max   | min | max |   Type  |
    +---------+---------+----------+----------+-----+-----+---------+
    |       14|       14|  0.140 us|  0.140 us|   14|   14|       no|
    +---------+---------+----------+----------+-----+-----+---------+

    + Detail: 
        * Instance: 
        N/A

        * Loop: 
        +-------------+---------+---------+----------+-----------+-----------+------+----------+
        |             |  Latency (cycles) | Iteration|  Initiation Interval  | Trip |          |
        |  Loop Name  |   min   |   max   |  Latency |  achieved |   target  | Count| Pipelined|
        +-------------+---------+---------+----------+-----------+-----------+------+----------+
        |- data_load  |       12|       12|         2|          1|          1|    12|       yes|
        +-------------+---------+---------+----------+-----------+-----------+------+----------+

============================================================
+ Verbose Summary: Synthesis Manager
============================================================
InlineROM: 1
ExposeGlobal: 0
============================================================
+ Verbose Summary: CDFG Model
============================================================
IsTopModel: 0
ResetActiveHigh: 1
IsCombinational: 2
IsDatapathOnly: 0
HasWiredReturn: 1
HasMFsm: 2
HasVarLatency: 1
IsPipeline: 0
IsRtlPipelined: 0
IsInstanceOverlapped: 0
IsDontTouch: 0
HasImplIP: 0
IsGatedGlobalClock: 0

+ Individual pipeline summary: 
  * Pipeline-0: initiation interval (II) = 1, depth = 2


============================================================
+ Verbose Summary: Schedule
============================================================
* Number of FSM states : 2
* Pipeline : 1
  Pipeline-0 : II = 1, D = 2, States = { 1 2 }
* Dataflow Pipeline: 0

* FSM state transitions: 
1 --> 2 
2 --> 

* FSM state operations: 

State 1 <SV = 0> <Delay = 4.93>
ST_1 : Operation 5 [1/1] (0.00ns)   --->   "%k = alloca i32 1"   --->   Operation 5 'alloca' 'k' <Predicate = true> <Delay = 0.00>
ST_1 : Operation 6 [1/1] (0.00ns)   --->   "%specinterface_ln0 = specinterface void @_ssdm_op_SpecInterface, i24 %B_fifo_3_0, void @empty_40, i32 0, i32 0, void @empty_39, i32 0, i32 0, void @empty_39, void @empty_39, void @empty_39, i32 0, i32 0, i32 0, i32 0, void @empty_39, void @empty_39, i32 4294967295, i32 0"   --->   Operation 6 'specinterface' 'specinterface_ln0' <Predicate = true> <Delay = 0.00>
ST_1 : Operation 7 [1/1] (0.00ns)   --->   "%specinterface_ln0 = specinterface void @_ssdm_op_SpecInterface, i24 %B_fifo_2_0, void @empty_40, i32 0, i32 0, void @empty_39, i32 0, i32 0, void @empty_39, void @empty_39, void @empty_39, i32 0, i32 0, i32 0, i32 0, void @empty_39, void @empty_39, i32 4294967295, i32 0"   --->   Operation 7 'specinterface' 'specinterface_ln0' <Predicate = true> <Delay = 0.00>
ST_1 : Operation 8 [1/1] (0.00ns)   --->   "%specinterface_ln0 = specinterface void @_ssdm_op_SpecInterface, i24 %B_fifo_1_0, void @empty_40, i32 0, i32 0, void @empty_39, i32 0, i32 0, void @empty_39, void @empty_39, void @empty_39, i32 0, i32 0, i32 0, i32 0, void @empty_39, void @empty_39, i32 4294967295, i32 0"   --->   Operation 8 'specinterface' 'specinterface_ln0' <Predicate = true> <Delay = 0.00>
ST_1 : Operation 9 [1/1] (0.00ns)   --->   "%specinterface_ln0 = specinterface void @_ssdm_op_SpecInterface, i24 %B_fifo_0_0, void @empty_40, i32 0, i32 0, void @empty_39, i32 0, i32 0, void @empty_39, void @empty_39, void @empty_39, i32 0, i32 0, i32 0, i32 0, void @empty_39, void @empty_39, i32 4294967295, i32 0"   --->   Operation 9 'specinterface' 'specinterface_ln0' <Predicate = true> <Delay = 0.00>
ST_1 : Operation 10 [1/1] (0.00ns)   --->   "%specinterface_ln0 = specinterface void @_ssdm_op_SpecInterface, i24 %A_fifo_3_0, void @empty_40, i32 0, i32 0, void @empty_39, i32 0, i32 0, void @empty_39, void @empty_39, void @empty_39, i32 0, i32 0, i32 0, i32 0, void @empty_39, void @empty_39, i32 4294967295, i32 0"   --->   Operation 10 'specinterface' 'specinterface_ln0' <Predicate = true> <Delay = 0.00>
ST_1 : Operation 11 [1/1] (0.00ns)   --->   "%specinterface_ln0 = specinterface void @_ssdm_op_SpecInterface, i24 %A_fifo_2_0, void @empty_40, i32 0, i32 0, void @empty_39, i32 0, i32 0, void @empty_39, void @empty_39, void @empty_39, i32 0, i32 0, i32 0, i32 0, void @empty_39, void @empty_39, i32 4294967295, i32 0"   --->   Operation 11 'specinterface' 'specinterface_ln0' <Predicate = true> <Delay = 0.00>
ST_1 : Operation 12 [1/1] (0.00ns)   --->   "%specinterface_ln0 = specinterface void @_ssdm_op_SpecInterface, i24 %A_fifo_1_0, void @empty_40, i32 0, i32 0, void @empty_39, i32 0, i32 0, void @empty_39, void @empty_39, void @empty_39, i32 0, i32 0, i32 0, i32 0, void @empty_39, void @empty_39, i32 4294967295, i32 0"   --->   Operation 12 'specinterface' 'specinterface_ln0' <Predicate = true> <Delay = 0.00>
ST_1 : Operation 13 [1/1] (0.00ns)   --->   "%specinterface_ln0 = specinterface void @_ssdm_op_SpecInterface, i24 %A_fifo_0_0, void @empty_40, i32 0, i32 0, void @empty_39, i32 0, i32 0, void @empty_39, void @empty_39, void @empty_39, i32 0, i32 0, i32 0, i32 0, void @empty_39, void @empty_39, i32 4294967295, i32 0"   --->   Operation 13 'specinterface' 'specinterface_ln0' <Predicate = true> <Delay = 0.00>
ST_1 : Operation 14 [1/1] (0.00ns)   --->   "%specinterface_ln0 = specinterface void @_ssdm_op_SpecInterface, i24 %block_A_loader_0, void @empty_40, i32 0, i32 0, void @empty_39, i32 0, i32 0, void @empty_39, void @empty_39, void @empty_39, i32 0, i32 0, i32 0, i32 0, void @empty_39, void @empty_39, i32 4294967295, i32 0"   --->   Operation 14 'specinterface' 'specinterface_ln0' <Predicate = true> <Delay = 0.00>
ST_1 : Operation 15 [1/1] (0.00ns)   --->   "%specinterface_ln0 = specinterface void @_ssdm_op_SpecInterface, i24 %block_A_loader_1, void @empty_40, i32 0, i32 0, void @empty_39, i32 0, i32 0, void @empty_39, void @empty_39, void @empty_39, i32 0, i32 0, i32 0, i32 0, void @empty_39, void @empty_39, i32 4294967295, i32 0"   --->   Operation 15 'specinterface' 'specinterface_ln0' <Predicate = true> <Delay = 0.00>
ST_1 : Operation 16 [1/1] (0.00ns)   --->   "%specinterface_ln0 = specinterface void @_ssdm_op_SpecInterface, i24 %block_A_loader_2, void @empty_40, i32 0, i32 0, void @empty_39, i32 0, i32 0, void @empty_39, void @empty_39, void @empty_39, i32 0, i32 0, i32 0, i32 0, void @empty_39, void @empty_39, i32 4294967295, i32 0"   --->   Operation 16 'specinterface' 'specinterface_ln0' <Predicate = true> <Delay = 0.00>
ST_1 : Operation 17 [1/1] (0.00ns)   --->   "%specinterface_ln0 = specinterface void @_ssdm_op_SpecInterface, i24 %block_A_loader_3, void @empty_40, i32 0, i32 0, void @empty_39, i32 0, i32 0, void @empty_39, void @empty_39, void @empty_39, i32 0, i32 0, i32 0, i32 0, void @empty_39, void @empty_39, i32 4294967295, i32 0"   --->   Operation 17 'specinterface' 'specinterface_ln0' <Predicate = true> <Delay = 0.00>
ST_1 : Operation 18 [1/1] (0.00ns)   --->   "%specinterface_ln0 = specinterface void @_ssdm_op_SpecInterface, i24 %block_B_loader_0, void @empty_40, i32 0, i32 0, void @empty_39, i32 0, i32 0, void @empty_39, void @empty_39, void @empty_39, i32 0, i32 0, i32 0, i32 0, void @empty_39, void @empty_39, i32 4294967295, i32 0"   --->   Operation 18 'specinterface' 'specinterface_ln0' <Predicate = true> <Delay = 0.00>
ST_1 : Operation 19 [1/1] (0.00ns)   --->   "%specinterface_ln0 = specinterface void @_ssdm_op_SpecInterface, i24 %block_B_loader_1, void @empty_40, i32 0, i32 0, void @empty_39, i32 0, i32 0, void @empty_39, void @empty_39, void @empty_39, i32 0, i32 0, i32 0, i32 0, void @empty_39, void @empty_39, i32 4294967295, i32 0"   --->   Operation 19 'specinterface' 'specinterface_ln0' <Predicate = true> <Delay = 0.00>
ST_1 : Operation 20 [1/1] (0.00ns)   --->   "%specinterface_ln0 = specinterface void @_ssdm_op_SpecInterface, i24 %block_B_loader_2, void @empty_40, i32 0, i32 0, void @empty_39, i32 0, i32 0, void @empty_39, void @empty_39, void @empty_39, i32 0, i32 0, i32 0, i32 0, void @empty_39, void @empty_39, i32 4294967295, i32 0"   --->   Operation 20 'specinterface' 'specinterface_ln0' <Predicate = true> <Delay = 0.00>
ST_1 : Operation 21 [1/1] (0.00ns)   --->   "%specinterface_ln0 = specinterface void @_ssdm_op_SpecInterface, i24 %block_B_loader_3, void @empty_40, i32 0, i32 0, void @empty_39, i32 0, i32 0, void @empty_39, void @empty_39, void @empty_39, i32 0, i32 0, i32 0, i32 0, void @empty_39, void @empty_39, i32 4294967295, i32 0"   --->   Operation 21 'specinterface' 'specinterface_ln0' <Predicate = true> <Delay = 0.00>
ST_1 : Operation 22 [1/1] (1.58ns)   --->   "%store_ln0 = store i4 0, i4 %k"   --->   Operation 22 'store' 'store_ln0' <Predicate = true> <Delay = 1.58>
ST_1 : Operation 23 [1/1] (0.00ns)   --->   "%br_ln0 = br void %for.cond.i.i"   --->   Operation 23 'br' 'br_ln0' <Predicate = true> <Delay = 0.00>
ST_1 : Operation 24 [1/1] (0.00ns)   --->   "%k_20 = load i4 %k" [systolic_array.cpp:184]   --->   Operation 24 'load' 'k_20' <Predicate = true> <Delay = 0.00>
ST_1 : Operation 25 [1/1] (1.30ns)   --->   "%icmp_ln184 = icmp_eq  i4 %k_20, i4 12" [systolic_array.cpp:184]   --->   Operation 25 'icmp' 'icmp_ln184' <Predicate = true> <Delay = 1.30> <CoreInst = "Cmp">   --->   Core 9 'Cmp' <Latency = 0> <II = 1> <Delay = 1.30> <FuncUnit> <Opcode : 'icmp'> <InPorts = 2> <OutPorts = 1>
ST_1 : Operation 26 [1/1] (0.00ns)   --->   "%empty = speclooptripcount i32 @_ssdm_op_SpecLoopTripCount, i64 12, i64 12, i64 12"   --->   Operation 26 'speclooptripcount' 'empty' <Predicate = true> <Delay = 0.00>
ST_1 : Operation 27 [1/1] (1.73ns)   --->   "%k_21 = add i4 %k_20, i4 1" [systolic_array.cpp:184]   --->   Operation 27 'add' 'k_21' <Predicate = true> <Delay = 1.73> <CoreInst = "Adder">   --->   Core 1 'Adder' <Latency = 0> <II = 1> <Delay = 1.73> <FuncUnit> <Opcode : 'add' 'sub'> <InPorts = 2> <OutPorts = 1>
ST_1 : Operation 28 [1/1] (0.00ns)   --->   "%br_ln184 = br i1 %icmp_ln184, void %for.inc52.i.i, void %systolic_array_k_12_for.cond.i.exit.exitStub" [systolic_array.cpp:184]   --->   Operation 28 'br' 'br_ln184' <Predicate = true> <Delay = 0.00>
ST_1 : Operation 29 [1/1] (3.63ns)   --->   "%block_A_loader_0_read = read i24 @_ssdm_op_Read.ap_fifo.volatile.i24P0A, i24 %block_A_loader_0" [/opt/xilinx/2022.1/Vitis_HLS/2022.1/common/technology/autopilot/hls_stream_39.h:145]   --->   Operation 29 'read' 'block_A_loader_0_read' <Predicate = (!icmp_ln184)> <Delay = 3.63> <CoreInst = "FIFO_SRL">   --->   Core 81 'FIFO_SRL' <Latency = 0> <II = 1> <Delay = 3.63> <Storage> <Opcode : 'read' 'write' 'nbread' 'nbwrite'> <Ports = 0> <Width = 24> <Depth = 2> <FIFO>
ST_1 : Operation 30 [1/1] (3.63ns)   --->   "%block_A_loader_1_read = read i24 @_ssdm_op_Read.ap_fifo.volatile.i24P0A, i24 %block_A_loader_1" [/opt/xilinx/2022.1/Vitis_HLS/2022.1/common/technology/autopilot/hls_stream_39.h:145]   --->   Operation 30 'read' 'block_A_loader_1_read' <Predicate = (!icmp_ln184)> <Delay = 3.63> <CoreInst = "FIFO_SRL">   --->   Core 81 'FIFO_SRL' <Latency = 0> <II = 1> <Delay = 3.63> <Storage> <Opcode : 'read' 'write' 'nbread' 'nbwrite'> <Ports = 0> <Width = 24> <Depth = 2> <FIFO>
ST_1 : Operation 31 [1/1] (3.63ns)   --->   "%block_A_loader_2_read = read i24 @_ssdm_op_Read.ap_fifo.volatile.i24P0A, i24 %block_A_loader_2" [/opt/xilinx/2022.1/Vitis_HLS/2022.1/common/technology/autopilot/hls_stream_39.h:145]   --->   Operation 31 'read' 'block_A_loader_2_read' <Predicate = (!icmp_ln184)> <Delay = 3.63> <CoreInst = "FIFO_SRL">   --->   Core 81 'FIFO_SRL' <Latency = 0> <II = 1> <Delay = 3.63> <Storage> <Opcode : 'read' 'write' 'nbread' 'nbwrite'> <Ports = 0> <Width = 24> <Depth = 2> <FIFO>
ST_1 : Operation 32 [1/1] (3.63ns)   --->   "%block_A_loader_3_read = read i24 @_ssdm_op_Read.ap_fifo.volatile.i24P0A, i24 %block_A_loader_3" [/opt/xilinx/2022.1/Vitis_HLS/2022.1/common/technology/autopilot/hls_stream_39.h:145]   --->   Operation 32 'read' 'block_A_loader_3_read' <Predicate = (!icmp_ln184)> <Delay = 3.63> <CoreInst = "FIFO_SRL">   --->   Core 81 'FIFO_SRL' <Latency = 0> <II = 1> <Delay = 3.63> <Storage> <Opcode : 'read' 'write' 'nbread' 'nbwrite'> <Ports = 0> <Width = 24> <Depth = 2> <FIFO>
ST_1 : Operation 33 [1/1] (3.63ns)   --->   "%block_B_loader_0_read = read i24 @_ssdm_op_Read.ap_fifo.volatile.i24P0A, i24 %block_B_loader_0" [/opt/xilinx/2022.1/Vitis_HLS/2022.1/common/technology/autopilot/hls_stream_39.h:145]   --->   Operation 33 'read' 'block_B_loader_0_read' <Predicate = (!icmp_ln184)> <Delay = 3.63> <CoreInst = "FIFO_SRL">   --->   Core 81 'FIFO_SRL' <Latency = 0> <II = 1> <Delay = 3.63> <Storage> <Opcode : 'read' 'write' 'nbread' 'nbwrite'> <Ports = 0> <Width = 24> <Depth = 2> <FIFO>
ST_1 : Operation 34 [1/1] (3.63ns)   --->   "%block_B_loader_1_read = read i24 @_ssdm_op_Read.ap_fifo.volatile.i24P0A, i24 %block_B_loader_1" [/opt/xilinx/2022.1/Vitis_HLS/2022.1/common/technology/autopilot/hls_stream_39.h:145]   --->   Operation 34 'read' 'block_B_loader_1_read' <Predicate = (!icmp_ln184)> <Delay = 3.63> <CoreInst = "FIFO_SRL">   --->   Core 81 'FIFO_SRL' <Latency = 0> <II = 1> <Delay = 3.63> <Storage> <Opcode : 'read' 'write' 'nbread' 'nbwrite'> <Ports = 0> <Width = 24> <Depth = 2> <FIFO>
ST_1 : Operation 35 [1/1] (3.63ns)   --->   "%block_B_loader_2_read = read i24 @_ssdm_op_Read.ap_fifo.volatile.i24P0A, i24 %block_B_loader_2" [/opt/xilinx/2022.1/Vitis_HLS/2022.1/common/technology/autopilot/hls_stream_39.h:145]   --->   Operation 35 'read' 'block_B_loader_2_read' <Predicate = (!icmp_ln184)> <Delay = 3.63> <CoreInst = "FIFO_SRL">   --->   Core 81 'FIFO_SRL' <Latency = 0> <II = 1> <Delay = 3.63> <Storage> <Opcode : 'read' 'write' 'nbread' 'nbwrite'> <Ports = 0> <Width = 24> <Depth = 2> <FIFO>
ST_1 : Operation 36 [1/1] (3.63ns)   --->   "%block_B_loader_3_read = read i24 @_ssdm_op_Read.ap_fifo.volatile.i24P0A, i24 %block_B_loader_3" [/opt/xilinx/2022.1/Vitis_HLS/2022.1/common/technology/autopilot/hls_stream_39.h:145]   --->   Operation 36 'read' 'block_B_loader_3_read' <Predicate = (!icmp_ln184)> <Delay = 3.63> <CoreInst = "FIFO_SRL">   --->   Core 81 'FIFO_SRL' <Latency = 0> <II = 1> <Delay = 3.63> <Storage> <Opcode : 'read' 'write' 'nbread' 'nbwrite'> <Ports = 0> <Width = 24> <Depth = 2> <FIFO>
ST_1 : Operation 37 [1/1] (1.58ns)   --->   "%store_ln184 = store i4 %k_21, i4 %k" [systolic_array.cpp:184]   --->   Operation 37 'store' 'store_ln184' <Predicate = (!icmp_ln184)> <Delay = 1.58>
ST_1 : Operation 49 [1/1] (0.00ns)   --->   "%ret_ln0 = ret"   --->   Operation 49 'ret' 'ret_ln0' <Predicate = (icmp_ln184)> <Delay = 0.00>

State 2 <SV = 1> <Delay = 3.63>
ST_2 : Operation 38 [1/1] (0.00ns)   --->   "%specpipeline_ln185 = specpipeline void @_ssdm_op_SpecPipeline, i32 1, i32 0, i32 0, i32 0, void @empty_39" [systolic_array.cpp:185]   --->   Operation 38 'specpipeline' 'specpipeline_ln185' <Predicate = true> <Delay = 0.00>
ST_2 : Operation 39 [1/1] (0.00ns)   --->   "%specloopname_ln186 = specloopname void @_ssdm_op_SpecLoopName, void @empty_41" [systolic_array.cpp:186]   --->   Operation 39 'specloopname' 'specloopname_ln186' <Predicate = true> <Delay = 0.00>
ST_2 : Operation 40 [1/1] (3.63ns)   --->   "%write_ln174 = write void @_ssdm_op_Write.ap_fifo.volatile.i24P0A, i24 %A_fifo_0_0, i24 %block_A_loader_0_read" [/opt/xilinx/2022.1/Vitis_HLS/2022.1/common/technology/autopilot/hls_stream_39.h:174]   --->   Operation 40 'write' 'write_ln174' <Predicate = true> <Delay = 3.63> <CoreInst = "FIFO_SRL">   --->   Core 81 'FIFO_SRL' <Latency = 0> <II = 1> <Delay = 3.63> <Storage> <Opcode : 'read' 'write' 'nbread' 'nbwrite'> <Ports = 0> <Width = 24> <Depth = 2> <FIFO>
ST_2 : Operation 41 [1/1] (3.63ns)   --->   "%write_ln174 = write void @_ssdm_op_Write.ap_fifo.volatile.i24P0A, i24 %A_fifo_1_0, i24 %block_A_loader_1_read" [/opt/xilinx/2022.1/Vitis_HLS/2022.1/common/technology/autopilot/hls_stream_39.h:174]   --->   Operation 41 'write' 'write_ln174' <Predicate = true> <Delay = 3.63> <CoreInst = "FIFO_SRL">   --->   Core 81 'FIFO_SRL' <Latency = 0> <II = 1> <Delay = 3.63> <Storage> <Opcode : 'read' 'write' 'nbread' 'nbwrite'> <Ports = 0> <Width = 24> <Depth = 2> <FIFO>
ST_2 : Operation 42 [1/1] (3.63ns)   --->   "%write_ln174 = write void @_ssdm_op_Write.ap_fifo.volatile.i24P0A, i24 %A_fifo_2_0, i24 %block_A_loader_2_read" [/opt/xilinx/2022.1/Vitis_HLS/2022.1/common/technology/autopilot/hls_stream_39.h:174]   --->   Operation 42 'write' 'write_ln174' <Predicate = true> <Delay = 3.63> <CoreInst = "FIFO_SRL">   --->   Core 81 'FIFO_SRL' <Latency = 0> <II = 1> <Delay = 3.63> <Storage> <Opcode : 'read' 'write' 'nbread' 'nbwrite'> <Ports = 0> <Width = 24> <Depth = 2> <FIFO>
ST_2 : Operation 43 [1/1] (3.63ns)   --->   "%write_ln174 = write void @_ssdm_op_Write.ap_fifo.volatile.i24P0A, i24 %A_fifo_3_0, i24 %block_A_loader_3_read" [/opt/xilinx/2022.1/Vitis_HLS/2022.1/common/technology/autopilot/hls_stream_39.h:174]   --->   Operation 43 'write' 'write_ln174' <Predicate = true> <Delay = 3.63> <CoreInst = "FIFO_SRL">   --->   Core 81 'FIFO_SRL' <Latency = 0> <II = 1> <Delay = 3.63> <Storage> <Opcode : 'read' 'write' 'nbread' 'nbwrite'> <Ports = 0> <Width = 24> <Depth = 2> <FIFO>
ST_2 : Operation 44 [1/1] (3.63ns)   --->   "%write_ln174 = write void @_ssdm_op_Write.ap_fifo.volatile.i24P0A, i24 %B_fifo_0_0, i24 %block_B_loader_0_read" [/opt/xilinx/2022.1/Vitis_HLS/2022.1/common/technology/autopilot/hls_stream_39.h:174]   --->   Operation 44 'write' 'write_ln174' <Predicate = true> <Delay = 3.63> <CoreInst = "FIFO_SRL">   --->   Core 81 'FIFO_SRL' <Latency = 0> <II = 1> <Delay = 3.63> <Storage> <Opcode : 'read' 'write' 'nbread' 'nbwrite'> <Ports = 0> <Width = 24> <Depth = 2> <FIFO>
ST_2 : Operation 45 [1/1] (3.63ns)   --->   "%write_ln174 = write void @_ssdm_op_Write.ap_fifo.volatile.i24P0A, i24 %B_fifo_1_0, i24 %block_B_loader_1_read" [/opt/xilinx/2022.1/Vitis_HLS/2022.1/common/technology/autopilot/hls_stream_39.h:174]   --->   Operation 45 'write' 'write_ln174' <Predicate = true> <Delay = 3.63> <CoreInst = "FIFO_SRL">   --->   Core 81 'FIFO_SRL' <Latency = 0> <II = 1> <Delay = 3.63> <Storage> <Opcode : 'read' 'write' 'nbread' 'nbwrite'> <Ports = 0> <Width = 24> <Depth = 2> <FIFO>
ST_2 : Operation 46 [1/1] (3.63ns)   --->   "%write_ln174 = write void @_ssdm_op_Write.ap_fifo.volatile.i24P0A, i24 %B_fifo_2_0, i24 %block_B_loader_2_read" [/opt/xilinx/2022.1/Vitis_HLS/2022.1/common/technology/autopilot/hls_stream_39.h:174]   --->   Operation 46 'write' 'write_ln174' <Predicate = true> <Delay = 3.63> <CoreInst = "FIFO_SRL">   --->   Core 81 'FIFO_SRL' <Latency = 0> <II = 1> <Delay = 3.63> <Storage> <Opcode : 'read' 'write' 'nbread' 'nbwrite'> <Ports = 0> <Width = 24> <Depth = 2> <FIFO>
ST_2 : Operation 47 [1/1] (3.63ns)   --->   "%write_ln174 = write void @_ssdm_op_Write.ap_fifo.volatile.i24P0A, i24 %B_fifo_3_0, i24 %block_B_loader_3_read" [/opt/xilinx/2022.1/Vitis_HLS/2022.1/common/technology/autopilot/hls_stream_39.h:174]   --->   Operation 47 'write' 'write_ln174' <Predicate = true> <Delay = 3.63> <CoreInst = "FIFO_SRL">   --->   Core 81 'FIFO_SRL' <Latency = 0> <II = 1> <Delay = 3.63> <Storage> <Opcode : 'read' 'write' 'nbread' 'nbwrite'> <Ports = 0> <Width = 24> <Depth = 2> <FIFO>
ST_2 : Operation 48 [1/1] (0.00ns)   --->   "%br_ln184 = br void %for.cond.i.i" [systolic_array.cpp:184]   --->   Operation 48 'br' 'br_ln184' <Predicate = true> <Delay = 0.00>


============================================================
+ Verbose Summary: Timing violations
============================================================
Target clock period: 10ns, clock uncertainty: 2.7ns.

 <State 1>: 4.94ns
The critical path consists of the following:
	fifo read operation ('block_A_loader_0_read', /opt/xilinx/2022.1/Vitis_HLS/2022.1/common/technology/autopilot/hls_stream_39.h:145) on port 'block_A_loader_0' (/opt/xilinx/2022.1/Vitis_HLS/2022.1/common/technology/autopilot/hls_stream_39.h:145) [45]  (3.63 ns)
	blocking operation 1.3 ns on control path)

 <State 2>: 3.63ns
The critical path consists of the following:
	fifo write operation ('write_ln174', /opt/xilinx/2022.1/Vitis_HLS/2022.1/common/technology/autopilot/hls_stream_39.h:174) on port 'A_fifo_0_0' (/opt/xilinx/2022.1/Vitis_HLS/2022.1/common/technology/autopilot/hls_stream_39.h:174) [46]  (3.63 ns)


============================================================
+ Verbose Summary: Binding
============================================================
N/A
* FSMD analyzer results:
  - Output states:
 - Input state : 
  - Chain level:
	State 1
	State 2


============================================================
+ Verbose Summary: Datapath Resource usage 
============================================================
N/A
