

================================================================
== Vitis HLS Report for 'Linear_layer_ds2_Pipeline_l_W_to_int_i42_l_j41'
================================================================
* Date:           Sun Sep  3 07:07:26 2023

* Version:        2022.1.2 (Build 3605665 on Fri Aug  5 22:52:02 MDT 2022)
* Project:        out.prj
* Solution:       solution1 (Vivado IP Flow Target)
* Product family: zynq
* Target device:  xc7z020-clg484-1


================================================================
== Performance Estimates
================================================================
+ Timing: 
    * Summary: 
    +--------+----------+----------+------------+
    |  Clock |  Target  | Estimated| Uncertainty|
    +--------+----------+----------+------------+
    |ap_clk  |  10.00 ns|  6.791 ns|     2.70 ns|
    +--------+----------+----------+------------+

+ Latency: 
    * Summary: 
    +---------+---------+-----------+-----------+---------+---------+---------+
    |  Latency (cycles) |   Latency (absolute)  |      Interval     | Pipeline|
    |   min   |   max   |    min    |    max    |   min   |   max   |   Type  |
    +---------+---------+-----------+-----------+---------+---------+---------+
    |  2359323|  2359323|  23.593 ms|  23.593 ms|  2359323|  2359323|       no|
    +---------+---------+-----------+-----------+---------+---------+---------+

    + Detail: 
        * Instance: 
        N/A

        * Loop: 
        +------------------------+---------+---------+----------+-----------+-----------+---------+----------+
        |                        |  Latency (cycles) | Iteration|  Initiation Interval  |   Trip  |          |
        |        Loop Name       |   min   |   max   |  Latency |  achieved |   target  |  Count  | Pipelined|
        +------------------------+---------+---------+----------+-----------+-----------+---------+----------+
        |- l_W_to_int_i42_l_j41  |  2359321|  2359321|        27|          1|          1|  2359296|       yes|
        +------------------------+---------+---------+----------+-----------+-----------+---------+----------+



================================================================
== Utilization Estimates
================================================================
* Summary: 
+-----------------+---------+-----+--------+-------+-----+
|       Name      | BRAM_18K| DSP |   FF   |  LUT  | URAM|
+-----------------+---------+-----+--------+-------+-----+
|DSP              |        -|    -|       -|      -|    -|
|Expression       |        -|    -|       0|    441|    -|
|FIFO             |        -|    -|       -|      -|    -|
|Instance         |        -|    -|       -|      -|    -|
|Memory           |        -|    -|       -|      -|    -|
|Multiplexer      |        -|    -|       -|     54|    -|
|Register         |        -|    -|     515|     64|    -|
+-----------------+---------+-----+--------+-------+-----+
|Total            |        0|    0|     515|    559|    0|
+-----------------+---------+-----+--------+-------+-----+
|Available        |      280|  220|  106400|  53200|    0|
+-----------------+---------+-----+--------+-------+-----+
|Utilization (%)  |        0|    0|      ~0|      1|    0|
+-----------------+---------+-----+--------+-------+-----+

+ Detail: 
    * Instance: 
    N/A

    * DSP: 
    N/A

    * Memory: 
    N/A

    * FIFO: 
    N/A

    * Expression: 
    +--------------------------+----------+----+---+-----+------------+------------+
    |       Variable Name      | Operation| DSP| FF| LUT | Bitwidth P0| Bitwidth P1|
    +--------------------------+----------+----+---+-----+------------+------------+
    |add_ln865_1_fu_166_p2     |         +|   0|  0|   29|          22|           1|
    |add_ln865_fu_178_p2       |         +|   0|  0|   13|          10|           1|
    |add_ln866_fu_242_p2       |         +|   0|  0|   12|          12|           1|
    |add_ln867_fu_236_p2       |         +|   0|  0|   22|          22|          22|
    |sh_amt_4_fu_350_p2        |         -|   0|  0|   14|           1|           9|
    |sh_amt_fu_314_p2          |         -|   0|  0|   14|           8|           9|
    |sub_ln867_fu_226_p2       |         -|   0|  0|   22|          22|          22|
    |v529_V_6_fu_456_p2        |         -|   0|  0|   12|           1|          12|
    |and_ln299_fu_444_p2       |       and|   0|  0|    2|           1|           1|
    |and_ln302_4_fu_391_p2     |       and|   0|  0|    2|           1|           1|
    |and_ln302_fu_385_p2       |       and|   0|  0|    2|           1|           1|
    |and_ln320_fu_427_p2       |       and|   0|  0|    2|           1|           1|
    |icmp_ln295_fu_308_p2      |      icmp|   0|  0|   17|          31|           1|
    |icmp_ln299_fu_320_p2      |      icmp|   0|  0|   11|           8|           8|
    |icmp_ln301_fu_340_p2      |      icmp|   0|  0|   11|           9|           1|
    |icmp_ln302_fu_345_p2      |      icmp|   0|  0|   11|           9|           5|
    |icmp_ln320_fu_355_p2      |      icmp|   0|  0|   11|           9|           4|
    |icmp_ln865_fu_160_p2      |      icmp|   0|  0|   14|          22|          22|
    |icmp_ln866_fu_184_p2      |      icmp|   0|  0|   12|          12|          12|
    |lshr_ln304_fu_365_p2      |      lshr|   0|  0|  100|          32|          32|
    |or_ln299_fu_375_p2        |        or|   0|  0|    2|           1|           1|
    |or_ln301_fu_417_p2        |        or|   0|  0|    2|           1|           1|
    |select_ln865_2_fu_198_p3  |    select|   0|  0|   10|           1|          10|
    |select_ln865_fu_190_p3    |    select|   0|  0|   12|           1|           1|
    |v529_V_3_fu_397_p3        |    select|   0|  0|   12|           1|          12|
    |v529_V_4_fu_432_p3        |    select|   0|  0|   12|           1|          12|
    |v529_V_5_fu_449_p3        |    select|   0|  0|   12|           1|          12|
    |v529_V_7_fu_462_p3        |    select|   0|  0|   12|           1|          12|
    |shl_ln322_fu_412_p2       |       shl|   0|  0|   26|          12|          12|
    |ap_enable_pp0             |       xor|   0|  0|    2|           1|           2|
    |xor_ln295_fu_439_p2       |       xor|   0|  0|    2|           1|           2|
    |xor_ln299_fu_379_p2       |       xor|   0|  0|    2|           1|           2|
    |xor_ln301_fu_421_p2       |       xor|   0|  0|    2|           1|           2|
    +--------------------------+----------+----+---+-----+------------+------------+
    |Total                     |          |   0|  0|  441|         258|         247|
    +--------------------------+----------+----+---+-----+------------+------------+

    * Multiplexer: 
    +-------------------------+----+-----------+-----+-----------+
    |           Name          | LUT| Input Size| Bits| Total Bits|
    +-------------------------+----+-----------+-----+-----------+
    |ap_done_int              |   9|          2|    1|          2|
    |ap_enable_reg_pp0_iter1  |   9|          2|    1|          2|
    |ap_enable_reg_pp0_iter2  |   9|          2|    1|          2|
    |i42_fu_86                |   9|          2|   10|         20|
    |indvar_flatten19_fu_90   |   9|          2|   22|         44|
    |j41_fu_82                |   9|          2|   12|         24|
    +-------------------------+----+-----------+-----+-----------+
    |Total                    |  54|         12|   47|         94|
    +-------------------------+----+-----------+-----+-----------+

    * Register: 
    +-----------------------------------+----+----+-----+-----------+
    |                Name               | FF | LUT| Bits| Const Bits|
    +-----------------------------------+----+----+-----+-----------+
    |add_ln867_reg_499                  |  22|   0|   22|          0|
    |ap_CS_fsm                          |   1|   0|    1|          0|
    |ap_done_reg                        |   1|   0|    1|          0|
    |ap_enable_reg_pp0_iter1            |   1|   0|    1|          0|
    |ap_enable_reg_pp0_iter10           |   1|   0|    1|          0|
    |ap_enable_reg_pp0_iter11           |   1|   0|    1|          0|
    |ap_enable_reg_pp0_iter12           |   1|   0|    1|          0|
    |ap_enable_reg_pp0_iter13           |   1|   0|    1|          0|
    |ap_enable_reg_pp0_iter14           |   1|   0|    1|          0|
    |ap_enable_reg_pp0_iter15           |   1|   0|    1|          0|
    |ap_enable_reg_pp0_iter16           |   1|   0|    1|          0|
    |ap_enable_reg_pp0_iter17           |   1|   0|    1|          0|
    |ap_enable_reg_pp0_iter18           |   1|   0|    1|          0|
    |ap_enable_reg_pp0_iter19           |   1|   0|    1|          0|
    |ap_enable_reg_pp0_iter2            |   1|   0|    1|          0|
    |ap_enable_reg_pp0_iter20           |   1|   0|    1|          0|
    |ap_enable_reg_pp0_iter21           |   1|   0|    1|          0|
    |ap_enable_reg_pp0_iter22           |   1|   0|    1|          0|
    |ap_enable_reg_pp0_iter23           |   1|   0|    1|          0|
    |ap_enable_reg_pp0_iter24           |   1|   0|    1|          0|
    |ap_enable_reg_pp0_iter25           |   1|   0|    1|          0|
    |ap_enable_reg_pp0_iter26           |   1|   0|    1|          0|
    |ap_enable_reg_pp0_iter27           |   1|   0|    1|          0|
    |ap_enable_reg_pp0_iter3            |   1|   0|    1|          0|
    |ap_enable_reg_pp0_iter4            |   1|   0|    1|          0|
    |ap_enable_reg_pp0_iter5            |   1|   0|    1|          0|
    |ap_enable_reg_pp0_iter6            |   1|   0|    1|          0|
    |ap_enable_reg_pp0_iter7            |   1|   0|    1|          0|
    |ap_enable_reg_pp0_iter8            |   1|   0|    1|          0|
    |ap_enable_reg_pp0_iter9            |   1|   0|    1|          0|
    |ap_loop_exit_ready_pp0_iter10_reg  |   1|   0|    1|          0|
    |ap_loop_exit_ready_pp0_iter11_reg  |   1|   0|    1|          0|
    |ap_loop_exit_ready_pp0_iter12_reg  |   1|   0|    1|          0|
    |ap_loop_exit_ready_pp0_iter13_reg  |   1|   0|    1|          0|
    |ap_loop_exit_ready_pp0_iter14_reg  |   1|   0|    1|          0|
    |ap_loop_exit_ready_pp0_iter15_reg  |   1|   0|    1|          0|
    |ap_loop_exit_ready_pp0_iter16_reg  |   1|   0|    1|          0|
    |ap_loop_exit_ready_pp0_iter17_reg  |   1|   0|    1|          0|
    |ap_loop_exit_ready_pp0_iter18_reg  |   1|   0|    1|          0|
    |ap_loop_exit_ready_pp0_iter19_reg  |   1|   0|    1|          0|
    |ap_loop_exit_ready_pp0_iter20_reg  |   1|   0|    1|          0|
    |ap_loop_exit_ready_pp0_iter21_reg  |   1|   0|    1|          0|
    |ap_loop_exit_ready_pp0_iter22_reg  |   1|   0|    1|          0|
    |ap_loop_exit_ready_pp0_iter23_reg  |   1|   0|    1|          0|
    |ap_loop_exit_ready_pp0_iter24_reg  |   1|   0|    1|          0|
    |ap_loop_exit_ready_pp0_iter25_reg  |   1|   0|    1|          0|
    |ap_loop_exit_ready_pp0_iter26_reg  |   1|   0|    1|          0|
    |ap_loop_exit_ready_pp0_iter2_reg   |   1|   0|    1|          0|
    |ap_loop_exit_ready_pp0_iter3_reg   |   1|   0|    1|          0|
    |ap_loop_exit_ready_pp0_iter4_reg   |   1|   0|    1|          0|
    |ap_loop_exit_ready_pp0_iter5_reg   |   1|   0|    1|          0|
    |ap_loop_exit_ready_pp0_iter6_reg   |   1|   0|    1|          0|
    |ap_loop_exit_ready_pp0_iter7_reg   |   1|   0|    1|          0|
    |ap_loop_exit_ready_pp0_iter8_reg   |   1|   0|    1|          0|
    |ap_loop_exit_ready_pp0_iter9_reg   |   1|   0|    1|          0|
    |i42_fu_86                          |  10|   0|   10|          0|
    |icmp_ln295_reg_560                 |   1|   0|    1|          0|
    |icmp_ln295_reg_560_pp0_iter25_reg  |   1|   0|    1|          0|
    |icmp_ln299_reg_574                 |   1|   0|    1|          0|
    |icmp_ln299_reg_574_pp0_iter25_reg  |   1|   0|    1|          0|
    |icmp_ln301_reg_580                 |   1|   0|    1|          0|
    |icmp_ln320_reg_590                 |   1|   0|    1|          0|
    |indvar_flatten19_fu_90             |  22|   0|   22|          0|
    |j41_fu_82                          |  12|   0|   12|          0|
    |max_W3_load_reg_529                |  32|   0|   32|          0|
    |or_ln299_reg_595                   |   1|   0|    1|          0|
    |p_Result_s_reg_549                 |   1|   0|    1|          0|
    |p_Result_s_reg_549_pp0_iter25_reg  |   1|   0|    1|          0|
    |reg_reg_544                        |  32|   0|   32|          0|
    |select_ln865_2_reg_494             |  10|   0|   10|          0|
    |sh_amt_4_reg_585                   |   9|   0|    9|          0|
    |sh_amt_reg_566                     |   9|   0|    9|          0|
    |v526_reg_534                       |  32|   0|   32|          0|
    |v528_reg_539                       |  32|   0|   32|          0|
    |v529_V_3_reg_600                   |  12|   0|   12|          0|
    |v529_V_7_reg_605                   |  12|   0|   12|          0|
    |v529_V_reg_554                     |  12|   0|   12|          0|
    |v529_V_reg_554_pp0_iter25_reg      |  12|   0|   12|          0|
    |v563_load_reg_514                  |  32|   0|   32|          0|
    |zext_ln867_2_reg_504               |  22|   0|   64|         42|
    |select_ln865_2_reg_494             |  64|  32|   10|          0|
    |zext_ln867_2_reg_504               |  64|  32|   64|         42|
    +-----------------------------------+----+----+-----+-----------+
    |Total                              | 515|  64|  503|         84|
    +-----------------------------------+----+----+-----+-----------+



================================================================
== Interface
================================================================
* Summary: 
+--------------------+-----+-----+------------+------------------------------------------------+--------------+
|      RTL Ports     | Dir | Bits|  Protocol  |                  Source Object                 |    C Type    |
+--------------------+-----+-----+------------+------------------------------------------------+--------------+
|ap_clk              |   in|    1|  ap_ctrl_hs|  Linear_layer_ds2_Pipeline_l_W_to_int_i42_l_j41|  return value|
|ap_rst              |   in|    1|  ap_ctrl_hs|  Linear_layer_ds2_Pipeline_l_W_to_int_i42_l_j41|  return value|
|ap_start            |   in|    1|  ap_ctrl_hs|  Linear_layer_ds2_Pipeline_l_W_to_int_i42_l_j41|  return value|
|ap_done             |  out|    1|  ap_ctrl_hs|  Linear_layer_ds2_Pipeline_l_W_to_int_i42_l_j41|  return value|
|ap_idle             |  out|    1|  ap_ctrl_hs|  Linear_layer_ds2_Pipeline_l_W_to_int_i42_l_j41|  return value|
|ap_ready            |  out|    1|  ap_ctrl_hs|  Linear_layer_ds2_Pipeline_l_W_to_int_i42_l_j41|  return value|
|grp_fu_663_p_din0   |  out|   32|  ap_ctrl_hs|  Linear_layer_ds2_Pipeline_l_W_to_int_i42_l_j41|  return value|
|grp_fu_663_p_din1   |  out|   32|  ap_ctrl_hs|  Linear_layer_ds2_Pipeline_l_W_to_int_i42_l_j41|  return value|
|grp_fu_663_p_dout0  |   in|   32|  ap_ctrl_hs|  Linear_layer_ds2_Pipeline_l_W_to_int_i42_l_j41|  return value|
|grp_fu_663_p_ce     |  out|    1|  ap_ctrl_hs|  Linear_layer_ds2_Pipeline_l_W_to_int_i42_l_j41|  return value|
|grp_fu_667_p_din0   |  out|   32|  ap_ctrl_hs|  Linear_layer_ds2_Pipeline_l_W_to_int_i42_l_j41|  return value|
|grp_fu_667_p_din1   |  out|   32|  ap_ctrl_hs|  Linear_layer_ds2_Pipeline_l_W_to_int_i42_l_j41|  return value|
|grp_fu_667_p_dout0  |   in|   32|  ap_ctrl_hs|  Linear_layer_ds2_Pipeline_l_W_to_int_i42_l_j41|  return value|
|grp_fu_667_p_ce     |  out|    1|  ap_ctrl_hs|  Linear_layer_ds2_Pipeline_l_W_to_int_i42_l_j41|  return value|
|max_W3_address0     |  out|   10|   ap_memory|                                          max_W3|         array|
|max_W3_ce0          |  out|    1|   ap_memory|                                          max_W3|         array|
|max_W3_q0           |   in|   32|   ap_memory|                                          max_W3|         array|
|v563_address0       |  out|   22|   ap_memory|                                            v563|         array|
|v563_ce0            |  out|    1|   ap_memory|                                            v563|         array|
|v563_q0             |   in|   32|   ap_memory|                                            v563|         array|
|q_W3_V_address0     |  out|   22|   ap_memory|                                          q_W3_V|         array|
|q_W3_V_ce0          |  out|    1|   ap_memory|                                          q_W3_V|         array|
|q_W3_V_we0          |  out|    1|   ap_memory|                                          q_W3_V|         array|
|q_W3_V_d0           |  out|   12|   ap_memory|                                          q_W3_V|         array|
+--------------------+-----+-----+------------+------------------------------------------------+--------------+

