

================================================================
== Vivado HLS Report for 'top'
================================================================
* Date:           Thu Jul 20 07:08:28 2023

* Version:        2019.2.1 (Build 2724168 on Thu Dec 05 05:19:09 MST 2019)
* Project:        bert_layer_no_ct.prj
* Solution:       solution0
* Product family: zynq
* Target device:  xc7z020-clg484-1


================================================================
== Performance Estimates
================================================================
+ Timing: 
    * Summary: 
    +--------+----------+----------+------------+
    |  Clock |  Target  | Estimated| Uncertainty|
    +--------+----------+----------+------------+
    |ap_clk  | 10.00 ns | 9.514 ns |   1.25 ns  |
    +--------+----------+----------+------------+

+ Latency: 
    * Summary: 
    +------------+------------+------------+------------+------------+------------+---------+
    |     Latency (cycles)    |    Latency (absolute)   |         Interval        | Pipeline|
    |     min    |     max    |     min    |     max    |     min    |     max    |   Type  |
    +------------+------------+------------+------------+------------+------------+---------+
    |  1111529971|  1114257907| 11.115 sec | 11.143 sec |  1111529971|  1114257907|   none  |
    +------------+------------+------------+------------+------------+------------+---------+

    + Detail: 
        * Instance: 
        +-----------------------------------+-----------------------+---------+---------+-----------+----------+-----+-----+----------+
        |                                   |                       |  Latency (cycles) |  Latency (absolute)  |  Interval | Pipeline |
        |              Instance             |         Module        |   min   |   max   |    min    |    max   | min | max |   Type   |
        +-----------------------------------+-----------------------+---------+---------+-----------+----------+-----+-----+----------+
        |grp_generic_tanh_double_s_fu_2000  |generic_tanh_double_s  |        1|       75| 10.000 ns | 0.750 us |    1|   75|   none   |
        |grp_pow_generic_float_s_fu_2011    |pow_generic_float_s    |       22|       22|  0.220 us | 0.220 us |    1|    1| function |
        +-----------------------------------+-----------------------+---------+---------+-----------+----------+-----+-----+----------+

        * Loop: 
        +------------------------------+-----------+-----------+-----------------+-----------+-----------+------+----------+
        |                              |    Latency (cycles)   |    Iteration    |  Initiation Interval  | Trip |          |
        |           Loop Name          |    min    |    max    |     Latency     |  achieved |   target  | Count| Pipelined|
        +------------------------------+-----------+-----------+-----------------+-----------+-----------+------+----------+
        |- l_attn_sf_Q_x               |   92095512|   92095512|          7674626|          -|          -|    12|    no    |
        | + l_y                        |    7674624|    7674624|             9993|          -|          -|   768|    no    |
        |  ++ l_attn_sf_r1             |       9984|       9984|               13|          -|          -|   768|    no    |
        |- l_attn_sf_K_x_0             |   92095512|   92095512|          7674626|          -|          -|    12|    no    |
        | + l_y_0                      |    7674624|    7674624|             9993|          -|          -|   768|    no    |
        |  ++ l_attn_sf_r11            |       9984|       9984|               13|          -|          -|   768|    no    |
        |- l_attn_sf_V_x_1             |   92095512|   92095512|          7674626|          -|          -|    12|    no    |
        | + l_y_1                      |    7674624|    7674624|             9993|          -|          -|   768|    no    |
        |  ++ l_attn_sf_r12            |       9984|       9984|               13|          -|          -|   768|    no    |
        |- l_attn_sf_context_x_2       |       9240|       9240|              770|          -|          -|    12|    no    |
        | + l_y_2                      |        768|        768|                1|          -|          -|   768|    no    |
        |- l_attn_sf_mutihead_loop_i   |    2604072|    2604072|           217006|          -|          -|    12|    no    |
        | + l_attn_sf_Q_i_x_3          |       1560|       1560|              130|          -|          -|    12|    no    |
        |  ++ l_y_3                    |        128|        128|                2|          -|          -|    64|    no    |
        | + l_attn_sf_K_i_x_4          |       1560|       1560|              130|          -|          -|    12|    no    |
        |  ++ l_y_4                    |        128|        128|                2|          -|          -|    64|    no    |
        | + l_attn_sf_V_i_x_5          |       1560|       1560|              130|          -|          -|    12|    no    |
        |  ++ l_y_5                    |        128|        128|                2|          -|          -|    64|    no    |
        | + l_attn_sf_attention_x_6    |     102264|     102264|             8522|          -|          -|    12|    no    |
        |  ++ l_y_6                    |       8520|       8520|              710|          -|          -|    12|    no    |
        |   +++ l_attn_sf_r2           |        704|        704|               11|          -|          -|    64|    no    |
        | + l_attn_sf_attn_exp_x_7     |       1752|       1752|              146|          -|          -|    12|    no    |
        |  ++ l_y_7                    |        144|        144|               12|          -|          -|    12|    no    |
        | + l_attn_sf_attn_sum_x_8     |       1032|       1032|               86|          -|          -|    12|    no    |
        |  ++ l_attn_sf_r3             |         84|         84|                7|          -|          -|    12|    no    |
        | + l_attn_sf_attn_sfm_x_9     |       2772|       2772|              231|          -|          -|    12|    no    |
        |  ++ l_y_8                    |        228|        228|               19|          -|          -|    12|    no    |
        | + l_attn_sf_context_i_x_10   |     102936|     102936|             8578|          -|          -|    12|    no    |
        |  ++ l_y_9                    |       8576|       8576|              134|          -|          -|    64|    no    |
        |   +++ l_attn_sf_r4           |        132|        132|               11|          -|          -|    12|    no    |
        | + l_attn_sf_ct_m             |       1560|       1560|              130|          -|          -|    12|    no    |
        |  ++ l_attn_sf_ct_n           |        128|        128|                2|          -|          -|    64|    no    |
        |- l_attn_ds_outp_x_11         |   92095512|   92095512|          7674626|          -|          -|    12|    no    |
        | + l_y_10                     |    7674624|    7674624|             9993|          -|          -|   768|    no    |
        |  ++ l_attn_ds_r              |       9984|       9984|               13|          -|          -|   768|    no    |
        |- l_attn_res_outp_x_12        |      73752|      73752|             6146|          -|          -|    12|    no    |
        | + l_y_11                     |       6144|       6144|                8|          -|          -|   768|    no    |
        |- l_attn_ln_mean_x_13         |      64716|      64716|             5393|          -|          -|    12|    no    |
        | + l_attn_ln_r                |       5376|       5376|                7|          -|          -|   768|    no    |
        |- l_attn_ln_var_x_14          |     101652|     101652|             8471|          -|          -|    12|    no    |
        | + l_attn_ln_r1               |       8448|       8448|               11|          -|          -|   768|    no    |
        |- l_attn_ln_outp_x_15         |     589932|     589932|            49161|          -|          -|    12|    no    |
        | + l_y_12                     |      49152|      49152|               64|          -|          -|   768|    no    |
        |- l_attn_ln_outp_linear_x_16  |     110616|     110616|             9218|          -|          -|    12|    no    |
        | + l_y_13                     |       9216|       9216|               12|          -|          -|   768|    no    |
        |- l_ffn_ds1_outp_x_17         |  368381976|  368381976|         30698498|          -|          -|    12|    no    |
        | + l_y_14                     |   30698496|   30698496|             9993|          -|          -|  3072|    no    |
        |  ++ l_ffn_ds1_r              |       9984|       9984|               13|          -|          -|   768|    no    |
        |- l_ffn_gelu_outp_x_18        |    2138136|    4866072| 178178 ~ 405506 |          -|          -|    12|    no    |
        | + l_y_15                     |     178176|     405504|     58 ~ 132    |          -|          -|  3072|    no    |
        |- l_ffn_ds2_outp_x_19         |  368133144|  368133144|         30677762|          -|          -|    12|    no    |
        | + l_y_16                     |   30677760|   30677760|            39945|          -|          -|   768|    no    |
        |  ++ l_ffn_ds2_r              |      39936|      39936|               13|          -|          -|  3072|    no    |
        |- l_ffn_res_outp_x_20         |      73752|      73752|             6146|          -|          -|    12|    no    |
        | + l_y_17                     |       6144|       6144|                8|          -|          -|   768|    no    |
        |- l_ffn_ln_mean_x_21          |      64716|      64716|             5393|          -|          -|    12|    no    |
        | + l_ffn_ln_r                 |       5376|       5376|                7|          -|          -|   768|    no    |
        |- l_ffn_ln_var_x_22           |     101652|     101652|             8471|          -|          -|    12|    no    |
        | + l_ffn_ln_r1                |       8448|       8448|               11|          -|          -|   768|    no    |
        |- l_ffn_ln_outp_x_23          |     589932|     589932|            49161|          -|          -|    12|    no    |
        | + l_y_18                     |      49152|      49152|               64|          -|          -|   768|    no    |
        |- l_ffn_ln_outp_linear_x_24   |     110616|     110616|             9218|          -|          -|    12|    no    |
        | + l_y_19                     |       9216|       9216|               12|          -|          -|   768|    no    |
        +------------------------------+-----------+-----------+-----------------+-----------+-----------+------+----------+



================================================================
== Utilization Estimates
================================================================
* Summary: 
+-----------------+---------+-------+--------+-------+-----+
|       Name      | BRAM_18K| DSP48E|   FF   |  LUT  | URAM|
+-----------------+---------+-------+--------+-------+-----+
|DSP              |        -|      -|       -|      -|    -|
|Expression       |        -|      -|       0|   3288|    -|
|FIFO             |        -|      -|       -|      -|    -|
|Instance         |       28|     91|   18977|  23811|    -|
|Memory           |      555|      -|     320|     30|    0|
|Multiplexer      |        -|      -|       -|   3881|    -|
|Register         |        -|      -|    4644|      -|    -|
+-----------------+---------+-------+--------+-------+-----+
|Total            |      583|     91|   23941|  31010|    0|
+-----------------+---------+-------+--------+-------+-----+
|Available        |      280|    220|  106400|  53200|    0|
+-----------------+---------+-------+--------+-------+-----+
|Utilization (%)  |      208|     41|      22|     58|    0|
+-----------------+---------+-------+--------+-------+-----+

+ Detail: 
    * Instance: 
    +-----------------------------------+-----------------------+---------+-------+------+-------+-----+
    |              Instance             |         Module        | BRAM_18K| DSP48E|  FF  |  LUT  | URAM|
    +-----------------------------------+-----------------------+---------+-------+------+-------+-----+
    |grp_generic_tanh_double_s_fu_2000  |generic_tanh_double_s  |       15|     43|  7971|  10323|    0|
    |grp_pow_generic_float_s_fu_2011    |pow_generic_float_s    |       13|     22|  3587|   2879|    0|
    |top_dadd_64ns_64nNgs_U54           |top_dadd_64ns_64nNgs   |        0|      3|   445|   1149|    0|
    |top_ddiv_64ns_64nAem_U56           |top_ddiv_64ns_64nAem   |        0|      0|  3211|   3658|    0|
    |top_dmul_64ns_64nzec_U55           |top_dmul_64ns_64nzec   |        0|     11|   317|    578|    0|
    |top_dsqrt_64ns_64OgC_U57           |top_dsqrt_64ns_64OgC   |        0|      0|  1832|   2180|    0|
    |top_faddfsub_32nsHfu_U48           |top_faddfsub_32nsHfu   |        0|      2|   205|    390|    0|
    |top_fdiv_32ns_32nJfO_U50           |top_fdiv_32ns_32nJfO   |        0|      0|   761|    994|    0|
    |top_fexp_32ns_32nMgi_U53           |top_fexp_32ns_32nMgi   |        0|      7|   277|    924|    0|
    |top_fmul_32ns_32nIfE_U49           |top_fmul_32ns_32nIfE   |        0|      3|   143|    321|    0|
    |top_fpext_32ns_64Lf8_U52           |top_fpext_32ns_64Lf8   |        0|      0|   100|    138|    0|
    |top_fptrunc_64ns_KfY_U51           |top_fptrunc_64ns_KfY   |        0|      0|   128|    277|    0|
    +-----------------------------------+-----------------------+---------+-------+------+-------+-----+
    |Total                              |                       |       28|     91| 18977|  23811|    0|
    +-----------------------------------+-----------------------+---------+-------+------+-------+-----+

    * DSP48E: 
    N/A

    * Memory: 
    +---------------------+----------------------+---------+----+----+-----+-------+-----+------+-------------+
    |        Memory       |        Module        | BRAM_18K| FF | LUT| URAM| Words | Bits| Banks| W*Bits*Banks|
    +---------------------+----------------------+---------+----+----+-----+-------+-----+------+-------------+
    |attn_sf_Q_U          |top_attn_sf_Q         |       32|   0|   0|    0|   9216|   32|     1|       294912|
    |attn_sf_K_U          |top_attn_sf_Q         |       32|   0|   0|    0|   9216|   32|     1|       294912|
    |attn_sf_V_U          |top_attn_sf_Q         |       32|   0|   0|    0|   9216|   32|     1|       294912|
    |attn_sf_context_U    |top_attn_sf_Q         |       32|   0|   0|    0|   9216|   32|     1|       294912|
    |attn_ds_outp_U       |top_attn_sf_Q         |       32|   0|   0|    0|   9216|   32|     1|       294912|
    |attn_res_outp_U      |top_attn_sf_Q         |       32|   0|   0|    0|   9216|   32|     1|       294912|
    |attn_ln_outp_U       |top_attn_sf_Q         |       32|   0|   0|    0|   9216|   32|     1|       294912|
    |ffn_ds2_outp_U       |top_attn_sf_Q         |       32|   0|   0|    0|   9216|   32|     1|       294912|
    |ffn_res_outp_U       |top_attn_sf_Q         |       32|   0|   0|    0|   9216|   32|     1|       294912|
    |attn_sf_Q_i_U        |top_attn_sf_Q_i       |        2|   0|   0|    0|    768|   32|     1|        24576|
    |attn_sf_K_i_U        |top_attn_sf_Q_i       |        2|   0|   0|    0|    768|   32|     1|        24576|
    |attn_sf_V_i_U        |top_attn_sf_Q_i       |        2|   0|   0|    0|    768|   32|     1|        24576|
    |attn_sf_context_i_U  |top_attn_sf_Q_i       |        2|   0|   0|    0|    768|   32|     1|        24576|
    |attn_sf_attention_U  |top_attn_sf_attenCeG  |        1|   0|   0|    0|    144|   32|     1|         4608|
    |attn_sf_attn_exp_U   |top_attn_sf_attenCeG  |        1|   0|   0|    0|    144|   32|     1|         4608|
    |attn_sf_attn_sfm_U   |top_attn_sf_attenCeG  |        1|   0|   0|    0|    144|   32|     1|         4608|
    |attn_sf_attn_sum_U   |top_attn_sf_attn_Ee0  |        0|  64|   6|    0|     12|   32|     1|          384|
    |attn_ln_mean_U       |top_attn_sf_attn_Ee0  |        0|  64|   6|    0|     12|   32|     1|          384|
    |attn_ln_var_U        |top_attn_sf_attn_Ee0  |        0|  64|   6|    0|     12|   32|     1|          384|
    |ffn_ln_mean_U        |top_attn_sf_attn_Ee0  |        0|  64|   6|    0|     12|   32|     1|          384|
    |ffn_ln_var_U         |top_attn_sf_attn_Ee0  |        0|  64|   6|    0|     12|   32|     1|          384|
    |ffn_ds1_outp_U       |top_ffn_ds1_outp      |      128|   0|   0|    0|  36864|   32|     1|      1179648|
    |ffn_gelu_outp_U      |top_ffn_ds1_outp      |      128|   0|   0|    0|  36864|   32|     1|      1179648|
    +---------------------+----------------------+---------+----+----+-----+-------+-----+------+-------------+
    |Total                |                      |      555| 320|  30|    0| 160236|  736|    23|      5127552|
    +---------------------+----------------------+---------+----+----+-----+-------+-----+------+-------------+

    * FIFO: 
    N/A

    * Expression: 
    +-------------------------+----------+-------+---+----+------------+------------+
    |      Variable Name      | Operation| DSP48E| FF| LUT| Bitwidth P0| Bitwidth P1|
    +-------------------------+----------+-------+---+----+------------+------------+
    |add_ln106_fu_2719_p2     |     +    |      0|  0|  21|          15|          15|
    |add_ln113_1_fu_2828_p2   |     +    |      0|  0|  21|          15|          15|
    |add_ln113_fu_2819_p2     |     +    |      0|  0|  14|          10|          10|
    |add_ln114_fu_2842_p2     |     +    |      0|  0|  13|          11|          11|
    |add_ln120_1_fu_2930_p2   |     +    |      0|  0|  21|          15|          15|
    |add_ln120_fu_2921_p2     |     +    |      0|  0|  14|          10|          10|
    |add_ln121_fu_2944_p2     |     +    |      0|  0|  13|          11|          11|
    |add_ln127_1_fu_3032_p2   |     +    |      0|  0|  21|          15|          15|
    |add_ln127_fu_3023_p2     |     +    |      0|  0|  14|          10|          10|
    |add_ln128_fu_3046_p2     |     +    |      0|  0|  13|          11|          11|
    |add_ln139_fu_3163_p2     |     +    |      0|  0|  13|          11|          11|
    |add_ln140_fu_3173_p2     |     +    |      0|  0|  13|          11|          11|
    |add_ln151_fu_3137_p2     |     +    |      0|  0|  15|           9|           9|
    |add_ln157_fu_3241_p2     |     +    |      0|  0|  15|           9|           9|
    |add_ln169_fu_3313_p2     |     +    |      0|  0|  15|           9|           9|
    |add_ln181_fu_3386_p2     |     +    |      0|  0|  15|           9|           9|
    |add_ln195_fu_3514_p2     |     +    |      0|  0|  15|           9|           9|
    |add_ln196_fu_3504_p2     |     +    |      0|  0|  13|          11|          11|
    |add_ln204_fu_3466_p2     |     +    |      0|  0|  13|          11|          11|
    |add_ln209_fu_3598_p2     |     +    |      0|  0|  13|          11|          11|
    |add_ln210_1_fu_3617_p2   |     +    |      0|  0|  21|          15|          15|
    |add_ln210_fu_3608_p2     |     +    |      0|  0|  14|          10|          10|
    |add_ln222_fu_3758_p2     |     +    |      0|  0|  21|          15|          15|
    |add_ln223_fu_3748_p2     |     +    |      0|  0|  28|          21|          21|
    |add_ln233_fu_3718_p2     |     +    |      0|  0|  21|          15|          15|
    |add_ln240_fu_3825_p2     |     +    |      0|  0|  21|          15|          15|
    |add_ln252_fu_3898_p2     |     +    |      0|  0|  21|          15|          15|
    |add_ln270_fu_3970_p2     |     +    |      0|  0|  21|          15|          15|
    |add_ln288_fu_4044_p2     |     +    |      0|  0|  21|          15|          15|
    |add_ln303_fu_4117_p2     |     +    |      0|  0|  21|          15|          15|
    |add_ln319_fu_4281_p2     |     +    |      0|  0|  21|          15|          15|
    |add_ln320_fu_4271_p2     |     +    |      0|  0|  30|          23|          23|
    |add_ln330_fu_4241_p2     |     +    |      0|  0|  24|          17|          17|
    |add_ln336_fu_4348_p2     |     +    |      0|  0|  24|          17|          17|
    |add_ln362_fu_4512_p2     |     +    |      0|  0|  24|          17|          17|
    |add_ln363_fu_4502_p2     |     +    |      0|  0|  30|          23|          23|
    |add_ln373_fu_4472_p2     |     +    |      0|  0|  21|          15|          15|
    |add_ln380_fu_4579_p2     |     +    |      0|  0|  21|          15|          15|
    |add_ln392_fu_4652_p2     |     +    |      0|  0|  21|          15|          15|
    |add_ln410_fu_4724_p2     |     +    |      0|  0|  21|          15|          15|
    |add_ln437_fu_4798_p2     |     +    |      0|  0|  21|          15|          15|
    |add_ln442_fu_4871_p2     |     +    |      0|  0|  21|          15|          15|
    |add_ln44_fu_2360_p2      |     +    |      0|  0|  21|          15|          15|
    |add_ln45_fu_2365_p2      |     +    |      0|  0|  28|          21|          21|
    |add_ln55_fu_2330_p2      |     +    |      0|  0|  21|          15|          15|
    |add_ln66_fu_2501_p2      |     +    |      0|  0|  21|          15|          15|
    |add_ln67_fu_2506_p2      |     +    |      0|  0|  28|          21|          21|
    |add_ln77_fu_2471_p2      |     +    |      0|  0|  21|          15|          15|
    |add_ln88_fu_2642_p2      |     +    |      0|  0|  21|          15|          15|
    |add_ln89_fu_2647_p2      |     +    |      0|  0|  28|          21|          21|
    |add_ln99_fu_2612_p2      |     +    |      0|  0|  21|          15|          15|
    |attn_ds_r_fu_3734_p2     |     +    |      0|  0|  14|          10|           1|
    |attn_ln_r1_fu_3960_p2    |     +    |      0|  0|  14|          10|           1|
    |attn_ln_r_fu_3888_p2     |     +    |      0|  0|  14|          10|           1|
    |attn_sf_ct_m_fu_3530_p2  |     +    |      0|  0|  13|           4|           1|
    |attn_sf_ct_n_fu_3588_p2  |     +    |      0|  0|  15|           7|           1|
    |attn_sf_r11_fu_2487_p2   |     +    |      0|  0|  14|          10|           1|
    |attn_sf_r12_fu_2628_p2   |     +    |      0|  0|  14|          10|           1|
    |attn_sf_r1_fu_2346_p2    |     +    |      0|  0|  14|          10|           1|
    |attn_sf_r2_fu_3153_p2    |     +    |      0|  0|  15|           7|           1|
    |attn_sf_r3_fu_3303_p2    |     +    |      0|  0|  13|           4|           1|
    |attn_sf_r4_fu_3482_p2    |     +    |      0|  0|  13|           4|           1|
    |ffn_ds1_r_fu_4257_p2     |     +    |      0|  0|  14|          10|           1|
    |ffn_ds2_r_fu_4488_p2     |     +    |      0|  0|  12|          12|           1|
    |ffn_ln_r1_fu_4714_p2     |     +    |      0|  0|  14|          10|           1|
    |ffn_ln_r_fu_4642_p2      |     +    |      0|  0|  14|          10|           1|
    |i_fu_2735_p2             |     +    |      0|  0|  13|           4|           1|
    |x_0_fu_2385_p2           |     +    |      0|  0|  13|           4|           1|
    |x_10_fu_3402_p2          |     +    |      0|  0|  13|           4|           1|
    |x_11_fu_3632_p2          |     +    |      0|  0|  13|           4|           1|
    |x_12_fu_3773_p2          |     +    |      0|  0|  13|           4|           1|
    |x_13_fu_3842_p2          |     +    |      0|  0|  13|           4|           1|
    |x_14_fu_3914_p2          |     +    |      0|  0|  13|           4|           1|
    |x_15_fu_3986_p2          |     +    |      0|  0|  13|           4|           1|
    |x_16_fu_4059_p2          |     +    |      0|  0|  13|           4|           1|
    |x_17_fu_4133_p2          |     +    |      0|  0|  13|           4|           1|
    |x_18_fu_4296_p2          |     +    |      0|  0|  13|           4|           1|
    |x_19_fu_4364_p2          |     +    |      0|  0|  13|           4|           1|
    |x_1_fu_2526_p2           |     +    |      0|  0|  13|           4|           1|
    |x_20_fu_4527_p2          |     +    |      0|  0|  13|           4|           1|
    |x_21_fu_4596_p2          |     +    |      0|  0|  13|           4|           1|
    |x_22_fu_4668_p2          |     +    |      0|  0|  13|           4|           1|
    |x_23_fu_4740_p2          |     +    |      0|  0|  13|           4|           1|
    |x_24_fu_4813_p2          |     +    |      0|  0|  13|           4|           1|
    |x_2_fu_2667_p2           |     +    |      0|  0|  13|           4|           1|
    |x_3_fu_2755_p2           |     +    |      0|  0|  13|           4|           1|
    |x_4_fu_2857_p2           |     +    |      0|  0|  13|           4|           1|
    |x_5_fu_2959_p2           |     +    |      0|  0|  13|           4|           1|
    |x_6_fu_3061_p2           |     +    |      0|  0|  13|           4|           1|
    |x_7_fu_3189_p2           |     +    |      0|  0|  13|           4|           1|
    |x_8_fu_3257_p2           |     +    |      0|  0|  13|           4|           1|
    |x_9_fu_3329_p2           |     +    |      0|  0|  13|           4|           1|
    |x_fu_2244_p2             |     +    |      0|  0|  13|           4|           1|
    |y_0_fu_2427_p2           |     +    |      0|  0|  14|          10|           1|
    |y_10_fu_3674_p2          |     +    |      0|  0|  14|          10|           1|
    |y_11_fu_3815_p2          |     +    |      0|  0|  14|          10|           1|
    |y_12_fu_4034_p2          |     +    |      0|  0|  14|          10|           1|
    |y_13_fu_4101_p2          |     +    |      0|  0|  14|          10|           1|
    |y_14_fu_4197_p2          |     +    |      0|  0|  12|          12|           1|
    |y_15_fu_4338_p2          |     +    |      0|  0|  12|          12|           1|
    |y_16_fu_4428_p2          |     +    |      0|  0|  14|          10|           1|
    |y_17_fu_4569_p2          |     +    |      0|  0|  14|          10|           1|
    |y_18_fu_4788_p2          |     +    |      0|  0|  14|          10|           1|
    |y_19_fu_4855_p2          |     +    |      0|  0|  14|          10|           1|
    |y_1_fu_2568_p2           |     +    |      0|  0|  14|          10|           1|
    |y_2_fu_2709_p2           |     +    |      0|  0|  14|          10|           1|
    |y_3_fu_2813_p2           |     +    |      0|  0|  15|           7|           1|
    |y_4_fu_2915_p2           |     +    |      0|  0|  15|           7|           1|
    |y_5_fu_3017_p2           |     +    |      0|  0|  15|           7|           1|
    |y_6_fu_3115_p2           |     +    |      0|  0|  13|           4|           1|
    |y_7_fu_3231_p2           |     +    |      0|  0|  13|           4|           1|
    |y_8_fu_3376_p2           |     +    |      0|  0|  13|           4|           1|
    |y_9_fu_3456_p2           |     +    |      0|  0|  15|           7|           1|
    |y_fu_2286_p2             |     +    |      0|  0|  14|          10|           1|
    |sub_ln106_fu_2697_p2     |     -    |      0|  0|  21|          15|          15|
    |sub_ln113_fu_2785_p2     |     -    |      0|  0|  21|          15|          15|
    |sub_ln120_fu_2887_p2     |     -    |      0|  0|  21|          15|          15|
    |sub_ln127_fu_2989_p2     |     -    |      0|  0|  21|          15|          15|
    |sub_ln151_fu_3103_p2     |     -    |      0|  0|  15|           9|           9|
    |sub_ln157_fu_3219_p2     |     -    |      0|  0|  15|           9|           9|
    |sub_ln169_fu_3291_p2     |     -    |      0|  0|  15|           9|           9|
    |sub_ln181_fu_3364_p2     |     -    |      0|  0|  15|           9|           9|
    |sub_ln195_fu_3432_p2     |     -    |      0|  0|  15|           9|           9|
    |sub_ln210_fu_3560_p2     |     -    |      0|  0|  21|          15|          15|
    |sub_ln222_fu_3662_p2     |     -    |      0|  0|  21|          15|          15|
    |sub_ln223_fu_3712_p2     |     -    |      0|  0|  28|          21|          21|
    |sub_ln240_fu_3803_p2     |     -    |      0|  0|  21|          15|          15|
    |sub_ln252_fu_3876_p2     |     -    |      0|  0|  21|          15|          15|
    |sub_ln270_fu_3948_p2     |     -    |      0|  0|  21|          15|          15|
    |sub_ln288_fu_4022_p2     |     -    |      0|  0|  21|          15|          15|
    |sub_ln303_fu_4089_p2     |     -    |      0|  0|  21|          15|          15|
    |sub_ln319_fu_4167_p2     |     -    |      0|  0|  21|          15|          15|
    |sub_ln320_fu_4235_p2     |     -    |      0|  0|  30|          23|          23|
    |sub_ln330_fu_4185_p2     |     -    |      0|  0|  24|          17|          17|
    |sub_ln336_fu_4326_p2     |     -    |      0|  0|  24|          17|          17|
    |sub_ln362_fu_4398_p2     |     -    |      0|  0|  24|          17|          17|
    |sub_ln363_fu_4466_p2     |     -    |      0|  0|  30|          23|          23|
    |sub_ln373_fu_4416_p2     |     -    |      0|  0|  21|          15|          15|
    |sub_ln380_fu_4557_p2     |     -    |      0|  0|  21|          15|          15|
    |sub_ln392_fu_4630_p2     |     -    |      0|  0|  21|          15|          15|
    |sub_ln410_fu_4702_p2     |     -    |      0|  0|  21|          15|          15|
    |sub_ln437_fu_4776_p2     |     -    |      0|  0|  21|          15|          15|
    |sub_ln442_fu_4843_p2     |     -    |      0|  0|  21|          15|          15|
    |sub_ln44_fu_2274_p2      |     -    |      0|  0|  21|          15|          15|
    |sub_ln45_fu_2324_p2      |     -    |      0|  0|  28|          21|          21|
    |sub_ln66_fu_2415_p2      |     -    |      0|  0|  21|          15|          15|
    |sub_ln67_fu_2465_p2      |     -    |      0|  0|  28|          21|          21|
    |sub_ln88_fu_2556_p2      |     -    |      0|  0|  21|          15|          15|
    |sub_ln89_fu_2606_p2      |     -    |      0|  0|  28|          21|          21|
    |icmp_ln103_fu_2661_p2    |   icmp   |      0|  0|   9|           4|           4|
    |icmp_ln104_fu_2703_p2    |   icmp   |      0|  0|  13|          10|          10|
    |icmp_ln109_fu_2729_p2    |   icmp   |      0|  0|   9|           4|           4|
    |icmp_ln111_fu_2749_p2    |   icmp   |      0|  0|   9|           4|           4|
    |icmp_ln112_fu_2807_p2    |   icmp   |      0|  0|  11|           7|           8|
    |icmp_ln118_fu_2851_p2    |   icmp   |      0|  0|   9|           4|           4|
    |icmp_ln119_fu_2909_p2    |   icmp   |      0|  0|  11|           7|           8|
    |icmp_ln125_fu_2953_p2    |   icmp   |      0|  0|   9|           4|           4|
    |icmp_ln126_fu_3011_p2    |   icmp   |      0|  0|  11|           7|           8|
    |icmp_ln132_fu_3055_p2    |   icmp   |      0|  0|   9|           4|           4|
    |icmp_ln133_fu_3109_p2    |   icmp   |      0|  0|   9|           4|           4|
    |icmp_ln137_fu_3147_p2    |   icmp   |      0|  0|  11|           7|           8|
    |icmp_ln155_fu_3183_p2    |   icmp   |      0|  0|   9|           4|           4|
    |icmp_ln156_fu_3225_p2    |   icmp   |      0|  0|   9|           4|           4|
    |icmp_ln163_fu_3251_p2    |   icmp   |      0|  0|   9|           4|           4|
    |icmp_ln167_fu_3297_p2    |   icmp   |      0|  0|   9|           4|           4|
    |icmp_ln179_fu_3323_p2    |   icmp   |      0|  0|   9|           4|           4|
    |icmp_ln180_fu_3370_p2    |   icmp   |      0|  0|   9|           4|           4|
    |icmp_ln188_fu_3396_p2    |   icmp   |      0|  0|   9|           4|           4|
    |icmp_ln189_fu_3450_p2    |   icmp   |      0|  0|  11|           7|           8|
    |icmp_ln193_fu_3476_p2    |   icmp   |      0|  0|   9|           4|           4|
    |icmp_ln207_fu_3524_p2    |   icmp   |      0|  0|   9|           4|           4|
    |icmp_ln208_fu_3582_p2    |   icmp   |      0|  0|  11|           7|           8|
    |icmp_ln215_fu_3626_p2    |   icmp   |      0|  0|   9|           4|           4|
    |icmp_ln216_fu_3668_p2    |   icmp   |      0|  0|  13|          10|          10|
    |icmp_ln220_fu_3728_p2    |   icmp   |      0|  0|  13|          10|          10|
    |icmp_ln237_fu_3767_p2    |   icmp   |      0|  0|   9|           4|           4|
    |icmp_ln238_fu_3809_p2    |   icmp   |      0|  0|  13|          10|          10|
    |icmp_ln246_fu_3836_p2    |   icmp   |      0|  0|   9|           4|           4|
    |icmp_ln250_fu_3882_p2    |   icmp   |      0|  0|  13|          10|          10|
    |icmp_ln264_fu_3908_p2    |   icmp   |      0|  0|   9|           4|           4|
    |icmp_ln268_fu_3954_p2    |   icmp   |      0|  0|  13|          10|          10|
    |icmp_ln286_fu_3980_p2    |   icmp   |      0|  0|   9|           4|           4|
    |icmp_ln287_fu_4028_p2    |   icmp   |      0|  0|  13|          10|          10|
    |icmp_ln301_fu_4053_p2    |   icmp   |      0|  0|   9|           4|           4|
    |icmp_ln302_fu_4095_p2    |   icmp   |      0|  0|  13|          10|          10|
    |icmp_ln312_fu_4127_p2    |   icmp   |      0|  0|   9|           4|           4|
    |icmp_ln313_fu_4191_p2    |   icmp   |      0|  0|  13|          12|          12|
    |icmp_ln317_fu_4251_p2    |   icmp   |      0|  0|  13|          10|          10|
    |icmp_ln334_fu_4290_p2    |   icmp   |      0|  0|   9|           4|           4|
    |icmp_ln335_fu_4332_p2    |   icmp   |      0|  0|  13|          12|          12|
    |icmp_ln355_fu_4358_p2    |   icmp   |      0|  0|   9|           4|           4|
    |icmp_ln356_fu_4422_p2    |   icmp   |      0|  0|  13|          10|          10|
    |icmp_ln360_fu_4482_p2    |   icmp   |      0|  0|  13|          12|          12|
    |icmp_ln377_fu_4521_p2    |   icmp   |      0|  0|   9|           4|           4|
    |icmp_ln378_fu_4563_p2    |   icmp   |      0|  0|  13|          10|          10|
    |icmp_ln37_fu_2238_p2     |   icmp   |      0|  0|   9|           4|           4|
    |icmp_ln386_fu_4590_p2    |   icmp   |      0|  0|   9|           4|           4|
    |icmp_ln38_fu_2280_p2     |   icmp   |      0|  0|  13|          10|          10|
    |icmp_ln390_fu_4636_p2    |   icmp   |      0|  0|  13|          10|          10|
    |icmp_ln404_fu_4662_p2    |   icmp   |      0|  0|   9|           4|           4|
    |icmp_ln408_fu_4708_p2    |   icmp   |      0|  0|  13|          10|          10|
    |icmp_ln425_fu_4734_p2    |   icmp   |      0|  0|   9|           4|           4|
    |icmp_ln426_fu_4782_p2    |   icmp   |      0|  0|  13|          10|          10|
    |icmp_ln42_fu_2340_p2     |   icmp   |      0|  0|  13|          10|          10|
    |icmp_ln440_fu_4807_p2    |   icmp   |      0|  0|   9|           4|           4|
    |icmp_ln441_fu_4849_p2    |   icmp   |      0|  0|  13|          10|          10|
    |icmp_ln59_fu_2379_p2     |   icmp   |      0|  0|   9|           4|           4|
    |icmp_ln60_fu_2421_p2     |   icmp   |      0|  0|  13|          10|          10|
    |icmp_ln64_fu_2481_p2     |   icmp   |      0|  0|  13|          10|          10|
    |icmp_ln81_fu_2520_p2     |   icmp   |      0|  0|   9|           4|           4|
    |icmp_ln82_fu_2562_p2     |   icmp   |      0|  0|  13|          10|          10|
    |icmp_ln86_fu_2622_p2     |   icmp   |      0|  0|  13|          10|          10|
    +-------------------------+----------+-------+---+----+------------+------------+
    |Total                    |          |      0|  0|3288|        2110|        1759|
    +-------------------------+----------+-------+---+----+------------+------------+

    * Multiplexer: 
    +----------------------------+------+-----------+-----+-----------+
    |            Name            |  LUT | Input Size| Bits| Total Bits|
    +----------------------------+------+-----------+-----+-----------+
    |ap_NS_fsm                   |  2193|        579|    1|        579|
    |attn_ds_outp_address0       |    15|          3|   14|         42|
    |attn_ds_r_0_reg_1595        |     9|          2|   10|         20|
    |attn_ln_mean_address0       |    21|          4|    4|         16|
    |attn_ln_outp_address0       |    33|          6|   14|         84|
    |attn_ln_outp_d0             |    15|          3|   32|         96|
    |attn_ln_r1_0_reg_1697       |     9|          2|   10|         20|
    |attn_ln_r_0_reg_1663        |     9|          2|   10|         20|
    |attn_ln_var_address0        |    15|          3|    4|         12|
    |attn_res_outp_address0      |    27|          5|   14|         70|
    |attn_sf_K_address0          |    15|          3|   14|         42|
    |attn_sf_K_i_address0        |    15|          3|   10|         30|
    |attn_sf_Q_address0          |    15|          3|   14|         42|
    |attn_sf_Q_i_address0        |    15|          3|   10|         30|
    |attn_sf_V_address0          |    15|          3|   14|         42|
    |attn_sf_V_i_address0        |    15|          3|   10|         30|
    |attn_sf_attention_address0  |    15|          3|    8|         24|
    |attn_sf_attn_exp_address0   |    21|          4|    8|         32|
    |attn_sf_attn_sfm_address0   |    15|          3|    8|         24|
    |attn_sf_attn_sum_address0   |    15|          3|    4|         12|
    |attn_sf_context_address0    |    21|          4|   14|         56|
    |attn_sf_context_d0          |    15|          3|   32|         96|
    |attn_sf_context_i_address0  |    15|          3|   10|         30|
    |attn_sf_ct_m_0_reg_1551     |     9|          2|    4|          8|
    |attn_sf_ct_n_0_reg_1562     |     9|          2|    7|         14|
    |attn_sf_r11_0_reg_1225      |     9|          2|   10|         20|
    |attn_sf_r12_0_reg_1270      |     9|          2|   10|         20|
    |attn_sf_r1_0_reg_1168       |     9|          2|   10|         20|
    |attn_sf_r2_0_reg_1414       |     9|          2|    7|         14|
    |attn_sf_r3_0_reg_1471       |     9|          2|    4|          8|
    |attn_sf_r4_0_reg_1527       |     9|          2|    4|          8|
    |ffn_ds1_outp_address0       |    15|          3|   16|         48|
    |ffn_ds1_r_0_reg_1787        |     9|          2|   10|         20|
    |ffn_ds2_outp_address0       |    15|          3|   14|         42|
    |ffn_ds2_r_0_reg_1842        |     9|          2|   12|         24|
    |ffn_gelu_outp_address0      |    15|          3|   16|         48|
    |ffn_ln_mean_address0        |    21|          4|    4|         16|
    |ffn_ln_r1_0_reg_1944        |     9|          2|   10|         20|
    |ffn_ln_r_0_reg_1910         |     9|          2|   10|         20|
    |ffn_ln_var_address0         |    15|          3|    4|         12|
    |ffn_res_outp_address0       |    27|          5|   14|         70|
    |grp_fu_2031_opcode          |    15|          3|    2|          6|
    |grp_fu_2031_p0              |    59|         14|   32|        448|
    |grp_fu_2031_p1              |   125|         27|   32|        864|
    |grp_fu_2054_p0              |    56|         13|   32|        416|
    |grp_fu_2054_p1              |    65|         16|   32|        512|
    |grp_fu_2064_p0              |    33|          6|   32|        192|
    |grp_fu_2064_p1              |    15|          3|   32|         96|
    |grp_fu_2075_p0              |    15|          3|   64|        192|
    |grp_fu_2081_p0              |    33|          6|   32|        192|
    |grp_fu_2092_p0              |    15|          3|   64|        192|
    |grp_fu_2092_p1              |    21|          4|   64|        256|
    |grp_fu_2098_p0              |    21|          4|   64|        256|
    |grp_fu_2098_p1              |    27|          5|   64|        320|
    |i_0_reg_1303                |     9|          2|    4|          8|
    |v0_address0                 |    27|          5|   14|         70|
    |v103_reg_1458               |     9|          2|   32|         64|
    |v121_reg_1538               |     9|          2|   32|         64|
    |v136_reg_1606               |     9|          2|   32|         64|
    |v153_reg_1651               |     9|          2|   32|         64|
    |v165_reg_1685               |     9|          2|   32|         64|
    |v17_address0                |    21|          4|   14|         56|
    |v17_d0                      |    15|          3|   32|         96|
    |v202_reg_1775               |     9|          2|   32|         64|
    |v234_reg_1853               |     9|          2|   32|         64|
    |v251_reg_1898               |     9|          2|   32|         64|
    |v263_reg_1932               |     9|          2|   32|         64|
    |v27_reg_1179                |     9|          2|   32|         64|
    |v41_reg_1213                |     9|          2|   32|         64|
    |v55_reg_1258                |     9|          2|   32|         64|
    |v86_reg_1402                |     9|          2|   32|         64|
    |x_0_0_reg_1191              |     9|          2|    4|          8|
    |x_0_49_reg_1146             |     9|          2|    4|          8|
    |x_10_0_reg_1505             |     9|          2|    4|          8|
    |x_11_0_reg_1573             |     9|          2|    4|          8|
    |x_12_0_reg_1618             |     9|          2|    4|          8|
    |x_13_0_reg_1640             |     9|          2|    4|          8|
    |x_14_0_reg_1674             |     9|          2|    4|          8|
    |x_15_0_reg_1708             |     9|          2|    4|          8|
    |x_16_0_reg_1731             |     9|          2|    4|          8|
    |x_17_0_reg_1753             |     9|          2|    4|          8|
    |x_18_0_reg_1798             |     9|          2|    4|          8|
    |x_19_0_reg_1820             |     9|          2|    4|          8|
    |x_1_0_reg_1236              |     9|          2|    4|          8|
    |x_20_0_reg_1865             |     9|          2|    4|          8|
    |x_21_0_reg_1887             |     9|          2|    4|          8|
    |x_22_0_reg_1921             |     9|          2|    4|          8|
    |x_23_0_reg_1955             |     9|          2|    4|          8|
    |x_24_0_reg_1978             |     9|          2|    4|          8|
    |x_2_0_reg_1281              |     9|          2|    4|          8|
    |x_3_0_reg_1314              |     9|          2|    4|          8|
    |x_4_0_reg_1336              |     9|          2|    4|          8|
    |x_5_0_reg_1358              |     9|          2|    4|          8|
    |x_6_0_reg_1380              |     9|          2|    4|          8|
    |x_7_0_reg_1425              |     9|          2|    4|          8|
    |x_8_0_reg_1447              |     9|          2|    4|          8|
    |x_9_0_reg_1482              |     9|          2|    4|          8|
    |y_0_0_reg_1202              |     9|          2|   10|         20|
    |y_0_50_reg_1157             |     9|          2|   10|         20|
    |y_10_0_reg_1584             |     9|          2|   10|         20|
    |y_11_0_reg_1629             |     9|          2|   10|         20|
    |y_12_0_reg_1720             |     9|          2|   10|         20|
    |y_13_0_reg_1742             |     9|          2|   10|         20|
    |y_14_0_reg_1764             |     9|          2|   12|         24|
    |y_15_0_reg_1809             |     9|          2|   12|         24|
    |y_16_0_reg_1831             |     9|          2|   10|         20|
    |y_17_0_reg_1876             |     9|          2|   10|         20|
    |y_18_0_reg_1967             |     9|          2|   10|         20|
    |y_19_0_reg_1989             |     9|          2|   10|         20|
    |y_1_0_reg_1247              |     9|          2|   10|         20|
    |y_2_0_reg_1292              |     9|          2|   10|         20|
    |y_3_0_reg_1325              |     9|          2|    7|         14|
    |y_4_0_reg_1347              |     9|          2|    7|         14|
    |y_5_0_reg_1369              |     9|          2|    7|         14|
    |y_6_0_reg_1391              |     9|          2|    4|          8|
    |y_7_0_reg_1436              |     9|          2|    4|          8|
    |y_8_0_reg_1494              |     9|          2|    4|          8|
    |y_9_0_reg_1516              |     9|          2|    7|         14|
    +----------------------------+------+-----------+-----+-----------+
    |Total                       |  3881|        936| 1749|       7461|
    +----------------------------+------+-----------+-----+-----------+

    * Register: 
    +------------------------------------------------+-----+----+-----+-----------+
    |                      Name                      |  FF | LUT| Bits| Const Bits|
    +------------------------------------------------+-----+----+-----+-----------+
    |add_ln114_reg_5174                              |   11|   0|   11|          0|
    |add_ln121_reg_5210                              |   11|   0|   11|          0|
    |add_ln128_reg_5246                              |   11|   0|   11|          0|
    |add_ln210_1_reg_5528                            |   15|   0|   15|          0|
    |add_ln222_reg_5583                              |   15|   0|   15|          0|
    |add_ln288_reg_5758                              |   15|   0|   15|          0|
    |add_ln319_reg_5873                              |   15|   0|   15|          0|
    |add_ln362_reg_5999                              |   17|   0|   17|          0|
    |add_ln437_reg_6174                              |   15|   0|   15|          0|
    |add_ln44_reg_4926                               |   15|   0|   15|          0|
    |add_ln66_reg_5001                               |   15|   0|   15|          0|
    |add_ln88_reg_5076                               |   15|   0|   15|          0|
    |ap_CS_fsm                                       |  578|   0|  578|          0|
    |attn_ds_outp_addr_1_reg_5565                    |   14|   0|   14|          0|
    |attn_ds_r_0_reg_1595                            |   10|   0|   10|          0|
    |attn_ds_r_reg_5573                              |   10|   0|   10|          0|
    |attn_ln_outp_addr_1_reg_5794                    |   14|   0|   14|          0|
    |attn_ln_r1_0_reg_1697                           |   10|   0|   10|          0|
    |attn_ln_r1_reg_5707                             |   10|   0|   10|          0|
    |attn_ln_r_0_reg_1663                            |   10|   0|   10|          0|
    |attn_ln_r_reg_5675                              |   10|   0|   10|          0|
    |attn_sf_K_addr_reg_4988                         |   14|   0|   14|          0|
    |attn_sf_Q_addr_reg_4913                         |   14|   0|   14|          0|
    |attn_sf_V_addr_reg_5063                         |   14|   0|   14|          0|
    |attn_sf_attention_ad_reg_5282                   |    8|   0|    8|          0|
    |attn_sf_context_i_ad_reg_5459                   |   10|   0|   10|          0|
    |attn_sf_ct_m_0_reg_1551                         |    4|   0|    4|          0|
    |attn_sf_ct_m_reg_5500                           |    4|   0|    4|          0|
    |attn_sf_ct_n_0_reg_1562                         |    7|   0|    7|          0|
    |attn_sf_ct_n_reg_5518                           |    7|   0|    7|          0|
    |attn_sf_r11_0_reg_1225                          |   10|   0|   10|          0|
    |attn_sf_r11_reg_4996                            |   10|   0|   10|          0|
    |attn_sf_r12_0_reg_1270                          |   10|   0|   10|          0|
    |attn_sf_r12_reg_5071                            |   10|   0|   10|          0|
    |attn_sf_r1_0_reg_1168                           |   10|   0|   10|          0|
    |attn_sf_r1_reg_4921                             |   10|   0|   10|          0|
    |attn_sf_r2_0_reg_1414                           |    7|   0|    7|          0|
    |attn_sf_r2_reg_5290                             |    7|   0|    7|          0|
    |attn_sf_r3_0_reg_1471                           |    4|   0|    4|          0|
    |attn_sf_r3_reg_5377                             |    4|   0|    4|          0|
    |attn_sf_r4_0_reg_1527                           |    4|   0|    4|          0|
    |attn_sf_r4_reg_5467                             |    4|   0|    4|          0|
    |ffn_ds1_outp_addr_1_reg_5855                    |   16|   0|   16|          0|
    |ffn_ds1_r_0_reg_1787                            |   10|   0|   10|          0|
    |ffn_ds1_r_reg_5863                              |   10|   0|   10|          0|
    |ffn_ds2_outp_addr_1_reg_5981                    |   14|   0|   14|          0|
    |ffn_ds2_r_0_reg_1842                            |   12|   0|   12|          0|
    |ffn_ds2_r_reg_5989                              |   12|   0|   12|          0|
    |ffn_ln_r1_0_reg_1944                            |   10|   0|   10|          0|
    |ffn_ln_r1_reg_6123                              |   10|   0|   10|          0|
    |ffn_ln_r_0_reg_1910                             |   10|   0|   10|          0|
    |ffn_ln_r_reg_6091                               |   10|   0|   10|          0|
    |grp_generic_tanh_double_s_fu_2000_ap_start_reg  |    1|   0|    1|          0|
    |grp_pow_generic_float_s_fu_2011_ap_start_reg    |    1|   0|    1|          0|
    |i_0_reg_1303                                    |    4|   0|    4|          0|
    |i_reg_5130                                      |    4|   0|    4|          0|
    |reg_2114                                        |   32|   0|   32|          0|
    |reg_2120                                        |   32|   0|   32|          0|
    |reg_2127                                        |   32|   0|   32|          0|
    |reg_2147                                        |   32|   0|   32|          0|
    |reg_2160                                        |   32|   0|   32|          0|
    |reg_2166                                        |   32|   0|   32|          0|
    |reg_2172                                        |   32|   0|   32|          0|
    |reg_2179                                        |   32|   0|   32|          0|
    |reg_2186                                        |   64|   0|   64|          0|
    |reg_2193                                        |   64|   0|   64|          0|
    |reg_2200                                        |   64|   0|   64|          0|
    |reg_2205                                        |   64|   0|   64|          0|
    |reg_2210                                        |   32|   0|   32|          0|
    |reg_2216                                        |   64|   0|   64|          0|
    |reg_2224                                        |   32|   0|   32|          0|
    |reg_2231                                        |   32|   0|   32|          0|
    |sext_ln157_reg_5336                             |   64|   0|   64|          0|
    |sext_ln181_reg_5418                             |   64|   0|   64|          0|
    |sext_ln240_reg_5634                             |   64|   0|   64|          0|
    |sext_ln288_reg_5763                             |   64|   0|   64|          0|
    |sext_ln336_reg_5919                             |   64|   0|   64|          0|
    |sext_ln380_reg_6050                             |   64|   0|   64|          0|
    |sext_ln437_reg_6179                             |   64|   0|   64|          0|
    |shl_ln_reg_5135                                 |    4|   0|   10|          6|
    |sub_ln106_reg_5114                              |    7|   0|   15|          8|
    |sub_ln113_reg_5151                              |    7|   0|   15|          8|
    |sub_ln120_reg_5187                              |    7|   0|   15|          8|
    |sub_ln127_reg_5223                              |    7|   0|   15|          8|
    |sub_ln151_reg_5264                              |    7|   0|    9|          2|
    |sub_ln157_reg_5323                              |    7|   0|    9|          2|
    |sub_ln169_reg_5369                              |    7|   0|    9|          2|
    |sub_ln181_reg_5400                              |    7|   0|    9|          2|
    |sub_ln195_reg_5436                              |    7|   0|    9|          2|
    |sub_ln210_reg_5505                              |    7|   0|   15|          8|
    |sub_ln222_reg_5541                              |    7|   0|   15|          8|
    |sub_ln223_reg_5560                              |   13|   0|   21|          8|
    |sub_ln240_reg_5621                              |    7|   0|   15|          8|
    |sub_ln252_reg_5667                              |    7|   0|   15|          8|
    |sub_ln270_reg_5699                              |    7|   0|   15|          8|
    |sub_ln288_reg_5745                              |    7|   0|   15|          8|
    |sub_ln303_reg_5781                              |    7|   0|   15|          8|
    |sub_ln319_reg_5827                              |    7|   0|   15|          8|
    |sub_ln320_reg_5850                              |   15|   0|   23|          8|
    |sub_ln330_reg_5832                              |    7|   0|   17|         10|
    |sub_ln336_reg_5906                              |    7|   0|   17|         10|
    |sub_ln362_reg_5953                              |    7|   0|   17|         10|
    |sub_ln363_reg_5976                              |   13|   0|   23|         10|
    |sub_ln373_reg_5958                              |    7|   0|   15|          8|
    |sub_ln380_reg_6037                              |    7|   0|   15|          8|
    |sub_ln392_reg_6083                              |    7|   0|   15|          8|
    |sub_ln410_reg_6115                              |    7|   0|   15|          8|
    |sub_ln437_reg_6161                              |    7|   0|   15|          8|
    |sub_ln442_reg_6197                              |    7|   0|   15|          8|
    |sub_ln44_reg_4889                               |    7|   0|   15|          8|
    |sub_ln45_reg_4908                               |   13|   0|   21|          8|
    |sub_ln66_reg_4964                               |    7|   0|   15|          8|
    |sub_ln67_reg_4983                               |   13|   0|   21|          8|
    |sub_ln88_reg_5039                               |    7|   0|   15|          8|
    |sub_ln89_reg_5058                               |   13|   0|   21|          8|
    |v103_reg_1458                                   |   32|   0|   32|          0|
    |v110_reg_5405                                   |   32|   0|   32|          0|
    |v118_reg_5482                                   |   32|   0|   32|          0|
    |v119_reg_5487                                   |   32|   0|   32|          0|
    |v121_reg_1538                                   |   32|   0|   32|          0|
    |v133_reg_5598                                   |   32|   0|   32|          0|
    |v134_reg_5603                                   |   32|   0|   32|          0|
    |v136_reg_1606                                   |   32|   0|   32|          0|
    |v139_reg_5608                                   |   32|   0|   32|          0|
    |v144_reg_5649                                   |   32|   0|   32|          0|
    |v153_reg_1651                                   |   32|   0|   32|          0|
    |v165_reg_1685                                   |   32|   0|   32|          0|
    |v17_addr_1_reg_6210                             |   14|   0|   14|          0|
    |v189_reg_5809                                   |   32|   0|   32|          0|
    |v191_reg_5814                                   |   32|   0|   32|          0|
    |v200_reg_5888                                   |   32|   0|   32|          0|
    |v202_reg_1775                                   |   32|   0|   32|          0|
    |v205_reg_5893                                   |   32|   0|   32|          0|
    |v210_reg_5929                                   |   32|   0|   32|          0|
    |v220_reg_5940                                   |   64|   0|   64|          0|
    |v231_reg_6014                                   |   32|   0|   32|          0|
    |v232_reg_6019                                   |   32|   0|   32|          0|
    |v234_reg_1853                                   |   32|   0|   32|          0|
    |v237_reg_6024                                   |   32|   0|   32|          0|
    |v242_reg_6065                                   |   32|   0|   32|          0|
    |v251_reg_1898                                   |   32|   0|   32|          0|
    |v25_reg_4946                                    |   32|   0|   32|          0|
    |v263_reg_1932                                   |   32|   0|   32|          0|
    |v27_reg_1179                                    |   32|   0|   32|          0|
    |v285_reg_6225                                   |   32|   0|   32|          0|
    |v286_reg_6230                                   |   32|   0|   32|          0|
    |v288_reg_6235                                   |   32|   0|   32|          0|
    |v30_reg_4951                                    |   32|   0|   32|          0|
    |v39_reg_5021                                    |   32|   0|   32|          0|
    |v41_reg_1213                                    |   32|   0|   32|          0|
    |v44_reg_5026                                    |   32|   0|   32|          0|
    |v53_reg_5096                                    |   32|   0|   32|          0|
    |v55_reg_1258                                    |   32|   0|   32|          0|
    |v58_reg_5101                                    |   32|   0|   32|          0|
    |v83_reg_5305                                    |   32|   0|   32|          0|
    |v84_reg_5310                                    |   32|   0|   32|          0|
    |v86_reg_1402                                    |   32|   0|   32|          0|
    |v95_reg_5346                                    |   32|   0|   32|          0|
    |v96_reg_5351                                    |   32|   0|   32|          0|
    |x_0_0_reg_1191                                  |    4|   0|    4|          0|
    |x_0_49_reg_1146                                 |    4|   0|    4|          0|
    |x_0_reg_4959                                    |    4|   0|    4|          0|
    |x_10_0_reg_1505                                 |    4|   0|    4|          0|
    |x_10_reg_5431                                   |    4|   0|    4|          0|
    |x_11_0_reg_1573                                 |    4|   0|    4|          0|
    |x_11_reg_5536                                   |    4|   0|    4|          0|
    |x_12_0_reg_1618                                 |    4|   0|    4|          0|
    |x_12_reg_5616                                   |    4|   0|    4|          0|
    |x_13_0_reg_1640                                 |    4|   0|    4|          0|
    |x_13_reg_5657                                   |    4|   0|    4|          0|
    |x_14_0_reg_1674                                 |    4|   0|    4|          0|
    |x_14_reg_5688                                   |    4|   0|    4|          0|
    |x_15_0_reg_1708                                 |    4|   0|    4|          0|
    |x_15_reg_5725                                   |    4|   0|    4|          0|
    |x_16_0_reg_1731                                 |    4|   0|    4|          0|
    |x_16_reg_5776                                   |    4|   0|    4|          0|
    |x_17_0_reg_1753                                 |    4|   0|    4|          0|
    |x_17_reg_5822                                   |    4|   0|    4|          0|
    |x_18_0_reg_1798                                 |    4|   0|    4|          0|
    |x_18_reg_5901                                   |    4|   0|    4|          0|
    |x_19_0_reg_1820                                 |    4|   0|    4|          0|
    |x_19_reg_5948                                   |    4|   0|    4|          0|
    |x_1_0_reg_1236                                  |    4|   0|    4|          0|
    |x_1_reg_5034                                    |    4|   0|    4|          0|
    |x_20_0_reg_1865                                 |    4|   0|    4|          0|
    |x_20_reg_6032                                   |    4|   0|    4|          0|
    |x_21_0_reg_1887                                 |    4|   0|    4|          0|
    |x_21_reg_6073                                   |    4|   0|    4|          0|
    |x_22_0_reg_1921                                 |    4|   0|    4|          0|
    |x_22_reg_6104                                   |    4|   0|    4|          0|
    |x_23_0_reg_1955                                 |    4|   0|    4|          0|
    |x_23_reg_6141                                   |    4|   0|    4|          0|
    |x_24_0_reg_1978                                 |    4|   0|    4|          0|
    |x_24_reg_6192                                   |    4|   0|    4|          0|
    |x_2_0_reg_1281                                  |    4|   0|    4|          0|
    |x_2_reg_5109                                    |    4|   0|    4|          0|
    |x_3_0_reg_1314                                  |    4|   0|    4|          0|
    |x_3_reg_5146                                    |    4|   0|    4|          0|
    |x_4_0_reg_1336                                  |    4|   0|    4|          0|
    |x_4_reg_5182                                    |    4|   0|    4|          0|
    |x_5_0_reg_1358                                  |    4|   0|    4|          0|
    |x_5_reg_5218                                    |    4|   0|    4|          0|
    |x_6_0_reg_1380                                  |    4|   0|    4|          0|
    |x_6_reg_5254                                    |    4|   0|    4|          0|
    |x_7_0_reg_1425                                  |    4|   0|    4|          0|
    |x_7_reg_5318                                    |    4|   0|    4|          0|
    |x_8_0_reg_1447                                  |    4|   0|    4|          0|
    |x_8_reg_5359                                    |    4|   0|    4|          0|
    |x_9_0_reg_1482                                  |    4|   0|    4|          0|
    |x_9_reg_5390                                    |    4|   0|    4|          0|
    |x_reg_4884                                      |    4|   0|    4|          0|
    |y_0_0_reg_1202                                  |   10|   0|   10|          0|
    |y_0_50_reg_1157                                 |   10|   0|   10|          0|
    |y_0_reg_4973                                    |   10|   0|   10|          0|
    |y_10_0_reg_1584                                 |   10|   0|   10|          0|
    |y_10_reg_5550                                   |   10|   0|   10|          0|
    |y_11_0_reg_1629                                 |   10|   0|   10|          0|
    |y_11_reg_5629                                   |   10|   0|   10|          0|
    |y_12_0_reg_1720                                 |   10|   0|   10|          0|
    |y_12_reg_5753                                   |   10|   0|   10|          0|
    |y_13_0_reg_1742                                 |   10|   0|   10|          0|
    |y_13_reg_5789                                   |   10|   0|   10|          0|
    |y_14_0_reg_1764                                 |   12|   0|   12|          0|
    |y_14_reg_5840                                   |   12|   0|   12|          0|
    |y_15_0_reg_1809                                 |   12|   0|   12|          0|
    |y_15_reg_5914                                   |   12|   0|   12|          0|
    |y_16_0_reg_1831                                 |   10|   0|   10|          0|
    |y_16_reg_5966                                   |   10|   0|   10|          0|
    |y_17_0_reg_1876                                 |   10|   0|   10|          0|
    |y_17_reg_6045                                   |   10|   0|   10|          0|
    |y_18_0_reg_1967                                 |   10|   0|   10|          0|
    |y_18_reg_6169                                   |   10|   0|   10|          0|
    |y_19_0_reg_1989                                 |   10|   0|   10|          0|
    |y_19_reg_6205                                   |   10|   0|   10|          0|
    |y_1_0_reg_1247                                  |   10|   0|   10|          0|
    |y_1_reg_5048                                    |   10|   0|   10|          0|
    |y_2_0_reg_1292                                  |   10|   0|   10|          0|
    |y_3_0_reg_1325                                  |    7|   0|    7|          0|
    |y_3_reg_5164                                    |    7|   0|    7|          0|
    |y_4_0_reg_1347                                  |    7|   0|    7|          0|
    |y_4_reg_5200                                    |    7|   0|    7|          0|
    |y_5_0_reg_1369                                  |    7|   0|    7|          0|
    |y_5_reg_5236                                    |    7|   0|    7|          0|
    |y_6_0_reg_1391                                  |    4|   0|    4|          0|
    |y_6_reg_5272                                    |    4|   0|    4|          0|
    |y_7_0_reg_1436                                  |    4|   0|    4|          0|
    |y_7_reg_5331                                    |    4|   0|    4|          0|
    |y_8_0_reg_1494                                  |    4|   0|    4|          0|
    |y_8_reg_5413                                    |    4|   0|    4|          0|
    |y_9_0_reg_1516                                  |    7|   0|    7|          0|
    |y_9_reg_5449                                    |    7|   0|    7|          0|
    |y_reg_4898                                      |   10|   0|   10|          0|
    |zext_ln112_1_reg_5156                           |    4|   0|   11|          7|
    |zext_ln119_1_reg_5192                           |    4|   0|   11|          7|
    |zext_ln126_1_reg_5228                           |    4|   0|   11|          7|
    |zext_ln151_3_reg_5277                           |    4|   0|   11|          7|
    |zext_ln151_reg_5259                             |    4|   0|   11|          7|
    |zext_ln169_reg_5364                             |    4|   0|   64|         60|
    |zext_ln189_reg_5441                             |    4|   0|   11|          7|
    |zext_ln204_reg_5454                             |    7|   0|   11|          4|
    |zext_ln208_1_reg_5510                           |    4|   0|   11|          7|
    |zext_ln223_reg_5555                             |   10|   0|   64|         54|
    |zext_ln252_reg_5662                             |    4|   0|   64|         60|
    |zext_ln270_reg_5693                             |    4|   0|   64|         60|
    |zext_ln320_reg_5845                             |   12|   0|   64|         52|
    |zext_ln363_reg_5971                             |   10|   0|   64|         54|
    |zext_ln392_reg_6078                             |    4|   0|   64|         60|
    |zext_ln410_reg_6109                             |    4|   0|   64|         60|
    |zext_ln45_reg_4903                              |   10|   0|   64|         54|
    |zext_ln67_reg_4978                              |   10|   0|   64|         54|
    |zext_ln89_reg_5053                              |   10|   0|   64|         54|
    +------------------------------------------------+-----+----+-----+-----------+
    |Total                                           | 4644|   0| 5583|        939|
    +------------------------------------------------+-----+----+-----+-----------+



================================================================
== Interface
================================================================
* Summary: 
+--------------+-----+-----+------------+--------------+--------------+
|   RTL Ports  | Dir | Bits|  Protocol  | Source Object|    C Type    |
+--------------+-----+-----+------------+--------------+--------------+
|ap_clk        |  in |    1| ap_ctrl_hs |      top     | return value |
|ap_rst        |  in |    1| ap_ctrl_hs |      top     | return value |
|ap_start      |  in |    1| ap_ctrl_hs |      top     | return value |
|ap_done       | out |    1| ap_ctrl_hs |      top     | return value |
|ap_idle       | out |    1| ap_ctrl_hs |      top     | return value |
|ap_ready      | out |    1| ap_ctrl_hs |      top     | return value |
|v0_address0   | out |   14|  ap_memory |      v0      |     array    |
|v0_ce0        | out |    1|  ap_memory |      v0      |     array    |
|v0_q0         |  in |   32|  ap_memory |      v0      |     array    |
|v1_address0   | out |   20|  ap_memory |      v1      |     array    |
|v1_ce0        | out |    1|  ap_memory |      v1      |     array    |
|v1_q0         |  in |   32|  ap_memory |      v1      |     array    |
|v2_address0   | out |   10|  ap_memory |      v2      |     array    |
|v2_ce0        | out |    1|  ap_memory |      v2      |     array    |
|v2_q0         |  in |   32|  ap_memory |      v2      |     array    |
|v3_address0   | out |   20|  ap_memory |      v3      |     array    |
|v3_ce0        | out |    1|  ap_memory |      v3      |     array    |
|v3_q0         |  in |   32|  ap_memory |      v3      |     array    |
|v4_address0   | out |   10|  ap_memory |      v4      |     array    |
|v4_ce0        | out |    1|  ap_memory |      v4      |     array    |
|v4_q0         |  in |   32|  ap_memory |      v4      |     array    |
|v5_address0   | out |   20|  ap_memory |      v5      |     array    |
|v5_ce0        | out |    1|  ap_memory |      v5      |     array    |
|v5_q0         |  in |   32|  ap_memory |      v5      |     array    |
|v6_address0   | out |   10|  ap_memory |      v6      |     array    |
|v6_ce0        | out |    1|  ap_memory |      v6      |     array    |
|v6_q0         |  in |   32|  ap_memory |      v6      |     array    |
|v7_address0   | out |   20|  ap_memory |      v7      |     array    |
|v7_ce0        | out |    1|  ap_memory |      v7      |     array    |
|v7_q0         |  in |   32|  ap_memory |      v7      |     array    |
|v8_address0   | out |   10|  ap_memory |      v8      |     array    |
|v8_ce0        | out |    1|  ap_memory |      v8      |     array    |
|v8_q0         |  in |   32|  ap_memory |      v8      |     array    |
|v9_address0   | out |   22|  ap_memory |      v9      |     array    |
|v9_ce0        | out |    1|  ap_memory |      v9      |     array    |
|v9_q0         |  in |   32|  ap_memory |      v9      |     array    |
|v10_address0  | out |   12|  ap_memory |      v10     |     array    |
|v10_ce0       | out |    1|  ap_memory |      v10     |     array    |
|v10_q0        |  in |   32|  ap_memory |      v10     |     array    |
|v11_address0  | out |   22|  ap_memory |      v11     |     array    |
|v11_ce0       | out |    1|  ap_memory |      v11     |     array    |
|v11_q0        |  in |   32|  ap_memory |      v11     |     array    |
|v12_address0  | out |   10|  ap_memory |      v12     |     array    |
|v12_ce0       | out |    1|  ap_memory |      v12     |     array    |
|v12_q0        |  in |   32|  ap_memory |      v12     |     array    |
|v13_address0  | out |   10|  ap_memory |      v13     |     array    |
|v13_ce0       | out |    1|  ap_memory |      v13     |     array    |
|v13_q0        |  in |   32|  ap_memory |      v13     |     array    |
|v14_address0  | out |   10|  ap_memory |      v14     |     array    |
|v14_ce0       | out |    1|  ap_memory |      v14     |     array    |
|v14_q0        |  in |   32|  ap_memory |      v14     |     array    |
|v15_address0  | out |   10|  ap_memory |      v15     |     array    |
|v15_ce0       | out |    1|  ap_memory |      v15     |     array    |
|v15_q0        |  in |   32|  ap_memory |      v15     |     array    |
|v16_address0  | out |   10|  ap_memory |      v16     |     array    |
|v16_ce0       | out |    1|  ap_memory |      v16     |     array    |
|v16_q0        |  in |   32|  ap_memory |      v16     |     array    |
|v17_address0  | out |   14|  ap_memory |      v17     |     array    |
|v17_ce0       | out |    1|  ap_memory |      v17     |     array    |
|v17_we0       | out |    1|  ap_memory |      v17     |     array    |
|v17_d0        | out |   32|  ap_memory |      v17     |     array    |
|v17_q0        |  in |   32|  ap_memory |      v17     |     array    |
+--------------+-----+-----+------------+--------------+--------------+

