

================================================================
== Vitis HLS Report for 'Layer_norm'
================================================================
* Date:           Sun Sep  3 07:19:59 2023

* Version:        2022.1.2 (Build 3605665 on Fri Aug  5 22:52:02 MDT 2022)
* Project:        out.prj
* Solution:       solution1 (Vivado IP Flow Target)
* Product family: zynq
* Target device:  xc7z020-clg484-1


================================================================
== Performance Estimates
================================================================
+ Timing: 
    * Summary: 
    +--------+----------+----------+------------+
    |  Clock |  Target  | Estimated| Uncertainty|
    +--------+----------+----------+------------+
    |ap_clk  |  10.00 ns|  7.297 ns|     2.70 ns|
    +--------+----------+----------+------------+

+ Latency: 
    * Summary: 
    +---------+---------+----------+----------+-------+-------+---------+
    |  Latency (cycles) |  Latency (absolute) |    Interval   | Pipeline|
    |   min   |   max   |    min   |    max   |  min  |  max  |   Type  |
    +---------+---------+----------+----------+-------+-------+---------+
    |    56314|    56314|  0.563 ms|  0.563 ms|  56314|  56314|       no|
    +---------+---------+----------+----------+-------+-------+---------+

    + Detail: 
        * Instance: 
        N/A

        * Loop: 
        +--------------+---------+---------+----------+-----------+-----------+------+----------+
        |              |  Latency (cycles) | Iteration|  Initiation Interval  | Trip |          |
        |   Loop Name  |   min   |   max   |  Latency |  achieved |   target  | Count| Pipelined|
        +--------------+---------+---------+----------+-----------+-----------+------+----------+
        |- l_sum_i12   |    46224|    46224|      3852|          -|          -|    12|        no|
        |- l_norm_i14  |    10032|    10032|       836|          -|          -|    12|        no|
        +--------------+---------+---------+----------+-----------+-----------+------+----------+

============================================================
+ Verbose Summary: Synthesis Manager
============================================================
InlineROM: 1
ExposeGlobal: 0
============================================================
+ Verbose Summary: CDFG Model
============================================================
IsTopModel: 0
ResetActiveHigh: 1
IsCombinational: 0
IsDatapathOnly: 0
HasWiredReturn: 1
HasMFsm: 0
HasVarLatency: 1
IsPipeline: 0
IsRtlPipelined: 0
IsInstanceOverlapped: 0
IsDontTouch: 0
HasImplIP: 0
IsGatedGlobalClock: 0


============================================================
+ Verbose Summary: Schedule
============================================================
* Number of FSM states : 37
* Pipeline : 0
* Dataflow Pipeline: 0

* FSM state transitions: 
1 --> 2 
2 --> 3 
3 --> 4 7 
4 --> 5 
5 --> 6 
6 --> 3 
7 --> 8 
8 --> 9 
9 --> 10 
10 --> 11 
11 --> 12 
12 --> 13 
13 --> 14 
14 --> 15 
15 --> 16 
16 --> 17 
17 --> 18 
18 --> 19 
19 --> 20 
20 --> 21 
21 --> 22 
22 --> 23 
23 --> 24 
24 --> 25 
25 --> 26 
26 --> 27 
27 --> 28 
28 --> 29 
29 --> 30 
30 --> 31 
31 --> 32 
32 --> 33 
33 --> 34 
34 --> 35 
35 --> 36 
36 --> 37 
37 --> 8 

* FSM state operations: 

State 1 <SV = 0> <Delay = 1.58>
ST_1 : Operation 38 [1/1] (0.00ns)   --->   "%i12 = alloca i32 1"   --->   Operation 38 'alloca' 'i12' <Predicate = true> <Delay = 0.00>
ST_1 : Operation 39 [1/1] (0.00ns)   --->   "%mean = alloca i64 1" [kernel.cpp:249]   --->   Operation 39 'alloca' 'mean' <Predicate = true> <Delay = 0.00> <CoreInst = "RAM">   --->   Core 82 'RAM' <Latency = 1> <II = 1> <Delay = 2.32> <Storage> <Opcode : 'load' 'store'> <Ports = 2> <Width = 32> <Depth = 12> <RAM>
ST_1 : Operation 40 [1/1] (0.00ns)   --->   "%mean2 = alloca i64 1" [kernel.cpp:253]   --->   Operation 40 'alloca' 'mean2' <Predicate = true> <Delay = 0.00> <CoreInst = "RAM">   --->   Core 82 'RAM' <Latency = 1> <II = 1> <Delay = 2.32> <Storage> <Opcode : 'load' 'store'> <Ports = 2> <Width = 32> <Depth = 12> <RAM>
ST_1 : Operation 41 [1/1] (0.00ns)   --->   "%var = alloca i64 1" [kernel.cpp:257]   --->   Operation 41 'alloca' 'var' <Predicate = true> <Delay = 0.00> <CoreInst = "RAM">   --->   Core 82 'RAM' <Latency = 1> <II = 1> <Delay = 2.32> <Storage> <Opcode : 'load' 'store'> <Ports = 2> <Width = 32> <Depth = 12> <RAM>
ST_1 : Operation 42 [2/2] (0.00ns)   --->   "%call_ln0 = call void @Layer_norm_Pipeline_VITIS_LOOP_250_1, i32 %mean"   --->   Operation 42 'call' 'call_ln0' <Predicate = true> <Delay = 0.00> <CoreType = "Generic">   --->   Core 0 '' <Latency = 0> <II = 1> <Delay = 1.00> <Generic> <Opcode : >
ST_1 : Operation 43 [2/2] (0.00ns)   --->   "%call_ln0 = call void @Layer_norm_Pipeline_VITIS_LOOP_254_2, i32 %mean2"   --->   Operation 43 'call' 'call_ln0' <Predicate = true> <Delay = 0.00> <CoreType = "Generic">   --->   Core 0 '' <Latency = 0> <II = 1> <Delay = 1.00> <Generic> <Opcode : >
ST_1 : Operation 44 [1/1] (1.58ns)   --->   "%store_ln258 = store i4 0, i4 %i12" [kernel.cpp:258]   --->   Operation 44 'store' 'store_ln258' <Predicate = true> <Delay = 1.58>

State 2 <SV = 1> <Delay = 0.00>
ST_2 : Operation 45 [1/1] (0.00ns)   --->   "%specinterface_ln0 = specinterface void @_ssdm_op_SpecInterface, i32 %v256, void @empty_14, i32 0, i32 0, void @empty_15, i32 4294967295, i32 0, void @empty_15, void @empty_15, void @empty_15, i32 0, i32 0, i32 0, i32 0, void @empty_15, void @empty_15, i32 4294967295, i32 0"   --->   Operation 45 'specinterface' 'specinterface_ln0' <Predicate = true> <Delay = 0.00>
ST_2 : Operation 46 [1/1] (0.00ns)   --->   "%specinterface_ln0 = specinterface void @_ssdm_op_SpecInterface, i32 %v255, void @empty_14, i32 0, i32 0, void @empty_15, i32 4294967295, i32 0, void @empty_15, void @empty_15, void @empty_15, i32 0, i32 0, i32 0, i32 0, void @empty_15, void @empty_15, i32 4294967295, i32 0"   --->   Operation 46 'specinterface' 'specinterface_ln0' <Predicate = true> <Delay = 0.00>
ST_2 : Operation 47 [1/2] (0.00ns)   --->   "%call_ln0 = call void @Layer_norm_Pipeline_VITIS_LOOP_250_1, i32 %mean"   --->   Operation 47 'call' 'call_ln0' <Predicate = true> <Delay = 0.00> <CoreType = "Generic">   --->   Core 0 '' <Latency = 0> <II = 1> <Delay = 1.00> <Generic> <Opcode : >
ST_2 : Operation 48 [1/2] (0.00ns)   --->   "%call_ln0 = call void @Layer_norm_Pipeline_VITIS_LOOP_254_2, i32 %mean2"   --->   Operation 48 'call' 'call_ln0' <Predicate = true> <Delay = 0.00> <CoreType = "Generic">   --->   Core 0 '' <Latency = 0> <II = 1> <Delay = 1.00> <Generic> <Opcode : >
ST_2 : Operation 49 [1/1] (0.00ns)   --->   "%br_ln258 = br void %l_j12" [kernel.cpp:258]   --->   Operation 49 'br' 'br_ln258' <Predicate = true> <Delay = 0.00>

State 3 <SV = 2> <Delay = 3.32>
ST_3 : Operation 50 [1/1] (0.00ns)   --->   "%i12_2 = load i4 %i12" [kernel.cpp:258]   --->   Operation 50 'load' 'i12_2' <Predicate = true> <Delay = 0.00>
ST_3 : Operation 51 [1/1] (1.30ns)   --->   "%icmp_ln258 = icmp_eq  i4 %i12_2, i4 12" [kernel.cpp:258]   --->   Operation 51 'icmp' 'icmp_ln258' <Predicate = true> <Delay = 1.30> <CoreInst = "Cmp">   --->   Core 9 'Cmp' <Latency = 0> <II = 1> <Delay = 1.30> <FuncUnit> <Opcode : 'icmp'> <InPorts = 2> <OutPorts = 1>
ST_3 : Operation 52 [1/1] (0.00ns)   --->   "%empty = speclooptripcount i32 @_ssdm_op_SpecLoopTripCount, i64 12, i64 12, i64 12"   --->   Operation 52 'speclooptripcount' 'empty' <Predicate = true> <Delay = 0.00>
ST_3 : Operation 53 [1/1] (1.73ns)   --->   "%add_ln258 = add i4 %i12_2, i4 1" [kernel.cpp:258]   --->   Operation 53 'add' 'add_ln258' <Predicate = true> <Delay = 1.73> <CoreInst = "Adder">   --->   Core 1 'Adder' <Latency = 0> <II = 1> <Delay = 1.73> <FuncUnit> <Opcode : 'add' 'sub'> <InPorts = 2> <OutPorts = 1>
ST_3 : Operation 54 [1/1] (0.00ns)   --->   "%br_ln258 = br i1 %icmp_ln258, void %l_j12.split, void %for.inc64.preheader" [kernel.cpp:258]   --->   Operation 54 'br' 'br_ln258' <Predicate = true> <Delay = 0.00>
ST_3 : Operation 55 [1/1] (0.00ns)   --->   "%zext_ln258 = zext i4 %i12_2" [kernel.cpp:258]   --->   Operation 55 'zext' 'zext_ln258' <Predicate = (!icmp_ln258)> <Delay = 0.00>
ST_3 : Operation 56 [1/1] (0.00ns)   --->   "%mean_addr = getelementptr i32 %mean, i64 0, i64 %zext_ln258" [kernel.cpp:258]   --->   Operation 56 'getelementptr' 'mean_addr' <Predicate = (!icmp_ln258)> <Delay = 0.00>
ST_3 : Operation 57 [1/1] (0.00ns)   --->   "%mean2_addr = getelementptr i32 %mean2, i64 0, i64 %zext_ln258" [kernel.cpp:258]   --->   Operation 57 'getelementptr' 'mean2_addr' <Predicate = (!icmp_ln258)> <Delay = 0.00>
ST_3 : Operation 58 [2/2] (2.32ns)   --->   "%mean_load = load i4 %mean_addr" [kernel.cpp:261]   --->   Operation 58 'load' 'mean_load' <Predicate = (!icmp_ln258)> <Delay = 2.32> <CoreInst = "RAM">   --->   Core 82 'RAM' <Latency = 1> <II = 1> <Delay = 2.32> <Storage> <Opcode : 'load' 'store'> <Ports = 2> <Width = 32> <Depth = 12> <RAM>
ST_3 : Operation 59 [2/2] (2.32ns)   --->   "%mean2_load = load i4 %mean2_addr" [kernel.cpp:266]   --->   Operation 59 'load' 'mean2_load' <Predicate = (!icmp_ln258)> <Delay = 2.32> <CoreInst = "RAM">   --->   Core 82 'RAM' <Latency = 1> <II = 1> <Delay = 2.32> <Storage> <Opcode : 'load' 'store'> <Ports = 2> <Width = 32> <Depth = 12> <RAM>
ST_3 : Operation 60 [1/1] (1.58ns)   --->   "%store_ln258 = store i4 %add_ln258, i4 %i12" [kernel.cpp:258]   --->   Operation 60 'store' 'store_ln258' <Predicate = (!icmp_ln258)> <Delay = 1.58>
ST_3 : Operation 61 [1/1] (0.00ns)   --->   "%i14 = alloca i32 1"   --->   Operation 61 'alloca' 'i14' <Predicate = (icmp_ln258)> <Delay = 0.00>
ST_3 : Operation 62 [2/2] (0.00ns)   --->   "%call_ln0 = call void @Layer_norm_Pipeline_l_mean_var_i13, i32 %mean, i32 %mean2, i32 %var"   --->   Operation 62 'call' 'call_ln0' <Predicate = (icmp_ln258)> <Delay = 0.00> <CoreType = "Generic">   --->   Core 0 '' <Latency = 0> <II = 1> <Delay = 1.00> <Generic> <Opcode : >
ST_3 : Operation 63 [1/1] (1.58ns)   --->   "%store_ln284 = store i4 0, i4 %i14" [kernel.cpp:284]   --->   Operation 63 'store' 'store_ln284' <Predicate = (icmp_ln258)> <Delay = 1.58>

State 4 <SV = 3> <Delay = 2.32>
ST_4 : Operation 64 [1/2] (2.32ns)   --->   "%mean_load = load i4 %mean_addr" [kernel.cpp:261]   --->   Operation 64 'load' 'mean_load' <Predicate = true> <Delay = 2.32> <CoreInst = "RAM">   --->   Core 82 'RAM' <Latency = 1> <II = 1> <Delay = 2.32> <Storage> <Opcode : 'load' 'store'> <Ports = 2> <Width = 32> <Depth = 12> <RAM>
ST_4 : Operation 65 [1/2] (2.32ns)   --->   "%mean2_load = load i4 %mean2_addr" [kernel.cpp:266]   --->   Operation 65 'load' 'mean2_load' <Predicate = true> <Delay = 2.32> <CoreInst = "RAM">   --->   Core 82 'RAM' <Latency = 1> <II = 1> <Delay = 2.32> <Storage> <Opcode : 'load' 'store'> <Ports = 2> <Width = 32> <Depth = 12> <RAM>

State 5 <SV = 4> <Delay = 6.87>
ST_5 : Operation 66 [1/1] (0.00ns)   --->   "%tmp_s = bitconcatenate i14 @_ssdm_op_BitConcatenate.i14.i4.i10, i4 %i12_2, i10 0" [kernel.cpp:260]   --->   Operation 66 'bitconcatenate' 'tmp_s' <Predicate = true> <Delay = 0.00>
ST_5 : Operation 67 [1/1] (0.00ns)   --->   "%tmp_39 = bitconcatenate i12 @_ssdm_op_BitConcatenate.i12.i4.i8, i4 %i12_2, i8 0" [kernel.cpp:260]   --->   Operation 67 'bitconcatenate' 'tmp_39' <Predicate = true> <Delay = 0.00>
ST_5 : Operation 68 [1/1] (0.00ns)   --->   "%zext_ln260 = zext i12 %tmp_39" [kernel.cpp:260]   --->   Operation 68 'zext' 'zext_ln260' <Predicate = true> <Delay = 0.00>
ST_5 : Operation 69 [1/1] (1.81ns)   --->   "%sub_ln260 = sub i14 %tmp_s, i14 %zext_ln260" [kernel.cpp:260]   --->   Operation 69 'sub' 'sub_ln260' <Predicate = true> <Delay = 1.81> <CoreInst = "Adder">   --->   Core 1 'Adder' <Latency = 0> <II = 1> <Delay = 1.81> <FuncUnit> <Opcode : 'add' 'sub'> <InPorts = 2> <OutPorts = 1>
ST_5 : Operation 70 [2/2] (5.06ns)   --->   "%call_ln266 = call void @Layer_norm_Pipeline_l_j12, i32 %mean2_load, i32 %mean_load, i32 %mean2, i4 %i12_2, i32 %mean, i14 %sub_ln260, i32 %v135" [kernel.cpp:266]   --->   Operation 70 'call' 'call_ln266' <Predicate = true> <Delay = 5.06> <CoreType = "Generic">   --->   Core 0 '' <Latency = 0> <II = 1> <Delay = 1.00> <Generic> <Opcode : >

State 6 <SV = 5> <Delay = 0.00>
ST_6 : Operation 71 [1/1] (0.00ns)   --->   "%specloopname_ln258 = specloopname void @_ssdm_op_SpecLoopName, void @empty_7" [kernel.cpp:258]   --->   Operation 71 'specloopname' 'specloopname_ln258' <Predicate = true> <Delay = 0.00>
ST_6 : Operation 72 [1/2] (0.00ns)   --->   "%call_ln266 = call void @Layer_norm_Pipeline_l_j12, i32 %mean2_load, i32 %mean_load, i32 %mean2, i4 %i12_2, i32 %mean, i14 %sub_ln260, i32 %v135" [kernel.cpp:266]   --->   Operation 72 'call' 'call_ln266' <Predicate = true> <Delay = 0.00> <CoreType = "Generic">   --->   Core 0 '' <Latency = 0> <II = 1> <Delay = 1.00> <Generic> <Opcode : >
ST_6 : Operation 73 [1/1] (0.00ns)   --->   "%br_ln258 = br void %l_j12" [kernel.cpp:258]   --->   Operation 73 'br' 'br_ln258' <Predicate = true> <Delay = 0.00>

State 7 <SV = 3> <Delay = 0.00>
ST_7 : Operation 74 [1/2] (0.00ns)   --->   "%call_ln0 = call void @Layer_norm_Pipeline_l_mean_var_i13, i32 %mean, i32 %mean2, i32 %var"   --->   Operation 74 'call' 'call_ln0' <Predicate = true> <Delay = 0.00> <CoreType = "Generic">   --->   Core 0 '' <Latency = 0> <II = 1> <Delay = 1.00> <Generic> <Opcode : >
ST_7 : Operation 75 [1/1] (0.00ns)   --->   "%br_ln284 = br void %l_j13" [kernel.cpp:284]   --->   Operation 75 'br' 'br_ln284' <Predicate = true> <Delay = 0.00>

State 8 <SV = 4> <Delay = 3.32>
ST_8 : Operation 76 [1/1] (0.00ns)   --->   "%i14_2 = load i4 %i14" [kernel.cpp:284]   --->   Operation 76 'load' 'i14_2' <Predicate = true> <Delay = 0.00>
ST_8 : Operation 77 [1/1] (1.30ns)   --->   "%icmp_ln284 = icmp_eq  i4 %i14_2, i4 12" [kernel.cpp:284]   --->   Operation 77 'icmp' 'icmp_ln284' <Predicate = true> <Delay = 1.30> <CoreInst = "Cmp">   --->   Core 9 'Cmp' <Latency = 0> <II = 1> <Delay = 1.30> <FuncUnit> <Opcode : 'icmp'> <InPorts = 2> <OutPorts = 1>
ST_8 : Operation 78 [1/1] (0.00ns)   --->   "%empty_412 = speclooptripcount i32 @_ssdm_op_SpecLoopTripCount, i64 12, i64 12, i64 12"   --->   Operation 78 'speclooptripcount' 'empty_412' <Predicate = true> <Delay = 0.00>
ST_8 : Operation 79 [1/1] (1.73ns)   --->   "%add_ln284 = add i4 %i14_2, i4 1" [kernel.cpp:284]   --->   Operation 79 'add' 'add_ln284' <Predicate = true> <Delay = 1.73> <CoreInst = "Adder">   --->   Core 1 'Adder' <Latency = 0> <II = 1> <Delay = 1.73> <FuncUnit> <Opcode : 'add' 'sub'> <InPorts = 2> <OutPorts = 1>
ST_8 : Operation 80 [1/1] (0.00ns)   --->   "%br_ln284 = br i1 %icmp_ln284, void %l_j13.split, void %for.end103" [kernel.cpp:284]   --->   Operation 80 'br' 'br_ln284' <Predicate = true> <Delay = 0.00>
ST_8 : Operation 81 [1/1] (0.00ns)   --->   "%zext_ln284 = zext i4 %i14_2" [kernel.cpp:284]   --->   Operation 81 'zext' 'zext_ln284' <Predicate = (!icmp_ln284)> <Delay = 0.00>
ST_8 : Operation 82 [1/1] (0.00ns)   --->   "%mean_addr_2 = getelementptr i32 %mean, i64 0, i64 %zext_ln284" [kernel.cpp:284]   --->   Operation 82 'getelementptr' 'mean_addr_2' <Predicate = (!icmp_ln284)> <Delay = 0.00>
ST_8 : Operation 83 [1/1] (0.00ns)   --->   "%var_addr = getelementptr i32 %var, i64 0, i64 %zext_ln284" [kernel.cpp:284]   --->   Operation 83 'getelementptr' 'var_addr' <Predicate = (!icmp_ln284)> <Delay = 0.00>
ST_8 : Operation 84 [2/2] (2.32ns)   --->   "%mean_load_2 = load i4 %mean_addr_2" [kernel.cpp:284]   --->   Operation 84 'load' 'mean_load_2' <Predicate = (!icmp_ln284)> <Delay = 2.32> <CoreInst = "RAM">   --->   Core 82 'RAM' <Latency = 1> <II = 1> <Delay = 2.32> <Storage> <Opcode : 'load' 'store'> <Ports = 2> <Width = 32> <Depth = 12> <RAM>
ST_8 : Operation 85 [2/2] (2.32ns)   --->   "%var_load = load i4 %var_addr" [kernel.cpp:284]   --->   Operation 85 'load' 'var_load' <Predicate = (!icmp_ln284)> <Delay = 2.32> <CoreInst = "RAM">   --->   Core 82 'RAM' <Latency = 1> <II = 1> <Delay = 2.32> <Storage> <Opcode : 'load' 'store'> <Ports = 2> <Width = 32> <Depth = 12> <RAM>
ST_8 : Operation 86 [1/1] (1.58ns)   --->   "%store_ln284 = store i4 %add_ln284, i4 %i14" [kernel.cpp:284]   --->   Operation 86 'store' 'store_ln284' <Predicate = (!icmp_ln284)> <Delay = 1.58>
ST_8 : Operation 87 [1/1] (0.00ns)   --->   "%ret_ln301 = ret" [kernel.cpp:301]   --->   Operation 87 'ret' 'ret_ln301' <Predicate = (icmp_ln284)> <Delay = 0.00>

State 9 <SV = 5> <Delay = 6.75>
ST_9 : Operation 88 [1/2] (2.32ns)   --->   "%mean_load_2 = load i4 %mean_addr_2" [kernel.cpp:284]   --->   Operation 88 'load' 'mean_load_2' <Predicate = true> <Delay = 2.32> <CoreInst = "RAM">   --->   Core 82 'RAM' <Latency = 1> <II = 1> <Delay = 2.32> <Storage> <Opcode : 'load' 'store'> <Ports = 2> <Width = 32> <Depth = 12> <RAM>
ST_9 : Operation 89 [1/2] (2.32ns)   --->   "%var_load = load i4 %var_addr" [kernel.cpp:284]   --->   Operation 89 'load' 'var_load' <Predicate = true> <Delay = 2.32> <CoreInst = "RAM">   --->   Core 82 'RAM' <Latency = 1> <II = 1> <Delay = 2.32> <Storage> <Opcode : 'load' 'store'> <Ports = 2> <Width = 32> <Depth = 12> <RAM>
ST_9 : Operation 90 [2/2] (4.43ns)   --->   "%conv = fpext i32 %var_load" [kernel.cpp:284]   --->   Operation 90 'fpext' 'conv' <Predicate = true> <Delay = 4.43> <CoreInst = "Float2Double">   --->   Core 64 'Float2Double' <Latency = 1> <II = 1> <Delay = 4.43> <FuncUnit> <Opcode : 'fpext'> <InPorts = 1> <OutPorts = 1>

State 10 <SV = 6> <Delay = 4.43>
ST_10 : Operation 91 [1/2] (4.43ns)   --->   "%conv = fpext i32 %var_load" [kernel.cpp:284]   --->   Operation 91 'fpext' 'conv' <Predicate = true> <Delay = 4.43> <CoreInst = "Float2Double">   --->   Core 64 'Float2Double' <Latency = 1> <II = 1> <Delay = 4.43> <FuncUnit> <Opcode : 'fpext'> <InPorts = 1> <OutPorts = 1>

State 11 <SV = 7> <Delay = 7.29>
ST_11 : Operation 92 [7/7] (7.29ns)   --->   "%add = dadd i64 %conv, i64 1e-05" [kernel.cpp:284]   --->   Operation 92 'dadd' 'add' <Predicate = true> <Delay = 7.29> <CoreInst = "DAddSub_fulldsp">   --->   Core 37 'DAddSub_fulldsp' <Latency = 6> <II = 1> <Delay = 7.29> <FuncUnit> <Opcode : 'dadd' 'dsub'> <InPorts = 2> <OutPorts = 1>

State 12 <SV = 8> <Delay = 7.29>
ST_12 : Operation 93 [6/7] (7.29ns)   --->   "%add = dadd i64 %conv, i64 1e-05" [kernel.cpp:284]   --->   Operation 93 'dadd' 'add' <Predicate = true> <Delay = 7.29> <CoreInst = "DAddSub_fulldsp">   --->   Core 37 'DAddSub_fulldsp' <Latency = 6> <II = 1> <Delay = 7.29> <FuncUnit> <Opcode : 'dadd' 'dsub'> <InPorts = 2> <OutPorts = 1>

State 13 <SV = 9> <Delay = 7.29>
ST_13 : Operation 94 [5/7] (7.29ns)   --->   "%add = dadd i64 %conv, i64 1e-05" [kernel.cpp:284]   --->   Operation 94 'dadd' 'add' <Predicate = true> <Delay = 7.29> <CoreInst = "DAddSub_fulldsp">   --->   Core 37 'DAddSub_fulldsp' <Latency = 6> <II = 1> <Delay = 7.29> <FuncUnit> <Opcode : 'dadd' 'dsub'> <InPorts = 2> <OutPorts = 1>

State 14 <SV = 10> <Delay = 7.29>
ST_14 : Operation 95 [4/7] (7.29ns)   --->   "%add = dadd i64 %conv, i64 1e-05" [kernel.cpp:284]   --->   Operation 95 'dadd' 'add' <Predicate = true> <Delay = 7.29> <CoreInst = "DAddSub_fulldsp">   --->   Core 37 'DAddSub_fulldsp' <Latency = 6> <II = 1> <Delay = 7.29> <FuncUnit> <Opcode : 'dadd' 'dsub'> <InPorts = 2> <OutPorts = 1>

State 15 <SV = 11> <Delay = 7.29>
ST_15 : Operation 96 [3/7] (7.29ns)   --->   "%add = dadd i64 %conv, i64 1e-05" [kernel.cpp:284]   --->   Operation 96 'dadd' 'add' <Predicate = true> <Delay = 7.29> <CoreInst = "DAddSub_fulldsp">   --->   Core 37 'DAddSub_fulldsp' <Latency = 6> <II = 1> <Delay = 7.29> <FuncUnit> <Opcode : 'dadd' 'dsub'> <InPorts = 2> <OutPorts = 1>

State 16 <SV = 12> <Delay = 7.29>
ST_16 : Operation 97 [2/7] (7.29ns)   --->   "%add = dadd i64 %conv, i64 1e-05" [kernel.cpp:284]   --->   Operation 97 'dadd' 'add' <Predicate = true> <Delay = 7.29> <CoreInst = "DAddSub_fulldsp">   --->   Core 37 'DAddSub_fulldsp' <Latency = 6> <II = 1> <Delay = 7.29> <FuncUnit> <Opcode : 'dadd' 'dsub'> <InPorts = 2> <OutPorts = 1>

State 17 <SV = 13> <Delay = 7.29>
ST_17 : Operation 98 [1/7] (7.29ns)   --->   "%add = dadd i64 %conv, i64 1e-05" [kernel.cpp:284]   --->   Operation 98 'dadd' 'add' <Predicate = true> <Delay = 7.29> <CoreInst = "DAddSub_fulldsp">   --->   Core 37 'DAddSub_fulldsp' <Latency = 6> <II = 1> <Delay = 7.29> <FuncUnit> <Opcode : 'dadd' 'dsub'> <InPorts = 2> <OutPorts = 1>

State 18 <SV = 14> <Delay = 5.20>
ST_18 : Operation 99 [2/2] (5.20ns)   --->   "%v = fptrunc i64 %add" [kernel.cpp:284]   --->   Operation 99 'fptrunc' 'v' <Predicate = true> <Delay = 5.20> <CoreInst = "Double2Float">   --->   Core 67 'Double2Float' <Latency = 1> <II = 1> <Delay = 5.20> <FuncUnit> <Opcode : 'fptrunc'> <InPorts = 1> <OutPorts = 1>

State 19 <SV = 15> <Delay = 5.20>
ST_19 : Operation 100 [1/2] (5.20ns)   --->   "%v = fptrunc i64 %add" [kernel.cpp:284]   --->   Operation 100 'fptrunc' 'v' <Predicate = true> <Delay = 5.20> <CoreInst = "Double2Float">   --->   Core 67 'Double2Float' <Latency = 1> <II = 1> <Delay = 5.20> <FuncUnit> <Opcode : 'fptrunc'> <InPorts = 1> <OutPorts = 1>

State 20 <SV = 16> <Delay = 6.23>
ST_20 : Operation 101 [16/16] (6.23ns)   --->   "%v2 = fsqrt i32 @llvm.sqrt.f32, i32 %v" [/opt/xilinx/2022.1/Vitis_HLS/2022.1/tps/lnx64/gcc-8.3.0/lib/gcc/x86_64-pc-linux-gnu/8.3.0/../../../../include/c++/8.3.0/cmath:464]   --->   Operation 101 'fsqrt' 'v2' <Predicate = true> <Delay = 6.23> <CoreInst = "FSqrt">   --->   Core 35 'FSqrt' <Latency = 15> <II = 1> <Delay = 6.23> <FuncUnit> <Opcode : 'fsqrt'> <InPorts = 1> <OutPorts = 1>

State 21 <SV = 17> <Delay = 6.23>
ST_21 : Operation 102 [15/16] (6.23ns)   --->   "%v2 = fsqrt i32 @llvm.sqrt.f32, i32 %v" [/opt/xilinx/2022.1/Vitis_HLS/2022.1/tps/lnx64/gcc-8.3.0/lib/gcc/x86_64-pc-linux-gnu/8.3.0/../../../../include/c++/8.3.0/cmath:464]   --->   Operation 102 'fsqrt' 'v2' <Predicate = true> <Delay = 6.23> <CoreInst = "FSqrt">   --->   Core 35 'FSqrt' <Latency = 15> <II = 1> <Delay = 6.23> <FuncUnit> <Opcode : 'fsqrt'> <InPorts = 1> <OutPorts = 1>

State 22 <SV = 18> <Delay = 6.23>
ST_22 : Operation 103 [14/16] (6.23ns)   --->   "%v2 = fsqrt i32 @llvm.sqrt.f32, i32 %v" [/opt/xilinx/2022.1/Vitis_HLS/2022.1/tps/lnx64/gcc-8.3.0/lib/gcc/x86_64-pc-linux-gnu/8.3.0/../../../../include/c++/8.3.0/cmath:464]   --->   Operation 103 'fsqrt' 'v2' <Predicate = true> <Delay = 6.23> <CoreInst = "FSqrt">   --->   Core 35 'FSqrt' <Latency = 15> <II = 1> <Delay = 6.23> <FuncUnit> <Opcode : 'fsqrt'> <InPorts = 1> <OutPorts = 1>

State 23 <SV = 19> <Delay = 6.23>
ST_23 : Operation 104 [13/16] (6.23ns)   --->   "%v2 = fsqrt i32 @llvm.sqrt.f32, i32 %v" [/opt/xilinx/2022.1/Vitis_HLS/2022.1/tps/lnx64/gcc-8.3.0/lib/gcc/x86_64-pc-linux-gnu/8.3.0/../../../../include/c++/8.3.0/cmath:464]   --->   Operation 104 'fsqrt' 'v2' <Predicate = true> <Delay = 6.23> <CoreInst = "FSqrt">   --->   Core 35 'FSqrt' <Latency = 15> <II = 1> <Delay = 6.23> <FuncUnit> <Opcode : 'fsqrt'> <InPorts = 1> <OutPorts = 1>

State 24 <SV = 20> <Delay = 6.23>
ST_24 : Operation 105 [12/16] (6.23ns)   --->   "%v2 = fsqrt i32 @llvm.sqrt.f32, i32 %v" [/opt/xilinx/2022.1/Vitis_HLS/2022.1/tps/lnx64/gcc-8.3.0/lib/gcc/x86_64-pc-linux-gnu/8.3.0/../../../../include/c++/8.3.0/cmath:464]   --->   Operation 105 'fsqrt' 'v2' <Predicate = true> <Delay = 6.23> <CoreInst = "FSqrt">   --->   Core 35 'FSqrt' <Latency = 15> <II = 1> <Delay = 6.23> <FuncUnit> <Opcode : 'fsqrt'> <InPorts = 1> <OutPorts = 1>

State 25 <SV = 21> <Delay = 6.23>
ST_25 : Operation 106 [11/16] (6.23ns)   --->   "%v2 = fsqrt i32 @llvm.sqrt.f32, i32 %v" [/opt/xilinx/2022.1/Vitis_HLS/2022.1/tps/lnx64/gcc-8.3.0/lib/gcc/x86_64-pc-linux-gnu/8.3.0/../../../../include/c++/8.3.0/cmath:464]   --->   Operation 106 'fsqrt' 'v2' <Predicate = true> <Delay = 6.23> <CoreInst = "FSqrt">   --->   Core 35 'FSqrt' <Latency = 15> <II = 1> <Delay = 6.23> <FuncUnit> <Opcode : 'fsqrt'> <InPorts = 1> <OutPorts = 1>

State 26 <SV = 22> <Delay = 6.23>
ST_26 : Operation 107 [10/16] (6.23ns)   --->   "%v2 = fsqrt i32 @llvm.sqrt.f32, i32 %v" [/opt/xilinx/2022.1/Vitis_HLS/2022.1/tps/lnx64/gcc-8.3.0/lib/gcc/x86_64-pc-linux-gnu/8.3.0/../../../../include/c++/8.3.0/cmath:464]   --->   Operation 107 'fsqrt' 'v2' <Predicate = true> <Delay = 6.23> <CoreInst = "FSqrt">   --->   Core 35 'FSqrt' <Latency = 15> <II = 1> <Delay = 6.23> <FuncUnit> <Opcode : 'fsqrt'> <InPorts = 1> <OutPorts = 1>

State 27 <SV = 23> <Delay = 6.23>
ST_27 : Operation 108 [9/16] (6.23ns)   --->   "%v2 = fsqrt i32 @llvm.sqrt.f32, i32 %v" [/opt/xilinx/2022.1/Vitis_HLS/2022.1/tps/lnx64/gcc-8.3.0/lib/gcc/x86_64-pc-linux-gnu/8.3.0/../../../../include/c++/8.3.0/cmath:464]   --->   Operation 108 'fsqrt' 'v2' <Predicate = true> <Delay = 6.23> <CoreInst = "FSqrt">   --->   Core 35 'FSqrt' <Latency = 15> <II = 1> <Delay = 6.23> <FuncUnit> <Opcode : 'fsqrt'> <InPorts = 1> <OutPorts = 1>

State 28 <SV = 24> <Delay = 6.23>
ST_28 : Operation 109 [8/16] (6.23ns)   --->   "%v2 = fsqrt i32 @llvm.sqrt.f32, i32 %v" [/opt/xilinx/2022.1/Vitis_HLS/2022.1/tps/lnx64/gcc-8.3.0/lib/gcc/x86_64-pc-linux-gnu/8.3.0/../../../../include/c++/8.3.0/cmath:464]   --->   Operation 109 'fsqrt' 'v2' <Predicate = true> <Delay = 6.23> <CoreInst = "FSqrt">   --->   Core 35 'FSqrt' <Latency = 15> <II = 1> <Delay = 6.23> <FuncUnit> <Opcode : 'fsqrt'> <InPorts = 1> <OutPorts = 1>

State 29 <SV = 25> <Delay = 6.23>
ST_29 : Operation 110 [7/16] (6.23ns)   --->   "%v2 = fsqrt i32 @llvm.sqrt.f32, i32 %v" [/opt/xilinx/2022.1/Vitis_HLS/2022.1/tps/lnx64/gcc-8.3.0/lib/gcc/x86_64-pc-linux-gnu/8.3.0/../../../../include/c++/8.3.0/cmath:464]   --->   Operation 110 'fsqrt' 'v2' <Predicate = true> <Delay = 6.23> <CoreInst = "FSqrt">   --->   Core 35 'FSqrt' <Latency = 15> <II = 1> <Delay = 6.23> <FuncUnit> <Opcode : 'fsqrt'> <InPorts = 1> <OutPorts = 1>

State 30 <SV = 26> <Delay = 6.23>
ST_30 : Operation 111 [6/16] (6.23ns)   --->   "%v2 = fsqrt i32 @llvm.sqrt.f32, i32 %v" [/opt/xilinx/2022.1/Vitis_HLS/2022.1/tps/lnx64/gcc-8.3.0/lib/gcc/x86_64-pc-linux-gnu/8.3.0/../../../../include/c++/8.3.0/cmath:464]   --->   Operation 111 'fsqrt' 'v2' <Predicate = true> <Delay = 6.23> <CoreInst = "FSqrt">   --->   Core 35 'FSqrt' <Latency = 15> <II = 1> <Delay = 6.23> <FuncUnit> <Opcode : 'fsqrt'> <InPorts = 1> <OutPorts = 1>

State 31 <SV = 27> <Delay = 6.23>
ST_31 : Operation 112 [5/16] (6.23ns)   --->   "%v2 = fsqrt i32 @llvm.sqrt.f32, i32 %v" [/opt/xilinx/2022.1/Vitis_HLS/2022.1/tps/lnx64/gcc-8.3.0/lib/gcc/x86_64-pc-linux-gnu/8.3.0/../../../../include/c++/8.3.0/cmath:464]   --->   Operation 112 'fsqrt' 'v2' <Predicate = true> <Delay = 6.23> <CoreInst = "FSqrt">   --->   Core 35 'FSqrt' <Latency = 15> <II = 1> <Delay = 6.23> <FuncUnit> <Opcode : 'fsqrt'> <InPorts = 1> <OutPorts = 1>

State 32 <SV = 28> <Delay = 6.23>
ST_32 : Operation 113 [4/16] (6.23ns)   --->   "%v2 = fsqrt i32 @llvm.sqrt.f32, i32 %v" [/opt/xilinx/2022.1/Vitis_HLS/2022.1/tps/lnx64/gcc-8.3.0/lib/gcc/x86_64-pc-linux-gnu/8.3.0/../../../../include/c++/8.3.0/cmath:464]   --->   Operation 113 'fsqrt' 'v2' <Predicate = true> <Delay = 6.23> <CoreInst = "FSqrt">   --->   Core 35 'FSqrt' <Latency = 15> <II = 1> <Delay = 6.23> <FuncUnit> <Opcode : 'fsqrt'> <InPorts = 1> <OutPorts = 1>

State 33 <SV = 29> <Delay = 6.23>
ST_33 : Operation 114 [3/16] (6.23ns)   --->   "%v2 = fsqrt i32 @llvm.sqrt.f32, i32 %v" [/opt/xilinx/2022.1/Vitis_HLS/2022.1/tps/lnx64/gcc-8.3.0/lib/gcc/x86_64-pc-linux-gnu/8.3.0/../../../../include/c++/8.3.0/cmath:464]   --->   Operation 114 'fsqrt' 'v2' <Predicate = true> <Delay = 6.23> <CoreInst = "FSqrt">   --->   Core 35 'FSqrt' <Latency = 15> <II = 1> <Delay = 6.23> <FuncUnit> <Opcode : 'fsqrt'> <InPorts = 1> <OutPorts = 1>

State 34 <SV = 30> <Delay = 6.23>
ST_34 : Operation 115 [2/16] (6.23ns)   --->   "%v2 = fsqrt i32 @llvm.sqrt.f32, i32 %v" [/opt/xilinx/2022.1/Vitis_HLS/2022.1/tps/lnx64/gcc-8.3.0/lib/gcc/x86_64-pc-linux-gnu/8.3.0/../../../../include/c++/8.3.0/cmath:464]   --->   Operation 115 'fsqrt' 'v2' <Predicate = true> <Delay = 6.23> <CoreInst = "FSqrt">   --->   Core 35 'FSqrt' <Latency = 15> <II = 1> <Delay = 6.23> <FuncUnit> <Opcode : 'fsqrt'> <InPorts = 1> <OutPorts = 1>

State 35 <SV = 31> <Delay = 6.23>
ST_35 : Operation 116 [1/16] (6.23ns)   --->   "%v2 = fsqrt i32 @llvm.sqrt.f32, i32 %v" [/opt/xilinx/2022.1/Vitis_HLS/2022.1/tps/lnx64/gcc-8.3.0/lib/gcc/x86_64-pc-linux-gnu/8.3.0/../../../../include/c++/8.3.0/cmath:464]   --->   Operation 116 'fsqrt' 'v2' <Predicate = true> <Delay = 6.23> <CoreInst = "FSqrt">   --->   Core 35 'FSqrt' <Latency = 15> <II = 1> <Delay = 6.23> <FuncUnit> <Opcode : 'fsqrt'> <InPorts = 1> <OutPorts = 1>

State 36 <SV = 32> <Delay = 6.87>
ST_36 : Operation 117 [1/1] (0.00ns)   --->   "%tmp_40 = bitconcatenate i14 @_ssdm_op_BitConcatenate.i14.i4.i10, i4 %i14_2, i10 0" [kernel.cpp:287]   --->   Operation 117 'bitconcatenate' 'tmp_40' <Predicate = true> <Delay = 0.00>
ST_36 : Operation 118 [1/1] (0.00ns)   --->   "%tmp_41 = bitconcatenate i12 @_ssdm_op_BitConcatenate.i12.i4.i8, i4 %i14_2, i8 0" [kernel.cpp:287]   --->   Operation 118 'bitconcatenate' 'tmp_41' <Predicate = true> <Delay = 0.00>
ST_36 : Operation 119 [1/1] (0.00ns)   --->   "%zext_ln287 = zext i12 %tmp_41" [kernel.cpp:287]   --->   Operation 119 'zext' 'zext_ln287' <Predicate = true> <Delay = 0.00>
ST_36 : Operation 120 [1/1] (1.81ns)   --->   "%sub_ln287 = sub i14 %tmp_40, i14 %zext_ln287" [kernel.cpp:287]   --->   Operation 120 'sub' 'sub_ln287' <Predicate = true> <Delay = 1.81> <CoreInst = "Adder">   --->   Core 1 'Adder' <Latency = 0> <II = 1> <Delay = 1.81> <FuncUnit> <Opcode : 'add' 'sub'> <InPorts = 2> <OutPorts = 1>
ST_36 : Operation 121 [2/2] (5.06ns)   --->   "%call_ln287 = call void @Layer_norm_Pipeline_l_j13, i14 %sub_ln287, i32 %v135, i24 %v138, i32 %v255, i32 %mean_load_2, i32 %v2, i32 %v256" [kernel.cpp:287]   --->   Operation 121 'call' 'call_ln287' <Predicate = true> <Delay = 5.06> <CoreType = "Generic">   --->   Core 0 '' <Latency = 0> <II = 1> <Delay = 1.00> <Generic> <Opcode : >

State 37 <SV = 33> <Delay = 0.00>
ST_37 : Operation 122 [1/1] (0.00ns)   --->   "%specloopname_ln284 = specloopname void @_ssdm_op_SpecLoopName, void @empty_9" [kernel.cpp:284]   --->   Operation 122 'specloopname' 'specloopname_ln284' <Predicate = true> <Delay = 0.00>
ST_37 : Operation 123 [1/2] (0.00ns)   --->   "%call_ln287 = call void @Layer_norm_Pipeline_l_j13, i14 %sub_ln287, i32 %v135, i24 %v138, i32 %v255, i32 %mean_load_2, i32 %v2, i32 %v256" [kernel.cpp:287]   --->   Operation 123 'call' 'call_ln287' <Predicate = true> <Delay = 0.00> <CoreType = "Generic">   --->   Core 0 '' <Latency = 0> <II = 1> <Delay = 1.00> <Generic> <Opcode : >
ST_37 : Operation 124 [1/1] (0.00ns)   --->   "%br_ln284 = br void %l_j13" [kernel.cpp:284]   --->   Operation 124 'br' 'br_ln284' <Predicate = true> <Delay = 0.00>


============================================================
+ Verbose Summary: Timing violations
============================================================
Target clock period: 10ns, clock uncertainty: 2.7ns.

 <State 1>: 1.59ns
The critical path consists of the following:
	'alloca' operation ('i12') [5]  (0 ns)
	'store' operation ('store_ln258', kernel.cpp:258) of constant 0 on local variable 'i12' [13]  (1.59 ns)

 <State 2>: 0ns
The critical path consists of the following:

 <State 3>: 3.32ns
The critical path consists of the following:
	'load' operation ('i12', kernel.cpp:258) on local variable 'i12' [16]  (0 ns)
	'add' operation ('add_ln258', kernel.cpp:258) [19]  (1.74 ns)
	'store' operation ('store_ln258', kernel.cpp:258) of variable 'add_ln258', kernel.cpp:258 on local variable 'i12' [33]  (1.59 ns)

 <State 4>: 2.32ns
The critical path consists of the following:
	'load' operation ('mean_load', kernel.cpp:261) on array 'mean', kernel.cpp:249 [30]  (2.32 ns)

 <State 5>: 6.88ns
The critical path consists of the following:
	'sub' operation ('sub_ln260', kernel.cpp:260) [26]  (1.81 ns)
	'call' operation ('call_ln266', kernel.cpp:266) to 'Layer_norm_Pipeline_l_j12' [32]  (5.07 ns)

 <State 6>: 0ns
The critical path consists of the following:

 <State 7>: 0ns
The critical path consists of the following:

 <State 8>: 3.32ns
The critical path consists of the following:
	'load' operation ('i14', kernel.cpp:284) on local variable 'i14' [41]  (0 ns)
	'add' operation ('add_ln284', kernel.cpp:284) [44]  (1.74 ns)
	'store' operation ('store_ln284', kernel.cpp:284) of variable 'add_ln284', kernel.cpp:284 on local variable 'i14' [62]  (1.59 ns)

 <State 9>: 6.76ns
The critical path consists of the following:
	'load' operation ('var_load', kernel.cpp:284) on array 'var', kernel.cpp:257 [56]  (2.32 ns)
	'fpext' operation ('conv', kernel.cpp:284) [57]  (4.44 ns)

 <State 10>: 4.44ns
The critical path consists of the following:
	'fpext' operation ('conv', kernel.cpp:284) [57]  (4.44 ns)

 <State 11>: 7.3ns
The critical path consists of the following:
	'dadd' operation ('add', kernel.cpp:284) [58]  (7.3 ns)

 <State 12>: 7.3ns
The critical path consists of the following:
	'dadd' operation ('add', kernel.cpp:284) [58]  (7.3 ns)

 <State 13>: 7.3ns
The critical path consists of the following:
	'dadd' operation ('add', kernel.cpp:284) [58]  (7.3 ns)

 <State 14>: 7.3ns
The critical path consists of the following:
	'dadd' operation ('add', kernel.cpp:284) [58]  (7.3 ns)

 <State 15>: 7.3ns
The critical path consists of the following:
	'dadd' operation ('add', kernel.cpp:284) [58]  (7.3 ns)

 <State 16>: 7.3ns
The critical path consists of the following:
	'dadd' operation ('add', kernel.cpp:284) [58]  (7.3 ns)

 <State 17>: 7.3ns
The critical path consists of the following:
	'dadd' operation ('add', kernel.cpp:284) [58]  (7.3 ns)

 <State 18>: 5.2ns
The critical path consists of the following:
	'fptrunc' operation ('__x', kernel.cpp:284) [59]  (5.2 ns)

 <State 19>: 5.2ns
The critical path consists of the following:
	'fptrunc' operation ('__x', kernel.cpp:284) [59]  (5.2 ns)

 <State 20>: 6.24ns
The critical path consists of the following:
	'fsqrt' operation ('v2', /opt/xilinx/2022.1/Vitis_HLS/2022.1/tps/lnx64/gcc-8.3.0/lib/gcc/x86_64-pc-linux-gnu/8.3.0/../../../../include/c++/8.3.0/cmath:464) [60]  (6.24 ns)

 <State 21>: 6.24ns
The critical path consists of the following:
	'fsqrt' operation ('v2', /opt/xilinx/2022.1/Vitis_HLS/2022.1/tps/lnx64/gcc-8.3.0/lib/gcc/x86_64-pc-linux-gnu/8.3.0/../../../../include/c++/8.3.0/cmath:464) [60]  (6.24 ns)

 <State 22>: 6.24ns
The critical path consists of the following:
	'fsqrt' operation ('v2', /opt/xilinx/2022.1/Vitis_HLS/2022.1/tps/lnx64/gcc-8.3.0/lib/gcc/x86_64-pc-linux-gnu/8.3.0/../../../../include/c++/8.3.0/cmath:464) [60]  (6.24 ns)

 <State 23>: 6.24ns
The critical path consists of the following:
	'fsqrt' operation ('v2', /opt/xilinx/2022.1/Vitis_HLS/2022.1/tps/lnx64/gcc-8.3.0/lib/gcc/x86_64-pc-linux-gnu/8.3.0/../../../../include/c++/8.3.0/cmath:464) [60]  (6.24 ns)

 <State 24>: 6.24ns
The critical path consists of the following:
	'fsqrt' operation ('v2', /opt/xilinx/2022.1/Vitis_HLS/2022.1/tps/lnx64/gcc-8.3.0/lib/gcc/x86_64-pc-linux-gnu/8.3.0/../../../../include/c++/8.3.0/cmath:464) [60]  (6.24 ns)

 <State 25>: 6.24ns
The critical path consists of the following:
	'fsqrt' operation ('v2', /opt/xilinx/2022.1/Vitis_HLS/2022.1/tps/lnx64/gcc-8.3.0/lib/gcc/x86_64-pc-linux-gnu/8.3.0/../../../../include/c++/8.3.0/cmath:464) [60]  (6.24 ns)

 <State 26>: 6.24ns
The critical path consists of the following:
	'fsqrt' operation ('v2', /opt/xilinx/2022.1/Vitis_HLS/2022.1/tps/lnx64/gcc-8.3.0/lib/gcc/x86_64-pc-linux-gnu/8.3.0/../../../../include/c++/8.3.0/cmath:464) [60]  (6.24 ns)

 <State 27>: 6.24ns
The critical path consists of the following:
	'fsqrt' operation ('v2', /opt/xilinx/2022.1/Vitis_HLS/2022.1/tps/lnx64/gcc-8.3.0/lib/gcc/x86_64-pc-linux-gnu/8.3.0/../../../../include/c++/8.3.0/cmath:464) [60]  (6.24 ns)

 <State 28>: 6.24ns
The critical path consists of the following:
	'fsqrt' operation ('v2', /opt/xilinx/2022.1/Vitis_HLS/2022.1/tps/lnx64/gcc-8.3.0/lib/gcc/x86_64-pc-linux-gnu/8.3.0/../../../../include/c++/8.3.0/cmath:464) [60]  (6.24 ns)

 <State 29>: 6.24ns
The critical path consists of the following:
	'fsqrt' operation ('v2', /opt/xilinx/2022.1/Vitis_HLS/2022.1/tps/lnx64/gcc-8.3.0/lib/gcc/x86_64-pc-linux-gnu/8.3.0/../../../../include/c++/8.3.0/cmath:464) [60]  (6.24 ns)

 <State 30>: 6.24ns
The critical path consists of the following:
	'fsqrt' operation ('v2', /opt/xilinx/2022.1/Vitis_HLS/2022.1/tps/lnx64/gcc-8.3.0/lib/gcc/x86_64-pc-linux-gnu/8.3.0/../../../../include/c++/8.3.0/cmath:464) [60]  (6.24 ns)

 <State 31>: 6.24ns
The critical path consists of the following:
	'fsqrt' operation ('v2', /opt/xilinx/2022.1/Vitis_HLS/2022.1/tps/lnx64/gcc-8.3.0/lib/gcc/x86_64-pc-linux-gnu/8.3.0/../../../../include/c++/8.3.0/cmath:464) [60]  (6.24 ns)

 <State 32>: 6.24ns
The critical path consists of the following:
	'fsqrt' operation ('v2', /opt/xilinx/2022.1/Vitis_HLS/2022.1/tps/lnx64/gcc-8.3.0/lib/gcc/x86_64-pc-linux-gnu/8.3.0/../../../../include/c++/8.3.0/cmath:464) [60]  (6.24 ns)

 <State 33>: 6.24ns
The critical path consists of the following:
	'fsqrt' operation ('v2', /opt/xilinx/2022.1/Vitis_HLS/2022.1/tps/lnx64/gcc-8.3.0/lib/gcc/x86_64-pc-linux-gnu/8.3.0/../../../../include/c++/8.3.0/cmath:464) [60]  (6.24 ns)

 <State 34>: 6.24ns
The critical path consists of the following:
	'fsqrt' operation ('v2', /opt/xilinx/2022.1/Vitis_HLS/2022.1/tps/lnx64/gcc-8.3.0/lib/gcc/x86_64-pc-linux-gnu/8.3.0/../../../../include/c++/8.3.0/cmath:464) [60]  (6.24 ns)

 <State 35>: 6.24ns
The critical path consists of the following:
	'fsqrt' operation ('v2', /opt/xilinx/2022.1/Vitis_HLS/2022.1/tps/lnx64/gcc-8.3.0/lib/gcc/x86_64-pc-linux-gnu/8.3.0/../../../../include/c++/8.3.0/cmath:464) [60]  (6.24 ns)

 <State 36>: 6.88ns
The critical path consists of the following:
	'sub' operation ('sub_ln287', kernel.cpp:287) [51]  (1.81 ns)
	'call' operation ('call_ln287', kernel.cpp:287) to 'Layer_norm_Pipeline_l_j13' [61]  (5.07 ns)

 <State 37>: 0ns
The critical path consists of the following:


============================================================
+ Verbose Summary: Binding
============================================================
N/A
* FSMD analyzer results:
  - Output states:
 - Input state : 
  - Chain level:
	State 1
	State 2
	State 3
	State 4
	State 5
	State 6
	State 7
	State 8
	State 9
	State 10
	State 11
	State 12
	State 13
	State 14
	State 15
	State 16
	State 17
	State 18
	State 19
	State 20
	State 21
	State 22
	State 23
	State 24
	State 25
	State 26
	State 27
	State 28
	State 29
	State 30
	State 31
	State 32
	State 33
	State 34
	State 35
	State 36
	State 37


============================================================
+ Verbose Summary: Datapath Resource usage 
============================================================
N/A
