

================================================================
== Vitis HLS Report for 'Linear_layer_ds1_Pipeline_VITIS_LOOP_316_3_VITIS_LOOP_317_4'
================================================================
* Date:           Sun Sep  3 07:20:00 2023

* Version:        2022.1.2 (Build 3605665 on Fri Aug  5 22:52:02 MDT 2022)
* Project:        out.prj
* Solution:       solution1 (Vivado IP Flow Target)
* Product family: zynq
* Target device:  xc7z020-clg484-1


================================================================
== Performance Estimates
================================================================
+ Timing: 
    * Summary: 
    +--------+----------+----------+------------+
    |  Clock |  Target  | Estimated| Uncertainty|
    +--------+----------+----------+------------+
    |ap_clk  |  10.00 ns|  6.917 ns|     2.70 ns|
    +--------+----------+----------+------------+

+ Latency: 
    * Summary: 
    +---------+---------+----------+----------+-------+-------+---------+
    |  Latency (cycles) |  Latency (absolute) |    Interval   | Pipeline|
    |   min   |   max   |    min   |    max   |  min  |  max  |   Type  |
    +---------+---------+----------+----------+-------+-------+---------+
    |    36866|    36866|  0.369 ms|  0.369 ms|  36866|  36866|       no|
    +---------+---------+----------+----------+-------+-------+---------+

    + Detail: 
        * Instance: 
        N/A

        * Loop: 
        +-------------------------------------+---------+---------+----------+-----------+-----------+-------+----------+
        |                                     |  Latency (cycles) | Iteration|  Initiation Interval  |  Trip |          |
        |              Loop Name              |   min   |   max   |  Latency |  achieved |   target  | Count | Pipelined|
        +-------------------------------------+---------+---------+----------+-----------+-----------+-------+----------+
        |- VITIS_LOOP_316_3_VITIS_LOOP_317_4  |    36864|    36864|         2|          1|          1|  36864|       yes|
        +-------------------------------------+---------+---------+----------+-----------+-----------+-------+----------+

============================================================
+ Verbose Summary: Synthesis Manager
============================================================
InlineROM: 1
ExposeGlobal: 0
============================================================
+ Verbose Summary: CDFG Model
============================================================
IsTopModel: 0
ResetActiveHigh: 1
IsCombinational: 0
IsDatapathOnly: 0
HasWiredReturn: 1
HasMFsm: 2
HasVarLatency: 1
IsPipeline: 0
IsRtlPipelined: 0
IsInstanceOverlapped: 0
IsDontTouch: 0
HasImplIP: 0
IsGatedGlobalClock: 0

+ Individual pipeline summary: 
  * Pipeline-0: initiation interval (II) = 1, depth = 2


============================================================
+ Verbose Summary: Schedule
============================================================
* Number of FSM states : 2
* Pipeline : 1
  Pipeline-0 : II = 1, D = 2, States = { 1 2 }
* Dataflow Pipeline: 0

* FSM state transitions: 
1 --> 2 
2 --> 

* FSM state operations: 

State 1 <SV = 0> <Delay = 6.91>
ST_1 : Operation 5 [1/1] (0.00ns)   --->   "%v185 = alloca i32 1"   --->   Operation 5 'alloca' 'v185' <Predicate = true> <Delay = 0.00>
ST_1 : Operation 6 [1/1] (0.00ns)   --->   "%v184 = alloca i32 1"   --->   Operation 6 'alloca' 'v184' <Predicate = true> <Delay = 0.00>
ST_1 : Operation 7 [1/1] (0.00ns)   --->   "%indvar_flatten6 = alloca i32 1"   --->   Operation 7 'alloca' 'indvar_flatten6' <Predicate = true> <Delay = 0.00>
ST_1 : Operation 8 [1/1] (1.58ns)   --->   "%store_ln0 = store i16 0, i16 %indvar_flatten6"   --->   Operation 8 'store' 'store_ln0' <Predicate = true> <Delay = 1.58>
ST_1 : Operation 9 [1/1] (1.58ns)   --->   "%store_ln0 = store i4 0, i4 %v184"   --->   Operation 9 'store' 'store_ln0' <Predicate = true> <Delay = 1.58>
ST_1 : Operation 10 [1/1] (1.58ns)   --->   "%store_ln0 = store i12 0, i12 %v185"   --->   Operation 10 'store' 'store_ln0' <Predicate = true> <Delay = 1.58>
ST_1 : Operation 11 [1/1] (0.00ns)   --->   "%br_ln0 = br void %for.inc30"   --->   Operation 11 'br' 'br_ln0' <Predicate = true> <Delay = 0.00>
ST_1 : Operation 12 [1/1] (0.00ns)   --->   "%indvar_flatten6_load = load i16 %indvar_flatten6" [kernel.cpp:316]   --->   Operation 12 'load' 'indvar_flatten6_load' <Predicate = true> <Delay = 0.00>
ST_1 : Operation 13 [1/1] (0.00ns)   --->   "%specpipeline_ln0 = specpipeline void @_ssdm_op_SpecPipeline, i32 4294967295, i32 0, i32 1, i32 0, void @p_str"   --->   Operation 13 'specpipeline' 'specpipeline_ln0' <Predicate = true> <Delay = 0.00>
ST_1 : Operation 14 [1/1] (2.42ns)   --->   "%icmp_ln316 = icmp_eq  i16 %indvar_flatten6_load, i16 36864" [kernel.cpp:316]   --->   Operation 14 'icmp' 'icmp_ln316' <Predicate = true> <Delay = 2.42> <CoreInst = "Cmp">   --->   Core 9 'Cmp' <Latency = 0> <II = 1> <Delay = 2.42> <FuncUnit> <Opcode : 'icmp'> <InPorts = 2> <OutPorts = 1>
ST_1 : Operation 15 [1/1] (2.07ns)   --->   "%add_ln316_1 = add i16 %indvar_flatten6_load, i16 1" [kernel.cpp:316]   --->   Operation 15 'add' 'add_ln316_1' <Predicate = true> <Delay = 2.07> <CoreInst = "Adder">   --->   Core 1 'Adder' <Latency = 0> <II = 1> <Delay = 2.07> <FuncUnit> <Opcode : 'add' 'sub'> <InPorts = 2> <OutPorts = 1>
ST_1 : Operation 16 [1/1] (0.00ns)   --->   "%br_ln316 = br i1 %icmp_ln316, void %for.inc33, void %l_S_k_0_k4.preheader.exitStub" [kernel.cpp:316]   --->   Operation 16 'br' 'br_ln316' <Predicate = true> <Delay = 0.00>
ST_1 : Operation 17 [1/1] (0.00ns)   --->   "%v185_load = load i12 %v185" [kernel.cpp:317]   --->   Operation 17 'load' 'v185_load' <Predicate = (!icmp_ln316)> <Delay = 0.00>
ST_1 : Operation 18 [1/1] (0.00ns)   --->   "%v184_load = load i4 %v184" [kernel.cpp:316]   --->   Operation 18 'load' 'v184_load' <Predicate = (!icmp_ln316)> <Delay = 0.00>
ST_1 : Operation 19 [1/1] (1.73ns)   --->   "%add_ln316 = add i4 %v184_load, i4 1" [kernel.cpp:316]   --->   Operation 19 'add' 'add_ln316' <Predicate = (!icmp_ln316)> <Delay = 1.73> <CoreInst = "Adder">   --->   Core 1 'Adder' <Latency = 0> <II = 1> <Delay = 1.73> <FuncUnit> <Opcode : 'add' 'sub'> <InPorts = 2> <OutPorts = 1>
ST_1 : Operation 20 [1/1] (1.99ns)   --->   "%icmp_ln317 = icmp_eq  i12 %v185_load, i12 3072" [kernel.cpp:317]   --->   Operation 20 'icmp' 'icmp_ln317' <Predicate = (!icmp_ln316)> <Delay = 1.99> <CoreInst = "Cmp">   --->   Core 9 'Cmp' <Latency = 0> <II = 1> <Delay = 1.99> <FuncUnit> <Opcode : 'icmp'> <InPorts = 2> <OutPorts = 1>
ST_1 : Operation 21 [1/1] (0.69ns)   --->   "%select_ln316 = select i1 %icmp_ln317, i12 0, i12 %v185_load" [kernel.cpp:316]   --->   Operation 21 'select' 'select_ln316' <Predicate = (!icmp_ln316)> <Delay = 0.69> <CoreInst = "Sel">   --->   Core 73 'Sel' <Latency = 0> <II = 1> <Delay = 0.69> <FuncUnit> <Opcode : 'select'> <InPorts = 3> <OutPorts = 1>
ST_1 : Operation 22 [1/1] (1.02ns)   --->   "%select_ln316_1 = select i1 %icmp_ln317, i4 %add_ln316, i4 %v184_load" [kernel.cpp:316]   --->   Operation 22 'select' 'select_ln316_1' <Predicate = (!icmp_ln316)> <Delay = 1.02> <CoreInst = "Sel">   --->   Core 73 'Sel' <Latency = 0> <II = 1> <Delay = 1.02> <FuncUnit> <Opcode : 'select'> <InPorts = 3> <OutPorts = 1>
ST_1 : Operation 23 [1/1] (0.00ns)   --->   "%tmp_s = bitconcatenate i16 @_ssdm_op_BitConcatenate.i16.i4.i12, i4 %select_ln316_1, i12 0" [kernel.cpp:318]   --->   Operation 23 'bitconcatenate' 'tmp_s' <Predicate = (!icmp_ln316)> <Delay = 0.00>
ST_1 : Operation 24 [1/1] (0.00ns)   --->   "%tmp_31 = bitconcatenate i14 @_ssdm_op_BitConcatenate.i14.i4.i10, i4 %select_ln316_1, i10 0" [kernel.cpp:318]   --->   Operation 24 'bitconcatenate' 'tmp_31' <Predicate = (!icmp_ln316)> <Delay = 0.00>
ST_1 : Operation 25 [1/1] (0.00ns)   --->   "%zext_ln318 = zext i14 %tmp_31" [kernel.cpp:318]   --->   Operation 25 'zext' 'zext_ln318' <Predicate = (!icmp_ln316)> <Delay = 0.00>
ST_1 : Operation 26 [1/1] (0.00ns) (grouped into TernaryAdder)   --->   "%sub_ln318 = sub i16 %tmp_s, i16 %zext_ln318" [kernel.cpp:318]   --->   Operation 26 'sub' 'sub_ln318' <Predicate = (!icmp_ln316)> <Delay = 0.00> <CoreInst = "TAddSub">   --->   Core 10 'TAddSub' <Latency = 0> <II = 1> <Delay = 1.95> <IPBlock> <Opcode : 'add' 'sub'> <InPorts = 3> <OutPorts = 1> <Sync> <CReg>
ST_1 : Operation 27 [1/1] (0.00ns)   --->   "%zext_ln318_1 = zext i12 %select_ln316" [kernel.cpp:318]   --->   Operation 27 'zext' 'zext_ln318_1' <Predicate = (!icmp_ln316)> <Delay = 0.00>
ST_1 : Operation 28 [1/1] (3.90ns) (root node of TernaryAdder)   --->   "%add_ln318 = add i16 %sub_ln318, i16 %zext_ln318_1" [kernel.cpp:318]   --->   Operation 28 'add' 'add_ln318' <Predicate = (!icmp_ln316)> <Delay = 3.90> <CoreInst = "TAddSub">   --->   Core 10 'TAddSub' <Latency = 0> <II = 1> <Delay = 1.95> <IPBlock> <Opcode : 'add' 'sub'> <InPorts = 3> <OutPorts = 1> <Sync> <CReg>
ST_1 : Operation 29 [1/1] (1.54ns)   --->   "%add_ln317 = add i12 %select_ln316, i12 1" [kernel.cpp:317]   --->   Operation 29 'add' 'add_ln317' <Predicate = (!icmp_ln316)> <Delay = 1.54> <CoreInst = "Adder">   --->   Core 1 'Adder' <Latency = 0> <II = 1> <Delay = 1.54> <FuncUnit> <Opcode : 'add' 'sub'> <InPorts = 2> <OutPorts = 1>
ST_1 : Operation 30 [1/1] (1.58ns)   --->   "%store_ln317 = store i16 %add_ln316_1, i16 %indvar_flatten6" [kernel.cpp:317]   --->   Operation 30 'store' 'store_ln317' <Predicate = (!icmp_ln316)> <Delay = 1.58>
ST_1 : Operation 31 [1/1] (1.58ns)   --->   "%store_ln317 = store i4 %select_ln316_1, i4 %v184" [kernel.cpp:317]   --->   Operation 31 'store' 'store_ln317' <Predicate = (!icmp_ln316)> <Delay = 1.58>
ST_1 : Operation 32 [1/1] (1.58ns)   --->   "%store_ln317 = store i12 %add_ln317, i12 %v185" [kernel.cpp:317]   --->   Operation 32 'store' 'store_ln317' <Predicate = (!icmp_ln316)> <Delay = 1.58>
ST_1 : Operation 41 [1/1] (0.00ns)   --->   "%ret_ln0 = ret"   --->   Operation 41 'ret' 'ret_ln0' <Predicate = (icmp_ln316)> <Delay = 0.00>

State 2 <SV = 1> <Delay = 3.25>
ST_2 : Operation 33 [1/1] (0.00ns)   --->   "%specloopname_ln0 = specloopname void @_ssdm_op_SpecLoopName, void @VITIS_LOOP_316_3_VITIS_LOOP_317_4_str"   --->   Operation 33 'specloopname' 'specloopname_ln0' <Predicate = true> <Delay = 0.00>
ST_2 : Operation 34 [1/1] (0.00ns)   --->   "%empty = speclooptripcount i32 @_ssdm_op_SpecLoopTripCount, i64 36864, i64 36864, i64 36864"   --->   Operation 34 'speclooptripcount' 'empty' <Predicate = true> <Delay = 0.00>
ST_2 : Operation 35 [1/1] (0.00ns)   --->   "%specpipeline_ln0 = specpipeline void @_ssdm_op_SpecPipeline, i32 4294967295, i32 0, i32 1, i32 0, void @p_str"   --->   Operation 35 'specpipeline' 'specpipeline_ln0' <Predicate = true> <Delay = 0.00>
ST_2 : Operation 36 [1/1] (0.00ns)   --->   "%zext_ln318_2 = zext i16 %add_ln318" [kernel.cpp:318]   --->   Operation 36 'zext' 'zext_ln318_2' <Predicate = true> <Delay = 0.00>
ST_2 : Operation 37 [1/1] (0.00ns)   --->   "%v179_addr = getelementptr i32 %v179, i64 0, i64 %zext_ln318_2" [kernel.cpp:318]   --->   Operation 37 'getelementptr' 'v179_addr' <Predicate = true> <Delay = 0.00>
ST_2 : Operation 38 [1/1] (0.00ns)   --->   "%specloopname_ln317 = specloopname void @_ssdm_op_SpecLoopName, void @empty_33" [kernel.cpp:317]   --->   Operation 38 'specloopname' 'specloopname_ln317' <Predicate = true> <Delay = 0.00>
ST_2 : Operation 39 [1/1] (3.25ns)   --->   "%store_ln318 = store i32 0, i16 %v179_addr" [kernel.cpp:318]   --->   Operation 39 'store' 'store_ln318' <Predicate = true> <Delay = 3.25> <CoreInst = "RAM">   --->   Core 82 'RAM' <Latency = 1> <II = 1> <Delay = 3.25> <Storage> <Opcode : 'load' 'store'> <Ports = 2> <Width = 32> <Depth = 36864> <RAM>
ST_2 : Operation 40 [1/1] (0.00ns)   --->   "%br_ln317 = br void %for.inc30" [kernel.cpp:317]   --->   Operation 40 'br' 'br_ln317' <Predicate = true> <Delay = 0.00>


============================================================
+ Verbose Summary: Timing violations
============================================================
Target clock period: 10ns, clock uncertainty: 2.7ns.

 <State 1>: 6.92ns
The critical path consists of the following:
	'alloca' operation ('v185') [2]  (0 ns)
	'load' operation ('v185_load', kernel.cpp:317) on local variable 'v185' [16]  (0 ns)
	'icmp' operation ('icmp_ln317', kernel.cpp:317) [21]  (1.99 ns)
	'select' operation ('select_ln316_1', kernel.cpp:316) [23]  (1.02 ns)
	'sub' operation ('sub_ln318', kernel.cpp:318) [27]  (0 ns)
	'add' operation ('add_ln318', kernel.cpp:318) [30]  (3.9 ns)

 <State 2>: 3.25ns
The critical path consists of the following:
	'getelementptr' operation ('v179_addr', kernel.cpp:318) [32]  (0 ns)
	'store' operation ('store_ln318', kernel.cpp:318) of constant 0 on array 'v179' [34]  (3.25 ns)


============================================================
+ Verbose Summary: Binding
============================================================
N/A
* FSMD analyzer results:
  - Output states:
 - Input state : 
  - Chain level:
	State 1
	State 2


============================================================
+ Verbose Summary: Datapath Resource usage 
============================================================
N/A
