INFO: [v++ 60-1306] Additional information associated with this v++ link can be found at:
	Reports: /scratch/users/hc676/HeteroCL_Transformer/bert_layer_dcct_pack_io_dataflow_512_sa_opt3.prj/_x.hw.xilinx_u280_gen3x16_xdma_1_202211_1/reports/link
	Log files: /scratch/users/hc676/HeteroCL_Transformer/bert_layer_dcct_pack_io_dataflow_512_sa_opt3.prj/_x.hw.xilinx_u280_gen3x16_xdma_1_202211_1/logs/link
INFO: [v++ 60-1548] Creating build summary session with primary output /scratch/users/hc676/HeteroCL_Transformer/bert_layer_dcct_pack_io_dataflow_512_sa_opt3.prj/build_dir.hw.xilinx_u280_gen3x16_xdma_1_202211_1/Bert_layer.link.xclbin.link_summary, at Fri Sep 15 21:03:43 2023
INFO: [v++ 60-1316] Initiating connection to rulecheck server, at Fri Sep 15 21:03:43 2023
INFO: [v++ 60-1315] Creating rulecheck session with output '/scratch/users/hc676/HeteroCL_Transformer/bert_layer_dcct_pack_io_dataflow_512_sa_opt3.prj/_x.hw.xilinx_u280_gen3x16_xdma_1_202211_1/reports/link/v++_link_Bert_layer.link_guidance.html', at Fri Sep 15 21:03:45 2023
INFO: [v++ 60-895]   Target platform: /opt/xilinx/platforms/xilinx_u280_gen3x16_xdma_1_202211_1/xilinx_u280_gen3x16_xdma_1_202211_1.xpfm
INFO: [v++ 60-1578]   This platform contains Xilinx Shell Archive '/opt/xilinx/platforms/xilinx_u280_gen3x16_xdma_1_202211_1/hw/hw.xsa'
INFO: [v++ 74-78] Compiler Version string: 2022.1
INFO: [v++ 60-629] Linking for hardware target
INFO: [v++ 60-423]   Target device: xilinx_u280_gen3x16_xdma_1_202211_1
INFO: [v++ 60-1332] Run 'run_link' status: Not started
INFO: [v++ 60-1443] [21:11:15] Run run_link: Step system_link: Started
INFO: [v++ 60-1453] Command Line: system_link --xo /scratch/users/hc676/HeteroCL_Transformer/bert_layer_dcct_pack_io_dataflow_512_sa_opt3.prj/_x.hw.xilinx_u280_gen3x16_xdma_1_202211_1/Bert_layer.xo -keep --xpfm /opt/xilinx/platforms/xilinx_u280_gen3x16_xdma_1_202211_1/xilinx_u280_gen3x16_xdma_1_202211_1.xpfm --target hw --output_dir /scratch/users/hc676/HeteroCL_Transformer/bert_layer_dcct_pack_io_dataflow_512_sa_opt3.prj/_x.hw.xilinx_u280_gen3x16_xdma_1_202211_1/link/int --temp_dir /scratch/users/hc676/HeteroCL_Transformer/bert_layer_dcct_pack_io_dataflow_512_sa_opt3.prj/_x.hw.xilinx_u280_gen3x16_xdma_1_202211_1/link/sys_link
INFO: [v++ 60-1454] Run Directory: /scratch/users/hc676/HeteroCL_Transformer/bert_layer_dcct_pack_io_dataflow_512_sa_opt3.prj/_x.hw.xilinx_u280_gen3x16_xdma_1_202211_1/link/run_link
INFO: [SYSTEM_LINK 60-1316] Initiating connection to rulecheck server, at Fri Sep 15 21:11:17 2023
INFO: [SYSTEM_LINK 82-70] Extracting xo v3 file /scratch/users/hc676/HeteroCL_Transformer/bert_layer_dcct_pack_io_dataflow_512_sa_opt3.prj/_x.hw.xilinx_u280_gen3x16_xdma_1_202211_1/Bert_layer.xo
INFO: [SYSTEM_LINK 82-53] Creating IP database /scratch/users/hc676/HeteroCL_Transformer/bert_layer_dcct_pack_io_dataflow_512_sa_opt3.prj/_x.hw.xilinx_u280_gen3x16_xdma_1_202211_1/link/sys_link/_sysl/.cdb/xd_ip_db.xml
INFO: [SYSTEM_LINK 82-38] [21:11:26] build_xd_ip_db started: /opt/xilinx/2022.1/Vitis/2022.1/bin/build_xd_ip_db -ip_search 0  -sds-pf /scratch/users/hc676/HeteroCL_Transformer/bert_layer_dcct_pack_io_dataflow_512_sa_opt3.prj/_x.hw.xilinx_u280_gen3x16_xdma_1_202211_1/link/sys_link/hw.hpfm -clkid 0 -ip /scratch/users/hc676/HeteroCL_Transformer/bert_layer_dcct_pack_io_dataflow_512_sa_opt3.prj/_x.hw.xilinx_u280_gen3x16_xdma_1_202211_1/link/sys_link/iprepo/xilinx_com_hls_Bert_layer_1_0,Bert_layer -o /scratch/users/hc676/HeteroCL_Transformer/bert_layer_dcct_pack_io_dataflow_512_sa_opt3.prj/_x.hw.xilinx_u280_gen3x16_xdma_1_202211_1/link/sys_link/_sysl/.cdb/xd_ip_db.xml
INFO: [SYSTEM_LINK 82-37] [21:11:35] build_xd_ip_db finished successfully
Time (s): cpu = 00:00:09 ; elapsed = 00:00:09 . Memory (MB): peak = 2314.930 ; gain = 0.000 ; free physical = 45098 ; free virtual = 161503
INFO: [SYSTEM_LINK 82-51] Create system connectivity graph
INFO: [SYSTEM_LINK 82-102] Applying explicit connections to the system connectivity graph: /scratch/users/hc676/HeteroCL_Transformer/bert_layer_dcct_pack_io_dataflow_512_sa_opt3.prj/_x.hw.xilinx_u280_gen3x16_xdma_1_202211_1/link/sys_link/cfgraph/cfgen_cfgraph.xml
INFO: [SYSTEM_LINK 82-38] [21:11:35] cfgen started: /opt/xilinx/2022.1/Vitis/2022.1/bin/cfgen -dmclkid 0 -r /scratch/users/hc676/HeteroCL_Transformer/bert_layer_dcct_pack_io_dataflow_512_sa_opt3.prj/_x.hw.xilinx_u280_gen3x16_xdma_1_202211_1/link/sys_link/_sysl/.cdb/xd_ip_db.xml -o /scratch/users/hc676/HeteroCL_Transformer/bert_layer_dcct_pack_io_dataflow_512_sa_opt3.prj/_x.hw.xilinx_u280_gen3x16_xdma_1_202211_1/link/sys_link/cfgraph/cfgen_cfgraph.xml
INFO: [CFGEN 83-0] Kernel Specs: 
INFO: [CFGEN 83-0]   kernel: Bert_layer, num: 1  {Bert_layer_1}
INFO: [CFGEN 83-2226] Inferring mapping for argument Bert_layer_1.inp_addr to HBM[0]
INFO: [CFGEN 83-2226] Inferring mapping for argument Bert_layer_1.outp_addr to HBM[0]
INFO: [SYSTEM_LINK 82-37] [21:11:47] cfgen finished successfully
Time (s): cpu = 00:00:13 ; elapsed = 00:00:13 . Memory (MB): peak = 2314.930 ; gain = 0.000 ; free physical = 45098 ; free virtual = 161503
INFO: [SYSTEM_LINK 82-52] Create top-level block diagram
INFO: [SYSTEM_LINK 82-38] [21:11:47] cf2bd started: /opt/xilinx/2022.1/Vitis/2022.1/bin/cf2bd  --linux --trace_buffer 1024 --input_file /scratch/users/hc676/HeteroCL_Transformer/bert_layer_dcct_pack_io_dataflow_512_sa_opt3.prj/_x.hw.xilinx_u280_gen3x16_xdma_1_202211_1/link/sys_link/cfgraph/cfgen_cfgraph.xml --ip_db /scratch/users/hc676/HeteroCL_Transformer/bert_layer_dcct_pack_io_dataflow_512_sa_opt3.prj/_x.hw.xilinx_u280_gen3x16_xdma_1_202211_1/link/sys_link/_sysl/.cdb/xd_ip_db.xml --cf_name dr --working_dir /scratch/users/hc676/HeteroCL_Transformer/bert_layer_dcct_pack_io_dataflow_512_sa_opt3.prj/_x.hw.xilinx_u280_gen3x16_xdma_1_202211_1/link/sys_link/_sysl/.xsd --temp_dir /scratch/users/hc676/HeteroCL_Transformer/bert_layer_dcct_pack_io_dataflow_512_sa_opt3.prj/_x.hw.xilinx_u280_gen3x16_xdma_1_202211_1/link/sys_link --output_dir /scratch/users/hc676/HeteroCL_Transformer/bert_layer_dcct_pack_io_dataflow_512_sa_opt3.prj/_x.hw.xilinx_u280_gen3x16_xdma_1_202211_1/link/int --target_bd ulp.bd
INFO: [CF2BD 82-31] Launching cf2xd: cf2xd -linux -trace-buffer 1024 -i /scratch/users/hc676/HeteroCL_Transformer/bert_layer_dcct_pack_io_dataflow_512_sa_opt3.prj/_x.hw.xilinx_u280_gen3x16_xdma_1_202211_1/link/sys_link/cfgraph/cfgen_cfgraph.xml -r /scratch/users/hc676/HeteroCL_Transformer/bert_layer_dcct_pack_io_dataflow_512_sa_opt3.prj/_x.hw.xilinx_u280_gen3x16_xdma_1_202211_1/link/sys_link/_sysl/.cdb/xd_ip_db.xml -o dr.xml
INFO: [CF2BD 82-28] cf2xd finished successfully
INFO: [CF2BD 82-31] Launching cf_xsd: cf_xsd -disable-address-gen -bd ulp.bd -dn dr -dp /scratch/users/hc676/HeteroCL_Transformer/bert_layer_dcct_pack_io_dataflow_512_sa_opt3.prj/_x.hw.xilinx_u280_gen3x16_xdma_1_202211_1/link/sys_link/_sysl/.xsd
INFO: [CF2BD 82-28] cf_xsd finished successfully
INFO: [SYSTEM_LINK 82-37] [21:11:53] cf2bd finished successfully
Time (s): cpu = 00:00:05 ; elapsed = 00:00:05 . Memory (MB): peak = 2314.930 ; gain = 0.000 ; free physical = 45046 ; free virtual = 161456
INFO: [v++ 60-1441] [21:11:53] Run run_link: Step system_link: Completed
Time (s): cpu = 00:00:38 ; elapsed = 00:00:38 . Memory (MB): peak = 2380.258 ; gain = 0.000 ; free physical = 45088 ; free virtual = 161498
INFO: [v++ 60-1443] [21:11:53] Run run_link: Step cf2sw: Started
INFO: [v++ 60-1453] Command Line: cf2sw -sdsl /scratch/users/hc676/HeteroCL_Transformer/bert_layer_dcct_pack_io_dataflow_512_sa_opt3.prj/_x.hw.xilinx_u280_gen3x16_xdma_1_202211_1/link/int/sdsl.dat -rtd /scratch/users/hc676/HeteroCL_Transformer/bert_layer_dcct_pack_io_dataflow_512_sa_opt3.prj/_x.hw.xilinx_u280_gen3x16_xdma_1_202211_1/link/int/cf2sw.rtd -nofilter /scratch/users/hc676/HeteroCL_Transformer/bert_layer_dcct_pack_io_dataflow_512_sa_opt3.prj/_x.hw.xilinx_u280_gen3x16_xdma_1_202211_1/link/int/cf2sw_full.rtd -xclbin /scratch/users/hc676/HeteroCL_Transformer/bert_layer_dcct_pack_io_dataflow_512_sa_opt3.prj/_x.hw.xilinx_u280_gen3x16_xdma_1_202211_1/link/int/xclbin_orig.xml -o /scratch/users/hc676/HeteroCL_Transformer/bert_layer_dcct_pack_io_dataflow_512_sa_opt3.prj/_x.hw.xilinx_u280_gen3x16_xdma_1_202211_1/link/int/xclbin_orig.1.xml
INFO: [v++ 60-1454] Run Directory: /scratch/users/hc676/HeteroCL_Transformer/bert_layer_dcct_pack_io_dataflow_512_sa_opt3.prj/_x.hw.xilinx_u280_gen3x16_xdma_1_202211_1/link/run_link
INFO: [v++ 60-1441] [21:12:02] Run run_link: Step cf2sw: Completed
Time (s): cpu = 00:00:09 ; elapsed = 00:00:09 . Memory (MB): peak = 2380.258 ; gain = 0.000 ; free physical = 45112 ; free virtual = 161526
INFO: [v++ 60-1443] [21:12:02] Run run_link: Step rtd2_system_diagram: Started
INFO: [v++ 60-1453] Command Line: rtd2SystemDiagram
INFO: [v++ 60-1454] Run Directory: /scratch/users/hc676/HeteroCL_Transformer/bert_layer_dcct_pack_io_dataflow_512_sa_opt3.prj/_x.hw.xilinx_u280_gen3x16_xdma_1_202211_1/link/run_link
INFO: [v++ 60-1441] [21:12:04] Run run_link: Step rtd2_system_diagram: Completed
Time (s): cpu = 00:00:00 ; elapsed = 00:00:02 . Memory (MB): peak = 2380.258 ; gain = 0.000 ; free physical = 44941 ; free virtual = 161355
INFO: [v++ 60-1443] [21:12:04] Run run_link: Step vpl: Started
INFO: [v++ 60-1453] Command Line: vpl -t hw -f /opt/xilinx/platforms/xilinx_u280_gen3x16_xdma_1_202211_1/xilinx_u280_gen3x16_xdma_1_202211_1.xpfm --kernel_frequency 200 --remote_ip_cache /scratch/users/hc676/HeteroCL_Transformer/bert_layer_dcct_pack_io_dataflow_512_sa_opt3.prj/.ipcache -s --output_dir /scratch/users/hc676/HeteroCL_Transformer/bert_layer_dcct_pack_io_dataflow_512_sa_opt3.prj/_x.hw.xilinx_u280_gen3x16_xdma_1_202211_1/link/int --log_dir /scratch/users/hc676/HeteroCL_Transformer/bert_layer_dcct_pack_io_dataflow_512_sa_opt3.prj/_x.hw.xilinx_u280_gen3x16_xdma_1_202211_1/logs/link --report_dir /scratch/users/hc676/HeteroCL_Transformer/bert_layer_dcct_pack_io_dataflow_512_sa_opt3.prj/_x.hw.xilinx_u280_gen3x16_xdma_1_202211_1/reports/link --config /scratch/users/hc676/HeteroCL_Transformer/bert_layer_dcct_pack_io_dataflow_512_sa_opt3.prj/_x.hw.xilinx_u280_gen3x16_xdma_1_202211_1/link/int/vplConfig.ini -k /scratch/users/hc676/HeteroCL_Transformer/bert_layer_dcct_pack_io_dataflow_512_sa_opt3.prj/_x.hw.xilinx_u280_gen3x16_xdma_1_202211_1/link/int/kernel_info.dat --webtalk_flag Vitis --temp_dir /scratch/users/hc676/HeteroCL_Transformer/bert_layer_dcct_pack_io_dataflow_512_sa_opt3.prj/_x.hw.xilinx_u280_gen3x16_xdma_1_202211_1/link --no-info --iprepo /scratch/users/hc676/HeteroCL_Transformer/bert_layer_dcct_pack_io_dataflow_512_sa_opt3.prj/_x.hw.xilinx_u280_gen3x16_xdma_1_202211_1/link/int/xo/ip_repo/xilinx_com_hls_Bert_layer_1_0 --messageDb /scratch/users/hc676/HeteroCL_Transformer/bert_layer_dcct_pack_io_dataflow_512_sa_opt3.prj/_x.hw.xilinx_u280_gen3x16_xdma_1_202211_1/link/run_link/vpl.pb /scratch/users/hc676/HeteroCL_Transformer/bert_layer_dcct_pack_io_dataflow_512_sa_opt3.prj/_x.hw.xilinx_u280_gen3x16_xdma_1_202211_1/link/int/dr.bd.tcl
INFO: [v++ 60-1454] Run Directory: /scratch/users/hc676/HeteroCL_Transformer/bert_layer_dcct_pack_io_dataflow_512_sa_opt3.prj/_x.hw.xilinx_u280_gen3x16_xdma_1_202211_1/link/run_link

****** vpl v2022.1.2 (64-bit)
  **** SW Build 3602371 on 2022-08-02-23:13:43
    ** Copyright 1986-2022 Xilinx, Inc. All Rights Reserved.

INFO: [VPL 60-839] Read in kernel information from file '/scratch/users/hc676/HeteroCL_Transformer/bert_layer_dcct_pack_io_dataflow_512_sa_opt3.prj/_x.hw.xilinx_u280_gen3x16_xdma_1_202211_1/link/int/kernel_info.dat'.
INFO: [VPL 74-78] Compiler Version string: 2022.1
INFO: [VPL 60-423]   Target device: xilinx_u280_gen3x16_xdma_1_202211_1
INFO: [VPL 60-1032] Extracting hardware platform to /scratch/users/hc676/HeteroCL_Transformer/bert_layer_dcct_pack_io_dataflow_512_sa_opt3.prj/_x.hw.xilinx_u280_gen3x16_xdma_1_202211_1/link/vivado/vpl/.local/hw_platform
[21:12:29] Run vpl: Step create_project: Started
Creating Vivado project.
[21:12:35] Run vpl: Step create_project: Completed
[21:12:35] Run vpl: Step create_bd: Started
[21:13:27] Run vpl: Step create_bd: Completed
[21:13:27] Run vpl: Step update_bd: Started
[21:13:28] Run vpl: Step update_bd: Completed
[21:13:28] Run vpl: Step generate_target: Started
[21:14:29] Run vpl: Step generate_target: Completed
[21:14:29] Run vpl: Step config_hw_runs: Started
[21:15:20] Run vpl: Step config_hw_runs: Completed
[21:15:20] Run vpl: Step synth: Started
[21:15:51] Block-level synthesis in progress, 0 of 134 jobs complete, 8 jobs running.
[21:16:21] Block-level synthesis in progress, 0 of 134 jobs complete, 8 jobs running.
[21:16:51] Block-level synthesis in progress, 0 of 134 jobs complete, 8 jobs running.
[21:17:22] Block-level synthesis in progress, 7 of 134 jobs complete, 1 job running.
[21:17:52] Block-level synthesis in progress, 10 of 134 jobs complete, 6 jobs running.
[21:18:22] Block-level synthesis in progress, 12 of 134 jobs complete, 7 jobs running.
[21:18:52] Block-level synthesis in progress, 16 of 134 jobs complete, 4 jobs running.
[21:19:22] Block-level synthesis in progress, 16 of 134 jobs complete, 8 jobs running.
[21:19:53] Block-level synthesis in progress, 20 of 134 jobs complete, 5 jobs running.
[21:20:23] Block-level synthesis in progress, 22 of 134 jobs complete, 6 jobs running.
[21:20:53] Block-level synthesis in progress, 24 of 134 jobs complete, 8 jobs running.
[21:21:23] Block-level synthesis in progress, 26 of 134 jobs complete, 6 jobs running.
[21:21:53] Block-level synthesis in progress, 28 of 134 jobs complete, 7 jobs running.
[21:22:24] Block-level synthesis in progress, 32 of 134 jobs complete, 6 jobs running.
[21:22:54] Block-level synthesis in progress, 35 of 134 jobs complete, 6 jobs running.
[21:23:24] Block-level synthesis in progress, 36 of 134 jobs complete, 7 jobs running.
[21:23:54] Block-level synthesis in progress, 37 of 134 jobs complete, 7 jobs running.
[21:24:25] Block-level synthesis in progress, 39 of 134 jobs complete, 7 jobs running.
[21:24:55] Block-level synthesis in progress, 42 of 134 jobs complete, 6 jobs running.
[21:25:25] Block-level synthesis in progress, 44 of 134 jobs complete, 8 jobs running.
[21:25:56] Block-level synthesis in progress, 47 of 134 jobs complete, 5 jobs running.
[21:26:26] Block-level synthesis in progress, 49 of 134 jobs complete, 7 jobs running.
[21:26:56] Block-level synthesis in progress, 51 of 134 jobs complete, 8 jobs running.
[21:27:27] Block-level synthesis in progress, 55 of 134 jobs complete, 5 jobs running.
[21:27:57] Block-level synthesis in progress, 59 of 134 jobs complete, 4 jobs running.
[21:28:27] Block-level synthesis in progress, 66 of 134 jobs complete, 2 jobs running.
[21:28:58] Block-level synthesis in progress, 74 of 134 jobs complete, 1 job running.
[21:29:28] Block-level synthesis in progress, 81 of 134 jobs complete, 3 jobs running.
[21:29:59] Block-level synthesis in progress, 88 of 134 jobs complete, 3 jobs running.
[21:30:29] Block-level synthesis in progress, 96 of 134 jobs complete, 2 jobs running.
[21:30:59] Block-level synthesis in progress, 104 of 134 jobs complete, 2 jobs running.
[21:31:30] Block-level synthesis in progress, 107 of 134 jobs complete, 7 jobs running.
[21:32:00] Block-level synthesis in progress, 107 of 134 jobs complete, 8 jobs running.
[21:32:31] Block-level synthesis in progress, 109 of 134 jobs complete, 6 jobs running.
[21:33:01] Block-level synthesis in progress, 115 of 134 jobs complete, 4 jobs running.
[21:33:31] Block-level synthesis in progress, 115 of 134 jobs complete, 8 jobs running.
[21:34:02] Block-level synthesis in progress, 115 of 134 jobs complete, 8 jobs running.
[21:34:32] Block-level synthesis in progress, 123 of 134 jobs complete, 3 jobs running.
[21:35:03] Block-level synthesis in progress, 123 of 134 jobs complete, 8 jobs running.
[21:35:33] Block-level synthesis in progress, 123 of 134 jobs complete, 8 jobs running.
[21:36:04] Block-level synthesis in progress, 128 of 134 jobs complete, 3 jobs running.
[21:36:35] Block-level synthesis in progress, 133 of 134 jobs complete, 1 job running.
[21:37:05] Block-level synthesis in progress, 133 of 134 jobs complete, 1 job running.
[21:37:36] Block-level synthesis in progress, 133 of 134 jobs complete, 1 job running.
[21:38:06] Block-level synthesis in progress, 133 of 134 jobs complete, 1 job running.
[21:38:37] Block-level synthesis in progress, 133 of 134 jobs complete, 1 job running.
[21:39:07] Block-level synthesis in progress, 133 of 134 jobs complete, 1 job running.
[21:39:38] Block-level synthesis in progress, 133 of 134 jobs complete, 1 job running.
[21:40:08] Block-level synthesis in progress, 133 of 134 jobs complete, 1 job running.
[21:40:39] Block-level synthesis in progress, 133 of 134 jobs complete, 1 job running.
[21:41:09] Block-level synthesis in progress, 133 of 134 jobs complete, 1 job running.
[21:41:40] Block-level synthesis in progress, 133 of 134 jobs complete, 1 job running.
[21:42:10] Block-level synthesis in progress, 133 of 134 jobs complete, 1 job running.
[21:42:41] Block-level synthesis in progress, 133 of 134 jobs complete, 1 job running.
[21:43:11] Block-level synthesis in progress, 133 of 134 jobs complete, 1 job running.
[21:43:42] Block-level synthesis in progress, 133 of 134 jobs complete, 1 job running.
[21:44:12] Block-level synthesis in progress, 133 of 134 jobs complete, 1 job running.
[21:44:43] Block-level synthesis in progress, 133 of 134 jobs complete, 1 job running.
[21:45:13] Block-level synthesis in progress, 133 of 134 jobs complete, 1 job running.
[21:45:44] Block-level synthesis in progress, 133 of 134 jobs complete, 1 job running.
[21:46:14] Block-level synthesis in progress, 133 of 134 jobs complete, 1 job running.
[21:46:45] Block-level synthesis in progress, 133 of 134 jobs complete, 1 job running.
[21:47:15] Block-level synthesis in progress, 133 of 134 jobs complete, 1 job running.
[21:47:46] Block-level synthesis in progress, 133 of 134 jobs complete, 1 job running.
[21:48:16] Block-level synthesis in progress, 133 of 134 jobs complete, 1 job running.
[21:48:47] Block-level synthesis in progress, 133 of 134 jobs complete, 1 job running.
[21:49:18] Block-level synthesis in progress, 133 of 134 jobs complete, 1 job running.
[21:49:48] Block-level synthesis in progress, 133 of 134 jobs complete, 1 job running.
[21:50:19] Block-level synthesis in progress, 133 of 134 jobs complete, 1 job running.
[21:50:49] Block-level synthesis in progress, 133 of 134 jobs complete, 1 job running.
[21:51:20] Block-level synthesis in progress, 133 of 134 jobs complete, 1 job running.
[21:51:50] Block-level synthesis in progress, 133 of 134 jobs complete, 1 job running.
[21:52:21] Block-level synthesis in progress, 133 of 134 jobs complete, 1 job running.
[21:52:51] Block-level synthesis in progress, 133 of 134 jobs complete, 1 job running.
[21:53:22] Block-level synthesis in progress, 133 of 134 jobs complete, 1 job running.
[21:53:52] Block-level synthesis in progress, 133 of 134 jobs complete, 1 job running.
[21:54:23] Block-level synthesis in progress, 133 of 134 jobs complete, 1 job running.
[21:54:53] Block-level synthesis in progress, 133 of 134 jobs complete, 1 job running.
[21:55:24] Block-level synthesis in progress, 133 of 134 jobs complete, 1 job running.
[21:55:54] Block-level synthesis in progress, 133 of 134 jobs complete, 1 job running.
[21:56:25] Block-level synthesis in progress, 133 of 134 jobs complete, 1 job running.
[21:56:56] Block-level synthesis in progress, 133 of 134 jobs complete, 1 job running.
[21:57:26] Block-level synthesis in progress, 133 of 134 jobs complete, 1 job running.
[21:57:57] Block-level synthesis in progress, 133 of 134 jobs complete, 1 job running.
[21:58:27] Block-level synthesis in progress, 133 of 134 jobs complete, 1 job running.
[21:58:58] Block-level synthesis in progress, 133 of 134 jobs complete, 1 job running.
[21:59:28] Block-level synthesis in progress, 133 of 134 jobs complete, 1 job running.
[21:59:59] Block-level synthesis in progress, 133 of 134 jobs complete, 1 job running.
[22:00:29] Block-level synthesis in progress, 133 of 134 jobs complete, 1 job running.
[22:01:00] Block-level synthesis in progress, 133 of 134 jobs complete, 1 job running.
[22:01:30] Block-level synthesis in progress, 133 of 134 jobs complete, 1 job running.
[22:02:01] Block-level synthesis in progress, 133 of 134 jobs complete, 1 job running.
[22:02:31] Block-level synthesis in progress, 133 of 134 jobs complete, 1 job running.
[22:03:02] Block-level synthesis in progress, 133 of 134 jobs complete, 1 job running.
[22:03:32] Block-level synthesis in progress, 133 of 134 jobs complete, 1 job running.
[22:04:03] Block-level synthesis in progress, 133 of 134 jobs complete, 1 job running.
[22:04:33] Block-level synthesis in progress, 133 of 134 jobs complete, 1 job running.
[22:05:04] Block-level synthesis in progress, 133 of 134 jobs complete, 1 job running.
[22:05:34] Block-level synthesis in progress, 133 of 134 jobs complete, 1 job running.
[22:06:05] Block-level synthesis in progress, 133 of 134 jobs complete, 1 job running.
[22:06:35] Block-level synthesis in progress, 133 of 134 jobs complete, 1 job running.
[22:07:06] Block-level synthesis in progress, 133 of 134 jobs complete, 1 job running.
[22:07:36] Block-level synthesis in progress, 133 of 134 jobs complete, 1 job running.
[22:08:07] Block-level synthesis in progress, 133 of 134 jobs complete, 1 job running.
[22:08:37] Block-level synthesis in progress, 133 of 134 jobs complete, 1 job running.
[22:09:08] Block-level synthesis in progress, 133 of 134 jobs complete, 1 job running.
[22:09:38] Block-level synthesis in progress, 133 of 134 jobs complete, 1 job running.
[22:10:09] Block-level synthesis in progress, 133 of 134 jobs complete, 1 job running.
[22:10:39] Block-level synthesis in progress, 133 of 134 jobs complete, 1 job running.
[22:11:10] Block-level synthesis in progress, 133 of 134 jobs complete, 1 job running.
[22:11:40] Block-level synthesis in progress, 133 of 134 jobs complete, 1 job running.
[22:12:11] Block-level synthesis in progress, 133 of 134 jobs complete, 1 job running.
[22:12:41] Block-level synthesis in progress, 133 of 134 jobs complete, 1 job running.
[22:13:11] Block-level synthesis in progress, 133 of 134 jobs complete, 1 job running.
[22:13:42] Block-level synthesis in progress, 133 of 134 jobs complete, 1 job running.
[22:14:12] Block-level synthesis in progress, 133 of 134 jobs complete, 1 job running.
[22:14:43] Block-level synthesis in progress, 133 of 134 jobs complete, 1 job running.
[22:15:13] Block-level synthesis in progress, 133 of 134 jobs complete, 1 job running.
[22:15:44] Block-level synthesis in progress, 133 of 134 jobs complete, 1 job running.
[22:16:14] Block-level synthesis in progress, 133 of 134 jobs complete, 1 job running.
[22:16:45] Block-level synthesis in progress, 133 of 134 jobs complete, 1 job running.
[22:17:15] Block-level synthesis in progress, 133 of 134 jobs complete, 1 job running.
[22:17:46] Block-level synthesis in progress, 133 of 134 jobs complete, 1 job running.
[22:18:17] Block-level synthesis in progress, 133 of 134 jobs complete, 1 job running.
[22:18:47] Block-level synthesis in progress, 133 of 134 jobs complete, 1 job running.
[22:19:18] Block-level synthesis in progress, 133 of 134 jobs complete, 1 job running.
[22:19:48] Block-level synthesis in progress, 133 of 134 jobs complete, 1 job running.
[22:20:19] Block-level synthesis in progress, 133 of 134 jobs complete, 1 job running.
[22:20:49] Block-level synthesis in progress, 133 of 134 jobs complete, 1 job running.
[22:21:20] Block-level synthesis in progress, 133 of 134 jobs complete, 1 job running.
[22:21:50] Block-level synthesis in progress, 133 of 134 jobs complete, 1 job running.
[22:22:21] Block-level synthesis in progress, 133 of 134 jobs complete, 1 job running.
[22:22:51] Block-level synthesis in progress, 133 of 134 jobs complete, 1 job running.
[22:23:21] Block-level synthesis in progress, 133 of 134 jobs complete, 1 job running.
[22:23:52] Block-level synthesis in progress, 133 of 134 jobs complete, 1 job running.
[22:24:22] Block-level synthesis in progress, 133 of 134 jobs complete, 1 job running.
[22:24:53] Block-level synthesis in progress, 133 of 134 jobs complete, 1 job running.
[22:25:23] Block-level synthesis in progress, 133 of 134 jobs complete, 1 job running.
[22:25:54] Block-level synthesis in progress, 133 of 134 jobs complete, 1 job running.
[22:26:24] Block-level synthesis in progress, 133 of 134 jobs complete, 1 job running.
[22:26:55] Block-level synthesis in progress, 133 of 134 jobs complete, 1 job running.
[22:27:25] Block-level synthesis in progress, 133 of 134 jobs complete, 1 job running.
[22:27:56] Block-level synthesis in progress, 133 of 134 jobs complete, 1 job running.
[22:28:26] Block-level synthesis in progress, 133 of 134 jobs complete, 1 job running.
[22:28:57] Block-level synthesis in progress, 133 of 134 jobs complete, 1 job running.
[22:29:27] Block-level synthesis in progress, 133 of 134 jobs complete, 1 job running.
[22:29:58] Block-level synthesis in progress, 133 of 134 jobs complete, 1 job running.
[22:30:28] Block-level synthesis in progress, 133 of 134 jobs complete, 1 job running.
[22:30:59] Block-level synthesis in progress, 133 of 134 jobs complete, 1 job running.
[22:31:29] Block-level synthesis in progress, 133 of 134 jobs complete, 1 job running.
[22:32:00] Block-level synthesis in progress, 133 of 134 jobs complete, 1 job running.
[22:32:30] Block-level synthesis in progress, 133 of 134 jobs complete, 1 job running.
[22:33:01] Block-level synthesis in progress, 133 of 134 jobs complete, 1 job running.
[22:33:31] Block-level synthesis in progress, 133 of 134 jobs complete, 1 job running.
[22:34:02] Block-level synthesis in progress, 133 of 134 jobs complete, 1 job running.
[22:34:32] Block-level synthesis in progress, 133 of 134 jobs complete, 1 job running.
[22:35:03] Block-level synthesis in progress, 133 of 134 jobs complete, 1 job running.
[22:35:33] Block-level synthesis in progress, 133 of 134 jobs complete, 1 job running.
[22:36:04] Block-level synthesis in progress, 133 of 134 jobs complete, 1 job running.
[22:36:34] Block-level synthesis in progress, 133 of 134 jobs complete, 1 job running.
[22:37:05] Block-level synthesis in progress, 133 of 134 jobs complete, 1 job running.
[22:37:35] Block-level synthesis in progress, 133 of 134 jobs complete, 1 job running.
[22:38:06] Block-level synthesis in progress, 133 of 134 jobs complete, 1 job running.
[22:38:36] Block-level synthesis in progress, 133 of 134 jobs complete, 1 job running.
[22:39:07] Block-level synthesis in progress, 133 of 134 jobs complete, 1 job running.
[22:39:37] Block-level synthesis in progress, 133 of 134 jobs complete, 1 job running.
[22:40:08] Block-level synthesis in progress, 133 of 134 jobs complete, 1 job running.
[22:40:38] Block-level synthesis in progress, 133 of 134 jobs complete, 1 job running.
[22:41:09] Block-level synthesis in progress, 133 of 134 jobs complete, 1 job running.
[22:41:39] Block-level synthesis in progress, 133 of 134 jobs complete, 1 job running.
[22:42:10] Block-level synthesis in progress, 133 of 134 jobs complete, 1 job running.
[22:42:40] Block-level synthesis in progress, 133 of 134 jobs complete, 1 job running.
[22:43:11] Block-level synthesis in progress, 133 of 134 jobs complete, 1 job running.
[22:43:41] Block-level synthesis in progress, 133 of 134 jobs complete, 1 job running.
[22:44:12] Block-level synthesis in progress, 133 of 134 jobs complete, 1 job running.
[22:44:42] Block-level synthesis in progress, 133 of 134 jobs complete, 1 job running.
[22:45:13] Block-level synthesis in progress, 133 of 134 jobs complete, 1 job running.
[22:45:43] Block-level synthesis in progress, 133 of 134 jobs complete, 1 job running.
[22:46:14] Block-level synthesis in progress, 133 of 134 jobs complete, 1 job running.
[22:46:44] Block-level synthesis in progress, 133 of 134 jobs complete, 1 job running.
[22:47:15] Block-level synthesis in progress, 133 of 134 jobs complete, 1 job running.
[22:47:45] Block-level synthesis in progress, 133 of 134 jobs complete, 1 job running.
[22:48:16] Block-level synthesis in progress, 133 of 134 jobs complete, 1 job running.
[22:48:46] Block-level synthesis in progress, 133 of 134 jobs complete, 1 job running.
[22:49:17] Block-level synthesis in progress, 133 of 134 jobs complete, 1 job running.
[22:49:47] Block-level synthesis in progress, 133 of 134 jobs complete, 1 job running.
[22:50:18] Block-level synthesis in progress, 133 of 134 jobs complete, 1 job running.
[22:50:49] Block-level synthesis in progress, 133 of 134 jobs complete, 1 job running.
[22:51:19] Block-level synthesis in progress, 133 of 134 jobs complete, 1 job running.
[22:51:50] Block-level synthesis in progress, 133 of 134 jobs complete, 1 job running.
[22:52:20] Block-level synthesis in progress, 133 of 134 jobs complete, 1 job running.
[22:52:51] Block-level synthesis in progress, 133 of 134 jobs complete, 1 job running.
[22:53:21] Block-level synthesis in progress, 133 of 134 jobs complete, 1 job running.
[22:53:52] Block-level synthesis in progress, 133 of 134 jobs complete, 1 job running.
[22:54:22] Block-level synthesis in progress, 133 of 134 jobs complete, 1 job running.
[22:54:53] Block-level synthesis in progress, 133 of 134 jobs complete, 1 job running.
[22:55:23] Block-level synthesis in progress, 133 of 134 jobs complete, 1 job running.
[22:55:54] Block-level synthesis in progress, 133 of 134 jobs complete, 1 job running.
[22:56:24] Block-level synthesis in progress, 133 of 134 jobs complete, 1 job running.
[22:56:55] Block-level synthesis in progress, 133 of 134 jobs complete, 1 job running.
[22:57:26] Block-level synthesis in progress, 133 of 134 jobs complete, 1 job running.
[22:57:56] Block-level synthesis in progress, 133 of 134 jobs complete, 1 job running.
[22:58:27] Block-level synthesis in progress, 133 of 134 jobs complete, 1 job running.
[22:58:57] Block-level synthesis in progress, 133 of 134 jobs complete, 1 job running.
[22:59:28] Block-level synthesis in progress, 133 of 134 jobs complete, 1 job running.
[22:59:59] Block-level synthesis in progress, 133 of 134 jobs complete, 1 job running.
[23:00:29] Block-level synthesis in progress, 133 of 134 jobs complete, 1 job running.
[23:01:00] Block-level synthesis in progress, 133 of 134 jobs complete, 1 job running.
[23:01:30] Block-level synthesis in progress, 133 of 134 jobs complete, 1 job running.
[23:02:01] Block-level synthesis in progress, 133 of 134 jobs complete, 1 job running.
[23:02:32] Block-level synthesis in progress, 133 of 134 jobs complete, 1 job running.
[23:03:02] Block-level synthesis in progress, 133 of 134 jobs complete, 1 job running.
[23:03:33] Block-level synthesis in progress, 133 of 134 jobs complete, 1 job running.
[23:04:03] Block-level synthesis in progress, 133 of 134 jobs complete, 1 job running.
[23:04:34] Block-level synthesis in progress, 133 of 134 jobs complete, 1 job running.
[23:05:04] Block-level synthesis in progress, 133 of 134 jobs complete, 1 job running.
[23:05:35] Block-level synthesis in progress, 133 of 134 jobs complete, 1 job running.
[23:06:05] Block-level synthesis in progress, 133 of 134 jobs complete, 1 job running.
[23:06:36] Block-level synthesis in progress, 133 of 134 jobs complete, 1 job running.
[23:07:07] Block-level synthesis in progress, 133 of 134 jobs complete, 1 job running.
[23:07:37] Block-level synthesis in progress, 133 of 134 jobs complete, 1 job running.
[23:08:08] Block-level synthesis in progress, 133 of 134 jobs complete, 1 job running.
[23:08:39] Block-level synthesis in progress, 133 of 134 jobs complete, 1 job running.
[23:09:09] Block-level synthesis in progress, 133 of 134 jobs complete, 1 job running.
[23:09:40] Block-level synthesis in progress, 133 of 134 jobs complete, 1 job running.
[23:10:10] Block-level synthesis in progress, 133 of 134 jobs complete, 1 job running.
[23:10:41] Block-level synthesis in progress, 133 of 134 jobs complete, 1 job running.
[23:11:11] Block-level synthesis in progress, 133 of 134 jobs complete, 1 job running.
[23:11:42] Block-level synthesis in progress, 133 of 134 jobs complete, 1 job running.
[23:12:13] Block-level synthesis in progress, 133 of 134 jobs complete, 1 job running.
[23:12:43] Block-level synthesis in progress, 133 of 134 jobs complete, 1 job running.
[23:13:14] Block-level synthesis in progress, 133 of 134 jobs complete, 1 job running.
[23:13:44] Block-level synthesis in progress, 133 of 134 jobs complete, 1 job running.
[23:14:15] Block-level synthesis in progress, 133 of 134 jobs complete, 1 job running.
[23:14:46] Block-level synthesis in progress, 133 of 134 jobs complete, 1 job running.
[23:15:16] Block-level synthesis in progress, 133 of 134 jobs complete, 1 job running.
[23:15:47] Block-level synthesis in progress, 133 of 134 jobs complete, 1 job running.
[23:16:17] Block-level synthesis in progress, 133 of 134 jobs complete, 1 job running.
[23:16:48] Block-level synthesis in progress, 133 of 134 jobs complete, 1 job running.
[23:17:19] Block-level synthesis in progress, 133 of 134 jobs complete, 1 job running.
[23:17:49] Block-level synthesis in progress, 133 of 134 jobs complete, 1 job running.
[23:18:20] Block-level synthesis in progress, 133 of 134 jobs complete, 1 job running.
[23:18:50] Block-level synthesis in progress, 133 of 134 jobs complete, 1 job running.
[23:19:21] Block-level synthesis in progress, 133 of 134 jobs complete, 1 job running.
[23:19:52] Block-level synthesis in progress, 133 of 134 jobs complete, 1 job running.
[23:20:22] Block-level synthesis in progress, 133 of 134 jobs complete, 1 job running.
[23:20:53] Block-level synthesis in progress, 133 of 134 jobs complete, 1 job running.
[23:21:23] Block-level synthesis in progress, 133 of 134 jobs complete, 1 job running.
[23:21:54] Block-level synthesis in progress, 133 of 134 jobs complete, 1 job running.
[23:22:24] Block-level synthesis in progress, 133 of 134 jobs complete, 1 job running.
[23:22:55] Block-level synthesis in progress, 133 of 134 jobs complete, 1 job running.
[23:23:26] Block-level synthesis in progress, 133 of 134 jobs complete, 1 job running.
[23:23:56] Block-level synthesis in progress, 133 of 134 jobs complete, 1 job running.
[23:24:27] Block-level synthesis in progress, 133 of 134 jobs complete, 1 job running.
[23:24:57] Block-level synthesis in progress, 133 of 134 jobs complete, 1 job running.
[23:25:28] Block-level synthesis in progress, 133 of 134 jobs complete, 1 job running.
[23:25:59] Block-level synthesis in progress, 133 of 134 jobs complete, 1 job running.
[23:26:29] Block-level synthesis in progress, 133 of 134 jobs complete, 1 job running.
[23:27:00] Block-level synthesis in progress, 133 of 134 jobs complete, 1 job running.
[23:27:30] Block-level synthesis in progress, 133 of 134 jobs complete, 1 job running.
[23:28:01] Block-level synthesis in progress, 133 of 134 jobs complete, 1 job running.
[23:28:32] Block-level synthesis in progress, 133 of 134 jobs complete, 1 job running.
[23:29:02] Block-level synthesis in progress, 133 of 134 jobs complete, 1 job running.
[23:29:33] Block-level synthesis in progress, 133 of 134 jobs complete, 1 job running.
[23:30:03] Block-level synthesis in progress, 133 of 134 jobs complete, 1 job running.
[23:30:34] Block-level synthesis in progress, 133 of 134 jobs complete, 1 job running.
[23:31:04] Block-level synthesis in progress, 133 of 134 jobs complete, 1 job running.
[23:31:35] Block-level synthesis in progress, 133 of 134 jobs complete, 1 job running.
[23:32:06] Block-level synthesis in progress, 133 of 134 jobs complete, 1 job running.
[23:32:36] Block-level synthesis in progress, 133 of 134 jobs complete, 1 job running.
[23:33:07] Block-level synthesis in progress, 133 of 134 jobs complete, 1 job running.
[23:33:37] Block-level synthesis in progress, 133 of 134 jobs complete, 1 job running.
[23:34:08] Block-level synthesis in progress, 133 of 134 jobs complete, 1 job running.
[23:34:38] Block-level synthesis in progress, 133 of 134 jobs complete, 1 job running.
[23:35:09] Block-level synthesis in progress, 133 of 134 jobs complete, 1 job running.
[23:35:40] Block-level synthesis in progress, 133 of 134 jobs complete, 1 job running.
[23:36:10] Block-level synthesis in progress, 133 of 134 jobs complete, 1 job running.
[23:36:41] Block-level synthesis in progress, 133 of 134 jobs complete, 1 job running.
[23:37:11] Block-level synthesis in progress, 133 of 134 jobs complete, 1 job running.
[23:37:42] Block-level synthesis in progress, 133 of 134 jobs complete, 1 job running.
[23:38:12] Block-level synthesis in progress, 133 of 134 jobs complete, 1 job running.
[23:38:43] Block-level synthesis in progress, 133 of 134 jobs complete, 1 job running.
[23:39:14] Block-level synthesis in progress, 133 of 134 jobs complete, 1 job running.
[23:39:44] Block-level synthesis in progress, 133 of 134 jobs complete, 1 job running.
[23:40:15] Block-level synthesis in progress, 133 of 134 jobs complete, 1 job running.
[23:40:45] Block-level synthesis in progress, 133 of 134 jobs complete, 1 job running.
[23:41:16] Block-level synthesis in progress, 133 of 134 jobs complete, 1 job running.
[23:41:47] Block-level synthesis in progress, 133 of 134 jobs complete, 1 job running.
[23:42:17] Block-level synthesis in progress, 133 of 134 jobs complete, 1 job running.
[23:42:48] Block-level synthesis in progress, 133 of 134 jobs complete, 1 job running.
[23:43:18] Block-level synthesis in progress, 133 of 134 jobs complete, 1 job running.
[23:43:49] Block-level synthesis in progress, 133 of 134 jobs complete, 1 job running.
[23:44:19] Block-level synthesis in progress, 133 of 134 jobs complete, 1 job running.
[23:44:50] Block-level synthesis in progress, 133 of 134 jobs complete, 1 job running.
[23:45:20] Block-level synthesis in progress, 133 of 134 jobs complete, 1 job running.
[23:45:51] Block-level synthesis in progress, 133 of 134 jobs complete, 1 job running.
[23:46:22] Block-level synthesis in progress, 133 of 134 jobs complete, 1 job running.
[23:46:52] Block-level synthesis in progress, 133 of 134 jobs complete, 1 job running.
[23:47:23] Block-level synthesis in progress, 133 of 134 jobs complete, 1 job running.
[23:47:53] Block-level synthesis in progress, 133 of 134 jobs complete, 1 job running.
[23:48:24] Block-level synthesis in progress, 133 of 134 jobs complete, 1 job running.
[23:48:54] Block-level synthesis in progress, 133 of 134 jobs complete, 1 job running.
[23:49:25] Block-level synthesis in progress, 133 of 134 jobs complete, 1 job running.
[23:49:55] Block-level synthesis in progress, 133 of 134 jobs complete, 1 job running.
[23:50:26] Block-level synthesis in progress, 133 of 134 jobs complete, 1 job running.
[23:50:57] Block-level synthesis in progress, 133 of 134 jobs complete, 1 job running.
[23:51:27] Block-level synthesis in progress, 133 of 134 jobs complete, 1 job running.
[23:51:58] Block-level synthesis in progress, 133 of 134 jobs complete, 1 job running.
[23:52:28] Block-level synthesis in progress, 133 of 134 jobs complete, 1 job running.
[23:52:59] Block-level synthesis in progress, 133 of 134 jobs complete, 1 job running.
[23:53:30] Block-level synthesis in progress, 133 of 134 jobs complete, 1 job running.
[23:54:00] Block-level synthesis in progress, 133 of 134 jobs complete, 1 job running.
[23:54:31] Block-level synthesis in progress, 133 of 134 jobs complete, 1 job running.
[23:55:01] Block-level synthesis in progress, 133 of 134 jobs complete, 1 job running.
[23:55:32] Block-level synthesis in progress, 133 of 134 jobs complete, 1 job running.
[23:56:03] Block-level synthesis in progress, 133 of 134 jobs complete, 1 job running.
[23:56:33] Block-level synthesis in progress, 133 of 134 jobs complete, 1 job running.
[23:57:04] Block-level synthesis in progress, 133 of 134 jobs complete, 1 job running.
[23:57:34] Block-level synthesis in progress, 133 of 134 jobs complete, 1 job running.
[23:58:05] Block-level synthesis in progress, 133 of 134 jobs complete, 1 job running.
[23:58:35] Block-level synthesis in progress, 133 of 134 jobs complete, 1 job running.
[23:59:06] Block-level synthesis in progress, 133 of 134 jobs complete, 1 job running.
[23:59:37] Block-level synthesis in progress, 133 of 134 jobs complete, 1 job running.
[00:00:07] Block-level synthesis in progress, 133 of 134 jobs complete, 1 job running.
[00:00:38] Block-level synthesis in progress, 133 of 134 jobs complete, 1 job running.
[00:01:08] Block-level synthesis in progress, 133 of 134 jobs complete, 1 job running.
[00:01:39] Block-level synthesis in progress, 133 of 134 jobs complete, 1 job running.
[00:02:10] Block-level synthesis in progress, 133 of 134 jobs complete, 1 job running.
[00:02:40] Block-level synthesis in progress, 133 of 134 jobs complete, 1 job running.
[00:03:11] Block-level synthesis in progress, 133 of 134 jobs complete, 1 job running.
[00:03:41] Block-level synthesis in progress, 133 of 134 jobs complete, 1 job running.
[00:04:12] Block-level synthesis in progress, 133 of 134 jobs complete, 1 job running.
[00:04:43] Block-level synthesis in progress, 133 of 134 jobs complete, 1 job running.
[00:05:13] Block-level synthesis in progress, 133 of 134 jobs complete, 1 job running.
[00:05:44] Block-level synthesis in progress, 133 of 134 jobs complete, 1 job running.
[00:06:14] Block-level synthesis in progress, 133 of 134 jobs complete, 1 job running.
[00:06:45] Block-level synthesis in progress, 133 of 134 jobs complete, 1 job running.
[00:07:16] Block-level synthesis in progress, 133 of 134 jobs complete, 1 job running.
[00:07:46] Block-level synthesis in progress, 133 of 134 jobs complete, 1 job running.
[00:08:17] Block-level synthesis in progress, 133 of 134 jobs complete, 1 job running.
[00:08:47] Block-level synthesis in progress, 133 of 134 jobs complete, 1 job running.
[00:09:18] Block-level synthesis in progress, 133 of 134 jobs complete, 1 job running.
[00:09:48] Block-level synthesis in progress, 133 of 134 jobs complete, 1 job running.
[00:10:19] Block-level synthesis in progress, 133 of 134 jobs complete, 1 job running.
[00:10:50] Block-level synthesis in progress, 133 of 134 jobs complete, 1 job running.
[00:11:20] Block-level synthesis in progress, 133 of 134 jobs complete, 1 job running.
[00:11:51] Block-level synthesis in progress, 133 of 134 jobs complete, 1 job running.
[00:12:21] Block-level synthesis in progress, 133 of 134 jobs complete, 1 job running.
[00:12:52] Block-level synthesis in progress, 133 of 134 jobs complete, 1 job running.
[00:13:23] Block-level synthesis in progress, 133 of 134 jobs complete, 1 job running.
[00:13:53] Block-level synthesis in progress, 133 of 134 jobs complete, 1 job running.
[00:14:24] Block-level synthesis in progress, 133 of 134 jobs complete, 1 job running.
[00:14:54] Block-level synthesis in progress, 133 of 134 jobs complete, 1 job running.
[00:15:25] Block-level synthesis in progress, 133 of 134 jobs complete, 1 job running.
[00:15:55] Block-level synthesis in progress, 133 of 134 jobs complete, 1 job running.
[00:16:26] Block-level synthesis in progress, 133 of 134 jobs complete, 1 job running.
[00:16:57] Block-level synthesis in progress, 133 of 134 jobs complete, 1 job running.
[00:17:27] Block-level synthesis in progress, 133 of 134 jobs complete, 1 job running.
[00:17:58] Block-level synthesis in progress, 133 of 134 jobs complete, 1 job running.
[00:18:28] Block-level synthesis in progress, 133 of 134 jobs complete, 1 job running.
[00:18:59] Block-level synthesis in progress, 133 of 134 jobs complete, 1 job running.
[00:19:29] Block-level synthesis in progress, 133 of 134 jobs complete, 1 job running.
[00:20:00] Block-level synthesis in progress, 133 of 134 jobs complete, 1 job running.
[00:20:31] Block-level synthesis in progress, 133 of 134 jobs complete, 1 job running.
[00:21:01] Block-level synthesis in progress, 133 of 134 jobs complete, 1 job running.
[00:21:32] Block-level synthesis in progress, 133 of 134 jobs complete, 1 job running.
[00:22:02] Block-level synthesis in progress, 133 of 134 jobs complete, 1 job running.
[00:22:33] Block-level synthesis in progress, 133 of 134 jobs complete, 1 job running.
[00:23:03] Block-level synthesis in progress, 133 of 134 jobs complete, 1 job running.
[00:23:34] Block-level synthesis in progress, 133 of 134 jobs complete, 1 job running.
[00:24:04] Block-level synthesis in progress, 133 of 134 jobs complete, 1 job running.
[00:24:35] Block-level synthesis in progress, 133 of 134 jobs complete, 1 job running.
[00:25:06] Block-level synthesis in progress, 133 of 134 jobs complete, 1 job running.
[00:25:36] Block-level synthesis in progress, 133 of 134 jobs complete, 1 job running.
[00:26:07] Block-level synthesis in progress, 133 of 134 jobs complete, 1 job running.
[00:26:37] Block-level synthesis in progress, 133 of 134 jobs complete, 1 job running.
[00:27:08] Block-level synthesis in progress, 133 of 134 jobs complete, 1 job running.
[00:27:38] Block-level synthesis in progress, 133 of 134 jobs complete, 1 job running.
[00:28:09] Block-level synthesis in progress, 133 of 134 jobs complete, 1 job running.
[00:28:40] Block-level synthesis in progress, 133 of 134 jobs complete, 1 job running.
[00:29:10] Block-level synthesis in progress, 133 of 134 jobs complete, 1 job running.
[00:29:41] Block-level synthesis in progress, 133 of 134 jobs complete, 1 job running.
[00:30:11] Block-level synthesis in progress, 133 of 134 jobs complete, 1 job running.
[00:30:42] Block-level synthesis in progress, 133 of 134 jobs complete, 1 job running.
[00:31:12] Block-level synthesis in progress, 133 of 134 jobs complete, 1 job running.
[00:31:43] Block-level synthesis in progress, 133 of 134 jobs complete, 1 job running.
[00:32:14] Block-level synthesis in progress, 133 of 134 jobs complete, 1 job running.
[00:32:44] Block-level synthesis in progress, 133 of 134 jobs complete, 1 job running.
[00:33:15] Block-level synthesis in progress, 133 of 134 jobs complete, 1 job running.
[00:33:45] Block-level synthesis in progress, 133 of 134 jobs complete, 1 job running.
[00:34:16] Block-level synthesis in progress, 133 of 134 jobs complete, 1 job running.
[00:34:46] Block-level synthesis in progress, 133 of 134 jobs complete, 1 job running.
[00:35:17] Block-level synthesis in progress, 133 of 134 jobs complete, 1 job running.
[00:35:48] Block-level synthesis in progress, 133 of 134 jobs complete, 1 job running.
[00:36:18] Block-level synthesis in progress, 133 of 134 jobs complete, 1 job running.
[00:36:49] Block-level synthesis in progress, 133 of 134 jobs complete, 1 job running.
[00:37:19] Block-level synthesis in progress, 133 of 134 jobs complete, 1 job running.
[00:37:50] Block-level synthesis in progress, 133 of 134 jobs complete, 1 job running.
[00:38:21] Block-level synthesis in progress, 133 of 134 jobs complete, 1 job running.
[00:38:51] Block-level synthesis in progress, 133 of 134 jobs complete, 1 job running.
[00:39:22] Block-level synthesis in progress, 133 of 134 jobs complete, 1 job running.
[00:39:52] Block-level synthesis in progress, 133 of 134 jobs complete, 1 job running.
[00:40:23] Block-level synthesis in progress, 133 of 134 jobs complete, 1 job running.
[00:40:53] Block-level synthesis in progress, 133 of 134 jobs complete, 1 job running.
[00:41:24] Block-level synthesis in progress, 133 of 134 jobs complete, 1 job running.
[00:41:55] Block-level synthesis in progress, 133 of 134 jobs complete, 1 job running.
[00:42:25] Block-level synthesis in progress, 133 of 134 jobs complete, 1 job running.
[00:42:56] Block-level synthesis in progress, 133 of 134 jobs complete, 1 job running.
[00:43:26] Block-level synthesis in progress, 133 of 134 jobs complete, 1 job running.
[00:43:57] Block-level synthesis in progress, 133 of 134 jobs complete, 1 job running.
[00:44:28] Block-level synthesis in progress, 133 of 134 jobs complete, 1 job running.
[00:44:58] Block-level synthesis in progress, 133 of 134 jobs complete, 1 job running.
[00:45:29] Block-level synthesis in progress, 133 of 134 jobs complete, 1 job running.
[00:45:59] Block-level synthesis in progress, 133 of 134 jobs complete, 1 job running.
[00:46:30] Block-level synthesis in progress, 133 of 134 jobs complete, 1 job running.
[00:47:00] Block-level synthesis in progress, 133 of 134 jobs complete, 1 job running.
[00:47:31] Block-level synthesis in progress, 133 of 134 jobs complete, 1 job running.
[00:48:02] Block-level synthesis in progress, 133 of 134 jobs complete, 1 job running.
[00:48:32] Block-level synthesis in progress, 133 of 134 jobs complete, 1 job running.
[00:49:03] Block-level synthesis in progress, 133 of 134 jobs complete, 1 job running.
[00:49:33] Block-level synthesis in progress, 133 of 134 jobs complete, 1 job running.
[00:50:04] Block-level synthesis in progress, 133 of 134 jobs complete, 1 job running.
[00:50:35] Block-level synthesis in progress, 133 of 134 jobs complete, 1 job running.
[00:51:05] Block-level synthesis in progress, 133 of 134 jobs complete, 1 job running.
[00:51:36] Block-level synthesis in progress, 133 of 134 jobs complete, 1 job running.
[00:52:07] Block-level synthesis in progress, 133 of 134 jobs complete, 1 job running.
[00:52:37] Block-level synthesis in progress, 133 of 134 jobs complete, 1 job running.
[00:53:08] Block-level synthesis in progress, 133 of 134 jobs complete, 1 job running.
[00:53:38] Block-level synthesis in progress, 133 of 134 jobs complete, 1 job running.
[00:54:09] Block-level synthesis in progress, 133 of 134 jobs complete, 1 job running.
[00:54:40] Block-level synthesis in progress, 133 of 134 jobs complete, 1 job running.
[00:55:10] Block-level synthesis in progress, 133 of 134 jobs complete, 1 job running.
[00:55:41] Block-level synthesis in progress, 133 of 134 jobs complete, 1 job running.
[00:56:11] Block-level synthesis in progress, 133 of 134 jobs complete, 1 job running.
[00:56:42] Block-level synthesis in progress, 133 of 134 jobs complete, 1 job running.
[00:57:12] Block-level synthesis in progress, 133 of 134 jobs complete, 1 job running.
[00:57:43] Block-level synthesis in progress, 133 of 134 jobs complete, 1 job running.
[00:58:14] Block-level synthesis in progress, 133 of 134 jobs complete, 1 job running.
[00:58:44] Block-level synthesis in progress, 133 of 134 jobs complete, 1 job running.
[00:59:15] Block-level synthesis in progress, 133 of 134 jobs complete, 1 job running.
[00:59:45] Block-level synthesis in progress, 133 of 134 jobs complete, 1 job running.
[01:00:16] Block-level synthesis in progress, 133 of 134 jobs complete, 1 job running.
[01:00:46] Block-level synthesis in progress, 133 of 134 jobs complete, 1 job running.
[01:01:17] Block-level synthesis in progress, 133 of 134 jobs complete, 1 job running.
[01:01:48] Block-level synthesis in progress, 133 of 134 jobs complete, 1 job running.
[01:02:18] Block-level synthesis in progress, 133 of 134 jobs complete, 1 job running.
[01:02:49] Block-level synthesis in progress, 133 of 134 jobs complete, 1 job running.
[01:03:19] Block-level synthesis in progress, 133 of 134 jobs complete, 1 job running.
[01:03:50] Block-level synthesis in progress, 133 of 134 jobs complete, 1 job running.
[01:04:21] Block-level synthesis in progress, 133 of 134 jobs complete, 1 job running.
[01:04:51] Block-level synthesis in progress, 133 of 134 jobs complete, 1 job running.
[01:05:22] Block-level synthesis in progress, 133 of 134 jobs complete, 1 job running.
[01:05:53] Block-level synthesis in progress, 133 of 134 jobs complete, 1 job running.
[01:06:23] Block-level synthesis in progress, 133 of 134 jobs complete, 1 job running.
[01:06:54] Block-level synthesis in progress, 133 of 134 jobs complete, 1 job running.
[01:07:24] Block-level synthesis in progress, 133 of 134 jobs complete, 1 job running.
[01:07:55] Block-level synthesis in progress, 133 of 134 jobs complete, 1 job running.
[01:08:25] Block-level synthesis in progress, 133 of 134 jobs complete, 1 job running.
[01:08:56] Block-level synthesis in progress, 133 of 134 jobs complete, 1 job running.
[01:09:27] Block-level synthesis in progress, 133 of 134 jobs complete, 1 job running.
[01:09:57] Block-level synthesis in progress, 133 of 134 jobs complete, 1 job running.
[01:10:28] Block-level synthesis in progress, 133 of 134 jobs complete, 1 job running.
[01:10:58] Block-level synthesis in progress, 133 of 134 jobs complete, 1 job running.
[01:11:29] Block-level synthesis in progress, 133 of 134 jobs complete, 1 job running.
[01:11:59] Block-level synthesis in progress, 133 of 134 jobs complete, 1 job running.
[01:12:30] Block-level synthesis in progress, 133 of 134 jobs complete, 1 job running.
[01:13:00] Block-level synthesis in progress, 133 of 134 jobs complete, 1 job running.
[01:13:31] Block-level synthesis in progress, 133 of 134 jobs complete, 1 job running.
[01:14:01] Block-level synthesis in progress, 133 of 134 jobs complete, 1 job running.
[01:14:32] Block-level synthesis in progress, 133 of 134 jobs complete, 1 job running.
[01:15:03] Block-level synthesis in progress, 133 of 134 jobs complete, 1 job running.
[01:15:33] Block-level synthesis in progress, 133 of 134 jobs complete, 1 job running.
[01:16:04] Block-level synthesis in progress, 133 of 134 jobs complete, 1 job running.
[01:16:34] Block-level synthesis in progress, 133 of 134 jobs complete, 1 job running.
[01:17:05] Block-level synthesis in progress, 133 of 134 jobs complete, 1 job running.
[01:17:35] Block-level synthesis in progress, 133 of 134 jobs complete, 1 job running.
[01:18:06] Block-level synthesis in progress, 133 of 134 jobs complete, 1 job running.
[01:18:37] Block-level synthesis in progress, 133 of 134 jobs complete, 1 job running.
[01:19:07] Block-level synthesis in progress, 133 of 134 jobs complete, 1 job running.
[01:19:38] Block-level synthesis in progress, 133 of 134 jobs complete, 1 job running.
[01:20:08] Block-level synthesis in progress, 133 of 134 jobs complete, 1 job running.
[01:20:39] Block-level synthesis in progress, 133 of 134 jobs complete, 1 job running.
[01:21:10] Block-level synthesis in progress, 133 of 134 jobs complete, 1 job running.
[01:21:40] Block-level synthesis in progress, 133 of 134 jobs complete, 1 job running.
[01:22:11] Block-level synthesis in progress, 133 of 134 jobs complete, 1 job running.
[01:22:41] Block-level synthesis in progress, 133 of 134 jobs complete, 1 job running.
[01:23:12] Block-level synthesis in progress, 133 of 134 jobs complete, 1 job running.
[01:23:43] Block-level synthesis in progress, 133 of 134 jobs complete, 1 job running.
[01:24:13] Block-level synthesis in progress, 133 of 134 jobs complete, 1 job running.
[01:24:44] Block-level synthesis in progress, 133 of 134 jobs complete, 1 job running.
[01:25:15] Block-level synthesis in progress, 133 of 134 jobs complete, 1 job running.
[01:25:45] Block-level synthesis in progress, 133 of 134 jobs complete, 1 job running.
[01:26:16] Block-level synthesis in progress, 133 of 134 jobs complete, 1 job running.
[01:26:46] Block-level synthesis in progress, 133 of 134 jobs complete, 1 job running.
[01:27:17] Block-level synthesis in progress, 133 of 134 jobs complete, 1 job running.
[01:27:48] Block-level synthesis in progress, 133 of 134 jobs complete, 1 job running.
[01:28:18] Block-level synthesis in progress, 133 of 134 jobs complete, 1 job running.
[01:28:49] Block-level synthesis in progress, 133 of 134 jobs complete, 1 job running.
[01:29:19] Block-level synthesis in progress, 133 of 134 jobs complete, 1 job running.
[01:29:50] Block-level synthesis in progress, 133 of 134 jobs complete, 1 job running.
[01:30:21] Block-level synthesis in progress, 133 of 134 jobs complete, 1 job running.
[01:30:51] Block-level synthesis in progress, 133 of 134 jobs complete, 1 job running.
[01:31:22] Block-level synthesis in progress, 133 of 134 jobs complete, 1 job running.
[01:31:53] Block-level synthesis in progress, 133 of 134 jobs complete, 1 job running.
[01:32:23] Block-level synthesis in progress, 133 of 134 jobs complete, 1 job running.
[01:32:54] Block-level synthesis in progress, 133 of 134 jobs complete, 1 job running.
[01:33:24] Block-level synthesis in progress, 133 of 134 jobs complete, 1 job running.
[01:33:55] Block-level synthesis in progress, 133 of 134 jobs complete, 1 job running.
[01:34:26] Block-level synthesis in progress, 133 of 134 jobs complete, 1 job running.
[01:34:56] Block-level synthesis in progress, 133 of 134 jobs complete, 1 job running.
[01:35:27] Block-level synthesis in progress, 133 of 134 jobs complete, 1 job running.
[01:35:57] Block-level synthesis in progress, 133 of 134 jobs complete, 1 job running.
[01:36:28] Block-level synthesis in progress, 133 of 134 jobs complete, 1 job running.
[01:36:58] Block-level synthesis in progress, 133 of 134 jobs complete, 1 job running.
[01:37:29] Block-level synthesis in progress, 133 of 134 jobs complete, 1 job running.
[01:38:00] Block-level synthesis in progress, 133 of 134 jobs complete, 1 job running.
[01:38:30] Block-level synthesis in progress, 133 of 134 jobs complete, 1 job running.
[01:39:01] Block-level synthesis in progress, 133 of 134 jobs complete, 1 job running.
[01:39:31] Block-level synthesis in progress, 133 of 134 jobs complete, 1 job running.
[01:40:02] Block-level synthesis in progress, 133 of 134 jobs complete, 1 job running.
[01:40:33] Block-level synthesis in progress, 133 of 134 jobs complete, 1 job running.
[01:41:03] Block-level synthesis in progress, 133 of 134 jobs complete, 1 job running.
[01:41:34] Block-level synthesis in progress, 133 of 134 jobs complete, 1 job running.
[01:42:05] Block-level synthesis in progress, 133 of 134 jobs complete, 1 job running.
[01:42:35] Block-level synthesis in progress, 133 of 134 jobs complete, 1 job running.
[01:43:06] Block-level synthesis in progress, 133 of 134 jobs complete, 1 job running.
[01:43:36] Block-level synthesis in progress, 133 of 134 jobs complete, 1 job running.
[01:44:07] Block-level synthesis in progress, 133 of 134 jobs complete, 1 job running.
[01:44:38] Block-level synthesis in progress, 133 of 134 jobs complete, 1 job running.
[01:45:08] Block-level synthesis in progress, 133 of 134 jobs complete, 1 job running.
[01:45:39] Block-level synthesis in progress, 133 of 134 jobs complete, 1 job running.
[01:46:10] Block-level synthesis in progress, 133 of 134 jobs complete, 1 job running.
[01:46:40] Block-level synthesis in progress, 133 of 134 jobs complete, 1 job running.
[01:47:11] Block-level synthesis in progress, 133 of 134 jobs complete, 1 job running.
[01:47:41] Block-level synthesis in progress, 133 of 134 jobs complete, 1 job running.
[01:48:12] Block-level synthesis in progress, 133 of 134 jobs complete, 1 job running.
[01:48:43] Block-level synthesis in progress, 133 of 134 jobs complete, 1 job running.
[01:49:13] Block-level synthesis in progress, 133 of 134 jobs complete, 1 job running.
[01:49:44] Block-level synthesis in progress, 133 of 134 jobs complete, 1 job running.
[01:50:15] Block-level synthesis in progress, 133 of 134 jobs complete, 1 job running.
[01:50:45] Block-level synthesis in progress, 133 of 134 jobs complete, 1 job running.
[01:51:16] Block-level synthesis in progress, 133 of 134 jobs complete, 1 job running.
[01:51:46] Block-level synthesis in progress, 133 of 134 jobs complete, 1 job running.
[01:52:17] Block-level synthesis in progress, 133 of 134 jobs complete, 1 job running.
[01:52:47] Block-level synthesis in progress, 133 of 134 jobs complete, 1 job running.
[01:53:18] Block-level synthesis in progress, 133 of 134 jobs complete, 1 job running.
[01:53:49] Block-level synthesis in progress, 133 of 134 jobs complete, 1 job running.
[01:54:19] Block-level synthesis in progress, 133 of 134 jobs complete, 1 job running.
[01:54:50] Block-level synthesis in progress, 133 of 134 jobs complete, 1 job running.
[01:55:21] Block-level synthesis in progress, 133 of 134 jobs complete, 1 job running.
[01:55:51] Block-level synthesis in progress, 133 of 134 jobs complete, 1 job running.
[01:56:22] Block-level synthesis in progress, 133 of 134 jobs complete, 1 job running.
[01:56:53] Block-level synthesis in progress, 133 of 134 jobs complete, 1 job running.
[01:57:23] Block-level synthesis in progress, 133 of 134 jobs complete, 1 job running.
[01:57:54] Block-level synthesis in progress, 133 of 134 jobs complete, 1 job running.
[01:58:25] Block-level synthesis in progress, 133 of 134 jobs complete, 1 job running.
[01:58:55] Block-level synthesis in progress, 133 of 134 jobs complete, 1 job running.
[01:59:26] Block-level synthesis in progress, 133 of 134 jobs complete, 1 job running.
[01:59:56] Block-level synthesis in progress, 133 of 134 jobs complete, 1 job running.
[02:00:27] Block-level synthesis in progress, 133 of 134 jobs complete, 1 job running.
[02:00:58] Block-level synthesis in progress, 133 of 134 jobs complete, 1 job running.
[02:01:28] Block-level synthesis in progress, 133 of 134 jobs complete, 1 job running.
[02:01:59] Block-level synthesis in progress, 133 of 134 jobs complete, 1 job running.
[02:02:30] Block-level synthesis in progress, 133 of 134 jobs complete, 1 job running.
[02:03:00] Block-level synthesis in progress, 133 of 134 jobs complete, 1 job running.
[02:03:31] Block-level synthesis in progress, 133 of 134 jobs complete, 1 job running.
[02:04:02] Block-level synthesis in progress, 133 of 134 jobs complete, 1 job running.
[02:04:32] Block-level synthesis in progress, 133 of 134 jobs complete, 1 job running.
[02:05:03] Block-level synthesis in progress, 133 of 134 jobs complete, 1 job running.
[02:05:33] Block-level synthesis in progress, 133 of 134 jobs complete, 1 job running.
[02:06:04] Block-level synthesis in progress, 133 of 134 jobs complete, 1 job running.
[02:06:35] Block-level synthesis in progress, 133 of 134 jobs complete, 1 job running.
[02:07:05] Block-level synthesis in progress, 133 of 134 jobs complete, 1 job running.
[02:07:36] Block-level synthesis in progress, 133 of 134 jobs complete, 1 job running.
[02:08:07] Block-level synthesis in progress, 133 of 134 jobs complete, 1 job running.
[02:08:37] Block-level synthesis in progress, 133 of 134 jobs complete, 1 job running.
[02:09:08] Block-level synthesis in progress, 133 of 134 jobs complete, 1 job running.
[02:09:39] Block-level synthesis in progress, 133 of 134 jobs complete, 1 job running.
[02:10:09] Block-level synthesis in progress, 133 of 134 jobs complete, 1 job running.
[02:10:40] Block-level synthesis in progress, 134 of 134 jobs complete, 0 jobs running.
[02:11:11] Top-level synthesis in progress.
[02:11:41] Top-level synthesis in progress.
[02:12:12] Top-level synthesis in progress.
[02:12:36] Run vpl: Step synth: Completed
[02:12:36] Run vpl: Step impl: Started
[02:51:26] Finished 2nd of 6 tasks (FPGA linking synthesized kernels to platform). Elapsed time: 05h 39m 19s 

[02:51:26] Starting logic optimization..
[02:56:02] Phase 1 Retarget
[02:57:03] Phase 2 Constant propagation
[02:57:34] Phase 3 Sweep
[03:00:38] Phase 4 BUFG optimization
[03:01:39] Phase 5 Shift Register Optimization
[03:02:10] Phase 6 Post Processing Netlist
[03:09:49] Finished 3rd of 6 tasks (FPGA logic optimization). Elapsed time: 00h 18m 23s 

[03:09:49] Starting logic placement..
[03:13:32] Run vpl: Step impl: Failed
[03:13:32] Run vpl: FINISHED. Run Status: impl ERROR

===>The following messages were generated while processing /scratch/users/hc676/HeteroCL_Transformer/bert_layer_dcct_pack_io_dataflow_512_sa_opt3.prj/_x.hw.xilinx_u280_gen3x16_xdma_1_202211_1/link/vivado/vpl/prj/prj.runs/impl_1 :
ERROR: [VPL UTLZ-1] Resource utilization: RAMB18 and RAMB36/FIFO over-utilized in Pblock pblock_dynamic_region (This design requires more RAMB18 and RAMB36/FIFO cells than are available in Pblock 'pblock_dynamic_region'. This design requires 4661 of such cell types but only 3552 compatible sites are available in Pblock 'pblock_dynamic_region'. Please consider increasing the span of Pblock 'pblock_dynamic_region' or removing cells from it.)
ERROR: [VPL UTLZ-1] Resource utilization: RAMB18 and RAMB36/FIFO over-utilized in Top Level Design (This design requires more RAMB18 and RAMB36/FIFO cells than are available in the target device. This design requires 5052 of such cell types but only 4032 compatible sites are available in the target device. Please analyze your synthesis results and constraints to ensure the design is mapped to Xilinx primitives as expected. If so, please consider targeting a larger device.)
ERROR: [VPL UTLZ-1] Resource utilization: RAMB36/FIFO over-utilized in Pblock pblock_dynamic_region (This design requires more RAMB36/FIFO cells than are available in Pblock 'pblock_dynamic_region'. This design requires 2329 of such cell types but only 1776 compatible sites are available in Pblock 'pblock_dynamic_region'. Please consider increasing the span of Pblock 'pblock_dynamic_region' or removing cells from it.)
ERROR: [VPL UTLZ-1] Resource utilization: RAMB36/FIFO over-utilized in Top Level Design (This design requires more RAMB36/FIFO cells than are available in the target device. This design requires 2522 of such cell types but only 2016 compatible sites are available in the target device. Please analyze your synthesis results and constraints to ensure the design is mapped to Xilinx primitives as expected. If so, please consider targeting a larger device.)
ERROR: [VPL UTLZ-1] Resource utilization: RAMB36E2 over-utilized in Pblock pblock_dynamic_region (This design requires more RAMB36E2 cells than are available in Pblock 'pblock_dynamic_region'. This design requires 2329 of such cell types but only 1776 compatible sites are available in Pblock 'pblock_dynamic_region'. Please consider increasing the span of Pblock 'pblock_dynamic_region' or removing cells from it.)
ERROR: [VPL UTLZ-1] Resource utilization: RAMB36E2 over-utilized in Top Level Design (This design requires more RAMB36E2 cells than are available in the target device. This design requires 2522 of such cell types but only 2016 compatible sites are available in the target device. Please analyze your synthesis results and constraints to ensure the design is mapped to Xilinx primitives as expected. If so, please consider targeting a larger device.)
ERROR: [VPL 4-23] Error(s) found during DRC. Placer not run.
ERROR: [VPL 60-773] In '/scratch/users/hc676/HeteroCL_Transformer/bert_layer_dcct_pack_io_dataflow_512_sa_opt3.prj/_x.hw.xilinx_u280_gen3x16_xdma_1_202211_1/link/vivado/vpl/runme.log', caught Tcl error:  problem implementing dynamic region, impl_1: place_design ERROR, please look at the run log file '/scratch/users/hc676/HeteroCL_Transformer/bert_layer_dcct_pack_io_dataflow_512_sa_opt3.prj/_x.hw.xilinx_u280_gen3x16_xdma_1_202211_1/link/vivado/vpl/prj/prj.runs/impl_1/runme.log' for more information
WARNING: [VPL 60-732] Link warning: No monitor points found for BD automation.
WARNING: [VPL 60-732] Link warning: The available LUTs may not be sufficient to accommodate the kernels
WARNING: [VPL 60-732] Link warning: The available BRAMs may not be sufficient to accommodate the kernels
ERROR: [VPL 60-704] Integration error, problem implementing dynamic region, impl_1: place_design ERROR, please look at the run log file '/scratch/users/hc676/HeteroCL_Transformer/bert_layer_dcct_pack_io_dataflow_512_sa_opt3.prj/_x.hw.xilinx_u280_gen3x16_xdma_1_202211_1/link/vivado/vpl/prj/prj.runs/impl_1/runme.log' for more information
ERROR: [VPL 60-1328] Vpl run 'vpl' failed
ERROR: [VPL 60-806] Failed to finish platform linker
INFO: [v++ 60-1442] [03:13:33] Run run_link: Step vpl: Failed
Time (s): cpu = 00:05:45 ; elapsed = 06:01:29 . Memory (MB): peak = 2380.258 ; gain = 0.000 ; free physical = 61537 ; free virtual = 179259
ERROR: [v++ 60-661] v++ link run 'run_link' failed
ERROR: [v++ 60-626] Kernel link failed to complete
ERROR: [v++ 60-703] Failed to finish linking
INFO: [v++ 60-1653] Closing dispatch client.
