

================================================================
== Vitis HLS Report for 'init_block_AB_proc70_Pipeline_init_block_AB'
================================================================
* Date:           Tue Sep  5 11:15:44 2023

* Version:        2022.1.2 (Build 3605665 on Fri Aug  5 22:52:02 MDT 2022)
* Project:        out.prj
* Solution:       solution1 (Vivado IP Flow Target)
* Product family: zynq
* Target device:  xc7z020-clg484-1


================================================================
== Performance Estimates
================================================================
+ Timing: 
    * Summary: 
    +--------+----------+----------+------------+
    |  Clock |  Target  | Estimated| Uncertainty|
    +--------+----------+----------+------------+
    |ap_clk  |  10.00 ns|  6.888 ns|     2.70 ns|
    +--------+----------+----------+------------+

+ Latency: 
    * Summary: 
    +---------+---------+----------+----------+-----+-----+---------+
    |  Latency (cycles) |  Latency (absolute) |  Interval | Pipeline|
    |   min   |   max   |    min   |    max   | min | max |   Type  |
    +---------+---------+----------+----------+-----+-----+---------+
    |      770|      770|  7.700 us|  7.700 us|  770|  770|       no|
    +---------+---------+----------+----------+-----+-----+---------+

    + Detail: 
        * Instance: 
        N/A

        * Loop: 
        +-----------------+---------+---------+----------+-----------+-----------+------+----------+
        |                 |  Latency (cycles) | Iteration|  Initiation Interval  | Trip |          |
        |    Loop Name    |   min   |   max   |  Latency |  achieved |   target  | Count| Pipelined|
        +-----------------+---------+---------+----------+-----------+-----------+------+----------+
        |- init_block_AB  |      768|      768|         2|          1|          1|   768|       yes|
        +-----------------+---------+---------+----------+-----------+-----------+------+----------+



================================================================
== Utilization Estimates
================================================================
* Summary: 
+-----------------+---------+-----+--------+-------+-----+
|       Name      | BRAM_18K| DSP |   FF   |  LUT  | URAM|
+-----------------+---------+-----+--------+-------+-----+
|DSP              |        -|    -|       -|      -|    -|
|Expression       |        -|    -|       0|     53|    -|
|FIFO             |        -|    -|       -|      -|    -|
|Instance         |        -|    -|       -|      -|    -|
|Memory           |        -|    -|       -|      -|    -|
|Multiplexer      |        -|    -|       -|    252|    -|
|Register         |        -|    -|      13|      -|    -|
+-----------------+---------+-----+--------+-------+-----+
|Total            |        0|    0|      13|    305|    0|
+-----------------+---------+-----+--------+-------+-----+
|Available        |      280|  220|  106400|  53200|    0|
+-----------------+---------+-----+--------+-------+-----+
|Utilization (%)  |        0|    0|      ~0|     ~0|    0|
+-----------------+---------+-----+--------+-------+-----+

+ Detail: 
    * Instance: 
    N/A

    * DSP: 
    N/A

    * Memory: 
    N/A

    * FIFO: 
    N/A

    * Expression: 
    +----------------------------------+----------+----+---+----+------------+------------+
    |           Variable Name          | Operation| DSP| FF| LUT| Bitwidth P0| Bitwidth P1|
    +----------------------------------+----------+----+---+----+------------+------------+
    |add_ln174_fu_688_p2               |         +|   0|  0|  23|          16|          16|
    |add_ln25_fu_662_p2                |         +|   0|  0|  13|          10|           1|
    |ap_block_pp0_stage0_01001         |       and|   0|  0|   2|           1|           1|
    |icmp_ln25_fu_656_p2               |      icmp|   0|  0|  11|          10|          10|
    |ap_block_state2_pp0_stage0_iter1  |        or|   0|  0|   2|           1|           1|
    |ap_enable_pp0                     |       xor|   0|  0|   2|           1|           2|
    +----------------------------------+----------+----+---+----+------------+------------+
    |Total                             |          |   0|  0|  53|          39|          31|
    +----------------------------------+----------+----+---+----+------------+------------+

    * Multiplexer: 
    +---------------------------+----+-----------+-----+-----------+
    |            Name           | LUT| Input Size| Bits| Total Bits|
    +---------------------------+----+-----------+-----+-----------+
    |ap_done_int                |   9|          2|    1|          2|
    |ap_enable_reg_pp0_iter1    |   9|          2|    1|          2|
    |ap_sig_allocacmp_k_25      |   9|          2|   10|         20|
    |block_A_loader_01_blk_n    |   9|          2|    1|          2|
    |block_A_loader_1011_blk_n  |   9|          2|    1|          2|
    |block_A_loader_1112_blk_n  |   9|          2|    1|          2|
    |block_A_loader_12_blk_n    |   9|          2|    1|          2|
    |block_A_loader_23_blk_n    |   9|          2|    1|          2|
    |block_A_loader_34_blk_n    |   9|          2|    1|          2|
    |block_A_loader_45_blk_n    |   9|          2|    1|          2|
    |block_A_loader_56_blk_n    |   9|          2|    1|          2|
    |block_A_loader_67_blk_n    |   9|          2|    1|          2|
    |block_A_loader_78_blk_n    |   9|          2|    1|          2|
    |block_A_loader_89_blk_n    |   9|          2|    1|          2|
    |block_A_loader_910_blk_n   |   9|          2|    1|          2|
    |block_B_loader_013_blk_n   |   9|          2|    1|          2|
    |block_B_loader_1023_blk_n  |   9|          2|    1|          2|
    |block_B_loader_1124_blk_n  |   9|          2|    1|          2|
    |block_B_loader_114_blk_n   |   9|          2|    1|          2|
    |block_B_loader_215_blk_n   |   9|          2|    1|          2|
    |block_B_loader_316_blk_n   |   9|          2|    1|          2|
    |block_B_loader_417_blk_n   |   9|          2|    1|          2|
    |block_B_loader_518_blk_n   |   9|          2|    1|          2|
    |block_B_loader_619_blk_n   |   9|          2|    1|          2|
    |block_B_loader_720_blk_n   |   9|          2|    1|          2|
    |block_B_loader_821_blk_n   |   9|          2|    1|          2|
    |block_B_loader_922_blk_n   |   9|          2|    1|          2|
    |k_fu_134                   |   9|          2|   10|         20|
    +---------------------------+----+-----------+-----+-----------+
    |Total                      | 252|         56|   46|         92|
    +---------------------------+----+-----------+-----+-----------+

    * Register: 
    +-------------------------+----+----+-----+-----------+
    |           Name          | FF | LUT| Bits| Const Bits|
    +-------------------------+----+----+-----+-----------+
    |ap_CS_fsm                |   1|   0|    1|          0|
    |ap_done_reg              |   1|   0|    1|          0|
    |ap_enable_reg_pp0_iter1  |   1|   0|    1|          0|
    |k_fu_134                 |  10|   0|   10|          0|
    +-------------------------+----+----+-----+-----------+
    |Total                    |  13|   0|   13|          0|
    +-------------------------+----+----+-----+-----------+



================================================================
== Interface
================================================================
* Summary: 
+------------------------------------+-----+-----+------------+---------------------------------------------+--------------+
|              RTL Ports             | Dir | Bits|  Protocol  |                Source Object                |    C Type    |
+------------------------------------+-----+-----+------------+---------------------------------------------+--------------+
|ap_clk                              |   in|    1|  ap_ctrl_hs|  init_block_AB_proc70_Pipeline_init_block_AB|  return value|
|ap_rst                              |   in|    1|  ap_ctrl_hs|  init_block_AB_proc70_Pipeline_init_block_AB|  return value|
|ap_start                            |   in|    1|  ap_ctrl_hs|  init_block_AB_proc70_Pipeline_init_block_AB|  return value|
|ap_done                             |  out|    1|  ap_ctrl_hs|  init_block_AB_proc70_Pipeline_init_block_AB|  return value|
|ap_idle                             |  out|    1|  ap_ctrl_hs|  init_block_AB_proc70_Pipeline_init_block_AB|  return value|
|ap_ready                            |  out|    1|  ap_ctrl_hs|  init_block_AB_proc70_Pipeline_init_block_AB|  return value|
|block_A_loader_01_din               |  out|   24|     ap_fifo|                            block_A_loader_01|       pointer|
|block_A_loader_01_num_data_valid    |   in|    2|     ap_fifo|                            block_A_loader_01|       pointer|
|block_A_loader_01_fifo_cap          |   in|    2|     ap_fifo|                            block_A_loader_01|       pointer|
|block_A_loader_01_full_n            |   in|    1|     ap_fifo|                            block_A_loader_01|       pointer|
|block_A_loader_01_write             |  out|    1|     ap_fifo|                            block_A_loader_01|       pointer|
|block_A_loader_12_din               |  out|   24|     ap_fifo|                            block_A_loader_12|       pointer|
|block_A_loader_12_num_data_valid    |   in|    2|     ap_fifo|                            block_A_loader_12|       pointer|
|block_A_loader_12_fifo_cap          |   in|    2|     ap_fifo|                            block_A_loader_12|       pointer|
|block_A_loader_12_full_n            |   in|    1|     ap_fifo|                            block_A_loader_12|       pointer|
|block_A_loader_12_write             |  out|    1|     ap_fifo|                            block_A_loader_12|       pointer|
|block_A_loader_23_din               |  out|   24|     ap_fifo|                            block_A_loader_23|       pointer|
|block_A_loader_23_num_data_valid    |   in|    2|     ap_fifo|                            block_A_loader_23|       pointer|
|block_A_loader_23_fifo_cap          |   in|    2|     ap_fifo|                            block_A_loader_23|       pointer|
|block_A_loader_23_full_n            |   in|    1|     ap_fifo|                            block_A_loader_23|       pointer|
|block_A_loader_23_write             |  out|    1|     ap_fifo|                            block_A_loader_23|       pointer|
|block_A_loader_34_din               |  out|   24|     ap_fifo|                            block_A_loader_34|       pointer|
|block_A_loader_34_num_data_valid    |   in|    2|     ap_fifo|                            block_A_loader_34|       pointer|
|block_A_loader_34_fifo_cap          |   in|    2|     ap_fifo|                            block_A_loader_34|       pointer|
|block_A_loader_34_full_n            |   in|    1|     ap_fifo|                            block_A_loader_34|       pointer|
|block_A_loader_34_write             |  out|    1|     ap_fifo|                            block_A_loader_34|       pointer|
|block_A_loader_45_din               |  out|   24|     ap_fifo|                            block_A_loader_45|       pointer|
|block_A_loader_45_num_data_valid    |   in|    2|     ap_fifo|                            block_A_loader_45|       pointer|
|block_A_loader_45_fifo_cap          |   in|    2|     ap_fifo|                            block_A_loader_45|       pointer|
|block_A_loader_45_full_n            |   in|    1|     ap_fifo|                            block_A_loader_45|       pointer|
|block_A_loader_45_write             |  out|    1|     ap_fifo|                            block_A_loader_45|       pointer|
|block_A_loader_56_din               |  out|   24|     ap_fifo|                            block_A_loader_56|       pointer|
|block_A_loader_56_num_data_valid    |   in|    2|     ap_fifo|                            block_A_loader_56|       pointer|
|block_A_loader_56_fifo_cap          |   in|    2|     ap_fifo|                            block_A_loader_56|       pointer|
|block_A_loader_56_full_n            |   in|    1|     ap_fifo|                            block_A_loader_56|       pointer|
|block_A_loader_56_write             |  out|    1|     ap_fifo|                            block_A_loader_56|       pointer|
|block_A_loader_67_din               |  out|   24|     ap_fifo|                            block_A_loader_67|       pointer|
|block_A_loader_67_num_data_valid    |   in|    2|     ap_fifo|                            block_A_loader_67|       pointer|
|block_A_loader_67_fifo_cap          |   in|    2|     ap_fifo|                            block_A_loader_67|       pointer|
|block_A_loader_67_full_n            |   in|    1|     ap_fifo|                            block_A_loader_67|       pointer|
|block_A_loader_67_write             |  out|    1|     ap_fifo|                            block_A_loader_67|       pointer|
|block_A_loader_78_din               |  out|   24|     ap_fifo|                            block_A_loader_78|       pointer|
|block_A_loader_78_num_data_valid    |   in|    2|     ap_fifo|                            block_A_loader_78|       pointer|
|block_A_loader_78_fifo_cap          |   in|    2|     ap_fifo|                            block_A_loader_78|       pointer|
|block_A_loader_78_full_n            |   in|    1|     ap_fifo|                            block_A_loader_78|       pointer|
|block_A_loader_78_write             |  out|    1|     ap_fifo|                            block_A_loader_78|       pointer|
|block_A_loader_89_din               |  out|   24|     ap_fifo|                            block_A_loader_89|       pointer|
|block_A_loader_89_num_data_valid    |   in|    2|     ap_fifo|                            block_A_loader_89|       pointer|
|block_A_loader_89_fifo_cap          |   in|    2|     ap_fifo|                            block_A_loader_89|       pointer|
|block_A_loader_89_full_n            |   in|    1|     ap_fifo|                            block_A_loader_89|       pointer|
|block_A_loader_89_write             |  out|    1|     ap_fifo|                            block_A_loader_89|       pointer|
|block_A_loader_910_din              |  out|   24|     ap_fifo|                           block_A_loader_910|       pointer|
|block_A_loader_910_num_data_valid   |   in|    2|     ap_fifo|                           block_A_loader_910|       pointer|
|block_A_loader_910_fifo_cap         |   in|    2|     ap_fifo|                           block_A_loader_910|       pointer|
|block_A_loader_910_full_n           |   in|    1|     ap_fifo|                           block_A_loader_910|       pointer|
|block_A_loader_910_write            |  out|    1|     ap_fifo|                           block_A_loader_910|       pointer|
|block_A_loader_1011_din             |  out|   24|     ap_fifo|                          block_A_loader_1011|       pointer|
|block_A_loader_1011_num_data_valid  |   in|    2|     ap_fifo|                          block_A_loader_1011|       pointer|
|block_A_loader_1011_fifo_cap        |   in|    2|     ap_fifo|                          block_A_loader_1011|       pointer|
|block_A_loader_1011_full_n          |   in|    1|     ap_fifo|                          block_A_loader_1011|       pointer|
|block_A_loader_1011_write           |  out|    1|     ap_fifo|                          block_A_loader_1011|       pointer|
|block_A_loader_1112_din             |  out|   24|     ap_fifo|                          block_A_loader_1112|       pointer|
|block_A_loader_1112_num_data_valid  |   in|    2|     ap_fifo|                          block_A_loader_1112|       pointer|
|block_A_loader_1112_fifo_cap        |   in|    2|     ap_fifo|                          block_A_loader_1112|       pointer|
|block_A_loader_1112_full_n          |   in|    1|     ap_fifo|                          block_A_loader_1112|       pointer|
|block_A_loader_1112_write           |  out|    1|     ap_fifo|                          block_A_loader_1112|       pointer|
|block_B_loader_013_din              |  out|   24|     ap_fifo|                           block_B_loader_013|       pointer|
|block_B_loader_013_num_data_valid   |   in|    2|     ap_fifo|                           block_B_loader_013|       pointer|
|block_B_loader_013_fifo_cap         |   in|    2|     ap_fifo|                           block_B_loader_013|       pointer|
|block_B_loader_013_full_n           |   in|    1|     ap_fifo|                           block_B_loader_013|       pointer|
|block_B_loader_013_write            |  out|    1|     ap_fifo|                           block_B_loader_013|       pointer|
|block_B_loader_114_din              |  out|   24|     ap_fifo|                           block_B_loader_114|       pointer|
|block_B_loader_114_num_data_valid   |   in|    2|     ap_fifo|                           block_B_loader_114|       pointer|
|block_B_loader_114_fifo_cap         |   in|    2|     ap_fifo|                           block_B_loader_114|       pointer|
|block_B_loader_114_full_n           |   in|    1|     ap_fifo|                           block_B_loader_114|       pointer|
|block_B_loader_114_write            |  out|    1|     ap_fifo|                           block_B_loader_114|       pointer|
|block_B_loader_215_din              |  out|   24|     ap_fifo|                           block_B_loader_215|       pointer|
|block_B_loader_215_num_data_valid   |   in|    2|     ap_fifo|                           block_B_loader_215|       pointer|
|block_B_loader_215_fifo_cap         |   in|    2|     ap_fifo|                           block_B_loader_215|       pointer|
|block_B_loader_215_full_n           |   in|    1|     ap_fifo|                           block_B_loader_215|       pointer|
|block_B_loader_215_write            |  out|    1|     ap_fifo|                           block_B_loader_215|       pointer|
|block_B_loader_316_din              |  out|   24|     ap_fifo|                           block_B_loader_316|       pointer|
|block_B_loader_316_num_data_valid   |   in|    2|     ap_fifo|                           block_B_loader_316|       pointer|
|block_B_loader_316_fifo_cap         |   in|    2|     ap_fifo|                           block_B_loader_316|       pointer|
|block_B_loader_316_full_n           |   in|    1|     ap_fifo|                           block_B_loader_316|       pointer|
|block_B_loader_316_write            |  out|    1|     ap_fifo|                           block_B_loader_316|       pointer|
|block_B_loader_417_din              |  out|   24|     ap_fifo|                           block_B_loader_417|       pointer|
|block_B_loader_417_num_data_valid   |   in|    2|     ap_fifo|                           block_B_loader_417|       pointer|
|block_B_loader_417_fifo_cap         |   in|    2|     ap_fifo|                           block_B_loader_417|       pointer|
|block_B_loader_417_full_n           |   in|    1|     ap_fifo|                           block_B_loader_417|       pointer|
|block_B_loader_417_write            |  out|    1|     ap_fifo|                           block_B_loader_417|       pointer|
|block_B_loader_518_din              |  out|   24|     ap_fifo|                           block_B_loader_518|       pointer|
|block_B_loader_518_num_data_valid   |   in|    2|     ap_fifo|                           block_B_loader_518|       pointer|
|block_B_loader_518_fifo_cap         |   in|    2|     ap_fifo|                           block_B_loader_518|       pointer|
|block_B_loader_518_full_n           |   in|    1|     ap_fifo|                           block_B_loader_518|       pointer|
|block_B_loader_518_write            |  out|    1|     ap_fifo|                           block_B_loader_518|       pointer|
|block_B_loader_619_din              |  out|   24|     ap_fifo|                           block_B_loader_619|       pointer|
|block_B_loader_619_num_data_valid   |   in|    2|     ap_fifo|                           block_B_loader_619|       pointer|
|block_B_loader_619_fifo_cap         |   in|    2|     ap_fifo|                           block_B_loader_619|       pointer|
|block_B_loader_619_full_n           |   in|    1|     ap_fifo|                           block_B_loader_619|       pointer|
|block_B_loader_619_write            |  out|    1|     ap_fifo|                           block_B_loader_619|       pointer|
|block_B_loader_720_din              |  out|   24|     ap_fifo|                           block_B_loader_720|       pointer|
|block_B_loader_720_num_data_valid   |   in|    2|     ap_fifo|                           block_B_loader_720|       pointer|
|block_B_loader_720_fifo_cap         |   in|    2|     ap_fifo|                           block_B_loader_720|       pointer|
|block_B_loader_720_full_n           |   in|    1|     ap_fifo|                           block_B_loader_720|       pointer|
|block_B_loader_720_write            |  out|    1|     ap_fifo|                           block_B_loader_720|       pointer|
|block_B_loader_821_din              |  out|   24|     ap_fifo|                           block_B_loader_821|       pointer|
|block_B_loader_821_num_data_valid   |   in|    2|     ap_fifo|                           block_B_loader_821|       pointer|
|block_B_loader_821_fifo_cap         |   in|    2|     ap_fifo|                           block_B_loader_821|       pointer|
|block_B_loader_821_full_n           |   in|    1|     ap_fifo|                           block_B_loader_821|       pointer|
|block_B_loader_821_write            |  out|    1|     ap_fifo|                           block_B_loader_821|       pointer|
|block_B_loader_922_din              |  out|   24|     ap_fifo|                           block_B_loader_922|       pointer|
|block_B_loader_922_num_data_valid   |   in|    2|     ap_fifo|                           block_B_loader_922|       pointer|
|block_B_loader_922_fifo_cap         |   in|    2|     ap_fifo|                           block_B_loader_922|       pointer|
|block_B_loader_922_full_n           |   in|    1|     ap_fifo|                           block_B_loader_922|       pointer|
|block_B_loader_922_write            |  out|    1|     ap_fifo|                           block_B_loader_922|       pointer|
|block_B_loader_1023_din             |  out|   24|     ap_fifo|                          block_B_loader_1023|       pointer|
|block_B_loader_1023_num_data_valid  |   in|    2|     ap_fifo|                          block_B_loader_1023|       pointer|
|block_B_loader_1023_fifo_cap        |   in|    2|     ap_fifo|                          block_B_loader_1023|       pointer|
|block_B_loader_1023_full_n          |   in|    1|     ap_fifo|                          block_B_loader_1023|       pointer|
|block_B_loader_1023_write           |  out|    1|     ap_fifo|                          block_B_loader_1023|       pointer|
|block_B_loader_1124_din             |  out|   24|     ap_fifo|                          block_B_loader_1124|       pointer|
|block_B_loader_1124_num_data_valid  |   in|    2|     ap_fifo|                          block_B_loader_1124|       pointer|
|block_B_loader_1124_fifo_cap        |   in|    2|     ap_fifo|                          block_B_loader_1124|       pointer|
|block_B_loader_1124_full_n          |   in|    1|     ap_fifo|                          block_B_loader_1124|       pointer|
|block_B_loader_1124_write           |  out|    1|     ap_fifo|                          block_B_loader_1124|       pointer|
|sub_ln174_i                         |   in|   16|     ap_none|                                  sub_ln174_i|        scalar|
|v248_0_address0                     |  out|   16|   ap_memory|                                       v248_0|         array|
|v248_0_ce0                          |  out|    1|   ap_memory|                                       v248_0|         array|
|v248_0_q0                           |   in|   24|   ap_memory|                                       v248_0|         array|
|v248_1_address0                     |  out|   16|   ap_memory|                                       v248_1|         array|
|v248_1_ce0                          |  out|    1|   ap_memory|                                       v248_1|         array|
|v248_1_q0                           |   in|   24|   ap_memory|                                       v248_1|         array|
|v248_2_address0                     |  out|   16|   ap_memory|                                       v248_2|         array|
|v248_2_ce0                          |  out|    1|   ap_memory|                                       v248_2|         array|
|v248_2_q0                           |   in|   24|   ap_memory|                                       v248_2|         array|
|v248_3_address0                     |  out|   16|   ap_memory|                                       v248_3|         array|
|v248_3_ce0                          |  out|    1|   ap_memory|                                       v248_3|         array|
|v248_3_q0                           |   in|   24|   ap_memory|                                       v248_3|         array|
|v248_4_address0                     |  out|   16|   ap_memory|                                       v248_4|         array|
|v248_4_ce0                          |  out|    1|   ap_memory|                                       v248_4|         array|
|v248_4_q0                           |   in|   24|   ap_memory|                                       v248_4|         array|
|v248_5_address0                     |  out|   16|   ap_memory|                                       v248_5|         array|
|v248_5_ce0                          |  out|    1|   ap_memory|                                       v248_5|         array|
|v248_5_q0                           |   in|   24|   ap_memory|                                       v248_5|         array|
|v248_6_address0                     |  out|   16|   ap_memory|                                       v248_6|         array|
|v248_6_ce0                          |  out|    1|   ap_memory|                                       v248_6|         array|
|v248_6_q0                           |   in|   24|   ap_memory|                                       v248_6|         array|
|v248_7_address0                     |  out|   16|   ap_memory|                                       v248_7|         array|
|v248_7_ce0                          |  out|    1|   ap_memory|                                       v248_7|         array|
|v248_7_q0                           |   in|   24|   ap_memory|                                       v248_7|         array|
|v248_8_address0                     |  out|   16|   ap_memory|                                       v248_8|         array|
|v248_8_ce0                          |  out|    1|   ap_memory|                                       v248_8|         array|
|v248_8_q0                           |   in|   24|   ap_memory|                                       v248_8|         array|
|v248_9_address0                     |  out|   16|   ap_memory|                                       v248_9|         array|
|v248_9_ce0                          |  out|    1|   ap_memory|                                       v248_9|         array|
|v248_9_q0                           |   in|   24|   ap_memory|                                       v248_9|         array|
|v248_10_address0                    |  out|   16|   ap_memory|                                      v248_10|         array|
|v248_10_ce0                         |  out|    1|   ap_memory|                                      v248_10|         array|
|v248_10_q0                          |   in|   24|   ap_memory|                                      v248_10|         array|
|v248_11_address0                    |  out|   16|   ap_memory|                                      v248_11|         array|
|v248_11_ce0                         |  out|    1|   ap_memory|                                      v248_11|         array|
|v248_11_q0                          |   in|   24|   ap_memory|                                      v248_11|         array|
|v247_0_address0                     |  out|   10|   ap_memory|                                       v247_0|         array|
|v247_0_ce0                          |  out|    1|   ap_memory|                                       v247_0|         array|
|v247_0_q0                           |   in|   24|   ap_memory|                                       v247_0|         array|
|v247_1_address0                     |  out|   10|   ap_memory|                                       v247_1|         array|
|v247_1_ce0                          |  out|    1|   ap_memory|                                       v247_1|         array|
|v247_1_q0                           |   in|   24|   ap_memory|                                       v247_1|         array|
|v247_2_address0                     |  out|   10|   ap_memory|                                       v247_2|         array|
|v247_2_ce0                          |  out|    1|   ap_memory|                                       v247_2|         array|
|v247_2_q0                           |   in|   24|   ap_memory|                                       v247_2|         array|
|v247_3_address0                     |  out|   10|   ap_memory|                                       v247_3|         array|
|v247_3_ce0                          |  out|    1|   ap_memory|                                       v247_3|         array|
|v247_3_q0                           |   in|   24|   ap_memory|                                       v247_3|         array|
|v247_4_address0                     |  out|   10|   ap_memory|                                       v247_4|         array|
|v247_4_ce0                          |  out|    1|   ap_memory|                                       v247_4|         array|
|v247_4_q0                           |   in|   24|   ap_memory|                                       v247_4|         array|
|v247_5_address0                     |  out|   10|   ap_memory|                                       v247_5|         array|
|v247_5_ce0                          |  out|    1|   ap_memory|                                       v247_5|         array|
|v247_5_q0                           |   in|   24|   ap_memory|                                       v247_5|         array|
|v247_6_address0                     |  out|   10|   ap_memory|                                       v247_6|         array|
|v247_6_ce0                          |  out|    1|   ap_memory|                                       v247_6|         array|
|v247_6_q0                           |   in|   24|   ap_memory|                                       v247_6|         array|
|v247_7_address0                     |  out|   10|   ap_memory|                                       v247_7|         array|
|v247_7_ce0                          |  out|    1|   ap_memory|                                       v247_7|         array|
|v247_7_q0                           |   in|   24|   ap_memory|                                       v247_7|         array|
|v247_8_address0                     |  out|   10|   ap_memory|                                       v247_8|         array|
|v247_8_ce0                          |  out|    1|   ap_memory|                                       v247_8|         array|
|v247_8_q0                           |   in|   24|   ap_memory|                                       v247_8|         array|
|v247_9_address0                     |  out|   10|   ap_memory|                                       v247_9|         array|
|v247_9_ce0                          |  out|    1|   ap_memory|                                       v247_9|         array|
|v247_9_q0                           |   in|   24|   ap_memory|                                       v247_9|         array|
|v247_10_address0                    |  out|   10|   ap_memory|                                      v247_10|         array|
|v247_10_ce0                         |  out|    1|   ap_memory|                                      v247_10|         array|
|v247_10_q0                          |   in|   24|   ap_memory|                                      v247_10|         array|
|v247_11_address0                    |  out|   10|   ap_memory|                                      v247_11|         array|
|v247_11_ce0                         |  out|    1|   ap_memory|                                      v247_11|         array|
|v247_11_q0                          |   in|   24|   ap_memory|                                      v247_11|         array|
+------------------------------------+-----+-----+------------+---------------------------------------------+--------------+

