

================================================================
== Vitis HLS Report for 'Self_attention_Pipeline_l_mh_separate_i_s_l_j_s'
================================================================
* Date:           Tue Sep  5 11:39:49 2023

* Version:        2022.1.2 (Build 3605665 on Fri Aug  5 22:52:02 MDT 2022)
* Project:        out.prj
* Solution:       solution1 (Vivado IP Flow Target)
* Product family: zynq
* Target device:  xc7z020-clg484-1


================================================================
== Performance Estimates
================================================================
+ Timing: 
    * Summary: 
    +--------+----------+----------+------------+
    |  Clock |  Target  | Estimated| Uncertainty|
    +--------+----------+----------+------------+
    |ap_clk  |  10.00 ns|  6.035 ns|     2.70 ns|
    +--------+----------+----------+------------+

+ Latency: 
    * Summary: 
    +---------+---------+----------+----------+-----+-----+---------+
    |  Latency (cycles) |  Latency (absolute) |  Interval | Pipeline|
    |   min   |   max   |    min   |    max   | min | max |   Type  |
    +---------+---------+----------+----------+-----+-----+---------+
    |      772|      772|  7.720 us|  7.720 us|  772|  772|       no|
    +---------+---------+----------+----------+-----+-----+---------+

    + Detail: 
        * Instance: 
        N/A

        * Loop: 
        +---------------------------+---------+---------+----------+-----------+-----------+------+----------+
        |                           |  Latency (cycles) | Iteration|  Initiation Interval  | Trip |          |
        |         Loop Name         |   min   |   max   |  Latency |  achieved |   target  | Count| Pipelined|
        +---------------------------+---------+---------+----------+-----------+-----------+------+----------+
        |- l_mh_separate_i_s_l_j_s  |      770|      770|         4|          1|          1|   768|       yes|
        +---------------------------+---------+---------+----------+-----------+-----------+------+----------+



================================================================
== Utilization Estimates
================================================================
* Summary: 
+-----------------+---------+-----+--------+-------+-----+
|       Name      | BRAM_18K| DSP |   FF   |  LUT  | URAM|
+-----------------+---------+-----+--------+-------+-----+
|DSP              |        -|    -|       -|      -|    -|
|Expression       |        -|    -|       0|    103|    -|
|FIFO             |        -|    -|       -|      -|    -|
|Instance         |        -|    -|       0|    195|    -|
|Memory           |        -|    -|       -|      -|    -|
|Multiplexer      |        -|    -|       -|     63|    -|
|Register         |        -|    -|     185|     32|    -|
+-----------------+---------+-----+--------+-------+-----+
|Total            |        0|    0|     185|    393|    0|
+-----------------+---------+-----+--------+-------+-----+
|Available        |      280|  220|  106400|  53200|    0|
+-----------------+---------+-----+--------+-------+-----+
|Utilization (%)  |        0|    0|      ~0|     ~0|    0|
+-----------------+---------+-----+--------+-------+-----+

+ Detail: 
    * Instance: 
    +----------------------+----------------+---------+----+---+----+-----+
    |       Instance       |     Module     | BRAM_18K| DSP| FF| LUT| URAM|
    +----------------------+----------------+---------+----+---+----+-----+
    |mux_124_24_1_1_U2231  |mux_124_24_1_1  |        0|   0|  0|  65|    0|
    |mux_124_24_1_1_U2232  |mux_124_24_1_1  |        0|   0|  0|  65|    0|
    |mux_124_24_1_1_U2233  |mux_124_24_1_1  |        0|   0|  0|  65|    0|
    +----------------------+----------------+---------+----+---+----+-----+
    |Total                 |                |        0|   0|  0| 195|    0|
    +----------------------+----------------+---------+----+---+----+-----+

    * DSP: 
    N/A

    * Memory: 
    N/A

    * FIFO: 
    N/A

    * Expression: 
    +--------------------------+----------+----+---+----+------------+------------+
    |       Variable Name      | Operation| DSP| FF| LUT| Bitwidth P0| Bitwidth P1|
    +--------------------------+----------+----+---+----+------------+------------+
    |add_ln144_1_fu_826_p2     |         +|   0|  0|  13|          10|           1|
    |add_ln144_fu_919_p2       |         +|   0|  0|  13|           4|           1|
    |add_ln145_fu_849_p2       |         +|   0|  0|  14|           7|           1|
    |add_ln147_fu_868_p2       |         +|   0|  0|  13|          10|          10|
    |add_ln148_fu_1051_p2      |         +|   0|  0|  15|           8|           8|
    |icmp_ln144_fu_820_p2      |      icmp|   0|  0|  11|          10|          10|
    |icmp_ln145_fu_835_p2      |      icmp|   0|  0|  11|           7|           8|
    |select_ln144_1_fu_925_p3  |    select|   0|  0|   4|           1|           4|
    |select_ln144_fu_841_p3    |    select|   0|  0|   7|           1|           1|
    |ap_enable_pp0             |       xor|   0|  0|   2|           1|           2|
    +--------------------------+----------+----+---+----+------------+------------+
    |Total                     |          |   0|  0| 103|          59|          46|
    +--------------------------+----------+----+---+----+------------+------------+

    * Multiplexer: 
    +--------------------------------------+----+-----------+-----+-----------+
    |                 Name                 | LUT| Input Size| Bits| Total Bits|
    +--------------------------------------+----+-----------+-----+-----------+
    |ap_done_int                           |   9|          2|    1|          2|
    |ap_enable_reg_pp0_iter1               |   9|          2|    1|          2|
    |ap_sig_allocacmp_indvar_flatten_load  |   9|          2|   10|         20|
    |ap_sig_allocacmp_j_s_load             |   9|          2|    7|         14|
    |i_s_fu_164                            |   9|          2|    4|          8|
    |indvar_flatten_fu_168                 |   9|          2|   10|         20|
    |j_s_fu_160                            |   9|          2|    7|         14|
    +--------------------------------------+----+-----------+-----+-----------+
    |Total                                 |  63|         14|   40|         80|
    +--------------------------------------+----+-----------+-----+-----------+

    * Register: 
    +------------------------------------+----+----+-----+-----------+
    |                Name                | FF | LUT| Bits| Const Bits|
    +------------------------------------+----+----+-----+-----------+
    |ap_CS_fsm                           |   1|   0|    1|          0|
    |ap_done_reg                         |   1|   0|    1|          0|
    |ap_enable_reg_pp0_iter1             |   1|   0|    1|          0|
    |ap_enable_reg_pp0_iter2             |   1|   0|    1|          0|
    |ap_enable_reg_pp0_iter3             |   1|   0|    1|          0|
    |ap_loop_exit_ready_pp0_iter1_reg    |   1|   0|    1|          0|
    |ap_loop_exit_ready_pp0_iter2_reg    |   1|   0|    1|          0|
    |i_s_fu_164                          |   4|   0|    4|          0|
    |icmp_ln145_reg_1123                 |   1|   0|    1|          0|
    |icmp_ln145_reg_1123_pp0_iter1_reg   |   1|   0|    1|          0|
    |indvar_flatten_fu_168               |  10|   0|   10|          0|
    |j_s_fu_160                          |   7|   0|    7|          0|
    |p_cast_mid2_v_reg_1325              |   2|   0|    2|          0|
    |select_ln144_1_reg_1320             |   4|   0|    4|          0|
    |select_ln144_reg_1128               |   7|   0|    7|          0|
    |tmp_1_reg_1350                      |  24|   0|   24|          0|
    |tmp_reg_1334                        |  24|   0|   24|          0|
    |tmp_s_reg_1342                      |  24|   0|   24|          0|
    |trunc_ln144_reg_1330                |   2|   0|    2|          0|
    |trunc_ln152_reg_1316                |   2|   0|    2|          0|
    |trunc_ln152_reg_1316_pp0_iter2_reg  |   2|   0|    2|          0|
    |select_ln144_reg_1128               |  64|  32|    7|          0|
    +------------------------------------+----+----+-----+-----------+
    |Total                               | 185|  32|  128|          0|
    +------------------------------------+----+----+-----+-----------+



================================================================
== Interface
================================================================
* Summary: 
+------------------+-----+-----+------------+-------------------------------------------------+--------------+
|     RTL Ports    | Dir | Bits|  Protocol  |                  Source Object                  |    C Type    |
+------------------+-----+-----+------------+-------------------------------------------------+--------------+
|ap_clk            |   in|    1|  ap_ctrl_hs|  Self_attention_Pipeline_l_mh_separate_i_s_l_j_s|  return value|
|ap_rst            |   in|    1|  ap_ctrl_hs|  Self_attention_Pipeline_l_mh_separate_i_s_l_j_s|  return value|
|ap_start          |   in|    1|  ap_ctrl_hs|  Self_attention_Pipeline_l_mh_separate_i_s_l_j_s|  return value|
|ap_done           |  out|    1|  ap_ctrl_hs|  Self_attention_Pipeline_l_mh_separate_i_s_l_j_s|  return value|
|ap_idle           |  out|    1|  ap_ctrl_hs|  Self_attention_Pipeline_l_mh_separate_i_s_l_j_s|  return value|
|ap_ready          |  out|    1|  ap_ctrl_hs|  Self_attention_Pipeline_l_mh_separate_i_s_l_j_s|  return value|
|v89_0_address0    |  out|   10|   ap_memory|                                            v89_0|         array|
|v89_0_ce0         |  out|    1|   ap_memory|                                            v89_0|         array|
|v89_0_q0          |   in|   24|   ap_memory|                                            v89_0|         array|
|v89_1_address0    |  out|   10|   ap_memory|                                            v89_1|         array|
|v89_1_ce0         |  out|    1|   ap_memory|                                            v89_1|         array|
|v89_1_q0          |   in|   24|   ap_memory|                                            v89_1|         array|
|v89_2_address0    |  out|   10|   ap_memory|                                            v89_2|         array|
|v89_2_ce0         |  out|    1|   ap_memory|                                            v89_2|         array|
|v89_2_q0          |   in|   24|   ap_memory|                                            v89_2|         array|
|v89_3_address0    |  out|   10|   ap_memory|                                            v89_3|         array|
|v89_3_ce0         |  out|    1|   ap_memory|                                            v89_3|         array|
|v89_3_q0          |   in|   24|   ap_memory|                                            v89_3|         array|
|v89_4_address0    |  out|   10|   ap_memory|                                            v89_4|         array|
|v89_4_ce0         |  out|    1|   ap_memory|                                            v89_4|         array|
|v89_4_q0          |   in|   24|   ap_memory|                                            v89_4|         array|
|v89_5_address0    |  out|   10|   ap_memory|                                            v89_5|         array|
|v89_5_ce0         |  out|    1|   ap_memory|                                            v89_5|         array|
|v89_5_q0          |   in|   24|   ap_memory|                                            v89_5|         array|
|v89_6_address0    |  out|   10|   ap_memory|                                            v89_6|         array|
|v89_6_ce0         |  out|    1|   ap_memory|                                            v89_6|         array|
|v89_6_q0          |   in|   24|   ap_memory|                                            v89_6|         array|
|v89_7_address0    |  out|   10|   ap_memory|                                            v89_7|         array|
|v89_7_ce0         |  out|    1|   ap_memory|                                            v89_7|         array|
|v89_7_q0          |   in|   24|   ap_memory|                                            v89_7|         array|
|v89_8_address0    |  out|   10|   ap_memory|                                            v89_8|         array|
|v89_8_ce0         |  out|    1|   ap_memory|                                            v89_8|         array|
|v89_8_q0          |   in|   24|   ap_memory|                                            v89_8|         array|
|v89_9_address0    |  out|   10|   ap_memory|                                            v89_9|         array|
|v89_9_ce0         |  out|    1|   ap_memory|                                            v89_9|         array|
|v89_9_q0          |   in|   24|   ap_memory|                                            v89_9|         array|
|v89_10_address0   |  out|   10|   ap_memory|                                           v89_10|         array|
|v89_10_ce0        |  out|    1|   ap_memory|                                           v89_10|         array|
|v89_10_q0         |   in|   24|   ap_memory|                                           v89_10|         array|
|v89_11_address0   |  out|   10|   ap_memory|                                           v89_11|         array|
|v89_11_ce0        |  out|    1|   ap_memory|                                           v89_11|         array|
|v89_11_q0         |   in|   24|   ap_memory|                                           v89_11|         array|
|V_h_V_address0    |  out|    8|   ap_memory|                                            V_h_V|         array|
|V_h_V_ce0         |  out|    1|   ap_memory|                                            V_h_V|         array|
|V_h_V_we0         |  out|    1|   ap_memory|                                            V_h_V|         array|
|V_h_V_d0          |  out|   24|   ap_memory|                                            V_h_V|         array|
|V_h_V_1_address0  |  out|    8|   ap_memory|                                          V_h_V_1|         array|
|V_h_V_1_ce0       |  out|    1|   ap_memory|                                          V_h_V_1|         array|
|V_h_V_1_we0       |  out|    1|   ap_memory|                                          V_h_V_1|         array|
|V_h_V_1_d0        |  out|   24|   ap_memory|                                          V_h_V_1|         array|
|V_h_V_2_address0  |  out|    8|   ap_memory|                                          V_h_V_2|         array|
|V_h_V_2_ce0       |  out|    1|   ap_memory|                                          V_h_V_2|         array|
|V_h_V_2_we0       |  out|    1|   ap_memory|                                          V_h_V_2|         array|
|V_h_V_2_d0        |  out|   24|   ap_memory|                                          V_h_V_2|         array|
|V_h_V_3_address0  |  out|    8|   ap_memory|                                          V_h_V_3|         array|
|V_h_V_3_ce0       |  out|    1|   ap_memory|                                          V_h_V_3|         array|
|V_h_V_3_we0       |  out|    1|   ap_memory|                                          V_h_V_3|         array|
|V_h_V_3_d0        |  out|   24|   ap_memory|                                          V_h_V_3|         array|
|Q_h_V_address0    |  out|    8|   ap_memory|                                            Q_h_V|         array|
|Q_h_V_ce0         |  out|    1|   ap_memory|                                            Q_h_V|         array|
|Q_h_V_we0         |  out|    1|   ap_memory|                                            Q_h_V|         array|
|Q_h_V_d0          |  out|   24|   ap_memory|                                            Q_h_V|         array|
|Q_h_V_1_address0  |  out|    8|   ap_memory|                                          Q_h_V_1|         array|
|Q_h_V_1_ce0       |  out|    1|   ap_memory|                                          Q_h_V_1|         array|
|Q_h_V_1_we0       |  out|    1|   ap_memory|                                          Q_h_V_1|         array|
|Q_h_V_1_d0        |  out|   24|   ap_memory|                                          Q_h_V_1|         array|
|Q_h_V_2_address0  |  out|    8|   ap_memory|                                          Q_h_V_2|         array|
|Q_h_V_2_ce0       |  out|    1|   ap_memory|                                          Q_h_V_2|         array|
|Q_h_V_2_we0       |  out|    1|   ap_memory|                                          Q_h_V_2|         array|
|Q_h_V_2_d0        |  out|   24|   ap_memory|                                          Q_h_V_2|         array|
|Q_h_V_3_address0  |  out|    8|   ap_memory|                                          Q_h_V_3|         array|
|Q_h_V_3_ce0       |  out|    1|   ap_memory|                                          Q_h_V_3|         array|
|Q_h_V_3_we0       |  out|    1|   ap_memory|                                          Q_h_V_3|         array|
|Q_h_V_3_d0        |  out|   24|   ap_memory|                                          Q_h_V_3|         array|
|K_h_V_address0    |  out|    8|   ap_memory|                                            K_h_V|         array|
|K_h_V_ce0         |  out|    1|   ap_memory|                                            K_h_V|         array|
|K_h_V_we0         |  out|    1|   ap_memory|                                            K_h_V|         array|
|K_h_V_d0          |  out|   24|   ap_memory|                                            K_h_V|         array|
|K_h_V_1_address0  |  out|    8|   ap_memory|                                          K_h_V_1|         array|
|K_h_V_1_ce0       |  out|    1|   ap_memory|                                          K_h_V_1|         array|
|K_h_V_1_we0       |  out|    1|   ap_memory|                                          K_h_V_1|         array|
|K_h_V_1_d0        |  out|   24|   ap_memory|                                          K_h_V_1|         array|
|K_h_V_2_address0  |  out|    8|   ap_memory|                                          K_h_V_2|         array|
|K_h_V_2_ce0       |  out|    1|   ap_memory|                                          K_h_V_2|         array|
|K_h_V_2_we0       |  out|    1|   ap_memory|                                          K_h_V_2|         array|
|K_h_V_2_d0        |  out|   24|   ap_memory|                                          K_h_V_2|         array|
|K_h_V_3_address0  |  out|    8|   ap_memory|                                          K_h_V_3|         array|
|K_h_V_3_ce0       |  out|    1|   ap_memory|                                          K_h_V_3|         array|
|K_h_V_3_we0       |  out|    1|   ap_memory|                                          K_h_V_3|         array|
|K_h_V_3_d0        |  out|   24|   ap_memory|                                          K_h_V_3|         array|
|tmp_62            |   in|   10|     ap_none|                                           tmp_62|        scalar|
|v87_0_address0    |  out|   10|   ap_memory|                                            v87_0|         array|
|v87_0_ce0         |  out|    1|   ap_memory|                                            v87_0|         array|
|v87_0_q0          |   in|   24|   ap_memory|                                            v87_0|         array|
|v87_1_address0    |  out|   10|   ap_memory|                                            v87_1|         array|
|v87_1_ce0         |  out|    1|   ap_memory|                                            v87_1|         array|
|v87_1_q0          |   in|   24|   ap_memory|                                            v87_1|         array|
|v87_2_address0    |  out|   10|   ap_memory|                                            v87_2|         array|
|v87_2_ce0         |  out|    1|   ap_memory|                                            v87_2|         array|
|v87_2_q0          |   in|   24|   ap_memory|                                            v87_2|         array|
|v87_3_address0    |  out|   10|   ap_memory|                                            v87_3|         array|
|v87_3_ce0         |  out|    1|   ap_memory|                                            v87_3|         array|
|v87_3_q0          |   in|   24|   ap_memory|                                            v87_3|         array|
|v87_4_address0    |  out|   10|   ap_memory|                                            v87_4|         array|
|v87_4_ce0         |  out|    1|   ap_memory|                                            v87_4|         array|
|v87_4_q0          |   in|   24|   ap_memory|                                            v87_4|         array|
|v87_5_address0    |  out|   10|   ap_memory|                                            v87_5|         array|
|v87_5_ce0         |  out|    1|   ap_memory|                                            v87_5|         array|
|v87_5_q0          |   in|   24|   ap_memory|                                            v87_5|         array|
|v87_6_address0    |  out|   10|   ap_memory|                                            v87_6|         array|
|v87_6_ce0         |  out|    1|   ap_memory|                                            v87_6|         array|
|v87_6_q0          |   in|   24|   ap_memory|                                            v87_6|         array|
|v87_7_address0    |  out|   10|   ap_memory|                                            v87_7|         array|
|v87_7_ce0         |  out|    1|   ap_memory|                                            v87_7|         array|
|v87_7_q0          |   in|   24|   ap_memory|                                            v87_7|         array|
|v87_8_address0    |  out|   10|   ap_memory|                                            v87_8|         array|
|v87_8_ce0         |  out|    1|   ap_memory|                                            v87_8|         array|
|v87_8_q0          |   in|   24|   ap_memory|                                            v87_8|         array|
|v87_9_address0    |  out|   10|   ap_memory|                                            v87_9|         array|
|v87_9_ce0         |  out|    1|   ap_memory|                                            v87_9|         array|
|v87_9_q0          |   in|   24|   ap_memory|                                            v87_9|         array|
|v87_10_address0   |  out|   10|   ap_memory|                                           v87_10|         array|
|v87_10_ce0        |  out|    1|   ap_memory|                                           v87_10|         array|
|v87_10_q0         |   in|   24|   ap_memory|                                           v87_10|         array|
|v87_11_address0   |  out|   10|   ap_memory|                                           v87_11|         array|
|v87_11_ce0        |  out|    1|   ap_memory|                                           v87_11|         array|
|v87_11_q0         |   in|   24|   ap_memory|                                           v87_11|         array|
|v88_0_address0    |  out|   10|   ap_memory|                                            v88_0|         array|
|v88_0_ce0         |  out|    1|   ap_memory|                                            v88_0|         array|
|v88_0_q0          |   in|   24|   ap_memory|                                            v88_0|         array|
|v88_1_address0    |  out|   10|   ap_memory|                                            v88_1|         array|
|v88_1_ce0         |  out|    1|   ap_memory|                                            v88_1|         array|
|v88_1_q0          |   in|   24|   ap_memory|                                            v88_1|         array|
|v88_2_address0    |  out|   10|   ap_memory|                                            v88_2|         array|
|v88_2_ce0         |  out|    1|   ap_memory|                                            v88_2|         array|
|v88_2_q0          |   in|   24|   ap_memory|                                            v88_2|         array|
|v88_3_address0    |  out|   10|   ap_memory|                                            v88_3|         array|
|v88_3_ce0         |  out|    1|   ap_memory|                                            v88_3|         array|
|v88_3_q0          |   in|   24|   ap_memory|                                            v88_3|         array|
|v88_4_address0    |  out|   10|   ap_memory|                                            v88_4|         array|
|v88_4_ce0         |  out|    1|   ap_memory|                                            v88_4|         array|
|v88_4_q0          |   in|   24|   ap_memory|                                            v88_4|         array|
|v88_5_address0    |  out|   10|   ap_memory|                                            v88_5|         array|
|v88_5_ce0         |  out|    1|   ap_memory|                                            v88_5|         array|
|v88_5_q0          |   in|   24|   ap_memory|                                            v88_5|         array|
|v88_6_address0    |  out|   10|   ap_memory|                                            v88_6|         array|
|v88_6_ce0         |  out|    1|   ap_memory|                                            v88_6|         array|
|v88_6_q0          |   in|   24|   ap_memory|                                            v88_6|         array|
|v88_7_address0    |  out|   10|   ap_memory|                                            v88_7|         array|
|v88_7_ce0         |  out|    1|   ap_memory|                                            v88_7|         array|
|v88_7_q0          |   in|   24|   ap_memory|                                            v88_7|         array|
|v88_8_address0    |  out|   10|   ap_memory|                                            v88_8|         array|
|v88_8_ce0         |  out|    1|   ap_memory|                                            v88_8|         array|
|v88_8_q0          |   in|   24|   ap_memory|                                            v88_8|         array|
|v88_9_address0    |  out|   10|   ap_memory|                                            v88_9|         array|
|v88_9_ce0         |  out|    1|   ap_memory|                                            v88_9|         array|
|v88_9_q0          |   in|   24|   ap_memory|                                            v88_9|         array|
|v88_10_address0   |  out|   10|   ap_memory|                                           v88_10|         array|
|v88_10_ce0        |  out|    1|   ap_memory|                                           v88_10|         array|
|v88_10_q0         |   in|   24|   ap_memory|                                           v88_10|         array|
|v88_11_address0   |  out|   10|   ap_memory|                                           v88_11|         array|
|v88_11_ce0        |  out|    1|   ap_memory|                                           v88_11|         array|
|v88_11_q0         |   in|   24|   ap_memory|                                           v88_11|         array|
+------------------+-----+-----+------------+-------------------------------------------------+--------------+

