

================================================================
== Vitis HLS Report for 'Layer_norm_1_Pipeline_l_j11'
================================================================
* Date:           Sat Sep  2 22:24:30 2023

* Version:        2022.1.2 (Build 3605665 on Fri Aug  5 22:52:02 MDT 2022)
* Project:        out.prj
* Solution:       solution1 (Vivado IP Flow Target)
* Product family: zynq
* Target device:  xc7z020-clg484-1


================================================================
== Performance Estimates
================================================================
+ Timing: 
    * Summary: 
    +--------+----------+----------+------------+
    |  Clock |  Target  | Estimated| Uncertainty|
    +--------+----------+----------+------------+
    |ap_clk  |  10.00 ns|  7.256 ns|     2.70 ns|
    +--------+----------+----------+------------+

+ Latency: 
    * Summary: 
    +---------+---------+----------+----------+-----+-----+---------+
    |  Latency (cycles) |  Latency (absolute) |  Interval | Pipeline|
    |   min   |   max   |    min   |    max   | min | max |   Type  |
    +---------+---------+----------+----------+-----+-----+---------+
    |      801|      801|  8.010 us|  8.010 us|  801|  801|       no|
    +---------+---------+----------+----------+-----+-----+---------+

    + Detail: 
        * Instance: 
        N/A

        * Loop: 
        +----------+---------+---------+----------+-----------+-----------+------+----------+
        |          |  Latency (cycles) | Iteration|  Initiation Interval  | Trip |          |
        | Loop Name|   min   |   max   |  Latency |  achieved |   target  | Count| Pipelined|
        +----------+---------+---------+----------+-----------+-----------+------+----------+
        |- l_j11   |      799|      799|        33|          1|          1|   768|       yes|
        +----------+---------+---------+----------+-----------+-----------+------+----------+

============================================================
+ Verbose Summary: Synthesis Manager
============================================================
InlineROM: 1
ExposeGlobal: 0
============================================================
+ Verbose Summary: CDFG Model
============================================================
IsTopModel: 0
ResetActiveHigh: 1
IsCombinational: 0
IsDatapathOnly: 0
HasWiredReturn: 1
HasMFsm: 2
HasVarLatency: 1
IsPipeline: 0
IsRtlPipelined: 0
IsInstanceOverlapped: 0
IsDontTouch: 0
HasImplIP: 0
IsGatedGlobalClock: 0

+ Individual pipeline summary: 
  * Pipeline-0: initiation interval (II) = 1, depth = 33


============================================================
+ Verbose Summary: Schedule
============================================================
* Number of FSM states : 33
* Pipeline : 1
  Pipeline-0 : II = 1, D = 33, States = { 1 2 3 4 5 6 7 8 9 10 11 12 13 14 15 16 17 18 19 20 21 22 23 24 25 26 27 28 29 30 31 32 33 }
* Dataflow Pipeline: 0

* FSM state transitions: 
1 --> 2 
2 --> 3 
3 --> 4 
4 --> 5 
5 --> 6 
6 --> 7 
7 --> 8 
8 --> 9 
9 --> 10 
10 --> 11 
11 --> 12 
12 --> 13 
13 --> 14 
14 --> 15 
15 --> 16 
16 --> 17 
17 --> 18 
18 --> 19 
19 --> 20 
20 --> 21 
21 --> 22 
22 --> 23 
23 --> 24 
24 --> 25 
25 --> 26 
26 --> 27 
27 --> 28 
28 --> 29 
29 --> 30 
30 --> 31 
31 --> 32 
32 --> 33 
33 --> 

* FSM state operations: 

State 1 <SV = 0> <Delay = 5.06>
ST_1 : Operation 36 [1/1] (0.00ns)   --->   "%j11 = alloca i32 1"   --->   Operation 36 'alloca' 'j11' <Predicate = true> <Delay = 0.00>
ST_1 : Operation 37 [1/1] (0.00ns)   --->   "%specinterface_ln0 = specinterface void @_ssdm_op_SpecInterface, i32 %v235, void @empty_46, i32 0, i32 0, void @empty_35, i32 4294967295, i32 0, void @empty_35, void @empty_35, void @empty_35, i32 0, i32 0, i32 0, i32 0, void @empty_35, void @empty_35, i32 4294967295, i32 0"   --->   Operation 37 'specinterface' 'specinterface_ln0' <Predicate = true> <Delay = 0.00>
ST_1 : Operation 38 [1/1] (0.00ns)   --->   "%specinterface_ln0 = specinterface void @_ssdm_op_SpecInterface, i32 %v236, void @empty_46, i32 0, i32 0, void @empty_35, i32 4294967295, i32 0, void @empty_35, void @empty_35, void @empty_35, i32 0, i32 0, i32 0, i32 0, void @empty_35, void @empty_35, i32 4294967295, i32 0"   --->   Operation 38 'specinterface' 'specinterface_ln0' <Predicate = true> <Delay = 0.00>
ST_1 : Operation 39 [1/1] (0.00ns)   --->   "%specinterface_ln0 = specinterface void @_ssdm_op_SpecInterface, i32 %v237, void @empty_46, i32 0, i32 0, void @empty_35, i32 4294967295, i32 0, void @empty_35, void @empty_35, void @empty_35, i32 0, i32 0, i32 0, i32 0, void @empty_35, void @empty_35, i32 4294967295, i32 0"   --->   Operation 39 'specinterface' 'specinterface_ln0' <Predicate = true> <Delay = 0.00>
ST_1 : Operation 40 [1/1] (0.00ns)   --->   "%v159_read = read i32 @_ssdm_op_Read.ap_auto.float, i32 %v159"   --->   Operation 40 'read' 'v159_read' <Predicate = true> <Delay = 0.00>
ST_1 : Operation 41 [1/1] (0.00ns)   --->   "%v154_read = read i32 @_ssdm_op_Read.ap_auto.float, i32 %v154"   --->   Operation 41 'read' 'v154_read' <Predicate = true> <Delay = 0.00>
ST_1 : Operation 42 [1/1] (0.00ns)   --->   "%sub_ln306_read = read i14 @_ssdm_op_Read.ap_auto.i14, i14 %sub_ln306"   --->   Operation 42 'read' 'sub_ln306_read' <Predicate = true> <Delay = 0.00>
ST_1 : Operation 43 [1/1] (1.58ns)   --->   "%store_ln0 = store i10 0, i10 %j11"   --->   Operation 43 'store' 'store_ln0' <Predicate = true> <Delay = 1.58>
ST_1 : Operation 44 [1/1] (0.00ns)   --->   "%br_ln0 = br void %for.inc91"   --->   Operation 44 'br' 'br_ln0' <Predicate = true> <Delay = 0.00>
ST_1 : Operation 45 [1/1] (0.00ns)   --->   "%j11_2 = load i10 %j11" [kernel.cpp:303]   --->   Operation 45 'load' 'j11_2' <Predicate = true> <Delay = 0.00>
ST_1 : Operation 46 [1/1] (1.77ns)   --->   "%icmp_ln303 = icmp_eq  i10 %j11_2, i10 768" [kernel.cpp:303]   --->   Operation 46 'icmp' 'icmp_ln303' <Predicate = true> <Delay = 1.77> <CoreInst = "Cmp">   --->   Core 9 'Cmp' <Latency = 0> <II = 1> <Delay = 1.77> <FuncUnit> <Opcode : 'icmp'> <InPorts = 2> <OutPorts = 1>
ST_1 : Operation 47 [1/1] (0.00ns)   --->   "%empty = speclooptripcount i32 @_ssdm_op_SpecLoopTripCount, i64 768, i64 768, i64 768"   --->   Operation 47 'speclooptripcount' 'empty' <Predicate = true> <Delay = 0.00>
ST_1 : Operation 48 [1/1] (1.73ns)   --->   "%add_ln303 = add i10 %j11_2, i10 1" [kernel.cpp:303]   --->   Operation 48 'add' 'add_ln303' <Predicate = true> <Delay = 1.73> <CoreInst = "Adder">   --->   Core 1 'Adder' <Latency = 0> <II = 1> <Delay = 1.73> <FuncUnit> <Opcode : 'add' 'sub'> <InPorts = 2> <OutPorts = 1>
ST_1 : Operation 49 [1/1] (0.00ns)   --->   "%br_ln303 = br i1 %icmp_ln303, void %for.inc91.split, void %for.inc94.exitStub" [kernel.cpp:303]   --->   Operation 49 'br' 'br_ln303' <Predicate = true> <Delay = 0.00>
ST_1 : Operation 50 [1/1] (0.00ns)   --->   "%zext_ln306 = zext i10 %j11_2" [kernel.cpp:306]   --->   Operation 50 'zext' 'zext_ln306' <Predicate = (!icmp_ln303)> <Delay = 0.00>
ST_1 : Operation 51 [1/1] (1.81ns)   --->   "%add_ln306 = add i14 %sub_ln306_read, i14 %zext_ln306" [kernel.cpp:306]   --->   Operation 51 'add' 'add_ln306' <Predicate = (!icmp_ln303)> <Delay = 1.81> <CoreInst = "Adder">   --->   Core 1 'Adder' <Latency = 0> <II = 1> <Delay = 1.81> <FuncUnit> <Opcode : 'add' 'sub'> <InPorts = 2> <OutPorts = 1>
ST_1 : Operation 52 [1/1] (0.00ns)   --->   "%zext_ln306_2 = zext i14 %add_ln306" [kernel.cpp:306]   --->   Operation 52 'zext' 'zext_ln306_2' <Predicate = (!icmp_ln303)> <Delay = 0.00>
ST_1 : Operation 53 [1/1] (0.00ns)   --->   "%v124_addr = getelementptr i32 %v124, i64 0, i64 %zext_ln306_2" [kernel.cpp:306]   --->   Operation 53 'getelementptr' 'v124_addr' <Predicate = (!icmp_ln303)> <Delay = 0.00>
ST_1 : Operation 54 [2/2] (3.25ns)   --->   "%v153 = load i14 %v124_addr" [kernel.cpp:306]   --->   Operation 54 'load' 'v153' <Predicate = (!icmp_ln303)> <Delay = 3.25> <CoreInst = "RAM">   --->   Core 82 'RAM' <Latency = 1> <II = 1> <Delay = 3.25> <Storage> <Opcode : 'load' 'store'> <Ports = 2> <Width = 32> <Depth = 9216> <RAM>
ST_1 : Operation 55 [1/1] (1.58ns)   --->   "%store_ln303 = store i10 %add_ln303, i10 %j11" [kernel.cpp:303]   --->   Operation 55 'store' 'store_ln303' <Predicate = (!icmp_ln303)> <Delay = 1.58>

State 2 <SV = 1> <Delay = 3.25>
ST_2 : Operation 56 [1/2] (3.25ns)   --->   "%v153 = load i14 %v124_addr" [kernel.cpp:306]   --->   Operation 56 'load' 'v153' <Predicate = true> <Delay = 3.25> <CoreInst = "RAM">   --->   Core 82 'RAM' <Latency = 1> <II = 1> <Delay = 3.25> <Storage> <Opcode : 'load' 'store'> <Ports = 2> <Width = 32> <Depth = 9216> <RAM>

State 3 <SV = 2> <Delay = 7.25>
ST_3 : Operation 57 [5/5] (7.25ns)   --->   "%v155 = fsub i32 %v153, i32 %v154_read" [kernel.cpp:308]   --->   Operation 57 'fsub' 'v155' <Predicate = true> <Delay = 7.25> <CoreInst = "FAddSub_fulldsp">   --->   Core 18 'FAddSub_fulldsp' <Latency = 4> <II = 1> <Delay = 7.25> <FuncUnit> <Opcode : 'fadd' 'fsub'> <InPorts = 2> <OutPorts = 1>

State 4 <SV = 3> <Delay = 7.25>
ST_4 : Operation 58 [4/5] (7.25ns)   --->   "%v155 = fsub i32 %v153, i32 %v154_read" [kernel.cpp:308]   --->   Operation 58 'fsub' 'v155' <Predicate = true> <Delay = 7.25> <CoreInst = "FAddSub_fulldsp">   --->   Core 18 'FAddSub_fulldsp' <Latency = 4> <II = 1> <Delay = 7.25> <FuncUnit> <Opcode : 'fadd' 'fsub'> <InPorts = 2> <OutPorts = 1>

State 5 <SV = 4> <Delay = 7.25>
ST_5 : Operation 59 [3/5] (7.25ns)   --->   "%v155 = fsub i32 %v153, i32 %v154_read" [kernel.cpp:308]   --->   Operation 59 'fsub' 'v155' <Predicate = true> <Delay = 7.25> <CoreInst = "FAddSub_fulldsp">   --->   Core 18 'FAddSub_fulldsp' <Latency = 4> <II = 1> <Delay = 7.25> <FuncUnit> <Opcode : 'fadd' 'fsub'> <InPorts = 2> <OutPorts = 1>

State 6 <SV = 5> <Delay = 7.25>
ST_6 : Operation 60 [1/1] (0.00ns)   --->   "%zext_ln303 = zext i10 %j11_2" [kernel.cpp:303]   --->   Operation 60 'zext' 'zext_ln303' <Predicate = true> <Delay = 0.00>
ST_6 : Operation 61 [1/1] (0.00ns)   --->   "%v235_addr = getelementptr i32 %v235, i64 0, i64 %zext_ln303" [kernel.cpp:305]   --->   Operation 61 'getelementptr' 'v235_addr' <Predicate = true> <Delay = 0.00>
ST_6 : Operation 62 [2/2] (3.25ns)   --->   "%v235_load = load i10 %v235_addr" [kernel.cpp:305]   --->   Operation 62 'load' 'v235_load' <Predicate = true> <Delay = 3.25> <CoreInst = "RAM">   --->   Core 82 'RAM' <Latency = 1> <II = 1> <Delay = 3.25> <Storage> <Opcode : 'load' 'store'> <Ports = 2> <Width = 32> <Depth = 768> <RAM>
ST_6 : Operation 63 [2/5] (7.25ns)   --->   "%v155 = fsub i32 %v153, i32 %v154_read" [kernel.cpp:308]   --->   Operation 63 'fsub' 'v155' <Predicate = true> <Delay = 7.25> <CoreInst = "FAddSub_fulldsp">   --->   Core 18 'FAddSub_fulldsp' <Latency = 4> <II = 1> <Delay = 7.25> <FuncUnit> <Opcode : 'fadd' 'fsub'> <InPorts = 2> <OutPorts = 1>

State 7 <SV = 6> <Delay = 7.25>
ST_7 : Operation 64 [1/2] (3.25ns)   --->   "%v235_load = load i10 %v235_addr" [kernel.cpp:305]   --->   Operation 64 'load' 'v235_load' <Predicate = true> <Delay = 3.25> <CoreInst = "RAM">   --->   Core 82 'RAM' <Latency = 1> <II = 1> <Delay = 3.25> <Storage> <Opcode : 'load' 'store'> <Ports = 2> <Width = 32> <Depth = 768> <RAM>
ST_7 : Operation 65 [1/5] (7.25ns)   --->   "%v155 = fsub i32 %v153, i32 %v154_read" [kernel.cpp:308]   --->   Operation 65 'fsub' 'v155' <Predicate = true> <Delay = 7.25> <CoreInst = "FAddSub_fulldsp">   --->   Core 18 'FAddSub_fulldsp' <Latency = 4> <II = 1> <Delay = 7.25> <FuncUnit> <Opcode : 'fadd' 'fsub'> <InPorts = 2> <OutPorts = 1>

State 8 <SV = 7> <Delay = 5.70>
ST_8 : Operation 66 [1/1] (0.00ns)   --->   "%v152 = bitcast i32 %v235_load" [kernel.cpp:305]   --->   Operation 66 'bitcast' 'v152' <Predicate = true> <Delay = 0.00>
ST_8 : Operation 67 [4/4] (5.70ns)   --->   "%v156 = fmul i32 %v152, i32 %v155" [kernel.cpp:309]   --->   Operation 67 'fmul' 'v156' <Predicate = true> <Delay = 5.70> <CoreInst = "FMul_maxdsp">   --->   Core 30 'FMul_maxdsp' <Latency = 3> <II = 1> <Delay = 5.70> <FuncUnit> <Opcode : 'fmul'> <InPorts = 2> <OutPorts = 1>

State 9 <SV = 8> <Delay = 5.70>
ST_9 : Operation 68 [3/4] (5.70ns)   --->   "%v156 = fmul i32 %v152, i32 %v155" [kernel.cpp:309]   --->   Operation 68 'fmul' 'v156' <Predicate = true> <Delay = 5.70> <CoreInst = "FMul_maxdsp">   --->   Core 30 'FMul_maxdsp' <Latency = 3> <II = 1> <Delay = 5.70> <FuncUnit> <Opcode : 'fmul'> <InPorts = 2> <OutPorts = 1>

State 10 <SV = 9> <Delay = 5.70>
ST_10 : Operation 69 [2/4] (5.70ns)   --->   "%v156 = fmul i32 %v152, i32 %v155" [kernel.cpp:309]   --->   Operation 69 'fmul' 'v156' <Predicate = true> <Delay = 5.70> <CoreInst = "FMul_maxdsp">   --->   Core 30 'FMul_maxdsp' <Latency = 3> <II = 1> <Delay = 5.70> <FuncUnit> <Opcode : 'fmul'> <InPorts = 2> <OutPorts = 1>

State 11 <SV = 10> <Delay = 5.70>
ST_11 : Operation 70 [1/4] (5.70ns)   --->   "%v156 = fmul i32 %v152, i32 %v155" [kernel.cpp:309]   --->   Operation 70 'fmul' 'v156' <Predicate = true> <Delay = 5.70> <CoreInst = "FMul_maxdsp">   --->   Core 30 'FMul_maxdsp' <Latency = 3> <II = 1> <Delay = 5.70> <FuncUnit> <Opcode : 'fmul'> <InPorts = 2> <OutPorts = 1>

State 12 <SV = 11> <Delay = 6.07>
ST_12 : Operation 71 [16/16] (6.07ns)   --->   "%v160 = fdiv i32 %v156, i32 %v159_read" [kernel.cpp:313]   --->   Operation 71 'fdiv' 'v160' <Predicate = true> <Delay = 6.07> <CoreInst = "FDiv">   --->   Core 20 'FDiv' <Latency = 15> <II = 1> <Delay = 6.07> <FuncUnit> <Opcode : 'fdiv' 'frem'> <InPorts = 2> <OutPorts = 1>

State 13 <SV = 12> <Delay = 6.07>
ST_13 : Operation 72 [15/16] (6.07ns)   --->   "%v160 = fdiv i32 %v156, i32 %v159_read" [kernel.cpp:313]   --->   Operation 72 'fdiv' 'v160' <Predicate = true> <Delay = 6.07> <CoreInst = "FDiv">   --->   Core 20 'FDiv' <Latency = 15> <II = 1> <Delay = 6.07> <FuncUnit> <Opcode : 'fdiv' 'frem'> <InPorts = 2> <OutPorts = 1>

State 14 <SV = 13> <Delay = 6.07>
ST_14 : Operation 73 [14/16] (6.07ns)   --->   "%v160 = fdiv i32 %v156, i32 %v159_read" [kernel.cpp:313]   --->   Operation 73 'fdiv' 'v160' <Predicate = true> <Delay = 6.07> <CoreInst = "FDiv">   --->   Core 20 'FDiv' <Latency = 15> <II = 1> <Delay = 6.07> <FuncUnit> <Opcode : 'fdiv' 'frem'> <InPorts = 2> <OutPorts = 1>

State 15 <SV = 14> <Delay = 6.07>
ST_15 : Operation 74 [13/16] (6.07ns)   --->   "%v160 = fdiv i32 %v156, i32 %v159_read" [kernel.cpp:313]   --->   Operation 74 'fdiv' 'v160' <Predicate = true> <Delay = 6.07> <CoreInst = "FDiv">   --->   Core 20 'FDiv' <Latency = 15> <II = 1> <Delay = 6.07> <FuncUnit> <Opcode : 'fdiv' 'frem'> <InPorts = 2> <OutPorts = 1>

State 16 <SV = 15> <Delay = 6.07>
ST_16 : Operation 75 [12/16] (6.07ns)   --->   "%v160 = fdiv i32 %v156, i32 %v159_read" [kernel.cpp:313]   --->   Operation 75 'fdiv' 'v160' <Predicate = true> <Delay = 6.07> <CoreInst = "FDiv">   --->   Core 20 'FDiv' <Latency = 15> <II = 1> <Delay = 6.07> <FuncUnit> <Opcode : 'fdiv' 'frem'> <InPorts = 2> <OutPorts = 1>

State 17 <SV = 16> <Delay = 6.07>
ST_17 : Operation 76 [11/16] (6.07ns)   --->   "%v160 = fdiv i32 %v156, i32 %v159_read" [kernel.cpp:313]   --->   Operation 76 'fdiv' 'v160' <Predicate = true> <Delay = 6.07> <CoreInst = "FDiv">   --->   Core 20 'FDiv' <Latency = 15> <II = 1> <Delay = 6.07> <FuncUnit> <Opcode : 'fdiv' 'frem'> <InPorts = 2> <OutPorts = 1>

State 18 <SV = 17> <Delay = 6.07>
ST_18 : Operation 77 [10/16] (6.07ns)   --->   "%v160 = fdiv i32 %v156, i32 %v159_read" [kernel.cpp:313]   --->   Operation 77 'fdiv' 'v160' <Predicate = true> <Delay = 6.07> <CoreInst = "FDiv">   --->   Core 20 'FDiv' <Latency = 15> <II = 1> <Delay = 6.07> <FuncUnit> <Opcode : 'fdiv' 'frem'> <InPorts = 2> <OutPorts = 1>

State 19 <SV = 18> <Delay = 6.07>
ST_19 : Operation 78 [9/16] (6.07ns)   --->   "%v160 = fdiv i32 %v156, i32 %v159_read" [kernel.cpp:313]   --->   Operation 78 'fdiv' 'v160' <Predicate = true> <Delay = 6.07> <CoreInst = "FDiv">   --->   Core 20 'FDiv' <Latency = 15> <II = 1> <Delay = 6.07> <FuncUnit> <Opcode : 'fdiv' 'frem'> <InPorts = 2> <OutPorts = 1>

State 20 <SV = 19> <Delay = 6.07>
ST_20 : Operation 79 [8/16] (6.07ns)   --->   "%v160 = fdiv i32 %v156, i32 %v159_read" [kernel.cpp:313]   --->   Operation 79 'fdiv' 'v160' <Predicate = true> <Delay = 6.07> <CoreInst = "FDiv">   --->   Core 20 'FDiv' <Latency = 15> <II = 1> <Delay = 6.07> <FuncUnit> <Opcode : 'fdiv' 'frem'> <InPorts = 2> <OutPorts = 1>

State 21 <SV = 20> <Delay = 6.07>
ST_21 : Operation 80 [7/16] (6.07ns)   --->   "%v160 = fdiv i32 %v156, i32 %v159_read" [kernel.cpp:313]   --->   Operation 80 'fdiv' 'v160' <Predicate = true> <Delay = 6.07> <CoreInst = "FDiv">   --->   Core 20 'FDiv' <Latency = 15> <II = 1> <Delay = 6.07> <FuncUnit> <Opcode : 'fdiv' 'frem'> <InPorts = 2> <OutPorts = 1>

State 22 <SV = 21> <Delay = 6.07>
ST_22 : Operation 81 [6/16] (6.07ns)   --->   "%v160 = fdiv i32 %v156, i32 %v159_read" [kernel.cpp:313]   --->   Operation 81 'fdiv' 'v160' <Predicate = true> <Delay = 6.07> <CoreInst = "FDiv">   --->   Core 20 'FDiv' <Latency = 15> <II = 1> <Delay = 6.07> <FuncUnit> <Opcode : 'fdiv' 'frem'> <InPorts = 2> <OutPorts = 1>

State 23 <SV = 22> <Delay = 6.07>
ST_23 : Operation 82 [5/16] (6.07ns)   --->   "%v160 = fdiv i32 %v156, i32 %v159_read" [kernel.cpp:313]   --->   Operation 82 'fdiv' 'v160' <Predicate = true> <Delay = 6.07> <CoreInst = "FDiv">   --->   Core 20 'FDiv' <Latency = 15> <II = 1> <Delay = 6.07> <FuncUnit> <Opcode : 'fdiv' 'frem'> <InPorts = 2> <OutPorts = 1>

State 24 <SV = 23> <Delay = 6.07>
ST_24 : Operation 83 [4/16] (6.07ns)   --->   "%v160 = fdiv i32 %v156, i32 %v159_read" [kernel.cpp:313]   --->   Operation 83 'fdiv' 'v160' <Predicate = true> <Delay = 6.07> <CoreInst = "FDiv">   --->   Core 20 'FDiv' <Latency = 15> <II = 1> <Delay = 6.07> <FuncUnit> <Opcode : 'fdiv' 'frem'> <InPorts = 2> <OutPorts = 1>

State 25 <SV = 24> <Delay = 6.07>
ST_25 : Operation 84 [3/16] (6.07ns)   --->   "%v160 = fdiv i32 %v156, i32 %v159_read" [kernel.cpp:313]   --->   Operation 84 'fdiv' 'v160' <Predicate = true> <Delay = 6.07> <CoreInst = "FDiv">   --->   Core 20 'FDiv' <Latency = 15> <II = 1> <Delay = 6.07> <FuncUnit> <Opcode : 'fdiv' 'frem'> <InPorts = 2> <OutPorts = 1>

State 26 <SV = 25> <Delay = 6.07>
ST_26 : Operation 85 [2/16] (6.07ns)   --->   "%v160 = fdiv i32 %v156, i32 %v159_read" [kernel.cpp:313]   --->   Operation 85 'fdiv' 'v160' <Predicate = true> <Delay = 6.07> <CoreInst = "FDiv">   --->   Core 20 'FDiv' <Latency = 15> <II = 1> <Delay = 6.07> <FuncUnit> <Opcode : 'fdiv' 'frem'> <InPorts = 2> <OutPorts = 1>
ST_26 : Operation 86 [1/1] (0.00ns)   --->   "%v236_addr = getelementptr i32 %v236, i64 0, i64 %zext_ln303" [kernel.cpp:314]   --->   Operation 86 'getelementptr' 'v236_addr' <Predicate = true> <Delay = 0.00>
ST_26 : Operation 87 [2/2] (3.25ns)   --->   "%v236_load = load i10 %v236_addr" [kernel.cpp:314]   --->   Operation 87 'load' 'v236_load' <Predicate = true> <Delay = 3.25> <CoreInst = "RAM">   --->   Core 82 'RAM' <Latency = 1> <II = 1> <Delay = 3.25> <Storage> <Opcode : 'load' 'store'> <Ports = 2> <Width = 32> <Depth = 768> <RAM>

State 27 <SV = 26> <Delay = 6.07>
ST_27 : Operation 88 [1/16] (6.07ns)   --->   "%v160 = fdiv i32 %v156, i32 %v159_read" [kernel.cpp:313]   --->   Operation 88 'fdiv' 'v160' <Predicate = true> <Delay = 6.07> <CoreInst = "FDiv">   --->   Core 20 'FDiv' <Latency = 15> <II = 1> <Delay = 6.07> <FuncUnit> <Opcode : 'fdiv' 'frem'> <InPorts = 2> <OutPorts = 1>
ST_27 : Operation 89 [1/2] (3.25ns)   --->   "%v236_load = load i10 %v236_addr" [kernel.cpp:314]   --->   Operation 89 'load' 'v236_load' <Predicate = true> <Delay = 3.25> <CoreInst = "RAM">   --->   Core 82 'RAM' <Latency = 1> <II = 1> <Delay = 3.25> <Storage> <Opcode : 'load' 'store'> <Ports = 2> <Width = 32> <Depth = 768> <RAM>

State 28 <SV = 27> <Delay = 7.25>
ST_28 : Operation 90 [1/1] (0.00ns)   --->   "%v161 = bitcast i32 %v236_load" [kernel.cpp:314]   --->   Operation 90 'bitcast' 'v161' <Predicate = true> <Delay = 0.00>
ST_28 : Operation 91 [5/5] (7.25ns)   --->   "%v162 = fadd i32 %v160, i32 %v161" [kernel.cpp:315]   --->   Operation 91 'fadd' 'v162' <Predicate = true> <Delay = 7.25> <CoreInst = "FAddSub_fulldsp">   --->   Core 18 'FAddSub_fulldsp' <Latency = 4> <II = 1> <Delay = 7.25> <FuncUnit> <Opcode : 'fadd' 'fsub'> <InPorts = 2> <OutPorts = 1>

State 29 <SV = 28> <Delay = 7.25>
ST_29 : Operation 92 [4/5] (7.25ns)   --->   "%v162 = fadd i32 %v160, i32 %v161" [kernel.cpp:315]   --->   Operation 92 'fadd' 'v162' <Predicate = true> <Delay = 7.25> <CoreInst = "FAddSub_fulldsp">   --->   Core 18 'FAddSub_fulldsp' <Latency = 4> <II = 1> <Delay = 7.25> <FuncUnit> <Opcode : 'fadd' 'fsub'> <InPorts = 2> <OutPorts = 1>

State 30 <SV = 29> <Delay = 7.25>
ST_30 : Operation 93 [3/5] (7.25ns)   --->   "%v162 = fadd i32 %v160, i32 %v161" [kernel.cpp:315]   --->   Operation 93 'fadd' 'v162' <Predicate = true> <Delay = 7.25> <CoreInst = "FAddSub_fulldsp">   --->   Core 18 'FAddSub_fulldsp' <Latency = 4> <II = 1> <Delay = 7.25> <FuncUnit> <Opcode : 'fadd' 'fsub'> <InPorts = 2> <OutPorts = 1>

State 31 <SV = 30> <Delay = 7.25>
ST_31 : Operation 94 [2/5] (7.25ns)   --->   "%v162 = fadd i32 %v160, i32 %v161" [kernel.cpp:315]   --->   Operation 94 'fadd' 'v162' <Predicate = true> <Delay = 7.25> <CoreInst = "FAddSub_fulldsp">   --->   Core 18 'FAddSub_fulldsp' <Latency = 4> <II = 1> <Delay = 7.25> <FuncUnit> <Opcode : 'fadd' 'fsub'> <InPorts = 2> <OutPorts = 1>

State 32 <SV = 31> <Delay = 7.25>
ST_32 : Operation 95 [1/5] (7.25ns)   --->   "%v162 = fadd i32 %v160, i32 %v161" [kernel.cpp:315]   --->   Operation 95 'fadd' 'v162' <Predicate = true> <Delay = 7.25> <CoreInst = "FAddSub_fulldsp">   --->   Core 18 'FAddSub_fulldsp' <Latency = 4> <II = 1> <Delay = 7.25> <FuncUnit> <Opcode : 'fadd' 'fsub'> <InPorts = 2> <OutPorts = 1>
ST_32 : Operation 102 [1/1] (0.00ns)   --->   "%ret_ln0 = ret"   --->   Operation 102 'ret' 'ret_ln0' <Predicate = (icmp_ln303)> <Delay = 0.00>

State 33 <SV = 32> <Delay = 3.25>
ST_33 : Operation 96 [1/1] (0.00ns)   --->   "%v237_addr = getelementptr i32 %v237, i64 0, i64 %zext_ln306_2" [kernel.cpp:316]   --->   Operation 96 'getelementptr' 'v237_addr' <Predicate = true> <Delay = 0.00>
ST_33 : Operation 97 [1/1] (0.00ns)   --->   "%specpipeline_ln304 = specpipeline void @_ssdm_op_SpecPipeline, i32 1, i32 0, i32 0, i32 0, void @empty_35" [kernel.cpp:304]   --->   Operation 97 'specpipeline' 'specpipeline_ln304' <Predicate = true> <Delay = 0.00>
ST_33 : Operation 98 [1/1] (0.00ns)   --->   "%specloopname_ln303 = specloopname void @_ssdm_op_SpecLoopName, void @empty_4" [kernel.cpp:303]   --->   Operation 98 'specloopname' 'specloopname_ln303' <Predicate = true> <Delay = 0.00>
ST_33 : Operation 99 [1/1] (0.00ns)   --->   "%bitcast_ln316 = bitcast i32 %v162" [kernel.cpp:316]   --->   Operation 99 'bitcast' 'bitcast_ln316' <Predicate = true> <Delay = 0.00>
ST_33 : Operation 100 [1/1] (3.25ns)   --->   "%store_ln316 = store i32 %bitcast_ln316, i14 %v237_addr" [kernel.cpp:316]   --->   Operation 100 'store' 'store_ln316' <Predicate = true> <Delay = 3.25> <CoreInst = "RAM">   --->   Core 82 'RAM' <Latency = 1> <II = 1> <Delay = 3.25> <Storage> <Opcode : 'load' 'store'> <Ports = 2> <Width = 32> <Depth = 9216> <RAM>
ST_33 : Operation 101 [1/1] (0.00ns)   --->   "%br_ln303 = br void %for.inc91" [kernel.cpp:303]   --->   Operation 101 'br' 'br_ln303' <Predicate = true> <Delay = 0.00>


============================================================
+ Verbose Summary: Binding
============================================================
STG Binding: 
---------------- STG Properties BEGIN ----------------
- Is combinational: 0
- Is one-state seq: 0
- Is datapath-only: 0
- Is pipelined: 0
- Is top level: 0
Port [ Return ] is wired: 1; IO mode=ap_ctrl_hs:ce=0
Port [ sub_ln306]:  wired=1; compound=0; hidden=0; nouse=0; global=0; static=0; extern=0; dir=0; type=0; pingpong=0; private_global=0; IO mode=ap_none:ce=0
Port [ v124]:  wired=1; compound=1; hidden=0; nouse=0; global=0; static=0; extern=0; dir=0; type=1; pingpong=0; private_global=0; MemPort=[13]; IO mode=ap_memory:ce=0
Port [ v237]:  wired=1; compound=1; hidden=0; nouse=0; global=0; static=0; extern=0; dir=1; type=1; pingpong=0; private_global=0; MemPort=[03]; IO mode=ap_memory:ce=0
Port [ v235]:  wired=1; compound=1; hidden=0; nouse=0; global=0; static=0; extern=0; dir=0; type=1; pingpong=0; private_global=0; MemPort=[13]; IO mode=ap_memory:ce=0
Port [ v154]:  wired=1; compound=0; hidden=0; nouse=0; global=0; static=0; extern=0; dir=0; type=0; pingpong=0; private_global=0; IO mode=ap_none:ce=0
Port [ v159]:  wired=1; compound=0; hidden=0; nouse=0; global=0; static=0; extern=0; dir=0; type=0; pingpong=0; private_global=0; IO mode=ap_none:ce=0
Port [ v236]:  wired=1; compound=1; hidden=0; nouse=0; global=0; static=0; extern=0; dir=0; type=1; pingpong=0; private_global=0; MemPort=[13]; IO mode=ap_memory:ce=0
---------------- STG Properties END ------------------

---------------- Datapath Model BEGIN ----------------

<LifeTime>
<method=bitvector/>
j11                (alloca           ) [ 0100000000000000000000000000000000]
specinterface_ln0  (specinterface    ) [ 0000000000000000000000000000000000]
specinterface_ln0  (specinterface    ) [ 0000000000000000000000000000000000]
specinterface_ln0  (specinterface    ) [ 0000000000000000000000000000000000]
v159_read          (read             ) [ 0111111111111111111111111111000000]
v154_read          (read             ) [ 0111111100000000000000000000000000]
sub_ln306_read     (read             ) [ 0000000000000000000000000000000000]
store_ln0          (store            ) [ 0000000000000000000000000000000000]
br_ln0             (br               ) [ 0000000000000000000000000000000000]
j11_2              (load             ) [ 0111111000000000000000000000000000]
icmp_ln303         (icmp             ) [ 0111111111111111111111111111111110]
empty              (speclooptripcount) [ 0000000000000000000000000000000000]
add_ln303          (add              ) [ 0000000000000000000000000000000000]
br_ln303           (br               ) [ 0000000000000000000000000000000000]
zext_ln306         (zext             ) [ 0000000000000000000000000000000000]
add_ln306          (add              ) [ 0000000000000000000000000000000000]
zext_ln306_2       (zext             ) [ 0111111111111111111111111111111111]
v124_addr          (getelementptr    ) [ 0110000000000000000000000000000000]
store_ln303        (store            ) [ 0000000000000000000000000000000000]
v153               (load             ) [ 0101111100000000000000000000000000]
zext_ln303         (zext             ) [ 0100000111111111111111111110000000]
v235_addr          (getelementptr    ) [ 0100000100000000000000000000000000]
v235_load          (load             ) [ 0100000010000000000000000000000000]
v155               (fsub             ) [ 0100000011110000000000000000000000]
v152               (bitcast          ) [ 0100000001110000000000000000000000]
v156               (fmul             ) [ 0100000000001111111111111111000000]
v236_addr          (getelementptr    ) [ 0100000000000000000000000001000000]
v160               (fdiv             ) [ 0100000000000000000000000000111110]
v236_load          (load             ) [ 0100000000000000000000000000100000]
v161               (bitcast          ) [ 0100000000000000000000000000011110]
v162               (fadd             ) [ 0100000000000000000000000000000001]
v237_addr          (getelementptr    ) [ 0000000000000000000000000000000000]
specpipeline_ln304 (specpipeline     ) [ 0000000000000000000000000000000000]
specloopname_ln303 (specloopname     ) [ 0000000000000000000000000000000000]
bitcast_ln316      (bitcast          ) [ 0000000000000000000000000000000000]
store_ln316        (store            ) [ 0000000000000000000000000000000000]
br_ln303           (br               ) [ 0000000000000000000000000000000000]
ret_ln0            (ret              ) [ 0000000000000000000000000000000000]
</LifeTime>

<model>

<comp_list>
<comp id="0" class="1000" name="sub_ln306">
<pin_list>
<pin id="1" dir="1" index="0" bw="1" slack="0"/>
</pin_list>
<bind>
<StgValue><ssdm name="sub_ln306"/></StgValue>
</bind>
</comp>

<comp id="2" class="1000" name="v124">
<pin_list>
<pin id="3" dir="1" index="0" bw="1" slack="0"/>
</pin_list>
<bind>
<StgValue><ssdm name="v124"/><MemPortTyVec>1 3 </MemPortTyVec>
</StgValue>
</bind>
</comp>

<comp id="4" class="1000" name="v237">
<pin_list>
<pin id="5" dir="1" index="0" bw="1" slack="0"/>
</pin_list>
<bind>
<StgValue><ssdm name="v237"/><MemPortTyVec>0 3 </MemPortTyVec>
</StgValue>
</bind>
</comp>

<comp id="6" class="1000" name="v235">
<pin_list>
<pin id="7" dir="1" index="0" bw="1" slack="0"/>
</pin_list>
<bind>
<StgValue><ssdm name="v235"/><MemPortTyVec>1 3 </MemPortTyVec>
</StgValue>
</bind>
</comp>

<comp id="8" class="1000" name="v154">
<pin_list>
<pin id="9" dir="1" index="0" bw="1" slack="0"/>
</pin_list>
<bind>
<StgValue><ssdm name="v154"/></StgValue>
</bind>
</comp>

<comp id="10" class="1000" name="v159">
<pin_list>
<pin id="11" dir="1" index="0" bw="1" slack="0"/>
</pin_list>
<bind>
<StgValue><ssdm name="v159"/></StgValue>
</bind>
</comp>

<comp id="12" class="1000" name="v236">
<pin_list>
<pin id="13" dir="1" index="0" bw="1" slack="0"/>
</pin_list>
<bind>
<StgValue><ssdm name="v236"/><MemPortTyVec>1 3 </MemPortTyVec>
</StgValue>
</bind>
</comp>

<comp id="14" class="1001" name="const_14">
<pin_list>
<pin id="15" dir="1" index="0" bw="1" slack="0"/>
</pin_list>
<bind>
<StgValue><ssdm name=""/></StgValue>
</bind>
</comp>

<comp id="16" class="1001" name="const_16">
<pin_list>
<pin id="17" dir="1" index="0" bw="1" slack="2147483647"/>
</pin_list>
<bind>
<StgValue><ssdm name="_ssdm_op_SpecInterface"/></StgValue>
</bind>
</comp>

<comp id="18" class="1001" name="const_18">
<pin_list>
<pin id="19" dir="1" index="0" bw="1" slack="2147483647"/>
</pin_list>
<bind>
<StgValue><ssdm name="empty_46"/></StgValue>
</bind>
</comp>

<comp id="20" class="1001" name="const_20">
<pin_list>
<pin id="21" dir="1" index="0" bw="1" slack="2147483647"/>
</pin_list>
<bind>
<StgValue><ssdm name=""/></StgValue>
</bind>
</comp>

<comp id="22" class="1001" name="const_22">
<pin_list>
<pin id="23" dir="1" index="0" bw="1" slack="2147483647"/>
</pin_list>
<bind>
<StgValue><ssdm name="empty_35"/></StgValue>
</bind>
</comp>

<comp id="24" class="1001" name="const_24">
<pin_list>
<pin id="25" dir="1" index="0" bw="1" slack="2147483647"/>
</pin_list>
<bind>
<StgValue><ssdm name=""/></StgValue>
</bind>
</comp>

<comp id="26" class="1001" name="const_26">
<pin_list>
<pin id="27" dir="1" index="0" bw="1" slack="0"/>
</pin_list>
<bind>
<StgValue><ssdm name="_ssdm_op_Read.ap_auto.float"/></StgValue>
</bind>
</comp>

<comp id="28" class="1001" name="const_28">
<pin_list>
<pin id="29" dir="1" index="0" bw="1" slack="0"/>
</pin_list>
<bind>
<StgValue><ssdm name="_ssdm_op_Read.ap_auto.i14"/></StgValue>
</bind>
</comp>

<comp id="30" class="1001" name="const_30">
<pin_list>
<pin id="31" dir="1" index="0" bw="1" slack="0"/>
</pin_list>
<bind>
<StgValue><ssdm name=""/></StgValue>
</bind>
</comp>

<comp id="32" class="1001" name="const_32">
<pin_list>
<pin id="33" dir="1" index="0" bw="1" slack="0"/>
</pin_list>
<bind>
<StgValue><ssdm name=""/></StgValue>
</bind>
</comp>

<comp id="34" class="1001" name="const_34">
<pin_list>
<pin id="35" dir="1" index="0" bw="1" slack="2147483647"/>
</pin_list>
<bind>
<StgValue><ssdm name="_ssdm_op_SpecLoopTripCount"/></StgValue>
</bind>
</comp>

<comp id="36" class="1001" name="const_36">
<pin_list>
<pin id="37" dir="1" index="0" bw="1" slack="2147483647"/>
</pin_list>
<bind>
<StgValue><ssdm name=""/></StgValue>
</bind>
</comp>

<comp id="38" class="1001" name="const_38">
<pin_list>
<pin id="39" dir="1" index="0" bw="1" slack="0"/>
</pin_list>
<bind>
<StgValue><ssdm name=""/></StgValue>
</bind>
</comp>

<comp id="40" class="1001" name="const_40">
<pin_list>
<pin id="41" dir="1" index="0" bw="1" slack="0"/>
</pin_list>
<bind>
<StgValue><ssdm name=""/></StgValue>
</bind>
</comp>

<comp id="42" class="1001" name="const_42">
<pin_list>
<pin id="43" dir="1" index="0" bw="1" slack="2147483647"/>
</pin_list>
<bind>
<StgValue><ssdm name="_ssdm_op_SpecPipeline"/></StgValue>
</bind>
</comp>

<comp id="44" class="1001" name="const_44">
<pin_list>
<pin id="45" dir="1" index="0" bw="1" slack="2147483647"/>
</pin_list>
<bind>
<StgValue><ssdm name="_ssdm_op_SpecLoopName"/></StgValue>
</bind>
</comp>

<comp id="46" class="1001" name="const_46">
<pin_list>
<pin id="47" dir="1" index="0" bw="1" slack="2147483647"/>
</pin_list>
<bind>
<StgValue><ssdm name="empty_4"/></StgValue>
</bind>
</comp>

<comp id="48" class="1004" name="j11_fu_48">
<pin_list>
<pin id="49" dir="0" index="0" bw="1" slack="0"/>
<pin id="50" dir="1" index="1" bw="10" slack="0"/>
</pin_list>
<bind>
<opcode="alloca(26) " fcode="alloca"/>
<opset="j11/1 "/>
</bind>
</comp>

<comp id="52" class="1004" name="v159_read_read_fu_52">
<pin_list>
<pin id="53" dir="0" index="0" bw="32" slack="0"/>
<pin id="54" dir="0" index="1" bw="32" slack="0"/>
<pin id="55" dir="1" index="2" bw="32" slack="11"/>
</pin_list>
<bind>
<opcode="read(1150) " fcode="read"/>
<opset="v159_read/1 "/>
</bind>
</comp>

<comp id="58" class="1004" name="v154_read_read_fu_58">
<pin_list>
<pin id="59" dir="0" index="0" bw="32" slack="0"/>
<pin id="60" dir="0" index="1" bw="32" slack="0"/>
<pin id="61" dir="1" index="2" bw="32" slack="2"/>
</pin_list>
<bind>
<opcode="read(1150) " fcode="read"/>
<opset="v154_read/1 "/>
</bind>
</comp>

<comp id="64" class="1004" name="sub_ln306_read_read_fu_64">
<pin_list>
<pin id="65" dir="0" index="0" bw="14" slack="0"/>
<pin id="66" dir="0" index="1" bw="14" slack="0"/>
<pin id="67" dir="1" index="2" bw="14" slack="0"/>
</pin_list>
<bind>
<opcode="read(1150) " fcode="read"/>
<opset="sub_ln306_read/1 "/>
</bind>
</comp>

<comp id="70" class="1004" name="v124_addr_gep_fu_70">
<pin_list>
<pin id="71" dir="0" index="0" bw="32" slack="0"/>
<pin id="72" dir="0" index="1" bw="1" slack="0"/>
<pin id="73" dir="0" index="2" bw="14" slack="0"/>
<pin id="74" dir="1" index="3" bw="14" slack="0"/>
</pin_list>
<bind>
<opcode="getelementptr(29) " fcode="getelementptr"/>
<opset="v124_addr/1 "/>
</bind>
</comp>

<comp id="77" class="1004" name="grp_access_fu_77">
<pin_list>
<pin id="78" dir="0" index="0" bw="14" slack="0"/>
<pin id="79" dir="0" index="1" bw="32" slack="2147483647"/>
<pin id="80" dir="0" index="2" bw="0" slack="2147483647"/>
<pin id="81" dir="1" index="3" bw="32" slack="1"/>
</pin_list>
<bind>
<opcode="load(27) " fcode="load"/>
<opset="v153/1 "/>
</bind>
</comp>

<comp id="83" class="1004" name="v235_addr_gep_fu_83">
<pin_list>
<pin id="84" dir="0" index="0" bw="32" slack="0"/>
<pin id="85" dir="0" index="1" bw="1" slack="0"/>
<pin id="86" dir="0" index="2" bw="10" slack="0"/>
<pin id="87" dir="1" index="3" bw="10" slack="0"/>
</pin_list>
<bind>
<opcode="getelementptr(29) " fcode="getelementptr"/>
<opset="v235_addr/6 "/>
</bind>
</comp>

<comp id="90" class="1004" name="grp_access_fu_90">
<pin_list>
<pin id="91" dir="0" index="0" bw="10" slack="0"/>
<pin id="92" dir="0" index="1" bw="32" slack="2147483647"/>
<pin id="93" dir="0" index="2" bw="0" slack="2147483647"/>
<pin id="94" dir="1" index="3" bw="32" slack="1"/>
</pin_list>
<bind>
<opcode="load(27) " fcode="load"/>
<opset="v235_load/6 "/>
</bind>
</comp>

<comp id="96" class="1004" name="v236_addr_gep_fu_96">
<pin_list>
<pin id="97" dir="0" index="0" bw="32" slack="0"/>
<pin id="98" dir="0" index="1" bw="1" slack="0"/>
<pin id="99" dir="0" index="2" bw="10" slack="20"/>
<pin id="100" dir="1" index="3" bw="10" slack="0"/>
</pin_list>
<bind>
<opcode="getelementptr(29) " fcode="getelementptr"/>
<opset="v236_addr/26 "/>
</bind>
</comp>

<comp id="103" class="1004" name="grp_access_fu_103">
<pin_list>
<pin id="104" dir="0" index="0" bw="10" slack="0"/>
<pin id="105" dir="0" index="1" bw="32" slack="2147483647"/>
<pin id="106" dir="0" index="2" bw="0" slack="2147483647"/>
<pin id="107" dir="1" index="3" bw="32" slack="1"/>
</pin_list>
<bind>
<opcode="load(27) " fcode="load"/>
<opset="v236_load/26 "/>
</bind>
</comp>

<comp id="109" class="1004" name="v237_addr_gep_fu_109">
<pin_list>
<pin id="110" dir="0" index="0" bw="32" slack="0"/>
<pin id="111" dir="0" index="1" bw="1" slack="0"/>
<pin id="112" dir="0" index="2" bw="14" slack="32"/>
<pin id="113" dir="1" index="3" bw="14" slack="0"/>
</pin_list>
<bind>
<opcode="getelementptr(29) " fcode="getelementptr"/>
<opset="v237_addr/33 "/>
</bind>
</comp>

<comp id="116" class="1004" name="store_ln316_access_fu_116">
<pin_list>
<pin id="117" dir="0" index="0" bw="14" slack="0"/>
<pin id="118" dir="0" index="1" bw="32" slack="0"/>
<pin id="119" dir="0" index="2" bw="0" slack="2147483647"/>
<pin id="120" dir="1" index="3" bw="32" slack="2147483647"/>
</pin_list>
<bind>
<opcode="store(28) " fcode="store"/>
<opset="store_ln316/33 "/>
</bind>
</comp>

<comp id="122" class="1004" name="grp_fu_122">
<pin_list>
<pin id="123" dir="0" index="0" bw="32" slack="1"/>
<pin id="124" dir="0" index="1" bw="32" slack="2"/>
<pin id="125" dir="1" index="2" bw="32" slack="1"/>
</pin_list>
<bind>
<opcode="fsub(11) " fcode="fadd"/>
<opset="v155/3 "/>
</bind>
</comp>

<comp id="126" class="1004" name="grp_fu_126">
<pin_list>
<pin id="127" dir="0" index="0" bw="32" slack="1"/>
<pin id="128" dir="0" index="1" bw="32" slack="0"/>
<pin id="129" dir="1" index="2" bw="32" slack="1"/>
</pin_list>
<bind>
<opcode="fadd(9) " fcode="fadd"/>
<opset="v162/28 "/>
</bind>
</comp>

<comp id="130" class="1004" name="grp_fu_130">
<pin_list>
<pin id="131" dir="0" index="0" bw="32" slack="0"/>
<pin id="132" dir="0" index="1" bw="32" slack="1"/>
<pin id="133" dir="1" index="2" bw="32" slack="1"/>
</pin_list>
<bind>
<opcode="fmul(13) " fcode="fmul"/>
<opset="v156/8 "/>
</bind>
</comp>

<comp id="134" class="1004" name="grp_fu_134">
<pin_list>
<pin id="135" dir="0" index="0" bw="32" slack="1"/>
<pin id="136" dir="0" index="1" bw="32" slack="11"/>
<pin id="137" dir="1" index="2" bw="32" slack="1"/>
</pin_list>
<bind>
<opcode="fdiv(16) " fcode="fdiv"/>
<opset="v160/12 "/>
</bind>
</comp>

<comp id="138" class="1004" name="store_ln0_store_fu_138">
<pin_list>
<pin id="139" dir="0" index="0" bw="1" slack="0"/>
<pin id="140" dir="0" index="1" bw="10" slack="0"/>
<pin id="141" dir="1" index="2" bw="0" slack="2147483647"/>
</pin_list>
<bind>
<opcode="store(28) " fcode="store"/>
<opset="store_ln0/1 "/>
</bind>
</comp>

<comp id="143" class="1004" name="j11_2_load_fu_143">
<pin_list>
<pin id="144" dir="0" index="0" bw="10" slack="0"/>
<pin id="145" dir="1" index="1" bw="10" slack="0"/>
</pin_list>
<bind>
<opcode="load(27) " fcode="load"/>
<opset="j11_2/1 "/>
</bind>
</comp>

<comp id="146" class="1004" name="icmp_ln303_fu_146">
<pin_list>
<pin id="147" dir="0" index="0" bw="10" slack="0"/>
<pin id="148" dir="0" index="1" bw="9" slack="0"/>
<pin id="149" dir="1" index="2" bw="1" slack="31"/>
</pin_list>
<bind>
<opcode="icmp(45) " fcode="icmp"/>
<opset="icmp_ln303/1 "/>
</bind>
</comp>

<comp id="152" class="1004" name="add_ln303_fu_152">
<pin_list>
<pin id="153" dir="0" index="0" bw="10" slack="0"/>
<pin id="154" dir="0" index="1" bw="1" slack="0"/>
<pin id="155" dir="1" index="2" bw="10" slack="0"/>
</pin_list>
<bind>
<opcode="add(8) " fcode="add"/>
<opset="add_ln303/1 "/>
</bind>
</comp>

<comp id="158" class="1004" name="zext_ln306_fu_158">
<pin_list>
<pin id="159" dir="0" index="0" bw="10" slack="0"/>
<pin id="160" dir="1" index="1" bw="14" slack="0"/>
</pin_list>
<bind>
<opcode="zext(34) " fcode="zext"/>
<opset="zext_ln306/1 "/>
</bind>
</comp>

<comp id="162" class="1004" name="add_ln306_fu_162">
<pin_list>
<pin id="163" dir="0" index="0" bw="14" slack="0"/>
<pin id="164" dir="0" index="1" bw="10" slack="0"/>
<pin id="165" dir="1" index="2" bw="14" slack="0"/>
</pin_list>
<bind>
<opcode="add(8) " fcode="add"/>
<opset="add_ln306/1 "/>
</bind>
</comp>

<comp id="168" class="1004" name="zext_ln306_2_fu_168">
<pin_list>
<pin id="169" dir="0" index="0" bw="14" slack="0"/>
<pin id="170" dir="1" index="1" bw="64" slack="0"/>
</pin_list>
<bind>
<opcode="zext(34) " fcode="zext"/>
<opset="zext_ln306_2/1 "/>
</bind>
</comp>

<comp id="173" class="1004" name="store_ln303_store_fu_173">
<pin_list>
<pin id="174" dir="0" index="0" bw="10" slack="0"/>
<pin id="175" dir="0" index="1" bw="10" slack="0"/>
<pin id="176" dir="1" index="2" bw="0" slack="2147483647"/>
</pin_list>
<bind>
<opcode="store(28) " fcode="store"/>
<opset="store_ln303/1 "/>
</bind>
</comp>

<comp id="178" class="1004" name="zext_ln303_fu_178">
<pin_list>
<pin id="179" dir="0" index="0" bw="10" slack="5"/>
<pin id="180" dir="1" index="1" bw="64" slack="0"/>
</pin_list>
<bind>
<opcode="zext(34) " fcode="zext"/>
<opset="zext_ln303/6 "/>
</bind>
</comp>

<comp id="182" class="1004" name="v152_fu_182">
<pin_list>
<pin id="183" dir="0" index="0" bw="32" slack="1"/>
<pin id="184" dir="1" index="1" bw="32" slack="0"/>
</pin_list>
<bind>
<opcode="bitcast(44) " fcode="bitcast"/>
<opset="v152/8 "/>
</bind>
</comp>

<comp id="186" class="1004" name="v161_fu_186">
<pin_list>
<pin id="187" dir="0" index="0" bw="32" slack="1"/>
<pin id="188" dir="1" index="1" bw="32" slack="0"/>
</pin_list>
<bind>
<opcode="bitcast(44) " fcode="bitcast"/>
<opset="v161/28 "/>
</bind>
</comp>

<comp id="190" class="1004" name="bitcast_ln316_fu_190">
<pin_list>
<pin id="191" dir="0" index="0" bw="32" slack="1"/>
<pin id="192" dir="1" index="1" bw="32" slack="0"/>
</pin_list>
<bind>
<opcode="bitcast(44) " fcode="bitcast"/>
<opset="bitcast_ln316/33 "/>
</bind>
</comp>

<comp id="194" class="1005" name="j11_reg_194">
<pin_list>
<pin id="195" dir="0" index="0" bw="10" slack="0"/>
<pin id="196" dir="1" index="1" bw="10" slack="0"/>
</pin_list>
<bind>
<opset="j11 "/>
</bind>
</comp>

<comp id="201" class="1005" name="v159_read_reg_201">
<pin_list>
<pin id="202" dir="0" index="0" bw="32" slack="11"/>
<pin id="203" dir="1" index="1" bw="32" slack="11"/>
</pin_list>
<bind>
<opset="v159_read "/>
</bind>
</comp>

<comp id="206" class="1005" name="v154_read_reg_206">
<pin_list>
<pin id="207" dir="0" index="0" bw="32" slack="2"/>
<pin id="208" dir="1" index="1" bw="32" slack="2"/>
</pin_list>
<bind>
<opset="v154_read "/>
</bind>
</comp>

<comp id="211" class="1005" name="j11_2_reg_211">
<pin_list>
<pin id="212" dir="0" index="0" bw="10" slack="5"/>
<pin id="213" dir="1" index="1" bw="10" slack="5"/>
</pin_list>
<bind>
<opset="j11_2 "/>
</bind>
</comp>

<comp id="216" class="1005" name="icmp_ln303_reg_216">
<pin_list>
<pin id="217" dir="0" index="0" bw="1" slack="31"/>
<pin id="218" dir="1" index="1" bw="1" slack="2147483647"/>
</pin_list>
<bind>
<opset="icmp_ln303 "/>
</bind>
</comp>

<comp id="220" class="1005" name="zext_ln306_2_reg_220">
<pin_list>
<pin id="221" dir="0" index="0" bw="64" slack="32"/>
<pin id="222" dir="1" index="1" bw="64" slack="32"/>
</pin_list>
<bind>
<opset="zext_ln306_2 "/>
</bind>
</comp>

<comp id="225" class="1005" name="v124_addr_reg_225">
<pin_list>
<pin id="226" dir="0" index="0" bw="14" slack="1"/>
<pin id="227" dir="1" index="1" bw="14" slack="1"/>
</pin_list>
<bind>
<opset="v124_addr "/>
</bind>
</comp>

<comp id="230" class="1005" name="v153_reg_230">
<pin_list>
<pin id="231" dir="0" index="0" bw="32" slack="1"/>
<pin id="232" dir="1" index="1" bw="32" slack="1"/>
</pin_list>
<bind>
<opset="v153 "/>
</bind>
</comp>

<comp id="235" class="1005" name="zext_ln303_reg_235">
<pin_list>
<pin id="236" dir="0" index="0" bw="64" slack="20"/>
<pin id="237" dir="1" index="1" bw="64" slack="20"/>
</pin_list>
<bind>
<opset="zext_ln303 "/>
</bind>
</comp>

<comp id="240" class="1005" name="v235_addr_reg_240">
<pin_list>
<pin id="241" dir="0" index="0" bw="10" slack="1"/>
<pin id="242" dir="1" index="1" bw="10" slack="1"/>
</pin_list>
<bind>
<opset="v235_addr "/>
</bind>
</comp>

<comp id="245" class="1005" name="v235_load_reg_245">
<pin_list>
<pin id="246" dir="0" index="0" bw="32" slack="1"/>
<pin id="247" dir="1" index="1" bw="32" slack="1"/>
</pin_list>
<bind>
<opset="v235_load "/>
</bind>
</comp>

<comp id="250" class="1005" name="v155_reg_250">
<pin_list>
<pin id="251" dir="0" index="0" bw="32" slack="1"/>
<pin id="252" dir="1" index="1" bw="32" slack="1"/>
</pin_list>
<bind>
<opset="v155 "/>
</bind>
</comp>

<comp id="255" class="1005" name="v152_reg_255">
<pin_list>
<pin id="256" dir="0" index="0" bw="32" slack="1"/>
<pin id="257" dir="1" index="1" bw="32" slack="1"/>
</pin_list>
<bind>
<opset="v152 "/>
</bind>
</comp>

<comp id="260" class="1005" name="v156_reg_260">
<pin_list>
<pin id="261" dir="0" index="0" bw="32" slack="1"/>
<pin id="262" dir="1" index="1" bw="32" slack="1"/>
</pin_list>
<bind>
<opset="v156 "/>
</bind>
</comp>

<comp id="265" class="1005" name="v236_addr_reg_265">
<pin_list>
<pin id="266" dir="0" index="0" bw="10" slack="1"/>
<pin id="267" dir="1" index="1" bw="10" slack="1"/>
</pin_list>
<bind>
<opset="v236_addr "/>
</bind>
</comp>

<comp id="270" class="1005" name="v160_reg_270">
<pin_list>
<pin id="271" dir="0" index="0" bw="32" slack="1"/>
<pin id="272" dir="1" index="1" bw="32" slack="1"/>
</pin_list>
<bind>
<opset="v160 "/>
</bind>
</comp>

<comp id="275" class="1005" name="v236_load_reg_275">
<pin_list>
<pin id="276" dir="0" index="0" bw="32" slack="1"/>
<pin id="277" dir="1" index="1" bw="32" slack="1"/>
</pin_list>
<bind>
<opset="v236_load "/>
</bind>
</comp>

<comp id="280" class="1005" name="v161_reg_280">
<pin_list>
<pin id="281" dir="0" index="0" bw="32" slack="1"/>
<pin id="282" dir="1" index="1" bw="32" slack="1"/>
</pin_list>
<bind>
<opset="v161 "/>
</bind>
</comp>

<comp id="285" class="1005" name="v162_reg_285">
<pin_list>
<pin id="286" dir="0" index="0" bw="32" slack="1"/>
<pin id="287" dir="1" index="1" bw="32" slack="1"/>
</pin_list>
<bind>
<opset="v162 "/>
</bind>
</comp>

</comp_list>

<net_list>
<net id="51"><net_src comp="14" pin="0"/><net_sink comp="48" pin=0"/></net>

<net id="56"><net_src comp="26" pin="0"/><net_sink comp="52" pin=0"/></net>

<net id="57"><net_src comp="10" pin="0"/><net_sink comp="52" pin=1"/></net>

<net id="62"><net_src comp="26" pin="0"/><net_sink comp="58" pin=0"/></net>

<net id="63"><net_src comp="8" pin="0"/><net_sink comp="58" pin=1"/></net>

<net id="68"><net_src comp="28" pin="0"/><net_sink comp="64" pin=0"/></net>

<net id="69"><net_src comp="0" pin="0"/><net_sink comp="64" pin=1"/></net>

<net id="75"><net_src comp="2" pin="0"/><net_sink comp="70" pin=0"/></net>

<net id="76"><net_src comp="40" pin="0"/><net_sink comp="70" pin=1"/></net>

<net id="82"><net_src comp="70" pin="3"/><net_sink comp="77" pin=0"/></net>

<net id="88"><net_src comp="6" pin="0"/><net_sink comp="83" pin=0"/></net>

<net id="89"><net_src comp="40" pin="0"/><net_sink comp="83" pin=1"/></net>

<net id="95"><net_src comp="83" pin="3"/><net_sink comp="90" pin=0"/></net>

<net id="101"><net_src comp="12" pin="0"/><net_sink comp="96" pin=0"/></net>

<net id="102"><net_src comp="40" pin="0"/><net_sink comp="96" pin=1"/></net>

<net id="108"><net_src comp="96" pin="3"/><net_sink comp="103" pin=0"/></net>

<net id="114"><net_src comp="4" pin="0"/><net_sink comp="109" pin=0"/></net>

<net id="115"><net_src comp="40" pin="0"/><net_sink comp="109" pin=1"/></net>

<net id="121"><net_src comp="109" pin="3"/><net_sink comp="116" pin=0"/></net>

<net id="142"><net_src comp="30" pin="0"/><net_sink comp="138" pin=0"/></net>

<net id="150"><net_src comp="143" pin="1"/><net_sink comp="146" pin=0"/></net>

<net id="151"><net_src comp="32" pin="0"/><net_sink comp="146" pin=1"/></net>

<net id="156"><net_src comp="143" pin="1"/><net_sink comp="152" pin=0"/></net>

<net id="157"><net_src comp="38" pin="0"/><net_sink comp="152" pin=1"/></net>

<net id="161"><net_src comp="143" pin="1"/><net_sink comp="158" pin=0"/></net>

<net id="166"><net_src comp="64" pin="2"/><net_sink comp="162" pin=0"/></net>

<net id="167"><net_src comp="158" pin="1"/><net_sink comp="162" pin=1"/></net>

<net id="171"><net_src comp="162" pin="2"/><net_sink comp="168" pin=0"/></net>

<net id="172"><net_src comp="168" pin="1"/><net_sink comp="70" pin=2"/></net>

<net id="177"><net_src comp="152" pin="2"/><net_sink comp="173" pin=0"/></net>

<net id="181"><net_src comp="178" pin="1"/><net_sink comp="83" pin=2"/></net>

<net id="185"><net_src comp="182" pin="1"/><net_sink comp="130" pin=0"/></net>

<net id="189"><net_src comp="186" pin="1"/><net_sink comp="126" pin=1"/></net>

<net id="193"><net_src comp="190" pin="1"/><net_sink comp="116" pin=1"/></net>

<net id="197"><net_src comp="48" pin="1"/><net_sink comp="194" pin=0"/></net>

<net id="198"><net_src comp="194" pin="1"/><net_sink comp="138" pin=1"/></net>

<net id="199"><net_src comp="194" pin="1"/><net_sink comp="143" pin=0"/></net>

<net id="200"><net_src comp="194" pin="1"/><net_sink comp="173" pin=1"/></net>

<net id="204"><net_src comp="52" pin="2"/><net_sink comp="201" pin=0"/></net>

<net id="205"><net_src comp="201" pin="1"/><net_sink comp="134" pin=1"/></net>

<net id="209"><net_src comp="58" pin="2"/><net_sink comp="206" pin=0"/></net>

<net id="210"><net_src comp="206" pin="1"/><net_sink comp="122" pin=1"/></net>

<net id="214"><net_src comp="143" pin="1"/><net_sink comp="211" pin=0"/></net>

<net id="215"><net_src comp="211" pin="1"/><net_sink comp="178" pin=0"/></net>

<net id="219"><net_src comp="146" pin="2"/><net_sink comp="216" pin=0"/></net>

<net id="223"><net_src comp="168" pin="1"/><net_sink comp="220" pin=0"/></net>

<net id="224"><net_src comp="220" pin="1"/><net_sink comp="109" pin=2"/></net>

<net id="228"><net_src comp="70" pin="3"/><net_sink comp="225" pin=0"/></net>

<net id="229"><net_src comp="225" pin="1"/><net_sink comp="77" pin=0"/></net>

<net id="233"><net_src comp="77" pin="3"/><net_sink comp="230" pin=0"/></net>

<net id="234"><net_src comp="230" pin="1"/><net_sink comp="122" pin=0"/></net>

<net id="238"><net_src comp="178" pin="1"/><net_sink comp="235" pin=0"/></net>

<net id="239"><net_src comp="235" pin="1"/><net_sink comp="96" pin=2"/></net>

<net id="243"><net_src comp="83" pin="3"/><net_sink comp="240" pin=0"/></net>

<net id="244"><net_src comp="240" pin="1"/><net_sink comp="90" pin=0"/></net>

<net id="248"><net_src comp="90" pin="3"/><net_sink comp="245" pin=0"/></net>

<net id="249"><net_src comp="245" pin="1"/><net_sink comp="182" pin=0"/></net>

<net id="253"><net_src comp="122" pin="2"/><net_sink comp="250" pin=0"/></net>

<net id="254"><net_src comp="250" pin="1"/><net_sink comp="130" pin=1"/></net>

<net id="258"><net_src comp="182" pin="1"/><net_sink comp="255" pin=0"/></net>

<net id="259"><net_src comp="255" pin="1"/><net_sink comp="130" pin=0"/></net>

<net id="263"><net_src comp="130" pin="2"/><net_sink comp="260" pin=0"/></net>

<net id="264"><net_src comp="260" pin="1"/><net_sink comp="134" pin=0"/></net>

<net id="268"><net_src comp="96" pin="3"/><net_sink comp="265" pin=0"/></net>

<net id="269"><net_src comp="265" pin="1"/><net_sink comp="103" pin=0"/></net>

<net id="273"><net_src comp="134" pin="2"/><net_sink comp="270" pin=0"/></net>

<net id="274"><net_src comp="270" pin="1"/><net_sink comp="126" pin=0"/></net>

<net id="278"><net_src comp="103" pin="3"/><net_sink comp="275" pin=0"/></net>

<net id="279"><net_src comp="275" pin="1"/><net_sink comp="186" pin=0"/></net>

<net id="283"><net_src comp="186" pin="1"/><net_sink comp="280" pin=0"/></net>

<net id="284"><net_src comp="280" pin="1"/><net_sink comp="126" pin=1"/></net>

<net id="288"><net_src comp="126" pin="2"/><net_sink comp="285" pin=0"/></net>

<net id="289"><net_src comp="285" pin="1"/><net_sink comp="190" pin=0"/></net>

</net_list>

</model> 
---------------- Datapath Model END ------------------

* FSMD analyzer results:
  - Output states:
	Port: v237 | {33 }
 - Input state : 
	Port: Layer_norm.1_Pipeline_l_j11 : sub_ln306 | {1 }
	Port: Layer_norm.1_Pipeline_l_j11 : v124 | {1 2 }
	Port: Layer_norm.1_Pipeline_l_j11 : v235 | {6 7 }
	Port: Layer_norm.1_Pipeline_l_j11 : v154 | {1 }
	Port: Layer_norm.1_Pipeline_l_j11 : v159 | {1 }
	Port: Layer_norm.1_Pipeline_l_j11 : v236 | {26 27 }
  - Chain level:
	State 1
		store_ln0 : 1
		j11_2 : 1
		icmp_ln303 : 2
		add_ln303 : 2
		br_ln303 : 3
		zext_ln306 : 2
		add_ln306 : 3
		zext_ln306_2 : 4
		v124_addr : 5
		v153 : 6
		store_ln303 : 3
	State 2
	State 3
	State 4
	State 5
	State 6
		v235_addr : 1
		v235_load : 2
	State 7
	State 8
		v156 : 1
	State 9
	State 10
	State 11
	State 12
	State 13
	State 14
	State 15
	State 16
	State 17
	State 18
	State 19
	State 20
	State 21
	State 22
	State 23
	State 24
	State 25
	State 26
		v236_load : 1
	State 27
	State 28
		v162 : 1
	State 29
	State 30
	State 31
	State 32
	State 33
		store_ln316 : 1


============================================================
+ Verbose Summary: Datapath Resource usage 
============================================================

* Functional unit list:
|----------|---------------------------|---------|---------|---------|
| Operation|      Functional Unit      |   DSP   |    FF   |   LUT   |
|----------|---------------------------|---------|---------|---------|
|   fadd   |         grp_fu_122        |    2    |   205   |   390   |
|          |         grp_fu_126        |    2    |   205   |   390   |
|----------|---------------------------|---------|---------|---------|
|   fmul   |         grp_fu_130        |    3    |   143   |   321   |
|----------|---------------------------|---------|---------|---------|
|    add   |      add_ln303_fu_152     |    0    |    0    |    13   |
|          |      add_ln306_fu_162     |    0    |    0    |    17   |
|----------|---------------------------|---------|---------|---------|
|   icmp   |     icmp_ln303_fu_146     |    0    |    0    |    11   |
|----------|---------------------------|---------|---------|---------|
|          |    v159_read_read_fu_52   |    0    |    0    |    0    |
|   read   |    v154_read_read_fu_58   |    0    |    0    |    0    |
|          | sub_ln306_read_read_fu_64 |    0    |    0    |    0    |
|----------|---------------------------|---------|---------|---------|
|   fdiv   |         grp_fu_134        |    0    |    0    |    0    |
|----------|---------------------------|---------|---------|---------|
|          |     zext_ln306_fu_158     |    0    |    0    |    0    |
|   zext   |    zext_ln306_2_fu_168    |    0    |    0    |    0    |
|          |     zext_ln303_fu_178     |    0    |    0    |    0    |
|----------|---------------------------|---------|---------|---------|
|   Total  |                           |    7    |   553   |   1142  |
|----------|---------------------------|---------|---------|---------|

Memories:
N/A

* Register list:
+--------------------+--------+
|                    |   FF   |
+--------------------+--------+
| icmp_ln303_reg_216 |    1   |
|    j11_2_reg_211   |   10   |
|     j11_reg_194    |   10   |
|  v124_addr_reg_225 |   14   |
|    v152_reg_255    |   32   |
|    v153_reg_230    |   32   |
|  v154_read_reg_206 |   32   |
|    v155_reg_250    |   32   |
|    v156_reg_260    |   32   |
|  v159_read_reg_201 |   32   |
|    v160_reg_270    |   32   |
|    v161_reg_280    |   32   |
|    v162_reg_285    |   32   |
|  v235_addr_reg_240 |   10   |
|  v235_load_reg_245 |   32   |
|  v236_addr_reg_265 |   10   |
|  v236_load_reg_275 |   32   |
| zext_ln303_reg_235 |   64   |
|zext_ln306_2_reg_220|   64   |
+--------------------+--------+
|        Total       |   535  |
+--------------------+--------+

* Multiplexer (MUX) list: 
|-------------------|------|------|------|--------||---------||---------|
|        Comp       |  Pin | Size |  BW  | S x BW ||  Delay  ||   LUT   |
|-------------------|------|------|------|--------||---------||---------|
|  grp_access_fu_77 |  p0  |   2  |  14  |   28   ||    9    |
|  grp_access_fu_90 |  p0  |   2  |  10  |   20   ||    9    |
| grp_access_fu_103 |  p0  |   2  |  10  |   20   ||    9    |
|     grp_fu_126    |  p1  |   2  |  32  |   64   ||    9    |
|     grp_fu_130    |  p0  |   2  |  32  |   64   ||    9    |
|-------------------|------|------|------|--------||---------||---------|
|       Total       |      |      |      |   196  ||   7.94  ||    45   |
|-------------------|------|------|------|--------||---------||---------|



* Summary:
+-----------+--------+--------+--------+--------+
|           |   DSP  |  Delay |   FF   |   LUT  |
+-----------+--------+--------+--------+--------+
|  Function |    7   |    -   |   553  |  1142  |
|   Memory  |    -   |    -   |    -   |    -   |
|Multiplexer|    -   |    7   |    -   |   45   |
|  Register |    -   |    -   |   535  |    -   |
+-----------+--------+--------+--------+--------+
|   Total   |    7   |    7   |  1088  |  1187  |
+-----------+--------+--------+--------+--------+
