

================================================================
== Vitis HLS Report for 'Self_attention_Pipeline_l_j_back2'
================================================================
* Date:           Sat Sep  2 22:24:17 2023

* Version:        2022.1.2 (Build 3605665 on Fri Aug  5 22:52:02 MDT 2022)
* Project:        out.prj
* Solution:       solution1 (Vivado IP Flow Target)
* Product family: zynq
* Target device:  xc7z020-clg484-1


================================================================
== Performance Estimates
================================================================
+ Timing: 
    * Summary: 
    +--------+----------+----------+------------+
    |  Clock |  Target  | Estimated| Uncertainty|
    +--------+----------+----------+------------+
    |ap_clk  |  10.00 ns|  6.508 ns|     2.70 ns|
    +--------+----------+----------+------------+

+ Latency: 
    * Summary: 
    +---------+---------+----------+----------+-----+-----+---------+
    |  Latency (cycles) |  Latency (absolute) |  Interval | Pipeline|
    |   min   |   max   |    min   |    max   | min | max |   Type  |
    +---------+---------+----------+----------+-----+-----+---------+
    |       66|       66|  0.660 us|  0.660 us|   66|   66|       no|
    +---------+---------+----------+----------+-----+-----+---------+

    + Detail: 
        * Instance: 
        N/A

        * Loop: 
        +-------------+---------+---------+----------+-----------+-----------+------+----------+
        |             |  Latency (cycles) | Iteration|  Initiation Interval  | Trip |          |
        |  Loop Name  |   min   |   max   |  Latency |  achieved |   target  | Count| Pipelined|
        +-------------+---------+---------+----------+-----------+-----------+------+----------+
        |- l_j_back2  |       64|       64|         2|          1|          1|    64|       yes|
        +-------------+---------+---------+----------+-----------+-----------+------+----------+

============================================================
+ Verbose Summary: Synthesis Manager
============================================================
InlineROM: 1
ExposeGlobal: 0
============================================================
+ Verbose Summary: CDFG Model
============================================================
IsTopModel: 0
ResetActiveHigh: 1
IsCombinational: 0
IsDatapathOnly: 0
HasWiredReturn: 1
HasMFsm: 2
HasVarLatency: 1
IsPipeline: 0
IsRtlPipelined: 0
IsInstanceOverlapped: 0
IsDontTouch: 0
HasImplIP: 0
IsGatedGlobalClock: 0

+ Individual pipeline summary: 
  * Pipeline-0: initiation interval (II) = 1, depth = 2


============================================================
+ Verbose Summary: Schedule
============================================================
* Number of FSM states : 2
* Pipeline : 1
  Pipeline-0 : II = 1, D = 2, States = { 1 2 }
* Dataflow Pipeline: 0

* FSM state transitions: 
1 --> 2 
2 --> 

* FSM state operations: 

State 1 <SV = 0> <Delay = 3.45>
ST_1 : Operation 5 [1/1] (0.00ns)   --->   "%j_back2 = alloca i32 1"   --->   Operation 5 'alloca' 'j_back2' <Predicate = true> <Delay = 0.00>
ST_1 : Operation 6 [1/1] (0.00ns)   --->   "%zext_ln161_read = read i10 @_ssdm_op_Read.ap_auto.i10, i10 %zext_ln161"   --->   Operation 6 'read' 'zext_ln161_read' <Predicate = true> <Delay = 0.00>
ST_1 : Operation 7 [1/1] (1.58ns)   --->   "%store_ln0 = store i7 0, i7 %j_back2"   --->   Operation 7 'store' 'store_ln0' <Predicate = true> <Delay = 1.58>
ST_1 : Operation 8 [1/1] (0.00ns)   --->   "%br_ln0 = br void %for.inc59.i49"   --->   Operation 8 'br' 'br_ln0' <Predicate = true> <Delay = 0.00>
ST_1 : Operation 9 [1/1] (0.00ns)   --->   "%j_back2_1 = load i7 %j_back2" [kernel.cpp:158]   --->   Operation 9 'load' 'j_back2_1' <Predicate = true> <Delay = 0.00>
ST_1 : Operation 10 [1/1] (1.48ns)   --->   "%icmp_ln158 = icmp_eq  i7 %j_back2_1, i7 64" [kernel.cpp:158]   --->   Operation 10 'icmp' 'icmp_ln158' <Predicate = true> <Delay = 1.48> <CoreInst = "Cmp">   --->   Core 9 'Cmp' <Latency = 0> <II = 1> <Delay = 1.48> <FuncUnit> <Opcode : 'icmp'> <InPorts = 2> <OutPorts = 1>
ST_1 : Operation 11 [1/1] (0.00ns)   --->   "%empty = speclooptripcount i32 @_ssdm_op_SpecLoopTripCount, i64 64, i64 64, i64 64"   --->   Operation 11 'speclooptripcount' 'empty' <Predicate = true> <Delay = 0.00>
ST_1 : Operation 12 [1/1] (1.87ns)   --->   "%add_ln158 = add i7 %j_back2_1, i7 1" [kernel.cpp:158]   --->   Operation 12 'add' 'add_ln158' <Predicate = true> <Delay = 1.87> <CoreInst = "Adder">   --->   Core 1 'Adder' <Latency = 0> <II = 1> <Delay = 1.87> <FuncUnit> <Opcode : 'add' 'sub'> <InPorts = 2> <OutPorts = 1>
ST_1 : Operation 13 [1/1] (0.00ns)   --->   "%br_ln158 = br i1 %icmp_ln158, void %for.inc59.i49.split, void %for.inc62.i.exitStub" [kernel.cpp:158]   --->   Operation 13 'br' 'br_ln158' <Predicate = true> <Delay = 0.00>
ST_1 : Operation 14 [1/1] (0.00ns)   --->   "%zext_ln158 = zext i7 %j_back2_1" [kernel.cpp:158]   --->   Operation 14 'zext' 'zext_ln158' <Predicate = (!icmp_ln158)> <Delay = 0.00>
ST_1 : Operation 15 [1/1] (0.00ns)   --->   "%zext_ln161_1 = zext i7 %j_back2_1" [kernel.cpp:161]   --->   Operation 15 'zext' 'zext_ln161_1' <Predicate = (!icmp_ln158)> <Delay = 0.00>
ST_1 : Operation 16 [1/1] (1.73ns)   --->   "%add_ln161 = add i10 %zext_ln161_read, i10 %zext_ln161_1" [kernel.cpp:161]   --->   Operation 16 'add' 'add_ln161' <Predicate = (!icmp_ln158)> <Delay = 1.73> <CoreInst = "Adder">   --->   Core 1 'Adder' <Latency = 0> <II = 1> <Delay = 1.73> <FuncUnit> <Opcode : 'add' 'sub'> <InPorts = 2> <OutPorts = 1>
ST_1 : Operation 17 [1/1] (0.00ns)   --->   "%v64_addr = getelementptr i32 %v64, i64 0, i64 %zext_ln158" [kernel.cpp:160]   --->   Operation 17 'getelementptr' 'v64_addr' <Predicate = (!icmp_ln158)> <Delay = 0.00>
ST_1 : Operation 18 [2/2] (3.25ns)   --->   "%v74 = load i6 %v64_addr" [kernel.cpp:160]   --->   Operation 18 'load' 'v74' <Predicate = (!icmp_ln158)> <Delay = 3.25> <CoreInst = "RAM">   --->   Core 82 'RAM' <Latency = 1> <II = 1> <Delay = 3.25> <Storage> <Opcode : 'load' 'store'> <Ports = 2> <Width = 32> <Depth = 64> <RAM>
ST_1 : Operation 19 [1/1] (1.58ns)   --->   "%store_ln158 = store i7 %add_ln158, i7 %j_back2" [kernel.cpp:158]   --->   Operation 19 'store' 'store_ln158' <Predicate = (!icmp_ln158)> <Delay = 1.58>
ST_1 : Operation 27 [1/1] (0.00ns)   --->   "%ret_ln0 = ret"   --->   Operation 27 'ret' 'ret_ln0' <Predicate = (icmp_ln158)> <Delay = 0.00>

State 2 <SV = 1> <Delay = 6.50>
ST_2 : Operation 20 [1/1] (0.00ns)   --->   "%zext_ln161_2 = zext i10 %add_ln161" [kernel.cpp:161]   --->   Operation 20 'zext' 'zext_ln161_2' <Predicate = true> <Delay = 0.00>
ST_2 : Operation 21 [1/1] (0.00ns)   --->   "%v90_addr = getelementptr i32 %v90, i64 0, i64 %zext_ln161_2" [kernel.cpp:161]   --->   Operation 21 'getelementptr' 'v90_addr' <Predicate = true> <Delay = 0.00>
ST_2 : Operation 22 [1/1] (0.00ns)   --->   "%specpipeline_ln159 = specpipeline void @_ssdm_op_SpecPipeline, i32 1, i32 0, i32 0, i32 0, void @empty_35" [kernel.cpp:159]   --->   Operation 22 'specpipeline' 'specpipeline_ln159' <Predicate = true> <Delay = 0.00>
ST_2 : Operation 23 [1/1] (0.00ns)   --->   "%specloopname_ln158 = specloopname void @_ssdm_op_SpecLoopName, void @empty_1" [kernel.cpp:158]   --->   Operation 23 'specloopname' 'specloopname_ln158' <Predicate = true> <Delay = 0.00>
ST_2 : Operation 24 [1/2] (3.25ns)   --->   "%v74 = load i6 %v64_addr" [kernel.cpp:160]   --->   Operation 24 'load' 'v74' <Predicate = true> <Delay = 3.25> <CoreInst = "RAM">   --->   Core 82 'RAM' <Latency = 1> <II = 1> <Delay = 3.25> <Storage> <Opcode : 'load' 'store'> <Ports = 2> <Width = 32> <Depth = 64> <RAM>
ST_2 : Operation 25 [1/1] (3.25ns)   --->   "%store_ln161 = store i32 %v74, i10 %v90_addr" [kernel.cpp:161]   --->   Operation 25 'store' 'store_ln161' <Predicate = true> <Delay = 3.25> <CoreInst = "RAM">   --->   Core 82 'RAM' <Latency = 1> <II = 1> <Delay = 3.25> <Storage> <Opcode : 'load' 'store'> <Ports = 2> <Width = 32> <Depth = 768> <RAM>
ST_2 : Operation 26 [1/1] (0.00ns)   --->   "%br_ln158 = br void %for.inc59.i49" [kernel.cpp:158]   --->   Operation 26 'br' 'br_ln158' <Predicate = true> <Delay = 0.00>


============================================================
+ Verbose Summary: Binding
============================================================
STG Binding: 
---------------- STG Properties BEGIN ----------------
- Is combinational: 0
- Is one-state seq: 0
- Is datapath-only: 0
- Is pipelined: 0
- Is top level: 0
Port [ Return ] is wired: 1; IO mode=ap_ctrl_hs:ce=0
Port [ zext_ln161]:  wired=1; compound=0; hidden=0; nouse=0; global=0; static=0; extern=0; dir=0; type=0; pingpong=0; private_global=0; IO mode=ap_none:ce=0
Port [ v90]:  wired=1; compound=1; hidden=0; nouse=0; global=0; static=0; extern=0; dir=1; type=1; pingpong=0; private_global=0; MemPort=[03]; IO mode=ap_memory:ce=0
Port [ v64]:  wired=1; compound=1; hidden=0; nouse=0; global=0; static=0; extern=0; dir=0; type=1; pingpong=0; private_global=0; MemPort=[13]; IO mode=ap_memory:ce=0
---------------- STG Properties END ------------------

---------------- Datapath Model BEGIN ----------------

<LifeTime>
<method=bitvector/>
j_back2            (alloca           ) [ 010]
zext_ln161_read    (read             ) [ 000]
store_ln0          (store            ) [ 000]
br_ln0             (br               ) [ 000]
j_back2_1          (load             ) [ 000]
icmp_ln158         (icmp             ) [ 010]
empty              (speclooptripcount) [ 000]
add_ln158          (add              ) [ 000]
br_ln158           (br               ) [ 000]
zext_ln158         (zext             ) [ 000]
zext_ln161_1       (zext             ) [ 000]
add_ln161          (add              ) [ 011]
v64_addr           (getelementptr    ) [ 011]
store_ln158        (store            ) [ 000]
zext_ln161_2       (zext             ) [ 000]
v90_addr           (getelementptr    ) [ 000]
specpipeline_ln159 (specpipeline     ) [ 000]
specloopname_ln158 (specloopname     ) [ 000]
v74                (load             ) [ 000]
store_ln161        (store            ) [ 000]
br_ln158           (br               ) [ 000]
ret_ln0            (ret              ) [ 000]
</LifeTime>

<model>

<comp_list>
<comp id="0" class="1000" name="zext_ln161">
<pin_list>
<pin id="1" dir="1" index="0" bw="1" slack="0"/>
</pin_list>
<bind>
<StgValue><ssdm name="zext_ln161"/></StgValue>
</bind>
</comp>

<comp id="2" class="1000" name="v90">
<pin_list>
<pin id="3" dir="1" index="0" bw="1" slack="0"/>
</pin_list>
<bind>
<StgValue><ssdm name="v90"/><MemPortTyVec>0 3 </MemPortTyVec>
</StgValue>
</bind>
</comp>

<comp id="4" class="1000" name="v64">
<pin_list>
<pin id="5" dir="1" index="0" bw="1" slack="0"/>
</pin_list>
<bind>
<StgValue><ssdm name="v64"/><MemPortTyVec>1 3 </MemPortTyVec>
</StgValue>
</bind>
</comp>

<comp id="6" class="1001" name="const_6">
<pin_list>
<pin id="7" dir="1" index="0" bw="1" slack="0"/>
</pin_list>
<bind>
<StgValue><ssdm name=""/></StgValue>
</bind>
</comp>

<comp id="8" class="1001" name="const_8">
<pin_list>
<pin id="9" dir="1" index="0" bw="1" slack="0"/>
</pin_list>
<bind>
<StgValue><ssdm name="_ssdm_op_Read.ap_auto.i10"/></StgValue>
</bind>
</comp>

<comp id="10" class="1001" name="const_10">
<pin_list>
<pin id="11" dir="1" index="0" bw="1" slack="0"/>
</pin_list>
<bind>
<StgValue><ssdm name=""/></StgValue>
</bind>
</comp>

<comp id="12" class="1001" name="const_12">
<pin_list>
<pin id="13" dir="1" index="0" bw="1" slack="0"/>
</pin_list>
<bind>
<StgValue><ssdm name=""/></StgValue>
</bind>
</comp>

<comp id="14" class="1001" name="const_14">
<pin_list>
<pin id="15" dir="1" index="0" bw="1" slack="2147483647"/>
</pin_list>
<bind>
<StgValue><ssdm name="_ssdm_op_SpecLoopTripCount"/></StgValue>
</bind>
</comp>

<comp id="16" class="1001" name="const_16">
<pin_list>
<pin id="17" dir="1" index="0" bw="1" slack="2147483647"/>
</pin_list>
<bind>
<StgValue><ssdm name=""/></StgValue>
</bind>
</comp>

<comp id="18" class="1001" name="const_18">
<pin_list>
<pin id="19" dir="1" index="0" bw="1" slack="0"/>
</pin_list>
<bind>
<StgValue><ssdm name=""/></StgValue>
</bind>
</comp>

<comp id="20" class="1001" name="const_20">
<pin_list>
<pin id="21" dir="1" index="0" bw="1" slack="0"/>
</pin_list>
<bind>
<StgValue><ssdm name=""/></StgValue>
</bind>
</comp>

<comp id="22" class="1001" name="const_22">
<pin_list>
<pin id="23" dir="1" index="0" bw="1" slack="2147483647"/>
</pin_list>
<bind>
<StgValue><ssdm name="_ssdm_op_SpecPipeline"/></StgValue>
</bind>
</comp>

<comp id="24" class="1001" name="const_24">
<pin_list>
<pin id="25" dir="1" index="0" bw="1" slack="2147483647"/>
</pin_list>
<bind>
<StgValue><ssdm name=""/></StgValue>
</bind>
</comp>

<comp id="26" class="1001" name="const_26">
<pin_list>
<pin id="27" dir="1" index="0" bw="1" slack="2147483647"/>
</pin_list>
<bind>
<StgValue><ssdm name="empty_35"/></StgValue>
</bind>
</comp>

<comp id="28" class="1001" name="const_28">
<pin_list>
<pin id="29" dir="1" index="0" bw="1" slack="2147483647"/>
</pin_list>
<bind>
<StgValue><ssdm name="_ssdm_op_SpecLoopName"/></StgValue>
</bind>
</comp>

<comp id="30" class="1001" name="const_30">
<pin_list>
<pin id="31" dir="1" index="0" bw="1" slack="2147483647"/>
</pin_list>
<bind>
<StgValue><ssdm name="empty_1"/></StgValue>
</bind>
</comp>

<comp id="32" class="1004" name="j_back2_fu_32">
<pin_list>
<pin id="33" dir="0" index="0" bw="1" slack="0"/>
<pin id="34" dir="1" index="1" bw="7" slack="0"/>
</pin_list>
<bind>
<opcode="alloca(26) " fcode="alloca"/>
<opset="j_back2/1 "/>
</bind>
</comp>

<comp id="36" class="1004" name="zext_ln161_read_read_fu_36">
<pin_list>
<pin id="37" dir="0" index="0" bw="10" slack="0"/>
<pin id="38" dir="0" index="1" bw="10" slack="0"/>
<pin id="39" dir="1" index="2" bw="10" slack="0"/>
</pin_list>
<bind>
<opcode="read(1150) " fcode="read"/>
<opset="zext_ln161_read/1 "/>
</bind>
</comp>

<comp id="42" class="1004" name="v64_addr_gep_fu_42">
<pin_list>
<pin id="43" dir="0" index="0" bw="32" slack="0"/>
<pin id="44" dir="0" index="1" bw="1" slack="0"/>
<pin id="45" dir="0" index="2" bw="7" slack="0"/>
<pin id="46" dir="1" index="3" bw="6" slack="0"/>
</pin_list>
<bind>
<opcode="getelementptr(29) " fcode="getelementptr"/>
<opset="v64_addr/1 "/>
</bind>
</comp>

<comp id="49" class="1004" name="grp_access_fu_49">
<pin_list>
<pin id="50" dir="0" index="0" bw="6" slack="0"/>
<pin id="51" dir="0" index="1" bw="32" slack="2147483647"/>
<pin id="52" dir="0" index="2" bw="0" slack="2147483647"/>
<pin id="53" dir="1" index="3" bw="32" slack="0"/>
</pin_list>
<bind>
<opcode="load(27) " fcode="load"/>
<opset="v74/1 "/>
</bind>
</comp>

<comp id="55" class="1004" name="v90_addr_gep_fu_55">
<pin_list>
<pin id="56" dir="0" index="0" bw="32" slack="0"/>
<pin id="57" dir="0" index="1" bw="1" slack="0"/>
<pin id="58" dir="0" index="2" bw="10" slack="0"/>
<pin id="59" dir="1" index="3" bw="10" slack="0"/>
</pin_list>
<bind>
<opcode="getelementptr(29) " fcode="getelementptr"/>
<opset="v90_addr/2 "/>
</bind>
</comp>

<comp id="62" class="1004" name="store_ln161_access_fu_62">
<pin_list>
<pin id="63" dir="0" index="0" bw="10" slack="0"/>
<pin id="64" dir="0" index="1" bw="32" slack="0"/>
<pin id="65" dir="0" index="2" bw="0" slack="2147483647"/>
<pin id="66" dir="1" index="3" bw="32" slack="2147483647"/>
</pin_list>
<bind>
<opcode="store(28) " fcode="store"/>
<opset="store_ln161/2 "/>
</bind>
</comp>

<comp id="69" class="1004" name="store_ln0_store_fu_69">
<pin_list>
<pin id="70" dir="0" index="0" bw="1" slack="0"/>
<pin id="71" dir="0" index="1" bw="7" slack="0"/>
<pin id="72" dir="1" index="2" bw="0" slack="2147483647"/>
</pin_list>
<bind>
<opcode="store(28) " fcode="store"/>
<opset="store_ln0/1 "/>
</bind>
</comp>

<comp id="74" class="1004" name="j_back2_1_load_fu_74">
<pin_list>
<pin id="75" dir="0" index="0" bw="7" slack="0"/>
<pin id="76" dir="1" index="1" bw="7" slack="0"/>
</pin_list>
<bind>
<opcode="load(27) " fcode="load"/>
<opset="j_back2_1/1 "/>
</bind>
</comp>

<comp id="77" class="1004" name="icmp_ln158_fu_77">
<pin_list>
<pin id="78" dir="0" index="0" bw="7" slack="0"/>
<pin id="79" dir="0" index="1" bw="7" slack="0"/>
<pin id="80" dir="1" index="2" bw="1" slack="2147483647"/>
</pin_list>
<bind>
<opcode="icmp(45) " fcode="icmp"/>
<opset="icmp_ln158/1 "/>
</bind>
</comp>

<comp id="83" class="1004" name="add_ln158_fu_83">
<pin_list>
<pin id="84" dir="0" index="0" bw="7" slack="0"/>
<pin id="85" dir="0" index="1" bw="1" slack="0"/>
<pin id="86" dir="1" index="2" bw="7" slack="0"/>
</pin_list>
<bind>
<opcode="add(8) " fcode="add"/>
<opset="add_ln158/1 "/>
</bind>
</comp>

<comp id="89" class="1004" name="zext_ln158_fu_89">
<pin_list>
<pin id="90" dir="0" index="0" bw="7" slack="0"/>
<pin id="91" dir="1" index="1" bw="64" slack="0"/>
</pin_list>
<bind>
<opcode="zext(34) " fcode="zext"/>
<opset="zext_ln158/1 "/>
</bind>
</comp>

<comp id="94" class="1004" name="zext_ln161_1_fu_94">
<pin_list>
<pin id="95" dir="0" index="0" bw="7" slack="0"/>
<pin id="96" dir="1" index="1" bw="10" slack="0"/>
</pin_list>
<bind>
<opcode="zext(34) " fcode="zext"/>
<opset="zext_ln161_1/1 "/>
</bind>
</comp>

<comp id="98" class="1004" name="add_ln161_fu_98">
<pin_list>
<pin id="99" dir="0" index="0" bw="10" slack="0"/>
<pin id="100" dir="0" index="1" bw="7" slack="0"/>
<pin id="101" dir="1" index="2" bw="10" slack="1"/>
</pin_list>
<bind>
<opcode="add(8) " fcode="add"/>
<opset="add_ln161/1 "/>
</bind>
</comp>

<comp id="104" class="1004" name="store_ln158_store_fu_104">
<pin_list>
<pin id="105" dir="0" index="0" bw="7" slack="0"/>
<pin id="106" dir="0" index="1" bw="7" slack="0"/>
<pin id="107" dir="1" index="2" bw="0" slack="2147483647"/>
</pin_list>
<bind>
<opcode="store(28) " fcode="store"/>
<opset="store_ln158/1 "/>
</bind>
</comp>

<comp id="109" class="1004" name="zext_ln161_2_fu_109">
<pin_list>
<pin id="110" dir="0" index="0" bw="10" slack="1"/>
<pin id="111" dir="1" index="1" bw="64" slack="0"/>
</pin_list>
<bind>
<opcode="zext(34) " fcode="zext"/>
<opset="zext_ln161_2/2 "/>
</bind>
</comp>

<comp id="113" class="1005" name="j_back2_reg_113">
<pin_list>
<pin id="114" dir="0" index="0" bw="7" slack="0"/>
<pin id="115" dir="1" index="1" bw="7" slack="0"/>
</pin_list>
<bind>
<opset="j_back2 "/>
</bind>
</comp>

<comp id="123" class="1005" name="add_ln161_reg_123">
<pin_list>
<pin id="124" dir="0" index="0" bw="10" slack="1"/>
<pin id="125" dir="1" index="1" bw="10" slack="1"/>
</pin_list>
<bind>
<opset="add_ln161 "/>
</bind>
</comp>

<comp id="128" class="1005" name="v64_addr_reg_128">
<pin_list>
<pin id="129" dir="0" index="0" bw="6" slack="1"/>
<pin id="130" dir="1" index="1" bw="6" slack="1"/>
</pin_list>
<bind>
<opset="v64_addr "/>
</bind>
</comp>

</comp_list>

<net_list>
<net id="35"><net_src comp="6" pin="0"/><net_sink comp="32" pin=0"/></net>

<net id="40"><net_src comp="8" pin="0"/><net_sink comp="36" pin=0"/></net>

<net id="41"><net_src comp="0" pin="0"/><net_sink comp="36" pin=1"/></net>

<net id="47"><net_src comp="4" pin="0"/><net_sink comp="42" pin=0"/></net>

<net id="48"><net_src comp="20" pin="0"/><net_sink comp="42" pin=1"/></net>

<net id="54"><net_src comp="42" pin="3"/><net_sink comp="49" pin=0"/></net>

<net id="60"><net_src comp="2" pin="0"/><net_sink comp="55" pin=0"/></net>

<net id="61"><net_src comp="20" pin="0"/><net_sink comp="55" pin=1"/></net>

<net id="67"><net_src comp="49" pin="3"/><net_sink comp="62" pin=1"/></net>

<net id="68"><net_src comp="55" pin="3"/><net_sink comp="62" pin=0"/></net>

<net id="73"><net_src comp="10" pin="0"/><net_sink comp="69" pin=0"/></net>

<net id="81"><net_src comp="74" pin="1"/><net_sink comp="77" pin=0"/></net>

<net id="82"><net_src comp="12" pin="0"/><net_sink comp="77" pin=1"/></net>

<net id="87"><net_src comp="74" pin="1"/><net_sink comp="83" pin=0"/></net>

<net id="88"><net_src comp="18" pin="0"/><net_sink comp="83" pin=1"/></net>

<net id="92"><net_src comp="74" pin="1"/><net_sink comp="89" pin=0"/></net>

<net id="93"><net_src comp="89" pin="1"/><net_sink comp="42" pin=2"/></net>

<net id="97"><net_src comp="74" pin="1"/><net_sink comp="94" pin=0"/></net>

<net id="102"><net_src comp="36" pin="2"/><net_sink comp="98" pin=0"/></net>

<net id="103"><net_src comp="94" pin="1"/><net_sink comp="98" pin=1"/></net>

<net id="108"><net_src comp="83" pin="2"/><net_sink comp="104" pin=0"/></net>

<net id="112"><net_src comp="109" pin="1"/><net_sink comp="55" pin=2"/></net>

<net id="116"><net_src comp="32" pin="1"/><net_sink comp="113" pin=0"/></net>

<net id="117"><net_src comp="113" pin="1"/><net_sink comp="69" pin=1"/></net>

<net id="118"><net_src comp="113" pin="1"/><net_sink comp="74" pin=0"/></net>

<net id="119"><net_src comp="113" pin="1"/><net_sink comp="104" pin=1"/></net>

<net id="126"><net_src comp="98" pin="2"/><net_sink comp="123" pin=0"/></net>

<net id="127"><net_src comp="123" pin="1"/><net_sink comp="109" pin=0"/></net>

<net id="131"><net_src comp="42" pin="3"/><net_sink comp="128" pin=0"/></net>

<net id="132"><net_src comp="128" pin="1"/><net_sink comp="49" pin=0"/></net>

</net_list>

</model> 
---------------- Datapath Model END ------------------

* FSMD analyzer results:
  - Output states:
	Port: v90 | {2 }
 - Input state : 
	Port: Self_attention_Pipeline_l_j_back2 : zext_ln161 | {1 }
	Port: Self_attention_Pipeline_l_j_back2 : v64 | {1 2 }
  - Chain level:
	State 1
		store_ln0 : 1
		j_back2_1 : 1
		icmp_ln158 : 2
		add_ln158 : 2
		br_ln158 : 3
		zext_ln158 : 2
		zext_ln161_1 : 2
		add_ln161 : 3
		v64_addr : 3
		v74 : 4
		store_ln158 : 3
	State 2
		v90_addr : 1
		store_ln161 : 2


============================================================
+ Verbose Summary: Datapath Resource usage 
============================================================

* Functional unit list:
|----------|----------------------------|---------|---------|
| Operation|       Functional Unit      |    FF   |   LUT   |
|----------|----------------------------|---------|---------|
|    add   |       add_ln158_fu_83      |    0    |    14   |
|          |       add_ln161_fu_98      |    0    |    13   |
|----------|----------------------------|---------|---------|
|   icmp   |      icmp_ln158_fu_77      |    0    |    10   |
|----------|----------------------------|---------|---------|
|   read   | zext_ln161_read_read_fu_36 |    0    |    0    |
|----------|----------------------------|---------|---------|
|          |      zext_ln158_fu_89      |    0    |    0    |
|   zext   |     zext_ln161_1_fu_94     |    0    |    0    |
|          |     zext_ln161_2_fu_109    |    0    |    0    |
|----------|----------------------------|---------|---------|
|   Total  |                            |    0    |    37   |
|----------|----------------------------|---------|---------|

Memories:
N/A

* Register list:
+-----------------+--------+
|                 |   FF   |
+-----------------+--------+
|add_ln161_reg_123|   10   |
| j_back2_reg_113 |    7   |
| v64_addr_reg_128|    6   |
+-----------------+--------+
|      Total      |   23   |
+-----------------+--------+

* Multiplexer (MUX) list: 
|------------------|------|------|------|--------||---------||---------|
|       Comp       |  Pin | Size |  BW  | S x BW ||  Delay  ||   LUT   |
|------------------|------|------|------|--------||---------||---------|
| grp_access_fu_49 |  p0  |   2  |   6  |   12   ||    9    |
|------------------|------|------|------|--------||---------||---------|
|       Total      |      |      |      |   12   ||  1.588  ||    9    |
|------------------|------|------|------|--------||---------||---------|



* Summary:
+-----------+--------+--------+--------+
|           |  Delay |   FF   |   LUT  |
+-----------+--------+--------+--------+
|  Function |    -   |    0   |   37   |
|   Memory  |    -   |    -   |    -   |
|Multiplexer|    1   |    -   |    9   |
|  Register |    -   |   23   |    -   |
+-----------+--------+--------+--------+
|   Total   |    1   |   23   |   46   |
+-----------+--------+--------+--------+
