

================================================================
== Vitis HLS Report for 'gemm_systolic_array_ds1_1'
================================================================
* Date:           Thu Sep 14 13:25:24 2023

* Version:        2022.1.2 (Build 3605665 on Fri Aug  5 22:52:02 MDT 2022)
* Project:        out_test.prj
* Solution:       solution1 (Vivado IP Flow Target)
* Product family: virtexuplus
* Target device:  xcu280-fsvh2892-2L-e


================================================================
== Performance Estimates
================================================================
+ Timing: 
    * Summary: 
    +--------+---------+----------+------------+
    |  Clock |  Target | Estimated| Uncertainty|
    +--------+---------+----------+------------+
    |ap_clk  |  3.33 ns|  2.431 ns|     0.90 ns|
    +--------+---------+----------+------------+

+ Latency: 
    * Summary: 
    +---------+---------+----------+----------+-------+-------+---------+
    |  Latency (cycles) |  Latency (absolute) |    Interval   | Pipeline|
    |   min   |   max   |    min   |    max   |  min  |  max  |   Type  |
    +---------+---------+----------+----------+-------+-------+---------+
    |    74341|    74341|  0.248 ms|  0.248 ms|  74341|  74341|       no|
    +---------+---------+----------+----------+-------+-------+---------+

    + Detail: 
        * Instance: 
        +----------------------------------+-------------------------------+---------+---------+----------+----------+-----+-----+----------+
        |                                  |                               |  Latency (cycles) |  Latency (absolute) |  Interval | Pipeline |
        |             Instance             |             Module            |   min   |   max   |    min   |    max   | min | max |   Type   |
        +----------------------------------+-------------------------------+---------+---------+----------+----------+-----+-----+----------+
        |dataflow_in_loop_block_gemm49_U0  |dataflow_in_loop_block_gemm49  |      809|      809|  2.694 us|  2.694 us|  774|  774|  dataflow|
        +----------------------------------+-------------------------------+---------+---------+----------+----------+-----+-----+----------+

        * Loop: 
        +--------------+---------+---------+----------+-----------+-----------+------+----------+
        |              |  Latency (cycles) | Iteration|  Initiation Interval  | Trip |          |
        |   Loop Name  |   min   |   max   |  Latency |  achieved |   target  | Count| Pipelined|
        +--------------+---------+---------+----------+-----------+-----------+------+----------+
        |- block_gemm  |    74340|    74340|       811|          -|          -|    96|        no|
        +--------------+---------+---------+----------+-----------+-----------+------+----------+



================================================================
== Utilization Estimates
================================================================
* Summary: 
+---------------------+---------+------+---------+---------+-----+
|         Name        | BRAM_18K|  DSP |    FF   |   LUT   | URAM|
+---------------------+---------+------+---------+---------+-----+
|DSP                  |        -|     -|        -|        -|    -|
|Expression           |        -|     -|      105|       27|    -|
|FIFO                 |        -|     -|        -|        -|    -|
|Instance             |       68|   304|   116008|   157470|    -|
|Memory               |        -|     -|        -|        -|    -|
|Multiplexer          |        -|     -|        -|       18|    -|
|Register             |        -|     -|       14|        -|    -|
+---------------------+---------+------+---------+---------+-----+
|Total                |       68|   304|   116127|   157515|    0|
+---------------------+---------+------+---------+---------+-----+
|Available SLR        |     1344|  3008|   869120|   434560|  320|
+---------------------+---------+------+---------+---------+-----+
|Utilization SLR (%)  |        5|    10|       13|       36|    0|
+---------------------+---------+------+---------+---------+-----+
|Available            |     4032|  9024|  2607360|  1303680|  960|
+---------------------+---------+------+---------+---------+-----+
|Utilization (%)      |        1|     3|        4|       12|    0|
+---------------------+---------+------+---------+---------+-----+

+ Detail: 
    * Instance: 
    +----------------------------------+-------------------------------+---------+-----+--------+--------+-----+
    |             Instance             |             Module            | BRAM_18K| DSP |   FF   |   LUT  | URAM|
    +----------------------------------+-------------------------------+---------+-----+--------+--------+-----+
    |dataflow_in_loop_block_gemm49_U0  |dataflow_in_loop_block_gemm49  |       68|  304|  116008|  157470|    0|
    +----------------------------------+-------------------------------+---------+-----+--------+--------+-----+
    |Total                             |                               |       68|  304|  116008|  157470|    0|
    +----------------------------------+-------------------------------+---------+-----+--------+--------+-----+

    * DSP: 
    N/A

    * Memory: 
    N/A

    * FIFO: 
    N/A

    * Expression: 
    +----------------------------+----------+----+----+----+------------+------------+
    |        Variable Name       | Operation| DSP| FF | LUT| Bitwidth P0| Bitwidth P1|
    +----------------------------+----------+----+----+----+------------+------------+
    |loop_dataflow_input_count   |         +|   0|  35|   9|           7|           1|
    |loop_dataflow_output_count  |         +|   0|  35|   9|           7|           1|
    |bound_minus_1               |         -|   0|  35|   9|           7|           1|
    +----------------------------+----------+----+----+----+------------+------------+
    |Total                       |          |   0| 105|  27|          21|           3|
    +----------------------------+----------+----+----+----+------------+------------+

    * Multiplexer: 
    +----------------------------+----+-----------+-----+-----------+
    |            Name            | LUT| Input Size| Bits| Total Bits|
    +----------------------------+----+-----------+-----+-----------+
    |loop_dataflow_input_count   |   9|          2|    7|         14|
    |loop_dataflow_output_count  |   9|          2|    7|         14|
    +----------------------------+----+-----------+-----+-----------+
    |Total                       |  18|          4|   14|         28|
    +----------------------------+----+-----------+-----+-----------+

    * Register: 
    +----------------------------+---+----+-----+-----------+
    |            Name            | FF| LUT| Bits| Const Bits|
    +----------------------------+---+----+-----+-----------+
    |loop_dataflow_input_count   |  7|   0|    7|          0|
    |loop_dataflow_output_count  |  7|   0|    7|          0|
    +----------------------------+---+----+-----+-----------+
    |Total                       | 14|   0|   14|          0|
    +----------------------------+---+----+-----+-----------+



================================================================
== Interface
================================================================
* Summary: 
+------------------------+-----+-----+------------+---------------------------+--------------+
|        RTL Ports       | Dir | Bits|  Protocol  |       Source Object       |    C Type    |
+------------------------+-----+-----+------------+---------------------------+--------------+
|A_0_address0            |  out|   10|   ap_memory|                        A_0|         array|
|A_0_ce0                 |  out|    1|   ap_memory|                        A_0|         array|
|A_0_d0                  |  out|    8|   ap_memory|                        A_0|         array|
|A_0_q0                  |   in|    8|   ap_memory|                        A_0|         array|
|A_0_we0                 |  out|    1|   ap_memory|                        A_0|         array|
|A_0_address1            |  out|   10|   ap_memory|                        A_0|         array|
|A_0_ce1                 |  out|    1|   ap_memory|                        A_0|         array|
|A_0_d1                  |  out|    8|   ap_memory|                        A_0|         array|
|A_0_q1                  |   in|    8|   ap_memory|                        A_0|         array|
|A_0_we1                 |  out|    1|   ap_memory|                        A_0|         array|
|A_1_address0            |  out|   10|   ap_memory|                        A_1|         array|
|A_1_ce0                 |  out|    1|   ap_memory|                        A_1|         array|
|A_1_d0                  |  out|    8|   ap_memory|                        A_1|         array|
|A_1_q0                  |   in|    8|   ap_memory|                        A_1|         array|
|A_1_we0                 |  out|    1|   ap_memory|                        A_1|         array|
|A_1_address1            |  out|   10|   ap_memory|                        A_1|         array|
|A_1_ce1                 |  out|    1|   ap_memory|                        A_1|         array|
|A_1_d1                  |  out|    8|   ap_memory|                        A_1|         array|
|A_1_q1                  |   in|    8|   ap_memory|                        A_1|         array|
|A_1_we1                 |  out|    1|   ap_memory|                        A_1|         array|
|A_2_address0            |  out|   10|   ap_memory|                        A_2|         array|
|A_2_ce0                 |  out|    1|   ap_memory|                        A_2|         array|
|A_2_d0                  |  out|    8|   ap_memory|                        A_2|         array|
|A_2_q0                  |   in|    8|   ap_memory|                        A_2|         array|
|A_2_we0                 |  out|    1|   ap_memory|                        A_2|         array|
|A_2_address1            |  out|   10|   ap_memory|                        A_2|         array|
|A_2_ce1                 |  out|    1|   ap_memory|                        A_2|         array|
|A_2_d1                  |  out|    8|   ap_memory|                        A_2|         array|
|A_2_q1                  |   in|    8|   ap_memory|                        A_2|         array|
|A_2_we1                 |  out|    1|   ap_memory|                        A_2|         array|
|A_3_address0            |  out|   10|   ap_memory|                        A_3|         array|
|A_3_ce0                 |  out|    1|   ap_memory|                        A_3|         array|
|A_3_d0                  |  out|    8|   ap_memory|                        A_3|         array|
|A_3_q0                  |   in|    8|   ap_memory|                        A_3|         array|
|A_3_we0                 |  out|    1|   ap_memory|                        A_3|         array|
|A_3_address1            |  out|   10|   ap_memory|                        A_3|         array|
|A_3_ce1                 |  out|    1|   ap_memory|                        A_3|         array|
|A_3_d1                  |  out|    8|   ap_memory|                        A_3|         array|
|A_3_q1                  |   in|    8|   ap_memory|                        A_3|         array|
|A_3_we1                 |  out|    1|   ap_memory|                        A_3|         array|
|A_4_address0            |  out|   10|   ap_memory|                        A_4|         array|
|A_4_ce0                 |  out|    1|   ap_memory|                        A_4|         array|
|A_4_d0                  |  out|    8|   ap_memory|                        A_4|         array|
|A_4_q0                  |   in|    8|   ap_memory|                        A_4|         array|
|A_4_we0                 |  out|    1|   ap_memory|                        A_4|         array|
|A_4_address1            |  out|   10|   ap_memory|                        A_4|         array|
|A_4_ce1                 |  out|    1|   ap_memory|                        A_4|         array|
|A_4_d1                  |  out|    8|   ap_memory|                        A_4|         array|
|A_4_q1                  |   in|    8|   ap_memory|                        A_4|         array|
|A_4_we1                 |  out|    1|   ap_memory|                        A_4|         array|
|A_5_address0            |  out|   10|   ap_memory|                        A_5|         array|
|A_5_ce0                 |  out|    1|   ap_memory|                        A_5|         array|
|A_5_d0                  |  out|    8|   ap_memory|                        A_5|         array|
|A_5_q0                  |   in|    8|   ap_memory|                        A_5|         array|
|A_5_we0                 |  out|    1|   ap_memory|                        A_5|         array|
|A_5_address1            |  out|   10|   ap_memory|                        A_5|         array|
|A_5_ce1                 |  out|    1|   ap_memory|                        A_5|         array|
|A_5_d1                  |  out|    8|   ap_memory|                        A_5|         array|
|A_5_q1                  |   in|    8|   ap_memory|                        A_5|         array|
|A_5_we1                 |  out|    1|   ap_memory|                        A_5|         array|
|A_6_address0            |  out|   10|   ap_memory|                        A_6|         array|
|A_6_ce0                 |  out|    1|   ap_memory|                        A_6|         array|
|A_6_d0                  |  out|    8|   ap_memory|                        A_6|         array|
|A_6_q0                  |   in|    8|   ap_memory|                        A_6|         array|
|A_6_we0                 |  out|    1|   ap_memory|                        A_6|         array|
|A_6_address1            |  out|   10|   ap_memory|                        A_6|         array|
|A_6_ce1                 |  out|    1|   ap_memory|                        A_6|         array|
|A_6_d1                  |  out|    8|   ap_memory|                        A_6|         array|
|A_6_q1                  |   in|    8|   ap_memory|                        A_6|         array|
|A_6_we1                 |  out|    1|   ap_memory|                        A_6|         array|
|A_7_address0            |  out|   10|   ap_memory|                        A_7|         array|
|A_7_ce0                 |  out|    1|   ap_memory|                        A_7|         array|
|A_7_d0                  |  out|    8|   ap_memory|                        A_7|         array|
|A_7_q0                  |   in|    8|   ap_memory|                        A_7|         array|
|A_7_we0                 |  out|    1|   ap_memory|                        A_7|         array|
|A_7_address1            |  out|   10|   ap_memory|                        A_7|         array|
|A_7_ce1                 |  out|    1|   ap_memory|                        A_7|         array|
|A_7_d1                  |  out|    8|   ap_memory|                        A_7|         array|
|A_7_q1                  |   in|    8|   ap_memory|                        A_7|         array|
|A_7_we1                 |  out|    1|   ap_memory|                        A_7|         array|
|A_8_address0            |  out|   10|   ap_memory|                        A_8|         array|
|A_8_ce0                 |  out|    1|   ap_memory|                        A_8|         array|
|A_8_d0                  |  out|    8|   ap_memory|                        A_8|         array|
|A_8_q0                  |   in|    8|   ap_memory|                        A_8|         array|
|A_8_we0                 |  out|    1|   ap_memory|                        A_8|         array|
|A_8_address1            |  out|   10|   ap_memory|                        A_8|         array|
|A_8_ce1                 |  out|    1|   ap_memory|                        A_8|         array|
|A_8_d1                  |  out|    8|   ap_memory|                        A_8|         array|
|A_8_q1                  |   in|    8|   ap_memory|                        A_8|         array|
|A_8_we1                 |  out|    1|   ap_memory|                        A_8|         array|
|A_9_address0            |  out|   10|   ap_memory|                        A_9|         array|
|A_9_ce0                 |  out|    1|   ap_memory|                        A_9|         array|
|A_9_d0                  |  out|    8|   ap_memory|                        A_9|         array|
|A_9_q0                  |   in|    8|   ap_memory|                        A_9|         array|
|A_9_we0                 |  out|    1|   ap_memory|                        A_9|         array|
|A_9_address1            |  out|   10|   ap_memory|                        A_9|         array|
|A_9_ce1                 |  out|    1|   ap_memory|                        A_9|         array|
|A_9_d1                  |  out|    8|   ap_memory|                        A_9|         array|
|A_9_q1                  |   in|    8|   ap_memory|                        A_9|         array|
|A_9_we1                 |  out|    1|   ap_memory|                        A_9|         array|
|A_10_address0           |  out|   10|   ap_memory|                       A_10|         array|
|A_10_ce0                |  out|    1|   ap_memory|                       A_10|         array|
|A_10_d0                 |  out|    8|   ap_memory|                       A_10|         array|
|A_10_q0                 |   in|    8|   ap_memory|                       A_10|         array|
|A_10_we0                |  out|    1|   ap_memory|                       A_10|         array|
|A_10_address1           |  out|   10|   ap_memory|                       A_10|         array|
|A_10_ce1                |  out|    1|   ap_memory|                       A_10|         array|
|A_10_d1                 |  out|    8|   ap_memory|                       A_10|         array|
|A_10_q1                 |   in|    8|   ap_memory|                       A_10|         array|
|A_10_we1                |  out|    1|   ap_memory|                       A_10|         array|
|A_11_address0           |  out|   10|   ap_memory|                       A_11|         array|
|A_11_ce0                |  out|    1|   ap_memory|                       A_11|         array|
|A_11_d0                 |  out|    8|   ap_memory|                       A_11|         array|
|A_11_q0                 |   in|    8|   ap_memory|                       A_11|         array|
|A_11_we0                |  out|    1|   ap_memory|                       A_11|         array|
|A_11_address1           |  out|   10|   ap_memory|                       A_11|         array|
|A_11_ce1                |  out|    1|   ap_memory|                       A_11|         array|
|A_11_d1                 |  out|    8|   ap_memory|                       A_11|         array|
|A_11_q1                 |   in|    8|   ap_memory|                       A_11|         array|
|A_11_we1                |  out|    1|   ap_memory|                       A_11|         array|
|A_12_address0           |  out|   10|   ap_memory|                       A_12|         array|
|A_12_ce0                |  out|    1|   ap_memory|                       A_12|         array|
|A_12_d0                 |  out|    8|   ap_memory|                       A_12|         array|
|A_12_q0                 |   in|    8|   ap_memory|                       A_12|         array|
|A_12_we0                |  out|    1|   ap_memory|                       A_12|         array|
|A_12_address1           |  out|   10|   ap_memory|                       A_12|         array|
|A_12_ce1                |  out|    1|   ap_memory|                       A_12|         array|
|A_12_d1                 |  out|    8|   ap_memory|                       A_12|         array|
|A_12_q1                 |   in|    8|   ap_memory|                       A_12|         array|
|A_12_we1                |  out|    1|   ap_memory|                       A_12|         array|
|A_13_address0           |  out|   10|   ap_memory|                       A_13|         array|
|A_13_ce0                |  out|    1|   ap_memory|                       A_13|         array|
|A_13_d0                 |  out|    8|   ap_memory|                       A_13|         array|
|A_13_q0                 |   in|    8|   ap_memory|                       A_13|         array|
|A_13_we0                |  out|    1|   ap_memory|                       A_13|         array|
|A_13_address1           |  out|   10|   ap_memory|                       A_13|         array|
|A_13_ce1                |  out|    1|   ap_memory|                       A_13|         array|
|A_13_d1                 |  out|    8|   ap_memory|                       A_13|         array|
|A_13_q1                 |   in|    8|   ap_memory|                       A_13|         array|
|A_13_we1                |  out|    1|   ap_memory|                       A_13|         array|
|A_14_address0           |  out|   10|   ap_memory|                       A_14|         array|
|A_14_ce0                |  out|    1|   ap_memory|                       A_14|         array|
|A_14_d0                 |  out|    8|   ap_memory|                       A_14|         array|
|A_14_q0                 |   in|    8|   ap_memory|                       A_14|         array|
|A_14_we0                |  out|    1|   ap_memory|                       A_14|         array|
|A_14_address1           |  out|   10|   ap_memory|                       A_14|         array|
|A_14_ce1                |  out|    1|   ap_memory|                       A_14|         array|
|A_14_d1                 |  out|    8|   ap_memory|                       A_14|         array|
|A_14_q1                 |   in|    8|   ap_memory|                       A_14|         array|
|A_14_we1                |  out|    1|   ap_memory|                       A_14|         array|
|A_15_address0           |  out|   10|   ap_memory|                       A_15|         array|
|A_15_ce0                |  out|    1|   ap_memory|                       A_15|         array|
|A_15_d0                 |  out|    8|   ap_memory|                       A_15|         array|
|A_15_q0                 |   in|    8|   ap_memory|                       A_15|         array|
|A_15_we0                |  out|    1|   ap_memory|                       A_15|         array|
|A_15_address1           |  out|   10|   ap_memory|                       A_15|         array|
|A_15_ce1                |  out|    1|   ap_memory|                       A_15|         array|
|A_15_d1                 |  out|    8|   ap_memory|                       A_15|         array|
|A_15_q1                 |   in|    8|   ap_memory|                       A_15|         array|
|A_15_we1                |  out|    1|   ap_memory|                       A_15|         array|
|outp_ds1_din            |  out|  512|     ap_fifo|                   outp_ds1|       pointer|
|outp_ds1_full_n         |   in|    1|     ap_fifo|                   outp_ds1|       pointer|
|outp_ds1_write          |  out|    1|     ap_fifo|                   outp_ds1|       pointer|
|pack_seq_offset         |   in|    9|     ap_none|            pack_seq_offset|        scalar|
|pack_seq_offset_ap_vld  |   in|    1|     ap_none|            pack_seq_offset|        scalar|
|ap_clk                  |   in|    1|  ap_ctrl_hs|  gemm_systolic_array_ds1.1|  return value|
|ap_rst                  |   in|    1|  ap_ctrl_hs|  gemm_systolic_array_ds1.1|  return value|
|ap_start                |   in|    1|  ap_ctrl_hs|  gemm_systolic_array_ds1.1|  return value|
|ap_done                 |  out|    1|  ap_ctrl_hs|  gemm_systolic_array_ds1.1|  return value|
|ap_ready                |  out|    1|  ap_ctrl_hs|  gemm_systolic_array_ds1.1|  return value|
|ap_idle                 |  out|    1|  ap_ctrl_hs|  gemm_systolic_array_ds1.1|  return value|
|ap_continue             |   in|    1|  ap_ctrl_hs|  gemm_systolic_array_ds1.1|  return value|
+------------------------+-----+-----+------------+---------------------------+--------------+

