

================================================================
== Vitis HLS Report for 'input_loader_kv_1_Pipeline_l_load_j'
================================================================
* Date:           Thu Sep 14 12:26:41 2023

* Version:        2022.1.2 (Build 3605665 on Fri Aug  5 22:52:02 MDT 2022)
* Project:        out_test.prj
* Solution:       solution1 (Vivado IP Flow Target)
* Product family: virtexuplus
* Target device:  xcu280-fsvh2892-2L-e


================================================================
== Performance Estimates
================================================================
+ Timing: 
    * Summary: 
    +--------+---------+----------+------------+
    |  Clock |  Target | Estimated| Uncertainty|
    +--------+---------+----------+------------+
    |ap_clk  |  3.33 ns|  2.322 ns|     0.90 ns|
    +--------+---------+----------+------------+

+ Latency: 
    * Summary: 
    +---------+---------+----------+----------+-----+-----+---------+
    |  Latency (cycles) |  Latency (absolute) |  Interval | Pipeline|
    |   min   |   max   |    min   |    max   | min | max |   Type  |
    +---------+---------+----------+----------+-----+-----+---------+
    |      776|      776|  2.584 us|  2.584 us|  776|  776|       no|
    +---------+---------+----------+----------+-----+-----+---------+

    + Detail: 
        * Instance: 
        +----------------------------------+-----------------------+---------+---------+----------+----------+-----+-----+---------+
        |                                  |                       |  Latency (cycles) |  Latency (absolute) |  Interval | Pipeline|
        |             Instance             |         Module        |   min   |   max   |    min   |    max   | min | max |   Type  |
        +----------------------------------+-----------------------+---------+---------+----------+----------+-----+-----+---------+
        |grp_p_hls_fptosi_float_i8_fu_442  |p_hls_fptosi_float_i8  |        1|        1|  3.330 ns|  3.330 ns|    1|    1|      yes|
        |grp_p_hls_fptosi_float_i8_fu_447  |p_hls_fptosi_float_i8  |        1|        1|  3.330 ns|  3.330 ns|    1|    1|      yes|
        |grp_p_hls_fptosi_float_i8_fu_452  |p_hls_fptosi_float_i8  |        1|        1|  3.330 ns|  3.330 ns|    1|    1|      yes|
        |grp_p_hls_fptosi_float_i8_fu_457  |p_hls_fptosi_float_i8  |        1|        1|  3.330 ns|  3.330 ns|    1|    1|      yes|
        |grp_p_hls_fptosi_float_i8_fu_462  |p_hls_fptosi_float_i8  |        1|        1|  3.330 ns|  3.330 ns|    1|    1|      yes|
        |grp_p_hls_fptosi_float_i8_fu_467  |p_hls_fptosi_float_i8  |        1|        1|  3.330 ns|  3.330 ns|    1|    1|      yes|
        |grp_p_hls_fptosi_float_i8_fu_472  |p_hls_fptosi_float_i8  |        1|        1|  3.330 ns|  3.330 ns|    1|    1|      yes|
        |grp_p_hls_fptosi_float_i8_fu_477  |p_hls_fptosi_float_i8  |        1|        1|  3.330 ns|  3.330 ns|    1|    1|      yes|
        |grp_p_hls_fptosi_float_i8_fu_482  |p_hls_fptosi_float_i8  |        1|        1|  3.330 ns|  3.330 ns|    1|    1|      yes|
        |grp_p_hls_fptosi_float_i8_fu_487  |p_hls_fptosi_float_i8  |        1|        1|  3.330 ns|  3.330 ns|    1|    1|      yes|
        |grp_p_hls_fptosi_float_i8_fu_492  |p_hls_fptosi_float_i8  |        1|        1|  3.330 ns|  3.330 ns|    1|    1|      yes|
        |grp_p_hls_fptosi_float_i8_fu_497  |p_hls_fptosi_float_i8  |        1|        1|  3.330 ns|  3.330 ns|    1|    1|      yes|
        |grp_p_hls_fptosi_float_i8_fu_502  |p_hls_fptosi_float_i8  |        1|        1|  3.330 ns|  3.330 ns|    1|    1|      yes|
        |grp_p_hls_fptosi_float_i8_fu_507  |p_hls_fptosi_float_i8  |        1|        1|  3.330 ns|  3.330 ns|    1|    1|      yes|
        |grp_p_hls_fptosi_float_i8_fu_512  |p_hls_fptosi_float_i8  |        1|        1|  3.330 ns|  3.330 ns|    1|    1|      yes|
        |grp_p_hls_fptosi_float_i8_fu_517  |p_hls_fptosi_float_i8  |        1|        1|  3.330 ns|  3.330 ns|    1|    1|      yes|
        +----------------------------------+-----------------------+---------+---------+----------+----------+-----+-----+---------+

        * Loop: 
        +------------+---------+---------+----------+-----------+-----------+------+----------+
        |            |  Latency (cycles) | Iteration|  Initiation Interval  | Trip |          |
        |  Loop Name |   min   |   max   |  Latency |  achieved |   target  | Count| Pipelined|
        +------------+---------+---------+----------+-----------+-----------+------+----------+
        |- l_load_j  |      774|      774|         8|          1|          1|   768|       yes|
        +------------+---------+---------+----------+-----------+-----------+------+----------+



================================================================
== Utilization Estimates
================================================================
* Summary: 
+---------------------+---------+------+---------+---------+-----+
|         Name        | BRAM_18K|  DSP |    FF   |   LUT   | URAM|
+---------------------+---------+------+---------+---------+-----+
|DSP                  |        -|     -|        -|        -|    -|
|Expression           |        -|     -|        0|       56|    -|
|FIFO                 |        -|     -|        -|        -|    -|
|Instance             |        -|    48|     2576|     7824|    -|
|Memory               |        -|     -|        -|        -|    -|
|Multiplexer          |        -|     -|        -|       54|    -|
|Register             |        -|     -|     1049|        -|    -|
+---------------------+---------+------+---------+---------+-----+
|Total                |        0|    48|     3625|     7934|    0|
+---------------------+---------+------+---------+---------+-----+
|Available SLR        |     1344|  3008|   869120|   434560|  320|
+---------------------+---------+------+---------+---------+-----+
|Utilization SLR (%)  |        0|     1|       ~0|        1|    0|
+---------------------+---------+------+---------+---------+-----+
|Available            |     4032|  9024|  2607360|  1303680|  960|
+---------------------+---------+------+---------+---------+-----+
|Utilization (%)      |        0|    ~0|       ~0|       ~0|    0|
+---------------------+---------+------+---------+---------+-----+

+ Detail: 
    * Instance: 
    +-----------------------------------+-------------------------------+---------+----+-----+-----+-----+
    |              Instance             |             Module            | BRAM_18K| DSP|  FF | LUT | URAM|
    +-----------------------------------+-------------------------------+---------+----+-----+-----+-----+
    |fmul_32ns_32ns_32_4_max_dsp_1_U34  |fmul_32ns_32ns_32_4_max_dsp_1  |        0|   3|  143|   78|    0|
    |fmul_32ns_32ns_32_4_max_dsp_1_U35  |fmul_32ns_32ns_32_4_max_dsp_1  |        0|   3|  143|   78|    0|
    |fmul_32ns_32ns_32_4_max_dsp_1_U36  |fmul_32ns_32ns_32_4_max_dsp_1  |        0|   3|  143|   78|    0|
    |fmul_32ns_32ns_32_4_max_dsp_1_U37  |fmul_32ns_32ns_32_4_max_dsp_1  |        0|   3|  143|   78|    0|
    |fmul_32ns_32ns_32_4_max_dsp_1_U38  |fmul_32ns_32ns_32_4_max_dsp_1  |        0|   3|  143|   78|    0|
    |fmul_32ns_32ns_32_4_max_dsp_1_U39  |fmul_32ns_32ns_32_4_max_dsp_1  |        0|   3|  143|   78|    0|
    |fmul_32ns_32ns_32_4_max_dsp_1_U40  |fmul_32ns_32ns_32_4_max_dsp_1  |        0|   3|  143|   78|    0|
    |fmul_32ns_32ns_32_4_max_dsp_1_U41  |fmul_32ns_32ns_32_4_max_dsp_1  |        0|   3|  143|   78|    0|
    |fmul_32ns_32ns_32_4_max_dsp_1_U42  |fmul_32ns_32ns_32_4_max_dsp_1  |        0|   3|  143|   78|    0|
    |fmul_32ns_32ns_32_4_max_dsp_1_U43  |fmul_32ns_32ns_32_4_max_dsp_1  |        0|   3|  143|   78|    0|
    |fmul_32ns_32ns_32_4_max_dsp_1_U44  |fmul_32ns_32ns_32_4_max_dsp_1  |        0|   3|  143|   78|    0|
    |fmul_32ns_32ns_32_4_max_dsp_1_U45  |fmul_32ns_32ns_32_4_max_dsp_1  |        0|   3|  143|   78|    0|
    |fmul_32ns_32ns_32_4_max_dsp_1_U46  |fmul_32ns_32ns_32_4_max_dsp_1  |        0|   3|  143|   78|    0|
    |fmul_32ns_32ns_32_4_max_dsp_1_U47  |fmul_32ns_32ns_32_4_max_dsp_1  |        0|   3|  143|   78|    0|
    |fmul_32ns_32ns_32_4_max_dsp_1_U48  |fmul_32ns_32ns_32_4_max_dsp_1  |        0|   3|  143|   78|    0|
    |fmul_32ns_32ns_32_4_max_dsp_1_U49  |fmul_32ns_32ns_32_4_max_dsp_1  |        0|   3|  143|   78|    0|
    |grp_p_hls_fptosi_float_i8_fu_442   |p_hls_fptosi_float_i8          |        0|   0|   18|  411|    0|
    |grp_p_hls_fptosi_float_i8_fu_447   |p_hls_fptosi_float_i8          |        0|   0|   18|  411|    0|
    |grp_p_hls_fptosi_float_i8_fu_452   |p_hls_fptosi_float_i8          |        0|   0|   18|  411|    0|
    |grp_p_hls_fptosi_float_i8_fu_457   |p_hls_fptosi_float_i8          |        0|   0|   18|  411|    0|
    |grp_p_hls_fptosi_float_i8_fu_462   |p_hls_fptosi_float_i8          |        0|   0|   18|  411|    0|
    |grp_p_hls_fptosi_float_i8_fu_467   |p_hls_fptosi_float_i8          |        0|   0|   18|  411|    0|
    |grp_p_hls_fptosi_float_i8_fu_472   |p_hls_fptosi_float_i8          |        0|   0|   18|  411|    0|
    |grp_p_hls_fptosi_float_i8_fu_477   |p_hls_fptosi_float_i8          |        0|   0|   18|  411|    0|
    |grp_p_hls_fptosi_float_i8_fu_482   |p_hls_fptosi_float_i8          |        0|   0|   18|  411|    0|
    |grp_p_hls_fptosi_float_i8_fu_487   |p_hls_fptosi_float_i8          |        0|   0|   18|  411|    0|
    |grp_p_hls_fptosi_float_i8_fu_492   |p_hls_fptosi_float_i8          |        0|   0|   18|  411|    0|
    |grp_p_hls_fptosi_float_i8_fu_497   |p_hls_fptosi_float_i8          |        0|   0|   18|  411|    0|
    |grp_p_hls_fptosi_float_i8_fu_502   |p_hls_fptosi_float_i8          |        0|   0|   18|  411|    0|
    |grp_p_hls_fptosi_float_i8_fu_507   |p_hls_fptosi_float_i8          |        0|   0|   18|  411|    0|
    |grp_p_hls_fptosi_float_i8_fu_512   |p_hls_fptosi_float_i8          |        0|   0|   18|  411|    0|
    |grp_p_hls_fptosi_float_i8_fu_517   |p_hls_fptosi_float_i8          |        0|   0|   18|  411|    0|
    +-----------------------------------+-------------------------------+---------+----+-----+-----+-----+
    |Total                              |                               |        0|  48| 2576| 7824|    0|
    +-----------------------------------+-------------------------------+---------+----+-----+-----+-----+

    * DSP: 
    N/A

    * Memory: 
    N/A

    * FIFO: 
    N/A

    * Expression: 
    +----------------------------------+----------+----+---+----+------------+------------+
    |           Variable Name          | Operation| DSP| FF| LUT| Bitwidth P0| Bitwidth P1|
    +----------------------------------+----------+----+---+----+------------+------------+
    |add_ln24_fu_600_p2                |         +|   0|  0|  17|          10|           1|
    |add_ln27_fu_610_p2                |         +|   0|  0|  22|          15|          15|
    |ap_block_pp0_stage0_01001         |       and|   0|  0|   2|           1|           1|
    |icmp_ln24_fu_594_p2               |      icmp|   0|  0|  11|          10|          10|
    |ap_block_state8_pp0_stage0_iter7  |        or|   0|  0|   2|           1|           1|
    |ap_enable_pp0                     |       xor|   0|  0|   2|           1|           2|
    +----------------------------------+----------+----+---+----+------------+------------+
    |Total                             |          |   0|  0|  56|          38|          30|
    +----------------------------------+----------+----+---+----+------------+------------+

    * Multiplexer: 
    +-------------------------+----+-----------+-----+-----------+
    |           Name          | LUT| Input Size| Bits| Total Bits|
    +-------------------------+----+-----------+-----+-----------+
    |ap_done_int              |   9|          2|    1|          2|
    |ap_enable_reg_pp0_iter1  |   9|          2|    1|          2|
    |ap_sig_allocacmp_j_11    |   9|          2|   10|         20|
    |inp_k1_blk_n             |   9|          2|    1|          2|
    |inp_v2_blk_n             |   9|          2|    1|          2|
    |j_fu_114                 |   9|          2|   10|         20|
    +-------------------------+----+-----------+-----+-----------+
    |Total                    |  54|         12|   24|         48|
    +-------------------------+----+-----------+-----+-----------+

    * Register: 
    +----------------------------------+----+----+-----+-----------+
    |               Name               | FF | LUT| Bits| Const Bits|
    +----------------------------------+----+----+-----+-----------+
    |ap_CS_fsm                         |   1|   0|    1|          0|
    |ap_done_reg                       |   1|   0|    1|          0|
    |ap_enable_reg_pp0_iter1           |   1|   0|    1|          0|
    |ap_enable_reg_pp0_iter2           |   1|   0|    1|          0|
    |ap_enable_reg_pp0_iter3           |   1|   0|    1|          0|
    |ap_enable_reg_pp0_iter4           |   1|   0|    1|          0|
    |ap_enable_reg_pp0_iter5           |   1|   0|    1|          0|
    |ap_enable_reg_pp0_iter6           |   1|   0|    1|          0|
    |ap_enable_reg_pp0_iter7           |   1|   0|    1|          0|
    |ap_loop_exit_ready_pp0_iter1_reg  |   1|   0|    1|          0|
    |ap_loop_exit_ready_pp0_iter2_reg  |   1|   0|    1|          0|
    |ap_loop_exit_ready_pp0_iter3_reg  |   1|   0|    1|          0|
    |ap_loop_exit_ready_pp0_iter4_reg  |   1|   0|    1|          0|
    |ap_loop_exit_ready_pp0_iter5_reg  |   1|   0|    1|          0|
    |ap_loop_exit_ready_pp0_iter6_reg  |   1|   0|    1|          0|
    |inp_0_load_reg_850                |  32|   0|   32|          0|
    |inp_10_load_reg_900               |  32|   0|   32|          0|
    |inp_11_load_reg_905               |  32|   0|   32|          0|
    |inp_12_load_reg_910               |  32|   0|   32|          0|
    |inp_13_load_reg_915               |  32|   0|   32|          0|
    |inp_14_load_reg_920               |  32|   0|   32|          0|
    |inp_15_load_reg_925               |  32|   0|   32|          0|
    |inp_1_load_reg_855                |  32|   0|   32|          0|
    |inp_2_load_reg_860                |  32|   0|   32|          0|
    |inp_3_load_reg_865                |  32|   0|   32|          0|
    |inp_4_load_reg_870                |  32|   0|   32|          0|
    |inp_5_load_reg_875                |  32|   0|   32|          0|
    |inp_6_load_reg_880                |  32|   0|   32|          0|
    |inp_7_load_reg_885                |  32|   0|   32|          0|
    |inp_8_load_reg_890                |  32|   0|   32|          0|
    |inp_9_load_reg_895                |  32|   0|   32|          0|
    |j_fu_114                          |  10|   0|   10|          0|
    |mul_10_i_i_reg_980                |  32|   0|   32|          0|
    |mul_11_i_i_reg_985                |  32|   0|   32|          0|
    |mul_12_i_i_reg_990                |  32|   0|   32|          0|
    |mul_13_i_i_reg_995                |  32|   0|   32|          0|
    |mul_14_i_i_reg_1000               |  32|   0|   32|          0|
    |mul_1_i_i_reg_935                 |  32|   0|   32|          0|
    |mul_2_i_i_reg_940                 |  32|   0|   32|          0|
    |mul_3_i_i_reg_945                 |  32|   0|   32|          0|
    |mul_4_i_i_reg_950                 |  32|   0|   32|          0|
    |mul_5_i_i_reg_955                 |  32|   0|   32|          0|
    |mul_6_i_i_reg_960                 |  32|   0|   32|          0|
    |mul_7_i_i_reg_965                 |  32|   0|   32|          0|
    |mul_8_i_i_reg_970                 |  32|   0|   32|          0|
    |mul_9_i_i_reg_975                 |  32|   0|   32|          0|
    |mul_i_i_3531_reg_1005             |  32|   0|   32|          0|
    |mul_i_i_reg_930                   |  32|   0|   32|          0|
    +----------------------------------+----+----+-----+-----------+
    |Total                             |1049|   0| 1049|          0|
    +----------------------------------+----+----+-----+-----------+



================================================================
== Interface
================================================================
* Summary: 
+-----------------------+-----+-----+------------+-------------------------------------+--------------+
|       RTL Ports       | Dir | Bits|  Protocol  |            Source Object            |    C Type    |
+-----------------------+-----+-----+------------+-------------------------------------+--------------+
|ap_clk                 |   in|    1|  ap_ctrl_hs|  input_loader_kv.1_Pipeline_l_load_j|  return value|
|ap_rst                 |   in|    1|  ap_ctrl_hs|  input_loader_kv.1_Pipeline_l_load_j|  return value|
|ap_start               |   in|    1|  ap_ctrl_hs|  input_loader_kv.1_Pipeline_l_load_j|  return value|
|ap_done                |  out|    1|  ap_ctrl_hs|  input_loader_kv.1_Pipeline_l_load_j|  return value|
|ap_idle                |  out|    1|  ap_ctrl_hs|  input_loader_kv.1_Pipeline_l_load_j|  return value|
|ap_ready               |  out|    1|  ap_ctrl_hs|  input_loader_kv.1_Pipeline_l_load_j|  return value|
|inp_k1_din             |  out|  128|     ap_fifo|                               inp_k1|       pointer|
|inp_k1_num_data_valid  |   in|    3|     ap_fifo|                               inp_k1|       pointer|
|inp_k1_fifo_cap        |   in|    3|     ap_fifo|                               inp_k1|       pointer|
|inp_k1_full_n          |   in|    1|     ap_fifo|                               inp_k1|       pointer|
|inp_k1_write           |  out|    1|     ap_fifo|                               inp_k1|       pointer|
|inp_v2_din             |  out|  128|     ap_fifo|                               inp_v2|       pointer|
|inp_v2_num_data_valid  |   in|    3|     ap_fifo|                               inp_v2|       pointer|
|inp_v2_fifo_cap        |   in|    3|     ap_fifo|                               inp_v2|       pointer|
|inp_v2_full_n          |   in|    1|     ap_fifo|                               inp_v2|       pointer|
|inp_v2_write           |  out|    1|     ap_fifo|                               inp_v2|       pointer|
|sub_ln27_i             |   in|   15|     ap_none|                           sub_ln27_i|        scalar|
|inp_0_address0         |  out|   15|   ap_memory|                                inp_0|         array|
|inp_0_ce0              |  out|    1|   ap_memory|                                inp_0|         array|
|inp_0_q0               |   in|   32|   ap_memory|                                inp_0|         array|
|inp_1_address0         |  out|   15|   ap_memory|                                inp_1|         array|
|inp_1_ce0              |  out|    1|   ap_memory|                                inp_1|         array|
|inp_1_q0               |   in|   32|   ap_memory|                                inp_1|         array|
|inp_2_address0         |  out|   15|   ap_memory|                                inp_2|         array|
|inp_2_ce0              |  out|    1|   ap_memory|                                inp_2|         array|
|inp_2_q0               |   in|   32|   ap_memory|                                inp_2|         array|
|inp_3_address0         |  out|   15|   ap_memory|                                inp_3|         array|
|inp_3_ce0              |  out|    1|   ap_memory|                                inp_3|         array|
|inp_3_q0               |   in|   32|   ap_memory|                                inp_3|         array|
|inp_4_address0         |  out|   15|   ap_memory|                                inp_4|         array|
|inp_4_ce0              |  out|    1|   ap_memory|                                inp_4|         array|
|inp_4_q0               |   in|   32|   ap_memory|                                inp_4|         array|
|inp_5_address0         |  out|   15|   ap_memory|                                inp_5|         array|
|inp_5_ce0              |  out|    1|   ap_memory|                                inp_5|         array|
|inp_5_q0               |   in|   32|   ap_memory|                                inp_5|         array|
|inp_6_address0         |  out|   15|   ap_memory|                                inp_6|         array|
|inp_6_ce0              |  out|    1|   ap_memory|                                inp_6|         array|
|inp_6_q0               |   in|   32|   ap_memory|                                inp_6|         array|
|inp_7_address0         |  out|   15|   ap_memory|                                inp_7|         array|
|inp_7_ce0              |  out|    1|   ap_memory|                                inp_7|         array|
|inp_7_q0               |   in|   32|   ap_memory|                                inp_7|         array|
|inp_8_address0         |  out|   15|   ap_memory|                                inp_8|         array|
|inp_8_ce0              |  out|    1|   ap_memory|                                inp_8|         array|
|inp_8_q0               |   in|   32|   ap_memory|                                inp_8|         array|
|inp_9_address0         |  out|   15|   ap_memory|                                inp_9|         array|
|inp_9_ce0              |  out|    1|   ap_memory|                                inp_9|         array|
|inp_9_q0               |   in|   32|   ap_memory|                                inp_9|         array|
|inp_10_address0        |  out|   15|   ap_memory|                               inp_10|         array|
|inp_10_ce0             |  out|    1|   ap_memory|                               inp_10|         array|
|inp_10_q0              |   in|   32|   ap_memory|                               inp_10|         array|
|inp_11_address0        |  out|   15|   ap_memory|                               inp_11|         array|
|inp_11_ce0             |  out|    1|   ap_memory|                               inp_11|         array|
|inp_11_q0              |   in|   32|   ap_memory|                               inp_11|         array|
|inp_12_address0        |  out|   15|   ap_memory|                               inp_12|         array|
|inp_12_ce0             |  out|    1|   ap_memory|                               inp_12|         array|
|inp_12_q0              |   in|   32|   ap_memory|                               inp_12|         array|
|inp_13_address0        |  out|   15|   ap_memory|                               inp_13|         array|
|inp_13_ce0             |  out|    1|   ap_memory|                               inp_13|         array|
|inp_13_q0              |   in|   32|   ap_memory|                               inp_13|         array|
|inp_14_address0        |  out|   15|   ap_memory|                               inp_14|         array|
|inp_14_ce0             |  out|    1|   ap_memory|                               inp_14|         array|
|inp_14_q0              |   in|   32|   ap_memory|                               inp_14|         array|
|inp_15_address0        |  out|   15|   ap_memory|                               inp_15|         array|
|inp_15_ce0             |  out|    1|   ap_memory|                               inp_15|         array|
|inp_15_q0              |   in|   32|   ap_memory|                               inp_15|         array|
|tmp_i_i_50             |   in|   32|     ap_none|                           tmp_i_i_50|        scalar|
|tmp_i_i                |   in|   32|     ap_none|                              tmp_i_i|        scalar|
|tmp_28_i_i             |   in|   32|     ap_none|                           tmp_28_i_i|        scalar|
|tmp_29_i_i             |   in|   32|     ap_none|                           tmp_29_i_i|        scalar|
|tmp_30_i_i             |   in|   32|     ap_none|                           tmp_30_i_i|        scalar|
|tmp_31_i_i             |   in|   32|     ap_none|                           tmp_31_i_i|        scalar|
|tmp_32_i_i             |   in|   32|     ap_none|                           tmp_32_i_i|        scalar|
|tmp_33_i_i             |   in|   32|     ap_none|                           tmp_33_i_i|        scalar|
|tmp_34_i_i             |   in|   32|     ap_none|                           tmp_34_i_i|        scalar|
|tmp_35_i_i             |   in|   32|     ap_none|                           tmp_35_i_i|        scalar|
|tmp_36_i_i             |   in|   32|     ap_none|                           tmp_36_i_i|        scalar|
|tmp_37_i_i             |   in|   32|     ap_none|                           tmp_37_i_i|        scalar|
|tmp_38_i_i             |   in|   32|     ap_none|                           tmp_38_i_i|        scalar|
|tmp_39_i_i             |   in|   32|     ap_none|                           tmp_39_i_i|        scalar|
|tmp_40_i_i             |   in|   32|     ap_none|                           tmp_40_i_i|        scalar|
|tmp_41_i_i             |   in|   32|     ap_none|                           tmp_41_i_i|        scalar|
+-----------------------+-----+-----+------------+-------------------------------------+--------------+

