

================================================================
== Vitis HLS Report for 'Bert_layer_Pipeline_l_k5'
================================================================
* Date:           Wed Sep  6 10:23:57 2023

* Version:        2022.1.2 (Build 3605665 on Fri Aug  5 22:52:02 MDT 2022)
* Project:        out.prj
* Solution:       solution1 (Vivado IP Flow Target)
* Product family: zynq
* Target device:  xc7z020-clg484-1


================================================================
== Performance Estimates
================================================================
+ Timing: 
    * Summary: 
    +--------+----------+----------+------------+
    |  Clock |  Target  | Estimated| Uncertainty|
    +--------+----------+----------+------------+
    |ap_clk  |  10.00 ns|  7.085 ns|     2.70 ns|
    +--------+----------+----------+------------+

+ Latency: 
    * Summary: 
    +---------+---------+-----------+-----------+------+------+---------+
    |  Latency (cycles) |   Latency (absolute)  |   Interval  | Pipeline|
    |   min   |   max   |    min    |    max    |  min |  max |   Type  |
    +---------+---------+-----------+-----------+------+------+---------+
    |     3077|     3077|  30.770 us|  30.770 us|  3077|  3077|       no|
    +---------+---------+-----------+-----------+------+------+---------+

    + Detail: 
        * Instance: 
        N/A

        * Loop: 
        +----------+---------+---------+----------+-----------+-----------+------+----------+
        |          |  Latency (cycles) | Iteration|  Initiation Interval  | Trip |          |
        | Loop Name|   min   |   max   |  Latency |  achieved |   target  | Count| Pipelined|
        +----------+---------+---------+----------+-----------+-----------+------+----------+
        |- l_k5    |     3075|     3075|         5|          1|          1|  3072|       yes|
        +----------+---------+---------+----------+-----------+-----------+------+----------+

============================================================
+ Verbose Summary: Synthesis Manager
============================================================
InlineROM: 1
ExposeGlobal: 0
============================================================
+ Verbose Summary: CDFG Model
============================================================
IsTopModel: 0
ResetActiveHigh: 1
IsCombinational: 0
IsDatapathOnly: 0
HasWiredReturn: 1
HasMFsm: 2
HasVarLatency: 1
IsPipeline: 0
IsRtlPipelined: 0
IsInstanceOverlapped: 0
IsDontTouch: 0
HasImplIP: 0
IsGatedGlobalClock: 0

+ Individual pipeline summary: 
  * Pipeline-0: initiation interval (II) = 1, depth = 5


============================================================
+ Verbose Summary: Schedule
============================================================
* Number of FSM states : 5
* Pipeline : 1
  Pipeline-0 : II = 1, D = 5, States = { 1 2 3 4 5 }
* Dataflow Pipeline: 0

* FSM state transitions: 
1 --> 2 
2 --> 3 
3 --> 4 
4 --> 5 
5 --> 

* FSM state operations: 

State 1 <SV = 0> <Delay = 5.39>
ST_1 : Operation 8 [1/1] (0.00ns)   --->   "%v266_V = alloca i32 1"   --->   Operation 8 'alloca' 'v266_V' <Predicate = true> <Delay = 0.00>
ST_1 : Operation 9 [1/1] (0.00ns)   --->   "%k5 = alloca i32 1"   --->   Operation 9 'alloca' 'k5' <Predicate = true> <Delay = 0.00>
ST_1 : Operation 10 [1/1] (0.00ns)   --->   "%tmp = read i4 @_ssdm_op_Read.ap_auto.i4, i4 %empty"   --->   Operation 10 'read' 'tmp' <Predicate = true> <Delay = 0.00>
ST_1 : Operation 11 [1/1] (0.00ns)   --->   "%select_ln516_1_read = read i4 @_ssdm_op_Read.ap_auto.i4, i4 %select_ln516_1"   --->   Operation 11 'read' 'select_ln516_1_read' <Predicate = true> <Delay = 0.00>
ST_1 : Operation 12 [1/1] (0.00ns)   --->   "%sub_ln520_read = read i18 @_ssdm_op_Read.ap_auto.i18, i18 %sub_ln520"   --->   Operation 12 'read' 'sub_ln520_read' <Predicate = true> <Delay = 0.00>
ST_1 : Operation 13 [1/1] (0.00ns)   --->   "%tmp_5_read = read i22 @_ssdm_op_Read.ap_auto.i22, i22 %tmp_5"   --->   Operation 13 'read' 'tmp_5_read' <Predicate = true> <Delay = 0.00>
ST_1 : Operation 14 [1/1] (0.00ns)   --->   "%specinterface_ln0 = specinterface void @_ssdm_op_SpecInterface, i4 %v334_11, void @empty_46, i32 0, i32 0, void @empty_32, i32 4294967295, i32 0, void @empty_32, void @empty_32, void @empty_32, i32 0, i32 0, i32 0, i32 0, void @empty_32, void @empty_32, i32 4294967295, i32 0"   --->   Operation 14 'specinterface' 'specinterface_ln0' <Predicate = true> <Delay = 0.00>
ST_1 : Operation 15 [1/1] (0.00ns)   --->   "%specinterface_ln0 = specinterface void @_ssdm_op_SpecInterface, i4 %v334_10, void @empty_46, i32 0, i32 0, void @empty_32, i32 4294967295, i32 0, void @empty_32, void @empty_32, void @empty_32, i32 0, i32 0, i32 0, i32 0, void @empty_32, void @empty_32, i32 4294967295, i32 0"   --->   Operation 15 'specinterface' 'specinterface_ln0' <Predicate = true> <Delay = 0.00>
ST_1 : Operation 16 [1/1] (0.00ns)   --->   "%specinterface_ln0 = specinterface void @_ssdm_op_SpecInterface, i4 %v334_9, void @empty_46, i32 0, i32 0, void @empty_32, i32 4294967295, i32 0, void @empty_32, void @empty_32, void @empty_32, i32 0, i32 0, i32 0, i32 0, void @empty_32, void @empty_32, i32 4294967295, i32 0"   --->   Operation 16 'specinterface' 'specinterface_ln0' <Predicate = true> <Delay = 0.00>
ST_1 : Operation 17 [1/1] (0.00ns)   --->   "%specinterface_ln0 = specinterface void @_ssdm_op_SpecInterface, i4 %v334_8, void @empty_46, i32 0, i32 0, void @empty_32, i32 4294967295, i32 0, void @empty_32, void @empty_32, void @empty_32, i32 0, i32 0, i32 0, i32 0, void @empty_32, void @empty_32, i32 4294967295, i32 0"   --->   Operation 17 'specinterface' 'specinterface_ln0' <Predicate = true> <Delay = 0.00>
ST_1 : Operation 18 [1/1] (0.00ns)   --->   "%specinterface_ln0 = specinterface void @_ssdm_op_SpecInterface, i4 %v334_7, void @empty_46, i32 0, i32 0, void @empty_32, i32 4294967295, i32 0, void @empty_32, void @empty_32, void @empty_32, i32 0, i32 0, i32 0, i32 0, void @empty_32, void @empty_32, i32 4294967295, i32 0"   --->   Operation 18 'specinterface' 'specinterface_ln0' <Predicate = true> <Delay = 0.00>
ST_1 : Operation 19 [1/1] (0.00ns)   --->   "%specinterface_ln0 = specinterface void @_ssdm_op_SpecInterface, i4 %v334_6, void @empty_46, i32 0, i32 0, void @empty_32, i32 4294967295, i32 0, void @empty_32, void @empty_32, void @empty_32, i32 0, i32 0, i32 0, i32 0, void @empty_32, void @empty_32, i32 4294967295, i32 0"   --->   Operation 19 'specinterface' 'specinterface_ln0' <Predicate = true> <Delay = 0.00>
ST_1 : Operation 20 [1/1] (0.00ns)   --->   "%specinterface_ln0 = specinterface void @_ssdm_op_SpecInterface, i4 %v334_5, void @empty_46, i32 0, i32 0, void @empty_32, i32 4294967295, i32 0, void @empty_32, void @empty_32, void @empty_32, i32 0, i32 0, i32 0, i32 0, void @empty_32, void @empty_32, i32 4294967295, i32 0"   --->   Operation 20 'specinterface' 'specinterface_ln0' <Predicate = true> <Delay = 0.00>
ST_1 : Operation 21 [1/1] (0.00ns)   --->   "%specinterface_ln0 = specinterface void @_ssdm_op_SpecInterface, i4 %v334_4, void @empty_46, i32 0, i32 0, void @empty_32, i32 4294967295, i32 0, void @empty_32, void @empty_32, void @empty_32, i32 0, i32 0, i32 0, i32 0, void @empty_32, void @empty_32, i32 4294967295, i32 0"   --->   Operation 21 'specinterface' 'specinterface_ln0' <Predicate = true> <Delay = 0.00>
ST_1 : Operation 22 [1/1] (0.00ns)   --->   "%specinterface_ln0 = specinterface void @_ssdm_op_SpecInterface, i4 %v334_3, void @empty_46, i32 0, i32 0, void @empty_32, i32 4294967295, i32 0, void @empty_32, void @empty_32, void @empty_32, i32 0, i32 0, i32 0, i32 0, void @empty_32, void @empty_32, i32 4294967295, i32 0"   --->   Operation 22 'specinterface' 'specinterface_ln0' <Predicate = true> <Delay = 0.00>
ST_1 : Operation 23 [1/1] (0.00ns)   --->   "%specinterface_ln0 = specinterface void @_ssdm_op_SpecInterface, i4 %v334_2, void @empty_46, i32 0, i32 0, void @empty_32, i32 4294967295, i32 0, void @empty_32, void @empty_32, void @empty_32, i32 0, i32 0, i32 0, i32 0, void @empty_32, void @empty_32, i32 4294967295, i32 0"   --->   Operation 23 'specinterface' 'specinterface_ln0' <Predicate = true> <Delay = 0.00>
ST_1 : Operation 24 [1/1] (0.00ns)   --->   "%specinterface_ln0 = specinterface void @_ssdm_op_SpecInterface, i4 %v334_1, void @empty_46, i32 0, i32 0, void @empty_32, i32 4294967295, i32 0, void @empty_32, void @empty_32, void @empty_32, i32 0, i32 0, i32 0, i32 0, void @empty_32, void @empty_32, i32 4294967295, i32 0"   --->   Operation 24 'specinterface' 'specinterface_ln0' <Predicate = true> <Delay = 0.00>
ST_1 : Operation 25 [1/1] (0.00ns)   --->   "%specinterface_ln0 = specinterface void @_ssdm_op_SpecInterface, i4 %v334_0, void @empty_46, i32 0, i32 0, void @empty_32, i32 4294967295, i32 0, void @empty_32, void @empty_32, void @empty_32, i32 0, i32 0, i32 0, i32 0, void @empty_32, void @empty_32, i32 4294967295, i32 0"   --->   Operation 25 'specinterface' 'specinterface_ln0' <Predicate = true> <Delay = 0.00>
ST_1 : Operation 26 [1/1] (1.58ns)   --->   "%store_ln0 = store i12 0, i12 %k5"   --->   Operation 26 'store' 'store_ln0' <Predicate = true> <Delay = 1.58>
ST_1 : Operation 27 [1/1] (1.58ns)   --->   "%store_ln0 = store i22 %tmp_5_read, i22 %v266_V"   --->   Operation 27 'store' 'store_ln0' <Predicate = true> <Delay = 1.58>
ST_1 : Operation 28 [1/1] (0.00ns)   --->   "%br_ln0 = br void %for.inc49.i127"   --->   Operation 28 'br' 'br_ln0' <Predicate = true> <Delay = 0.00>
ST_1 : Operation 29 [1/1] (0.00ns)   --->   "%k5_1 = load i12 %k5" [kernel.cpp:518]   --->   Operation 29 'load' 'k5_1' <Predicate = true> <Delay = 0.00>
ST_1 : Operation 30 [1/1] (0.00ns)   --->   "%specpipeline_ln0 = specpipeline void @_ssdm_op_SpecPipeline, i32 4294967295, i32 0, i32 1, i32 0, void @p_str"   --->   Operation 30 'specpipeline' 'specpipeline_ln0' <Predicate = true> <Delay = 0.00>
ST_1 : Operation 31 [1/1] (1.99ns)   --->   "%icmp_ln518 = icmp_eq  i12 %k5_1, i12 3072" [kernel.cpp:518]   --->   Operation 31 'icmp' 'icmp_ln518' <Predicate = true> <Delay = 1.99> <CoreInst = "Cmp">   --->   Core 9 'Cmp' <Latency = 0> <II = 1> <Delay = 1.99> <FuncUnit> <Opcode : 'icmp'> <InPorts = 2> <OutPorts = 1>
ST_1 : Operation 32 [1/1] (0.00ns)   --->   "%empty_439 = speclooptripcount i32 @_ssdm_op_SpecLoopTripCount, i64 3072, i64 3072, i64 3072"   --->   Operation 32 'speclooptripcount' 'empty_439' <Predicate = true> <Delay = 0.00>
ST_1 : Operation 33 [1/1] (1.54ns)   --->   "%add_ln518 = add i12 %k5_1, i12 1" [kernel.cpp:518]   --->   Operation 33 'add' 'add_ln518' <Predicate = true> <Delay = 1.54> <CoreInst = "Adder">   --->   Core 1 'Adder' <Latency = 0> <II = 1> <Delay = 1.54> <FuncUnit> <Opcode : 'add' 'sub'> <InPorts = 2> <OutPorts = 1>
ST_1 : Operation 34 [1/1] (0.00ns)   --->   "%br_ln518 = br i1 %icmp_ln518, void %for.inc49.i127.split, void %for.inc52.i130.exitStub" [kernel.cpp:518]   --->   Operation 34 'br' 'br_ln518' <Predicate = true> <Delay = 0.00>
ST_1 : Operation 35 [1/1] (0.00ns)   --->   "%k5_cast = zext i12 %k5_1" [kernel.cpp:518]   --->   Operation 35 'zext' 'k5_cast' <Predicate = (!icmp_ln518)> <Delay = 0.00>
ST_1 : Operation 36 [1/1] (0.00ns)   --->   "%zext_ln520 = zext i12 %k5_1" [kernel.cpp:520]   --->   Operation 36 'zext' 'zext_ln520' <Predicate = (!icmp_ln518)> <Delay = 0.00>
ST_1 : Operation 37 [1/1] (2.13ns)   --->   "%add_ln520 = add i18 %sub_ln520_read, i18 %zext_ln520" [kernel.cpp:520]   --->   Operation 37 'add' 'add_ln520' <Predicate = (!icmp_ln518)> <Delay = 2.13> <CoreInst = "Adder">   --->   Core 1 'Adder' <Latency = 0> <II = 1> <Delay = 2.13> <FuncUnit> <Opcode : 'add' 'sub'> <InPorts = 2> <OutPorts = 1>
ST_1 : Operation 38 [1/1] (0.00ns)   --->   "%zext_ln520_1 = zext i18 %add_ln520" [kernel.cpp:520]   --->   Operation 38 'zext' 'zext_ln520_1' <Predicate = (!icmp_ln518)> <Delay = 0.00>
ST_1 : Operation 39 [1/1] (0.00ns)   --->   "%v334_0_addr = getelementptr i4 %v334_0, i64 0, i64 %zext_ln520_1" [kernel.cpp:520]   --->   Operation 39 'getelementptr' 'v334_0_addr' <Predicate = (!icmp_ln518)> <Delay = 0.00>
ST_1 : Operation 40 [1/1] (0.00ns)   --->   "%v334_1_addr = getelementptr i4 %v334_1, i64 0, i64 %zext_ln520_1" [kernel.cpp:520]   --->   Operation 40 'getelementptr' 'v334_1_addr' <Predicate = (!icmp_ln518)> <Delay = 0.00>
ST_1 : Operation 41 [1/1] (0.00ns)   --->   "%v334_2_addr = getelementptr i4 %v334_2, i64 0, i64 %zext_ln520_1" [kernel.cpp:520]   --->   Operation 41 'getelementptr' 'v334_2_addr' <Predicate = (!icmp_ln518)> <Delay = 0.00>
ST_1 : Operation 42 [1/1] (0.00ns)   --->   "%v334_3_addr = getelementptr i4 %v334_3, i64 0, i64 %zext_ln520_1" [kernel.cpp:520]   --->   Operation 42 'getelementptr' 'v334_3_addr' <Predicate = (!icmp_ln518)> <Delay = 0.00>
ST_1 : Operation 43 [1/1] (0.00ns)   --->   "%v334_4_addr = getelementptr i4 %v334_4, i64 0, i64 %zext_ln520_1" [kernel.cpp:520]   --->   Operation 43 'getelementptr' 'v334_4_addr' <Predicate = (!icmp_ln518)> <Delay = 0.00>
ST_1 : Operation 44 [1/1] (0.00ns)   --->   "%v334_5_addr = getelementptr i4 %v334_5, i64 0, i64 %zext_ln520_1" [kernel.cpp:520]   --->   Operation 44 'getelementptr' 'v334_5_addr' <Predicate = (!icmp_ln518)> <Delay = 0.00>
ST_1 : Operation 45 [1/1] (0.00ns)   --->   "%v334_6_addr = getelementptr i4 %v334_6, i64 0, i64 %zext_ln520_1" [kernel.cpp:520]   --->   Operation 45 'getelementptr' 'v334_6_addr' <Predicate = (!icmp_ln518)> <Delay = 0.00>
ST_1 : Operation 46 [1/1] (0.00ns)   --->   "%v334_7_addr = getelementptr i4 %v334_7, i64 0, i64 %zext_ln520_1" [kernel.cpp:520]   --->   Operation 46 'getelementptr' 'v334_7_addr' <Predicate = (!icmp_ln518)> <Delay = 0.00>
ST_1 : Operation 47 [1/1] (0.00ns)   --->   "%v334_8_addr = getelementptr i4 %v334_8, i64 0, i64 %zext_ln520_1" [kernel.cpp:520]   --->   Operation 47 'getelementptr' 'v334_8_addr' <Predicate = (!icmp_ln518)> <Delay = 0.00>
ST_1 : Operation 48 [1/1] (0.00ns)   --->   "%v334_9_addr = getelementptr i4 %v334_9, i64 0, i64 %zext_ln520_1" [kernel.cpp:520]   --->   Operation 48 'getelementptr' 'v334_9_addr' <Predicate = (!icmp_ln518)> <Delay = 0.00>
ST_1 : Operation 49 [1/1] (0.00ns)   --->   "%v334_10_addr = getelementptr i4 %v334_10, i64 0, i64 %zext_ln520_1" [kernel.cpp:520]   --->   Operation 49 'getelementptr' 'v334_10_addr' <Predicate = (!icmp_ln518)> <Delay = 0.00>
ST_1 : Operation 50 [1/1] (0.00ns)   --->   "%v334_11_addr = getelementptr i4 %v334_11, i64 0, i64 %zext_ln520_1" [kernel.cpp:520]   --->   Operation 50 'getelementptr' 'v334_11_addr' <Predicate = (!icmp_ln518)> <Delay = 0.00>
ST_1 : Operation 51 [1/1] (0.00ns)   --->   "%v363_addr = getelementptr i8 %v363, i64 0, i64 %k5_cast" [kernel.cpp:519]   --->   Operation 51 'getelementptr' 'v363_addr' <Predicate = (!icmp_ln518)> <Delay = 0.00>
ST_1 : Operation 52 [1/1] (0.00ns)   --->   "%v363_1_addr = getelementptr i8 %v363_1, i64 0, i64 %k5_cast" [kernel.cpp:519]   --->   Operation 52 'getelementptr' 'v363_1_addr' <Predicate = (!icmp_ln518)> <Delay = 0.00>
ST_1 : Operation 53 [1/1] (0.00ns)   --->   "%v363_2_addr = getelementptr i8 %v363_2, i64 0, i64 %k5_cast" [kernel.cpp:519]   --->   Operation 53 'getelementptr' 'v363_2_addr' <Predicate = (!icmp_ln518)> <Delay = 0.00>
ST_1 : Operation 54 [1/1] (0.00ns)   --->   "%v363_3_addr = getelementptr i8 %v363_3, i64 0, i64 %k5_cast" [kernel.cpp:519]   --->   Operation 54 'getelementptr' 'v363_3_addr' <Predicate = (!icmp_ln518)> <Delay = 0.00>
ST_1 : Operation 55 [1/1] (0.00ns)   --->   "%v363_4_addr = getelementptr i8 %v363_4, i64 0, i64 %k5_cast" [kernel.cpp:519]   --->   Operation 55 'getelementptr' 'v363_4_addr' <Predicate = (!icmp_ln518)> <Delay = 0.00>
ST_1 : Operation 56 [1/1] (0.00ns)   --->   "%v363_5_addr = getelementptr i8 %v363_5, i64 0, i64 %k5_cast" [kernel.cpp:519]   --->   Operation 56 'getelementptr' 'v363_5_addr' <Predicate = (!icmp_ln518)> <Delay = 0.00>
ST_1 : Operation 57 [1/1] (0.00ns)   --->   "%v363_6_addr = getelementptr i8 %v363_6, i64 0, i64 %k5_cast" [kernel.cpp:519]   --->   Operation 57 'getelementptr' 'v363_6_addr' <Predicate = (!icmp_ln518)> <Delay = 0.00>
ST_1 : Operation 58 [1/1] (0.00ns)   --->   "%v363_7_addr = getelementptr i8 %v363_7, i64 0, i64 %k5_cast" [kernel.cpp:519]   --->   Operation 58 'getelementptr' 'v363_7_addr' <Predicate = (!icmp_ln518)> <Delay = 0.00>
ST_1 : Operation 59 [1/1] (0.00ns)   --->   "%v363_8_addr = getelementptr i8 %v363_8, i64 0, i64 %k5_cast" [kernel.cpp:519]   --->   Operation 59 'getelementptr' 'v363_8_addr' <Predicate = (!icmp_ln518)> <Delay = 0.00>
ST_1 : Operation 60 [1/1] (0.00ns)   --->   "%v363_9_addr = getelementptr i8 %v363_9, i64 0, i64 %k5_cast" [kernel.cpp:519]   --->   Operation 60 'getelementptr' 'v363_9_addr' <Predicate = (!icmp_ln518)> <Delay = 0.00>
ST_1 : Operation 61 [1/1] (0.00ns)   --->   "%v363_10_addr = getelementptr i8 %v363_10, i64 0, i64 %k5_cast" [kernel.cpp:519]   --->   Operation 61 'getelementptr' 'v363_10_addr' <Predicate = (!icmp_ln518)> <Delay = 0.00>
ST_1 : Operation 62 [1/1] (0.00ns)   --->   "%v363_11_addr = getelementptr i8 %v363_11, i64 0, i64 %k5_cast" [kernel.cpp:519]   --->   Operation 62 'getelementptr' 'v363_11_addr' <Predicate = (!icmp_ln518)> <Delay = 0.00>
ST_1 : Operation 63 [2/2] (3.25ns)   --->   "%v363_load = load i12 %v363_addr" [kernel.cpp:519]   --->   Operation 63 'load' 'v363_load' <Predicate = (!icmp_ln518)> <Delay = 3.25> <CoreInst = "RAM">   --->   Core 82 'RAM' <Latency = 1> <II = 1> <Delay = 3.25> <Storage> <Opcode : 'load' 'store'> <Ports = 2> <Width = 8> <Depth = 3072> <RAM>
ST_1 : Operation 64 [2/2] (3.25ns)   --->   "%v363_1_load = load i12 %v363_1_addr" [kernel.cpp:519]   --->   Operation 64 'load' 'v363_1_load' <Predicate = (!icmp_ln518)> <Delay = 3.25> <CoreInst = "RAM">   --->   Core 82 'RAM' <Latency = 1> <II = 1> <Delay = 3.25> <Storage> <Opcode : 'load' 'store'> <Ports = 2> <Width = 8> <Depth = 3072> <RAM>
ST_1 : Operation 65 [2/2] (3.25ns)   --->   "%v363_2_load = load i12 %v363_2_addr" [kernel.cpp:519]   --->   Operation 65 'load' 'v363_2_load' <Predicate = (!icmp_ln518)> <Delay = 3.25> <CoreInst = "RAM">   --->   Core 82 'RAM' <Latency = 1> <II = 1> <Delay = 3.25> <Storage> <Opcode : 'load' 'store'> <Ports = 2> <Width = 8> <Depth = 3072> <RAM>
ST_1 : Operation 66 [2/2] (3.25ns)   --->   "%v363_3_load = load i12 %v363_3_addr" [kernel.cpp:519]   --->   Operation 66 'load' 'v363_3_load' <Predicate = (!icmp_ln518)> <Delay = 3.25> <CoreInst = "RAM">   --->   Core 82 'RAM' <Latency = 1> <II = 1> <Delay = 3.25> <Storage> <Opcode : 'load' 'store'> <Ports = 2> <Width = 8> <Depth = 3072> <RAM>
ST_1 : Operation 67 [2/2] (3.25ns)   --->   "%v363_4_load = load i12 %v363_4_addr" [kernel.cpp:519]   --->   Operation 67 'load' 'v363_4_load' <Predicate = (!icmp_ln518)> <Delay = 3.25> <CoreInst = "RAM">   --->   Core 82 'RAM' <Latency = 1> <II = 1> <Delay = 3.25> <Storage> <Opcode : 'load' 'store'> <Ports = 2> <Width = 8> <Depth = 3072> <RAM>
ST_1 : Operation 68 [2/2] (3.25ns)   --->   "%v363_5_load = load i12 %v363_5_addr" [kernel.cpp:519]   --->   Operation 68 'load' 'v363_5_load' <Predicate = (!icmp_ln518)> <Delay = 3.25> <CoreInst = "RAM">   --->   Core 82 'RAM' <Latency = 1> <II = 1> <Delay = 3.25> <Storage> <Opcode : 'load' 'store'> <Ports = 2> <Width = 8> <Depth = 3072> <RAM>
ST_1 : Operation 69 [2/2] (3.25ns)   --->   "%v363_6_load = load i12 %v363_6_addr" [kernel.cpp:519]   --->   Operation 69 'load' 'v363_6_load' <Predicate = (!icmp_ln518)> <Delay = 3.25> <CoreInst = "RAM">   --->   Core 82 'RAM' <Latency = 1> <II = 1> <Delay = 3.25> <Storage> <Opcode : 'load' 'store'> <Ports = 2> <Width = 8> <Depth = 3072> <RAM>
ST_1 : Operation 70 [2/2] (3.25ns)   --->   "%v363_7_load = load i12 %v363_7_addr" [kernel.cpp:519]   --->   Operation 70 'load' 'v363_7_load' <Predicate = (!icmp_ln518)> <Delay = 3.25> <CoreInst = "RAM">   --->   Core 82 'RAM' <Latency = 1> <II = 1> <Delay = 3.25> <Storage> <Opcode : 'load' 'store'> <Ports = 2> <Width = 8> <Depth = 3072> <RAM>
ST_1 : Operation 71 [2/2] (3.25ns)   --->   "%v363_8_load = load i12 %v363_8_addr" [kernel.cpp:519]   --->   Operation 71 'load' 'v363_8_load' <Predicate = (!icmp_ln518)> <Delay = 3.25> <CoreInst = "RAM">   --->   Core 82 'RAM' <Latency = 1> <II = 1> <Delay = 3.25> <Storage> <Opcode : 'load' 'store'> <Ports = 2> <Width = 8> <Depth = 3072> <RAM>
ST_1 : Operation 72 [2/2] (3.25ns)   --->   "%v363_9_load = load i12 %v363_9_addr" [kernel.cpp:519]   --->   Operation 72 'load' 'v363_9_load' <Predicate = (!icmp_ln518)> <Delay = 3.25> <CoreInst = "RAM">   --->   Core 82 'RAM' <Latency = 1> <II = 1> <Delay = 3.25> <Storage> <Opcode : 'load' 'store'> <Ports = 2> <Width = 8> <Depth = 3072> <RAM>
ST_1 : Operation 73 [2/2] (3.25ns)   --->   "%v363_10_load = load i12 %v363_10_addr" [kernel.cpp:519]   --->   Operation 73 'load' 'v363_10_load' <Predicate = (!icmp_ln518)> <Delay = 3.25> <CoreInst = "RAM">   --->   Core 82 'RAM' <Latency = 1> <II = 1> <Delay = 3.25> <Storage> <Opcode : 'load' 'store'> <Ports = 2> <Width = 8> <Depth = 3072> <RAM>
ST_1 : Operation 74 [2/2] (3.25ns)   --->   "%v363_11_load = load i12 %v363_11_addr" [kernel.cpp:519]   --->   Operation 74 'load' 'v363_11_load' <Predicate = (!icmp_ln518)> <Delay = 3.25> <CoreInst = "RAM">   --->   Core 82 'RAM' <Latency = 1> <II = 1> <Delay = 3.25> <Storage> <Opcode : 'load' 'store'> <Ports = 2> <Width = 8> <Depth = 3072> <RAM>
ST_1 : Operation 75 [2/2] (3.25ns)   --->   "%v334_0_load = load i18 %v334_0_addr" [kernel.cpp:520]   --->   Operation 75 'load' 'v334_0_load' <Predicate = (!icmp_ln518)> <Delay = 3.25> <CoreInst = "RAM">   --->   Core 82 'RAM' <Latency = 1> <II = 1> <Delay = 3.25> <Storage> <Opcode : 'load' 'store'> <Ports = 2> <Width = 4> <Depth = 196608> <RAM>
ST_1 : Operation 76 [2/2] (3.25ns)   --->   "%v334_1_load = load i18 %v334_1_addr" [kernel.cpp:520]   --->   Operation 76 'load' 'v334_1_load' <Predicate = (!icmp_ln518)> <Delay = 3.25> <CoreInst = "RAM">   --->   Core 82 'RAM' <Latency = 1> <II = 1> <Delay = 3.25> <Storage> <Opcode : 'load' 'store'> <Ports = 2> <Width = 4> <Depth = 196608> <RAM>
ST_1 : Operation 77 [2/2] (3.25ns)   --->   "%v334_2_load = load i18 %v334_2_addr" [kernel.cpp:520]   --->   Operation 77 'load' 'v334_2_load' <Predicate = (!icmp_ln518)> <Delay = 3.25> <CoreInst = "RAM">   --->   Core 82 'RAM' <Latency = 1> <II = 1> <Delay = 3.25> <Storage> <Opcode : 'load' 'store'> <Ports = 2> <Width = 4> <Depth = 196608> <RAM>
ST_1 : Operation 78 [2/2] (3.25ns)   --->   "%v334_3_load = load i18 %v334_3_addr" [kernel.cpp:520]   --->   Operation 78 'load' 'v334_3_load' <Predicate = (!icmp_ln518)> <Delay = 3.25> <CoreInst = "RAM">   --->   Core 82 'RAM' <Latency = 1> <II = 1> <Delay = 3.25> <Storage> <Opcode : 'load' 'store'> <Ports = 2> <Width = 4> <Depth = 196608> <RAM>
ST_1 : Operation 79 [2/2] (3.25ns)   --->   "%v334_4_load = load i18 %v334_4_addr" [kernel.cpp:520]   --->   Operation 79 'load' 'v334_4_load' <Predicate = (!icmp_ln518)> <Delay = 3.25> <CoreInst = "RAM">   --->   Core 82 'RAM' <Latency = 1> <II = 1> <Delay = 3.25> <Storage> <Opcode : 'load' 'store'> <Ports = 2> <Width = 4> <Depth = 196608> <RAM>
ST_1 : Operation 80 [2/2] (3.25ns)   --->   "%v334_5_load = load i18 %v334_5_addr" [kernel.cpp:520]   --->   Operation 80 'load' 'v334_5_load' <Predicate = (!icmp_ln518)> <Delay = 3.25> <CoreInst = "RAM">   --->   Core 82 'RAM' <Latency = 1> <II = 1> <Delay = 3.25> <Storage> <Opcode : 'load' 'store'> <Ports = 2> <Width = 4> <Depth = 196608> <RAM>
ST_1 : Operation 81 [2/2] (3.25ns)   --->   "%v334_6_load = load i18 %v334_6_addr" [kernel.cpp:520]   --->   Operation 81 'load' 'v334_6_load' <Predicate = (!icmp_ln518)> <Delay = 3.25> <CoreInst = "RAM">   --->   Core 82 'RAM' <Latency = 1> <II = 1> <Delay = 3.25> <Storage> <Opcode : 'load' 'store'> <Ports = 2> <Width = 4> <Depth = 196608> <RAM>
ST_1 : Operation 82 [2/2] (3.25ns)   --->   "%v334_7_load = load i18 %v334_7_addr" [kernel.cpp:520]   --->   Operation 82 'load' 'v334_7_load' <Predicate = (!icmp_ln518)> <Delay = 3.25> <CoreInst = "RAM">   --->   Core 82 'RAM' <Latency = 1> <II = 1> <Delay = 3.25> <Storage> <Opcode : 'load' 'store'> <Ports = 2> <Width = 4> <Depth = 196608> <RAM>
ST_1 : Operation 83 [2/2] (3.25ns)   --->   "%v334_8_load = load i18 %v334_8_addr" [kernel.cpp:520]   --->   Operation 83 'load' 'v334_8_load' <Predicate = (!icmp_ln518)> <Delay = 3.25> <CoreInst = "RAM">   --->   Core 82 'RAM' <Latency = 1> <II = 1> <Delay = 3.25> <Storage> <Opcode : 'load' 'store'> <Ports = 2> <Width = 4> <Depth = 196608> <RAM>
ST_1 : Operation 84 [2/2] (3.25ns)   --->   "%v334_9_load = load i18 %v334_9_addr" [kernel.cpp:520]   --->   Operation 84 'load' 'v334_9_load' <Predicate = (!icmp_ln518)> <Delay = 3.25> <CoreInst = "RAM">   --->   Core 82 'RAM' <Latency = 1> <II = 1> <Delay = 3.25> <Storage> <Opcode : 'load' 'store'> <Ports = 2> <Width = 4> <Depth = 196608> <RAM>
ST_1 : Operation 85 [2/2] (3.25ns)   --->   "%v334_10_load = load i18 %v334_10_addr" [kernel.cpp:520]   --->   Operation 85 'load' 'v334_10_load' <Predicate = (!icmp_ln518)> <Delay = 3.25> <CoreInst = "RAM">   --->   Core 82 'RAM' <Latency = 1> <II = 1> <Delay = 3.25> <Storage> <Opcode : 'load' 'store'> <Ports = 2> <Width = 4> <Depth = 196608> <RAM>
ST_1 : Operation 86 [2/2] (3.25ns)   --->   "%v334_11_load = load i18 %v334_11_addr" [kernel.cpp:520]   --->   Operation 86 'load' 'v334_11_load' <Predicate = (!icmp_ln518)> <Delay = 3.25> <CoreInst = "RAM">   --->   Core 82 'RAM' <Latency = 1> <II = 1> <Delay = 3.25> <Storage> <Opcode : 'load' 'store'> <Ports = 2> <Width = 4> <Depth = 196608> <RAM>
ST_1 : Operation 87 [1/1] (1.58ns)   --->   "%store_ln518 = store i12 %add_ln518, i12 %k5" [kernel.cpp:518]   --->   Operation 87 'store' 'store_ln518' <Predicate = (!icmp_ln518)> <Delay = 1.58>

State 2 <SV = 1> <Delay = 7.08>
ST_2 : Operation 88 [1/2] (3.25ns)   --->   "%v363_load = load i12 %v363_addr" [kernel.cpp:519]   --->   Operation 88 'load' 'v363_load' <Predicate = true> <Delay = 3.25> <CoreInst = "RAM">   --->   Core 82 'RAM' <Latency = 1> <II = 1> <Delay = 3.25> <Storage> <Opcode : 'load' 'store'> <Ports = 2> <Width = 8> <Depth = 3072> <RAM>
ST_2 : Operation 89 [1/2] (3.25ns)   --->   "%v363_1_load = load i12 %v363_1_addr" [kernel.cpp:519]   --->   Operation 89 'load' 'v363_1_load' <Predicate = true> <Delay = 3.25> <CoreInst = "RAM">   --->   Core 82 'RAM' <Latency = 1> <II = 1> <Delay = 3.25> <Storage> <Opcode : 'load' 'store'> <Ports = 2> <Width = 8> <Depth = 3072> <RAM>
ST_2 : Operation 90 [1/2] (3.25ns)   --->   "%v363_2_load = load i12 %v363_2_addr" [kernel.cpp:519]   --->   Operation 90 'load' 'v363_2_load' <Predicate = true> <Delay = 3.25> <CoreInst = "RAM">   --->   Core 82 'RAM' <Latency = 1> <II = 1> <Delay = 3.25> <Storage> <Opcode : 'load' 'store'> <Ports = 2> <Width = 8> <Depth = 3072> <RAM>
ST_2 : Operation 91 [1/2] (3.25ns)   --->   "%v363_3_load = load i12 %v363_3_addr" [kernel.cpp:519]   --->   Operation 91 'load' 'v363_3_load' <Predicate = true> <Delay = 3.25> <CoreInst = "RAM">   --->   Core 82 'RAM' <Latency = 1> <II = 1> <Delay = 3.25> <Storage> <Opcode : 'load' 'store'> <Ports = 2> <Width = 8> <Depth = 3072> <RAM>
ST_2 : Operation 92 [1/2] (3.25ns)   --->   "%v363_4_load = load i12 %v363_4_addr" [kernel.cpp:519]   --->   Operation 92 'load' 'v363_4_load' <Predicate = true> <Delay = 3.25> <CoreInst = "RAM">   --->   Core 82 'RAM' <Latency = 1> <II = 1> <Delay = 3.25> <Storage> <Opcode : 'load' 'store'> <Ports = 2> <Width = 8> <Depth = 3072> <RAM>
ST_2 : Operation 93 [1/2] (3.25ns)   --->   "%v363_5_load = load i12 %v363_5_addr" [kernel.cpp:519]   --->   Operation 93 'load' 'v363_5_load' <Predicate = true> <Delay = 3.25> <CoreInst = "RAM">   --->   Core 82 'RAM' <Latency = 1> <II = 1> <Delay = 3.25> <Storage> <Opcode : 'load' 'store'> <Ports = 2> <Width = 8> <Depth = 3072> <RAM>
ST_2 : Operation 94 [1/2] (3.25ns)   --->   "%v363_6_load = load i12 %v363_6_addr" [kernel.cpp:519]   --->   Operation 94 'load' 'v363_6_load' <Predicate = true> <Delay = 3.25> <CoreInst = "RAM">   --->   Core 82 'RAM' <Latency = 1> <II = 1> <Delay = 3.25> <Storage> <Opcode : 'load' 'store'> <Ports = 2> <Width = 8> <Depth = 3072> <RAM>
ST_2 : Operation 95 [1/2] (3.25ns)   --->   "%v363_7_load = load i12 %v363_7_addr" [kernel.cpp:519]   --->   Operation 95 'load' 'v363_7_load' <Predicate = true> <Delay = 3.25> <CoreInst = "RAM">   --->   Core 82 'RAM' <Latency = 1> <II = 1> <Delay = 3.25> <Storage> <Opcode : 'load' 'store'> <Ports = 2> <Width = 8> <Depth = 3072> <RAM>
ST_2 : Operation 96 [1/2] (3.25ns)   --->   "%v363_8_load = load i12 %v363_8_addr" [kernel.cpp:519]   --->   Operation 96 'load' 'v363_8_load' <Predicate = true> <Delay = 3.25> <CoreInst = "RAM">   --->   Core 82 'RAM' <Latency = 1> <II = 1> <Delay = 3.25> <Storage> <Opcode : 'load' 'store'> <Ports = 2> <Width = 8> <Depth = 3072> <RAM>
ST_2 : Operation 97 [1/2] (3.25ns)   --->   "%v363_9_load = load i12 %v363_9_addr" [kernel.cpp:519]   --->   Operation 97 'load' 'v363_9_load' <Predicate = true> <Delay = 3.25> <CoreInst = "RAM">   --->   Core 82 'RAM' <Latency = 1> <II = 1> <Delay = 3.25> <Storage> <Opcode : 'load' 'store'> <Ports = 2> <Width = 8> <Depth = 3072> <RAM>
ST_2 : Operation 98 [1/2] (3.25ns)   --->   "%v363_10_load = load i12 %v363_10_addr" [kernel.cpp:519]   --->   Operation 98 'load' 'v363_10_load' <Predicate = true> <Delay = 3.25> <CoreInst = "RAM">   --->   Core 82 'RAM' <Latency = 1> <II = 1> <Delay = 3.25> <Storage> <Opcode : 'load' 'store'> <Ports = 2> <Width = 8> <Depth = 3072> <RAM>
ST_2 : Operation 99 [1/2] (3.25ns)   --->   "%v363_11_load = load i12 %v363_11_addr" [kernel.cpp:519]   --->   Operation 99 'load' 'v363_11_load' <Predicate = true> <Delay = 3.25> <CoreInst = "RAM">   --->   Core 82 'RAM' <Latency = 1> <II = 1> <Delay = 3.25> <Storage> <Opcode : 'load' 'store'> <Ports = 2> <Width = 8> <Depth = 3072> <RAM>
ST_2 : Operation 100 [1/1] (2.78ns)   --->   "%v261 = mux i8 @_ssdm_op_Mux.ap_auto.12i8.i4, i8 %v363_load, i8 %v363_1_load, i8 %v363_2_load, i8 %v363_3_load, i8 %v363_4_load, i8 %v363_5_load, i8 %v363_6_load, i8 %v363_7_load, i8 %v363_8_load, i8 %v363_9_load, i8 %v363_10_load, i8 %v363_11_load, i4 %select_ln516_1_read" [kernel.cpp:519]   --->   Operation 100 'mux' 'v261' <Predicate = true> <Delay = 2.78> <CoreInst = "Multiplexer">   --->   Core 76 'Multiplexer' <Latency = 0> <II = 1> <Delay = 2.78> <FuncUnit> <Opcode : 'mux'> <InPorts = 2> <OutPorts = 1>
ST_2 : Operation 101 [1/2] (3.25ns)   --->   "%v334_0_load = load i18 %v334_0_addr" [kernel.cpp:520]   --->   Operation 101 'load' 'v334_0_load' <Predicate = true> <Delay = 3.25> <CoreInst = "RAM">   --->   Core 82 'RAM' <Latency = 1> <II = 1> <Delay = 3.25> <Storage> <Opcode : 'load' 'store'> <Ports = 2> <Width = 4> <Depth = 196608> <RAM>
ST_2 : Operation 102 [1/2] (3.25ns)   --->   "%v334_1_load = load i18 %v334_1_addr" [kernel.cpp:520]   --->   Operation 102 'load' 'v334_1_load' <Predicate = true> <Delay = 3.25> <CoreInst = "RAM">   --->   Core 82 'RAM' <Latency = 1> <II = 1> <Delay = 3.25> <Storage> <Opcode : 'load' 'store'> <Ports = 2> <Width = 4> <Depth = 196608> <RAM>
ST_2 : Operation 103 [1/2] (3.25ns)   --->   "%v334_2_load = load i18 %v334_2_addr" [kernel.cpp:520]   --->   Operation 103 'load' 'v334_2_load' <Predicate = true> <Delay = 3.25> <CoreInst = "RAM">   --->   Core 82 'RAM' <Latency = 1> <II = 1> <Delay = 3.25> <Storage> <Opcode : 'load' 'store'> <Ports = 2> <Width = 4> <Depth = 196608> <RAM>
ST_2 : Operation 104 [1/2] (3.25ns)   --->   "%v334_3_load = load i18 %v334_3_addr" [kernel.cpp:520]   --->   Operation 104 'load' 'v334_3_load' <Predicate = true> <Delay = 3.25> <CoreInst = "RAM">   --->   Core 82 'RAM' <Latency = 1> <II = 1> <Delay = 3.25> <Storage> <Opcode : 'load' 'store'> <Ports = 2> <Width = 4> <Depth = 196608> <RAM>
ST_2 : Operation 105 [1/2] (3.25ns)   --->   "%v334_4_load = load i18 %v334_4_addr" [kernel.cpp:520]   --->   Operation 105 'load' 'v334_4_load' <Predicate = true> <Delay = 3.25> <CoreInst = "RAM">   --->   Core 82 'RAM' <Latency = 1> <II = 1> <Delay = 3.25> <Storage> <Opcode : 'load' 'store'> <Ports = 2> <Width = 4> <Depth = 196608> <RAM>
ST_2 : Operation 106 [1/2] (3.25ns)   --->   "%v334_5_load = load i18 %v334_5_addr" [kernel.cpp:520]   --->   Operation 106 'load' 'v334_5_load' <Predicate = true> <Delay = 3.25> <CoreInst = "RAM">   --->   Core 82 'RAM' <Latency = 1> <II = 1> <Delay = 3.25> <Storage> <Opcode : 'load' 'store'> <Ports = 2> <Width = 4> <Depth = 196608> <RAM>
ST_2 : Operation 107 [1/2] (3.25ns)   --->   "%v334_6_load = load i18 %v334_6_addr" [kernel.cpp:520]   --->   Operation 107 'load' 'v334_6_load' <Predicate = true> <Delay = 3.25> <CoreInst = "RAM">   --->   Core 82 'RAM' <Latency = 1> <II = 1> <Delay = 3.25> <Storage> <Opcode : 'load' 'store'> <Ports = 2> <Width = 4> <Depth = 196608> <RAM>
ST_2 : Operation 108 [1/2] (3.25ns)   --->   "%v334_7_load = load i18 %v334_7_addr" [kernel.cpp:520]   --->   Operation 108 'load' 'v334_7_load' <Predicate = true> <Delay = 3.25> <CoreInst = "RAM">   --->   Core 82 'RAM' <Latency = 1> <II = 1> <Delay = 3.25> <Storage> <Opcode : 'load' 'store'> <Ports = 2> <Width = 4> <Depth = 196608> <RAM>
ST_2 : Operation 109 [1/2] (3.25ns)   --->   "%v334_8_load = load i18 %v334_8_addr" [kernel.cpp:520]   --->   Operation 109 'load' 'v334_8_load' <Predicate = true> <Delay = 3.25> <CoreInst = "RAM">   --->   Core 82 'RAM' <Latency = 1> <II = 1> <Delay = 3.25> <Storage> <Opcode : 'load' 'store'> <Ports = 2> <Width = 4> <Depth = 196608> <RAM>
ST_2 : Operation 110 [1/2] (3.25ns)   --->   "%v334_9_load = load i18 %v334_9_addr" [kernel.cpp:520]   --->   Operation 110 'load' 'v334_9_load' <Predicate = true> <Delay = 3.25> <CoreInst = "RAM">   --->   Core 82 'RAM' <Latency = 1> <II = 1> <Delay = 3.25> <Storage> <Opcode : 'load' 'store'> <Ports = 2> <Width = 4> <Depth = 196608> <RAM>
ST_2 : Operation 111 [1/2] (3.25ns)   --->   "%v334_10_load = load i18 %v334_10_addr" [kernel.cpp:520]   --->   Operation 111 'load' 'v334_10_load' <Predicate = true> <Delay = 3.25> <CoreInst = "RAM">   --->   Core 82 'RAM' <Latency = 1> <II = 1> <Delay = 3.25> <Storage> <Opcode : 'load' 'store'> <Ports = 2> <Width = 4> <Depth = 196608> <RAM>
ST_2 : Operation 112 [1/2] (3.25ns)   --->   "%v334_11_load = load i18 %v334_11_addr" [kernel.cpp:520]   --->   Operation 112 'load' 'v334_11_load' <Predicate = true> <Delay = 3.25> <CoreInst = "RAM">   --->   Core 82 'RAM' <Latency = 1> <II = 1> <Delay = 3.25> <Storage> <Opcode : 'load' 'store'> <Ports = 2> <Width = 4> <Depth = 196608> <RAM>
ST_2 : Operation 113 [1/1] (2.78ns)   --->   "%v262_V = mux i4 @_ssdm_op_Mux.ap_auto.12i4.i4, i4 %v334_0_load, i4 %v334_1_load, i4 %v334_2_load, i4 %v334_3_load, i4 %v334_4_load, i4 %v334_5_load, i4 %v334_6_load, i4 %v334_7_load, i4 %v334_8_load, i4 %v334_9_load, i4 %v334_10_load, i4 %v334_11_load, i4 %tmp" [kernel.cpp:520]   --->   Operation 113 'mux' 'v262_V' <Predicate = true> <Delay = 2.78> <CoreInst = "Multiplexer">   --->   Core 76 'Multiplexer' <Latency = 0> <II = 1> <Delay = 2.78> <FuncUnit> <Opcode : 'mux'> <InPorts = 2> <OutPorts = 1>
ST_2 : Operation 114 [1/1] (0.00ns)   --->   "%sext_ln75_11 = sext i8 %v261"   --->   Operation 114 'sext' 'sext_ln75_11' <Predicate = true> <Delay = 0.00>
ST_2 : Operation 115 [1/1] (0.00ns)   --->   "%sext_ln75_12 = sext i4 %v262_V"   --->   Operation 115 'sext' 'sext_ln75_12' <Predicate = true> <Delay = 0.00>
ST_2 : Operation 116 [3/3] (1.05ns) (grouped into DSP with root node v268_V)   --->   "%v265 = mul i12 %sext_ln75_11, i12 %sext_ln75_12"   --->   Operation 116 'mul' 'v265' <Predicate = true> <Delay = 1.05> <CoreInst = "DSP48">   --->   Core 119 'DSP48' <Latency = 3> <II = 1> <Delay = 2.15> <IPBlock> <Opcode : 'mul' 'add' 'sub' 'select'> <InPorts = 0> <OutPorts = 1> <Sync> <CReg>

State 3 <SV = 2> <Delay = 1.05>
ST_3 : Operation 117 [2/3] (1.05ns) (grouped into DSP with root node v268_V)   --->   "%v265 = mul i12 %sext_ln75_11, i12 %sext_ln75_12"   --->   Operation 117 'mul' 'v265' <Predicate = true> <Delay = 1.05> <CoreInst = "DSP48">   --->   Core 119 'DSP48' <Latency = 3> <II = 1> <Delay = 2.15> <IPBlock> <Opcode : 'mul' 'add' 'sub' 'select'> <InPorts = 0> <OutPorts = 1> <Sync> <CReg>

State 4 <SV = 3> <Delay = 2.10>
ST_4 : Operation 118 [1/1] (0.00ns)   --->   "%v266_V_load = load i22 %v266_V"   --->   Operation 118 'load' 'v266_V_load' <Predicate = true> <Delay = 0.00>
ST_4 : Operation 119 [1/3] (0.00ns) (grouped into DSP with root node v268_V)   --->   "%v265 = mul i12 %sext_ln75_11, i12 %sext_ln75_12"   --->   Operation 119 'mul' 'v265' <Predicate = true> <Delay = 0.00> <CoreInst = "DSP48">   --->   Core 119 'DSP48' <Latency = 3> <II = 1> <Delay = 2.15> <IPBlock> <Opcode : 'mul' 'add' 'sub' 'select'> <InPorts = 0> <OutPorts = 1> <Sync> <CReg>
ST_4 : Operation 120 [1/1] (0.00ns) (grouped into DSP with root node v268_V)   --->   "%sext_ln75_13 = sext i12 %v265"   --->   Operation 120 'sext' 'sext_ln75_13' <Predicate = true> <Delay = 0.00>
ST_4 : Operation 121 [2/2] (2.10ns) (root node of the DSP)   --->   "%v268_V = add i22 %sext_ln75_13, i22 %v266_V_load"   --->   Operation 121 'add' 'v268_V' <Predicate = true> <Delay = 2.10> <CoreInst = "DSP48">   --->   Core 119 'DSP48' <Latency = 3> <II = 1> <Delay = 2.15> <IPBlock> <Opcode : 'mul' 'add' 'sub' 'select'> <InPorts = 0> <OutPorts = 1> <Sync> <CReg>
ST_4 : Operation 126 [1/1] (0.00ns)   --->   "%v266_V_load_1 = load i22 %v266_V"   --->   Operation 126 'load' 'v266_V_load_1' <Predicate = (icmp_ln518)> <Delay = 0.00>
ST_4 : Operation 127 [1/1] (0.00ns)   --->   "%write_ln0 = write void @_ssdm_op_Write.ap_auto.i22P0A, i22 %v266_V_out, i22 %v266_V_load_1"   --->   Operation 127 'write' 'write_ln0' <Predicate = (icmp_ln518)> <Delay = 0.00>
ST_4 : Operation 128 [1/1] (0.00ns)   --->   "%ret_ln0 = ret"   --->   Operation 128 'ret' 'ret_ln0' <Predicate = (icmp_ln518)> <Delay = 0.00>

State 5 <SV = 4> <Delay = 3.68>
ST_5 : Operation 122 [1/1] (0.00ns)   --->   "%specloopname_ln518 = specloopname void @_ssdm_op_SpecLoopName, void @empty_36" [kernel.cpp:518]   --->   Operation 122 'specloopname' 'specloopname_ln518' <Predicate = true> <Delay = 0.00>
ST_5 : Operation 123 [1/2] (2.10ns) (root node of the DSP)   --->   "%v268_V = add i22 %sext_ln75_13, i22 %v266_V_load"   --->   Operation 123 'add' 'v268_V' <Predicate = true> <Delay = 2.10> <CoreInst = "DSP48">   --->   Core 119 'DSP48' <Latency = 3> <II = 1> <Delay = 2.15> <IPBlock> <Opcode : 'mul' 'add' 'sub' 'select'> <InPorts = 0> <OutPorts = 1> <Sync> <CReg>
ST_5 : Operation 124 [1/1] (1.58ns)   --->   "%store_ln518 = store i22 %v268_V, i22 %v266_V" [kernel.cpp:518]   --->   Operation 124 'store' 'store_ln518' <Predicate = true> <Delay = 1.58>
ST_5 : Operation 125 [1/1] (0.00ns)   --->   "%br_ln518 = br void %for.inc49.i127" [kernel.cpp:518]   --->   Operation 125 'br' 'br_ln518' <Predicate = true> <Delay = 0.00>


============================================================
+ Verbose Summary: Timing violations
============================================================
Target clock period: 10ns, clock uncertainty: 2.7ns.

 <State 1>: 5.39ns
The critical path consists of the following:
	'alloca' operation ('k5') [31]  (0 ns)
	'load' operation ('k5', kernel.cpp:518) on local variable 'k5' [52]  (0 ns)
	'add' operation ('add_ln520', kernel.cpp:520) [62]  (2.14 ns)
	'getelementptr' operation ('v334_0_addr', kernel.cpp:520) [64]  (0 ns)
	'load' operation ('v334_0_load', kernel.cpp:520) on array 'v334_0' [102]  (3.25 ns)

 <State 2>: 7.08ns
The critical path consists of the following:
	'load' operation ('v363_load', kernel.cpp:519) on array 'v363' [89]  (3.25 ns)
	'mux' operation ('v261', kernel.cpp:519) [101]  (2.78 ns)
	'mul' operation of DSP[119] ('v265') [117]  (1.05 ns)

 <State 3>: 1.05ns
The critical path consists of the following:
	'mul' operation of DSP[119] ('v265') [117]  (1.05 ns)

 <State 4>: 2.1ns
The critical path consists of the following:
	'load' operation ('v266_V_load') on local variable 'v266.V' [59]  (0 ns)
	'add' operation of DSP[119] ('v268.V') [119]  (2.1 ns)

 <State 5>: 3.69ns
The critical path consists of the following:
	'add' operation of DSP[119] ('v268.V') [119]  (2.1 ns)
	'store' operation ('store_ln518', kernel.cpp:518) of variable 'v268.V' on local variable 'v266.V' [121]  (1.59 ns)


============================================================
+ Verbose Summary: Binding
============================================================
N/A
* FSMD analyzer results:
  - Output states:
 - Input state : 
  - Chain level:
	State 1
	State 2
	State 3
	State 4
	State 5


============================================================
+ Verbose Summary: Datapath Resource usage 
============================================================
N/A
