

================================================================
== Vitis HLS Report for 'Bert_layer_Pipeline_l_j25'
================================================================
* Date:           Wed Sep  6 09:04:25 2023

* Version:        2022.1.2 (Build 3605665 on Fri Aug  5 22:52:02 MDT 2022)
* Project:        out_test.prj
* Solution:       solution1 (Vivado IP Flow Target)
* Product family: zynq
* Target device:  xc7z020-clg484-1


================================================================
== Performance Estimates
================================================================
+ Timing: 
    * Summary: 
    +--------+----------+----------+------------+
    |  Clock |  Target  | Estimated| Uncertainty|
    +--------+----------+----------+------------+
    |ap_clk  |  10.00 ns|  7.256 ns|     2.70 ns|
    +--------+----------+----------+------------+

+ Latency: 
    * Summary: 
    +---------+---------+----------+----------+-----+-----+---------+
    |  Latency (cycles) |  Latency (absolute) |  Interval | Pipeline|
    |   min   |   max   |    min   |    max   | min | max |   Type  |
    +---------+---------+----------+----------+-----+-----+---------+
    |      801|      801|  8.010 us|  8.010 us|  801|  801|       no|
    +---------+---------+----------+----------+-----+-----+---------+

    + Detail: 
        * Instance: 
        N/A

        * Loop: 
        +----------+---------+---------+----------+-----------+-----------+------+----------+
        |          |  Latency (cycles) | Iteration|  Initiation Interval  | Trip |          |
        | Loop Name|   min   |   max   |  Latency |  achieved |   target  | Count| Pipelined|
        +----------+---------+---------+----------+-----------+-----------+------+----------+
        |- l_j25   |      799|      799|        33|          1|          1|   768|       yes|
        +----------+---------+---------+----------+-----------+-----------+------+----------+



================================================================
== Utilization Estimates
================================================================
* Summary: 
+-----------------+---------+-----+--------+-------+-----+
|       Name      | BRAM_18K| DSP |   FF   |  LUT  | URAM|
+-----------------+---------+-----+--------+-------+-----+
|DSP              |        -|    -|       -|      -|    -|
|Expression       |        -|    -|       0|     26|    -|
|FIFO             |        -|    -|       -|      -|    -|
|Instance         |        -|    -|       0|     65|    -|
|Memory           |        -|    -|       -|      -|    -|
|Multiplexer      |        -|    -|       -|     36|    -|
|Register         |        -|    -|     373|     32|    -|
+-----------------+---------+-----+--------+-------+-----+
|Total            |        0|    0|     373|    159|    0|
+-----------------+---------+-----+--------+-------+-----+
|Available        |      280|  220|  106400|  53200|    0|
+-----------------+---------+-----+--------+-------+-----+
|Utilization (%)  |        0|    0|      ~0|     ~0|    0|
+-----------------+---------+-----+--------+-------+-----+

+ Detail: 
    * Instance: 
    +-----------------------+----------------+---------+----+---+----+-----+
    |        Instance       |     Module     | BRAM_18K| DSP| FF| LUT| URAM|
    +-----------------------+----------------+---------+----+---+----+-----+
    |mux_124_32_1_1_U10295  |mux_124_32_1_1  |        0|   0|  0|  65|    0|
    +-----------------------+----------------+---------+----+---+----+-----+
    |Total                  |                |        0|   0|  0|  65|    0|
    +-----------------------+----------------+---------+----+---+----+-----+

    * DSP: 
    N/A

    * Memory: 
    N/A

    * FIFO: 
    N/A

    * Expression: 
    +----------------------+----------+----+---+----+------------+------------+
    |     Variable Name    | Operation| DSP| FF| LUT| Bitwidth P0| Bitwidth P1|
    +----------------------+----------+----+---+----+------------+------------+
    |add_ln545_fu_506_p2   |         +|   0|  0|  13|          10|           1|
    |icmp_ln545_fu_500_p2  |      icmp|   0|  0|  11|          10|          10|
    |ap_enable_pp0         |       xor|   0|  0|   2|           1|           2|
    +----------------------+----------+----+---+----+------------+------------+
    |Total                 |          |   0|  0|  26|          21|          13|
    +----------------------+----------+----+---+----+------------+------------+

    * Multiplexer: 
    +-------------------------+----+-----------+-----+-----------+
    |           Name          | LUT| Input Size| Bits| Total Bits|
    +-------------------------+----+-----------+-----+-----------+
    |ap_done_int              |   9|          2|    1|          2|
    |ap_enable_reg_pp0_iter1  |   9|          2|    1|          2|
    |ap_sig_allocacmp_j25_1   |   9|          2|   10|         20|
    |j25_fu_116               |   9|          2|   10|         20|
    +-------------------------+----+-----------+-----+-----------+
    |Total                    |  36|          8|   22|         44|
    +-------------------------+----+-----------+-----+-----------+

    * Register: 
    +-----------------------------------+----+----+-----+-----------+
    |                Name               | FF | LUT| Bits| Const Bits|
    +-----------------------------------+----+----+-----+-----------+
    |ap_CS_fsm                          |   1|   0|    1|          0|
    |ap_done_reg                        |   1|   0|    1|          0|
    |ap_enable_reg_pp0_iter1            |   1|   0|    1|          0|
    |ap_enable_reg_pp0_iter10           |   1|   0|    1|          0|
    |ap_enable_reg_pp0_iter11           |   1|   0|    1|          0|
    |ap_enable_reg_pp0_iter12           |   1|   0|    1|          0|
    |ap_enable_reg_pp0_iter13           |   1|   0|    1|          0|
    |ap_enable_reg_pp0_iter14           |   1|   0|    1|          0|
    |ap_enable_reg_pp0_iter15           |   1|   0|    1|          0|
    |ap_enable_reg_pp0_iter16           |   1|   0|    1|          0|
    |ap_enable_reg_pp0_iter17           |   1|   0|    1|          0|
    |ap_enable_reg_pp0_iter18           |   1|   0|    1|          0|
    |ap_enable_reg_pp0_iter19           |   1|   0|    1|          0|
    |ap_enable_reg_pp0_iter2            |   1|   0|    1|          0|
    |ap_enable_reg_pp0_iter20           |   1|   0|    1|          0|
    |ap_enable_reg_pp0_iter21           |   1|   0|    1|          0|
    |ap_enable_reg_pp0_iter22           |   1|   0|    1|          0|
    |ap_enable_reg_pp0_iter23           |   1|   0|    1|          0|
    |ap_enable_reg_pp0_iter24           |   1|   0|    1|          0|
    |ap_enable_reg_pp0_iter25           |   1|   0|    1|          0|
    |ap_enable_reg_pp0_iter26           |   1|   0|    1|          0|
    |ap_enable_reg_pp0_iter27           |   1|   0|    1|          0|
    |ap_enable_reg_pp0_iter28           |   1|   0|    1|          0|
    |ap_enable_reg_pp0_iter29           |   1|   0|    1|          0|
    |ap_enable_reg_pp0_iter3            |   1|   0|    1|          0|
    |ap_enable_reg_pp0_iter30           |   1|   0|    1|          0|
    |ap_enable_reg_pp0_iter31           |   1|   0|    1|          0|
    |ap_enable_reg_pp0_iter32           |   1|   0|    1|          0|
    |ap_enable_reg_pp0_iter4            |   1|   0|    1|          0|
    |ap_enable_reg_pp0_iter5            |   1|   0|    1|          0|
    |ap_enable_reg_pp0_iter6            |   1|   0|    1|          0|
    |ap_enable_reg_pp0_iter7            |   1|   0|    1|          0|
    |ap_enable_reg_pp0_iter8            |   1|   0|    1|          0|
    |ap_enable_reg_pp0_iter9            |   1|   0|    1|          0|
    |ap_loop_exit_ready_pp0_iter10_reg  |   1|   0|    1|          0|
    |ap_loop_exit_ready_pp0_iter11_reg  |   1|   0|    1|          0|
    |ap_loop_exit_ready_pp0_iter12_reg  |   1|   0|    1|          0|
    |ap_loop_exit_ready_pp0_iter13_reg  |   1|   0|    1|          0|
    |ap_loop_exit_ready_pp0_iter14_reg  |   1|   0|    1|          0|
    |ap_loop_exit_ready_pp0_iter15_reg  |   1|   0|    1|          0|
    |ap_loop_exit_ready_pp0_iter16_reg  |   1|   0|    1|          0|
    |ap_loop_exit_ready_pp0_iter17_reg  |   1|   0|    1|          0|
    |ap_loop_exit_ready_pp0_iter18_reg  |   1|   0|    1|          0|
    |ap_loop_exit_ready_pp0_iter19_reg  |   1|   0|    1|          0|
    |ap_loop_exit_ready_pp0_iter1_reg   |   1|   0|    1|          0|
    |ap_loop_exit_ready_pp0_iter20_reg  |   1|   0|    1|          0|
    |ap_loop_exit_ready_pp0_iter21_reg  |   1|   0|    1|          0|
    |ap_loop_exit_ready_pp0_iter22_reg  |   1|   0|    1|          0|
    |ap_loop_exit_ready_pp0_iter23_reg  |   1|   0|    1|          0|
    |ap_loop_exit_ready_pp0_iter24_reg  |   1|   0|    1|          0|
    |ap_loop_exit_ready_pp0_iter25_reg  |   1|   0|    1|          0|
    |ap_loop_exit_ready_pp0_iter26_reg  |   1|   0|    1|          0|
    |ap_loop_exit_ready_pp0_iter27_reg  |   1|   0|    1|          0|
    |ap_loop_exit_ready_pp0_iter28_reg  |   1|   0|    1|          0|
    |ap_loop_exit_ready_pp0_iter29_reg  |   1|   0|    1|          0|
    |ap_loop_exit_ready_pp0_iter2_reg   |   1|   0|    1|          0|
    |ap_loop_exit_ready_pp0_iter30_reg  |   1|   0|    1|          0|
    |ap_loop_exit_ready_pp0_iter31_reg  |   1|   0|    1|          0|
    |ap_loop_exit_ready_pp0_iter3_reg   |   1|   0|    1|          0|
    |ap_loop_exit_ready_pp0_iter4_reg   |   1|   0|    1|          0|
    |ap_loop_exit_ready_pp0_iter5_reg   |   1|   0|    1|          0|
    |ap_loop_exit_ready_pp0_iter6_reg   |   1|   0|    1|          0|
    |ap_loop_exit_ready_pp0_iter7_reg   |   1|   0|    1|          0|
    |ap_loop_exit_ready_pp0_iter8_reg   |   1|   0|    1|          0|
    |ap_loop_exit_ready_pp0_iter9_reg   |   1|   0|    1|          0|
    |bitcast_ln558_reg_728              |  32|   0|   32|          0|
    |j25_fu_116                         |  10|   0|   10|          0|
    |v313_reg_678                       |  32|   0|   32|          0|
    |v315_reg_693                       |  32|   0|   32|          0|
    |v316_reg_703                       |  32|   0|   32|          0|
    |v320_reg_713                       |  32|   0|   32|          0|
    |v338_load_reg_688                  |  32|   0|   32|          0|
    |v339_load_reg_718                  |  32|   0|   32|          0|
    |zext_ln545_reg_600                 |  10|   0|   64|         54|
    |zext_ln545_reg_600                 |  64|  32|   64|         54|
    +-----------------------------------+----+----+-----+-----------+
    |Total                              | 373|  32|  427|        108|
    +-----------------------------------+----+----+-----+-----------+



================================================================
== Interface
================================================================
* Summary: 
+----------------------+-----+-----+------------+---------------------------+--------------+
|       RTL Ports      | Dir | Bits|  Protocol  |       Source Object       |    C Type    |
+----------------------+-----+-----+------------+---------------------------+--------------+
|ap_clk                |   in|    1|  ap_ctrl_hs|  Bert_layer_Pipeline_l_j25|  return value|
|ap_rst                |   in|    1|  ap_ctrl_hs|  Bert_layer_Pipeline_l_j25|  return value|
|ap_start              |   in|    1|  ap_ctrl_hs|  Bert_layer_Pipeline_l_j25|  return value|
|ap_done               |  out|    1|  ap_ctrl_hs|  Bert_layer_Pipeline_l_j25|  return value|
|ap_idle               |  out|    1|  ap_ctrl_hs|  Bert_layer_Pipeline_l_j25|  return value|
|ap_ready              |  out|    1|  ap_ctrl_hs|  Bert_layer_Pipeline_l_j25|  return value|
|grp_fu_2776_p_din0    |  out|   32|  ap_ctrl_hs|  Bert_layer_Pipeline_l_j25|  return value|
|grp_fu_2776_p_din1    |  out|   32|  ap_ctrl_hs|  Bert_layer_Pipeline_l_j25|  return value|
|grp_fu_2776_p_opcode  |  out|    1|  ap_ctrl_hs|  Bert_layer_Pipeline_l_j25|  return value|
|grp_fu_2776_p_dout0   |   in|   32|  ap_ctrl_hs|  Bert_layer_Pipeline_l_j25|  return value|
|grp_fu_2776_p_ce      |  out|    1|  ap_ctrl_hs|  Bert_layer_Pipeline_l_j25|  return value|
|grp_fu_2788_p_din0    |  out|   32|  ap_ctrl_hs|  Bert_layer_Pipeline_l_j25|  return value|
|grp_fu_2788_p_din1    |  out|   32|  ap_ctrl_hs|  Bert_layer_Pipeline_l_j25|  return value|
|grp_fu_2788_p_opcode  |  out|    2|  ap_ctrl_hs|  Bert_layer_Pipeline_l_j25|  return value|
|grp_fu_2788_p_dout0   |   in|   32|  ap_ctrl_hs|  Bert_layer_Pipeline_l_j25|  return value|
|grp_fu_2788_p_ce      |  out|    1|  ap_ctrl_hs|  Bert_layer_Pipeline_l_j25|  return value|
|grp_fu_2765_p_din0    |  out|   32|  ap_ctrl_hs|  Bert_layer_Pipeline_l_j25|  return value|
|grp_fu_2765_p_din1    |  out|   32|  ap_ctrl_hs|  Bert_layer_Pipeline_l_j25|  return value|
|grp_fu_2765_p_dout0   |   in|   32|  ap_ctrl_hs|  Bert_layer_Pipeline_l_j25|  return value|
|grp_fu_2765_p_ce      |  out|    1|  ap_ctrl_hs|  Bert_layer_Pipeline_l_j25|  return value|
|grp_fu_2780_p_din0    |  out|   32|  ap_ctrl_hs|  Bert_layer_Pipeline_l_j25|  return value|
|grp_fu_2780_p_din1    |  out|   32|  ap_ctrl_hs|  Bert_layer_Pipeline_l_j25|  return value|
|grp_fu_2780_p_dout0   |   in|   32|  ap_ctrl_hs|  Bert_layer_Pipeline_l_j25|  return value|
|grp_fu_2780_p_ce      |  out|    1|  ap_ctrl_hs|  Bert_layer_Pipeline_l_j25|  return value|
|v352_0_address0       |  out|   10|   ap_memory|                     v352_0|         array|
|v352_0_ce0            |  out|    1|   ap_memory|                     v352_0|         array|
|v352_0_we0            |  out|    1|   ap_memory|                     v352_0|         array|
|v352_0_d0             |  out|   32|   ap_memory|                     v352_0|         array|
|v338_address0         |  out|   10|   ap_memory|                       v338|         array|
|v338_ce0              |  out|    1|   ap_memory|                       v338|         array|
|v338_q0               |   in|   32|   ap_memory|                       v338|         array|
|v365_address0         |  out|   10|   ap_memory|                       v365|         array|
|v365_ce0              |  out|    1|   ap_memory|                       v365|         array|
|v365_q0               |   in|   32|   ap_memory|                       v365|         array|
|v365_1_address0       |  out|   10|   ap_memory|                     v365_1|         array|
|v365_1_ce0            |  out|    1|   ap_memory|                     v365_1|         array|
|v365_1_q0             |   in|   32|   ap_memory|                     v365_1|         array|
|v365_2_address0       |  out|   10|   ap_memory|                     v365_2|         array|
|v365_2_ce0            |  out|    1|   ap_memory|                     v365_2|         array|
|v365_2_q0             |   in|   32|   ap_memory|                     v365_2|         array|
|v365_3_address0       |  out|   10|   ap_memory|                     v365_3|         array|
|v365_3_ce0            |  out|    1|   ap_memory|                     v365_3|         array|
|v365_3_q0             |   in|   32|   ap_memory|                     v365_3|         array|
|v365_4_address0       |  out|   10|   ap_memory|                     v365_4|         array|
|v365_4_ce0            |  out|    1|   ap_memory|                     v365_4|         array|
|v365_4_q0             |   in|   32|   ap_memory|                     v365_4|         array|
|v365_5_address0       |  out|   10|   ap_memory|                     v365_5|         array|
|v365_5_ce0            |  out|    1|   ap_memory|                     v365_5|         array|
|v365_5_q0             |   in|   32|   ap_memory|                     v365_5|         array|
|v365_6_address0       |  out|   10|   ap_memory|                     v365_6|         array|
|v365_6_ce0            |  out|    1|   ap_memory|                     v365_6|         array|
|v365_6_q0             |   in|   32|   ap_memory|                     v365_6|         array|
|v365_7_address0       |  out|   10|   ap_memory|                     v365_7|         array|
|v365_7_ce0            |  out|    1|   ap_memory|                     v365_7|         array|
|v365_7_q0             |   in|   32|   ap_memory|                     v365_7|         array|
|v365_8_address0       |  out|   10|   ap_memory|                     v365_8|         array|
|v365_8_ce0            |  out|    1|   ap_memory|                     v365_8|         array|
|v365_8_q0             |   in|   32|   ap_memory|                     v365_8|         array|
|v365_9_address0       |  out|   10|   ap_memory|                     v365_9|         array|
|v365_9_ce0            |  out|    1|   ap_memory|                     v365_9|         array|
|v365_9_q0             |   in|   32|   ap_memory|                     v365_9|         array|
|v365_10_address0      |  out|   10|   ap_memory|                    v365_10|         array|
|v365_10_ce0           |  out|    1|   ap_memory|                    v365_10|         array|
|v365_10_q0            |   in|   32|   ap_memory|                    v365_10|         array|
|v365_11_address0      |  out|   10|   ap_memory|                    v365_11|         array|
|v365_11_ce0           |  out|    1|   ap_memory|                    v365_11|         array|
|v365_11_q0            |   in|   32|   ap_memory|                    v365_11|         array|
|i27                   |   in|    4|     ap_none|                        i27|        scalar|
|v314                  |   in|   32|     ap_none|                       v314|        scalar|
|v319                  |   in|   32|     ap_none|                       v319|        scalar|
|v339_address0         |  out|   10|   ap_memory|                       v339|         array|
|v339_ce0              |  out|    1|   ap_memory|                       v339|         array|
|v339_q0               |   in|   32|   ap_memory|                       v339|         array|
|v352_1_address0       |  out|   10|   ap_memory|                     v352_1|         array|
|v352_1_ce0            |  out|    1|   ap_memory|                     v352_1|         array|
|v352_1_we0            |  out|    1|   ap_memory|                     v352_1|         array|
|v352_1_d0             |  out|   32|   ap_memory|                     v352_1|         array|
|v352_2_address0       |  out|   10|   ap_memory|                     v352_2|         array|
|v352_2_ce0            |  out|    1|   ap_memory|                     v352_2|         array|
|v352_2_we0            |  out|    1|   ap_memory|                     v352_2|         array|
|v352_2_d0             |  out|   32|   ap_memory|                     v352_2|         array|
|v352_3_address0       |  out|   10|   ap_memory|                     v352_3|         array|
|v352_3_ce0            |  out|    1|   ap_memory|                     v352_3|         array|
|v352_3_we0            |  out|    1|   ap_memory|                     v352_3|         array|
|v352_3_d0             |  out|   32|   ap_memory|                     v352_3|         array|
|v352_4_address0       |  out|   10|   ap_memory|                     v352_4|         array|
|v352_4_ce0            |  out|    1|   ap_memory|                     v352_4|         array|
|v352_4_we0            |  out|    1|   ap_memory|                     v352_4|         array|
|v352_4_d0             |  out|   32|   ap_memory|                     v352_4|         array|
|v352_5_address0       |  out|   10|   ap_memory|                     v352_5|         array|
|v352_5_ce0            |  out|    1|   ap_memory|                     v352_5|         array|
|v352_5_we0            |  out|    1|   ap_memory|                     v352_5|         array|
|v352_5_d0             |  out|   32|   ap_memory|                     v352_5|         array|
|v352_6_address0       |  out|   10|   ap_memory|                     v352_6|         array|
|v352_6_ce0            |  out|    1|   ap_memory|                     v352_6|         array|
|v352_6_we0            |  out|    1|   ap_memory|                     v352_6|         array|
|v352_6_d0             |  out|   32|   ap_memory|                     v352_6|         array|
|v352_7_address0       |  out|   10|   ap_memory|                     v352_7|         array|
|v352_7_ce0            |  out|    1|   ap_memory|                     v352_7|         array|
|v352_7_we0            |  out|    1|   ap_memory|                     v352_7|         array|
|v352_7_d0             |  out|   32|   ap_memory|                     v352_7|         array|
|v352_8_address0       |  out|   10|   ap_memory|                     v352_8|         array|
|v352_8_ce0            |  out|    1|   ap_memory|                     v352_8|         array|
|v352_8_we0            |  out|    1|   ap_memory|                     v352_8|         array|
|v352_8_d0             |  out|   32|   ap_memory|                     v352_8|         array|
|v352_9_address0       |  out|   10|   ap_memory|                     v352_9|         array|
|v352_9_ce0            |  out|    1|   ap_memory|                     v352_9|         array|
|v352_9_we0            |  out|    1|   ap_memory|                     v352_9|         array|
|v352_9_d0             |  out|   32|   ap_memory|                     v352_9|         array|
|v352_10_address0      |  out|   10|   ap_memory|                    v352_10|         array|
|v352_10_ce0           |  out|    1|   ap_memory|                    v352_10|         array|
|v352_10_we0           |  out|    1|   ap_memory|                    v352_10|         array|
|v352_10_d0            |  out|   32|   ap_memory|                    v352_10|         array|
|v352_11_address0      |  out|   10|   ap_memory|                    v352_11|         array|
|v352_11_ce0           |  out|    1|   ap_memory|                    v352_11|         array|
|v352_11_we0           |  out|    1|   ap_memory|                    v352_11|         array|
|v352_11_d0            |  out|   32|   ap_memory|                    v352_11|         array|
+----------------------+-----+-----+------------+---------------------------+--------------+

