

================================================================
== Vitis HLS Report for 'systolic_array_k_12_Block_for_end127_proc'
================================================================
* Date:           Wed Sep  6 08:50:35 2023

* Version:        2022.1.2 (Build 3605665 on Fri Aug  5 22:52:02 MDT 2022)
* Project:        out_test.prj
* Solution:       solution1 (Vivado IP Flow Target)
* Product family: zynq
* Target device:  xc7z020-clg484-1


================================================================
== Performance Estimates
================================================================
+ Timing: 
    * Summary: 
    +--------+----------+----------+------------+
    |  Clock |  Target  | Estimated| Uncertainty|
    +--------+----------+----------+------------+
    |ap_clk  |  10.00 ns|  3.634 ns|     2.70 ns|
    +--------+----------+----------+------------+

+ Latency: 
    * Summary: 
    +---------+---------+----------+----------+-----+-----+---------+
    |  Latency (cycles) |  Latency (absolute) |  Interval | Pipeline|
    |   min   |   max   |    min   |    max   | min | max |   Type  |
    +---------+---------+----------+----------+-----+-----+---------+
    |        0|        0|      0 ns|      0 ns|    0|    0|       no|
    +---------+---------+----------+----------+-----+-----+---------+

    + Detail: 
        * Instance: 
        N/A

        * Loop: 
        N/A



================================================================
== Utilization Estimates
================================================================
* Summary: 
+-----------------+---------+-----+--------+-------+-----+
|       Name      | BRAM_18K| DSP |   FF   |  LUT  | URAM|
+-----------------+---------+-----+--------+-------+-----+
|DSP              |        -|    -|       -|      -|    -|
|Expression       |        -|    -|       0|      2|    -|
|FIFO             |        -|    -|       -|      -|    -|
|Instance         |        -|    -|       -|      -|    -|
|Memory           |        -|    -|       -|      -|    -|
|Multiplexer      |        -|    -|       -|    153|    -|
|Register         |        -|    -|     386|      -|    -|
+-----------------+---------+-----+--------+-------+-----+
|Total            |        0|    0|     386|    155|    0|
+-----------------+---------+-----+--------+-------+-----+
|Available        |      280|  220|  106400|  53200|    0|
+-----------------+---------+-----+--------+-------+-----+
|Utilization (%)  |        0|    0|      ~0|     ~0|    0|
+-----------------+---------+-----+--------+-------+-----+

+ Detail: 
    * Instance: 
    N/A

    * DSP: 
    N/A

    * Memory: 
    N/A

    * FIFO: 
    N/A

    * Expression: 
    +-----------------+----------+----+---+----+------------+------------+
    |  Variable Name  | Operation| DSP| FF| LUT| Bitwidth P0| Bitwidth P1|
    +-----------------+----------+----+---+----+------------+------------+
    |ap_block_state1  |        or|   0|  0|   2|           1|           1|
    +-----------------+----------+----+---+----+------------+------------+
    |Total            |          |   0|  0|   2|           1|           1|
    +-----------------+----------+----+---+----+------------+------------+

    * Multiplexer: 
    +--------------+----+-----------+-----+-----------+
    |     Name     | LUT| Input Size| Bits| Total Bits|
    +--------------+----+-----------+-----+-----------+
    |ap_done       |   9|          2|    1|          2|
    |ap_return_0   |   9|          2|   24|         48|
    |ap_return_1   |   9|          2|   24|         48|
    |ap_return_10  |   9|          2|   24|         48|
    |ap_return_11  |   9|          2|   24|         48|
    |ap_return_12  |   9|          2|   24|         48|
    |ap_return_13  |   9|          2|   24|         48|
    |ap_return_14  |   9|          2|   24|         48|
    |ap_return_15  |   9|          2|   24|         48|
    |ap_return_2   |   9|          2|   24|         48|
    |ap_return_3   |   9|          2|   24|         48|
    |ap_return_4   |   9|          2|   24|         48|
    |ap_return_5   |   9|          2|   24|         48|
    |ap_return_6   |   9|          2|   24|         48|
    |ap_return_7   |   9|          2|   24|         48|
    |ap_return_8   |   9|          2|   24|         48|
    |ap_return_9   |   9|          2|   24|         48|
    +--------------+----+-----------+-----+-----------+
    |Total         | 153|         34|  385|        770|
    +--------------+----+-----------+-----+-----------+

    * Register: 
    +-------------------+----+----+-----+-----------+
    |        Name       | FF | LUT| Bits| Const Bits|
    +-------------------+----+----+-----+-----------+
    |ap_CS_fsm          |   1|   0|    1|          0|
    |ap_done_reg        |   1|   0|    1|          0|
    |ap_return_0_preg   |  24|   0|   24|          0|
    |ap_return_10_preg  |  24|   0|   24|          0|
    |ap_return_11_preg  |  24|   0|   24|          0|
    |ap_return_12_preg  |  24|   0|   24|          0|
    |ap_return_13_preg  |  24|   0|   24|          0|
    |ap_return_14_preg  |  24|   0|   24|          0|
    |ap_return_15_preg  |  24|   0|   24|          0|
    |ap_return_1_preg   |  24|   0|   24|          0|
    |ap_return_2_preg   |  24|   0|   24|          0|
    |ap_return_3_preg   |  24|   0|   24|          0|
    |ap_return_4_preg   |  24|   0|   24|          0|
    |ap_return_5_preg   |  24|   0|   24|          0|
    |ap_return_6_preg   |  24|   0|   24|          0|
    |ap_return_7_preg   |  24|   0|   24|          0|
    |ap_return_8_preg   |  24|   0|   24|          0|
    |ap_return_9_preg   |  24|   0|   24|          0|
    +-------------------+----+----+-----+-----------+
    |Total              | 386|   0|  386|          0|
    +-------------------+----+----+-----+-----------+



================================================================
== Interface
================================================================
* Summary: 
+--------------+-----+-----+------------+-------------------------------------------+--------------+
|   RTL Ports  | Dir | Bits|  Protocol  |               Source Object               |    C Type    |
+--------------+-----+-----+------------+-------------------------------------------+--------------+
|ap_clk        |   in|    1|  ap_ctrl_hs|  systolic_array_k_12_Block_for.end127_proc|  return value|
|ap_rst        |   in|    1|  ap_ctrl_hs|  systolic_array_k_12_Block_for.end127_proc|  return value|
|ap_start      |   in|    1|  ap_ctrl_hs|  systolic_array_k_12_Block_for.end127_proc|  return value|
|ap_done       |  out|    1|  ap_ctrl_hs|  systolic_array_k_12_Block_for.end127_proc|  return value|
|ap_continue   |   in|    1|  ap_ctrl_hs|  systolic_array_k_12_Block_for.end127_proc|  return value|
|ap_idle       |  out|    1|  ap_ctrl_hs|  systolic_array_k_12_Block_for.end127_proc|  return value|
|ap_ready      |  out|    1|  ap_ctrl_hs|  systolic_array_k_12_Block_for.end127_proc|  return value|
|ap_return_0   |  out|   24|  ap_ctrl_hs|  systolic_array_k_12_Block_for.end127_proc|  return value|
|ap_return_1   |  out|   24|  ap_ctrl_hs|  systolic_array_k_12_Block_for.end127_proc|  return value|
|ap_return_2   |  out|   24|  ap_ctrl_hs|  systolic_array_k_12_Block_for.end127_proc|  return value|
|ap_return_3   |  out|   24|  ap_ctrl_hs|  systolic_array_k_12_Block_for.end127_proc|  return value|
|ap_return_4   |  out|   24|  ap_ctrl_hs|  systolic_array_k_12_Block_for.end127_proc|  return value|
|ap_return_5   |  out|   24|  ap_ctrl_hs|  systolic_array_k_12_Block_for.end127_proc|  return value|
|ap_return_6   |  out|   24|  ap_ctrl_hs|  systolic_array_k_12_Block_for.end127_proc|  return value|
|ap_return_7   |  out|   24|  ap_ctrl_hs|  systolic_array_k_12_Block_for.end127_proc|  return value|
|ap_return_8   |  out|   24|  ap_ctrl_hs|  systolic_array_k_12_Block_for.end127_proc|  return value|
|ap_return_9   |  out|   24|  ap_ctrl_hs|  systolic_array_k_12_Block_for.end127_proc|  return value|
|ap_return_10  |  out|   24|  ap_ctrl_hs|  systolic_array_k_12_Block_for.end127_proc|  return value|
|ap_return_11  |  out|   24|  ap_ctrl_hs|  systolic_array_k_12_Block_for.end127_proc|  return value|
|ap_return_12  |  out|   24|  ap_ctrl_hs|  systolic_array_k_12_Block_for.end127_proc|  return value|
|ap_return_13  |  out|   24|  ap_ctrl_hs|  systolic_array_k_12_Block_for.end127_proc|  return value|
|ap_return_14  |  out|   24|  ap_ctrl_hs|  systolic_array_k_12_Block_for.end127_proc|  return value|
|ap_return_15  |  out|   24|  ap_ctrl_hs|  systolic_array_k_12_Block_for.end127_proc|  return value|
|p_read        |   in|   24|     ap_none|                                     p_read|        scalar|
|p_read1       |   in|   24|     ap_none|                                    p_read1|        scalar|
|p_read2       |   in|   24|     ap_none|                                    p_read2|        scalar|
|p_read3       |   in|   24|     ap_none|                                    p_read3|        scalar|
|p_read4       |   in|   24|     ap_none|                                    p_read4|        scalar|
|p_read5       |   in|   24|     ap_none|                                    p_read5|        scalar|
|p_read6       |   in|   24|     ap_none|                                    p_read6|        scalar|
|p_read7       |   in|   24|     ap_none|                                    p_read7|        scalar|
|p_read8       |   in|   24|     ap_none|                                    p_read8|        scalar|
|p_read9       |   in|   24|     ap_none|                                    p_read9|        scalar|
|p_read10      |   in|   24|     ap_none|                                   p_read10|        scalar|
|p_read11      |   in|   24|     ap_none|                                   p_read11|        scalar|
|p_read12      |   in|   24|     ap_none|                                   p_read12|        scalar|
|p_read13      |   in|   24|     ap_none|                                   p_read13|        scalar|
|p_read14      |   in|   24|     ap_none|                                   p_read14|        scalar|
|p_read15      |   in|   24|     ap_none|                                   p_read15|        scalar|
+--------------+-----+-----+------------+-------------------------------------------+--------------+

