

================================================================
== Vitis HLS Report for 'generic_tanh_float_s'
================================================================
* Date:           Tue Sep  5 22:43:17 2023

* Version:        2019.2.1 (Build 2729669 on Thu Dec 05 05:13:00 MST 2019)
* Project:        out.prj
* Solution:       solution1
* Product family: virtexuplus
* Target device:  xcu280-fsvh2892-2L-e


================================================================
== Performance Estimates
================================================================
+ Timing: 
    * Summary: 
    +--------+---------+----------+------------+
    |  Clock |  Target | Estimated| Uncertainty|
    +--------+---------+----------+------------+
    |ap_clk  | 3.33 ns | 2.426 ns |   0.90 ns  |
    +--------+---------+----------+------------+

+ Latency: 
    * Summary: 
    +---------+---------+----------+----------+-----+-----+----------+
    |  Latency (cycles) |  Latency (absolute) |  Interval | Pipeline |
    |   min   |   max   |    min   |    max   | min | max |   Type   |
    +---------+---------+----------+----------+-----+-----+----------+
    |       75|       75| 0.250 us | 0.250 us |    1|    1| function |
    +---------+---------+----------+----------+-----+-----+----------+

    + Detail: 
        * Instance: 
        N/A

        * Loop: 
        N/A

============================================================
+ Verbose Summary: Synthesis Manager
============================================================
InlineROM: 1
ExposeGlobal: 0
============================================================
+ Verbose Summary: CDFG Model
============================================================
IsTopModel: 0
ResetActiveHigh: 1
IsCombinational: 0
IsDatapathOnly: 0
HasWiredReturn: 1
HasMFsm: 2
HasVarLatency: 0
IsPipeline: 1
IsRtlPipelined: 1
IsInstanceOverlapped: 0
IsDontTouch: 0
HasImplIP: 0
IsGatedGlobalClock: 0

+ Individual pipeline summary: 
  * Pipeline-0: initiation interval (II) = 1, depth = 76


============================================================
+ Verbose Summary: Schedule
============================================================
* Number of FSM states : 76
* Pipeline : 1
  Pipeline-0 : II = 1, D = 76, States = { 1 2 3 4 5 6 7 8 9 10 11 12 13 14 15 16 17 18 19 20 21 22 23 24 25 26 27 28 29 30 31 32 33 34 35 36 37 38 39 40 41 42 43 44 45 46 47 48 49 50 51 52 53 54 55 56 57 58 59 60 61 62 63 64 65 66 67 68 69 70 71 72 73 74 75 76 }
* Dataflow Pipeline: 0

* FSM state transitions: 
1 --> 2 
2 --> 3 
3 --> 4 
4 --> 5 
5 --> 6 
6 --> 7 
7 --> 8 
8 --> 9 
9 --> 10 
10 --> 11 
11 --> 12 
12 --> 13 
13 --> 14 
14 --> 15 
15 --> 16 
16 --> 17 
17 --> 18 
18 --> 19 
19 --> 20 
20 --> 21 
21 --> 22 
22 --> 23 
23 --> 24 
24 --> 25 
25 --> 26 
26 --> 27 
27 --> 28 
28 --> 29 
29 --> 30 
30 --> 31 
31 --> 32 
32 --> 33 
33 --> 34 
34 --> 35 
35 --> 36 
36 --> 37 
37 --> 38 
38 --> 39 
39 --> 40 
40 --> 41 
41 --> 42 
42 --> 43 
43 --> 44 
44 --> 45 
45 --> 46 
46 --> 47 
47 --> 48 
48 --> 49 
49 --> 50 
50 --> 51 
51 --> 52 
52 --> 53 
53 --> 54 
54 --> 55 
55 --> 56 
56 --> 57 
57 --> 58 
58 --> 59 
59 --> 60 
60 --> 61 
61 --> 62 
62 --> 63 
63 --> 64 
64 --> 65 
65 --> 66 
66 --> 67 
67 --> 68 
68 --> 69 
69 --> 70 
70 --> 71 
71 --> 72 
72 --> 73 
73 --> 74 
74 --> 75 
75 --> 76 
76 --> 

* FSM state operations: 

State 1 <SV = 0> <Delay = 2.34>
ST_1 : Operation 77 [1/1] (0.00ns)   --->   "%t_in_read = read i32 @_ssdm_op_Read.ap_auto.float, i32 %t_in" [/wrk/2019.sub/2019.2.1/continuous/2019_12_05_2729669/src/shared/hls/clib/hlsmath/include/FloatingPoint/hls_tanh.h:57]   --->   Operation 77 'read' 't_in_read' <Predicate = true> <Delay = 0.00>
ST_1 : Operation 78 [1/1] (0.00ns)   --->   "%p_Val2_s = bitcast i32 %t_in_read" [/wrk/2019.sub/2019.2.1/continuous/2019_12_05_2729669/src/shared/hls/clib/src/hls/utils/x_hls_utils.h:311]   --->   Operation 78 'bitcast' 'p_Val2_s' <Predicate = true> <Delay = 0.00>
ST_1 : Operation 79 [1/1] (0.00ns)   --->   "%p_Result_s = bitselect i1 @_ssdm_op_BitSelect.i1.i32.i32, i32 %p_Val2_s, i32"   --->   Operation 79 'bitselect' 'p_Result_s' <Predicate = true> <Delay = 0.00>
ST_1 : Operation 80 [1/1] (0.00ns)   --->   "%p_Repl2_s = partselect i8 @_ssdm_op_PartSelect.i8.i32.i32.i32, i32 %p_Val2_s, i32, i32"   --->   Operation 80 'partselect' 'p_Repl2_s' <Predicate = true> <Delay = 0.00>
ST_1 : Operation 81 [1/1] (0.00ns)   --->   "%p_Repl2_8 = trunc i32 %p_Val2_s"   --->   Operation 81 'trunc' 'p_Repl2_8' <Predicate = true> <Delay = 0.00>
ST_1 : Operation 82 [1/1] (0.00ns)   --->   "%p_Result_23 = trunc i32 %p_Val2_s"   --->   Operation 82 'trunc' 'p_Result_23' <Predicate = true> <Delay = 0.00>
ST_1 : Operation 83 [1/1] (0.00ns)   --->   "%zext_ln368 = zext i31 %p_Result_23"   --->   Operation 83 'zext' 'zext_ln368' <Predicate = true> <Delay = 0.00>
ST_1 : Operation 84 [1/1] (0.00ns)   --->   "%abst_in = bitcast i32 %zext_ln368" [/wrk/2019.sub/2019.2.1/continuous/2019_12_05_2729669/src/shared/hls/clib/src/hls/utils/x_hls_utils.h:350]   --->   Operation 84 'bitcast' 'abst_in' <Predicate = true> <Delay = 0.00>
ST_1 : Operation 85 [1/1] (0.58ns)   --->   "%icmp_ln828 = icmp_eq  i8 %p_Repl2_s, i8"   --->   Operation 85 'icmp' 'icmp_ln828' <Predicate = true> <Delay = 0.58> <Core = "Cmp">   --->   Core 11 'Cmp' <Latency = 0> <II = 1> <Delay = 0.75> <FuncUnit> <Opcode : 'icmp'> <InPorts = 2> <OutPorts = 1>
ST_1 : Operation 86 [1/1] (0.00ns)   --->   "%br_ln65 = br i1 %icmp_ln828, void, void" [/wrk/2019.sub/2019.2.1/continuous/2019_12_05_2729669/src/shared/hls/clib/hlsmath/include/FloatingPoint/hls_tanh.h:65]   --->   Operation 86 'br' 'br_ln65' <Predicate = true> <Delay = 0.00>
ST_1 : Operation 87 [1/1] (0.58ns)   --->   "%icmp_ln844 = icmp_ult  i8 %p_Repl2_s, i8"   --->   Operation 87 'icmp' 'icmp_ln844' <Predicate = (!icmp_ln828)> <Delay = 0.58> <Core = "Cmp">   --->   Core 11 'Cmp' <Latency = 0> <II = 1> <Delay = 0.75> <FuncUnit> <Opcode : 'icmp'> <InPorts = 2> <OutPorts = 1>
ST_1 : Operation 88 [1/1] (0.00ns)   --->   "%br_ln74 = br i1 %icmp_ln844, void, void %._crit_edge" [/wrk/2019.sub/2019.2.1/continuous/2019_12_05_2729669/src/shared/hls/clib/hlsmath/include/FloatingPoint/hls_tanh.h:74]   --->   Operation 88 'br' 'br_ln74' <Predicate = (!icmp_ln828)> <Delay = 0.00>
ST_1 : Operation 89 [1/1] (0.58ns)   --->   "%icmp_ln828_3 = icmp_eq  i8 %p_Repl2_s, i8"   --->   Operation 89 'icmp' 'icmp_ln828_3' <Predicate = (!icmp_ln828 & !icmp_ln844)> <Delay = 0.58> <Core = "Cmp">   --->   Core 11 'Cmp' <Latency = 0> <II = 1> <Delay = 0.75> <FuncUnit> <Opcode : 'icmp'> <InPorts = 2> <OutPorts = 1>
ST_1 : Operation 90 [1/1] (0.75ns)   --->   "%icmp_ln828_4 = icmp_eq  i23 %p_Repl2_8, i23"   --->   Operation 90 'icmp' 'icmp_ln828_4' <Predicate = (!icmp_ln828 & !icmp_ln844)> <Delay = 0.75> <Core = "Cmp">   --->   Core 11 'Cmp' <Latency = 0> <II = 1> <Delay = 0.75> <FuncUnit> <Opcode : 'icmp'> <InPorts = 2> <OutPorts = 1>
ST_1 : Operation 91 [1/1] (0.12ns)   --->   "%and_ln75 = and i1 %icmp_ln828_3, i1 %icmp_ln828_4" [/wrk/2019.sub/2019.2.1/continuous/2019_12_05_2729669/src/shared/hls/clib/hlsmath/include/FloatingPoint/hls_tanh.h:75]   --->   Operation 91 'and' 'and_ln75' <Predicate = (!icmp_ln828 & !icmp_ln844)> <Delay = 0.12> <Core = "LogicGate">   --->   Core 13 'LogicGate' <Latency = 0> <II = 1> <Delay = 0.21> <FuncUnit> <Opcode : 'and' 'or' 'xor'> <InPorts = 2> <OutPorts = 1>
ST_1 : Operation 92 [1/1] (0.00ns)   --->   "%br_ln75 = br i1 %and_ln75, void, void %._crit_edge" [/wrk/2019.sub/2019.2.1/continuous/2019_12_05_2729669/src/shared/hls/clib/hlsmath/include/FloatingPoint/hls_tanh.h:75]   --->   Operation 92 'br' 'br_ln75' <Predicate = (!icmp_ln828 & !icmp_ln844)> <Delay = 0.00>
ST_1 : Operation 93 [2/2] (1.64ns)   --->   "%tmp_s = fcmp_olt  i32 %abst_in, i32" [/wrk/2019.sub/2019.2.1/continuous/2019_12_05_2729669/src/shared/hls/clib/hlsmath/include/FloatingPoint/hls_tanh.h:80]   --->   Operation 93 'fcmp' 'tmp_s' <Predicate = (!icmp_ln828 & !icmp_ln844 & !and_ln75)> <Delay = 1.64> <Core = "FCompare">   --->   Core 67 'FCompare' <Latency = 1> <II = 1> <Delay = 1.64> <FuncUnit> <Opcode : 'fcmp'> <InPorts = 2> <OutPorts = 1>
ST_1 : Operation 94 [7/7] (2.34ns)   --->   "%add = fadd i32 %abst_in, i32" [/wrk/2019.sub/2019.2.1/continuous/2019_12_05_2729669/src/shared/hls/clib/hlsmath/include/FloatingPoint/hls_tanh.h:78]   --->   Operation 94 'fadd' 'add' <Predicate = (!icmp_ln828 & and_ln75) | (!icmp_ln828 & icmp_ln844)> <Delay = 2.34> <Core = "FAddSub_fulldsp">   --->   Core 66 'FAddSub_fulldsp' <Latency = 6> <II = 1> <Delay = 2.34> <FuncUnit> <Opcode : 'fadd' 'fsub'> <InPorts = 2> <OutPorts = 1>
ST_1 : Operation 95 [1/1] (0.75ns)   --->   "%icmp_ln832 = icmp_eq  i23 %p_Repl2_8, i23"   --->   Operation 95 'icmp' 'icmp_ln832' <Predicate = (icmp_ln828)> <Delay = 0.75> <Core = "Cmp">   --->   Core 11 'Cmp' <Latency = 0> <II = 1> <Delay = 0.75> <FuncUnit> <Opcode : 'icmp'> <InPorts = 2> <OutPorts = 1>

State 2 <SV = 1> <Delay = 2.34>
ST_2 : Operation 96 [1/2] (1.64ns)   --->   "%tmp_s = fcmp_olt  i32 %abst_in, i32" [/wrk/2019.sub/2019.2.1/continuous/2019_12_05_2729669/src/shared/hls/clib/hlsmath/include/FloatingPoint/hls_tanh.h:80]   --->   Operation 96 'fcmp' 'tmp_s' <Predicate = (!icmp_ln828 & !icmp_ln844 & !and_ln75)> <Delay = 1.64> <Core = "FCompare">   --->   Core 67 'FCompare' <Latency = 1> <II = 1> <Delay = 1.64> <FuncUnit> <Opcode : 'fcmp'> <InPorts = 2> <OutPorts = 1>
ST_2 : Operation 97 [1/1] (0.64ns)   --->   "%br_ln80 = br i1 %tmp_s, void %._crit_edge2, void" [/wrk/2019.sub/2019.2.1/continuous/2019_12_05_2729669/src/shared/hls/clib/hlsmath/include/FloatingPoint/hls_tanh.h:80]   --->   Operation 97 'br' 'br_ln80' <Predicate = (!icmp_ln828 & !icmp_ln844 & !and_ln75)> <Delay = 0.64>
ST_2 : Operation 98 [1/1] (0.58ns)   --->   "%icmp_ln844_1 = icmp_ult  i8 %p_Repl2_s, i8"   --->   Operation 98 'icmp' 'icmp_ln844_1' <Predicate = (!icmp_ln828 & !icmp_ln844 & !and_ln75 & tmp_s)> <Delay = 0.58> <Core = "Cmp">   --->   Core 11 'Cmp' <Latency = 0> <II = 1> <Delay = 0.75> <FuncUnit> <Opcode : 'icmp'> <InPorts = 2> <OutPorts = 1>
ST_2 : Operation 99 [1/1] (0.00ns)   --->   "%or_ln = bitconcatenate i32 @_ssdm_op_BitConcatenate.i32.i1.i31, i1, i31 %p_Result_23" [/wrk/2019.sub/2019.2.1/continuous/2019_12_05_2729669/src/shared/hls/clib/hlsmath/include/FloatingPoint/hls_tanh.h:84]   --->   Operation 99 'bitconcatenate' 'or_ln' <Predicate = (!icmp_ln828 & !icmp_ln844 & !and_ln75 & tmp_s)> <Delay = 0.00>
ST_2 : Operation 100 [1/1] (0.00ns)   --->   "%bitcast_ln84 = bitcast i32 %or_ln" [/wrk/2019.sub/2019.2.1/continuous/2019_12_05_2729669/src/shared/hls/clib/hlsmath/include/FloatingPoint/hls_tanh.h:84]   --->   Operation 100 'bitcast' 'bitcast_ln84' <Predicate = (!icmp_ln828 & !icmp_ln844 & !and_ln75 & tmp_s)> <Delay = 0.00>
ST_2 : Operation 101 [7/7] (2.34ns)   --->   "%x = fsub i32 %bitcast_ln84, i32 %abst_in" [/wrk/2019.sub/2019.2.1/continuous/2019_12_05_2729669/src/shared/hls/clib/hlsmath/include/FloatingPoint/hls_tanh.h:84]   --->   Operation 101 'fsub' 'x' <Predicate = (!icmp_ln828 & !icmp_ln844 & !and_ln75 & tmp_s)> <Delay = 2.34> <Core = "FAddSub_fulldsp">   --->   Core 66 'FAddSub_fulldsp' <Latency = 6> <II = 1> <Delay = 2.34> <FuncUnit> <Opcode : 'fadd' 'fsub'> <InPorts = 2> <OutPorts = 1>
ST_2 : Operation 102 [7/7] (2.34ns)   --->   "%x_1 = fadd i32 %abst_in, i32 %abst_in" [/wrk/2019.sub/2019.2.1/continuous/2019_12_05_2729669/src/shared/hls/clib/hlsmath/include/FloatingPoint/hls_tanh.h:87]   --->   Operation 102 'fadd' 'x_1' <Predicate = (!icmp_ln828 & !icmp_ln844 & !and_ln75 & tmp_s)> <Delay = 2.34> <Core = "FAddSub_fulldsp">   --->   Core 66 'FAddSub_fulldsp' <Latency = 6> <II = 1> <Delay = 2.34> <FuncUnit> <Opcode : 'fadd' 'fsub'> <InPorts = 2> <OutPorts = 1>
ST_2 : Operation 103 [6/7] (2.34ns)   --->   "%add = fadd i32 %abst_in, i32" [/wrk/2019.sub/2019.2.1/continuous/2019_12_05_2729669/src/shared/hls/clib/hlsmath/include/FloatingPoint/hls_tanh.h:78]   --->   Operation 103 'fadd' 'add' <Predicate = (!icmp_ln828 & and_ln75) | (!icmp_ln828 & icmp_ln844)> <Delay = 2.34> <Core = "FAddSub_fulldsp">   --->   Core 66 'FAddSub_fulldsp' <Latency = 6> <II = 1> <Delay = 2.34> <FuncUnit> <Opcode : 'fadd' 'fsub'> <InPorts = 2> <OutPorts = 1>

State 3 <SV = 2> <Delay = 2.34>
ST_3 : Operation 104 [6/7] (2.34ns)   --->   "%x = fsub i32 %bitcast_ln84, i32 %abst_in" [/wrk/2019.sub/2019.2.1/continuous/2019_12_05_2729669/src/shared/hls/clib/hlsmath/include/FloatingPoint/hls_tanh.h:84]   --->   Operation 104 'fsub' 'x' <Predicate = (!icmp_ln828 & !icmp_ln844 & !and_ln75 & tmp_s)> <Delay = 2.34> <Core = "FAddSub_fulldsp">   --->   Core 66 'FAddSub_fulldsp' <Latency = 6> <II = 1> <Delay = 2.34> <FuncUnit> <Opcode : 'fadd' 'fsub'> <InPorts = 2> <OutPorts = 1>
ST_3 : Operation 105 [6/7] (2.34ns)   --->   "%x_1 = fadd i32 %abst_in, i32 %abst_in" [/wrk/2019.sub/2019.2.1/continuous/2019_12_05_2729669/src/shared/hls/clib/hlsmath/include/FloatingPoint/hls_tanh.h:87]   --->   Operation 105 'fadd' 'x_1' <Predicate = (!icmp_ln828 & !icmp_ln844 & !and_ln75 & tmp_s)> <Delay = 2.34> <Core = "FAddSub_fulldsp">   --->   Core 66 'FAddSub_fulldsp' <Latency = 6> <II = 1> <Delay = 2.34> <FuncUnit> <Opcode : 'fadd' 'fsub'> <InPorts = 2> <OutPorts = 1>
ST_3 : Operation 106 [5/7] (2.34ns)   --->   "%add = fadd i32 %abst_in, i32" [/wrk/2019.sub/2019.2.1/continuous/2019_12_05_2729669/src/shared/hls/clib/hlsmath/include/FloatingPoint/hls_tanh.h:78]   --->   Operation 106 'fadd' 'add' <Predicate = (!icmp_ln828 & and_ln75) | (!icmp_ln828 & icmp_ln844)> <Delay = 2.34> <Core = "FAddSub_fulldsp">   --->   Core 66 'FAddSub_fulldsp' <Latency = 6> <II = 1> <Delay = 2.34> <FuncUnit> <Opcode : 'fadd' 'fsub'> <InPorts = 2> <OutPorts = 1>

State 4 <SV = 3> <Delay = 2.34>
ST_4 : Operation 107 [5/7] (2.34ns)   --->   "%x = fsub i32 %bitcast_ln84, i32 %abst_in" [/wrk/2019.sub/2019.2.1/continuous/2019_12_05_2729669/src/shared/hls/clib/hlsmath/include/FloatingPoint/hls_tanh.h:84]   --->   Operation 107 'fsub' 'x' <Predicate = (!icmp_ln828 & !icmp_ln844 & !and_ln75 & tmp_s)> <Delay = 2.34> <Core = "FAddSub_fulldsp">   --->   Core 66 'FAddSub_fulldsp' <Latency = 6> <II = 1> <Delay = 2.34> <FuncUnit> <Opcode : 'fadd' 'fsub'> <InPorts = 2> <OutPorts = 1>
ST_4 : Operation 108 [5/7] (2.34ns)   --->   "%x_1 = fadd i32 %abst_in, i32 %abst_in" [/wrk/2019.sub/2019.2.1/continuous/2019_12_05_2729669/src/shared/hls/clib/hlsmath/include/FloatingPoint/hls_tanh.h:87]   --->   Operation 108 'fadd' 'x_1' <Predicate = (!icmp_ln828 & !icmp_ln844 & !and_ln75 & tmp_s)> <Delay = 2.34> <Core = "FAddSub_fulldsp">   --->   Core 66 'FAddSub_fulldsp' <Latency = 6> <II = 1> <Delay = 2.34> <FuncUnit> <Opcode : 'fadd' 'fsub'> <InPorts = 2> <OutPorts = 1>
ST_4 : Operation 109 [4/7] (2.34ns)   --->   "%add = fadd i32 %abst_in, i32" [/wrk/2019.sub/2019.2.1/continuous/2019_12_05_2729669/src/shared/hls/clib/hlsmath/include/FloatingPoint/hls_tanh.h:78]   --->   Operation 109 'fadd' 'add' <Predicate = (!icmp_ln828 & and_ln75) | (!icmp_ln828 & icmp_ln844)> <Delay = 2.34> <Core = "FAddSub_fulldsp">   --->   Core 66 'FAddSub_fulldsp' <Latency = 6> <II = 1> <Delay = 2.34> <FuncUnit> <Opcode : 'fadd' 'fsub'> <InPorts = 2> <OutPorts = 1>

State 5 <SV = 4> <Delay = 2.34>
ST_5 : Operation 110 [4/7] (2.34ns)   --->   "%x = fsub i32 %bitcast_ln84, i32 %abst_in" [/wrk/2019.sub/2019.2.1/continuous/2019_12_05_2729669/src/shared/hls/clib/hlsmath/include/FloatingPoint/hls_tanh.h:84]   --->   Operation 110 'fsub' 'x' <Predicate = (!icmp_ln828 & !icmp_ln844 & !and_ln75 & tmp_s)> <Delay = 2.34> <Core = "FAddSub_fulldsp">   --->   Core 66 'FAddSub_fulldsp' <Latency = 6> <II = 1> <Delay = 2.34> <FuncUnit> <Opcode : 'fadd' 'fsub'> <InPorts = 2> <OutPorts = 1>
ST_5 : Operation 111 [4/7] (2.34ns)   --->   "%x_1 = fadd i32 %abst_in, i32 %abst_in" [/wrk/2019.sub/2019.2.1/continuous/2019_12_05_2729669/src/shared/hls/clib/hlsmath/include/FloatingPoint/hls_tanh.h:87]   --->   Operation 111 'fadd' 'x_1' <Predicate = (!icmp_ln828 & !icmp_ln844 & !and_ln75 & tmp_s)> <Delay = 2.34> <Core = "FAddSub_fulldsp">   --->   Core 66 'FAddSub_fulldsp' <Latency = 6> <II = 1> <Delay = 2.34> <FuncUnit> <Opcode : 'fadd' 'fsub'> <InPorts = 2> <OutPorts = 1>
ST_5 : Operation 112 [3/7] (2.34ns)   --->   "%add = fadd i32 %abst_in, i32" [/wrk/2019.sub/2019.2.1/continuous/2019_12_05_2729669/src/shared/hls/clib/hlsmath/include/FloatingPoint/hls_tanh.h:78]   --->   Operation 112 'fadd' 'add' <Predicate = (!icmp_ln828 & and_ln75) | (!icmp_ln828 & icmp_ln844)> <Delay = 2.34> <Core = "FAddSub_fulldsp">   --->   Core 66 'FAddSub_fulldsp' <Latency = 6> <II = 1> <Delay = 2.34> <FuncUnit> <Opcode : 'fadd' 'fsub'> <InPorts = 2> <OutPorts = 1>

State 6 <SV = 5> <Delay = 2.34>
ST_6 : Operation 113 [3/7] (2.34ns)   --->   "%x = fsub i32 %bitcast_ln84, i32 %abst_in" [/wrk/2019.sub/2019.2.1/continuous/2019_12_05_2729669/src/shared/hls/clib/hlsmath/include/FloatingPoint/hls_tanh.h:84]   --->   Operation 113 'fsub' 'x' <Predicate = (!icmp_ln828 & !icmp_ln844 & !and_ln75 & tmp_s)> <Delay = 2.34> <Core = "FAddSub_fulldsp">   --->   Core 66 'FAddSub_fulldsp' <Latency = 6> <II = 1> <Delay = 2.34> <FuncUnit> <Opcode : 'fadd' 'fsub'> <InPorts = 2> <OutPorts = 1>
ST_6 : Operation 114 [3/7] (2.34ns)   --->   "%x_1 = fadd i32 %abst_in, i32 %abst_in" [/wrk/2019.sub/2019.2.1/continuous/2019_12_05_2729669/src/shared/hls/clib/hlsmath/include/FloatingPoint/hls_tanh.h:87]   --->   Operation 114 'fadd' 'x_1' <Predicate = (!icmp_ln828 & !icmp_ln844 & !and_ln75 & tmp_s)> <Delay = 2.34> <Core = "FAddSub_fulldsp">   --->   Core 66 'FAddSub_fulldsp' <Latency = 6> <II = 1> <Delay = 2.34> <FuncUnit> <Opcode : 'fadd' 'fsub'> <InPorts = 2> <OutPorts = 1>
ST_6 : Operation 115 [2/7] (2.34ns)   --->   "%add = fadd i32 %abst_in, i32" [/wrk/2019.sub/2019.2.1/continuous/2019_12_05_2729669/src/shared/hls/clib/hlsmath/include/FloatingPoint/hls_tanh.h:78]   --->   Operation 115 'fadd' 'add' <Predicate = (!icmp_ln828 & and_ln75) | (!icmp_ln828 & icmp_ln844)> <Delay = 2.34> <Core = "FAddSub_fulldsp">   --->   Core 66 'FAddSub_fulldsp' <Latency = 6> <II = 1> <Delay = 2.34> <FuncUnit> <Opcode : 'fadd' 'fsub'> <InPorts = 2> <OutPorts = 1>

State 7 <SV = 6> <Delay = 2.34>
ST_7 : Operation 116 [2/7] (2.34ns)   --->   "%x = fsub i32 %bitcast_ln84, i32 %abst_in" [/wrk/2019.sub/2019.2.1/continuous/2019_12_05_2729669/src/shared/hls/clib/hlsmath/include/FloatingPoint/hls_tanh.h:84]   --->   Operation 116 'fsub' 'x' <Predicate = (!icmp_ln828 & !icmp_ln844 & !and_ln75 & tmp_s)> <Delay = 2.34> <Core = "FAddSub_fulldsp">   --->   Core 66 'FAddSub_fulldsp' <Latency = 6> <II = 1> <Delay = 2.34> <FuncUnit> <Opcode : 'fadd' 'fsub'> <InPorts = 2> <OutPorts = 1>
ST_7 : Operation 117 [2/7] (2.34ns)   --->   "%x_1 = fadd i32 %abst_in, i32 %abst_in" [/wrk/2019.sub/2019.2.1/continuous/2019_12_05_2729669/src/shared/hls/clib/hlsmath/include/FloatingPoint/hls_tanh.h:87]   --->   Operation 117 'fadd' 'x_1' <Predicate = (!icmp_ln828 & !icmp_ln844 & !and_ln75 & tmp_s)> <Delay = 2.34> <Core = "FAddSub_fulldsp">   --->   Core 66 'FAddSub_fulldsp' <Latency = 6> <II = 1> <Delay = 2.34> <FuncUnit> <Opcode : 'fadd' 'fsub'> <InPorts = 2> <OutPorts = 1>
ST_7 : Operation 118 [1/7] (2.34ns)   --->   "%add = fadd i32 %abst_in, i32" [/wrk/2019.sub/2019.2.1/continuous/2019_12_05_2729669/src/shared/hls/clib/hlsmath/include/FloatingPoint/hls_tanh.h:78]   --->   Operation 118 'fadd' 'add' <Predicate = (!icmp_ln828 & and_ln75) | (!icmp_ln828 & icmp_ln844)> <Delay = 2.34> <Core = "FAddSub_fulldsp">   --->   Core 66 'FAddSub_fulldsp' <Latency = 6> <II = 1> <Delay = 2.34> <FuncUnit> <Opcode : 'fadd' 'fsub'> <InPorts = 2> <OutPorts = 1>

State 8 <SV = 7> <Delay = 2.34>
ST_8 : Operation 119 [1/7] (2.34ns)   --->   "%x = fsub i32 %bitcast_ln84, i32 %abst_in" [/wrk/2019.sub/2019.2.1/continuous/2019_12_05_2729669/src/shared/hls/clib/hlsmath/include/FloatingPoint/hls_tanh.h:84]   --->   Operation 119 'fsub' 'x' <Predicate = (!icmp_ln828 & !icmp_ln844 & !and_ln75 & tmp_s)> <Delay = 2.34> <Core = "FAddSub_fulldsp">   --->   Core 66 'FAddSub_fulldsp' <Latency = 6> <II = 1> <Delay = 2.34> <FuncUnit> <Opcode : 'fadd' 'fsub'> <InPorts = 2> <OutPorts = 1>
ST_8 : Operation 120 [1/7] (2.34ns)   --->   "%x_1 = fadd i32 %abst_in, i32 %abst_in" [/wrk/2019.sub/2019.2.1/continuous/2019_12_05_2729669/src/shared/hls/clib/hlsmath/include/FloatingPoint/hls_tanh.h:87]   --->   Operation 120 'fadd' 'x_1' <Predicate = (!icmp_ln828 & !icmp_ln844 & !and_ln75 & tmp_s)> <Delay = 2.34> <Core = "FAddSub_fulldsp">   --->   Core 66 'FAddSub_fulldsp' <Latency = 6> <II = 1> <Delay = 2.34> <FuncUnit> <Opcode : 'fadd' 'fsub'> <InPorts = 2> <OutPorts = 1>
ST_8 : Operation 121 [4/4] (2.32ns)   --->   "%resultf = fmul i32 %abst_in, i32 %add" [/wrk/2019.sub/2019.2.1/continuous/2019_12_05_2729669/src/shared/hls/clib/hlsmath/include/FloatingPoint/hls_tanh.h:78]   --->   Operation 121 'fmul' 'resultf' <Predicate = (!icmp_ln828 & and_ln75) | (!icmp_ln828 & icmp_ln844)> <Delay = 2.32> <Core = "FMul_maxdsp">   --->   Core 78 'FMul_maxdsp' <Latency = 3> <II = 1> <Delay = 2.32> <FuncUnit> <Opcode : 'fmul'> <InPorts = 2> <OutPorts = 1>

State 9 <SV = 8> <Delay = 2.32>
ST_9 : Operation 122 [1/1] (0.22ns)   --->   "%x_2 = select i1 %icmp_ln844_1, i32 %x, i32 %x_1" [/wrk/2019.sub/2019.2.1/continuous/2019_12_05_2729669/src/shared/hls/clib/hlsmath/include/FloatingPoint/hls_tanh.h:83]   --->   Operation 122 'select' 'x_2' <Predicate = (!icmp_ln828 & !icmp_ln844 & !and_ln75 & tmp_s)> <Delay = 0.22> <Core = "Sel">   --->   Core 12 'Sel' <Latency = 0> <II = 1> <Delay = 0.22> <FuncUnit> <Opcode : 'select'> <InPorts = 3> <OutPorts = 1>
ST_9 : Operation 123 [1/1] (0.00ns)   --->   "%p_Val2_19 = bitcast i32 %x_2" [/wrk/2019.sub/2019.2.1/continuous/2019_12_05_2729669/src/shared/hls/clib/src/hls/utils/x_hls_utils.h:311]   --->   Operation 123 'bitcast' 'p_Val2_19' <Predicate = (!icmp_ln828 & !icmp_ln844 & !and_ln75 & tmp_s)> <Delay = 0.00>
ST_9 : Operation 124 [1/1] (0.00ns)   --->   "%p_Repl2_9 = partselect i8 @_ssdm_op_PartSelect.i8.i32.i32.i32, i32 %p_Val2_19, i32, i32"   --->   Operation 124 'partselect' 'p_Repl2_9' <Predicate = (!icmp_ln828 & !icmp_ln844 & !and_ln75 & tmp_s)> <Delay = 0.00>
ST_9 : Operation 125 [1/1] (0.58ns)   --->   "%icmp_ln828_5 = icmp_eq  i8 %p_Repl2_9, i8"   --->   Operation 125 'icmp' 'icmp_ln828_5' <Predicate = (!icmp_ln828 & !icmp_ln844 & !and_ln75 & tmp_s)> <Delay = 0.58> <Core = "Cmp">   --->   Core 11 'Cmp' <Latency = 0> <II = 1> <Delay = 0.75> <FuncUnit> <Opcode : 'icmp'> <InPorts = 2> <OutPorts = 1>
ST_9 : Operation 126 [1/1] (0.61ns)   --->   "%br_ln9 = br i1 %icmp_ln828_5, void, void %_ZN11exp_reduce_5expm1Ef.exit" [/wrk/2019.sub/2019.2.1/continuous/2019_12_05_2729669/src/shared/hls/clib/hlsmath/src/common/hls_exp_float.cpp:9]   --->   Operation 126 'br' 'br_ln9' <Predicate = (!icmp_ln828 & !icmp_ln844 & !and_ln75 & tmp_s)> <Delay = 0.61>
ST_9 : Operation 127 [1/1] (0.58ns)   --->   "%icmp_ln836 = icmp_ult  i8 %p_Repl2_9, i8"   --->   Operation 127 'icmp' 'icmp_ln836' <Predicate = (!icmp_ln828 & !icmp_ln844 & !and_ln75 & tmp_s & !icmp_ln828_5)> <Delay = 0.58> <Core = "Cmp">   --->   Core 11 'Cmp' <Latency = 0> <II = 1> <Delay = 0.75> <FuncUnit> <Opcode : 'icmp'> <InPorts = 2> <OutPorts = 1>
ST_9 : Operation 128 [1/1] (0.61ns)   --->   "%br_ln10 = br i1 %icmp_ln836, void, void %_ZN11exp_reduce_5expm1Ef.exit" [/wrk/2019.sub/2019.2.1/continuous/2019_12_05_2729669/src/shared/hls/clib/hlsmath/src/common/hls_exp_float.cpp:10]   --->   Operation 128 'br' 'br_ln10' <Predicate = (!icmp_ln828 & !icmp_ln844 & !and_ln75 & tmp_s & !icmp_ln828_5)> <Delay = 0.61>
ST_9 : Operation 129 [2/2] (1.54ns)   --->   "%xd = fpext i32 %x_2" [/wrk/2019.sub/2019.2.1/continuous/2019_12_05_2729669/src/shared/hls/clib/hlsmath/src/common/hls_exp_float.cpp:11]   --->   Operation 129 'fpext' 'xd' <Predicate = (!icmp_ln828 & !icmp_ln844 & !and_ln75 & tmp_s & !icmp_ln828_5 & !icmp_ln836)> <Delay = 1.54> <Core = "Float2Double">   --->   Core 112 'Float2Double' <Latency = 1> <II = 1> <Delay = 1.54> <FuncUnit> <Opcode : 'fpext'> <InPorts = 1> <OutPorts = 1>
ST_9 : Operation 130 [1/1] (0.00ns)   --->   "%br_ln92 = br i1 %icmp_ln844_1, void, void" [/wrk/2019.sub/2019.2.1/continuous/2019_12_05_2729669/src/shared/hls/clib/hlsmath/include/FloatingPoint/hls_tanh.h:92]   --->   Operation 130 'br' 'br_ln92' <Predicate = (!icmp_ln828 & !icmp_ln844 & !and_ln75 & tmp_s)> <Delay = 0.00>
ST_9 : Operation 131 [3/4] (2.32ns)   --->   "%resultf = fmul i32 %abst_in, i32 %add" [/wrk/2019.sub/2019.2.1/continuous/2019_12_05_2729669/src/shared/hls/clib/hlsmath/include/FloatingPoint/hls_tanh.h:78]   --->   Operation 131 'fmul' 'resultf' <Predicate = (!icmp_ln828 & and_ln75) | (!icmp_ln828 & icmp_ln844)> <Delay = 2.32> <Core = "FMul_maxdsp">   --->   Core 78 'FMul_maxdsp' <Latency = 3> <II = 1> <Delay = 2.32> <FuncUnit> <Opcode : 'fmul'> <InPorts = 2> <OutPorts = 1>

State 10 <SV = 9> <Delay = 2.32>
ST_10 : Operation 132 [1/2] (1.54ns)   --->   "%xd = fpext i32 %x_2" [/wrk/2019.sub/2019.2.1/continuous/2019_12_05_2729669/src/shared/hls/clib/hlsmath/src/common/hls_exp_float.cpp:11]   --->   Operation 132 'fpext' 'xd' <Predicate = (!icmp_ln828 & !icmp_ln844 & !and_ln75 & tmp_s & !icmp_ln828_5 & !icmp_ln836)> <Delay = 1.54> <Core = "Float2Double">   --->   Core 112 'Float2Double' <Latency = 1> <II = 1> <Delay = 1.54> <FuncUnit> <Opcode : 'fpext'> <InPorts = 1> <OutPorts = 1>
ST_10 : Operation 133 [2/4] (2.32ns)   --->   "%resultf = fmul i32 %abst_in, i32 %add" [/wrk/2019.sub/2019.2.1/continuous/2019_12_05_2729669/src/shared/hls/clib/hlsmath/include/FloatingPoint/hls_tanh.h:78]   --->   Operation 133 'fmul' 'resultf' <Predicate = (!icmp_ln828 & and_ln75) | (!icmp_ln828 & icmp_ln844)> <Delay = 2.32> <Core = "FMul_maxdsp">   --->   Core 78 'FMul_maxdsp' <Latency = 3> <II = 1> <Delay = 2.32> <FuncUnit> <Opcode : 'fmul'> <InPorts = 2> <OutPorts = 1>

State 11 <SV = 10> <Delay = 2.32>
ST_11 : Operation 134 [28/28] (1.16ns)   --->   "%call3_i = call i64 @exp_generic<double>, i64 %xd, i58 %table_exp_Z1_ap_ufixed_58_1_ap_q_mode_5_ap_o_mode_3_0_array_V, i26 %table_f_Z3_ap_ufixed_59_0_ap_q_mode_5_ap_o_mode_3_0_array_V, i42 %table_f_Z2_ap_ufixed_59_0_ap_q_mode_5_ap_o_mode_3_0_array_V" [/wrk/2019.sub/2019.2.1/continuous/2019_12_05_2729669/src/shared/hls/clib/hlsmath/src/common/hls_exp_float.cpp:12]   --->   Operation 134 'call' 'call3_i' <Predicate = (!icmp_ln828 & !icmp_ln844 & !and_ln75 & tmp_s & !icmp_ln828_5 & !icmp_ln836)> <Delay = 1.16> <CoreType = "Generic">   --->   Core 0 '' <Latency = 0> <II = 1> <Delay = 1.00> <Generic> <Opcode : >
ST_11 : Operation 135 [1/4] (2.32ns)   --->   "%resultf = fmul i32 %abst_in, i32 %add" [/wrk/2019.sub/2019.2.1/continuous/2019_12_05_2729669/src/shared/hls/clib/hlsmath/include/FloatingPoint/hls_tanh.h:78]   --->   Operation 135 'fmul' 'resultf' <Predicate = (!icmp_ln828 & and_ln75) | (!icmp_ln828 & icmp_ln844)> <Delay = 2.32> <Core = "FMul_maxdsp">   --->   Core 78 'FMul_maxdsp' <Latency = 3> <II = 1> <Delay = 2.32> <FuncUnit> <Opcode : 'fmul'> <InPorts = 2> <OutPorts = 1>

State 12 <SV = 11> <Delay = 2.42>
ST_12 : Operation 136 [27/28] (2.42ns)   --->   "%call3_i = call i64 @exp_generic<double>, i64 %xd, i58 %table_exp_Z1_ap_ufixed_58_1_ap_q_mode_5_ap_o_mode_3_0_array_V, i26 %table_f_Z3_ap_ufixed_59_0_ap_q_mode_5_ap_o_mode_3_0_array_V, i42 %table_f_Z2_ap_ufixed_59_0_ap_q_mode_5_ap_o_mode_3_0_array_V" [/wrk/2019.sub/2019.2.1/continuous/2019_12_05_2729669/src/shared/hls/clib/hlsmath/src/common/hls_exp_float.cpp:12]   --->   Operation 136 'call' 'call3_i' <Predicate = (!icmp_ln828 & !icmp_ln844 & !and_ln75 & tmp_s & !icmp_ln828_5 & !icmp_ln836)> <Delay = 2.42> <CoreType = "Generic">   --->   Core 0 '' <Latency = 0> <II = 1> <Delay = 1.00> <Generic> <Opcode : >

State 13 <SV = 12> <Delay = 2.42>
ST_13 : Operation 137 [26/28] (2.42ns)   --->   "%call3_i = call i64 @exp_generic<double>, i64 %xd, i58 %table_exp_Z1_ap_ufixed_58_1_ap_q_mode_5_ap_o_mode_3_0_array_V, i26 %table_f_Z3_ap_ufixed_59_0_ap_q_mode_5_ap_o_mode_3_0_array_V, i42 %table_f_Z2_ap_ufixed_59_0_ap_q_mode_5_ap_o_mode_3_0_array_V" [/wrk/2019.sub/2019.2.1/continuous/2019_12_05_2729669/src/shared/hls/clib/hlsmath/src/common/hls_exp_float.cpp:12]   --->   Operation 137 'call' 'call3_i' <Predicate = (!icmp_ln828 & !icmp_ln844 & !and_ln75 & tmp_s & !icmp_ln828_5 & !icmp_ln836)> <Delay = 2.42> <CoreType = "Generic">   --->   Core 0 '' <Latency = 0> <II = 1> <Delay = 1.00> <Generic> <Opcode : >

State 14 <SV = 13> <Delay = 2.42>
ST_14 : Operation 138 [25/28] (2.42ns)   --->   "%call3_i = call i64 @exp_generic<double>, i64 %xd, i58 %table_exp_Z1_ap_ufixed_58_1_ap_q_mode_5_ap_o_mode_3_0_array_V, i26 %table_f_Z3_ap_ufixed_59_0_ap_q_mode_5_ap_o_mode_3_0_array_V, i42 %table_f_Z2_ap_ufixed_59_0_ap_q_mode_5_ap_o_mode_3_0_array_V" [/wrk/2019.sub/2019.2.1/continuous/2019_12_05_2729669/src/shared/hls/clib/hlsmath/src/common/hls_exp_float.cpp:12]   --->   Operation 138 'call' 'call3_i' <Predicate = (!icmp_ln828 & !icmp_ln844 & !and_ln75 & tmp_s & !icmp_ln828_5 & !icmp_ln836)> <Delay = 2.42> <CoreType = "Generic">   --->   Core 0 '' <Latency = 0> <II = 1> <Delay = 1.00> <Generic> <Opcode : >

State 15 <SV = 14> <Delay = 2.42>
ST_15 : Operation 139 [24/28] (2.42ns)   --->   "%call3_i = call i64 @exp_generic<double>, i64 %xd, i58 %table_exp_Z1_ap_ufixed_58_1_ap_q_mode_5_ap_o_mode_3_0_array_V, i26 %table_f_Z3_ap_ufixed_59_0_ap_q_mode_5_ap_o_mode_3_0_array_V, i42 %table_f_Z2_ap_ufixed_59_0_ap_q_mode_5_ap_o_mode_3_0_array_V" [/wrk/2019.sub/2019.2.1/continuous/2019_12_05_2729669/src/shared/hls/clib/hlsmath/src/common/hls_exp_float.cpp:12]   --->   Operation 139 'call' 'call3_i' <Predicate = (!icmp_ln828 & !icmp_ln844 & !and_ln75 & tmp_s & !icmp_ln828_5 & !icmp_ln836)> <Delay = 2.42> <CoreType = "Generic">   --->   Core 0 '' <Latency = 0> <II = 1> <Delay = 1.00> <Generic> <Opcode : >

State 16 <SV = 15> <Delay = 2.42>
ST_16 : Operation 140 [23/28] (2.42ns)   --->   "%call3_i = call i64 @exp_generic<double>, i64 %xd, i58 %table_exp_Z1_ap_ufixed_58_1_ap_q_mode_5_ap_o_mode_3_0_array_V, i26 %table_f_Z3_ap_ufixed_59_0_ap_q_mode_5_ap_o_mode_3_0_array_V, i42 %table_f_Z2_ap_ufixed_59_0_ap_q_mode_5_ap_o_mode_3_0_array_V" [/wrk/2019.sub/2019.2.1/continuous/2019_12_05_2729669/src/shared/hls/clib/hlsmath/src/common/hls_exp_float.cpp:12]   --->   Operation 140 'call' 'call3_i' <Predicate = (!icmp_ln828 & !icmp_ln844 & !and_ln75 & tmp_s & !icmp_ln828_5 & !icmp_ln836)> <Delay = 2.42> <CoreType = "Generic">   --->   Core 0 '' <Latency = 0> <II = 1> <Delay = 1.00> <Generic> <Opcode : >

State 17 <SV = 16> <Delay = 2.42>
ST_17 : Operation 141 [22/28] (2.42ns)   --->   "%call3_i = call i64 @exp_generic<double>, i64 %xd, i58 %table_exp_Z1_ap_ufixed_58_1_ap_q_mode_5_ap_o_mode_3_0_array_V, i26 %table_f_Z3_ap_ufixed_59_0_ap_q_mode_5_ap_o_mode_3_0_array_V, i42 %table_f_Z2_ap_ufixed_59_0_ap_q_mode_5_ap_o_mode_3_0_array_V" [/wrk/2019.sub/2019.2.1/continuous/2019_12_05_2729669/src/shared/hls/clib/hlsmath/src/common/hls_exp_float.cpp:12]   --->   Operation 141 'call' 'call3_i' <Predicate = (!icmp_ln828 & !icmp_ln844 & !and_ln75 & tmp_s & !icmp_ln828_5 & !icmp_ln836)> <Delay = 2.42> <CoreType = "Generic">   --->   Core 0 '' <Latency = 0> <II = 1> <Delay = 1.00> <Generic> <Opcode : >

State 18 <SV = 17> <Delay = 2.42>
ST_18 : Operation 142 [21/28] (2.42ns)   --->   "%call3_i = call i64 @exp_generic<double>, i64 %xd, i58 %table_exp_Z1_ap_ufixed_58_1_ap_q_mode_5_ap_o_mode_3_0_array_V, i26 %table_f_Z3_ap_ufixed_59_0_ap_q_mode_5_ap_o_mode_3_0_array_V, i42 %table_f_Z2_ap_ufixed_59_0_ap_q_mode_5_ap_o_mode_3_0_array_V" [/wrk/2019.sub/2019.2.1/continuous/2019_12_05_2729669/src/shared/hls/clib/hlsmath/src/common/hls_exp_float.cpp:12]   --->   Operation 142 'call' 'call3_i' <Predicate = (!icmp_ln828 & !icmp_ln844 & !and_ln75 & tmp_s & !icmp_ln828_5 & !icmp_ln836)> <Delay = 2.42> <CoreType = "Generic">   --->   Core 0 '' <Latency = 0> <II = 1> <Delay = 1.00> <Generic> <Opcode : >

State 19 <SV = 18> <Delay = 2.42>
ST_19 : Operation 143 [20/28] (2.42ns)   --->   "%call3_i = call i64 @exp_generic<double>, i64 %xd, i58 %table_exp_Z1_ap_ufixed_58_1_ap_q_mode_5_ap_o_mode_3_0_array_V, i26 %table_f_Z3_ap_ufixed_59_0_ap_q_mode_5_ap_o_mode_3_0_array_V, i42 %table_f_Z2_ap_ufixed_59_0_ap_q_mode_5_ap_o_mode_3_0_array_V" [/wrk/2019.sub/2019.2.1/continuous/2019_12_05_2729669/src/shared/hls/clib/hlsmath/src/common/hls_exp_float.cpp:12]   --->   Operation 143 'call' 'call3_i' <Predicate = (!icmp_ln828 & !icmp_ln844 & !and_ln75 & tmp_s & !icmp_ln828_5 & !icmp_ln836)> <Delay = 2.42> <CoreType = "Generic">   --->   Core 0 '' <Latency = 0> <II = 1> <Delay = 1.00> <Generic> <Opcode : >

State 20 <SV = 19> <Delay = 2.42>
ST_20 : Operation 144 [19/28] (2.42ns)   --->   "%call3_i = call i64 @exp_generic<double>, i64 %xd, i58 %table_exp_Z1_ap_ufixed_58_1_ap_q_mode_5_ap_o_mode_3_0_array_V, i26 %table_f_Z3_ap_ufixed_59_0_ap_q_mode_5_ap_o_mode_3_0_array_V, i42 %table_f_Z2_ap_ufixed_59_0_ap_q_mode_5_ap_o_mode_3_0_array_V" [/wrk/2019.sub/2019.2.1/continuous/2019_12_05_2729669/src/shared/hls/clib/hlsmath/src/common/hls_exp_float.cpp:12]   --->   Operation 144 'call' 'call3_i' <Predicate = (!icmp_ln828 & !icmp_ln844 & !and_ln75 & tmp_s & !icmp_ln828_5 & !icmp_ln836)> <Delay = 2.42> <CoreType = "Generic">   --->   Core 0 '' <Latency = 0> <II = 1> <Delay = 1.00> <Generic> <Opcode : >

State 21 <SV = 20> <Delay = 2.42>
ST_21 : Operation 145 [18/28] (2.42ns)   --->   "%call3_i = call i64 @exp_generic<double>, i64 %xd, i58 %table_exp_Z1_ap_ufixed_58_1_ap_q_mode_5_ap_o_mode_3_0_array_V, i26 %table_f_Z3_ap_ufixed_59_0_ap_q_mode_5_ap_o_mode_3_0_array_V, i42 %table_f_Z2_ap_ufixed_59_0_ap_q_mode_5_ap_o_mode_3_0_array_V" [/wrk/2019.sub/2019.2.1/continuous/2019_12_05_2729669/src/shared/hls/clib/hlsmath/src/common/hls_exp_float.cpp:12]   --->   Operation 145 'call' 'call3_i' <Predicate = (!icmp_ln828 & !icmp_ln844 & !and_ln75 & tmp_s & !icmp_ln828_5 & !icmp_ln836)> <Delay = 2.42> <CoreType = "Generic">   --->   Core 0 '' <Latency = 0> <II = 1> <Delay = 1.00> <Generic> <Opcode : >

State 22 <SV = 21> <Delay = 2.42>
ST_22 : Operation 146 [17/28] (2.42ns)   --->   "%call3_i = call i64 @exp_generic<double>, i64 %xd, i58 %table_exp_Z1_ap_ufixed_58_1_ap_q_mode_5_ap_o_mode_3_0_array_V, i26 %table_f_Z3_ap_ufixed_59_0_ap_q_mode_5_ap_o_mode_3_0_array_V, i42 %table_f_Z2_ap_ufixed_59_0_ap_q_mode_5_ap_o_mode_3_0_array_V" [/wrk/2019.sub/2019.2.1/continuous/2019_12_05_2729669/src/shared/hls/clib/hlsmath/src/common/hls_exp_float.cpp:12]   --->   Operation 146 'call' 'call3_i' <Predicate = (!icmp_ln828 & !icmp_ln844 & !and_ln75 & tmp_s & !icmp_ln828_5 & !icmp_ln836)> <Delay = 2.42> <CoreType = "Generic">   --->   Core 0 '' <Latency = 0> <II = 1> <Delay = 1.00> <Generic> <Opcode : >

State 23 <SV = 22> <Delay = 2.42>
ST_23 : Operation 147 [16/28] (2.42ns)   --->   "%call3_i = call i64 @exp_generic<double>, i64 %xd, i58 %table_exp_Z1_ap_ufixed_58_1_ap_q_mode_5_ap_o_mode_3_0_array_V, i26 %table_f_Z3_ap_ufixed_59_0_ap_q_mode_5_ap_o_mode_3_0_array_V, i42 %table_f_Z2_ap_ufixed_59_0_ap_q_mode_5_ap_o_mode_3_0_array_V" [/wrk/2019.sub/2019.2.1/continuous/2019_12_05_2729669/src/shared/hls/clib/hlsmath/src/common/hls_exp_float.cpp:12]   --->   Operation 147 'call' 'call3_i' <Predicate = (!icmp_ln828 & !icmp_ln844 & !and_ln75 & tmp_s & !icmp_ln828_5 & !icmp_ln836)> <Delay = 2.42> <CoreType = "Generic">   --->   Core 0 '' <Latency = 0> <II = 1> <Delay = 1.00> <Generic> <Opcode : >

State 24 <SV = 23> <Delay = 2.42>
ST_24 : Operation 148 [15/28] (2.42ns)   --->   "%call3_i = call i64 @exp_generic<double>, i64 %xd, i58 %table_exp_Z1_ap_ufixed_58_1_ap_q_mode_5_ap_o_mode_3_0_array_V, i26 %table_f_Z3_ap_ufixed_59_0_ap_q_mode_5_ap_o_mode_3_0_array_V, i42 %table_f_Z2_ap_ufixed_59_0_ap_q_mode_5_ap_o_mode_3_0_array_V" [/wrk/2019.sub/2019.2.1/continuous/2019_12_05_2729669/src/shared/hls/clib/hlsmath/src/common/hls_exp_float.cpp:12]   --->   Operation 148 'call' 'call3_i' <Predicate = (!icmp_ln828 & !icmp_ln844 & !and_ln75 & tmp_s & !icmp_ln828_5 & !icmp_ln836)> <Delay = 2.42> <CoreType = "Generic">   --->   Core 0 '' <Latency = 0> <II = 1> <Delay = 1.00> <Generic> <Opcode : >

State 25 <SV = 24> <Delay = 2.42>
ST_25 : Operation 149 [14/28] (2.42ns)   --->   "%call3_i = call i64 @exp_generic<double>, i64 %xd, i58 %table_exp_Z1_ap_ufixed_58_1_ap_q_mode_5_ap_o_mode_3_0_array_V, i26 %table_f_Z3_ap_ufixed_59_0_ap_q_mode_5_ap_o_mode_3_0_array_V, i42 %table_f_Z2_ap_ufixed_59_0_ap_q_mode_5_ap_o_mode_3_0_array_V" [/wrk/2019.sub/2019.2.1/continuous/2019_12_05_2729669/src/shared/hls/clib/hlsmath/src/common/hls_exp_float.cpp:12]   --->   Operation 149 'call' 'call3_i' <Predicate = (!icmp_ln828 & !icmp_ln844 & !and_ln75 & tmp_s & !icmp_ln828_5 & !icmp_ln836)> <Delay = 2.42> <CoreType = "Generic">   --->   Core 0 '' <Latency = 0> <II = 1> <Delay = 1.00> <Generic> <Opcode : >

State 26 <SV = 25> <Delay = 2.42>
ST_26 : Operation 150 [13/28] (2.42ns)   --->   "%call3_i = call i64 @exp_generic<double>, i64 %xd, i58 %table_exp_Z1_ap_ufixed_58_1_ap_q_mode_5_ap_o_mode_3_0_array_V, i26 %table_f_Z3_ap_ufixed_59_0_ap_q_mode_5_ap_o_mode_3_0_array_V, i42 %table_f_Z2_ap_ufixed_59_0_ap_q_mode_5_ap_o_mode_3_0_array_V" [/wrk/2019.sub/2019.2.1/continuous/2019_12_05_2729669/src/shared/hls/clib/hlsmath/src/common/hls_exp_float.cpp:12]   --->   Operation 150 'call' 'call3_i' <Predicate = (!icmp_ln828 & !icmp_ln844 & !and_ln75 & tmp_s & !icmp_ln828_5 & !icmp_ln836)> <Delay = 2.42> <CoreType = "Generic">   --->   Core 0 '' <Latency = 0> <II = 1> <Delay = 1.00> <Generic> <Opcode : >

State 27 <SV = 26> <Delay = 2.42>
ST_27 : Operation 151 [12/28] (2.42ns)   --->   "%call3_i = call i64 @exp_generic<double>, i64 %xd, i58 %table_exp_Z1_ap_ufixed_58_1_ap_q_mode_5_ap_o_mode_3_0_array_V, i26 %table_f_Z3_ap_ufixed_59_0_ap_q_mode_5_ap_o_mode_3_0_array_V, i42 %table_f_Z2_ap_ufixed_59_0_ap_q_mode_5_ap_o_mode_3_0_array_V" [/wrk/2019.sub/2019.2.1/continuous/2019_12_05_2729669/src/shared/hls/clib/hlsmath/src/common/hls_exp_float.cpp:12]   --->   Operation 151 'call' 'call3_i' <Predicate = (!icmp_ln828 & !icmp_ln844 & !and_ln75 & tmp_s & !icmp_ln828_5 & !icmp_ln836)> <Delay = 2.42> <CoreType = "Generic">   --->   Core 0 '' <Latency = 0> <II = 1> <Delay = 1.00> <Generic> <Opcode : >

State 28 <SV = 27> <Delay = 2.42>
ST_28 : Operation 152 [11/28] (2.42ns)   --->   "%call3_i = call i64 @exp_generic<double>, i64 %xd, i58 %table_exp_Z1_ap_ufixed_58_1_ap_q_mode_5_ap_o_mode_3_0_array_V, i26 %table_f_Z3_ap_ufixed_59_0_ap_q_mode_5_ap_o_mode_3_0_array_V, i42 %table_f_Z2_ap_ufixed_59_0_ap_q_mode_5_ap_o_mode_3_0_array_V" [/wrk/2019.sub/2019.2.1/continuous/2019_12_05_2729669/src/shared/hls/clib/hlsmath/src/common/hls_exp_float.cpp:12]   --->   Operation 152 'call' 'call3_i' <Predicate = (!icmp_ln828 & !icmp_ln844 & !and_ln75 & tmp_s & !icmp_ln828_5 & !icmp_ln836)> <Delay = 2.42> <CoreType = "Generic">   --->   Core 0 '' <Latency = 0> <II = 1> <Delay = 1.00> <Generic> <Opcode : >

State 29 <SV = 28> <Delay = 2.42>
ST_29 : Operation 153 [10/28] (2.42ns)   --->   "%call3_i = call i64 @exp_generic<double>, i64 %xd, i58 %table_exp_Z1_ap_ufixed_58_1_ap_q_mode_5_ap_o_mode_3_0_array_V, i26 %table_f_Z3_ap_ufixed_59_0_ap_q_mode_5_ap_o_mode_3_0_array_V, i42 %table_f_Z2_ap_ufixed_59_0_ap_q_mode_5_ap_o_mode_3_0_array_V" [/wrk/2019.sub/2019.2.1/continuous/2019_12_05_2729669/src/shared/hls/clib/hlsmath/src/common/hls_exp_float.cpp:12]   --->   Operation 153 'call' 'call3_i' <Predicate = (!icmp_ln828 & !icmp_ln844 & !and_ln75 & tmp_s & !icmp_ln828_5 & !icmp_ln836)> <Delay = 2.42> <CoreType = "Generic">   --->   Core 0 '' <Latency = 0> <II = 1> <Delay = 1.00> <Generic> <Opcode : >

State 30 <SV = 29> <Delay = 2.42>
ST_30 : Operation 154 [9/28] (2.42ns)   --->   "%call3_i = call i64 @exp_generic<double>, i64 %xd, i58 %table_exp_Z1_ap_ufixed_58_1_ap_q_mode_5_ap_o_mode_3_0_array_V, i26 %table_f_Z3_ap_ufixed_59_0_ap_q_mode_5_ap_o_mode_3_0_array_V, i42 %table_f_Z2_ap_ufixed_59_0_ap_q_mode_5_ap_o_mode_3_0_array_V" [/wrk/2019.sub/2019.2.1/continuous/2019_12_05_2729669/src/shared/hls/clib/hlsmath/src/common/hls_exp_float.cpp:12]   --->   Operation 154 'call' 'call3_i' <Predicate = (!icmp_ln828 & !icmp_ln844 & !and_ln75 & tmp_s & !icmp_ln828_5 & !icmp_ln836)> <Delay = 2.42> <CoreType = "Generic">   --->   Core 0 '' <Latency = 0> <II = 1> <Delay = 1.00> <Generic> <Opcode : >

State 31 <SV = 30> <Delay = 2.42>
ST_31 : Operation 155 [8/28] (2.42ns)   --->   "%call3_i = call i64 @exp_generic<double>, i64 %xd, i58 %table_exp_Z1_ap_ufixed_58_1_ap_q_mode_5_ap_o_mode_3_0_array_V, i26 %table_f_Z3_ap_ufixed_59_0_ap_q_mode_5_ap_o_mode_3_0_array_V, i42 %table_f_Z2_ap_ufixed_59_0_ap_q_mode_5_ap_o_mode_3_0_array_V" [/wrk/2019.sub/2019.2.1/continuous/2019_12_05_2729669/src/shared/hls/clib/hlsmath/src/common/hls_exp_float.cpp:12]   --->   Operation 155 'call' 'call3_i' <Predicate = (!icmp_ln828 & !icmp_ln844 & !and_ln75 & tmp_s & !icmp_ln828_5 & !icmp_ln836)> <Delay = 2.42> <CoreType = "Generic">   --->   Core 0 '' <Latency = 0> <II = 1> <Delay = 1.00> <Generic> <Opcode : >

State 32 <SV = 31> <Delay = 2.42>
ST_32 : Operation 156 [7/28] (2.42ns)   --->   "%call3_i = call i64 @exp_generic<double>, i64 %xd, i58 %table_exp_Z1_ap_ufixed_58_1_ap_q_mode_5_ap_o_mode_3_0_array_V, i26 %table_f_Z3_ap_ufixed_59_0_ap_q_mode_5_ap_o_mode_3_0_array_V, i42 %table_f_Z2_ap_ufixed_59_0_ap_q_mode_5_ap_o_mode_3_0_array_V" [/wrk/2019.sub/2019.2.1/continuous/2019_12_05_2729669/src/shared/hls/clib/hlsmath/src/common/hls_exp_float.cpp:12]   --->   Operation 156 'call' 'call3_i' <Predicate = (!icmp_ln828 & !icmp_ln844 & !and_ln75 & tmp_s & !icmp_ln828_5 & !icmp_ln836)> <Delay = 2.42> <CoreType = "Generic">   --->   Core 0 '' <Latency = 0> <II = 1> <Delay = 1.00> <Generic> <Opcode : >

State 33 <SV = 32> <Delay = 2.42>
ST_33 : Operation 157 [6/28] (2.42ns)   --->   "%call3_i = call i64 @exp_generic<double>, i64 %xd, i58 %table_exp_Z1_ap_ufixed_58_1_ap_q_mode_5_ap_o_mode_3_0_array_V, i26 %table_f_Z3_ap_ufixed_59_0_ap_q_mode_5_ap_o_mode_3_0_array_V, i42 %table_f_Z2_ap_ufixed_59_0_ap_q_mode_5_ap_o_mode_3_0_array_V" [/wrk/2019.sub/2019.2.1/continuous/2019_12_05_2729669/src/shared/hls/clib/hlsmath/src/common/hls_exp_float.cpp:12]   --->   Operation 157 'call' 'call3_i' <Predicate = (!icmp_ln828 & !icmp_ln844 & !and_ln75 & tmp_s & !icmp_ln828_5 & !icmp_ln836)> <Delay = 2.42> <CoreType = "Generic">   --->   Core 0 '' <Latency = 0> <II = 1> <Delay = 1.00> <Generic> <Opcode : >

State 34 <SV = 33> <Delay = 2.42>
ST_34 : Operation 158 [5/28] (2.42ns)   --->   "%call3_i = call i64 @exp_generic<double>, i64 %xd, i58 %table_exp_Z1_ap_ufixed_58_1_ap_q_mode_5_ap_o_mode_3_0_array_V, i26 %table_f_Z3_ap_ufixed_59_0_ap_q_mode_5_ap_o_mode_3_0_array_V, i42 %table_f_Z2_ap_ufixed_59_0_ap_q_mode_5_ap_o_mode_3_0_array_V" [/wrk/2019.sub/2019.2.1/continuous/2019_12_05_2729669/src/shared/hls/clib/hlsmath/src/common/hls_exp_float.cpp:12]   --->   Operation 158 'call' 'call3_i' <Predicate = (!icmp_ln828 & !icmp_ln844 & !and_ln75 & tmp_s & !icmp_ln828_5 & !icmp_ln836)> <Delay = 2.42> <CoreType = "Generic">   --->   Core 0 '' <Latency = 0> <II = 1> <Delay = 1.00> <Generic> <Opcode : >

State 35 <SV = 34> <Delay = 2.42>
ST_35 : Operation 159 [4/28] (2.42ns)   --->   "%call3_i = call i64 @exp_generic<double>, i64 %xd, i58 %table_exp_Z1_ap_ufixed_58_1_ap_q_mode_5_ap_o_mode_3_0_array_V, i26 %table_f_Z3_ap_ufixed_59_0_ap_q_mode_5_ap_o_mode_3_0_array_V, i42 %table_f_Z2_ap_ufixed_59_0_ap_q_mode_5_ap_o_mode_3_0_array_V" [/wrk/2019.sub/2019.2.1/continuous/2019_12_05_2729669/src/shared/hls/clib/hlsmath/src/common/hls_exp_float.cpp:12]   --->   Operation 159 'call' 'call3_i' <Predicate = (!icmp_ln828 & !icmp_ln844 & !and_ln75 & tmp_s & !icmp_ln828_5 & !icmp_ln836)> <Delay = 2.42> <CoreType = "Generic">   --->   Core 0 '' <Latency = 0> <II = 1> <Delay = 1.00> <Generic> <Opcode : >

State 36 <SV = 35> <Delay = 2.42>
ST_36 : Operation 160 [3/28] (2.42ns)   --->   "%call3_i = call i64 @exp_generic<double>, i64 %xd, i58 %table_exp_Z1_ap_ufixed_58_1_ap_q_mode_5_ap_o_mode_3_0_array_V, i26 %table_f_Z3_ap_ufixed_59_0_ap_q_mode_5_ap_o_mode_3_0_array_V, i42 %table_f_Z2_ap_ufixed_59_0_ap_q_mode_5_ap_o_mode_3_0_array_V" [/wrk/2019.sub/2019.2.1/continuous/2019_12_05_2729669/src/shared/hls/clib/hlsmath/src/common/hls_exp_float.cpp:12]   --->   Operation 160 'call' 'call3_i' <Predicate = (!icmp_ln828 & !icmp_ln844 & !and_ln75 & tmp_s & !icmp_ln828_5 & !icmp_ln836)> <Delay = 2.42> <CoreType = "Generic">   --->   Core 0 '' <Latency = 0> <II = 1> <Delay = 1.00> <Generic> <Opcode : >

State 37 <SV = 36> <Delay = 2.42>
ST_37 : Operation 161 [2/28] (2.42ns)   --->   "%call3_i = call i64 @exp_generic<double>, i64 %xd, i58 %table_exp_Z1_ap_ufixed_58_1_ap_q_mode_5_ap_o_mode_3_0_array_V, i26 %table_f_Z3_ap_ufixed_59_0_ap_q_mode_5_ap_o_mode_3_0_array_V, i42 %table_f_Z2_ap_ufixed_59_0_ap_q_mode_5_ap_o_mode_3_0_array_V" [/wrk/2019.sub/2019.2.1/continuous/2019_12_05_2729669/src/shared/hls/clib/hlsmath/src/common/hls_exp_float.cpp:12]   --->   Operation 161 'call' 'call3_i' <Predicate = (!icmp_ln828 & !icmp_ln844 & !and_ln75 & tmp_s & !icmp_ln828_5 & !icmp_ln836)> <Delay = 2.42> <CoreType = "Generic">   --->   Core 0 '' <Latency = 0> <II = 1> <Delay = 1.00> <Generic> <Opcode : >

State 38 <SV = 37> <Delay = 2.42>
ST_38 : Operation 162 [1/28] (2.42ns)   --->   "%call3_i = call i64 @exp_generic<double>, i64 %xd, i58 %table_exp_Z1_ap_ufixed_58_1_ap_q_mode_5_ap_o_mode_3_0_array_V, i26 %table_f_Z3_ap_ufixed_59_0_ap_q_mode_5_ap_o_mode_3_0_array_V, i42 %table_f_Z2_ap_ufixed_59_0_ap_q_mode_5_ap_o_mode_3_0_array_V" [/wrk/2019.sub/2019.2.1/continuous/2019_12_05_2729669/src/shared/hls/clib/hlsmath/src/common/hls_exp_float.cpp:12]   --->   Operation 162 'call' 'call3_i' <Predicate = (!icmp_ln828 & !icmp_ln844 & !and_ln75 & tmp_s & !icmp_ln828_5 & !icmp_ln836)> <Delay = 2.42> <CoreType = "Generic">   --->   Core 0 '' <Latency = 0> <II = 1> <Delay = 1.00> <Generic> <Opcode : >

State 39 <SV = 38> <Delay = 1.90>
ST_39 : Operation 163 [8/8] (1.90ns)   --->   "%sub_i = dadd i64 %call3_i, i64" [/wrk/2019.sub/2019.2.1/continuous/2019_12_05_2729669/src/shared/hls/clib/hlsmath/src/common/hls_exp_float.cpp:12]   --->   Operation 163 'dadd' 'sub_i' <Predicate = (!icmp_ln828 & !icmp_ln844 & !and_ln75 & tmp_s & !icmp_ln828_5 & !icmp_ln836)> <Delay = 1.90> <Core = "DAddSub_fulldsp">   --->   Core 85 'DAddSub_fulldsp' <Latency = 7> <II = 1> <Delay = 1.90> <FuncUnit> <Opcode : 'dadd' 'dsub'> <InPorts = 2> <OutPorts = 1>

State 40 <SV = 39> <Delay = 1.90>
ST_40 : Operation 164 [7/8] (1.90ns)   --->   "%sub_i = dadd i64 %call3_i, i64" [/wrk/2019.sub/2019.2.1/continuous/2019_12_05_2729669/src/shared/hls/clib/hlsmath/src/common/hls_exp_float.cpp:12]   --->   Operation 164 'dadd' 'sub_i' <Predicate = (!icmp_ln828 & !icmp_ln844 & !and_ln75 & tmp_s & !icmp_ln828_5 & !icmp_ln836)> <Delay = 1.90> <Core = "DAddSub_fulldsp">   --->   Core 85 'DAddSub_fulldsp' <Latency = 7> <II = 1> <Delay = 1.90> <FuncUnit> <Opcode : 'dadd' 'dsub'> <InPorts = 2> <OutPorts = 1>

State 41 <SV = 40> <Delay = 1.90>
ST_41 : Operation 165 [6/8] (1.90ns)   --->   "%sub_i = dadd i64 %call3_i, i64" [/wrk/2019.sub/2019.2.1/continuous/2019_12_05_2729669/src/shared/hls/clib/hlsmath/src/common/hls_exp_float.cpp:12]   --->   Operation 165 'dadd' 'sub_i' <Predicate = (!icmp_ln828 & !icmp_ln844 & !and_ln75 & tmp_s & !icmp_ln828_5 & !icmp_ln836)> <Delay = 1.90> <Core = "DAddSub_fulldsp">   --->   Core 85 'DAddSub_fulldsp' <Latency = 7> <II = 1> <Delay = 1.90> <FuncUnit> <Opcode : 'dadd' 'dsub'> <InPorts = 2> <OutPorts = 1>

State 42 <SV = 41> <Delay = 1.90>
ST_42 : Operation 166 [5/8] (1.90ns)   --->   "%sub_i = dadd i64 %call3_i, i64" [/wrk/2019.sub/2019.2.1/continuous/2019_12_05_2729669/src/shared/hls/clib/hlsmath/src/common/hls_exp_float.cpp:12]   --->   Operation 166 'dadd' 'sub_i' <Predicate = (!icmp_ln828 & !icmp_ln844 & !and_ln75 & tmp_s & !icmp_ln828_5 & !icmp_ln836)> <Delay = 1.90> <Core = "DAddSub_fulldsp">   --->   Core 85 'DAddSub_fulldsp' <Latency = 7> <II = 1> <Delay = 1.90> <FuncUnit> <Opcode : 'dadd' 'dsub'> <InPorts = 2> <OutPorts = 1>

State 43 <SV = 42> <Delay = 1.90>
ST_43 : Operation 167 [4/8] (1.90ns)   --->   "%sub_i = dadd i64 %call3_i, i64" [/wrk/2019.sub/2019.2.1/continuous/2019_12_05_2729669/src/shared/hls/clib/hlsmath/src/common/hls_exp_float.cpp:12]   --->   Operation 167 'dadd' 'sub_i' <Predicate = (!icmp_ln828 & !icmp_ln844 & !and_ln75 & tmp_s & !icmp_ln828_5 & !icmp_ln836)> <Delay = 1.90> <Core = "DAddSub_fulldsp">   --->   Core 85 'DAddSub_fulldsp' <Latency = 7> <II = 1> <Delay = 1.90> <FuncUnit> <Opcode : 'dadd' 'dsub'> <InPorts = 2> <OutPorts = 1>

State 44 <SV = 43> <Delay = 1.90>
ST_44 : Operation 168 [3/8] (1.90ns)   --->   "%sub_i = dadd i64 %call3_i, i64" [/wrk/2019.sub/2019.2.1/continuous/2019_12_05_2729669/src/shared/hls/clib/hlsmath/src/common/hls_exp_float.cpp:12]   --->   Operation 168 'dadd' 'sub_i' <Predicate = (!icmp_ln828 & !icmp_ln844 & !and_ln75 & tmp_s & !icmp_ln828_5 & !icmp_ln836)> <Delay = 1.90> <Core = "DAddSub_fulldsp">   --->   Core 85 'DAddSub_fulldsp' <Latency = 7> <II = 1> <Delay = 1.90> <FuncUnit> <Opcode : 'dadd' 'dsub'> <InPorts = 2> <OutPorts = 1>

State 45 <SV = 44> <Delay = 1.90>
ST_45 : Operation 169 [2/8] (1.90ns)   --->   "%sub_i = dadd i64 %call3_i, i64" [/wrk/2019.sub/2019.2.1/continuous/2019_12_05_2729669/src/shared/hls/clib/hlsmath/src/common/hls_exp_float.cpp:12]   --->   Operation 169 'dadd' 'sub_i' <Predicate = (!icmp_ln828 & !icmp_ln844 & !and_ln75 & tmp_s & !icmp_ln828_5 & !icmp_ln836)> <Delay = 1.90> <Core = "DAddSub_fulldsp">   --->   Core 85 'DAddSub_fulldsp' <Latency = 7> <II = 1> <Delay = 1.90> <FuncUnit> <Opcode : 'dadd' 'dsub'> <InPorts = 2> <OutPorts = 1>

State 46 <SV = 45> <Delay = 1.90>
ST_46 : Operation 170 [1/8] (1.90ns)   --->   "%sub_i = dadd i64 %call3_i, i64" [/wrk/2019.sub/2019.2.1/continuous/2019_12_05_2729669/src/shared/hls/clib/hlsmath/src/common/hls_exp_float.cpp:12]   --->   Operation 170 'dadd' 'sub_i' <Predicate = (!icmp_ln828 & !icmp_ln844 & !and_ln75 & tmp_s & !icmp_ln828_5 & !icmp_ln836)> <Delay = 1.90> <Core = "DAddSub_fulldsp">   --->   Core 85 'DAddSub_fulldsp' <Latency = 7> <II = 1> <Delay = 1.90> <FuncUnit> <Opcode : 'dadd' 'dsub'> <InPorts = 2> <OutPorts = 1>

State 47 <SV = 46> <Delay = 1.82>
ST_47 : Operation 171 [2/2] (1.82ns)   --->   "%conv4_i = fptrunc i64 %sub_i" [/wrk/2019.sub/2019.2.1/continuous/2019_12_05_2729669/src/shared/hls/clib/hlsmath/src/common/hls_exp_float.cpp:12]   --->   Operation 171 'fptrunc' 'conv4_i' <Predicate = (!icmp_ln828 & !icmp_ln844 & !and_ln75 & tmp_s & !icmp_ln828_5 & !icmp_ln836)> <Delay = 1.82> <Core = "Double2Float">   --->   Core 115 'Double2Float' <Latency = 1> <II = 1> <Delay = 1.82> <FuncUnit> <Opcode : 'fptrunc'> <InPorts = 1> <OutPorts = 1>

State 48 <SV = 47> <Delay = 1.82>
ST_48 : Operation 172 [1/2] (1.82ns)   --->   "%conv4_i = fptrunc i64 %sub_i" [/wrk/2019.sub/2019.2.1/continuous/2019_12_05_2729669/src/shared/hls/clib/hlsmath/src/common/hls_exp_float.cpp:12]   --->   Operation 172 'fptrunc' 'conv4_i' <Predicate = (!icmp_ln828 & !icmp_ln844 & !and_ln75 & tmp_s & !icmp_ln828_5 & !icmp_ln836)> <Delay = 1.82> <Core = "Double2Float">   --->   Core 115 'Double2Float' <Latency = 1> <II = 1> <Delay = 1.82> <FuncUnit> <Opcode : 'fptrunc'> <InPorts = 1> <OutPorts = 1>

State 49 <SV = 48> <Delay = 0.61>
ST_49 : Operation 173 [1/1] (0.61ns)   --->   "%br_ln12 = br void %_ZN11exp_reduce_5expm1Ef.exit" [/wrk/2019.sub/2019.2.1/continuous/2019_12_05_2729669/src/shared/hls/clib/hlsmath/src/common/hls_exp_float.cpp:12]   --->   Operation 173 'br' 'br_ln12' <Predicate = (!icmp_ln828 & !icmp_ln844 & !and_ln75 & tmp_s & !icmp_ln828_5 & !icmp_ln836)> <Delay = 0.61>

State 50 <SV = 49> <Delay = 2.34>
ST_50 : Operation 174 [1/1] (0.00ns)   --->   "%expx = phi i32 %conv4_i, void, i32, void, i32 %x_2, void"   --->   Operation 174 'phi' 'expx' <Predicate = (!icmp_ln828 & !icmp_ln844 & !and_ln75 & tmp_s)> <Delay = 0.00>
ST_50 : Operation 175 [7/7] (2.34ns)   --->   "%add2 = fadd i32 %expx, i32" [/wrk/2019.sub/2019.2.1/continuous/2019_12_05_2729669/src/shared/hls/clib/hlsmath/include/FloatingPoint/hls_tanh.h:100]   --->   Operation 175 'fadd' 'add2' <Predicate = (!icmp_ln828 & !icmp_ln844 & !and_ln75 & tmp_s)> <Delay = 2.34> <Core = "FAddSub_fulldsp">   --->   Core 66 'FAddSub_fulldsp' <Latency = 6> <II = 1> <Delay = 2.34> <FuncUnit> <Opcode : 'fadd' 'fsub'> <InPorts = 2> <OutPorts = 1>

State 51 <SV = 50> <Delay = 2.34>
ST_51 : Operation 176 [6/7] (2.34ns)   --->   "%add2 = fadd i32 %expx, i32" [/wrk/2019.sub/2019.2.1/continuous/2019_12_05_2729669/src/shared/hls/clib/hlsmath/include/FloatingPoint/hls_tanh.h:100]   --->   Operation 176 'fadd' 'add2' <Predicate = (!icmp_ln828 & !icmp_ln844 & !and_ln75 & tmp_s)> <Delay = 2.34> <Core = "FAddSub_fulldsp">   --->   Core 66 'FAddSub_fulldsp' <Latency = 6> <II = 1> <Delay = 2.34> <FuncUnit> <Opcode : 'fadd' 'fsub'> <InPorts = 2> <OutPorts = 1>

State 52 <SV = 51> <Delay = 2.34>
ST_52 : Operation 177 [5/7] (2.34ns)   --->   "%add2 = fadd i32 %expx, i32" [/wrk/2019.sub/2019.2.1/continuous/2019_12_05_2729669/src/shared/hls/clib/hlsmath/include/FloatingPoint/hls_tanh.h:100]   --->   Operation 177 'fadd' 'add2' <Predicate = (!icmp_ln828 & !icmp_ln844 & !and_ln75 & tmp_s)> <Delay = 2.34> <Core = "FAddSub_fulldsp">   --->   Core 66 'FAddSub_fulldsp' <Latency = 6> <II = 1> <Delay = 2.34> <FuncUnit> <Opcode : 'fadd' 'fsub'> <InPorts = 2> <OutPorts = 1>

State 53 <SV = 52> <Delay = 2.34>
ST_53 : Operation 178 [4/7] (2.34ns)   --->   "%add2 = fadd i32 %expx, i32" [/wrk/2019.sub/2019.2.1/continuous/2019_12_05_2729669/src/shared/hls/clib/hlsmath/include/FloatingPoint/hls_tanh.h:100]   --->   Operation 178 'fadd' 'add2' <Predicate = (!icmp_ln828 & !icmp_ln844 & !and_ln75 & tmp_s)> <Delay = 2.34> <Core = "FAddSub_fulldsp">   --->   Core 66 'FAddSub_fulldsp' <Latency = 6> <II = 1> <Delay = 2.34> <FuncUnit> <Opcode : 'fadd' 'fsub'> <InPorts = 2> <OutPorts = 1>

State 54 <SV = 53> <Delay = 2.34>
ST_54 : Operation 179 [3/7] (2.34ns)   --->   "%add2 = fadd i32 %expx, i32" [/wrk/2019.sub/2019.2.1/continuous/2019_12_05_2729669/src/shared/hls/clib/hlsmath/include/FloatingPoint/hls_tanh.h:100]   --->   Operation 179 'fadd' 'add2' <Predicate = (!icmp_ln828 & !icmp_ln844 & !and_ln75 & tmp_s)> <Delay = 2.34> <Core = "FAddSub_fulldsp">   --->   Core 66 'FAddSub_fulldsp' <Latency = 6> <II = 1> <Delay = 2.34> <FuncUnit> <Opcode : 'fadd' 'fsub'> <InPorts = 2> <OutPorts = 1>

State 55 <SV = 54> <Delay = 2.34>
ST_55 : Operation 180 [2/7] (2.34ns)   --->   "%add2 = fadd i32 %expx, i32" [/wrk/2019.sub/2019.2.1/continuous/2019_12_05_2729669/src/shared/hls/clib/hlsmath/include/FloatingPoint/hls_tanh.h:100]   --->   Operation 180 'fadd' 'add2' <Predicate = (!icmp_ln828 & !icmp_ln844 & !and_ln75 & tmp_s)> <Delay = 2.34> <Core = "FAddSub_fulldsp">   --->   Core 66 'FAddSub_fulldsp' <Latency = 6> <II = 1> <Delay = 2.34> <FuncUnit> <Opcode : 'fadd' 'fsub'> <InPorts = 2> <OutPorts = 1>

State 56 <SV = 55> <Delay = 2.34>
ST_56 : Operation 181 [1/7] (2.34ns)   --->   "%add2 = fadd i32 %expx, i32" [/wrk/2019.sub/2019.2.1/continuous/2019_12_05_2729669/src/shared/hls/clib/hlsmath/include/FloatingPoint/hls_tanh.h:100]   --->   Operation 181 'fadd' 'add2' <Predicate = (!icmp_ln828 & !icmp_ln844 & !and_ln75 & tmp_s)> <Delay = 2.34> <Core = "FAddSub_fulldsp">   --->   Core 66 'FAddSub_fulldsp' <Latency = 6> <II = 1> <Delay = 2.34> <FuncUnit> <Opcode : 'fadd' 'fsub'> <InPorts = 2> <OutPorts = 1>
ST_56 : Operation 182 [1/1] (0.00ns)   --->   "%bitcast_ln95 = bitcast i32 %expx" [/wrk/2019.sub/2019.2.1/continuous/2019_12_05_2729669/src/shared/hls/clib/hlsmath/include/FloatingPoint/hls_tanh.h:95]   --->   Operation 182 'bitcast' 'bitcast_ln95' <Predicate = (!icmp_ln828 & !icmp_ln844 & !and_ln75 & tmp_s & icmp_ln844_1)> <Delay = 0.00>
ST_56 : Operation 183 [1/1] (0.21ns)   --->   "%xor_ln95 = xor i32 %bitcast_ln95, i32" [/wrk/2019.sub/2019.2.1/continuous/2019_12_05_2729669/src/shared/hls/clib/hlsmath/include/FloatingPoint/hls_tanh.h:95]   --->   Operation 183 'xor' 'xor_ln95' <Predicate = (!icmp_ln828 & !icmp_ln844 & !and_ln75 & tmp_s & icmp_ln844_1)> <Delay = 0.21> <Core = "LogicGate">   --->   Core 13 'LogicGate' <Latency = 0> <II = 1> <Delay = 0.21> <FuncUnit> <Opcode : 'and' 'or' 'xor'> <InPorts = 2> <OutPorts = 1>

State 57 <SV = 56> <Delay = 2.32>
ST_57 : Operation 184 [12/12] (2.32ns)   --->   "%div = fdiv i32, i32 %add2" [/wrk/2019.sub/2019.2.1/continuous/2019_12_05_2729669/src/shared/hls/clib/hlsmath/include/FloatingPoint/hls_tanh.h:100]   --->   Operation 184 'fdiv' 'div' <Predicate = (!icmp_ln828 & !icmp_ln844 & !and_ln75 & tmp_s & !icmp_ln844_1)> <Delay = 2.32> <Core = "FDiv">   --->   Core 68 'FDiv' <Latency = 11> <II = 1> <Delay = 2.32> <FuncUnit> <Opcode : 'fdiv' 'frem'> <InPorts = 2> <OutPorts = 1>
ST_57 : Operation 185 [1/1] (0.00ns)   --->   "%bitcast_ln95_1 = bitcast i32 %xor_ln95" [/wrk/2019.sub/2019.2.1/continuous/2019_12_05_2729669/src/shared/hls/clib/hlsmath/include/FloatingPoint/hls_tanh.h:95]   --->   Operation 185 'bitcast' 'bitcast_ln95_1' <Predicate = (!icmp_ln828 & !icmp_ln844 & !and_ln75 & tmp_s & icmp_ln844_1)> <Delay = 0.00>
ST_57 : Operation 186 [12/12] (2.32ns)   --->   "%resultf_1 = fdiv i32 %bitcast_ln95_1, i32 %add2" [/wrk/2019.sub/2019.2.1/continuous/2019_12_05_2729669/src/shared/hls/clib/hlsmath/include/FloatingPoint/hls_tanh.h:95]   --->   Operation 186 'fdiv' 'resultf_1' <Predicate = (!icmp_ln828 & !icmp_ln844 & !and_ln75 & tmp_s & icmp_ln844_1)> <Delay = 2.32> <Core = "FDiv">   --->   Core 68 'FDiv' <Latency = 11> <II = 1> <Delay = 2.32> <FuncUnit> <Opcode : 'fdiv' 'frem'> <InPorts = 2> <OutPorts = 1>

State 58 <SV = 57> <Delay = 2.32>
ST_58 : Operation 187 [11/12] (2.32ns)   --->   "%div = fdiv i32, i32 %add2" [/wrk/2019.sub/2019.2.1/continuous/2019_12_05_2729669/src/shared/hls/clib/hlsmath/include/FloatingPoint/hls_tanh.h:100]   --->   Operation 187 'fdiv' 'div' <Predicate = (!icmp_ln828 & !icmp_ln844 & !and_ln75 & tmp_s & !icmp_ln844_1)> <Delay = 2.32> <Core = "FDiv">   --->   Core 68 'FDiv' <Latency = 11> <II = 1> <Delay = 2.32> <FuncUnit> <Opcode : 'fdiv' 'frem'> <InPorts = 2> <OutPorts = 1>
ST_58 : Operation 188 [11/12] (2.32ns)   --->   "%resultf_1 = fdiv i32 %bitcast_ln95_1, i32 %add2" [/wrk/2019.sub/2019.2.1/continuous/2019_12_05_2729669/src/shared/hls/clib/hlsmath/include/FloatingPoint/hls_tanh.h:95]   --->   Operation 188 'fdiv' 'resultf_1' <Predicate = (!icmp_ln828 & !icmp_ln844 & !and_ln75 & tmp_s & icmp_ln844_1)> <Delay = 2.32> <Core = "FDiv">   --->   Core 68 'FDiv' <Latency = 11> <II = 1> <Delay = 2.32> <FuncUnit> <Opcode : 'fdiv' 'frem'> <InPorts = 2> <OutPorts = 1>

State 59 <SV = 58> <Delay = 2.32>
ST_59 : Operation 189 [10/12] (2.32ns)   --->   "%div = fdiv i32, i32 %add2" [/wrk/2019.sub/2019.2.1/continuous/2019_12_05_2729669/src/shared/hls/clib/hlsmath/include/FloatingPoint/hls_tanh.h:100]   --->   Operation 189 'fdiv' 'div' <Predicate = (!icmp_ln828 & !icmp_ln844 & !and_ln75 & tmp_s & !icmp_ln844_1)> <Delay = 2.32> <Core = "FDiv">   --->   Core 68 'FDiv' <Latency = 11> <II = 1> <Delay = 2.32> <FuncUnit> <Opcode : 'fdiv' 'frem'> <InPorts = 2> <OutPorts = 1>
ST_59 : Operation 190 [10/12] (2.32ns)   --->   "%resultf_1 = fdiv i32 %bitcast_ln95_1, i32 %add2" [/wrk/2019.sub/2019.2.1/continuous/2019_12_05_2729669/src/shared/hls/clib/hlsmath/include/FloatingPoint/hls_tanh.h:95]   --->   Operation 190 'fdiv' 'resultf_1' <Predicate = (!icmp_ln828 & !icmp_ln844 & !and_ln75 & tmp_s & icmp_ln844_1)> <Delay = 2.32> <Core = "FDiv">   --->   Core 68 'FDiv' <Latency = 11> <II = 1> <Delay = 2.32> <FuncUnit> <Opcode : 'fdiv' 'frem'> <InPorts = 2> <OutPorts = 1>

State 60 <SV = 59> <Delay = 2.32>
ST_60 : Operation 191 [9/12] (2.32ns)   --->   "%div = fdiv i32, i32 %add2" [/wrk/2019.sub/2019.2.1/continuous/2019_12_05_2729669/src/shared/hls/clib/hlsmath/include/FloatingPoint/hls_tanh.h:100]   --->   Operation 191 'fdiv' 'div' <Predicate = (!icmp_ln828 & !icmp_ln844 & !and_ln75 & tmp_s & !icmp_ln844_1)> <Delay = 2.32> <Core = "FDiv">   --->   Core 68 'FDiv' <Latency = 11> <II = 1> <Delay = 2.32> <FuncUnit> <Opcode : 'fdiv' 'frem'> <InPorts = 2> <OutPorts = 1>
ST_60 : Operation 192 [9/12] (2.32ns)   --->   "%resultf_1 = fdiv i32 %bitcast_ln95_1, i32 %add2" [/wrk/2019.sub/2019.2.1/continuous/2019_12_05_2729669/src/shared/hls/clib/hlsmath/include/FloatingPoint/hls_tanh.h:95]   --->   Operation 192 'fdiv' 'resultf_1' <Predicate = (!icmp_ln828 & !icmp_ln844 & !and_ln75 & tmp_s & icmp_ln844_1)> <Delay = 2.32> <Core = "FDiv">   --->   Core 68 'FDiv' <Latency = 11> <II = 1> <Delay = 2.32> <FuncUnit> <Opcode : 'fdiv' 'frem'> <InPorts = 2> <OutPorts = 1>

State 61 <SV = 60> <Delay = 2.32>
ST_61 : Operation 193 [8/12] (2.32ns)   --->   "%div = fdiv i32, i32 %add2" [/wrk/2019.sub/2019.2.1/continuous/2019_12_05_2729669/src/shared/hls/clib/hlsmath/include/FloatingPoint/hls_tanh.h:100]   --->   Operation 193 'fdiv' 'div' <Predicate = (!icmp_ln828 & !icmp_ln844 & !and_ln75 & tmp_s & !icmp_ln844_1)> <Delay = 2.32> <Core = "FDiv">   --->   Core 68 'FDiv' <Latency = 11> <II = 1> <Delay = 2.32> <FuncUnit> <Opcode : 'fdiv' 'frem'> <InPorts = 2> <OutPorts = 1>
ST_61 : Operation 194 [8/12] (2.32ns)   --->   "%resultf_1 = fdiv i32 %bitcast_ln95_1, i32 %add2" [/wrk/2019.sub/2019.2.1/continuous/2019_12_05_2729669/src/shared/hls/clib/hlsmath/include/FloatingPoint/hls_tanh.h:95]   --->   Operation 194 'fdiv' 'resultf_1' <Predicate = (!icmp_ln828 & !icmp_ln844 & !and_ln75 & tmp_s & icmp_ln844_1)> <Delay = 2.32> <Core = "FDiv">   --->   Core 68 'FDiv' <Latency = 11> <II = 1> <Delay = 2.32> <FuncUnit> <Opcode : 'fdiv' 'frem'> <InPorts = 2> <OutPorts = 1>

State 62 <SV = 61> <Delay = 2.32>
ST_62 : Operation 195 [7/12] (2.32ns)   --->   "%div = fdiv i32, i32 %add2" [/wrk/2019.sub/2019.2.1/continuous/2019_12_05_2729669/src/shared/hls/clib/hlsmath/include/FloatingPoint/hls_tanh.h:100]   --->   Operation 195 'fdiv' 'div' <Predicate = (!icmp_ln828 & !icmp_ln844 & !and_ln75 & tmp_s & !icmp_ln844_1)> <Delay = 2.32> <Core = "FDiv">   --->   Core 68 'FDiv' <Latency = 11> <II = 1> <Delay = 2.32> <FuncUnit> <Opcode : 'fdiv' 'frem'> <InPorts = 2> <OutPorts = 1>
ST_62 : Operation 196 [7/12] (2.32ns)   --->   "%resultf_1 = fdiv i32 %bitcast_ln95_1, i32 %add2" [/wrk/2019.sub/2019.2.1/continuous/2019_12_05_2729669/src/shared/hls/clib/hlsmath/include/FloatingPoint/hls_tanh.h:95]   --->   Operation 196 'fdiv' 'resultf_1' <Predicate = (!icmp_ln828 & !icmp_ln844 & !and_ln75 & tmp_s & icmp_ln844_1)> <Delay = 2.32> <Core = "FDiv">   --->   Core 68 'FDiv' <Latency = 11> <II = 1> <Delay = 2.32> <FuncUnit> <Opcode : 'fdiv' 'frem'> <InPorts = 2> <OutPorts = 1>

State 63 <SV = 62> <Delay = 2.32>
ST_63 : Operation 197 [6/12] (2.32ns)   --->   "%div = fdiv i32, i32 %add2" [/wrk/2019.sub/2019.2.1/continuous/2019_12_05_2729669/src/shared/hls/clib/hlsmath/include/FloatingPoint/hls_tanh.h:100]   --->   Operation 197 'fdiv' 'div' <Predicate = (!icmp_ln828 & !icmp_ln844 & !and_ln75 & tmp_s & !icmp_ln844_1)> <Delay = 2.32> <Core = "FDiv">   --->   Core 68 'FDiv' <Latency = 11> <II = 1> <Delay = 2.32> <FuncUnit> <Opcode : 'fdiv' 'frem'> <InPorts = 2> <OutPorts = 1>
ST_63 : Operation 198 [6/12] (2.32ns)   --->   "%resultf_1 = fdiv i32 %bitcast_ln95_1, i32 %add2" [/wrk/2019.sub/2019.2.1/continuous/2019_12_05_2729669/src/shared/hls/clib/hlsmath/include/FloatingPoint/hls_tanh.h:95]   --->   Operation 198 'fdiv' 'resultf_1' <Predicate = (!icmp_ln828 & !icmp_ln844 & !and_ln75 & tmp_s & icmp_ln844_1)> <Delay = 2.32> <Core = "FDiv">   --->   Core 68 'FDiv' <Latency = 11> <II = 1> <Delay = 2.32> <FuncUnit> <Opcode : 'fdiv' 'frem'> <InPorts = 2> <OutPorts = 1>

State 64 <SV = 63> <Delay = 2.32>
ST_64 : Operation 199 [5/12] (2.32ns)   --->   "%div = fdiv i32, i32 %add2" [/wrk/2019.sub/2019.2.1/continuous/2019_12_05_2729669/src/shared/hls/clib/hlsmath/include/FloatingPoint/hls_tanh.h:100]   --->   Operation 199 'fdiv' 'div' <Predicate = (!icmp_ln828 & !icmp_ln844 & !and_ln75 & tmp_s & !icmp_ln844_1)> <Delay = 2.32> <Core = "FDiv">   --->   Core 68 'FDiv' <Latency = 11> <II = 1> <Delay = 2.32> <FuncUnit> <Opcode : 'fdiv' 'frem'> <InPorts = 2> <OutPorts = 1>
ST_64 : Operation 200 [5/12] (2.32ns)   --->   "%resultf_1 = fdiv i32 %bitcast_ln95_1, i32 %add2" [/wrk/2019.sub/2019.2.1/continuous/2019_12_05_2729669/src/shared/hls/clib/hlsmath/include/FloatingPoint/hls_tanh.h:95]   --->   Operation 200 'fdiv' 'resultf_1' <Predicate = (!icmp_ln828 & !icmp_ln844 & !and_ln75 & tmp_s & icmp_ln844_1)> <Delay = 2.32> <Core = "FDiv">   --->   Core 68 'FDiv' <Latency = 11> <II = 1> <Delay = 2.32> <FuncUnit> <Opcode : 'fdiv' 'frem'> <InPorts = 2> <OutPorts = 1>

State 65 <SV = 64> <Delay = 2.32>
ST_65 : Operation 201 [4/12] (2.32ns)   --->   "%div = fdiv i32, i32 %add2" [/wrk/2019.sub/2019.2.1/continuous/2019_12_05_2729669/src/shared/hls/clib/hlsmath/include/FloatingPoint/hls_tanh.h:100]   --->   Operation 201 'fdiv' 'div' <Predicate = (!icmp_ln828 & !icmp_ln844 & !and_ln75 & tmp_s & !icmp_ln844_1)> <Delay = 2.32> <Core = "FDiv">   --->   Core 68 'FDiv' <Latency = 11> <II = 1> <Delay = 2.32> <FuncUnit> <Opcode : 'fdiv' 'frem'> <InPorts = 2> <OutPorts = 1>
ST_65 : Operation 202 [4/12] (2.32ns)   --->   "%resultf_1 = fdiv i32 %bitcast_ln95_1, i32 %add2" [/wrk/2019.sub/2019.2.1/continuous/2019_12_05_2729669/src/shared/hls/clib/hlsmath/include/FloatingPoint/hls_tanh.h:95]   --->   Operation 202 'fdiv' 'resultf_1' <Predicate = (!icmp_ln828 & !icmp_ln844 & !and_ln75 & tmp_s & icmp_ln844_1)> <Delay = 2.32> <Core = "FDiv">   --->   Core 68 'FDiv' <Latency = 11> <II = 1> <Delay = 2.32> <FuncUnit> <Opcode : 'fdiv' 'frem'> <InPorts = 2> <OutPorts = 1>

State 66 <SV = 65> <Delay = 2.32>
ST_66 : Operation 203 [3/12] (2.32ns)   --->   "%div = fdiv i32, i32 %add2" [/wrk/2019.sub/2019.2.1/continuous/2019_12_05_2729669/src/shared/hls/clib/hlsmath/include/FloatingPoint/hls_tanh.h:100]   --->   Operation 203 'fdiv' 'div' <Predicate = (!icmp_ln828 & !icmp_ln844 & !and_ln75 & tmp_s & !icmp_ln844_1)> <Delay = 2.32> <Core = "FDiv">   --->   Core 68 'FDiv' <Latency = 11> <II = 1> <Delay = 2.32> <FuncUnit> <Opcode : 'fdiv' 'frem'> <InPorts = 2> <OutPorts = 1>
ST_66 : Operation 204 [3/12] (2.32ns)   --->   "%resultf_1 = fdiv i32 %bitcast_ln95_1, i32 %add2" [/wrk/2019.sub/2019.2.1/continuous/2019_12_05_2729669/src/shared/hls/clib/hlsmath/include/FloatingPoint/hls_tanh.h:95]   --->   Operation 204 'fdiv' 'resultf_1' <Predicate = (!icmp_ln828 & !icmp_ln844 & !and_ln75 & tmp_s & icmp_ln844_1)> <Delay = 2.32> <Core = "FDiv">   --->   Core 68 'FDiv' <Latency = 11> <II = 1> <Delay = 2.32> <FuncUnit> <Opcode : 'fdiv' 'frem'> <InPorts = 2> <OutPorts = 1>

State 67 <SV = 66> <Delay = 2.32>
ST_67 : Operation 205 [2/12] (2.32ns)   --->   "%div = fdiv i32, i32 %add2" [/wrk/2019.sub/2019.2.1/continuous/2019_12_05_2729669/src/shared/hls/clib/hlsmath/include/FloatingPoint/hls_tanh.h:100]   --->   Operation 205 'fdiv' 'div' <Predicate = (!icmp_ln828 & !icmp_ln844 & !and_ln75 & tmp_s & !icmp_ln844_1)> <Delay = 2.32> <Core = "FDiv">   --->   Core 68 'FDiv' <Latency = 11> <II = 1> <Delay = 2.32> <FuncUnit> <Opcode : 'fdiv' 'frem'> <InPorts = 2> <OutPorts = 1>
ST_67 : Operation 206 [2/12] (2.32ns)   --->   "%resultf_1 = fdiv i32 %bitcast_ln95_1, i32 %add2" [/wrk/2019.sub/2019.2.1/continuous/2019_12_05_2729669/src/shared/hls/clib/hlsmath/include/FloatingPoint/hls_tanh.h:95]   --->   Operation 206 'fdiv' 'resultf_1' <Predicate = (!icmp_ln828 & !icmp_ln844 & !and_ln75 & tmp_s & icmp_ln844_1)> <Delay = 2.32> <Core = "FDiv">   --->   Core 68 'FDiv' <Latency = 11> <II = 1> <Delay = 2.32> <FuncUnit> <Opcode : 'fdiv' 'frem'> <InPorts = 2> <OutPorts = 1>

State 68 <SV = 67> <Delay = 2.32>
ST_68 : Operation 207 [1/12] (2.32ns)   --->   "%div = fdiv i32, i32 %add2" [/wrk/2019.sub/2019.2.1/continuous/2019_12_05_2729669/src/shared/hls/clib/hlsmath/include/FloatingPoint/hls_tanh.h:100]   --->   Operation 207 'fdiv' 'div' <Predicate = (!icmp_ln828 & !icmp_ln844 & !and_ln75 & tmp_s & !icmp_ln844_1)> <Delay = 2.32> <Core = "FDiv">   --->   Core 68 'FDiv' <Latency = 11> <II = 1> <Delay = 2.32> <FuncUnit> <Opcode : 'fdiv' 'frem'> <InPorts = 2> <OutPorts = 1>
ST_68 : Operation 208 [1/12] (2.32ns)   --->   "%resultf_1 = fdiv i32 %bitcast_ln95_1, i32 %add2" [/wrk/2019.sub/2019.2.1/continuous/2019_12_05_2729669/src/shared/hls/clib/hlsmath/include/FloatingPoint/hls_tanh.h:95]   --->   Operation 208 'fdiv' 'resultf_1' <Predicate = (!icmp_ln828 & !icmp_ln844 & !and_ln75 & tmp_s & icmp_ln844_1)> <Delay = 2.32> <Core = "FDiv">   --->   Core 68 'FDiv' <Latency = 11> <II = 1> <Delay = 2.32> <FuncUnit> <Opcode : 'fdiv' 'frem'> <InPorts = 2> <OutPorts = 1>

State 69 <SV = 68> <Delay = 2.34>
ST_69 : Operation 209 [7/7] (2.34ns)   --->   "%resultf_2 = fsub i32, i32 %div" [/wrk/2019.sub/2019.2.1/continuous/2019_12_05_2729669/src/shared/hls/clib/hlsmath/include/FloatingPoint/hls_tanh.h:100]   --->   Operation 209 'fsub' 'resultf_2' <Predicate = (!icmp_ln828 & !icmp_ln844 & !and_ln75 & tmp_s & !icmp_ln844_1)> <Delay = 2.34> <Core = "FAddSub_fulldsp">   --->   Core 66 'FAddSub_fulldsp' <Latency = 6> <II = 1> <Delay = 2.34> <FuncUnit> <Opcode : 'fadd' 'fsub'> <InPorts = 2> <OutPorts = 1>

State 70 <SV = 69> <Delay = 2.34>
ST_70 : Operation 210 [6/7] (2.34ns)   --->   "%resultf_2 = fsub i32, i32 %div" [/wrk/2019.sub/2019.2.1/continuous/2019_12_05_2729669/src/shared/hls/clib/hlsmath/include/FloatingPoint/hls_tanh.h:100]   --->   Operation 210 'fsub' 'resultf_2' <Predicate = (!icmp_ln828 & !icmp_ln844 & !and_ln75 & tmp_s & !icmp_ln844_1)> <Delay = 2.34> <Core = "FAddSub_fulldsp">   --->   Core 66 'FAddSub_fulldsp' <Latency = 6> <II = 1> <Delay = 2.34> <FuncUnit> <Opcode : 'fadd' 'fsub'> <InPorts = 2> <OutPorts = 1>

State 71 <SV = 70> <Delay = 2.34>
ST_71 : Operation 211 [5/7] (2.34ns)   --->   "%resultf_2 = fsub i32, i32 %div" [/wrk/2019.sub/2019.2.1/continuous/2019_12_05_2729669/src/shared/hls/clib/hlsmath/include/FloatingPoint/hls_tanh.h:100]   --->   Operation 211 'fsub' 'resultf_2' <Predicate = (!icmp_ln828 & !icmp_ln844 & !and_ln75 & tmp_s & !icmp_ln844_1)> <Delay = 2.34> <Core = "FAddSub_fulldsp">   --->   Core 66 'FAddSub_fulldsp' <Latency = 6> <II = 1> <Delay = 2.34> <FuncUnit> <Opcode : 'fadd' 'fsub'> <InPorts = 2> <OutPorts = 1>

State 72 <SV = 71> <Delay = 2.34>
ST_72 : Operation 212 [4/7] (2.34ns)   --->   "%resultf_2 = fsub i32, i32 %div" [/wrk/2019.sub/2019.2.1/continuous/2019_12_05_2729669/src/shared/hls/clib/hlsmath/include/FloatingPoint/hls_tanh.h:100]   --->   Operation 212 'fsub' 'resultf_2' <Predicate = (!icmp_ln828 & !icmp_ln844 & !and_ln75 & tmp_s & !icmp_ln844_1)> <Delay = 2.34> <Core = "FAddSub_fulldsp">   --->   Core 66 'FAddSub_fulldsp' <Latency = 6> <II = 1> <Delay = 2.34> <FuncUnit> <Opcode : 'fadd' 'fsub'> <InPorts = 2> <OutPorts = 1>

State 73 <SV = 72> <Delay = 2.34>
ST_73 : Operation 213 [3/7] (2.34ns)   --->   "%resultf_2 = fsub i32, i32 %div" [/wrk/2019.sub/2019.2.1/continuous/2019_12_05_2729669/src/shared/hls/clib/hlsmath/include/FloatingPoint/hls_tanh.h:100]   --->   Operation 213 'fsub' 'resultf_2' <Predicate = (!icmp_ln828 & !icmp_ln844 & !and_ln75 & tmp_s & !icmp_ln844_1)> <Delay = 2.34> <Core = "FAddSub_fulldsp">   --->   Core 66 'FAddSub_fulldsp' <Latency = 6> <II = 1> <Delay = 2.34> <FuncUnit> <Opcode : 'fadd' 'fsub'> <InPorts = 2> <OutPorts = 1>

State 74 <SV = 73> <Delay = 2.34>
ST_74 : Operation 214 [2/7] (2.34ns)   --->   "%resultf_2 = fsub i32, i32 %div" [/wrk/2019.sub/2019.2.1/continuous/2019_12_05_2729669/src/shared/hls/clib/hlsmath/include/FloatingPoint/hls_tanh.h:100]   --->   Operation 214 'fsub' 'resultf_2' <Predicate = (!icmp_ln828 & !icmp_ln844 & !and_ln75 & tmp_s & !icmp_ln844_1)> <Delay = 2.34> <Core = "FAddSub_fulldsp">   --->   Core 66 'FAddSub_fulldsp' <Latency = 6> <II = 1> <Delay = 2.34> <FuncUnit> <Opcode : 'fadd' 'fsub'> <InPorts = 2> <OutPorts = 1>

State 75 <SV = 74> <Delay = 2.34>
ST_75 : Operation 215 [1/7] (2.34ns)   --->   "%resultf_2 = fsub i32, i32 %div" [/wrk/2019.sub/2019.2.1/continuous/2019_12_05_2729669/src/shared/hls/clib/hlsmath/include/FloatingPoint/hls_tanh.h:100]   --->   Operation 215 'fsub' 'resultf_2' <Predicate = (!icmp_ln828 & !icmp_ln844 & !and_ln75 & tmp_s & !icmp_ln844_1)> <Delay = 2.34> <Core = "FAddSub_fulldsp">   --->   Core 66 'FAddSub_fulldsp' <Latency = 6> <II = 1> <Delay = 2.34> <FuncUnit> <Opcode : 'fadd' 'fsub'> <InPorts = 2> <OutPorts = 1>
ST_75 : Operation 216 [1/1] (0.64ns)   --->   "%br_ln96 = br void %._crit_edge2" [/wrk/2019.sub/2019.2.1/continuous/2019_12_05_2729669/src/shared/hls/clib/hlsmath/include/FloatingPoint/hls_tanh.h:96]   --->   Operation 216 'br' 'br_ln96' <Predicate = (!icmp_ln828 & !icmp_ln844 & !and_ln75 & tmp_s & icmp_ln844_1)> <Delay = 0.64>
ST_75 : Operation 217 [1/1] (0.64ns)   --->   "%br_ln79 = br void %._crit_edge2" [/wrk/2019.sub/2019.2.1/continuous/2019_12_05_2729669/src/shared/hls/clib/hlsmath/include/FloatingPoint/hls_tanh.h:79]   --->   Operation 217 'br' 'br_ln79' <Predicate = (!icmp_ln828 & and_ln75) | (!icmp_ln828 & icmp_ln844)> <Delay = 0.64>
ST_75 : Operation 218 [1/1] (0.22ns)   --->   "%select_ln67 = select i1 %icmp_ln832, i32, i32" [/wrk/2019.sub/2019.2.1/continuous/2019_12_05_2729669/src/shared/hls/clib/hlsmath/include/FloatingPoint/hls_tanh.h:67]   --->   Operation 218 'select' 'select_ln67' <Predicate = (icmp_ln828)> <Delay = 0.22> <Core = "Sel">   --->   Core 12 'Sel' <Latency = 0> <II = 1> <Delay = 0.22> <FuncUnit> <Opcode : 'select'> <InPorts = 3> <OutPorts = 1>
ST_75 : Operation 219 [1/1] (0.64ns)   --->   "%br_ln67 = br void %._crit_edge2" [/wrk/2019.sub/2019.2.1/continuous/2019_12_05_2729669/src/shared/hls/clib/hlsmath/include/FloatingPoint/hls_tanh.h:67]   --->   Operation 219 'br' 'br_ln67' <Predicate = (icmp_ln828)> <Delay = 0.64>

State 76 <SV = 75> <Delay = 0.87>
ST_76 : Operation 220 [1/1] (0.64ns)   --->   "%br_ln0 = br void %._crit_edge2"   --->   Operation 220 'br' 'br_ln0' <Predicate = (!icmp_ln828 & !icmp_ln844 & !and_ln75 & tmp_s & !icmp_ln844_1)> <Delay = 0.64>
ST_76 : Operation 221 [1/1] (0.00ns)   --->   "%resultf_3 = phi i32 %resultf, void %._crit_edge, i32 %resultf_1, void, i32 %resultf_2, void, i32 %select_ln67, void, i32, void"   --->   Operation 221 'phi' 'resultf_3' <Predicate = true> <Delay = 0.00>
ST_76 : Operation 222 [1/1] (0.00ns) (grouped into LUT with out node select_ln108)   --->   "%bitcast_ln112 = bitcast i32 %resultf_3" [/wrk/2019.sub/2019.2.1/continuous/2019_12_05_2729669/src/shared/hls/clib/hlsmath/include/FloatingPoint/hls_tanh.h:112]   --->   Operation 222 'bitcast' 'bitcast_ln112' <Predicate = (p_Result_s)> <Delay = 0.00>
ST_76 : Operation 223 [1/1] (0.00ns) (grouped into LUT with out node select_ln108)   --->   "%xor_ln112 = xor i32 %bitcast_ln112, i32" [/wrk/2019.sub/2019.2.1/continuous/2019_12_05_2729669/src/shared/hls/clib/hlsmath/include/FloatingPoint/hls_tanh.h:112]   --->   Operation 223 'xor' 'xor_ln112' <Predicate = (p_Result_s)> <Delay = 0.00> <Core = "LogicGate">   --->   Core 13 'LogicGate' <Latency = 0> <II = 1> <Delay = 0.21> <FuncUnit> <Opcode : 'and' 'or' 'xor'> <InPorts = 2> <OutPorts = 1>
ST_76 : Operation 224 [1/1] (0.00ns) (grouped into LUT with out node select_ln108)   --->   "%bitcast_ln112_1 = bitcast i32 %xor_ln112" [/wrk/2019.sub/2019.2.1/continuous/2019_12_05_2729669/src/shared/hls/clib/hlsmath/include/FloatingPoint/hls_tanh.h:112]   --->   Operation 224 'bitcast' 'bitcast_ln112_1' <Predicate = (p_Result_s)> <Delay = 0.00>
ST_76 : Operation 225 [1/1] (0.22ns) (out node of the LUT)   --->   "%select_ln108 = select i1 %p_Result_s, i32 %bitcast_ln112_1, i32 %resultf_3" [/wrk/2019.sub/2019.2.1/continuous/2019_12_05_2729669/src/shared/hls/clib/hlsmath/include/FloatingPoint/hls_tanh.h:108]   --->   Operation 225 'select' 'select_ln108' <Predicate = true> <Delay = 0.22> <Core = "Sel">   --->   Core 12 'Sel' <Latency = 0> <II = 1> <Delay = 0.22> <FuncUnit> <Opcode : 'select'> <InPorts = 3> <OutPorts = 1>
ST_76 : Operation 226 [1/1] (0.00ns)   --->   "%ret_ln114 = ret i32 %select_ln108" [/wrk/2019.sub/2019.2.1/continuous/2019_12_05_2729669/src/shared/hls/clib/hlsmath/include/FloatingPoint/hls_tanh.h:114]   --->   Operation 226 'ret' 'ret_ln114' <Predicate = true> <Delay = 0.00>


============================================================
+ Verbose Summary: Timing violations
============================================================
Target clock period: 3.33ns, clock uncertainty: 0.9ns.

 <State 1>: 2.34ns
The critical path consists of the following:
	wire read on port 't_in' (/wrk/2019.sub/2019.2.1/continuous/2019_12_05_2729669/src/shared/hls/clib/hlsmath/include/FloatingPoint/hls_tanh.h:57) [8]  (0 ns)
	'fadd' operation ('add', /wrk/2019.sub/2019.2.1/continuous/2019_12_05_2729669/src/shared/hls/clib/hlsmath/include/FloatingPoint/hls_tanh.h:78) [64]  (2.34 ns)

 <State 2>: 2.34ns
The critical path consists of the following:
	'fsub' operation ('x', /wrk/2019.sub/2019.2.1/continuous/2019_12_05_2729669/src/shared/hls/clib/hlsmath/include/FloatingPoint/hls_tanh.h:84) [33]  (2.34 ns)

 <State 3>: 2.34ns
The critical path consists of the following:
	'fsub' operation ('x', /wrk/2019.sub/2019.2.1/continuous/2019_12_05_2729669/src/shared/hls/clib/hlsmath/include/FloatingPoint/hls_tanh.h:84) [33]  (2.34 ns)

 <State 4>: 2.34ns
The critical path consists of the following:
	'fsub' operation ('x', /wrk/2019.sub/2019.2.1/continuous/2019_12_05_2729669/src/shared/hls/clib/hlsmath/include/FloatingPoint/hls_tanh.h:84) [33]  (2.34 ns)

 <State 5>: 2.34ns
The critical path consists of the following:
	'fsub' operation ('x', /wrk/2019.sub/2019.2.1/continuous/2019_12_05_2729669/src/shared/hls/clib/hlsmath/include/FloatingPoint/hls_tanh.h:84) [33]  (2.34 ns)

 <State 6>: 2.34ns
The critical path consists of the following:
	'fsub' operation ('x', /wrk/2019.sub/2019.2.1/continuous/2019_12_05_2729669/src/shared/hls/clib/hlsmath/include/FloatingPoint/hls_tanh.h:84) [33]  (2.34 ns)

 <State 7>: 2.34ns
The critical path consists of the following:
	'fsub' operation ('x', /wrk/2019.sub/2019.2.1/continuous/2019_12_05_2729669/src/shared/hls/clib/hlsmath/include/FloatingPoint/hls_tanh.h:84) [33]  (2.34 ns)

 <State 8>: 2.34ns
The critical path consists of the following:
	'fsub' operation ('x', /wrk/2019.sub/2019.2.1/continuous/2019_12_05_2729669/src/shared/hls/clib/hlsmath/include/FloatingPoint/hls_tanh.h:84) [33]  (2.34 ns)

 <State 9>: 2.32ns
The critical path consists of the following:
	'fmul' operation ('resultf', /wrk/2019.sub/2019.2.1/continuous/2019_12_05_2729669/src/shared/hls/clib/hlsmath/include/FloatingPoint/hls_tanh.h:78) [65]  (2.32 ns)

 <State 10>: 2.32ns
The critical path consists of the following:
	'fmul' operation ('resultf', /wrk/2019.sub/2019.2.1/continuous/2019_12_05_2729669/src/shared/hls/clib/hlsmath/include/FloatingPoint/hls_tanh.h:78) [65]  (2.32 ns)

 <State 11>: 2.32ns
The critical path consists of the following:
	'fmul' operation ('resultf', /wrk/2019.sub/2019.2.1/continuous/2019_12_05_2729669/src/shared/hls/clib/hlsmath/include/FloatingPoint/hls_tanh.h:78) [65]  (2.32 ns)

 <State 12>: 2.43ns
The critical path consists of the following:
	'call' operation ('call3_i', /wrk/2019.sub/2019.2.1/continuous/2019_12_05_2729669/src/shared/hls/clib/hlsmath/src/common/hls_exp_float.cpp:12) to 'exp_generic<double>' [45]  (2.43 ns)

 <State 13>: 2.43ns
The critical path consists of the following:
	'call' operation ('call3_i', /wrk/2019.sub/2019.2.1/continuous/2019_12_05_2729669/src/shared/hls/clib/hlsmath/src/common/hls_exp_float.cpp:12) to 'exp_generic<double>' [45]  (2.43 ns)

 <State 14>: 2.43ns
The critical path consists of the following:
	'call' operation ('call3_i', /wrk/2019.sub/2019.2.1/continuous/2019_12_05_2729669/src/shared/hls/clib/hlsmath/src/common/hls_exp_float.cpp:12) to 'exp_generic<double>' [45]  (2.43 ns)

 <State 15>: 2.43ns
The critical path consists of the following:
	'call' operation ('call3_i', /wrk/2019.sub/2019.2.1/continuous/2019_12_05_2729669/src/shared/hls/clib/hlsmath/src/common/hls_exp_float.cpp:12) to 'exp_generic<double>' [45]  (2.43 ns)

 <State 16>: 2.43ns
The critical path consists of the following:
	'call' operation ('call3_i', /wrk/2019.sub/2019.2.1/continuous/2019_12_05_2729669/src/shared/hls/clib/hlsmath/src/common/hls_exp_float.cpp:12) to 'exp_generic<double>' [45]  (2.43 ns)

 <State 17>: 2.43ns
The critical path consists of the following:
	'call' operation ('call3_i', /wrk/2019.sub/2019.2.1/continuous/2019_12_05_2729669/src/shared/hls/clib/hlsmath/src/common/hls_exp_float.cpp:12) to 'exp_generic<double>' [45]  (2.43 ns)

 <State 18>: 2.43ns
The critical path consists of the following:
	'call' operation ('call3_i', /wrk/2019.sub/2019.2.1/continuous/2019_12_05_2729669/src/shared/hls/clib/hlsmath/src/common/hls_exp_float.cpp:12) to 'exp_generic<double>' [45]  (2.43 ns)

 <State 19>: 2.43ns
The critical path consists of the following:
	'call' operation ('call3_i', /wrk/2019.sub/2019.2.1/continuous/2019_12_05_2729669/src/shared/hls/clib/hlsmath/src/common/hls_exp_float.cpp:12) to 'exp_generic<double>' [45]  (2.43 ns)

 <State 20>: 2.43ns
The critical path consists of the following:
	'call' operation ('call3_i', /wrk/2019.sub/2019.2.1/continuous/2019_12_05_2729669/src/shared/hls/clib/hlsmath/src/common/hls_exp_float.cpp:12) to 'exp_generic<double>' [45]  (2.43 ns)

 <State 21>: 2.43ns
The critical path consists of the following:
	'call' operation ('call3_i', /wrk/2019.sub/2019.2.1/continuous/2019_12_05_2729669/src/shared/hls/clib/hlsmath/src/common/hls_exp_float.cpp:12) to 'exp_generic<double>' [45]  (2.43 ns)

 <State 22>: 2.43ns
The critical path consists of the following:
	'call' operation ('call3_i', /wrk/2019.sub/2019.2.1/continuous/2019_12_05_2729669/src/shared/hls/clib/hlsmath/src/common/hls_exp_float.cpp:12) to 'exp_generic<double>' [45]  (2.43 ns)

 <State 23>: 2.43ns
The critical path consists of the following:
	'call' operation ('call3_i', /wrk/2019.sub/2019.2.1/continuous/2019_12_05_2729669/src/shared/hls/clib/hlsmath/src/common/hls_exp_float.cpp:12) to 'exp_generic<double>' [45]  (2.43 ns)

 <State 24>: 2.43ns
The critical path consists of the following:
	'call' operation ('call3_i', /wrk/2019.sub/2019.2.1/continuous/2019_12_05_2729669/src/shared/hls/clib/hlsmath/src/common/hls_exp_float.cpp:12) to 'exp_generic<double>' [45]  (2.43 ns)

 <State 25>: 2.43ns
The critical path consists of the following:
	'call' operation ('call3_i', /wrk/2019.sub/2019.2.1/continuous/2019_12_05_2729669/src/shared/hls/clib/hlsmath/src/common/hls_exp_float.cpp:12) to 'exp_generic<double>' [45]  (2.43 ns)

 <State 26>: 2.43ns
The critical path consists of the following:
	'call' operation ('call3_i', /wrk/2019.sub/2019.2.1/continuous/2019_12_05_2729669/src/shared/hls/clib/hlsmath/src/common/hls_exp_float.cpp:12) to 'exp_generic<double>' [45]  (2.43 ns)

 <State 27>: 2.43ns
The critical path consists of the following:
	'call' operation ('call3_i', /wrk/2019.sub/2019.2.1/continuous/2019_12_05_2729669/src/shared/hls/clib/hlsmath/src/common/hls_exp_float.cpp:12) to 'exp_generic<double>' [45]  (2.43 ns)

 <State 28>: 2.43ns
The critical path consists of the following:
	'call' operation ('call3_i', /wrk/2019.sub/2019.2.1/continuous/2019_12_05_2729669/src/shared/hls/clib/hlsmath/src/common/hls_exp_float.cpp:12) to 'exp_generic<double>' [45]  (2.43 ns)

 <State 29>: 2.43ns
The critical path consists of the following:
	'call' operation ('call3_i', /wrk/2019.sub/2019.2.1/continuous/2019_12_05_2729669/src/shared/hls/clib/hlsmath/src/common/hls_exp_float.cpp:12) to 'exp_generic<double>' [45]  (2.43 ns)

 <State 30>: 2.43ns
The critical path consists of the following:
	'call' operation ('call3_i', /wrk/2019.sub/2019.2.1/continuous/2019_12_05_2729669/src/shared/hls/clib/hlsmath/src/common/hls_exp_float.cpp:12) to 'exp_generic<double>' [45]  (2.43 ns)

 <State 31>: 2.43ns
The critical path consists of the following:
	'call' operation ('call3_i', /wrk/2019.sub/2019.2.1/continuous/2019_12_05_2729669/src/shared/hls/clib/hlsmath/src/common/hls_exp_float.cpp:12) to 'exp_generic<double>' [45]  (2.43 ns)

 <State 32>: 2.43ns
The critical path consists of the following:
	'call' operation ('call3_i', /wrk/2019.sub/2019.2.1/continuous/2019_12_05_2729669/src/shared/hls/clib/hlsmath/src/common/hls_exp_float.cpp:12) to 'exp_generic<double>' [45]  (2.43 ns)

 <State 33>: 2.43ns
The critical path consists of the following:
	'call' operation ('call3_i', /wrk/2019.sub/2019.2.1/continuous/2019_12_05_2729669/src/shared/hls/clib/hlsmath/src/common/hls_exp_float.cpp:12) to 'exp_generic<double>' [45]  (2.43 ns)

 <State 34>: 2.43ns
The critical path consists of the following:
	'call' operation ('call3_i', /wrk/2019.sub/2019.2.1/continuous/2019_12_05_2729669/src/shared/hls/clib/hlsmath/src/common/hls_exp_float.cpp:12) to 'exp_generic<double>' [45]  (2.43 ns)

 <State 35>: 2.43ns
The critical path consists of the following:
	'call' operation ('call3_i', /wrk/2019.sub/2019.2.1/continuous/2019_12_05_2729669/src/shared/hls/clib/hlsmath/src/common/hls_exp_float.cpp:12) to 'exp_generic<double>' [45]  (2.43 ns)

 <State 36>: 2.43ns
The critical path consists of the following:
	'call' operation ('call3_i', /wrk/2019.sub/2019.2.1/continuous/2019_12_05_2729669/src/shared/hls/clib/hlsmath/src/common/hls_exp_float.cpp:12) to 'exp_generic<double>' [45]  (2.43 ns)

 <State 37>: 2.43ns
The critical path consists of the following:
	'call' operation ('call3_i', /wrk/2019.sub/2019.2.1/continuous/2019_12_05_2729669/src/shared/hls/clib/hlsmath/src/common/hls_exp_float.cpp:12) to 'exp_generic<double>' [45]  (2.43 ns)

 <State 38>: 2.43ns
The critical path consists of the following:
	'call' operation ('call3_i', /wrk/2019.sub/2019.2.1/continuous/2019_12_05_2729669/src/shared/hls/clib/hlsmath/src/common/hls_exp_float.cpp:12) to 'exp_generic<double>' [45]  (2.43 ns)

 <State 39>: 1.91ns
The critical path consists of the following:
	'dadd' operation ('sub_i', /wrk/2019.sub/2019.2.1/continuous/2019_12_05_2729669/src/shared/hls/clib/hlsmath/src/common/hls_exp_float.cpp:12) [46]  (1.91 ns)

 <State 40>: 1.91ns
The critical path consists of the following:
	'dadd' operation ('sub_i', /wrk/2019.sub/2019.2.1/continuous/2019_12_05_2729669/src/shared/hls/clib/hlsmath/src/common/hls_exp_float.cpp:12) [46]  (1.91 ns)

 <State 41>: 1.91ns
The critical path consists of the following:
	'dadd' operation ('sub_i', /wrk/2019.sub/2019.2.1/continuous/2019_12_05_2729669/src/shared/hls/clib/hlsmath/src/common/hls_exp_float.cpp:12) [46]  (1.91 ns)

 <State 42>: 1.91ns
The critical path consists of the following:
	'dadd' operation ('sub_i', /wrk/2019.sub/2019.2.1/continuous/2019_12_05_2729669/src/shared/hls/clib/hlsmath/src/common/hls_exp_float.cpp:12) [46]  (1.91 ns)

 <State 43>: 1.91ns
The critical path consists of the following:
	'dadd' operation ('sub_i', /wrk/2019.sub/2019.2.1/continuous/2019_12_05_2729669/src/shared/hls/clib/hlsmath/src/common/hls_exp_float.cpp:12) [46]  (1.91 ns)

 <State 44>: 1.91ns
The critical path consists of the following:
	'dadd' operation ('sub_i', /wrk/2019.sub/2019.2.1/continuous/2019_12_05_2729669/src/shared/hls/clib/hlsmath/src/common/hls_exp_float.cpp:12) [46]  (1.91 ns)

 <State 45>: 1.91ns
The critical path consists of the following:
	'dadd' operation ('sub_i', /wrk/2019.sub/2019.2.1/continuous/2019_12_05_2729669/src/shared/hls/clib/hlsmath/src/common/hls_exp_float.cpp:12) [46]  (1.91 ns)

 <State 46>: 1.91ns
The critical path consists of the following:
	'dadd' operation ('sub_i', /wrk/2019.sub/2019.2.1/continuous/2019_12_05_2729669/src/shared/hls/clib/hlsmath/src/common/hls_exp_float.cpp:12) [46]  (1.91 ns)

 <State 47>: 1.82ns
The critical path consists of the following:
	'fptrunc' operation ('conv4_i', /wrk/2019.sub/2019.2.1/continuous/2019_12_05_2729669/src/shared/hls/clib/hlsmath/src/common/hls_exp_float.cpp:12) [47]  (1.82 ns)

 <State 48>: 1.82ns
The critical path consists of the following:
	'fptrunc' operation ('conv4_i', /wrk/2019.sub/2019.2.1/continuous/2019_12_05_2729669/src/shared/hls/clib/hlsmath/src/common/hls_exp_float.cpp:12) [47]  (1.82 ns)

 <State 49>: 0.617ns
The critical path consists of the following:
	multiplexor before 'phi' operation ('x') with incoming values : ('x', /wrk/2019.sub/2019.2.1/continuous/2019_12_05_2729669/src/shared/hls/clib/hlsmath/include/FloatingPoint/hls_tanh.h:83) ('conv4_i', /wrk/2019.sub/2019.2.1/continuous/2019_12_05_2729669/src/shared/hls/clib/hlsmath/src/common/hls_exp_float.cpp:12) [50]  (0.617 ns)

 <State 50>: 2.34ns
The critical path consists of the following:
	'phi' operation ('x') with incoming values : ('x', /wrk/2019.sub/2019.2.1/continuous/2019_12_05_2729669/src/shared/hls/clib/hlsmath/include/FloatingPoint/hls_tanh.h:83) ('conv4_i', /wrk/2019.sub/2019.2.1/continuous/2019_12_05_2729669/src/shared/hls/clib/hlsmath/src/common/hls_exp_float.cpp:12) [50]  (0 ns)
	'fadd' operation ('add2', /wrk/2019.sub/2019.2.1/continuous/2019_12_05_2729669/src/shared/hls/clib/hlsmath/include/FloatingPoint/hls_tanh.h:100) [51]  (2.34 ns)

 <State 51>: 2.34ns
The critical path consists of the following:
	'fadd' operation ('add2', /wrk/2019.sub/2019.2.1/continuous/2019_12_05_2729669/src/shared/hls/clib/hlsmath/include/FloatingPoint/hls_tanh.h:100) [51]  (2.34 ns)

 <State 52>: 2.34ns
The critical path consists of the following:
	'fadd' operation ('add2', /wrk/2019.sub/2019.2.1/continuous/2019_12_05_2729669/src/shared/hls/clib/hlsmath/include/FloatingPoint/hls_tanh.h:100) [51]  (2.34 ns)

 <State 53>: 2.34ns
The critical path consists of the following:
	'fadd' operation ('add2', /wrk/2019.sub/2019.2.1/continuous/2019_12_05_2729669/src/shared/hls/clib/hlsmath/include/FloatingPoint/hls_tanh.h:100) [51]  (2.34 ns)

 <State 54>: 2.34ns
The critical path consists of the following:
	'fadd' operation ('add2', /wrk/2019.sub/2019.2.1/continuous/2019_12_05_2729669/src/shared/hls/clib/hlsmath/include/FloatingPoint/hls_tanh.h:100) [51]  (2.34 ns)

 <State 55>: 2.34ns
The critical path consists of the following:
	'fadd' operation ('add2', /wrk/2019.sub/2019.2.1/continuous/2019_12_05_2729669/src/shared/hls/clib/hlsmath/include/FloatingPoint/hls_tanh.h:100) [51]  (2.34 ns)

 <State 56>: 2.34ns
The critical path consists of the following:
	'fadd' operation ('add2', /wrk/2019.sub/2019.2.1/continuous/2019_12_05_2729669/src/shared/hls/clib/hlsmath/include/FloatingPoint/hls_tanh.h:100) [51]  (2.34 ns)

 <State 57>: 2.33ns
The critical path consists of the following:
	'fdiv' operation ('div', /wrk/2019.sub/2019.2.1/continuous/2019_12_05_2729669/src/shared/hls/clib/hlsmath/include/FloatingPoint/hls_tanh.h:100) [54]  (2.33 ns)

 <State 58>: 2.33ns
The critical path consists of the following:
	'fdiv' operation ('div', /wrk/2019.sub/2019.2.1/continuous/2019_12_05_2729669/src/shared/hls/clib/hlsmath/include/FloatingPoint/hls_tanh.h:100) [54]  (2.33 ns)

 <State 59>: 2.33ns
The critical path consists of the following:
	'fdiv' operation ('div', /wrk/2019.sub/2019.2.1/continuous/2019_12_05_2729669/src/shared/hls/clib/hlsmath/include/FloatingPoint/hls_tanh.h:100) [54]  (2.33 ns)

 <State 60>: 2.33ns
The critical path consists of the following:
	'fdiv' operation ('div', /wrk/2019.sub/2019.2.1/continuous/2019_12_05_2729669/src/shared/hls/clib/hlsmath/include/FloatingPoint/hls_tanh.h:100) [54]  (2.33 ns)

 <State 61>: 2.33ns
The critical path consists of the following:
	'fdiv' operation ('div', /wrk/2019.sub/2019.2.1/continuous/2019_12_05_2729669/src/shared/hls/clib/hlsmath/include/FloatingPoint/hls_tanh.h:100) [54]  (2.33 ns)

 <State 62>: 2.33ns
The critical path consists of the following:
	'fdiv' operation ('div', /wrk/2019.sub/2019.2.1/continuous/2019_12_05_2729669/src/shared/hls/clib/hlsmath/include/FloatingPoint/hls_tanh.h:100) [54]  (2.33 ns)

 <State 63>: 2.33ns
The critical path consists of the following:
	'fdiv' operation ('div', /wrk/2019.sub/2019.2.1/continuous/2019_12_05_2729669/src/shared/hls/clib/hlsmath/include/FloatingPoint/hls_tanh.h:100) [54]  (2.33 ns)

 <State 64>: 2.33ns
The critical path consists of the following:
	'fdiv' operation ('div', /wrk/2019.sub/2019.2.1/continuous/2019_12_05_2729669/src/shared/hls/clib/hlsmath/include/FloatingPoint/hls_tanh.h:100) [54]  (2.33 ns)

 <State 65>: 2.33ns
The critical path consists of the following:
	'fdiv' operation ('div', /wrk/2019.sub/2019.2.1/continuous/2019_12_05_2729669/src/shared/hls/clib/hlsmath/include/FloatingPoint/hls_tanh.h:100) [54]  (2.33 ns)

 <State 66>: 2.33ns
The critical path consists of the following:
	'fdiv' operation ('div', /wrk/2019.sub/2019.2.1/continuous/2019_12_05_2729669/src/shared/hls/clib/hlsmath/include/FloatingPoint/hls_tanh.h:100) [54]  (2.33 ns)

 <State 67>: 2.33ns
The critical path consists of the following:
	'fdiv' operation ('div', /wrk/2019.sub/2019.2.1/continuous/2019_12_05_2729669/src/shared/hls/clib/hlsmath/include/FloatingPoint/hls_tanh.h:100) [54]  (2.33 ns)

 <State 68>: 2.33ns
The critical path consists of the following:
	'fdiv' operation ('div', /wrk/2019.sub/2019.2.1/continuous/2019_12_05_2729669/src/shared/hls/clib/hlsmath/include/FloatingPoint/hls_tanh.h:100) [54]  (2.33 ns)

 <State 69>: 2.34ns
The critical path consists of the following:
	'fsub' operation ('resultf', /wrk/2019.sub/2019.2.1/continuous/2019_12_05_2729669/src/shared/hls/clib/hlsmath/include/FloatingPoint/hls_tanh.h:100) [55]  (2.34 ns)

 <State 70>: 2.34ns
The critical path consists of the following:
	'fsub' operation ('resultf', /wrk/2019.sub/2019.2.1/continuous/2019_12_05_2729669/src/shared/hls/clib/hlsmath/include/FloatingPoint/hls_tanh.h:100) [55]  (2.34 ns)

 <State 71>: 2.34ns
The critical path consists of the following:
	'fsub' operation ('resultf', /wrk/2019.sub/2019.2.1/continuous/2019_12_05_2729669/src/shared/hls/clib/hlsmath/include/FloatingPoint/hls_tanh.h:100) [55]  (2.34 ns)

 <State 72>: 2.34ns
The critical path consists of the following:
	'fsub' operation ('resultf', /wrk/2019.sub/2019.2.1/continuous/2019_12_05_2729669/src/shared/hls/clib/hlsmath/include/FloatingPoint/hls_tanh.h:100) [55]  (2.34 ns)

 <State 73>: 2.34ns
The critical path consists of the following:
	'fsub' operation ('resultf', /wrk/2019.sub/2019.2.1/continuous/2019_12_05_2729669/src/shared/hls/clib/hlsmath/include/FloatingPoint/hls_tanh.h:100) [55]  (2.34 ns)

 <State 74>: 2.34ns
The critical path consists of the following:
	'fsub' operation ('resultf', /wrk/2019.sub/2019.2.1/continuous/2019_12_05_2729669/src/shared/hls/clib/hlsmath/include/FloatingPoint/hls_tanh.h:100) [55]  (2.34 ns)

 <State 75>: 2.34ns
The critical path consists of the following:
	'fsub' operation ('resultf', /wrk/2019.sub/2019.2.1/continuous/2019_12_05_2729669/src/shared/hls/clib/hlsmath/include/FloatingPoint/hls_tanh.h:100) [55]  (2.34 ns)

 <State 76>: 0.873ns
The critical path consists of the following:
	multiplexor before 'phi' operation ('resultf') with incoming values : ('resultf', /wrk/2019.sub/2019.2.1/continuous/2019_12_05_2729669/src/shared/hls/clib/hlsmath/include/FloatingPoint/hls_tanh.h:100) ('resultf', /wrk/2019.sub/2019.2.1/continuous/2019_12_05_2729669/src/shared/hls/clib/hlsmath/include/FloatingPoint/hls_tanh.h:95) ('resultf', /wrk/2019.sub/2019.2.1/continuous/2019_12_05_2729669/src/shared/hls/clib/hlsmath/include/FloatingPoint/hls_tanh.h:78) ('select_ln67', /wrk/2019.sub/2019.2.1/continuous/2019_12_05_2729669/src/shared/hls/clib/hlsmath/include/FloatingPoint/hls_tanh.h:67) [72]  (0.646 ns)
	'phi' operation ('resultf') with incoming values : ('resultf', /wrk/2019.sub/2019.2.1/continuous/2019_12_05_2729669/src/shared/hls/clib/hlsmath/include/FloatingPoint/hls_tanh.h:100) ('resultf', /wrk/2019.sub/2019.2.1/continuous/2019_12_05_2729669/src/shared/hls/clib/hlsmath/include/FloatingPoint/hls_tanh.h:95) ('resultf', /wrk/2019.sub/2019.2.1/continuous/2019_12_05_2729669/src/shared/hls/clib/hlsmath/include/FloatingPoint/hls_tanh.h:78) ('select_ln67', /wrk/2019.sub/2019.2.1/continuous/2019_12_05_2729669/src/shared/hls/clib/hlsmath/include/FloatingPoint/hls_tanh.h:67) [72]  (0 ns)
	'select' operation ('select_ln108', /wrk/2019.sub/2019.2.1/continuous/2019_12_05_2729669/src/shared/hls/clib/hlsmath/include/FloatingPoint/hls_tanh.h:108) [76]  (0.227 ns)


============================================================
+ Verbose Summary: Binding
============================================================
N/A
* FSMD analyzer results:
  - Output states:
 - Input state : 
  - Chain level:
	State 1
	State 2
	State 3
	State 4
	State 5
	State 6
	State 7
	State 8
	State 9
	State 10
	State 11
	State 12
	State 13
	State 14
	State 15
	State 16
	State 17
	State 18
	State 19
	State 20
	State 21
	State 22
	State 23
	State 24
	State 25
	State 26
	State 27
	State 28
	State 29
	State 30
	State 31
	State 32
	State 33
	State 34
	State 35
	State 36
	State 37
	State 38
	State 39
	State 40
	State 41
	State 42
	State 43
	State 44
	State 45
	State 46
	State 47
	State 48
	State 49
	State 50
	State 51
	State 52
	State 53
	State 54
	State 55
	State 56
	State 57
	State 58
	State 59
	State 60
	State 61
	State 62
	State 63
	State 64
	State 65
	State 66
	State 67
	State 68
	State 69
	State 70
	State 71
	State 72
	State 73
	State 74
	State 75
	State 76


============================================================
+ Verbose Summary: Datapath Resource usage 
============================================================
N/A
