

================================================================
== Vitis HLS Report for 'Linear_layer_ds2'
================================================================
* Date:           Tue Sep  5 22:45:34 2023

* Version:        2019.2.1 (Build 2729669 on Thu Dec 05 05:13:00 MST 2019)
* Project:        out.prj
* Solution:       solution1
* Product family: virtexuplus
* Target device:  xcu280-fsvh2892-2L-e


================================================================
== Performance Estimates
================================================================
+ Timing: 
    * Summary: 
    +--------+---------+----------+------------+
    |  Clock |  Target | Estimated| Uncertainty|
    +--------+---------+----------+------------+
    |ap_clk  | 3.33 ns | 2.929 ns |   0.90 ns  |
    +--------+---------+----------+------------+

+ Latency: 
    * Summary: 
    +---------+---------+----------+----------+---------+---------+---------+
    |  Latency (cycles) |  Latency (absolute) |      Interval     | Pipeline|
    |   min   |   max   |    min   |    max   |   min   |   max   |   Type  |
    +---------+---------+----------+----------+---------+---------+---------+
    |  1189060|  1189060| 3.963 ms | 3.963 ms |  1189060|  1189060|   none  |
    +---------+---------+----------+----------+---------+---------+---------+

    + Detail: 
        * Instance: 
        N/A

        * Loop: 
        +--------------------+---------+---------+----------+-----------+-----------+------+----------+
        |                    |  Latency (cycles) | Iteration|  Initiation Interval  | Trip |          |
        |      Loop Name     |   min   |   max   |  Latency |  achieved |   target  | Count| Pipelined|
        +--------------------+---------+---------+----------+-----------+-----------+------+----------+
        |- l_bias_i14_l_j11  |     9216|     9216|         2|          1|          1|  9216|    yes   |
        +--------------------+---------+---------+----------+-----------+-----------+------+----------+

============================================================
+ Verbose Summary: Synthesis Manager
============================================================
InlineROM: 1
ExposeGlobal: 0
============================================================
+ Verbose Summary: CDFG Model
============================================================
IsTopModel: 0
ResetActiveHigh: 1
IsCombinational: 0
IsDatapathOnly: 0
HasWiredReturn: 1
HasMFsm: 0
HasVarLatency: 1
IsPipeline: 0
IsRtlPipelined: 0
IsInstanceOverlapped: 0
IsDontTouch: 0
HasImplIP: 0
IsGatedGlobalClock: 0

+ Individual pipeline summary: 
  * Pipeline-0: initiation interval (II) = 1, depth = 2


============================================================
+ Verbose Summary: Schedule
============================================================
* Number of FSM states : 5
* Pipeline : 1
  Pipeline-0 : II = 1, D = 2, States = { 2 3 }
* Dataflow Pipeline: 0

* FSM state transitions: 
1 --> 2 
2 --> 4 3 
3 --> 2 
4 --> 5 
5 --> 

* FSM state operations: 

State 1 <SV = 0> <Delay = 0.60>
ST_1 : Operation 6 [1/1] (0.00ns)   --->   "%specinterface_ln0 = specinterface void @_ssdm_op_SpecInterface, i24, void @ap_fifo_str, i32, i32, void @p_str, i32, i32, void @p_str, void @p_str, void @p_str, i32, i32, i32, i32, void @p_str, void @p_str"   --->   Operation 6 'specinterface' 'specinterface_ln0' <Predicate = true> <Delay = 0.00>
ST_1 : Operation 7 [1/1] (0.00ns)   --->   "%specinterface_ln0 = specinterface void @_ssdm_op_SpecInterface, i24, void @ap_fifo_str, i32, i32, void @p_str, i32, i32, void @p_str, void @p_str, void @p_str, i32, i32, i32, i32, void @p_str, void @p_str"   --->   Operation 7 'specinterface' 'specinterface_ln0' <Predicate = true> <Delay = 0.00>
ST_1 : Operation 8 [1/1] (0.00ns)   --->   "%specinterface_ln0 = specinterface void @_ssdm_op_SpecInterface, i24, void @ap_fifo_str, i32, i32, void @p_str, i32, i32, void @p_str, void @p_str, void @p_str, i32, i32, i32, i32, void @p_str, void @p_str"   --->   Operation 8 'specinterface' 'specinterface_ln0' <Predicate = true> <Delay = 0.00>
ST_1 : Operation 9 [1/1] (0.00ns)   --->   "%specinterface_ln0 = specinterface void @_ssdm_op_SpecInterface, i24, void @ap_fifo_str, i32, i32, void @p_str, i32, i32, void @p_str, void @p_str, void @p_str, i32, i32, i32, i32, void @p_str, void @p_str"   --->   Operation 9 'specinterface' 'specinterface_ln0' <Predicate = true> <Delay = 0.00>
ST_1 : Operation 10 [1/1] (0.00ns)   --->   "%specinterface_ln0 = specinterface void @_ssdm_op_SpecInterface, i24, void @ap_fifo_str, i32, i32, void @p_str, i32, i32, void @p_str, void @p_str, void @p_str, i32, i32, i32, i32, void @p_str, void @p_str"   --->   Operation 10 'specinterface' 'specinterface_ln0' <Predicate = true> <Delay = 0.00>
ST_1 : Operation 11 [1/1] (0.00ns)   --->   "%specinterface_ln0 = specinterface void @_ssdm_op_SpecInterface, i24, void @ap_fifo_str, i32, i32, void @p_str, i32, i32, void @p_str, void @p_str, void @p_str, i32, i32, i32, i32, void @p_str, void @p_str"   --->   Operation 11 'specinterface' 'specinterface_ln0' <Predicate = true> <Delay = 0.00>
ST_1 : Operation 12 [1/1] (0.00ns)   --->   "%specinterface_ln0 = specinterface void @_ssdm_op_SpecInterface, i24, void @ap_fifo_str, i32, i32, void @p_str, i32, i32, void @p_str, void @p_str, void @p_str, i32, i32, i32, i32, void @p_str, void @p_str"   --->   Operation 12 'specinterface' 'specinterface_ln0' <Predicate = true> <Delay = 0.00>
ST_1 : Operation 13 [1/1] (0.00ns)   --->   "%specinterface_ln0 = specinterface void @_ssdm_op_SpecInterface, i24, void @ap_fifo_str, i32, i32, void @p_str, i32, i32, void @p_str, void @p_str, void @p_str, i32, i32, i32, i32, void @p_str, void @p_str"   --->   Operation 13 'specinterface' 'specinterface_ln0' <Predicate = true> <Delay = 0.00>
ST_1 : Operation 14 [1/1] (0.00ns)   --->   "%specinterface_ln0 = specinterface void @_ssdm_op_SpecInterface, i24, void @ap_fifo_str, i32, i32, void @p_str, i32, i32, void @p_str, void @p_str, void @p_str, i32, i32, i32, i32, void @p_str, void @p_str"   --->   Operation 14 'specinterface' 'specinterface_ln0' <Predicate = true> <Delay = 0.00>
ST_1 : Operation 15 [1/1] (0.00ns)   --->   "%specinterface_ln0 = specinterface void @_ssdm_op_SpecInterface, i24, void @ap_fifo_str, i32, i32, void @p_str, i32, i32, void @p_str, void @p_str, void @p_str, i32, i32, i32, i32, void @p_str, void @p_str"   --->   Operation 15 'specinterface' 'specinterface_ln0' <Predicate = true> <Delay = 0.00>
ST_1 : Operation 16 [1/1] (0.00ns)   --->   "%specinterface_ln0 = specinterface void @_ssdm_op_SpecInterface, i24, void @ap_fifo_str, i32, i32, void @p_str, i32, i32, void @p_str, void @p_str, void @p_str, i32, i32, i32, i32, void @p_str, void @p_str"   --->   Operation 16 'specinterface' 'specinterface_ln0' <Predicate = true> <Delay = 0.00>
ST_1 : Operation 17 [1/1] (0.00ns)   --->   "%specinterface_ln0 = specinterface void @_ssdm_op_SpecInterface, i24, void @ap_fifo_str, i32, i32, void @p_str, i32, i32, void @p_str, void @p_str, void @p_str, i32, i32, i32, i32, void @p_str, void @p_str"   --->   Operation 17 'specinterface' 'specinterface_ln0' <Predicate = true> <Delay = 0.00>
ST_1 : Operation 18 [1/1] (0.00ns)   --->   "%specinterface_ln0 = specinterface void @_ssdm_op_SpecInterface, i24, void @ap_fifo_str, i32, i32, void @p_str, i32, i32, void @p_str, void @p_str, void @p_str, i32, i32, i32, i32, void @p_str, void @p_str"   --->   Operation 18 'specinterface' 'specinterface_ln0' <Predicate = true> <Delay = 0.00>
ST_1 : Operation 19 [1/1] (0.00ns)   --->   "%specinterface_ln0 = specinterface void @_ssdm_op_SpecInterface, i24, void @ap_fifo_str, i32, i32, void @p_str, i32, i32, void @p_str, void @p_str, void @p_str, i32, i32, i32, i32, void @p_str, void @p_str"   --->   Operation 19 'specinterface' 'specinterface_ln0' <Predicate = true> <Delay = 0.00>
ST_1 : Operation 20 [1/1] (0.00ns)   --->   "%specinterface_ln0 = specinterface void @_ssdm_op_SpecInterface, i24, void @ap_fifo_str, i32, i32, void @p_str, i32, i32, void @p_str, void @p_str, void @p_str, i32, i32, i32, i32, void @p_str, void @p_str"   --->   Operation 20 'specinterface' 'specinterface_ln0' <Predicate = true> <Delay = 0.00>
ST_1 : Operation 21 [1/1] (0.00ns)   --->   "%specinterface_ln0 = specinterface void @_ssdm_op_SpecInterface, i24, void @ap_fifo_str, i32, i32, void @p_str, i32, i32, void @p_str, void @p_str, void @p_str, i32, i32, i32, i32, void @p_str, void @p_str"   --->   Operation 21 'specinterface' 'specinterface_ln0' <Predicate = true> <Delay = 0.00>
ST_1 : Operation 22 [1/1] (0.00ns)   --->   "%specinterface_ln0 = specinterface void @_ssdm_op_SpecInterface, i24, void @ap_fifo_str, i32, i32, void @p_str, i32, i32, void @p_str, void @p_str, void @p_str, i32, i32, i32, i32, void @p_str, void @p_str"   --->   Operation 22 'specinterface' 'specinterface_ln0' <Predicate = true> <Delay = 0.00>
ST_1 : Operation 23 [1/1] (0.00ns)   --->   "%specinterface_ln0 = specinterface void @_ssdm_op_SpecInterface, i24, void @ap_fifo_str, i32, i32, void @p_str, i32, i32, void @p_str, void @p_str, void @p_str, i32, i32, i32, i32, void @p_str, void @p_str"   --->   Operation 23 'specinterface' 'specinterface_ln0' <Predicate = true> <Delay = 0.00>
ST_1 : Operation 24 [1/1] (0.00ns)   --->   "%specinterface_ln0 = specinterface void @_ssdm_op_SpecInterface, i24, void @ap_fifo_str, i32, i32, void @p_str, i32, i32, void @p_str, void @p_str, void @p_str, i32, i32, i32, i32, void @p_str, void @p_str"   --->   Operation 24 'specinterface' 'specinterface_ln0' <Predicate = true> <Delay = 0.00>
ST_1 : Operation 25 [1/1] (0.00ns)   --->   "%specinterface_ln0 = specinterface void @_ssdm_op_SpecInterface, i24, void @ap_fifo_str, i32, i32, void @p_str, i32, i32, void @p_str, void @p_str, void @p_str, i32, i32, i32, i32, void @p_str, void @p_str"   --->   Operation 25 'specinterface' 'specinterface_ln0' <Predicate = true> <Delay = 0.00>
ST_1 : Operation 26 [1/1] (0.00ns)   --->   "%specinterface_ln0 = specinterface void @_ssdm_op_SpecInterface, i24, void @ap_fifo_str, i32, i32, void @p_str, i32, i32, void @p_str, void @p_str, void @p_str, i32, i32, i32, i32, void @p_str, void @p_str"   --->   Operation 26 'specinterface' 'specinterface_ln0' <Predicate = true> <Delay = 0.00>
ST_1 : Operation 27 [1/1] (0.00ns)   --->   "%specinterface_ln0 = specinterface void @_ssdm_op_SpecInterface, i24, void @ap_fifo_str, i32, i32, void @p_str, i32, i32, void @p_str, void @p_str, void @p_str, i32, i32, i32, i32, void @p_str, void @p_str"   --->   Operation 27 'specinterface' 'specinterface_ln0' <Predicate = true> <Delay = 0.00>
ST_1 : Operation 28 [1/1] (0.00ns)   --->   "%specinterface_ln0 = specinterface void @_ssdm_op_SpecInterface, i24, void @ap_fifo_str, i32, i32, void @p_str, i32, i32, void @p_str, void @p_str, void @p_str, i32, i32, i32, i32, void @p_str, void @p_str"   --->   Operation 28 'specinterface' 'specinterface_ln0' <Predicate = true> <Delay = 0.00>
ST_1 : Operation 29 [1/1] (0.00ns)   --->   "%specinterface_ln0 = specinterface void @_ssdm_op_SpecInterface, i24, void @ap_fifo_str, i32, i32, void @p_str, i32, i32, void @p_str, void @p_str, void @p_str, i32, i32, i32, i32, void @p_str, void @p_str"   --->   Operation 29 'specinterface' 'specinterface_ln0' <Predicate = true> <Delay = 0.00>
ST_1 : Operation 30 [1/1] (0.00ns)   --->   "%specinterface_ln0 = specinterface void @_ssdm_op_SpecInterface, i24, void @ap_fifo_str, i32, i32, void @p_str, i32, i32, void @p_str, void @p_str, void @p_str, i32, i32, i32, i32, void @p_str, void @p_str"   --->   Operation 30 'specinterface' 'specinterface_ln0' <Predicate = true> <Delay = 0.00>
ST_1 : Operation 31 [1/1] (0.00ns)   --->   "%specinterface_ln0 = specinterface void @_ssdm_op_SpecInterface, i24, void @ap_fifo_str, i32, i32, void @p_str, i32, i32, void @p_str, void @p_str, void @p_str, i32, i32, i32, i32, void @p_str, void @p_str"   --->   Operation 31 'specinterface' 'specinterface_ln0' <Predicate = true> <Delay = 0.00>
ST_1 : Operation 32 [1/1] (0.00ns)   --->   "%specinterface_ln0 = specinterface void @_ssdm_op_SpecInterface, i24, void @ap_fifo_str, i32, i32, void @p_str, i32, i32, void @p_str, void @p_str, void @p_str, i32, i32, i32, i32, void @p_str, void @p_str"   --->   Operation 32 'specinterface' 'specinterface_ln0' <Predicate = true> <Delay = 0.00>
ST_1 : Operation 33 [1/1] (0.00ns)   --->   "%specinterface_ln0 = specinterface void @_ssdm_op_SpecInterface, i24, void @ap_fifo_str, i32, i32, void @p_str, i32, i32, void @p_str, void @p_str, void @p_str, i32, i32, i32, i32, void @p_str, void @p_str"   --->   Operation 33 'specinterface' 'specinterface_ln0' <Predicate = true> <Delay = 0.00>
ST_1 : Operation 34 [1/1] (0.00ns)   --->   "%specinterface_ln0 = specinterface void @_ssdm_op_SpecInterface, i24, void @ap_fifo_str, i32, i32, void @p_str, i32, i32, void @p_str, void @p_str, void @p_str, i32, i32, i32, i32, void @p_str, void @p_str"   --->   Operation 34 'specinterface' 'specinterface_ln0' <Predicate = true> <Delay = 0.00>
ST_1 : Operation 35 [1/1] (0.00ns)   --->   "%specinterface_ln0 = specinterface void @_ssdm_op_SpecInterface, i24, void @ap_fifo_str, i32, i32, void @p_str, i32, i32, void @p_str, void @p_str, void @p_str, i32, i32, i32, i32, void @p_str, void @p_str"   --->   Operation 35 'specinterface' 'specinterface_ln0' <Predicate = true> <Delay = 0.00>
ST_1 : Operation 36 [1/1] (0.00ns)   --->   "%specinterface_ln0 = specinterface void @_ssdm_op_SpecInterface, i24, void @ap_fifo_str, i32, i32, void @p_str, i32, i32, void @p_str, void @p_str, void @p_str, i32, i32, i32, i32, void @p_str, void @p_str"   --->   Operation 36 'specinterface' 'specinterface_ln0' <Predicate = true> <Delay = 0.00>
ST_1 : Operation 37 [1/1] (0.00ns)   --->   "%specinterface_ln0 = specinterface void @_ssdm_op_SpecInterface, i24, void @ap_fifo_str, i32, i32, void @p_str, i32, i32, void @p_str, void @p_str, void @p_str, i32, i32, i32, i32, void @p_str, void @p_str"   --->   Operation 37 'specinterface' 'specinterface_ln0' <Predicate = true> <Delay = 0.00>
ST_1 : Operation 38 [1/1] (0.00ns)   --->   "%specinterface_ln0 = specinterface void @_ssdm_op_SpecInterface, i24, void @ap_fifo_str, i32, i32, void @p_str, i32, i32, void @p_str, void @p_str, void @p_str, i32, i32, i32, i32, void @p_str, void @p_str"   --->   Operation 38 'specinterface' 'specinterface_ln0' <Predicate = true> <Delay = 0.00>
ST_1 : Operation 39 [1/1] (0.00ns)   --->   "%specinterface_ln0 = specinterface void @_ssdm_op_SpecInterface, i24, void @ap_fifo_str, i32, i32, void @p_str, i32, i32, void @p_str, void @p_str, void @p_str, i32, i32, i32, i32, void @p_str, void @p_str"   --->   Operation 39 'specinterface' 'specinterface_ln0' <Predicate = true> <Delay = 0.00>
ST_1 : Operation 40 [1/1] (0.00ns)   --->   "%specinterface_ln0 = specinterface void @_ssdm_op_SpecInterface, i24, void @ap_fifo_str, i32, i32, void @p_str, i32, i32, void @p_str, void @p_str, void @p_str, i32, i32, i32, i32, void @p_str, void @p_str"   --->   Operation 40 'specinterface' 'specinterface_ln0' <Predicate = true> <Delay = 0.00>
ST_1 : Operation 41 [1/1] (0.00ns)   --->   "%specinterface_ln0 = specinterface void @_ssdm_op_SpecInterface, i24, void @ap_fifo_str, i32, i32, void @p_str, i32, i32, void @p_str, void @p_str, void @p_str, i32, i32, i32, i32, void @p_str, void @p_str"   --->   Operation 41 'specinterface' 'specinterface_ln0' <Predicate = true> <Delay = 0.00>
ST_1 : Operation 42 [1/1] (0.60ns)   --->   "%br_ln0 = br void %.preheader2.i.i"   --->   Operation 42 'br' 'br_ln0' <Predicate = true> <Delay = 0.60>

State 2 <SV = 1> <Delay = 2.06>
ST_2 : Operation 43 [1/1] (0.00ns)   --->   "%indvar_flatten = phi i14, void %codeRepl, i14 %add_ln356_1, void %.preheader2.i.i.preheader" [kernel.cpp:356]   --->   Operation 43 'phi' 'indvar_flatten' <Predicate = true> <Delay = 0.00>
ST_2 : Operation 44 [1/1] (0.00ns)   --->   "%i14 = phi i4, void %codeRepl, i4 %select_ln356_1, void %.preheader2.i.i.preheader" [kernel.cpp:356]   --->   Operation 44 'phi' 'i14' <Predicate = true> <Delay = 0.00>
ST_2 : Operation 45 [1/1] (0.00ns)   --->   "%j11 = phi i10, void %codeRepl, i10 %add_ln357, void %.preheader2.i.i.preheader" [kernel.cpp:357]   --->   Operation 45 'phi' 'j11' <Predicate = true> <Delay = 0.00>
ST_2 : Operation 46 [1/1] (0.00ns)   --->   "%specpipeline_ln357 = specpipeline void @_ssdm_op_SpecPipeline, i32, i32, i32, i32, void @empty_20" [kernel.cpp:357]   --->   Operation 46 'specpipeline' 'specpipeline_ln357' <Predicate = true> <Delay = 0.00>
ST_2 : Operation 47 [1/1] (0.65ns)   --->   "%icmp_ln356 = icmp_eq  i14 %indvar_flatten, i14" [kernel.cpp:356]   --->   Operation 47 'icmp' 'icmp_ln356' <Predicate = true> <Delay = 0.65> <Core = "Cmp">   --->   Core 11 'Cmp' <Latency = 0> <II = 1> <Delay = 0.60> <FuncUnit> <Opcode : 'icmp'> <InPorts = 2> <OutPorts = 1>
ST_2 : Operation 48 [1/1] (0.55ns)   --->   "%add_ln356_1 = add i14 %indvar_flatten, i14" [kernel.cpp:356]   --->   Operation 48 'add' 'add_ln356_1' <Predicate = true> <Delay = 0.55> <Core = "Adder">   --->   Core 2 'Adder' <Latency = 0> <II = 1> <Delay = 0.54> <FuncUnit> <Opcode : 'add' 'sub'> <InPorts = 2> <OutPorts = 1>
ST_2 : Operation 49 [1/1] (0.00ns)   --->   "%br_ln356 = br i1 %icmp_ln356, void %.preheader2.i.i.preheader, void %codeRepl508" [kernel.cpp:356]   --->   Operation 49 'br' 'br_ln356' <Predicate = true> <Delay = 0.00>
ST_2 : Operation 50 [1/1] (0.33ns)   --->   "%add_ln356 = add i4 %i14, i4" [kernel.cpp:356]   --->   Operation 50 'add' 'add_ln356' <Predicate = (!icmp_ln356)> <Delay = 0.33> <Core = "Adder">   --->   Core 2 'Adder' <Latency = 0> <II = 1> <Delay = 0.54> <FuncUnit> <Opcode : 'add' 'sub'> <InPorts = 2> <OutPorts = 1>
ST_2 : Operation 51 [1/1] (0.60ns)   --->   "%icmp_ln357 = icmp_eq  i10 %j11, i10" [kernel.cpp:357]   --->   Operation 51 'icmp' 'icmp_ln357' <Predicate = (!icmp_ln356)> <Delay = 0.60> <Core = "Cmp">   --->   Core 11 'Cmp' <Latency = 0> <II = 1> <Delay = 0.60> <FuncUnit> <Opcode : 'icmp'> <InPorts = 2> <OutPorts = 1>
ST_2 : Operation 52 [1/1] (0.30ns)   --->   "%select_ln356 = select i1 %icmp_ln357, i10, i10 %j11" [kernel.cpp:356]   --->   Operation 52 'select' 'select_ln356' <Predicate = (!icmp_ln356)> <Delay = 0.30> <Core = "Sel">   --->   Core 12 'Sel' <Latency = 0> <II = 1> <Delay = 0.35> <FuncUnit> <Opcode : 'select'> <InPorts = 3> <OutPorts = 1>
ST_2 : Operation 53 [1/1] (0.35ns)   --->   "%select_ln356_1 = select i1 %icmp_ln357, i4 %add_ln356, i4 %i14" [kernel.cpp:356]   --->   Operation 53 'select' 'select_ln356_1' <Predicate = (!icmp_ln356)> <Delay = 0.35> <Core = "Sel">   --->   Core 12 'Sel' <Latency = 0> <II = 1> <Delay = 0.35> <FuncUnit> <Opcode : 'select'> <InPorts = 3> <OutPorts = 1>
ST_2 : Operation 54 [1/1] (0.00ns)   --->   "%zext_ln357 = zext i10 %select_ln356" [kernel.cpp:357]   --->   Operation 54 'zext' 'zext_ln357' <Predicate = (!icmp_ln356)> <Delay = 0.00>
ST_2 : Operation 55 [1/1] (0.00ns)   --->   "%v218_V_addr = getelementptr i24 %v218_V, i64, i64 %zext_ln357" [kernel.cpp:359]   --->   Operation 55 'getelementptr' 'v218_V_addr' <Predicate = (!icmp_ln356)> <Delay = 0.00>
ST_2 : Operation 56 [2/2] (1.15ns)   --->   "%v218_V_load = load i10 %v218_V_addr" [kernel.cpp:359]   --->   Operation 56 'load' 'v218_V_load' <Predicate = (!icmp_ln356)> <Delay = 1.15> <Core = "RAM">   --->   Core 23 'RAM' <Latency = 1> <II = 1> <Delay = 1.15> <Storage> <Opcode : 'load' 'store'> <Ports = 2> <Width = 24> <Depth = 9216> <RAM>
ST_2 : Operation 57 [1/1] (0.54ns)   --->   "%add_ln357 = add i10 %select_ln356, i10" [kernel.cpp:357]   --->   Operation 57 'add' 'add_ln357' <Predicate = (!icmp_ln356)> <Delay = 0.54> <Core = "Adder">   --->   Core 2 'Adder' <Latency = 0> <II = 1> <Delay = 0.54> <FuncUnit> <Opcode : 'add' 'sub'> <InPorts = 2> <OutPorts = 1>

State 3 <SV = 2> <Delay = 2.31>
ST_3 : Operation 58 [1/1] (0.00ns)   --->   "%specloopname_ln356 = specloopname void @_ssdm_op_SpecLoopName, void @l_bias_i14_l_j11_str" [kernel.cpp:356]   --->   Operation 58 'specloopname' 'specloopname_ln356' <Predicate = (!icmp_ln356)> <Delay = 0.00>
ST_3 : Operation 59 [1/1] (0.00ns)   --->   "%empty = speclooptripcount i32 @_ssdm_op_SpecLoopTripCount, i64, i64, i64"   --->   Operation 59 'speclooptripcount' 'empty' <Predicate = (!icmp_ln356)> <Delay = 0.00>
ST_3 : Operation 60 [1/1] (0.00ns)   --->   "%tmp = bitconcatenate i14 @_ssdm_op_BitConcatenate.i14.i4.i10, i4 %select_ln356_1, i10"   --->   Operation 60 'bitconcatenate' 'tmp' <Predicate = (!icmp_ln356)> <Delay = 0.00>
ST_3 : Operation 61 [1/1] (0.00ns)   --->   "%tmp_s = bitconcatenate i12 @_ssdm_op_BitConcatenate.i12.i4.i8, i4 %select_ln356_1, i8"   --->   Operation 61 'bitconcatenate' 'tmp_s' <Predicate = (!icmp_ln356)> <Delay = 0.00>
ST_3 : Operation 62 [1/1] (0.00ns)   --->   "%zext_ln158 = zext i12 %tmp_s"   --->   Operation 62 'zext' 'zext_ln158' <Predicate = (!icmp_ln356)> <Delay = 0.00>
ST_3 : Operation 63 [1/1] (0.00ns) (grouped into TernaryAdder)   --->   "%sub_ln158 = sub i14 %tmp, i14 %zext_ln158"   --->   Operation 63 'sub' 'sub_ln158' <Predicate = (!icmp_ln356)> <Delay = 0.00> <Core = "TAddSub">   --->   Core 4 'TAddSub' <Latency = 0> <II = 1> <Delay = 0.35> <IPBlock> <Opcode : 'add' 'sub'> <InPorts = 3> <OutPorts = 1> <Sync> <CReg>
ST_3 : Operation 64 [1/1] (0.00ns)   --->   "%specpipeline_ln357 = specpipeline void @_ssdm_op_SpecPipeline, i32, i32, i32, i32, void @empty_20" [kernel.cpp:357]   --->   Operation 64 'specpipeline' 'specpipeline_ln357' <Predicate = (!icmp_ln356)> <Delay = 0.00>
ST_3 : Operation 65 [1/1] (0.00ns)   --->   "%zext_ln158_7 = zext i10 %select_ln356"   --->   Operation 65 'zext' 'zext_ln158_7' <Predicate = (!icmp_ln356)> <Delay = 0.00>
ST_3 : Operation 66 [1/1] (0.71ns) (root node of TernaryAdder)   --->   "%add_ln158 = add i14 %zext_ln158_7, i14 %sub_ln158"   --->   Operation 66 'add' 'add_ln158' <Predicate = (!icmp_ln356)> <Delay = 0.71> <Core = "TAddSub">   --->   Core 4 'TAddSub' <Latency = 0> <II = 1> <Delay = 0.35> <IPBlock> <Opcode : 'add' 'sub'> <InPorts = 3> <OutPorts = 1> <Sync> <CReg>
ST_3 : Operation 67 [1/1] (0.00ns)   --->   "%zext_ln158_8 = zext i14 %add_ln158"   --->   Operation 67 'zext' 'zext_ln158_8' <Predicate = (!icmp_ln356)> <Delay = 0.00>
ST_3 : Operation 68 [1/1] (0.00ns)   --->   "%v219_V_addr = getelementptr i24 %v219_V, i64, i64 %zext_ln158_8"   --->   Operation 68 'getelementptr' 'v219_V_addr' <Predicate = (!icmp_ln356)> <Delay = 0.00>
ST_3 : Operation 69 [1/2] (1.15ns)   --->   "%v218_V_load = load i10 %v218_V_addr" [kernel.cpp:359]   --->   Operation 69 'load' 'v218_V_load' <Predicate = (!icmp_ln356)> <Delay = 1.15> <Core = "RAM">   --->   Core 23 'RAM' <Latency = 1> <II = 1> <Delay = 1.15> <Storage> <Opcode : 'load' 'store'> <Ports = 2> <Width = 24> <Depth = 9216> <RAM>
ST_3 : Operation 70 [1/1] (1.15ns)   --->   "%store_ln158 = store i24 %v218_V_load, i14 %v219_V_addr"   --->   Operation 70 'store' 'store_ln158' <Predicate = (!icmp_ln356)> <Delay = 1.15> <Core = "RAM">   --->   Core 23 'RAM' <Latency = 1> <II = 1> <Delay = 1.15> <Storage> <Opcode : 'load' 'store'> <Ports = 2> <Width = 24> <Depth = 9216> <RAM>
ST_3 : Operation 71 [1/1] (0.00ns)   --->   "%br_ln357 = br void %.preheader2.i.i" [kernel.cpp:357]   --->   Operation 71 'br' 'br_ln357' <Predicate = (!icmp_ln356)> <Delay = 0.00>

State 4 <SV = 2> <Delay = 0.00>
ST_4 : Operation 72 [2/2] (0.00ns)   --->   "%call_ln0 = call void @dataflow_parent_loop_proc491, i24 %v216_V, i24 %v217_V, i24 %v217_1_V, i24 %v217_2_V, i24 %v217_3_V, i24 %v217_4_V, i24 %v217_5_V, i24 %v217_6_V, i24 %v217_7_V, i24 %v217_8_V, i24 %v217_9_V, i24 %v217_10_V, i24 %v217_11_V, i24 %v219_V"   --->   Operation 72 'call' 'call_ln0' <Predicate = true> <Delay = 0.00> <CoreType = "Generic">   --->   Core 0 '' <Latency = 0> <II = 1> <Delay = 1.00> <Generic> <Opcode : >

State 5 <SV = 3> <Delay = 0.00>
ST_5 : Operation 73 [1/2] (0.00ns)   --->   "%call_ln0 = call void @dataflow_parent_loop_proc491, i24 %v216_V, i24 %v217_V, i24 %v217_1_V, i24 %v217_2_V, i24 %v217_3_V, i24 %v217_4_V, i24 %v217_5_V, i24 %v217_6_V, i24 %v217_7_V, i24 %v217_8_V, i24 %v217_9_V, i24 %v217_10_V, i24 %v217_11_V, i24 %v219_V"   --->   Operation 73 'call' 'call_ln0' <Predicate = true> <Delay = 0.00> <CoreType = "Generic">   --->   Core 0 '' <Latency = 0> <II = 1> <Delay = 1.00> <Generic> <Opcode : >
ST_5 : Operation 74 [1/1] (0.00ns)   --->   "%ret_ln366 = ret" [kernel.cpp:366]   --->   Operation 74 'ret' 'ret_ln366' <Predicate = true> <Delay = 0.00>


============================================================
+ Verbose Summary: Timing violations
============================================================
Target clock period: 3.33ns, clock uncertainty: 0.9ns.

 <State 1>: 0.603ns
The critical path consists of the following:
	multiplexor before 'phi' operation ('indvar_flatten', kernel.cpp:356) with incoming values : ('add_ln356_1', kernel.cpp:356) [54]  (0.603 ns)

 <State 2>: 2.07ns
The critical path consists of the following:
	'phi' operation ('j11', kernel.cpp:357) with incoming values : ('add_ln357', kernel.cpp:357) [56]  (0 ns)
	'icmp' operation ('icmp_ln357', kernel.cpp:357) [65]  (0.605 ns)
	'select' operation ('select_ln356', kernel.cpp:356) [66]  (0.303 ns)
	'getelementptr' operation ('v218_V_addr', kernel.cpp:359) [78]  (0 ns)
	'load' operation ('v218_V_load', kernel.cpp:359) on array 'v218_V' [79]  (1.16 ns)

 <State 3>: 2.32ns
The critical path consists of the following:
	'load' operation ('v218_V_load', kernel.cpp:359) on array 'v218_V' [79]  (1.16 ns)
	'store' operation ('store_ln158') of variable 'v218_V_load', kernel.cpp:359 on array 'v219_V' [80]  (1.16 ns)

 <State 4>: 0ns
The critical path consists of the following:

 <State 5>: 0ns
The critical path consists of the following:


============================================================
+ Verbose Summary: Binding
============================================================
N/A
* FSMD analyzer results:
  - Output states:
 - Input state : 
  - Chain level:
	State 1
	State 2
	State 3
	State 4
	State 5


============================================================
+ Verbose Summary: Datapath Resource usage 
============================================================
N/A
