

================================================================
== Vitis HLS Report for 'systolic_array_k_12_Loop_data_drain_C_proc327'
================================================================
* Date:           Tue Sep  5 22:42:51 2023

* Version:        2019.2.1 (Build 2729669 on Thu Dec 05 05:13:00 MST 2019)
* Project:        out.prj
* Solution:       solution1
* Product family: virtexuplus
* Target device:  xcu280-fsvh2892-2L-e


================================================================
== Performance Estimates
================================================================
+ Timing: 
    * Summary: 
    +--------+---------+----------+------------+
    |  Clock |  Target | Estimated| Uncertainty|
    +--------+---------+----------+------------+
    |ap_clk  | 3.33 ns | 1.217 ns |   0.90 ns  |
    +--------+---------+----------+------------+

+ Latency: 
    * Summary: 
    +---------+---------+-----------+-----------+-----+-----+---------+
    |  Latency (cycles) |   Latency (absolute)  |  Interval | Pipeline|
    |   min   |   max   |    min    |    max    | min | max |   Type  |
    +---------+---------+-----------+-----------+-----+-----+---------+
    |        6|        6| 19.998 ns | 19.998 ns |    6|    6|   none  |
    +---------+---------+-----------+-----------+-----+-----+---------+

    + Detail: 
        * Instance: 
        N/A

        * Loop: 
        +----------------+---------+---------+----------+-----------+-----------+------+----------+
        |                |  Latency (cycles) | Iteration|  Initiation Interval  | Trip |          |
        |    Loop Name   |   min   |   max   |  Latency |  achieved |   target  | Count| Pipelined|
        +----------------+---------+---------+----------+-----------+-----------+------+----------+
        |- data_drain_C  |        4|        4|         2|          1|          1|     4|    yes   |
        +----------------+---------+---------+----------+-----------+-----------+------+----------+

============================================================
+ Verbose Summary: Synthesis Manager
============================================================
InlineROM: 1
ExposeGlobal: 0
============================================================
+ Verbose Summary: CDFG Model
============================================================
IsTopModel: 0
ResetActiveHigh: 1
IsCombinational: 2
IsDatapathOnly: 0
HasWiredReturn: 1
HasMFsm: 0
HasVarLatency: 1
IsPipeline: 0
IsRtlPipelined: 0
IsInstanceOverlapped: 0
IsDontTouch: 0
HasImplIP: 0
IsGatedGlobalClock: 0

+ Individual pipeline summary: 
  * Pipeline-0: initiation interval (II) = 1, depth = 2


============================================================
+ Verbose Summary: Schedule
============================================================
* Number of FSM states : 4
* Pipeline : 1
  Pipeline-0 : II = 1, D = 2, States = { 2 3 }
* Dataflow Pipeline: 0

* FSM state transitions: 
1 --> 2 
2 --> 4 3 
3 --> 2 
4 --> 

* FSM state operations: 

State 1 <SV = 0> <Delay = 1.21>
ST_1 : Operation 5 [1/1] (0.00ns)   --->   "%specinterface_ln0 = specinterface void @_ssdm_op_SpecInterface, i24 %C_drainer_V_V, void @ap_fifo_str, i32, i32, void @p_str, i32, i32, void @p_str, void @p_str, void @p_str, i32, i32, i32, i32, void @p_str, void @p_str"   --->   Operation 5 'specinterface' 'specinterface_ln0' <Predicate = true> <Delay = 0.00>
ST_1 : Operation 6 [1/1] (0.00ns)   --->   "%specinterface_ln0 = specinterface void @_ssdm_op_SpecInterface, i24 %C_drainer_1_V_V, void @ap_fifo_str, i32, i32, void @p_str, i32, i32, void @p_str, void @p_str, void @p_str, i32, i32, i32, i32, void @p_str, void @p_str"   --->   Operation 6 'specinterface' 'specinterface_ln0' <Predicate = true> <Delay = 0.00>
ST_1 : Operation 7 [1/1] (0.00ns)   --->   "%specinterface_ln0 = specinterface void @_ssdm_op_SpecInterface, i24 %C_drainer_2_V_V, void @ap_fifo_str, i32, i32, void @p_str, i32, i32, void @p_str, void @p_str, void @p_str, i32, i32, i32, i32, void @p_str, void @p_str"   --->   Operation 7 'specinterface' 'specinterface_ln0' <Predicate = true> <Delay = 0.00>
ST_1 : Operation 8 [1/1] (0.00ns)   --->   "%specinterface_ln0 = specinterface void @_ssdm_op_SpecInterface, i24 %C_drainer_3_V_V, void @ap_fifo_str, i32, i32, void @p_str, i32, i32, void @p_str, void @p_str, void @p_str, i32, i32, i32, i32, void @p_str, void @p_str"   --->   Operation 8 'specinterface' 'specinterface_ln0' <Predicate = true> <Delay = 0.00>
ST_1 : Operation 9 [1/1] (0.00ns)   --->   "%specinterface_ln0 = specinterface void @_ssdm_op_SpecInterface, i24 %C_3_3_V, void @ap_fifo_str, i32, i32, void @p_str, i32, i32, void @p_str, void @p_str, void @p_str, i32, i32, i32, i32, void @p_str, void @ScalarProp_str"   --->   Operation 9 'specinterface' 'specinterface_ln0' <Predicate = true> <Delay = 0.00>
ST_1 : Operation 10 [1/1] (0.00ns)   --->   "%specinterface_ln0 = specinterface void @_ssdm_op_SpecInterface, i24 %C_3_2_V, void @ap_fifo_str, i32, i32, void @p_str, i32, i32, void @p_str, void @p_str, void @p_str, i32, i32, i32, i32, void @p_str, void @ScalarProp_str"   --->   Operation 10 'specinterface' 'specinterface_ln0' <Predicate = true> <Delay = 0.00>
ST_1 : Operation 11 [1/1] (0.00ns)   --->   "%specinterface_ln0 = specinterface void @_ssdm_op_SpecInterface, i24 %C_3_1_V, void @ap_fifo_str, i32, i32, void @p_str, i32, i32, void @p_str, void @p_str, void @p_str, i32, i32, i32, i32, void @p_str, void @ScalarProp_str"   --->   Operation 11 'specinterface' 'specinterface_ln0' <Predicate = true> <Delay = 0.00>
ST_1 : Operation 12 [1/1] (0.00ns)   --->   "%specinterface_ln0 = specinterface void @_ssdm_op_SpecInterface, i24 %C_3_0_V, void @ap_fifo_str, i32, i32, void @p_str, i32, i32, void @p_str, void @p_str, void @p_str, i32, i32, i32, i32, void @p_str, void @ScalarProp_str"   --->   Operation 12 'specinterface' 'specinterface_ln0' <Predicate = true> <Delay = 0.00>
ST_1 : Operation 13 [1/1] (0.00ns)   --->   "%specinterface_ln0 = specinterface void @_ssdm_op_SpecInterface, i24 %C_2_3_V, void @ap_fifo_str, i32, i32, void @p_str, i32, i32, void @p_str, void @p_str, void @p_str, i32, i32, i32, i32, void @p_str, void @ScalarProp_str"   --->   Operation 13 'specinterface' 'specinterface_ln0' <Predicate = true> <Delay = 0.00>
ST_1 : Operation 14 [1/1] (0.00ns)   --->   "%specinterface_ln0 = specinterface void @_ssdm_op_SpecInterface, i24 %C_2_2_V, void @ap_fifo_str, i32, i32, void @p_str, i32, i32, void @p_str, void @p_str, void @p_str, i32, i32, i32, i32, void @p_str, void @ScalarProp_str"   --->   Operation 14 'specinterface' 'specinterface_ln0' <Predicate = true> <Delay = 0.00>
ST_1 : Operation 15 [1/1] (0.00ns)   --->   "%specinterface_ln0 = specinterface void @_ssdm_op_SpecInterface, i24 %C_2_1_V, void @ap_fifo_str, i32, i32, void @p_str, i32, i32, void @p_str, void @p_str, void @p_str, i32, i32, i32, i32, void @p_str, void @ScalarProp_str"   --->   Operation 15 'specinterface' 'specinterface_ln0' <Predicate = true> <Delay = 0.00>
ST_1 : Operation 16 [1/1] (0.00ns)   --->   "%specinterface_ln0 = specinterface void @_ssdm_op_SpecInterface, i24 %C_2_0_V, void @ap_fifo_str, i32, i32, void @p_str, i32, i32, void @p_str, void @p_str, void @p_str, i32, i32, i32, i32, void @p_str, void @ScalarProp_str"   --->   Operation 16 'specinterface' 'specinterface_ln0' <Predicate = true> <Delay = 0.00>
ST_1 : Operation 17 [1/1] (0.00ns)   --->   "%specinterface_ln0 = specinterface void @_ssdm_op_SpecInterface, i24 %C_1_3_V, void @ap_fifo_str, i32, i32, void @p_str, i32, i32, void @p_str, void @p_str, void @p_str, i32, i32, i32, i32, void @p_str, void @ScalarProp_str"   --->   Operation 17 'specinterface' 'specinterface_ln0' <Predicate = true> <Delay = 0.00>
ST_1 : Operation 18 [1/1] (0.00ns)   --->   "%specinterface_ln0 = specinterface void @_ssdm_op_SpecInterface, i24 %C_1_2_V, void @ap_fifo_str, i32, i32, void @p_str, i32, i32, void @p_str, void @p_str, void @p_str, i32, i32, i32, i32, void @p_str, void @ScalarProp_str"   --->   Operation 18 'specinterface' 'specinterface_ln0' <Predicate = true> <Delay = 0.00>
ST_1 : Operation 19 [1/1] (0.00ns)   --->   "%specinterface_ln0 = specinterface void @_ssdm_op_SpecInterface, i24 %C_1_1_V, void @ap_fifo_str, i32, i32, void @p_str, i32, i32, void @p_str, void @p_str, void @p_str, i32, i32, i32, i32, void @p_str, void @ScalarProp_str"   --->   Operation 19 'specinterface' 'specinterface_ln0' <Predicate = true> <Delay = 0.00>
ST_1 : Operation 20 [1/1] (0.00ns)   --->   "%specinterface_ln0 = specinterface void @_ssdm_op_SpecInterface, i24 %C_1_0_V, void @ap_fifo_str, i32, i32, void @p_str, i32, i32, void @p_str, void @p_str, void @p_str, i32, i32, i32, i32, void @p_str, void @ScalarProp_str"   --->   Operation 20 'specinterface' 'specinterface_ln0' <Predicate = true> <Delay = 0.00>
ST_1 : Operation 21 [1/1] (0.00ns)   --->   "%specinterface_ln0 = specinterface void @_ssdm_op_SpecInterface, i24 %C_0_3_V, void @ap_fifo_str, i32, i32, void @p_str, i32, i32, void @p_str, void @p_str, void @p_str, i32, i32, i32, i32, void @p_str, void @ScalarProp_str"   --->   Operation 21 'specinterface' 'specinterface_ln0' <Predicate = true> <Delay = 0.00>
ST_1 : Operation 22 [1/1] (0.00ns)   --->   "%specinterface_ln0 = specinterface void @_ssdm_op_SpecInterface, i24 %C_0_2_V, void @ap_fifo_str, i32, i32, void @p_str, i32, i32, void @p_str, void @p_str, void @p_str, i32, i32, i32, i32, void @p_str, void @ScalarProp_str"   --->   Operation 22 'specinterface' 'specinterface_ln0' <Predicate = true> <Delay = 0.00>
ST_1 : Operation 23 [1/1] (0.00ns)   --->   "%specinterface_ln0 = specinterface void @_ssdm_op_SpecInterface, i24 %C_0_1_V, void @ap_fifo_str, i32, i32, void @p_str, i32, i32, void @p_str, void @p_str, void @p_str, i32, i32, i32, i32, void @p_str, void @ScalarProp_str"   --->   Operation 23 'specinterface' 'specinterface_ln0' <Predicate = true> <Delay = 0.00>
ST_1 : Operation 24 [1/1] (0.00ns)   --->   "%specinterface_ln0 = specinterface void @_ssdm_op_SpecInterface, i24 %C_0_0_V, void @ap_fifo_str, i32, i32, void @p_str, i32, i32, void @p_str, void @p_str, void @p_str, i32, i32, i32, i32, void @p_str, void @ScalarProp_str"   --->   Operation 24 'specinterface' 'specinterface_ln0' <Predicate = true> <Delay = 0.00>
ST_1 : Operation 25 [1/1] (1.21ns)   --->   "%C_0_0_V_read = read i24 @_ssdm_op_Read.ap_fifo.i24P, i24 %C_0_0_V" [/opt/xilinx/Xilinx_Vivado_vitis_2019.2/Vitis/2019.2/common/technology/autopilot/hls_stream_39.h:108]   --->   Operation 25 'read' 'C_0_0_V_read' <Predicate = true> <Delay = 1.21> <Core = "FIFO">   --->   Core 19 'FIFO' <Latency = 0> <II = 1> <Delay = 1.45> <Storage> <Opcode : 'read' 'write' 'nbread' 'nbwrite'> <Ports = 0> <Width = 24> <Depth = 3> <FIFO>
ST_1 : Operation 26 [1/1] (1.21ns)   --->   "%C_0_1_V_read = read i24 @_ssdm_op_Read.ap_fifo.i24P, i24 %C_0_1_V" [/opt/xilinx/Xilinx_Vivado_vitis_2019.2/Vitis/2019.2/common/technology/autopilot/hls_stream_39.h:108]   --->   Operation 26 'read' 'C_0_1_V_read' <Predicate = true> <Delay = 1.21> <Core = "FIFO">   --->   Core 19 'FIFO' <Latency = 0> <II = 1> <Delay = 1.45> <Storage> <Opcode : 'read' 'write' 'nbread' 'nbwrite'> <Ports = 0> <Width = 24> <Depth = 3> <FIFO>
ST_1 : Operation 27 [1/1] (1.21ns)   --->   "%C_0_2_V_read = read i24 @_ssdm_op_Read.ap_fifo.i24P, i24 %C_0_2_V" [/opt/xilinx/Xilinx_Vivado_vitis_2019.2/Vitis/2019.2/common/technology/autopilot/hls_stream_39.h:108]   --->   Operation 27 'read' 'C_0_2_V_read' <Predicate = true> <Delay = 1.21> <Core = "FIFO">   --->   Core 19 'FIFO' <Latency = 0> <II = 1> <Delay = 1.45> <Storage> <Opcode : 'read' 'write' 'nbread' 'nbwrite'> <Ports = 0> <Width = 24> <Depth = 3> <FIFO>
ST_1 : Operation 28 [1/1] (1.21ns)   --->   "%C_0_3_V_read = read i24 @_ssdm_op_Read.ap_fifo.i24P, i24 %C_0_3_V" [/opt/xilinx/Xilinx_Vivado_vitis_2019.2/Vitis/2019.2/common/technology/autopilot/hls_stream_39.h:108]   --->   Operation 28 'read' 'C_0_3_V_read' <Predicate = true> <Delay = 1.21> <Core = "FIFO">   --->   Core 19 'FIFO' <Latency = 0> <II = 1> <Delay = 1.45> <Storage> <Opcode : 'read' 'write' 'nbread' 'nbwrite'> <Ports = 0> <Width = 24> <Depth = 3> <FIFO>
ST_1 : Operation 29 [1/1] (1.21ns)   --->   "%C_1_0_V_read = read i24 @_ssdm_op_Read.ap_fifo.i24P, i24 %C_1_0_V" [/opt/xilinx/Xilinx_Vivado_vitis_2019.2/Vitis/2019.2/common/technology/autopilot/hls_stream_39.h:108]   --->   Operation 29 'read' 'C_1_0_V_read' <Predicate = true> <Delay = 1.21> <Core = "FIFO">   --->   Core 19 'FIFO' <Latency = 0> <II = 1> <Delay = 1.45> <Storage> <Opcode : 'read' 'write' 'nbread' 'nbwrite'> <Ports = 0> <Width = 24> <Depth = 3> <FIFO>
ST_1 : Operation 30 [1/1] (1.21ns)   --->   "%C_1_1_V_read = read i24 @_ssdm_op_Read.ap_fifo.i24P, i24 %C_1_1_V" [/opt/xilinx/Xilinx_Vivado_vitis_2019.2/Vitis/2019.2/common/technology/autopilot/hls_stream_39.h:108]   --->   Operation 30 'read' 'C_1_1_V_read' <Predicate = true> <Delay = 1.21> <Core = "FIFO">   --->   Core 19 'FIFO' <Latency = 0> <II = 1> <Delay = 1.45> <Storage> <Opcode : 'read' 'write' 'nbread' 'nbwrite'> <Ports = 0> <Width = 24> <Depth = 3> <FIFO>
ST_1 : Operation 31 [1/1] (1.21ns)   --->   "%C_1_2_V_read = read i24 @_ssdm_op_Read.ap_fifo.i24P, i24 %C_1_2_V" [/opt/xilinx/Xilinx_Vivado_vitis_2019.2/Vitis/2019.2/common/technology/autopilot/hls_stream_39.h:108]   --->   Operation 31 'read' 'C_1_2_V_read' <Predicate = true> <Delay = 1.21> <Core = "FIFO">   --->   Core 19 'FIFO' <Latency = 0> <II = 1> <Delay = 1.45> <Storage> <Opcode : 'read' 'write' 'nbread' 'nbwrite'> <Ports = 0> <Width = 24> <Depth = 3> <FIFO>
ST_1 : Operation 32 [1/1] (1.21ns)   --->   "%C_1_3_V_read = read i24 @_ssdm_op_Read.ap_fifo.i24P, i24 %C_1_3_V" [/opt/xilinx/Xilinx_Vivado_vitis_2019.2/Vitis/2019.2/common/technology/autopilot/hls_stream_39.h:108]   --->   Operation 32 'read' 'C_1_3_V_read' <Predicate = true> <Delay = 1.21> <Core = "FIFO">   --->   Core 19 'FIFO' <Latency = 0> <II = 1> <Delay = 1.45> <Storage> <Opcode : 'read' 'write' 'nbread' 'nbwrite'> <Ports = 0> <Width = 24> <Depth = 3> <FIFO>
ST_1 : Operation 33 [1/1] (1.21ns)   --->   "%C_2_0_V_read = read i24 @_ssdm_op_Read.ap_fifo.i24P, i24 %C_2_0_V" [/opt/xilinx/Xilinx_Vivado_vitis_2019.2/Vitis/2019.2/common/technology/autopilot/hls_stream_39.h:108]   --->   Operation 33 'read' 'C_2_0_V_read' <Predicate = true> <Delay = 1.21> <Core = "FIFO">   --->   Core 19 'FIFO' <Latency = 0> <II = 1> <Delay = 1.45> <Storage> <Opcode : 'read' 'write' 'nbread' 'nbwrite'> <Ports = 0> <Width = 24> <Depth = 3> <FIFO>
ST_1 : Operation 34 [1/1] (1.21ns)   --->   "%C_2_1_V_read = read i24 @_ssdm_op_Read.ap_fifo.i24P, i24 %C_2_1_V" [/opt/xilinx/Xilinx_Vivado_vitis_2019.2/Vitis/2019.2/common/technology/autopilot/hls_stream_39.h:108]   --->   Operation 34 'read' 'C_2_1_V_read' <Predicate = true> <Delay = 1.21> <Core = "FIFO">   --->   Core 19 'FIFO' <Latency = 0> <II = 1> <Delay = 1.45> <Storage> <Opcode : 'read' 'write' 'nbread' 'nbwrite'> <Ports = 0> <Width = 24> <Depth = 3> <FIFO>
ST_1 : Operation 35 [1/1] (1.21ns)   --->   "%C_2_2_V_read = read i24 @_ssdm_op_Read.ap_fifo.i24P, i24 %C_2_2_V" [/opt/xilinx/Xilinx_Vivado_vitis_2019.2/Vitis/2019.2/common/technology/autopilot/hls_stream_39.h:108]   --->   Operation 35 'read' 'C_2_2_V_read' <Predicate = true> <Delay = 1.21> <Core = "FIFO">   --->   Core 19 'FIFO' <Latency = 0> <II = 1> <Delay = 1.45> <Storage> <Opcode : 'read' 'write' 'nbread' 'nbwrite'> <Ports = 0> <Width = 24> <Depth = 3> <FIFO>
ST_1 : Operation 36 [1/1] (1.21ns)   --->   "%C_2_3_V_read = read i24 @_ssdm_op_Read.ap_fifo.i24P, i24 %C_2_3_V" [/opt/xilinx/Xilinx_Vivado_vitis_2019.2/Vitis/2019.2/common/technology/autopilot/hls_stream_39.h:108]   --->   Operation 36 'read' 'C_2_3_V_read' <Predicate = true> <Delay = 1.21> <Core = "FIFO">   --->   Core 19 'FIFO' <Latency = 0> <II = 1> <Delay = 1.45> <Storage> <Opcode : 'read' 'write' 'nbread' 'nbwrite'> <Ports = 0> <Width = 24> <Depth = 3> <FIFO>
ST_1 : Operation 37 [1/1] (1.21ns)   --->   "%C_3_0_V_read = read i24 @_ssdm_op_Read.ap_fifo.i24P, i24 %C_3_0_V" [/opt/xilinx/Xilinx_Vivado_vitis_2019.2/Vitis/2019.2/common/technology/autopilot/hls_stream_39.h:108]   --->   Operation 37 'read' 'C_3_0_V_read' <Predicate = true> <Delay = 1.21> <Core = "FIFO">   --->   Core 19 'FIFO' <Latency = 0> <II = 1> <Delay = 1.45> <Storage> <Opcode : 'read' 'write' 'nbread' 'nbwrite'> <Ports = 0> <Width = 24> <Depth = 3> <FIFO>
ST_1 : Operation 38 [1/1] (1.21ns)   --->   "%C_3_1_V_read = read i24 @_ssdm_op_Read.ap_fifo.i24P, i24 %C_3_1_V" [/opt/xilinx/Xilinx_Vivado_vitis_2019.2/Vitis/2019.2/common/technology/autopilot/hls_stream_39.h:108]   --->   Operation 38 'read' 'C_3_1_V_read' <Predicate = true> <Delay = 1.21> <Core = "FIFO">   --->   Core 19 'FIFO' <Latency = 0> <II = 1> <Delay = 1.45> <Storage> <Opcode : 'read' 'write' 'nbread' 'nbwrite'> <Ports = 0> <Width = 24> <Depth = 3> <FIFO>
ST_1 : Operation 39 [1/1] (1.21ns)   --->   "%C_3_2_V_read = read i24 @_ssdm_op_Read.ap_fifo.i24P, i24 %C_3_2_V" [/opt/xilinx/Xilinx_Vivado_vitis_2019.2/Vitis/2019.2/common/technology/autopilot/hls_stream_39.h:108]   --->   Operation 39 'read' 'C_3_2_V_read' <Predicate = true> <Delay = 1.21> <Core = "FIFO">   --->   Core 19 'FIFO' <Latency = 0> <II = 1> <Delay = 1.45> <Storage> <Opcode : 'read' 'write' 'nbread' 'nbwrite'> <Ports = 0> <Width = 24> <Depth = 3> <FIFO>
ST_1 : Operation 40 [1/1] (1.21ns)   --->   "%C_3_3_V_read = read i24 @_ssdm_op_Read.ap_fifo.i24P, i24 %C_3_3_V" [/opt/xilinx/Xilinx_Vivado_vitis_2019.2/Vitis/2019.2/common/technology/autopilot/hls_stream_39.h:108]   --->   Operation 40 'read' 'C_3_3_V_read' <Predicate = true> <Delay = 1.21> <Core = "FIFO">   --->   Core 19 'FIFO' <Latency = 0> <II = 1> <Delay = 1.45> <Storage> <Opcode : 'read' 'write' 'nbread' 'nbwrite'> <Ports = 0> <Width = 24> <Depth = 3> <FIFO>
ST_1 : Operation 41 [1/1] (0.00ns)   --->   "%specinterface_ln0 = specinterface void @_ssdm_op_SpecInterface, i24 %C_drainer_V_V, void @ap_fifo_str, i32, i32, void @p_str, i32, i32, void @p_str, void @p_str, void @p_str, i32, i32, i32, i32, void @p_str, void @p_str"   --->   Operation 41 'specinterface' 'specinterface_ln0' <Predicate = true> <Delay = 0.00>
ST_1 : Operation 42 [1/1] (0.00ns)   --->   "%specinterface_ln0 = specinterface void @_ssdm_op_SpecInterface, i24 %C_drainer_1_V_V, void @ap_fifo_str, i32, i32, void @p_str, i32, i32, void @p_str, void @p_str, void @p_str, i32, i32, i32, i32, void @p_str, void @p_str"   --->   Operation 42 'specinterface' 'specinterface_ln0' <Predicate = true> <Delay = 0.00>
ST_1 : Operation 43 [1/1] (0.00ns)   --->   "%specinterface_ln0 = specinterface void @_ssdm_op_SpecInterface, i24 %C_drainer_2_V_V, void @ap_fifo_str, i32, i32, void @p_str, i32, i32, void @p_str, void @p_str, void @p_str, i32, i32, i32, i32, void @p_str, void @p_str"   --->   Operation 43 'specinterface' 'specinterface_ln0' <Predicate = true> <Delay = 0.00>
ST_1 : Operation 44 [1/1] (0.00ns)   --->   "%specinterface_ln0 = specinterface void @_ssdm_op_SpecInterface, i24 %C_drainer_3_V_V, void @ap_fifo_str, i32, i32, void @p_str, i32, i32, void @p_str, void @p_str, void @p_str, i32, i32, i32, i32, void @p_str, void @p_str"   --->   Operation 44 'specinterface' 'specinterface_ln0' <Predicate = true> <Delay = 0.00>
ST_1 : Operation 45 [1/1] (0.60ns)   --->   "%br_ln0 = br void %.split33.i"   --->   Operation 45 'br' 'br_ln0' <Predicate = true> <Delay = 0.60>

State 2 <SV = 1> <Delay = 0.72>
ST_2 : Operation 46 [1/1] (0.00ns)   --->   "%n = phi i3 %add_ln213, void %.split1.0.i, i3, void %entry" [systolic_array.cpp:213]   --->   Operation 46 'phi' 'n' <Predicate = true> <Delay = 0.00>
ST_2 : Operation 47 [1/1] (0.00ns)   --->   "%specloopname_ln213 = specloopname void @_ssdm_op_SpecLoopName, void @empty_21" [systolic_array.cpp:213]   --->   Operation 47 'specloopname' 'specloopname_ln213' <Predicate = true> <Delay = 0.00>
ST_2 : Operation 48 [1/1] (0.00ns)   --->   "%specpipeline_ln213 = specpipeline void @_ssdm_op_SpecPipeline, i32, i32, i32, i32, void @empty_20" [systolic_array.cpp:213]   --->   Operation 48 'specpipeline' 'specpipeline_ln213' <Predicate = true> <Delay = 0.00>
ST_2 : Operation 49 [1/1] (0.49ns)   --->   "%icmp_ln213 = icmp_eq  i3 %n, i3" [systolic_array.cpp:213]   --->   Operation 49 'icmp' 'icmp_ln213' <Predicate = true> <Delay = 0.49> <Core = "Cmp">   --->   Core 11 'Cmp' <Latency = 0> <II = 1> <Delay = 0.49> <FuncUnit> <Opcode : 'icmp'> <InPorts = 2> <OutPorts = 1>
ST_2 : Operation 50 [1/1] (0.00ns)   --->   "%empty = speclooptripcount i32 @_ssdm_op_SpecLoopTripCount, i64, i64, i64"   --->   Operation 50 'speclooptripcount' 'empty' <Predicate = true> <Delay = 0.00>
ST_2 : Operation 51 [1/1] (0.26ns)   --->   "%add_ln213 = add i3 %n, i3" [systolic_array.cpp:213]   --->   Operation 51 'add' 'add_ln213' <Predicate = true> <Delay = 0.26> <Core = "Adder">   --->   Core 2 'Adder' <Latency = 0> <II = 1> <Delay = 0.26> <FuncUnit> <Opcode : 'add' 'sub'> <InPorts = 2> <OutPorts = 1>
ST_2 : Operation 52 [1/1] (0.00ns)   --->   "%br_ln213 = br i1 %icmp_ln213, void %.split1.0.i, void %.exit" [systolic_array.cpp:213]   --->   Operation 52 'br' 'br_ln213' <Predicate = true> <Delay = 0.00>
ST_2 : Operation 53 [1/1] (0.00ns)   --->   "%trunc_ln108 = trunc i3 %n" [/opt/xilinx/Xilinx_Vivado_vitis_2019.2/Vitis/2019.2/common/technology/autopilot/hls_stream_39.h:108]   --->   Operation 53 'trunc' 'trunc_ln108' <Predicate = (!icmp_ln213)> <Delay = 0.00>
ST_2 : Operation 54 [1/1] (0.39ns)   --->   "%tmp = mux i24 @_ssdm_op_Mux.ap_auto.4i24.i2, i24 %C_0_0_V_read, i24 %C_0_1_V_read, i24 %C_0_2_V_read, i24 %C_0_3_V_read, i2 %trunc_ln108" [/opt/xilinx/Xilinx_Vivado_vitis_2019.2/Vitis/2019.2/common/technology/autopilot/hls_stream_39.h:108]   --->   Operation 54 'mux' 'tmp' <Predicate = (!icmp_ln213)> <Delay = 0.39> <Core = "MuxnS">   --->   Core 17 'MuxnS' <Latency = 0> <II = 1> <Delay = 0.39> <FuncUnit> <Opcode : 'mux'> <InPorts = 2> <OutPorts = 1>
ST_2 : Operation 55 [1/1] (0.39ns)   --->   "%tmp_s = mux i24 @_ssdm_op_Mux.ap_auto.4i24.i2, i24 %C_1_0_V_read, i24 %C_1_1_V_read, i24 %C_1_2_V_read, i24 %C_1_3_V_read, i2 %trunc_ln108" [/opt/xilinx/Xilinx_Vivado_vitis_2019.2/Vitis/2019.2/common/technology/autopilot/hls_stream_39.h:108]   --->   Operation 55 'mux' 'tmp_s' <Predicate = (!icmp_ln213)> <Delay = 0.39> <Core = "MuxnS">   --->   Core 17 'MuxnS' <Latency = 0> <II = 1> <Delay = 0.39> <FuncUnit> <Opcode : 'mux'> <InPorts = 2> <OutPorts = 1>
ST_2 : Operation 56 [1/1] (0.39ns)   --->   "%tmp_23 = mux i24 @_ssdm_op_Mux.ap_auto.4i24.i2, i24 %C_2_0_V_read, i24 %C_2_1_V_read, i24 %C_2_2_V_read, i24 %C_2_3_V_read, i2 %trunc_ln108" [/opt/xilinx/Xilinx_Vivado_vitis_2019.2/Vitis/2019.2/common/technology/autopilot/hls_stream_39.h:108]   --->   Operation 56 'mux' 'tmp_23' <Predicate = (!icmp_ln213)> <Delay = 0.39> <Core = "MuxnS">   --->   Core 17 'MuxnS' <Latency = 0> <II = 1> <Delay = 0.39> <FuncUnit> <Opcode : 'mux'> <InPorts = 2> <OutPorts = 1>
ST_2 : Operation 57 [1/1] (0.39ns)   --->   "%tmp_24 = mux i24 @_ssdm_op_Mux.ap_auto.4i24.i2, i24 %C_3_0_V_read, i24 %C_3_1_V_read, i24 %C_3_2_V_read, i24 %C_3_3_V_read, i2 %trunc_ln108" [/opt/xilinx/Xilinx_Vivado_vitis_2019.2/Vitis/2019.2/common/technology/autopilot/hls_stream_39.h:108]   --->   Operation 57 'mux' 'tmp_24' <Predicate = (!icmp_ln213)> <Delay = 0.39> <Core = "MuxnS">   --->   Core 17 'MuxnS' <Latency = 0> <II = 1> <Delay = 0.39> <FuncUnit> <Opcode : 'mux'> <InPorts = 2> <OutPorts = 1>

State 3 <SV = 2> <Delay = 1.21>
ST_3 : Operation 58 [1/1] (1.21ns)   --->   "%write_ln108 = write void @_ssdm_op_Write.ap_fifo.volatile.i24P, i24 %C_drainer_V_V, i24 %tmp" [/opt/xilinx/Xilinx_Vivado_vitis_2019.2/Vitis/2019.2/common/technology/autopilot/hls_stream_39.h:108]   --->   Operation 58 'write' 'write_ln108' <Predicate = (!icmp_ln213)> <Delay = 1.21> <Core = "FIFO">   --->   Core 19 'FIFO' <Latency = 0> <II = 1> <Delay = 1.45> <Storage> <Opcode : 'read' 'write' 'nbread' 'nbwrite'> <Ports = 0> <Width = 24> <Depth = 3> <FIFO>
ST_3 : Operation 59 [1/1] (1.21ns)   --->   "%write_ln108 = write void @_ssdm_op_Write.ap_fifo.volatile.i24P, i24 %C_drainer_1_V_V, i24 %tmp_s" [/opt/xilinx/Xilinx_Vivado_vitis_2019.2/Vitis/2019.2/common/technology/autopilot/hls_stream_39.h:108]   --->   Operation 59 'write' 'write_ln108' <Predicate = (!icmp_ln213)> <Delay = 1.21> <Core = "FIFO">   --->   Core 19 'FIFO' <Latency = 0> <II = 1> <Delay = 1.45> <Storage> <Opcode : 'read' 'write' 'nbread' 'nbwrite'> <Ports = 0> <Width = 24> <Depth = 3> <FIFO>
ST_3 : Operation 60 [1/1] (1.21ns)   --->   "%write_ln108 = write void @_ssdm_op_Write.ap_fifo.volatile.i24P, i24 %C_drainer_2_V_V, i24 %tmp_23" [/opt/xilinx/Xilinx_Vivado_vitis_2019.2/Vitis/2019.2/common/technology/autopilot/hls_stream_39.h:108]   --->   Operation 60 'write' 'write_ln108' <Predicate = (!icmp_ln213)> <Delay = 1.21> <Core = "FIFO">   --->   Core 19 'FIFO' <Latency = 0> <II = 1> <Delay = 1.45> <Storage> <Opcode : 'read' 'write' 'nbread' 'nbwrite'> <Ports = 0> <Width = 24> <Depth = 3> <FIFO>
ST_3 : Operation 61 [1/1] (1.21ns)   --->   "%write_ln108 = write void @_ssdm_op_Write.ap_fifo.volatile.i24P, i24 %C_drainer_3_V_V, i24 %tmp_24" [/opt/xilinx/Xilinx_Vivado_vitis_2019.2/Vitis/2019.2/common/technology/autopilot/hls_stream_39.h:108]   --->   Operation 61 'write' 'write_ln108' <Predicate = (!icmp_ln213)> <Delay = 1.21> <Core = "FIFO">   --->   Core 19 'FIFO' <Latency = 0> <II = 1> <Delay = 1.45> <Storage> <Opcode : 'read' 'write' 'nbread' 'nbwrite'> <Ports = 0> <Width = 24> <Depth = 3> <FIFO>
ST_3 : Operation 62 [1/1] (0.00ns)   --->   "%br_ln213 = br void %.split33.i" [systolic_array.cpp:213]   --->   Operation 62 'br' 'br_ln213' <Predicate = (!icmp_ln213)> <Delay = 0.00>

State 4 <SV = 2> <Delay = 0.00>
ST_4 : Operation 63 [1/1] (0.00ns)   --->   "%ret_ln0 = ret"   --->   Operation 63 'ret' 'ret_ln0' <Predicate = true> <Delay = 0.00>


============================================================
+ Verbose Summary: Timing violations
============================================================
Target clock period: 3.33ns, clock uncertainty: 0.9ns.

 <State 1>: 1.22ns
The critical path consists of the following:
	fifo read on port 'C_0_0_V' (/opt/xilinx/Xilinx_Vivado_vitis_2019.2/Vitis/2019.2/common/technology/autopilot/hls_stream_39.h:108) [41]  (1.22 ns)

 <State 2>: 0.728ns
The critical path consists of the following:
	'icmp' operation ('icmp_ln213', systolic_array.cpp:213) [66]  (0.5 ns)
	blocking operation 0.228 ns on control path)

 <State 3>: 1.22ns
The critical path consists of the following:
	fifo write on port 'C_drainer_V_V' (/opt/xilinx/Xilinx_Vivado_vitis_2019.2/Vitis/2019.2/common/technology/autopilot/hls_stream_39.h:108) [73]  (1.22 ns)

 <State 4>: 0ns
The critical path consists of the following:


============================================================
+ Verbose Summary: Binding
============================================================
N/A
* FSMD analyzer results:
  - Output states:
 - Input state : 
  - Chain level:
	State 1
	State 2
	State 3
	State 4


============================================================
+ Verbose Summary: Datapath Resource usage 
============================================================
N/A
