

================================================================
== Vitis HLS Report for 'PE_8_4_pack_386'
================================================================
* Date:           Thu Sep  7 08:32:32 2023

* Version:        2022.1.2 (Build 3605665 on Fri Aug  5 22:52:02 MDT 2022)
* Project:        out.prj
* Solution:       solution1 (Vivado IP Flow Target)
* Product family: zynq
* Target device:  xc7z020-clg484-1


================================================================
== Performance Estimates
================================================================
+ Timing: 
    * Summary: 
    +--------+----------+----------+------------+
    |  Clock |  Target  | Estimated| Uncertainty|
    +--------+----------+----------+------------+
    |ap_clk  |  10.00 ns|  7.268 ns|     2.70 ns|
    +--------+----------+----------+------------+

+ Latency: 
    * Summary: 
    +---------+---------+----------+----------+-----+-----+---------+
    |  Latency (cycles) |  Latency (absolute) |  Interval | Pipeline|
    |   min   |   max   |    min   |    max   | min | max |   Type  |
    +---------+---------+----------+----------+-----+-----+---------+
    |      773|      773|  7.730 us|  7.730 us|  773|  773|       no|
    +---------+---------+----------+----------+-----+-----+---------+

    + Detail: 
        * Instance: 
        N/A

        * Loop: 
        +-----------+---------+---------+----------+-----------+-----------+------+----------+
        |           |  Latency (cycles) | Iteration|  Initiation Interval  | Trip |          |
        | Loop Name |   min   |   max   |  Latency |  achieved |   target  | Count| Pipelined|
        +-----------+---------+---------+----------+-----------+-----------+------+----------+
        |- PE_LOOP  |      771|      771|         5|          1|          1|   768|       yes|
        +-----------+---------+---------+----------+-----------+-----------+------+----------+

============================================================
+ Verbose Summary: Synthesis Manager
============================================================
InlineROM: 1
ExposeGlobal: 0
============================================================
+ Verbose Summary: CDFG Model
============================================================
IsTopModel: 0
ResetActiveHigh: 1
IsCombinational: 2
IsDatapathOnly: 0
HasWiredReturn: 1
HasMFsm: 2
HasVarLatency: 1
IsPipeline: 0
IsRtlPipelined: 0
IsInstanceOverlapped: 0
IsDontTouch: 0
HasImplIP: 0
IsGatedGlobalClock: 0

+ Individual pipeline summary: 
  * Pipeline-0: initiation interval (II) = 1, depth = 5


============================================================
+ Verbose Summary: Schedule
============================================================
* Number of FSM states : 5
* Pipeline : 1
  Pipeline-0 : II = 1, D = 5, States = { 1 2 3 4 5 }
* Dataflow Pipeline: 0

* FSM state transitions: 
1 --> 2 
2 --> 3 
3 --> 4 
4 --> 5 
5 --> 

* FSM state operations: 

State 1 <SV = 0> <Delay = 3.35>
ST_1 : Operation 8 [1/1] (0.00ns)   --->   "%k_02 = alloca i32 1"   --->   Operation 8 'alloca' 'k_02' <Predicate = true> <Delay = 0.00>
ST_1 : Operation 9 [1/1] (0.00ns)   --->   "%C_out_out_0 = alloca i32 1"   --->   Operation 9 'alloca' 'C_out_out_0' <Predicate = true> <Delay = 0.00>
ST_1 : Operation 10 [1/1] (0.00ns)   --->   "%specinterface_ln0 = specinterface void @_ssdm_op_SpecInterface, i8 %B_fifo_4_6, void @empty_54, i32 0, i32 0, void @empty_43, i32 0, i32 0, void @empty_43, void @empty_43, void @empty_43, i32 0, i32 0, i32 0, i32 0, void @empty_43, void @empty_43, i32 4294967295, i32 0"   --->   Operation 10 'specinterface' 'specinterface_ln0' <Predicate = true> <Delay = 0.00>
ST_1 : Operation 11 [1/1] (0.00ns)   --->   "%specinterface_ln0 = specinterface void @_ssdm_op_SpecInterface, i8 %B_fifo_4_5, void @empty_54, i32 0, i32 0, void @empty_43, i32 0, i32 0, void @empty_43, void @empty_43, void @empty_43, i32 0, i32 0, i32 0, i32 0, void @empty_43, void @empty_43, i32 4294967295, i32 0"   --->   Operation 11 'specinterface' 'specinterface_ln0' <Predicate = true> <Delay = 0.00>
ST_1 : Operation 12 [1/1] (0.00ns)   --->   "%specinterface_ln0 = specinterface void @_ssdm_op_SpecInterface, i8 %A_fifo_5_5, void @empty_54, i32 0, i32 0, void @empty_43, i32 0, i32 0, void @empty_43, void @empty_43, void @empty_43, i32 0, i32 0, i32 0, i32 0, void @empty_43, void @empty_43, i32 4294967295, i32 0"   --->   Operation 12 'specinterface' 'specinterface_ln0' <Predicate = true> <Delay = 0.00>
ST_1 : Operation 13 [1/1] (0.00ns)   --->   "%specinterface_ln0 = specinterface void @_ssdm_op_SpecInterface, i8 %A_fifo_5_4, void @empty_54, i32 0, i32 0, void @empty_43, i32 0, i32 0, void @empty_43, void @empty_43, void @empty_43, i32 0, i32 0, i32 0, i32 0, void @empty_43, void @empty_43, i32 4294967295, i32 0"   --->   Operation 13 'specinterface' 'specinterface_ln0' <Predicate = true> <Delay = 0.00>
ST_1 : Operation 14 [1/1] (1.58ns)   --->   "%store_ln7 = store i10 0, i10 %k_02" [systolic_array.cpp:7]   --->   Operation 14 'store' 'store_ln7' <Predicate = true> <Delay = 1.58>
ST_1 : Operation 15 [1/1] (0.00ns)   --->   "%br_ln7 = br void %for.body" [systolic_array.cpp:7]   --->   Operation 15 'br' 'br_ln7' <Predicate = true> <Delay = 0.00>
ST_1 : Operation 16 [1/1] (0.00ns)   --->   "%k = load i10 %k_02" [systolic_array.cpp:7]   --->   Operation 16 'load' 'k' <Predicate = true> <Delay = 0.00>
ST_1 : Operation 17 [1/1] (1.77ns)   --->   "%icmp_ln7 = icmp_eq  i10 %k, i10 768" [systolic_array.cpp:7]   --->   Operation 17 'icmp' 'icmp_ln7' <Predicate = true> <Delay = 1.77> <CoreInst = "Cmp">   --->   Core 9 'Cmp' <Latency = 0> <II = 1> <Delay = 1.77> <FuncUnit> <Opcode : 'icmp'> <InPorts = 2> <OutPorts = 1>
ST_1 : Operation 18 [1/1] (0.00ns)   --->   "%empty = speclooptripcount i32 @_ssdm_op_SpecLoopTripCount, i64 768, i64 768, i64 768"   --->   Operation 18 'speclooptripcount' 'empty' <Predicate = true> <Delay = 0.00>
ST_1 : Operation 19 [1/1] (1.73ns)   --->   "%k_352 = add i10 %k, i10 1" [systolic_array.cpp:7]   --->   Operation 19 'add' 'k_352' <Predicate = true> <Delay = 1.73> <CoreInst = "Adder">   --->   Core 1 'Adder' <Latency = 0> <II = 1> <Delay = 1.73> <FuncUnit> <Opcode : 'add' 'sub'> <InPorts = 2> <OutPorts = 1>
ST_1 : Operation 20 [1/1] (0.00ns)   --->   "%br_ln7 = br i1 %icmp_ln7, void %for.body.split, void %for.end.loopexit" [systolic_array.cpp:7]   --->   Operation 20 'br' 'br_ln7' <Predicate = true> <Delay = 0.00>
ST_1 : Operation 21 [1/1] (1.58ns)   --->   "%store_ln7 = store i10 %k_352, i10 %k_02" [systolic_array.cpp:7]   --->   Operation 21 'store' 'store_ln7' <Predicate = (!icmp_ln7)> <Delay = 1.58>

State 2 <SV = 1> <Delay = 7.26>
ST_2 : Operation 22 [1/1] (3.63ns)   --->   "%tmp = read i8 @_ssdm_op_Read.ap_fifo.volatile.i8P0A, i8 %A_fifo_5_4" [/opt/xilinx/2022.1/Vitis_HLS/2022.1/common/technology/autopilot/hls_stream_39.h:145]   --->   Operation 22 'read' 'tmp' <Predicate = true> <Delay = 3.63> <CoreInst = "FIFO_SRL">   --->   Core 81 'FIFO_SRL' <Latency = 0> <II = 1> <Delay = 3.63> <Storage> <Opcode : 'read' 'write' 'nbread' 'nbwrite'> <Ports = 0> <Width = 8> <Depth = 2> <FIFO>
ST_2 : Operation 23 [1/1] (3.63ns)   --->   "%tmp_450 = read i8 @_ssdm_op_Read.ap_fifo.volatile.i8P0A, i8 %B_fifo_4_5" [/opt/xilinx/2022.1/Vitis_HLS/2022.1/common/technology/autopilot/hls_stream_39.h:145]   --->   Operation 23 'read' 'tmp_450' <Predicate = true> <Delay = 3.63> <CoreInst = "FIFO_SRL">   --->   Core 81 'FIFO_SRL' <Latency = 0> <II = 1> <Delay = 3.63> <Storage> <Opcode : 'read' 'write' 'nbread' 'nbwrite'> <Ports = 0> <Width = 8> <Depth = 2> <FIFO>
ST_2 : Operation 24 [1/1] (0.00ns)   --->   "%tmp3 = partselect i4 @_ssdm_op_PartSelect.i4.i8.i32.i32, i8 %tmp_450, i32 4, i32 7"   --->   Operation 24 'partselect' 'tmp3' <Predicate = true> <Delay = 0.00>
ST_2 : Operation 25 [1/1] (0.00ns)   --->   "%trunc_ln674 = trunc i8 %tmp_450"   --->   Operation 25 'trunc' 'trunc_ln674' <Predicate = true> <Delay = 0.00>
ST_2 : Operation 26 [1/1] (0.00ns)   --->   "%pack_b = bitconcatenate i17 @_ssdm_op_BitConcatenate.i17.i4.i9.i4, i4 %tmp3, i9 0, i4 %trunc_ln674"   --->   Operation 26 'bitconcatenate' 'pack_b' <Predicate = true> <Delay = 0.00>
ST_2 : Operation 27 [1/1] (0.00ns)   --->   "%sext_ln232 = sext i8 %tmp"   --->   Operation 27 'sext' 'sext_ln232' <Predicate = true> <Delay = 0.00>
ST_2 : Operation 28 [1/1] (0.00ns)   --->   "%sext_ln232_323 = sext i17 %pack_b"   --->   Operation 28 'sext' 'sext_ln232_323' <Predicate = true> <Delay = 0.00>
ST_2 : Operation 29 [4/4] (2.15ns) (root node of the DSP)   --->   "%ret_V = mul i25 %sext_ln232_323, i25 %sext_ln232"   --->   Operation 29 'mul' 'ret_V' <Predicate = true> <Delay = 2.15> <CoreInst = "DSP48">   --->   Core 119 'DSP48' <Latency = 3> <II = 1> <Delay = 2.15> <IPBlock> <Opcode : 'mul' 'add' 'sub' 'select'> <InPorts = 0> <OutPorts = 1> <Sync> <CReg>
ST_2 : Operation 30 [1/1] (3.63ns)   --->   "%write_ln174 = write void @_ssdm_op_Write.ap_fifo.volatile.i8P0A, i8 %A_fifo_5_5, i8 %tmp" [/opt/xilinx/2022.1/Vitis_HLS/2022.1/common/technology/autopilot/hls_stream_39.h:174]   --->   Operation 30 'write' 'write_ln174' <Predicate = true> <Delay = 3.63> <CoreInst = "FIFO_SRL">   --->   Core 81 'FIFO_SRL' <Latency = 0> <II = 1> <Delay = 3.63> <Storage> <Opcode : 'read' 'write' 'nbread' 'nbwrite'> <Ports = 0> <Width = 8> <Depth = 2> <FIFO>
ST_2 : Operation 31 [1/1] (3.63ns)   --->   "%write_ln174 = write void @_ssdm_op_Write.ap_fifo.volatile.i8P0A, i8 %B_fifo_4_6, i8 %tmp_450" [/opt/xilinx/2022.1/Vitis_HLS/2022.1/common/technology/autopilot/hls_stream_39.h:174]   --->   Operation 31 'write' 'write_ln174' <Predicate = true> <Delay = 3.63> <CoreInst = "FIFO_SRL">   --->   Core 81 'FIFO_SRL' <Latency = 0> <II = 1> <Delay = 3.63> <Storage> <Opcode : 'read' 'write' 'nbread' 'nbwrite'> <Ports = 0> <Width = 8> <Depth = 2> <FIFO>

State 3 <SV = 2> <Delay = 2.15>
ST_3 : Operation 32 [3/4] (2.15ns) (root node of the DSP)   --->   "%ret_V = mul i25 %sext_ln232_323, i25 %sext_ln232"   --->   Operation 32 'mul' 'ret_V' <Predicate = true> <Delay = 2.15> <CoreInst = "DSP48">   --->   Core 119 'DSP48' <Latency = 3> <II = 1> <Delay = 2.15> <IPBlock> <Opcode : 'mul' 'add' 'sub' 'select'> <InPorts = 0> <OutPorts = 1> <Sync> <CReg>

State 4 <SV = 3> <Delay = 2.15>
ST_4 : Operation 33 [2/4] (2.15ns) (root node of the DSP)   --->   "%ret_V = mul i25 %sext_ln232_323, i25 %sext_ln232"   --->   Operation 33 'mul' 'ret_V' <Predicate = true> <Delay = 2.15> <CoreInst = "DSP48">   --->   Core 119 'DSP48' <Latency = 3> <II = 1> <Delay = 2.15> <IPBlock> <Opcode : 'mul' 'add' 'sub' 'select'> <InPorts = 0> <OutPorts = 1> <Sync> <CReg>
ST_4 : Operation 45 [1/1] (0.00ns)   --->   "%C_out_out_0_load_323 = load i48 %C_out_out_0" [systolic_array.cpp:17]   --->   Operation 45 'load' 'C_out_out_0_load_323' <Predicate = (icmp_ln7)> <Delay = 0.00>
ST_4 : Operation 46 [1/1] (0.00ns)   --->   "%ret_ln17 = ret i48 %C_out_out_0_load_323" [systolic_array.cpp:17]   --->   Operation 46 'ret' 'ret_ln17' <Predicate = (icmp_ln7)> <Delay = 0.00>

State 5 <SV = 4> <Delay = 3.10>
ST_5 : Operation 34 [1/1] (0.00ns)   --->   "%C_out_out_0_load = load i48 %C_out_out_0"   --->   Operation 34 'load' 'C_out_out_0_load' <Predicate = true> <Delay = 0.00>
ST_5 : Operation 35 [1/1] (0.00ns)   --->   "%specpipeline_ln8 = specpipeline void @_ssdm_op_SpecPipeline, i32 1, i32 0, i32 0, i32 0, void @empty_43" [systolic_array.cpp:8]   --->   Operation 35 'specpipeline' 'specpipeline_ln8' <Predicate = true> <Delay = 0.00>
ST_5 : Operation 36 [1/1] (0.00ns)   --->   "%specloopname_ln7 = specloopname void @_ssdm_op_SpecLoopName, void @empty_2" [systolic_array.cpp:7]   --->   Operation 36 'specloopname' 'specloopname_ln7' <Predicate = true> <Delay = 0.00>
ST_5 : Operation 37 [1/4] (0.00ns) (root node of the DSP)   --->   "%ret_V = mul i25 %sext_ln232_323, i25 %sext_ln232"   --->   Operation 37 'mul' 'ret_V' <Predicate = true> <Delay = 0.00> <CoreInst = "DSP48">   --->   Core 119 'DSP48' <Latency = 3> <II = 1> <Delay = 2.15> <IPBlock> <Opcode : 'mul' 'add' 'sub' 'select'> <InPorts = 0> <OutPorts = 1> <Sync> <CReg>
ST_5 : Operation 38 [1/1] (0.00ns)   --->   "%tmp_s = partselect i12 @_ssdm_op_PartSelect.i12.i25.i32.i32, i25 %ret_V, i32 13, i32 24"   --->   Operation 38 'partselect' 'tmp_s' <Predicate = true> <Delay = 0.00>
ST_5 : Operation 39 [1/1] (0.00ns)   --->   "%trunc_ln674_291 = trunc i25 %ret_V"   --->   Operation 39 'trunc' 'trunc_ln674_291' <Predicate = true> <Delay = 0.00>
ST_5 : Operation 40 [1/1] (0.00ns)   --->   "%tmp_304 = bitconcatenate i37 @_ssdm_op_BitConcatenate.i37.i1.i12.i12.i12, i1 0, i12 %tmp_s, i12 0, i12 %trunc_ln674_291"   --->   Operation 40 'bitconcatenate' 'tmp_304' <Predicate = true> <Delay = 0.00>
ST_5 : Operation 41 [1/1] (0.00ns)   --->   "%zext_ln886 = zext i37 %tmp_304"   --->   Operation 41 'zext' 'zext_ln886' <Predicate = true> <Delay = 0.00>
ST_5 : Operation 42 [1/1] (3.10ns)   --->   "%add_ln886 = add i48 %C_out_out_0_load, i48 %zext_ln886"   --->   Operation 42 'add' 'add_ln886' <Predicate = true> <Delay = 3.10> <CoreInst = "Adder">   --->   Core 1 'Adder' <Latency = 0> <II = 1> <Delay = 3.10> <FuncUnit> <Opcode : 'add' 'sub'> <InPorts = 2> <OutPorts = 1>
ST_5 : Operation 43 [1/1] (0.00ns)   --->   "%store_ln7 = store i48 %add_ln886, i48 %C_out_out_0" [systolic_array.cpp:7]   --->   Operation 43 'store' 'store_ln7' <Predicate = true> <Delay = 0.00>
ST_5 : Operation 44 [1/1] (0.00ns)   --->   "%br_ln7 = br void %for.body" [systolic_array.cpp:7]   --->   Operation 44 'br' 'br_ln7' <Predicate = true> <Delay = 0.00>


============================================================
+ Verbose Summary: Timing violations
============================================================
Target clock period: 10ns, clock uncertainty: 2.7ns.

 <State 1>: 3.36ns
The critical path consists of the following:
	'alloca' operation ('k') [5]  (0 ns)
	'load' operation ('k', systolic_array.cpp:7) on local variable 'k' [14]  (0 ns)
	'add' operation ('k', systolic_array.cpp:7) [17]  (1.73 ns)
	'store' operation ('store_ln7', systolic_array.cpp:7) of variable 'k', systolic_array.cpp:7 on local variable 'k' [39]  (1.59 ns)
	blocking operation 0.0395 ns on control path)

 <State 2>: 7.27ns
The critical path consists of the following:
	fifo read operation ('tmp', /opt/xilinx/2022.1/Vitis_HLS/2022.1/common/technology/autopilot/hls_stream_39.h:145) on port 'A_fifo_5_4' (/opt/xilinx/2022.1/Vitis_HLS/2022.1/common/technology/autopilot/hls_stream_39.h:145) [23]  (3.63 ns)
	fifo write operation ('write_ln174', /opt/xilinx/2022.1/Vitis_HLS/2022.1/common/technology/autopilot/hls_stream_39.h:174) on port 'A_fifo_5_5' (/opt/xilinx/2022.1/Vitis_HLS/2022.1/common/technology/autopilot/hls_stream_39.h:174) [36]  (3.63 ns)

 <State 3>: 2.15ns
The critical path consists of the following:
	'mul' operation of DSP[30] ('ret.V') [30]  (2.15 ns)

 <State 4>: 2.15ns
The critical path consists of the following:
	'mul' operation of DSP[30] ('ret.V') [30]  (2.15 ns)

 <State 5>: 3.1ns
The critical path consists of the following:
	'load' operation ('C_out_out_0_load') on local variable 'C_out_out_0' [20]  (0 ns)
	'add' operation ('add_ln886') [35]  (3.1 ns)


============================================================
+ Verbose Summary: Binding
============================================================
N/A
* FSMD analyzer results:
  - Output states:
 - Input state : 
  - Chain level:
	State 1
	State 2
	State 3
	State 4
	State 5


============================================================
+ Verbose Summary: Datapath Resource usage 
============================================================
N/A
