

================================================================
== Vitis HLS Report for 'Self_attention_Pipeline_l_mh_merge_i_m_l_j_m'
================================================================
* Date:           Thu Sep  7 08:25:54 2023

* Version:        2022.1.2 (Build 3605665 on Fri Aug  5 22:52:02 MDT 2022)
* Project:        out.prj
* Solution:       solution1 (Vivado IP Flow Target)
* Product family: zynq
* Target device:  xc7z020-clg484-1


================================================================
== Performance Estimates
================================================================
+ Timing: 
    * Summary: 
    +--------+----------+----------+------------+
    |  Clock |  Target  | Estimated| Uncertainty|
    +--------+----------+----------+------------+
    |ap_clk  |  10.00 ns|  5.940 ns|     2.70 ns|
    +--------+----------+----------+------------+

+ Latency: 
    * Summary: 
    +---------+---------+----------+----------+-----+-----+---------+
    |  Latency (cycles) |  Latency (absolute) |  Interval | Pipeline|
    |   min   |   max   |    min   |    max   | min | max |   Type  |
    +---------+---------+----------+----------+-----+-----+---------+
    |      772|      772|  7.720 us|  7.720 us|  772|  772|       no|
    +---------+---------+----------+----------+-----+-----+---------+

    + Detail: 
        * Instance: 
        N/A

        * Loop: 
        +------------------------+---------+---------+----------+-----------+-----------+------+----------+
        |                        |  Latency (cycles) | Iteration|  Initiation Interval  | Trip |          |
        |        Loop Name       |   min   |   max   |  Latency |  achieved |   target  | Count| Pipelined|
        +------------------------+---------+---------+----------+-----------+-----------+------+----------+
        |- l_mh_merge_i_m_l_j_m  |      770|      770|         4|          1|          1|   768|       yes|
        +------------------------+---------+---------+----------+-----------+-----------+------+----------+

============================================================
+ Verbose Summary: Synthesis Manager
============================================================
InlineROM: 1
ExposeGlobal: 0
============================================================
+ Verbose Summary: CDFG Model
============================================================
IsTopModel: 0
ResetActiveHigh: 1
IsCombinational: 0
IsDatapathOnly: 0
HasWiredReturn: 1
HasMFsm: 2
HasVarLatency: 1
IsPipeline: 0
IsRtlPipelined: 0
IsInstanceOverlapped: 0
IsDontTouch: 0
HasImplIP: 0
IsGatedGlobalClock: 0

+ Individual pipeline summary: 
  * Pipeline-0: initiation interval (II) = 1, depth = 4


============================================================
+ Verbose Summary: Schedule
============================================================
* Number of FSM states : 4
* Pipeline : 1
  Pipeline-0 : II = 1, D = 4, States = { 1 2 3 4 }
* Dataflow Pipeline: 0

* FSM state transitions: 
1 --> 2 
2 --> 3 
3 --> 4 
4 --> 

* FSM state operations: 

State 1 <SV = 0> <Delay = 5.93>
ST_1 : Operation 7 [1/1] (0.00ns)   --->   "%j_m = alloca i32 1"   --->   Operation 7 'alloca' 'j_m' <Predicate = true> <Delay = 0.00>
ST_1 : Operation 8 [1/1] (0.00ns)   --->   "%i_m = alloca i32 1"   --->   Operation 8 'alloca' 'i_m' <Predicate = true> <Delay = 0.00>
ST_1 : Operation 9 [1/1] (0.00ns)   --->   "%indvar_flatten63 = alloca i32 1"   --->   Operation 9 'alloca' 'indvar_flatten63' <Predicate = true> <Delay = 0.00>
ST_1 : Operation 10 [1/1] (0.00ns)   --->   "%tmp_read = read i10 @_ssdm_op_Read.ap_auto.i10, i10 %tmp"   --->   Operation 10 'read' 'tmp_read' <Predicate = true> <Delay = 0.00>
ST_1 : Operation 11 [1/1] (1.58ns)   --->   "%store_ln0 = store i10 0, i10 %indvar_flatten63"   --->   Operation 11 'store' 'store_ln0' <Predicate = true> <Delay = 1.58>
ST_1 : Operation 12 [1/1] (1.58ns)   --->   "%store_ln0 = store i4 0, i4 %i_m"   --->   Operation 12 'store' 'store_ln0' <Predicate = true> <Delay = 1.58>
ST_1 : Operation 13 [1/1] (1.58ns)   --->   "%store_ln0 = store i7 0, i7 %j_m"   --->   Operation 13 'store' 'store_ln0' <Predicate = true> <Delay = 1.58>
ST_1 : Operation 14 [1/1] (0.00ns)   --->   "%br_ln0 = br void %for.inc63"   --->   Operation 14 'br' 'br_ln0' <Predicate = true> <Delay = 0.00>
ST_1 : Operation 15 [1/1] (0.00ns)   --->   "%indvar_flatten63_load = load i10 %indvar_flatten63" [bert_layer.cpp:230]   --->   Operation 15 'load' 'indvar_flatten63_load' <Predicate = true> <Delay = 0.00>
ST_1 : Operation 16 [1/1] (1.77ns)   --->   "%icmp_ln230 = icmp_eq  i10 %indvar_flatten63_load, i10 768" [bert_layer.cpp:230]   --->   Operation 16 'icmp' 'icmp_ln230' <Predicate = true> <Delay = 1.77> <CoreInst = "Cmp">   --->   Core 9 'Cmp' <Latency = 0> <II = 1> <Delay = 1.77> <FuncUnit> <Opcode : 'icmp'> <InPorts = 2> <OutPorts = 1>
ST_1 : Operation 17 [1/1] (1.73ns)   --->   "%add_ln230_1 = add i10 %indvar_flatten63_load, i10 1" [bert_layer.cpp:230]   --->   Operation 17 'add' 'add_ln230_1' <Predicate = true> <Delay = 1.73> <CoreInst = "Adder">   --->   Core 1 'Adder' <Latency = 0> <II = 1> <Delay = 1.73> <FuncUnit> <Opcode : 'add' 'sub'> <InPorts = 2> <OutPorts = 1>
ST_1 : Operation 18 [1/1] (0.00ns)   --->   "%br_ln230 = br i1 %icmp_ln230, void %for.inc66, void %for.inc69.exitStub" [bert_layer.cpp:230]   --->   Operation 18 'br' 'br_ln230' <Predicate = true> <Delay = 0.00>
ST_1 : Operation 19 [1/1] (0.00ns)   --->   "%j_m_load = load i7 %j_m" [bert_layer.cpp:231]   --->   Operation 19 'load' 'j_m_load' <Predicate = (!icmp_ln230)> <Delay = 0.00>
ST_1 : Operation 20 [1/1] (0.00ns)   --->   "%i_m_load = load i4 %i_m" [bert_layer.cpp:230]   --->   Operation 20 'load' 'i_m_load' <Predicate = (!icmp_ln230)> <Delay = 0.00>
ST_1 : Operation 21 [1/1] (1.73ns)   --->   "%add_ln230 = add i4 %i_m_load, i4 1" [bert_layer.cpp:230]   --->   Operation 21 'add' 'add_ln230' <Predicate = (!icmp_ln230)> <Delay = 1.73> <CoreInst = "Adder">   --->   Core 1 'Adder' <Latency = 0> <II = 1> <Delay = 1.73> <FuncUnit> <Opcode : 'add' 'sub'> <InPorts = 2> <OutPorts = 1>
ST_1 : Operation 22 [1/1] (1.48ns)   --->   "%icmp_ln231 = icmp_eq  i7 %j_m_load, i7 64" [bert_layer.cpp:231]   --->   Operation 22 'icmp' 'icmp_ln231' <Predicate = (!icmp_ln230)> <Delay = 1.48> <CoreInst = "Cmp">   --->   Core 9 'Cmp' <Latency = 0> <II = 1> <Delay = 1.48> <FuncUnit> <Opcode : 'icmp'> <InPorts = 2> <OutPorts = 1>
ST_1 : Operation 23 [1/1] (0.99ns)   --->   "%select_ln230 = select i1 %icmp_ln231, i7 0, i7 %j_m_load" [bert_layer.cpp:230]   --->   Operation 23 'select' 'select_ln230' <Predicate = (!icmp_ln230)> <Delay = 0.99> <CoreInst = "Sel">   --->   Core 73 'Sel' <Latency = 0> <II = 1> <Delay = 0.99> <FuncUnit> <Opcode : 'select'> <InPorts = 3> <OutPorts = 1>
ST_1 : Operation 24 [1/1] (1.02ns)   --->   "%select_ln230_1 = select i1 %icmp_ln231, i4 %add_ln230, i4 %i_m_load" [bert_layer.cpp:230]   --->   Operation 24 'select' 'select_ln230_1' <Predicate = (!icmp_ln230)> <Delay = 1.02> <CoreInst = "Sel">   --->   Core 73 'Sel' <Latency = 0> <II = 1> <Delay = 1.02> <FuncUnit> <Opcode : 'select'> <InPorts = 3> <OutPorts = 1>
ST_1 : Operation 25 [1/1] (0.00ns)   --->   "%trunc_ln230 = trunc i4 %select_ln230_1" [bert_layer.cpp:230]   --->   Operation 25 'trunc' 'trunc_ln230' <Predicate = (!icmp_ln230)> <Delay = 0.00>
ST_1 : Operation 26 [1/1] (0.00ns)   --->   "%p_cast23_mid2_v = partselect i2 @_ssdm_op_PartSelect.i2.i4.i32.i32, i4 %select_ln230_1, i32 2, i32 3" [bert_layer.cpp:230]   --->   Operation 26 'partselect' 'p_cast23_mid2_v' <Predicate = (!icmp_ln230)> <Delay = 0.00>
ST_1 : Operation 27 [1/1] (0.95ns)   --->   "%switch_ln234 = switch i4 %select_ln230_1, void %arrayidx6224.case.11, i4 0, void %arrayidx6224.case.0, i4 1, void %arrayidx6224.case.1, i4 2, void %arrayidx6224.case.2, i4 3, void %arrayidx6224.case.3, i4 4, void %arrayidx6224.case.4, i4 5, void %arrayidx6224.case.5, i4 6, void %arrayidx6224.case.6, i4 7, void %arrayidx6224.case.7, i4 8, void %arrayidx6224.case.8, i4 9, void %arrayidx6224.case.9, i4 10, void %arrayidx6224.case.10" [bert_layer.cpp:234]   --->   Operation 27 'switch' 'switch_ln234' <Predicate = (!icmp_ln230)> <Delay = 0.95>
ST_1 : Operation 28 [1/1] (1.87ns)   --->   "%add_ln231 = add i7 %select_ln230, i7 1" [bert_layer.cpp:231]   --->   Operation 28 'add' 'add_ln231' <Predicate = (!icmp_ln230)> <Delay = 1.87> <CoreInst = "Adder">   --->   Core 1 'Adder' <Latency = 0> <II = 1> <Delay = 1.87> <FuncUnit> <Opcode : 'add' 'sub'> <InPorts = 2> <OutPorts = 1>
ST_1 : Operation 29 [1/1] (1.58ns)   --->   "%store_ln231 = store i10 %add_ln230_1, i10 %indvar_flatten63" [bert_layer.cpp:231]   --->   Operation 29 'store' 'store_ln231' <Predicate = (!icmp_ln230)> <Delay = 1.58>
ST_1 : Operation 30 [1/1] (1.58ns)   --->   "%store_ln231 = store i4 %select_ln230_1, i4 %i_m" [bert_layer.cpp:231]   --->   Operation 30 'store' 'store_ln231' <Predicate = (!icmp_ln230)> <Delay = 1.58>
ST_1 : Operation 31 [1/1] (1.58ns)   --->   "%store_ln231 = store i7 %add_ln231, i7 %j_m" [bert_layer.cpp:231]   --->   Operation 31 'store' 'store_ln231' <Predicate = (!icmp_ln230)> <Delay = 1.58>
ST_1 : Operation 32 [1/1] (0.00ns)   --->   "%br_ln231 = br void %for.inc63" [bert_layer.cpp:231]   --->   Operation 32 'br' 'br_ln231' <Predicate = (!icmp_ln230)> <Delay = 0.00>

State 2 <SV = 1> <Delay = 5.16>
ST_2 : Operation 33 [1/1] (0.00ns)   --->   "%tmp_s = bitconcatenate i8 @_ssdm_op_BitConcatenate.i8.i2.i6, i2 %p_cast23_mid2_v, i6 0" [bert_layer.cpp:233]   --->   Operation 33 'bitconcatenate' 'tmp_s' <Predicate = true> <Delay = 0.00>
ST_2 : Operation 34 [1/1] (0.00ns)   --->   "%zext_ln233 = zext i7 %select_ln230" [bert_layer.cpp:233]   --->   Operation 34 'zext' 'zext_ln233' <Predicate = true> <Delay = 0.00>
ST_2 : Operation 35 [1/1] (1.91ns)   --->   "%add_ln233 = add i8 %tmp_s, i8 %zext_ln233" [bert_layer.cpp:233]   --->   Operation 35 'add' 'add_ln233' <Predicate = true> <Delay = 1.91> <CoreInst = "Adder">   --->   Core 1 'Adder' <Latency = 0> <II = 1> <Delay = 1.91> <FuncUnit> <Opcode : 'add' 'sub'> <InPorts = 2> <OutPorts = 1>
ST_2 : Operation 36 [1/1] (0.00ns)   --->   "%zext_ln233_1 = zext i8 %add_ln233" [bert_layer.cpp:233]   --->   Operation 36 'zext' 'zext_ln233_1' <Predicate = true> <Delay = 0.00>
ST_2 : Operation 37 [1/1] (0.00ns)   --->   "%v125_addr = getelementptr i8 %v125, i64 0, i64 %zext_ln233_1" [bert_layer.cpp:233]   --->   Operation 37 'getelementptr' 'v125_addr' <Predicate = true> <Delay = 0.00>
ST_2 : Operation 38 [1/1] (0.00ns)   --->   "%v125_1_addr = getelementptr i8 %v125_1, i64 0, i64 %zext_ln233_1" [bert_layer.cpp:233]   --->   Operation 38 'getelementptr' 'v125_1_addr' <Predicate = true> <Delay = 0.00>
ST_2 : Operation 39 [1/1] (0.00ns)   --->   "%v125_2_addr = getelementptr i8 %v125_2, i64 0, i64 %zext_ln233_1" [bert_layer.cpp:233]   --->   Operation 39 'getelementptr' 'v125_2_addr' <Predicate = true> <Delay = 0.00>
ST_2 : Operation 40 [1/1] (0.00ns)   --->   "%v125_3_addr = getelementptr i8 %v125_3, i64 0, i64 %zext_ln233_1" [bert_layer.cpp:233]   --->   Operation 40 'getelementptr' 'v125_3_addr' <Predicate = true> <Delay = 0.00>
ST_2 : Operation 41 [2/2] (3.25ns)   --->   "%v125_load = load i8 %v125_addr" [bert_layer.cpp:233]   --->   Operation 41 'load' 'v125_load' <Predicate = true> <Delay = 3.25> <CoreInst = "RAM">   --->   Core 82 'RAM' <Latency = 1> <II = 1> <Delay = 3.25> <Storage> <Opcode : 'load' 'store'> <Ports = 2> <Width = 8> <Depth = 192> <RAM>
ST_2 : Operation 42 [2/2] (3.25ns)   --->   "%v125_1_load = load i8 %v125_1_addr" [bert_layer.cpp:233]   --->   Operation 42 'load' 'v125_1_load' <Predicate = true> <Delay = 3.25> <CoreInst = "RAM">   --->   Core 82 'RAM' <Latency = 1> <II = 1> <Delay = 3.25> <Storage> <Opcode : 'load' 'store'> <Ports = 2> <Width = 8> <Depth = 192> <RAM>
ST_2 : Operation 43 [2/2] (3.25ns)   --->   "%v125_2_load = load i8 %v125_2_addr" [bert_layer.cpp:233]   --->   Operation 43 'load' 'v125_2_load' <Predicate = true> <Delay = 3.25> <CoreInst = "RAM">   --->   Core 82 'RAM' <Latency = 1> <II = 1> <Delay = 3.25> <Storage> <Opcode : 'load' 'store'> <Ports = 2> <Width = 8> <Depth = 192> <RAM>
ST_2 : Operation 44 [2/2] (3.25ns)   --->   "%v125_3_load = load i8 %v125_3_addr" [bert_layer.cpp:233]   --->   Operation 44 'load' 'v125_3_load' <Predicate = true> <Delay = 3.25> <CoreInst = "RAM">   --->   Core 82 'RAM' <Latency = 1> <II = 1> <Delay = 3.25> <Storage> <Opcode : 'load' 'store'> <Ports = 2> <Width = 8> <Depth = 192> <RAM>

State 3 <SV = 2> <Delay = 5.08>
ST_3 : Operation 45 [1/2] (3.25ns)   --->   "%v125_load = load i8 %v125_addr" [bert_layer.cpp:233]   --->   Operation 45 'load' 'v125_load' <Predicate = true> <Delay = 3.25> <CoreInst = "RAM">   --->   Core 82 'RAM' <Latency = 1> <II = 1> <Delay = 3.25> <Storage> <Opcode : 'load' 'store'> <Ports = 2> <Width = 8> <Depth = 192> <RAM>
ST_3 : Operation 46 [1/2] (3.25ns)   --->   "%v125_1_load = load i8 %v125_1_addr" [bert_layer.cpp:233]   --->   Operation 46 'load' 'v125_1_load' <Predicate = true> <Delay = 3.25> <CoreInst = "RAM">   --->   Core 82 'RAM' <Latency = 1> <II = 1> <Delay = 3.25> <Storage> <Opcode : 'load' 'store'> <Ports = 2> <Width = 8> <Depth = 192> <RAM>
ST_3 : Operation 47 [1/2] (3.25ns)   --->   "%v125_2_load = load i8 %v125_2_addr" [bert_layer.cpp:233]   --->   Operation 47 'load' 'v125_2_load' <Predicate = true> <Delay = 3.25> <CoreInst = "RAM">   --->   Core 82 'RAM' <Latency = 1> <II = 1> <Delay = 3.25> <Storage> <Opcode : 'load' 'store'> <Ports = 2> <Width = 8> <Depth = 192> <RAM>
ST_3 : Operation 48 [1/2] (3.25ns)   --->   "%v125_3_load = load i8 %v125_3_addr" [bert_layer.cpp:233]   --->   Operation 48 'load' 'v125_3_load' <Predicate = true> <Delay = 3.25> <CoreInst = "RAM">   --->   Core 82 'RAM' <Latency = 1> <II = 1> <Delay = 3.25> <Storage> <Opcode : 'load' 'store'> <Ports = 2> <Width = 8> <Depth = 192> <RAM>
ST_3 : Operation 49 [1/1] (1.82ns)   --->   "%v128 = mux i8 @_ssdm_op_Mux.ap_auto.4i8.i2, i8 %v125_load, i8 %v125_1_load, i8 %v125_2_load, i8 %v125_3_load, i2 %trunc_ln230" [bert_layer.cpp:233]   --->   Operation 49 'mux' 'v128' <Predicate = true> <Delay = 1.82> <CoreInst = "Multiplexer">   --->   Core 76 'Multiplexer' <Latency = 0> <II = 1> <Delay = 1.82> <FuncUnit> <Opcode : 'mux'> <InPorts = 2> <OutPorts = 1>
ST_3 : Operation 93 [1/1] (0.00ns)   --->   "%ret_ln0 = ret"   --->   Operation 93 'ret' 'ret_ln0' <Predicate = (icmp_ln230)> <Delay = 0.00>

State 4 <SV = 3> <Delay = 4.98>
ST_4 : Operation 50 [1/1] (0.00ns)   --->   "%specloopname_ln0 = specloopname void @_ssdm_op_SpecLoopName, void @l_mh_merge_i_m_l_j_m_str"   --->   Operation 50 'specloopname' 'specloopname_ln0' <Predicate = true> <Delay = 0.00>
ST_4 : Operation 51 [1/1] (0.00ns)   --->   "%empty = speclooptripcount i32 @_ssdm_op_SpecLoopTripCount, i64 768, i64 768, i64 768"   --->   Operation 51 'speclooptripcount' 'empty' <Predicate = true> <Delay = 0.00>
ST_4 : Operation 52 [1/1] (0.00ns)   --->   "%zext_ln231 = zext i7 %select_ln230" [bert_layer.cpp:231]   --->   Operation 52 'zext' 'zext_ln231' <Predicate = true> <Delay = 0.00>
ST_4 : Operation 53 [1/1] (0.00ns)   --->   "%specpipeline_ln232 = specpipeline void @_ssdm_op_SpecPipeline, i32 1, i32 0, i32 0, i32 0, void @empty_43" [bert_layer.cpp:232]   --->   Operation 53 'specpipeline' 'specpipeline_ln232' <Predicate = true> <Delay = 0.00>
ST_4 : Operation 54 [1/1] (0.00ns)   --->   "%specloopname_ln231 = specloopname void @_ssdm_op_SpecLoopName, void @empty_14" [bert_layer.cpp:231]   --->   Operation 54 'specloopname' 'specloopname_ln231' <Predicate = true> <Delay = 0.00>
ST_4 : Operation 55 [1/1] (1.73ns)   --->   "%add_ln234 = add i10 %tmp_read, i10 %zext_ln231" [bert_layer.cpp:234]   --->   Operation 55 'add' 'add_ln234' <Predicate = true> <Delay = 1.73> <CoreInst = "Adder">   --->   Core 1 'Adder' <Latency = 0> <II = 1> <Delay = 1.73> <FuncUnit> <Opcode : 'add' 'sub'> <InPorts = 2> <OutPorts = 1>
ST_4 : Operation 56 [1/1] (0.00ns)   --->   "%zext_ln234 = zext i10 %add_ln234" [bert_layer.cpp:234]   --->   Operation 56 'zext' 'zext_ln234' <Predicate = true> <Delay = 0.00>
ST_4 : Operation 57 [1/1] (0.00ns)   --->   "%v113_0_addr = getelementptr i8 %v113_0, i64 0, i64 %zext_ln234" [bert_layer.cpp:234]   --->   Operation 57 'getelementptr' 'v113_0_addr' <Predicate = true> <Delay = 0.00>
ST_4 : Operation 58 [1/1] (0.00ns)   --->   "%v113_1_addr = getelementptr i8 %v113_1, i64 0, i64 %zext_ln234" [bert_layer.cpp:234]   --->   Operation 58 'getelementptr' 'v113_1_addr' <Predicate = true> <Delay = 0.00>
ST_4 : Operation 59 [1/1] (0.00ns)   --->   "%v113_2_addr = getelementptr i8 %v113_2, i64 0, i64 %zext_ln234" [bert_layer.cpp:234]   --->   Operation 59 'getelementptr' 'v113_2_addr' <Predicate = true> <Delay = 0.00>
ST_4 : Operation 60 [1/1] (0.00ns)   --->   "%v113_3_addr = getelementptr i8 %v113_3, i64 0, i64 %zext_ln234" [bert_layer.cpp:234]   --->   Operation 60 'getelementptr' 'v113_3_addr' <Predicate = true> <Delay = 0.00>
ST_4 : Operation 61 [1/1] (0.00ns)   --->   "%v113_4_addr = getelementptr i8 %v113_4, i64 0, i64 %zext_ln234" [bert_layer.cpp:234]   --->   Operation 61 'getelementptr' 'v113_4_addr' <Predicate = true> <Delay = 0.00>
ST_4 : Operation 62 [1/1] (0.00ns)   --->   "%v113_5_addr = getelementptr i8 %v113_5, i64 0, i64 %zext_ln234" [bert_layer.cpp:234]   --->   Operation 62 'getelementptr' 'v113_5_addr' <Predicate = true> <Delay = 0.00>
ST_4 : Operation 63 [1/1] (0.00ns)   --->   "%v113_6_addr = getelementptr i8 %v113_6, i64 0, i64 %zext_ln234" [bert_layer.cpp:234]   --->   Operation 63 'getelementptr' 'v113_6_addr' <Predicate = true> <Delay = 0.00>
ST_4 : Operation 64 [1/1] (0.00ns)   --->   "%v113_7_addr = getelementptr i8 %v113_7, i64 0, i64 %zext_ln234" [bert_layer.cpp:234]   --->   Operation 64 'getelementptr' 'v113_7_addr' <Predicate = true> <Delay = 0.00>
ST_4 : Operation 65 [1/1] (0.00ns)   --->   "%v113_8_addr = getelementptr i8 %v113_8, i64 0, i64 %zext_ln234" [bert_layer.cpp:234]   --->   Operation 65 'getelementptr' 'v113_8_addr' <Predicate = true> <Delay = 0.00>
ST_4 : Operation 66 [1/1] (0.00ns)   --->   "%v113_9_addr = getelementptr i8 %v113_9, i64 0, i64 %zext_ln234" [bert_layer.cpp:234]   --->   Operation 66 'getelementptr' 'v113_9_addr' <Predicate = true> <Delay = 0.00>
ST_4 : Operation 67 [1/1] (0.00ns)   --->   "%v113_10_addr = getelementptr i8 %v113_10, i64 0, i64 %zext_ln234" [bert_layer.cpp:234]   --->   Operation 67 'getelementptr' 'v113_10_addr' <Predicate = true> <Delay = 0.00>
ST_4 : Operation 68 [1/1] (0.00ns)   --->   "%v113_11_addr = getelementptr i8 %v113_11, i64 0, i64 %zext_ln234" [bert_layer.cpp:234]   --->   Operation 68 'getelementptr' 'v113_11_addr' <Predicate = true> <Delay = 0.00>
ST_4 : Operation 69 [1/1] (3.25ns)   --->   "%store_ln234 = store i8 %v128, i10 %v113_10_addr" [bert_layer.cpp:234]   --->   Operation 69 'store' 'store_ln234' <Predicate = (select_ln230_1 == 10)> <Delay = 3.25> <CoreInst = "RAM">   --->   Core 82 'RAM' <Latency = 1> <II = 1> <Delay = 3.25> <Storage> <Opcode : 'load' 'store'> <Ports = 2> <Width = 8> <Depth = 768> <RAM>
ST_4 : Operation 70 [1/1] (0.00ns)   --->   "%br_ln234 = br void %arrayidx6224.exit" [bert_layer.cpp:234]   --->   Operation 70 'br' 'br_ln234' <Predicate = (select_ln230_1 == 10)> <Delay = 0.00>
ST_4 : Operation 71 [1/1] (3.25ns)   --->   "%store_ln234 = store i8 %v128, i10 %v113_9_addr" [bert_layer.cpp:234]   --->   Operation 71 'store' 'store_ln234' <Predicate = (select_ln230_1 == 9)> <Delay = 3.25> <CoreInst = "RAM">   --->   Core 82 'RAM' <Latency = 1> <II = 1> <Delay = 3.25> <Storage> <Opcode : 'load' 'store'> <Ports = 2> <Width = 8> <Depth = 768> <RAM>
ST_4 : Operation 72 [1/1] (0.00ns)   --->   "%br_ln234 = br void %arrayidx6224.exit" [bert_layer.cpp:234]   --->   Operation 72 'br' 'br_ln234' <Predicate = (select_ln230_1 == 9)> <Delay = 0.00>
ST_4 : Operation 73 [1/1] (3.25ns)   --->   "%store_ln234 = store i8 %v128, i10 %v113_8_addr" [bert_layer.cpp:234]   --->   Operation 73 'store' 'store_ln234' <Predicate = (select_ln230_1 == 8)> <Delay = 3.25> <CoreInst = "RAM">   --->   Core 82 'RAM' <Latency = 1> <II = 1> <Delay = 3.25> <Storage> <Opcode : 'load' 'store'> <Ports = 2> <Width = 8> <Depth = 768> <RAM>
ST_4 : Operation 74 [1/1] (0.00ns)   --->   "%br_ln234 = br void %arrayidx6224.exit" [bert_layer.cpp:234]   --->   Operation 74 'br' 'br_ln234' <Predicate = (select_ln230_1 == 8)> <Delay = 0.00>
ST_4 : Operation 75 [1/1] (3.25ns)   --->   "%store_ln234 = store i8 %v128, i10 %v113_7_addr" [bert_layer.cpp:234]   --->   Operation 75 'store' 'store_ln234' <Predicate = (select_ln230_1 == 7)> <Delay = 3.25> <CoreInst = "RAM">   --->   Core 82 'RAM' <Latency = 1> <II = 1> <Delay = 3.25> <Storage> <Opcode : 'load' 'store'> <Ports = 2> <Width = 8> <Depth = 768> <RAM>
ST_4 : Operation 76 [1/1] (0.00ns)   --->   "%br_ln234 = br void %arrayidx6224.exit" [bert_layer.cpp:234]   --->   Operation 76 'br' 'br_ln234' <Predicate = (select_ln230_1 == 7)> <Delay = 0.00>
ST_4 : Operation 77 [1/1] (3.25ns)   --->   "%store_ln234 = store i8 %v128, i10 %v113_6_addr" [bert_layer.cpp:234]   --->   Operation 77 'store' 'store_ln234' <Predicate = (select_ln230_1 == 6)> <Delay = 3.25> <CoreInst = "RAM">   --->   Core 82 'RAM' <Latency = 1> <II = 1> <Delay = 3.25> <Storage> <Opcode : 'load' 'store'> <Ports = 2> <Width = 8> <Depth = 768> <RAM>
ST_4 : Operation 78 [1/1] (0.00ns)   --->   "%br_ln234 = br void %arrayidx6224.exit" [bert_layer.cpp:234]   --->   Operation 78 'br' 'br_ln234' <Predicate = (select_ln230_1 == 6)> <Delay = 0.00>
ST_4 : Operation 79 [1/1] (3.25ns)   --->   "%store_ln234 = store i8 %v128, i10 %v113_5_addr" [bert_layer.cpp:234]   --->   Operation 79 'store' 'store_ln234' <Predicate = (select_ln230_1 == 5)> <Delay = 3.25> <CoreInst = "RAM">   --->   Core 82 'RAM' <Latency = 1> <II = 1> <Delay = 3.25> <Storage> <Opcode : 'load' 'store'> <Ports = 2> <Width = 8> <Depth = 768> <RAM>
ST_4 : Operation 80 [1/1] (0.00ns)   --->   "%br_ln234 = br void %arrayidx6224.exit" [bert_layer.cpp:234]   --->   Operation 80 'br' 'br_ln234' <Predicate = (select_ln230_1 == 5)> <Delay = 0.00>
ST_4 : Operation 81 [1/1] (3.25ns)   --->   "%store_ln234 = store i8 %v128, i10 %v113_4_addr" [bert_layer.cpp:234]   --->   Operation 81 'store' 'store_ln234' <Predicate = (select_ln230_1 == 4)> <Delay = 3.25> <CoreInst = "RAM">   --->   Core 82 'RAM' <Latency = 1> <II = 1> <Delay = 3.25> <Storage> <Opcode : 'load' 'store'> <Ports = 2> <Width = 8> <Depth = 768> <RAM>
ST_4 : Operation 82 [1/1] (0.00ns)   --->   "%br_ln234 = br void %arrayidx6224.exit" [bert_layer.cpp:234]   --->   Operation 82 'br' 'br_ln234' <Predicate = (select_ln230_1 == 4)> <Delay = 0.00>
ST_4 : Operation 83 [1/1] (3.25ns)   --->   "%store_ln234 = store i8 %v128, i10 %v113_3_addr" [bert_layer.cpp:234]   --->   Operation 83 'store' 'store_ln234' <Predicate = (select_ln230_1 == 3)> <Delay = 3.25> <CoreInst = "RAM">   --->   Core 82 'RAM' <Latency = 1> <II = 1> <Delay = 3.25> <Storage> <Opcode : 'load' 'store'> <Ports = 2> <Width = 8> <Depth = 768> <RAM>
ST_4 : Operation 84 [1/1] (0.00ns)   --->   "%br_ln234 = br void %arrayidx6224.exit" [bert_layer.cpp:234]   --->   Operation 84 'br' 'br_ln234' <Predicate = (select_ln230_1 == 3)> <Delay = 0.00>
ST_4 : Operation 85 [1/1] (3.25ns)   --->   "%store_ln234 = store i8 %v128, i10 %v113_2_addr" [bert_layer.cpp:234]   --->   Operation 85 'store' 'store_ln234' <Predicate = (select_ln230_1 == 2)> <Delay = 3.25> <CoreInst = "RAM">   --->   Core 82 'RAM' <Latency = 1> <II = 1> <Delay = 3.25> <Storage> <Opcode : 'load' 'store'> <Ports = 2> <Width = 8> <Depth = 768> <RAM>
ST_4 : Operation 86 [1/1] (0.00ns)   --->   "%br_ln234 = br void %arrayidx6224.exit" [bert_layer.cpp:234]   --->   Operation 86 'br' 'br_ln234' <Predicate = (select_ln230_1 == 2)> <Delay = 0.00>
ST_4 : Operation 87 [1/1] (3.25ns)   --->   "%store_ln234 = store i8 %v128, i10 %v113_1_addr" [bert_layer.cpp:234]   --->   Operation 87 'store' 'store_ln234' <Predicate = (select_ln230_1 == 1)> <Delay = 3.25> <CoreInst = "RAM">   --->   Core 82 'RAM' <Latency = 1> <II = 1> <Delay = 3.25> <Storage> <Opcode : 'load' 'store'> <Ports = 2> <Width = 8> <Depth = 768> <RAM>
ST_4 : Operation 88 [1/1] (0.00ns)   --->   "%br_ln234 = br void %arrayidx6224.exit" [bert_layer.cpp:234]   --->   Operation 88 'br' 'br_ln234' <Predicate = (select_ln230_1 == 1)> <Delay = 0.00>
ST_4 : Operation 89 [1/1] (3.25ns)   --->   "%store_ln234 = store i8 %v128, i10 %v113_0_addr" [bert_layer.cpp:234]   --->   Operation 89 'store' 'store_ln234' <Predicate = (select_ln230_1 == 0)> <Delay = 3.25> <CoreInst = "RAM">   --->   Core 82 'RAM' <Latency = 1> <II = 1> <Delay = 3.25> <Storage> <Opcode : 'load' 'store'> <Ports = 2> <Width = 8> <Depth = 768> <RAM>
ST_4 : Operation 90 [1/1] (0.00ns)   --->   "%br_ln234 = br void %arrayidx6224.exit" [bert_layer.cpp:234]   --->   Operation 90 'br' 'br_ln234' <Predicate = (select_ln230_1 == 0)> <Delay = 0.00>
ST_4 : Operation 91 [1/1] (3.25ns)   --->   "%store_ln234 = store i8 %v128, i10 %v113_11_addr" [bert_layer.cpp:234]   --->   Operation 91 'store' 'store_ln234' <Predicate = (select_ln230_1 == 15) | (select_ln230_1 == 14) | (select_ln230_1 == 13) | (select_ln230_1 == 12) | (select_ln230_1 == 11)> <Delay = 3.25> <CoreInst = "RAM">   --->   Core 82 'RAM' <Latency = 1> <II = 1> <Delay = 3.25> <Storage> <Opcode : 'load' 'store'> <Ports = 2> <Width = 8> <Depth = 768> <RAM>
ST_4 : Operation 92 [1/1] (0.00ns)   --->   "%br_ln234 = br void %arrayidx6224.exit" [bert_layer.cpp:234]   --->   Operation 92 'br' 'br_ln234' <Predicate = (select_ln230_1 == 15) | (select_ln230_1 == 14) | (select_ln230_1 == 13) | (select_ln230_1 == 12) | (select_ln230_1 == 11)> <Delay = 0.00>


============================================================
+ Verbose Summary: Binding
============================================================
STG Binding: 
---------------- STG Properties BEGIN ----------------
- Is combinational: 0
- Is one-state seq: 0
- Is datapath-only: 0
- Is pipelined: 0
- Is top level: 0
Port [ Return ] is wired: 1; IO mode=ap_ctrl_hs:ce=0
Port [ v125]:  wired=1; compound=1; hidden=0; nouse=0; global=0; static=0; extern=0; dir=0; type=1; pingpong=0; private_global=0; MemPort=[13]; IO mode=ap_memory:ce=0
Port [ v125_1]:  wired=1; compound=1; hidden=0; nouse=0; global=0; static=0; extern=0; dir=0; type=1; pingpong=0; private_global=0; MemPort=[13]; IO mode=ap_memory:ce=0
Port [ v125_2]:  wired=1; compound=1; hidden=0; nouse=0; global=0; static=0; extern=0; dir=0; type=1; pingpong=0; private_global=0; MemPort=[13]; IO mode=ap_memory:ce=0
Port [ v125_3]:  wired=1; compound=1; hidden=0; nouse=0; global=0; static=0; extern=0; dir=0; type=1; pingpong=0; private_global=0; MemPort=[13]; IO mode=ap_memory:ce=0
Port [ tmp]:  wired=1; compound=0; hidden=0; nouse=0; global=0; static=0; extern=0; dir=0; type=0; pingpong=0; private_global=0; IO mode=ap_none:ce=0
Port [ v113_0]:  wired=1; compound=1; hidden=0; nouse=0; global=0; static=0; extern=0; dir=1; type=1; pingpong=0; private_global=0; MemPort=[03]; IO mode=ap_memory:ce=0
Port [ v113_1]:  wired=1; compound=1; hidden=0; nouse=0; global=0; static=0; extern=0; dir=1; type=1; pingpong=0; private_global=0; MemPort=[03]; IO mode=ap_memory:ce=0
Port [ v113_2]:  wired=1; compound=1; hidden=0; nouse=0; global=0; static=0; extern=0; dir=1; type=1; pingpong=0; private_global=0; MemPort=[03]; IO mode=ap_memory:ce=0
Port [ v113_3]:  wired=1; compound=1; hidden=0; nouse=0; global=0; static=0; extern=0; dir=1; type=1; pingpong=0; private_global=0; MemPort=[03]; IO mode=ap_memory:ce=0
Port [ v113_4]:  wired=1; compound=1; hidden=0; nouse=0; global=0; static=0; extern=0; dir=1; type=1; pingpong=0; private_global=0; MemPort=[03]; IO mode=ap_memory:ce=0
Port [ v113_5]:  wired=1; compound=1; hidden=0; nouse=0; global=0; static=0; extern=0; dir=1; type=1; pingpong=0; private_global=0; MemPort=[03]; IO mode=ap_memory:ce=0
Port [ v113_6]:  wired=1; compound=1; hidden=0; nouse=0; global=0; static=0; extern=0; dir=1; type=1; pingpong=0; private_global=0; MemPort=[03]; IO mode=ap_memory:ce=0
Port [ v113_7]:  wired=1; compound=1; hidden=0; nouse=0; global=0; static=0; extern=0; dir=1; type=1; pingpong=0; private_global=0; MemPort=[03]; IO mode=ap_memory:ce=0
Port [ v113_8]:  wired=1; compound=1; hidden=0; nouse=0; global=0; static=0; extern=0; dir=1; type=1; pingpong=0; private_global=0; MemPort=[03]; IO mode=ap_memory:ce=0
Port [ v113_9]:  wired=1; compound=1; hidden=0; nouse=0; global=0; static=0; extern=0; dir=1; type=1; pingpong=0; private_global=0; MemPort=[03]; IO mode=ap_memory:ce=0
Port [ v113_10]:  wired=1; compound=1; hidden=0; nouse=0; global=0; static=0; extern=0; dir=1; type=1; pingpong=0; private_global=0; MemPort=[03]; IO mode=ap_memory:ce=0
Port [ v113_11]:  wired=1; compound=1; hidden=0; nouse=0; global=0; static=0; extern=0; dir=1; type=1; pingpong=0; private_global=0; MemPort=[03]; IO mode=ap_memory:ce=0
---------------- STG Properties END ------------------

---------------- Datapath Model BEGIN ----------------

<LifeTime>
<method=bitvector/>
j_m                   (alloca           ) [ 01000]
i_m                   (alloca           ) [ 01000]
indvar_flatten63      (alloca           ) [ 01000]
tmp_read              (read             ) [ 01111]
store_ln0             (store            ) [ 00000]
store_ln0             (store            ) [ 00000]
store_ln0             (store            ) [ 00000]
br_ln0                (br               ) [ 00000]
indvar_flatten63_load (load             ) [ 00000]
icmp_ln230            (icmp             ) [ 01110]
add_ln230_1           (add              ) [ 00000]
br_ln230              (br               ) [ 00000]
j_m_load              (load             ) [ 00000]
i_m_load              (load             ) [ 00000]
add_ln230             (add              ) [ 00000]
icmp_ln231            (icmp             ) [ 00000]
select_ln230          (select           ) [ 01111]
select_ln230_1        (select           ) [ 01111]
trunc_ln230           (trunc            ) [ 01110]
p_cast23_mid2_v       (partselect       ) [ 01100]
switch_ln234          (switch           ) [ 00000]
add_ln231             (add              ) [ 00000]
store_ln231           (store            ) [ 00000]
store_ln231           (store            ) [ 00000]
store_ln231           (store            ) [ 00000]
br_ln231              (br               ) [ 00000]
tmp_s                 (bitconcatenate   ) [ 00000]
zext_ln233            (zext             ) [ 00000]
add_ln233             (add              ) [ 00000]
zext_ln233_1          (zext             ) [ 00000]
v125_addr             (getelementptr    ) [ 01010]
v125_1_addr           (getelementptr    ) [ 01010]
v125_2_addr           (getelementptr    ) [ 01010]
v125_3_addr           (getelementptr    ) [ 01010]
v125_load             (load             ) [ 00000]
v125_1_load           (load             ) [ 00000]
v125_2_load           (load             ) [ 00000]
v125_3_load           (load             ) [ 00000]
v128                  (mux              ) [ 01001]
specloopname_ln0      (specloopname     ) [ 00000]
empty                 (speclooptripcount) [ 00000]
zext_ln231            (zext             ) [ 00000]
specpipeline_ln232    (specpipeline     ) [ 00000]
specloopname_ln231    (specloopname     ) [ 00000]
add_ln234             (add              ) [ 00000]
zext_ln234            (zext             ) [ 00000]
v113_0_addr           (getelementptr    ) [ 00000]
v113_1_addr           (getelementptr    ) [ 00000]
v113_2_addr           (getelementptr    ) [ 00000]
v113_3_addr           (getelementptr    ) [ 00000]
v113_4_addr           (getelementptr    ) [ 00000]
v113_5_addr           (getelementptr    ) [ 00000]
v113_6_addr           (getelementptr    ) [ 00000]
v113_7_addr           (getelementptr    ) [ 00000]
v113_8_addr           (getelementptr    ) [ 00000]
v113_9_addr           (getelementptr    ) [ 00000]
v113_10_addr          (getelementptr    ) [ 00000]
v113_11_addr          (getelementptr    ) [ 00000]
store_ln234           (store            ) [ 00000]
br_ln234              (br               ) [ 00000]
store_ln234           (store            ) [ 00000]
br_ln234              (br               ) [ 00000]
store_ln234           (store            ) [ 00000]
br_ln234              (br               ) [ 00000]
store_ln234           (store            ) [ 00000]
br_ln234              (br               ) [ 00000]
store_ln234           (store            ) [ 00000]
br_ln234              (br               ) [ 00000]
store_ln234           (store            ) [ 00000]
br_ln234              (br               ) [ 00000]
store_ln234           (store            ) [ 00000]
br_ln234              (br               ) [ 00000]
store_ln234           (store            ) [ 00000]
br_ln234              (br               ) [ 00000]
store_ln234           (store            ) [ 00000]
br_ln234              (br               ) [ 00000]
store_ln234           (store            ) [ 00000]
br_ln234              (br               ) [ 00000]
store_ln234           (store            ) [ 00000]
br_ln234              (br               ) [ 00000]
store_ln234           (store            ) [ 00000]
br_ln234              (br               ) [ 00000]
ret_ln0               (ret              ) [ 00000]
</LifeTime>

<model>

<comp_list>
<comp id="0" class="1000" name="v125">
<pin_list>
<pin id="1" dir="1" index="0" bw="1" slack="0"/>
</pin_list>
<bind>
<StgValue><ssdm name="v125"/><MemPortTyVec>1 3 </MemPortTyVec>
</StgValue>
</bind>
</comp>

<comp id="2" class="1000" name="v125_1">
<pin_list>
<pin id="3" dir="1" index="0" bw="1" slack="0"/>
</pin_list>
<bind>
<StgValue><ssdm name="v125_1"/><MemPortTyVec>1 3 </MemPortTyVec>
</StgValue>
</bind>
</comp>

<comp id="4" class="1000" name="v125_2">
<pin_list>
<pin id="5" dir="1" index="0" bw="1" slack="0"/>
</pin_list>
<bind>
<StgValue><ssdm name="v125_2"/><MemPortTyVec>1 3 </MemPortTyVec>
</StgValue>
</bind>
</comp>

<comp id="6" class="1000" name="v125_3">
<pin_list>
<pin id="7" dir="1" index="0" bw="1" slack="0"/>
</pin_list>
<bind>
<StgValue><ssdm name="v125_3"/><MemPortTyVec>1 3 </MemPortTyVec>
</StgValue>
</bind>
</comp>

<comp id="8" class="1000" name="tmp">
<pin_list>
<pin id="9" dir="1" index="0" bw="1" slack="0"/>
</pin_list>
<bind>
<StgValue><ssdm name="tmp"/></StgValue>
</bind>
</comp>

<comp id="10" class="1000" name="v113_0">
<pin_list>
<pin id="11" dir="1" index="0" bw="1" slack="0"/>
</pin_list>
<bind>
<StgValue><ssdm name="v113_0"/><MemPortTyVec>0 3 </MemPortTyVec>
</StgValue>
</bind>
</comp>

<comp id="12" class="1000" name="v113_1">
<pin_list>
<pin id="13" dir="1" index="0" bw="1" slack="0"/>
</pin_list>
<bind>
<StgValue><ssdm name="v113_1"/><MemPortTyVec>0 3 </MemPortTyVec>
</StgValue>
</bind>
</comp>

<comp id="14" class="1000" name="v113_2">
<pin_list>
<pin id="15" dir="1" index="0" bw="1" slack="0"/>
</pin_list>
<bind>
<StgValue><ssdm name="v113_2"/><MemPortTyVec>0 3 </MemPortTyVec>
</StgValue>
</bind>
</comp>

<comp id="16" class="1000" name="v113_3">
<pin_list>
<pin id="17" dir="1" index="0" bw="1" slack="0"/>
</pin_list>
<bind>
<StgValue><ssdm name="v113_3"/><MemPortTyVec>0 3 </MemPortTyVec>
</StgValue>
</bind>
</comp>

<comp id="18" class="1000" name="v113_4">
<pin_list>
<pin id="19" dir="1" index="0" bw="1" slack="0"/>
</pin_list>
<bind>
<StgValue><ssdm name="v113_4"/><MemPortTyVec>0 3 </MemPortTyVec>
</StgValue>
</bind>
</comp>

<comp id="20" class="1000" name="v113_5">
<pin_list>
<pin id="21" dir="1" index="0" bw="1" slack="0"/>
</pin_list>
<bind>
<StgValue><ssdm name="v113_5"/><MemPortTyVec>0 3 </MemPortTyVec>
</StgValue>
</bind>
</comp>

<comp id="22" class="1000" name="v113_6">
<pin_list>
<pin id="23" dir="1" index="0" bw="1" slack="0"/>
</pin_list>
<bind>
<StgValue><ssdm name="v113_6"/><MemPortTyVec>0 3 </MemPortTyVec>
</StgValue>
</bind>
</comp>

<comp id="24" class="1000" name="v113_7">
<pin_list>
<pin id="25" dir="1" index="0" bw="1" slack="0"/>
</pin_list>
<bind>
<StgValue><ssdm name="v113_7"/><MemPortTyVec>0 3 </MemPortTyVec>
</StgValue>
</bind>
</comp>

<comp id="26" class="1000" name="v113_8">
<pin_list>
<pin id="27" dir="1" index="0" bw="1" slack="0"/>
</pin_list>
<bind>
<StgValue><ssdm name="v113_8"/><MemPortTyVec>0 3 </MemPortTyVec>
</StgValue>
</bind>
</comp>

<comp id="28" class="1000" name="v113_9">
<pin_list>
<pin id="29" dir="1" index="0" bw="1" slack="0"/>
</pin_list>
<bind>
<StgValue><ssdm name="v113_9"/><MemPortTyVec>0 3 </MemPortTyVec>
</StgValue>
</bind>
</comp>

<comp id="30" class="1000" name="v113_10">
<pin_list>
<pin id="31" dir="1" index="0" bw="1" slack="0"/>
</pin_list>
<bind>
<StgValue><ssdm name="v113_10"/><MemPortTyVec>0 3 </MemPortTyVec>
</StgValue>
</bind>
</comp>

<comp id="32" class="1000" name="v113_11">
<pin_list>
<pin id="33" dir="1" index="0" bw="1" slack="0"/>
</pin_list>
<bind>
<StgValue><ssdm name="v113_11"/><MemPortTyVec>0 3 </MemPortTyVec>
</StgValue>
</bind>
</comp>

<comp id="34" class="1001" name="const_34">
<pin_list>
<pin id="35" dir="1" index="0" bw="1" slack="0"/>
</pin_list>
<bind>
<StgValue><ssdm name=""/></StgValue>
</bind>
</comp>

<comp id="36" class="1001" name="const_36">
<pin_list>
<pin id="37" dir="1" index="0" bw="1" slack="0"/>
</pin_list>
<bind>
<StgValue><ssdm name="_ssdm_op_Read.ap_auto.i10"/></StgValue>
</bind>
</comp>

<comp id="38" class="1001" name="const_38">
<pin_list>
<pin id="39" dir="1" index="0" bw="1" slack="0"/>
</pin_list>
<bind>
<StgValue><ssdm name=""/></StgValue>
</bind>
</comp>

<comp id="40" class="1001" name="const_40">
<pin_list>
<pin id="41" dir="1" index="0" bw="1" slack="0"/>
</pin_list>
<bind>
<StgValue><ssdm name=""/></StgValue>
</bind>
</comp>

<comp id="42" class="1001" name="const_42">
<pin_list>
<pin id="43" dir="1" index="0" bw="1" slack="0"/>
</pin_list>
<bind>
<StgValue><ssdm name=""/></StgValue>
</bind>
</comp>

<comp id="44" class="1001" name="const_44">
<pin_list>
<pin id="45" dir="1" index="0" bw="1" slack="0"/>
</pin_list>
<bind>
<StgValue><ssdm name=""/></StgValue>
</bind>
</comp>

<comp id="46" class="1001" name="const_46">
<pin_list>
<pin id="47" dir="1" index="0" bw="1" slack="0"/>
</pin_list>
<bind>
<StgValue><ssdm name=""/></StgValue>
</bind>
</comp>

<comp id="48" class="1001" name="const_48">
<pin_list>
<pin id="49" dir="1" index="0" bw="1" slack="0"/>
</pin_list>
<bind>
<StgValue><ssdm name=""/></StgValue>
</bind>
</comp>

<comp id="50" class="1001" name="const_50">
<pin_list>
<pin id="51" dir="1" index="0" bw="1" slack="0"/>
</pin_list>
<bind>
<StgValue><ssdm name=""/></StgValue>
</bind>
</comp>

<comp id="52" class="1001" name="const_52">
<pin_list>
<pin id="53" dir="1" index="0" bw="1" slack="0"/>
</pin_list>
<bind>
<StgValue><ssdm name="_ssdm_op_PartSelect.i2.i4.i32.i32"/></StgValue>
</bind>
</comp>

<comp id="54" class="1001" name="const_54">
<pin_list>
<pin id="55" dir="1" index="0" bw="1" slack="0"/>
</pin_list>
<bind>
<StgValue><ssdm name=""/></StgValue>
</bind>
</comp>

<comp id="56" class="1001" name="const_56">
<pin_list>
<pin id="57" dir="1" index="0" bw="1" slack="0"/>
</pin_list>
<bind>
<StgValue><ssdm name=""/></StgValue>
</bind>
</comp>

<comp id="58" class="1001" name="const_58">
<pin_list>
<pin id="59" dir="1" index="0" bw="1" slack="2147483647"/>
</pin_list>
<bind>
<StgValue><ssdm name=""/></StgValue>
</bind>
</comp>

<comp id="60" class="1001" name="const_60">
<pin_list>
<pin id="61" dir="1" index="0" bw="1" slack="2147483647"/>
</pin_list>
<bind>
<StgValue><ssdm name=""/></StgValue>
</bind>
</comp>

<comp id="62" class="1001" name="const_62">
<pin_list>
<pin id="63" dir="1" index="0" bw="1" slack="2147483647"/>
</pin_list>
<bind>
<StgValue><ssdm name=""/></StgValue>
</bind>
</comp>

<comp id="64" class="1001" name="const_64">
<pin_list>
<pin id="65" dir="1" index="0" bw="1" slack="2147483647"/>
</pin_list>
<bind>
<StgValue><ssdm name=""/></StgValue>
</bind>
</comp>

<comp id="66" class="1001" name="const_66">
<pin_list>
<pin id="67" dir="1" index="0" bw="1" slack="2147483647"/>
</pin_list>
<bind>
<StgValue><ssdm name=""/></StgValue>
</bind>
</comp>

<comp id="68" class="1001" name="const_68">
<pin_list>
<pin id="69" dir="1" index="0" bw="1" slack="2147483647"/>
</pin_list>
<bind>
<StgValue><ssdm name=""/></StgValue>
</bind>
</comp>

<comp id="70" class="1001" name="const_70">
<pin_list>
<pin id="71" dir="1" index="0" bw="1" slack="2147483647"/>
</pin_list>
<bind>
<StgValue><ssdm name=""/></StgValue>
</bind>
</comp>

<comp id="72" class="1001" name="const_72">
<pin_list>
<pin id="73" dir="1" index="0" bw="1" slack="2147483647"/>
</pin_list>
<bind>
<StgValue><ssdm name=""/></StgValue>
</bind>
</comp>

<comp id="74" class="1001" name="const_74">
<pin_list>
<pin id="75" dir="1" index="0" bw="1" slack="2147483647"/>
</pin_list>
<bind>
<StgValue><ssdm name=""/></StgValue>
</bind>
</comp>

<comp id="76" class="1001" name="const_76">
<pin_list>
<pin id="77" dir="1" index="0" bw="1" slack="0"/>
</pin_list>
<bind>
<StgValue><ssdm name=""/></StgValue>
</bind>
</comp>

<comp id="78" class="1001" name="const_78">
<pin_list>
<pin id="79" dir="1" index="0" bw="1" slack="0"/>
</pin_list>
<bind>
<StgValue><ssdm name="_ssdm_op_BitConcatenate.i8.i2.i6"/></StgValue>
</bind>
</comp>

<comp id="80" class="1001" name="const_80">
<pin_list>
<pin id="81" dir="1" index="0" bw="1" slack="0"/>
</pin_list>
<bind>
<StgValue><ssdm name=""/></StgValue>
</bind>
</comp>

<comp id="82" class="1001" name="const_82">
<pin_list>
<pin id="83" dir="1" index="0" bw="1" slack="0"/>
</pin_list>
<bind>
<StgValue><ssdm name=""/></StgValue>
</bind>
</comp>

<comp id="84" class="1001" name="const_84">
<pin_list>
<pin id="85" dir="1" index="0" bw="1" slack="0"/>
</pin_list>
<bind>
<StgValue><ssdm name="_ssdm_op_Mux.ap_auto.4i8.i2"/></StgValue>
</bind>
</comp>

<comp id="86" class="1001" name="const_86">
<pin_list>
<pin id="87" dir="1" index="0" bw="1" slack="2147483647"/>
</pin_list>
<bind>
<StgValue><ssdm name="_ssdm_op_SpecLoopName"/></StgValue>
</bind>
</comp>

<comp id="88" class="1001" name="const_88">
<pin_list>
<pin id="89" dir="1" index="0" bw="1" slack="2147483647"/>
</pin_list>
<bind>
<StgValue><ssdm name="l_mh_merge_i_m_l_j_m_str"/></StgValue>
</bind>
</comp>

<comp id="90" class="1001" name="const_90">
<pin_list>
<pin id="91" dir="1" index="0" bw="1" slack="2147483647"/>
</pin_list>
<bind>
<StgValue><ssdm name="_ssdm_op_SpecLoopTripCount"/></StgValue>
</bind>
</comp>

<comp id="92" class="1001" name="const_92">
<pin_list>
<pin id="93" dir="1" index="0" bw="1" slack="2147483647"/>
</pin_list>
<bind>
<StgValue><ssdm name=""/></StgValue>
</bind>
</comp>

<comp id="94" class="1001" name="const_94">
<pin_list>
<pin id="95" dir="1" index="0" bw="1" slack="2147483647"/>
</pin_list>
<bind>
<StgValue><ssdm name="_ssdm_op_SpecPipeline"/></StgValue>
</bind>
</comp>

<comp id="96" class="1001" name="const_96">
<pin_list>
<pin id="97" dir="1" index="0" bw="1" slack="2147483647"/>
</pin_list>
<bind>
<StgValue><ssdm name=""/></StgValue>
</bind>
</comp>

<comp id="98" class="1001" name="const_98">
<pin_list>
<pin id="99" dir="1" index="0" bw="1" slack="2147483647"/>
</pin_list>
<bind>
<StgValue><ssdm name="empty_43"/></StgValue>
</bind>
</comp>

<comp id="100" class="1001" name="const_100">
<pin_list>
<pin id="101" dir="1" index="0" bw="1" slack="2147483647"/>
</pin_list>
<bind>
<StgValue><ssdm name="empty_14"/></StgValue>
</bind>
</comp>

<comp id="102" class="1004" name="j_m_fu_102">
<pin_list>
<pin id="103" dir="0" index="0" bw="1" slack="0"/>
<pin id="104" dir="1" index="1" bw="7" slack="0"/>
</pin_list>
<bind>
<opcode="alloca(26) " fcode="alloca"/>
<opset="j_m/1 "/>
</bind>
</comp>

<comp id="106" class="1004" name="i_m_fu_106">
<pin_list>
<pin id="107" dir="0" index="0" bw="1" slack="0"/>
<pin id="108" dir="1" index="1" bw="4" slack="0"/>
</pin_list>
<bind>
<opcode="alloca(26) " fcode="alloca"/>
<opset="i_m/1 "/>
</bind>
</comp>

<comp id="110" class="1004" name="indvar_flatten63_fu_110">
<pin_list>
<pin id="111" dir="0" index="0" bw="1" slack="0"/>
<pin id="112" dir="1" index="1" bw="10" slack="0"/>
</pin_list>
<bind>
<opcode="alloca(26) " fcode="alloca"/>
<opset="indvar_flatten63/1 "/>
</bind>
</comp>

<comp id="114" class="1004" name="tmp_read_read_fu_114">
<pin_list>
<pin id="115" dir="0" index="0" bw="10" slack="0"/>
<pin id="116" dir="0" index="1" bw="10" slack="0"/>
<pin id="117" dir="1" index="2" bw="10" slack="3"/>
</pin_list>
<bind>
<opcode="read(1150) " fcode="read"/>
<opset="tmp_read/1 "/>
</bind>
</comp>

<comp id="120" class="1004" name="v125_addr_gep_fu_120">
<pin_list>
<pin id="121" dir="0" index="0" bw="8" slack="0"/>
<pin id="122" dir="0" index="1" bw="1" slack="0"/>
<pin id="123" dir="0" index="2" bw="8" slack="0"/>
<pin id="124" dir="1" index="3" bw="8" slack="0"/>
</pin_list>
<bind>
<opcode="getelementptr(29) " fcode="getelementptr"/>
<opset="v125_addr/2 "/>
</bind>
</comp>

<comp id="127" class="1004" name="v125_1_addr_gep_fu_127">
<pin_list>
<pin id="128" dir="0" index="0" bw="8" slack="0"/>
<pin id="129" dir="0" index="1" bw="1" slack="0"/>
<pin id="130" dir="0" index="2" bw="8" slack="0"/>
<pin id="131" dir="1" index="3" bw="8" slack="0"/>
</pin_list>
<bind>
<opcode="getelementptr(29) " fcode="getelementptr"/>
<opset="v125_1_addr/2 "/>
</bind>
</comp>

<comp id="134" class="1004" name="v125_2_addr_gep_fu_134">
<pin_list>
<pin id="135" dir="0" index="0" bw="8" slack="0"/>
<pin id="136" dir="0" index="1" bw="1" slack="0"/>
<pin id="137" dir="0" index="2" bw="8" slack="0"/>
<pin id="138" dir="1" index="3" bw="8" slack="0"/>
</pin_list>
<bind>
<opcode="getelementptr(29) " fcode="getelementptr"/>
<opset="v125_2_addr/2 "/>
</bind>
</comp>

<comp id="141" class="1004" name="v125_3_addr_gep_fu_141">
<pin_list>
<pin id="142" dir="0" index="0" bw="8" slack="0"/>
<pin id="143" dir="0" index="1" bw="1" slack="0"/>
<pin id="144" dir="0" index="2" bw="8" slack="0"/>
<pin id="145" dir="1" index="3" bw="8" slack="0"/>
</pin_list>
<bind>
<opcode="getelementptr(29) " fcode="getelementptr"/>
<opset="v125_3_addr/2 "/>
</bind>
</comp>

<comp id="148" class="1004" name="grp_access_fu_148">
<pin_list>
<pin id="149" dir="0" index="0" bw="8" slack="0"/>
<pin id="150" dir="0" index="1" bw="8" slack="2147483647"/>
<pin id="151" dir="0" index="2" bw="0" slack="2147483647"/>
<pin id="152" dir="1" index="3" bw="8" slack="0"/>
</pin_list>
<bind>
<opcode="load(27) " fcode="load"/>
<opset="v125_load/2 "/>
</bind>
</comp>

<comp id="154" class="1004" name="grp_access_fu_154">
<pin_list>
<pin id="155" dir="0" index="0" bw="8" slack="0"/>
<pin id="156" dir="0" index="1" bw="8" slack="2147483647"/>
<pin id="157" dir="0" index="2" bw="0" slack="2147483647"/>
<pin id="158" dir="1" index="3" bw="8" slack="0"/>
</pin_list>
<bind>
<opcode="load(27) " fcode="load"/>
<opset="v125_1_load/2 "/>
</bind>
</comp>

<comp id="160" class="1004" name="grp_access_fu_160">
<pin_list>
<pin id="161" dir="0" index="0" bw="8" slack="0"/>
<pin id="162" dir="0" index="1" bw="8" slack="2147483647"/>
<pin id="163" dir="0" index="2" bw="0" slack="2147483647"/>
<pin id="164" dir="1" index="3" bw="8" slack="0"/>
</pin_list>
<bind>
<opcode="load(27) " fcode="load"/>
<opset="v125_2_load/2 "/>
</bind>
</comp>

<comp id="166" class="1004" name="grp_access_fu_166">
<pin_list>
<pin id="167" dir="0" index="0" bw="8" slack="0"/>
<pin id="168" dir="0" index="1" bw="8" slack="2147483647"/>
<pin id="169" dir="0" index="2" bw="0" slack="2147483647"/>
<pin id="170" dir="1" index="3" bw="8" slack="0"/>
</pin_list>
<bind>
<opcode="load(27) " fcode="load"/>
<opset="v125_3_load/2 "/>
</bind>
</comp>

<comp id="172" class="1004" name="v113_0_addr_gep_fu_172">
<pin_list>
<pin id="173" dir="0" index="0" bw="8" slack="0"/>
<pin id="174" dir="0" index="1" bw="1" slack="0"/>
<pin id="175" dir="0" index="2" bw="10" slack="0"/>
<pin id="176" dir="1" index="3" bw="10" slack="0"/>
</pin_list>
<bind>
<opcode="getelementptr(29) " fcode="getelementptr"/>
<opset="v113_0_addr/4 "/>
</bind>
</comp>

<comp id="179" class="1004" name="v113_1_addr_gep_fu_179">
<pin_list>
<pin id="180" dir="0" index="0" bw="8" slack="0"/>
<pin id="181" dir="0" index="1" bw="1" slack="0"/>
<pin id="182" dir="0" index="2" bw="10" slack="0"/>
<pin id="183" dir="1" index="3" bw="10" slack="0"/>
</pin_list>
<bind>
<opcode="getelementptr(29) " fcode="getelementptr"/>
<opset="v113_1_addr/4 "/>
</bind>
</comp>

<comp id="186" class="1004" name="v113_2_addr_gep_fu_186">
<pin_list>
<pin id="187" dir="0" index="0" bw="8" slack="0"/>
<pin id="188" dir="0" index="1" bw="1" slack="0"/>
<pin id="189" dir="0" index="2" bw="10" slack="0"/>
<pin id="190" dir="1" index="3" bw="10" slack="0"/>
</pin_list>
<bind>
<opcode="getelementptr(29) " fcode="getelementptr"/>
<opset="v113_2_addr/4 "/>
</bind>
</comp>

<comp id="193" class="1004" name="v113_3_addr_gep_fu_193">
<pin_list>
<pin id="194" dir="0" index="0" bw="8" slack="0"/>
<pin id="195" dir="0" index="1" bw="1" slack="0"/>
<pin id="196" dir="0" index="2" bw="10" slack="0"/>
<pin id="197" dir="1" index="3" bw="10" slack="0"/>
</pin_list>
<bind>
<opcode="getelementptr(29) " fcode="getelementptr"/>
<opset="v113_3_addr/4 "/>
</bind>
</comp>

<comp id="200" class="1004" name="v113_4_addr_gep_fu_200">
<pin_list>
<pin id="201" dir="0" index="0" bw="8" slack="0"/>
<pin id="202" dir="0" index="1" bw="1" slack="0"/>
<pin id="203" dir="0" index="2" bw="10" slack="0"/>
<pin id="204" dir="1" index="3" bw="10" slack="0"/>
</pin_list>
<bind>
<opcode="getelementptr(29) " fcode="getelementptr"/>
<opset="v113_4_addr/4 "/>
</bind>
</comp>

<comp id="207" class="1004" name="v113_5_addr_gep_fu_207">
<pin_list>
<pin id="208" dir="0" index="0" bw="8" slack="0"/>
<pin id="209" dir="0" index="1" bw="1" slack="0"/>
<pin id="210" dir="0" index="2" bw="10" slack="0"/>
<pin id="211" dir="1" index="3" bw="10" slack="0"/>
</pin_list>
<bind>
<opcode="getelementptr(29) " fcode="getelementptr"/>
<opset="v113_5_addr/4 "/>
</bind>
</comp>

<comp id="214" class="1004" name="v113_6_addr_gep_fu_214">
<pin_list>
<pin id="215" dir="0" index="0" bw="8" slack="0"/>
<pin id="216" dir="0" index="1" bw="1" slack="0"/>
<pin id="217" dir="0" index="2" bw="10" slack="0"/>
<pin id="218" dir="1" index="3" bw="10" slack="0"/>
</pin_list>
<bind>
<opcode="getelementptr(29) " fcode="getelementptr"/>
<opset="v113_6_addr/4 "/>
</bind>
</comp>

<comp id="221" class="1004" name="v113_7_addr_gep_fu_221">
<pin_list>
<pin id="222" dir="0" index="0" bw="8" slack="0"/>
<pin id="223" dir="0" index="1" bw="1" slack="0"/>
<pin id="224" dir="0" index="2" bw="10" slack="0"/>
<pin id="225" dir="1" index="3" bw="10" slack="0"/>
</pin_list>
<bind>
<opcode="getelementptr(29) " fcode="getelementptr"/>
<opset="v113_7_addr/4 "/>
</bind>
</comp>

<comp id="228" class="1004" name="v113_8_addr_gep_fu_228">
<pin_list>
<pin id="229" dir="0" index="0" bw="8" slack="0"/>
<pin id="230" dir="0" index="1" bw="1" slack="0"/>
<pin id="231" dir="0" index="2" bw="10" slack="0"/>
<pin id="232" dir="1" index="3" bw="10" slack="0"/>
</pin_list>
<bind>
<opcode="getelementptr(29) " fcode="getelementptr"/>
<opset="v113_8_addr/4 "/>
</bind>
</comp>

<comp id="235" class="1004" name="v113_9_addr_gep_fu_235">
<pin_list>
<pin id="236" dir="0" index="0" bw="8" slack="0"/>
<pin id="237" dir="0" index="1" bw="1" slack="0"/>
<pin id="238" dir="0" index="2" bw="10" slack="0"/>
<pin id="239" dir="1" index="3" bw="10" slack="0"/>
</pin_list>
<bind>
<opcode="getelementptr(29) " fcode="getelementptr"/>
<opset="v113_9_addr/4 "/>
</bind>
</comp>

<comp id="242" class="1004" name="v113_10_addr_gep_fu_242">
<pin_list>
<pin id="243" dir="0" index="0" bw="8" slack="0"/>
<pin id="244" dir="0" index="1" bw="1" slack="0"/>
<pin id="245" dir="0" index="2" bw="10" slack="0"/>
<pin id="246" dir="1" index="3" bw="10" slack="0"/>
</pin_list>
<bind>
<opcode="getelementptr(29) " fcode="getelementptr"/>
<opset="v113_10_addr/4 "/>
</bind>
</comp>

<comp id="249" class="1004" name="v113_11_addr_gep_fu_249">
<pin_list>
<pin id="250" dir="0" index="0" bw="8" slack="0"/>
<pin id="251" dir="0" index="1" bw="1" slack="0"/>
<pin id="252" dir="0" index="2" bw="10" slack="0"/>
<pin id="253" dir="1" index="3" bw="10" slack="0"/>
</pin_list>
<bind>
<opcode="getelementptr(29) " fcode="getelementptr"/>
<opset="v113_11_addr/4 "/>
</bind>
</comp>

<comp id="256" class="1004" name="store_ln234_access_fu_256">
<pin_list>
<pin id="257" dir="0" index="0" bw="10" slack="0"/>
<pin id="258" dir="0" index="1" bw="8" slack="1"/>
<pin id="259" dir="0" index="2" bw="0" slack="2147483647"/>
<pin id="260" dir="1" index="3" bw="8" slack="2147483647"/>
</pin_list>
<bind>
<opcode="store(28) " fcode="store"/>
<opset="store_ln234/4 "/>
</bind>
</comp>

<comp id="262" class="1004" name="store_ln234_access_fu_262">
<pin_list>
<pin id="263" dir="0" index="0" bw="10" slack="0"/>
<pin id="264" dir="0" index="1" bw="8" slack="1"/>
<pin id="265" dir="0" index="2" bw="0" slack="2147483647"/>
<pin id="266" dir="1" index="3" bw="8" slack="2147483647"/>
</pin_list>
<bind>
<opcode="store(28) " fcode="store"/>
<opset="store_ln234/4 "/>
</bind>
</comp>

<comp id="268" class="1004" name="store_ln234_access_fu_268">
<pin_list>
<pin id="269" dir="0" index="0" bw="10" slack="0"/>
<pin id="270" dir="0" index="1" bw="8" slack="1"/>
<pin id="271" dir="0" index="2" bw="0" slack="2147483647"/>
<pin id="272" dir="1" index="3" bw="8" slack="2147483647"/>
</pin_list>
<bind>
<opcode="store(28) " fcode="store"/>
<opset="store_ln234/4 "/>
</bind>
</comp>

<comp id="274" class="1004" name="store_ln234_access_fu_274">
<pin_list>
<pin id="275" dir="0" index="0" bw="10" slack="0"/>
<pin id="276" dir="0" index="1" bw="8" slack="1"/>
<pin id="277" dir="0" index="2" bw="0" slack="2147483647"/>
<pin id="278" dir="1" index="3" bw="8" slack="2147483647"/>
</pin_list>
<bind>
<opcode="store(28) " fcode="store"/>
<opset="store_ln234/4 "/>
</bind>
</comp>

<comp id="280" class="1004" name="store_ln234_access_fu_280">
<pin_list>
<pin id="281" dir="0" index="0" bw="10" slack="0"/>
<pin id="282" dir="0" index="1" bw="8" slack="1"/>
<pin id="283" dir="0" index="2" bw="0" slack="2147483647"/>
<pin id="284" dir="1" index="3" bw="8" slack="2147483647"/>
</pin_list>
<bind>
<opcode="store(28) " fcode="store"/>
<opset="store_ln234/4 "/>
</bind>
</comp>

<comp id="286" class="1004" name="store_ln234_access_fu_286">
<pin_list>
<pin id="287" dir="0" index="0" bw="10" slack="0"/>
<pin id="288" dir="0" index="1" bw="8" slack="1"/>
<pin id="289" dir="0" index="2" bw="0" slack="2147483647"/>
<pin id="290" dir="1" index="3" bw="8" slack="2147483647"/>
</pin_list>
<bind>
<opcode="store(28) " fcode="store"/>
<opset="store_ln234/4 "/>
</bind>
</comp>

<comp id="292" class="1004" name="store_ln234_access_fu_292">
<pin_list>
<pin id="293" dir="0" index="0" bw="10" slack="0"/>
<pin id="294" dir="0" index="1" bw="8" slack="1"/>
<pin id="295" dir="0" index="2" bw="0" slack="2147483647"/>
<pin id="296" dir="1" index="3" bw="8" slack="2147483647"/>
</pin_list>
<bind>
<opcode="store(28) " fcode="store"/>
<opset="store_ln234/4 "/>
</bind>
</comp>

<comp id="298" class="1004" name="store_ln234_access_fu_298">
<pin_list>
<pin id="299" dir="0" index="0" bw="10" slack="0"/>
<pin id="300" dir="0" index="1" bw="8" slack="1"/>
<pin id="301" dir="0" index="2" bw="0" slack="2147483647"/>
<pin id="302" dir="1" index="3" bw="8" slack="2147483647"/>
</pin_list>
<bind>
<opcode="store(28) " fcode="store"/>
<opset="store_ln234/4 "/>
</bind>
</comp>

<comp id="304" class="1004" name="store_ln234_access_fu_304">
<pin_list>
<pin id="305" dir="0" index="0" bw="10" slack="0"/>
<pin id="306" dir="0" index="1" bw="8" slack="1"/>
<pin id="307" dir="0" index="2" bw="0" slack="2147483647"/>
<pin id="308" dir="1" index="3" bw="8" slack="2147483647"/>
</pin_list>
<bind>
<opcode="store(28) " fcode="store"/>
<opset="store_ln234/4 "/>
</bind>
</comp>

<comp id="310" class="1004" name="store_ln234_access_fu_310">
<pin_list>
<pin id="311" dir="0" index="0" bw="10" slack="0"/>
<pin id="312" dir="0" index="1" bw="8" slack="1"/>
<pin id="313" dir="0" index="2" bw="0" slack="2147483647"/>
<pin id="314" dir="1" index="3" bw="8" slack="2147483647"/>
</pin_list>
<bind>
<opcode="store(28) " fcode="store"/>
<opset="store_ln234/4 "/>
</bind>
</comp>

<comp id="316" class="1004" name="store_ln234_access_fu_316">
<pin_list>
<pin id="317" dir="0" index="0" bw="10" slack="0"/>
<pin id="318" dir="0" index="1" bw="8" slack="1"/>
<pin id="319" dir="0" index="2" bw="0" slack="2147483647"/>
<pin id="320" dir="1" index="3" bw="8" slack="2147483647"/>
</pin_list>
<bind>
<opcode="store(28) " fcode="store"/>
<opset="store_ln234/4 "/>
</bind>
</comp>

<comp id="322" class="1004" name="store_ln234_access_fu_322">
<pin_list>
<pin id="323" dir="0" index="0" bw="10" slack="0"/>
<pin id="324" dir="0" index="1" bw="8" slack="1"/>
<pin id="325" dir="0" index="2" bw="0" slack="2147483647"/>
<pin id="326" dir="1" index="3" bw="8" slack="2147483647"/>
</pin_list>
<bind>
<opcode="store(28) " fcode="store"/>
<opset="store_ln234/4 "/>
</bind>
</comp>

<comp id="328" class="1004" name="store_ln0_store_fu_328">
<pin_list>
<pin id="329" dir="0" index="0" bw="1" slack="0"/>
<pin id="330" dir="0" index="1" bw="10" slack="0"/>
<pin id="331" dir="1" index="2" bw="0" slack="2147483647"/>
</pin_list>
<bind>
<opcode="store(28) " fcode="store"/>
<opset="store_ln0/1 "/>
</bind>
</comp>

<comp id="333" class="1004" name="store_ln0_store_fu_333">
<pin_list>
<pin id="334" dir="0" index="0" bw="1" slack="0"/>
<pin id="335" dir="0" index="1" bw="4" slack="0"/>
<pin id="336" dir="1" index="2" bw="0" slack="2147483647"/>
</pin_list>
<bind>
<opcode="store(28) " fcode="store"/>
<opset="store_ln0/1 "/>
</bind>
</comp>

<comp id="338" class="1004" name="store_ln0_store_fu_338">
<pin_list>
<pin id="339" dir="0" index="0" bw="1" slack="0"/>
<pin id="340" dir="0" index="1" bw="7" slack="0"/>
<pin id="341" dir="1" index="2" bw="0" slack="2147483647"/>
</pin_list>
<bind>
<opcode="store(28) " fcode="store"/>
<opset="store_ln0/1 "/>
</bind>
</comp>

<comp id="343" class="1004" name="indvar_flatten63_load_load_fu_343">
<pin_list>
<pin id="344" dir="0" index="0" bw="10" slack="0"/>
<pin id="345" dir="1" index="1" bw="10" slack="0"/>
</pin_list>
<bind>
<opcode="load(27) " fcode="load"/>
<opset="indvar_flatten63_load/1 "/>
</bind>
</comp>

<comp id="346" class="1004" name="icmp_ln230_fu_346">
<pin_list>
<pin id="347" dir="0" index="0" bw="10" slack="0"/>
<pin id="348" dir="0" index="1" bw="9" slack="0"/>
<pin id="349" dir="1" index="2" bw="1" slack="2"/>
</pin_list>
<bind>
<opcode="icmp(45) " fcode="icmp"/>
<opset="icmp_ln230/1 "/>
</bind>
</comp>

<comp id="352" class="1004" name="add_ln230_1_fu_352">
<pin_list>
<pin id="353" dir="0" index="0" bw="10" slack="0"/>
<pin id="354" dir="0" index="1" bw="1" slack="0"/>
<pin id="355" dir="1" index="2" bw="10" slack="0"/>
</pin_list>
<bind>
<opcode="add(8) " fcode="add"/>
<opset="add_ln230_1/1 "/>
</bind>
</comp>

<comp id="358" class="1004" name="j_m_load_load_fu_358">
<pin_list>
<pin id="359" dir="0" index="0" bw="7" slack="0"/>
<pin id="360" dir="1" index="1" bw="7" slack="0"/>
</pin_list>
<bind>
<opcode="load(27) " fcode="load"/>
<opset="j_m_load/1 "/>
</bind>
</comp>

<comp id="361" class="1004" name="i_m_load_load_fu_361">
<pin_list>
<pin id="362" dir="0" index="0" bw="4" slack="0"/>
<pin id="363" dir="1" index="1" bw="4" slack="0"/>
</pin_list>
<bind>
<opcode="load(27) " fcode="load"/>
<opset="i_m_load/1 "/>
</bind>
</comp>

<comp id="364" class="1004" name="add_ln230_fu_364">
<pin_list>
<pin id="365" dir="0" index="0" bw="4" slack="0"/>
<pin id="366" dir="0" index="1" bw="1" slack="0"/>
<pin id="367" dir="1" index="2" bw="4" slack="0"/>
</pin_list>
<bind>
<opcode="add(8) " fcode="add"/>
<opset="add_ln230/1 "/>
</bind>
</comp>

<comp id="370" class="1004" name="icmp_ln231_fu_370">
<pin_list>
<pin id="371" dir="0" index="0" bw="7" slack="0"/>
<pin id="372" dir="0" index="1" bw="7" slack="0"/>
<pin id="373" dir="1" index="2" bw="1" slack="0"/>
</pin_list>
<bind>
<opcode="icmp(45) " fcode="icmp"/>
<opset="icmp_ln231/1 "/>
</bind>
</comp>

<comp id="376" class="1004" name="select_ln230_fu_376">
<pin_list>
<pin id="377" dir="0" index="0" bw="1" slack="0"/>
<pin id="378" dir="0" index="1" bw="1" slack="0"/>
<pin id="379" dir="0" index="2" bw="7" slack="0"/>
<pin id="380" dir="1" index="3" bw="7" slack="0"/>
</pin_list>
<bind>
<opcode="select(49) " fcode="select"/>
<opset="select_ln230/1 "/>
</bind>
</comp>

<comp id="384" class="1004" name="select_ln230_1_fu_384">
<pin_list>
<pin id="385" dir="0" index="0" bw="1" slack="0"/>
<pin id="386" dir="0" index="1" bw="4" slack="0"/>
<pin id="387" dir="0" index="2" bw="4" slack="0"/>
<pin id="388" dir="1" index="3" bw="4" slack="0"/>
</pin_list>
<bind>
<opcode="select(49) " fcode="select"/>
<opset="select_ln230_1/1 "/>
</bind>
</comp>

<comp id="392" class="1004" name="trunc_ln230_fu_392">
<pin_list>
<pin id="393" dir="0" index="0" bw="4" slack="0"/>
<pin id="394" dir="1" index="1" bw="2" slack="2"/>
</pin_list>
<bind>
<opcode="trunc(33) " fcode="trunc"/>
<opset="trunc_ln230/1 "/>
</bind>
</comp>

<comp id="396" class="1004" name="p_cast23_mid2_v_fu_396">
<pin_list>
<pin id="397" dir="0" index="0" bw="2" slack="0"/>
<pin id="398" dir="0" index="1" bw="4" slack="0"/>
<pin id="399" dir="0" index="2" bw="3" slack="0"/>
<pin id="400" dir="0" index="3" bw="3" slack="0"/>
<pin id="401" dir="1" index="4" bw="2" slack="1"/>
</pin_list>
<bind>
<opcode="partselect(1002) " fcode="partselect"/>
<opset="p_cast23_mid2_v/1 "/>
</bind>
</comp>

<comp id="406" class="1004" name="add_ln231_fu_406">
<pin_list>
<pin id="407" dir="0" index="0" bw="7" slack="0"/>
<pin id="408" dir="0" index="1" bw="1" slack="0"/>
<pin id="409" dir="1" index="2" bw="7" slack="0"/>
</pin_list>
<bind>
<opcode="add(8) " fcode="add"/>
<opset="add_ln231/1 "/>
</bind>
</comp>

<comp id="412" class="1004" name="store_ln231_store_fu_412">
<pin_list>
<pin id="413" dir="0" index="0" bw="10" slack="0"/>
<pin id="414" dir="0" index="1" bw="10" slack="0"/>
<pin id="415" dir="1" index="2" bw="0" slack="2147483647"/>
</pin_list>
<bind>
<opcode="store(28) " fcode="store"/>
<opset="store_ln231/1 "/>
</bind>
</comp>

<comp id="417" class="1004" name="store_ln231_store_fu_417">
<pin_list>
<pin id="418" dir="0" index="0" bw="4" slack="0"/>
<pin id="419" dir="0" index="1" bw="4" slack="0"/>
<pin id="420" dir="1" index="2" bw="0" slack="2147483647"/>
</pin_list>
<bind>
<opcode="store(28) " fcode="store"/>
<opset="store_ln231/1 "/>
</bind>
</comp>

<comp id="422" class="1004" name="store_ln231_store_fu_422">
<pin_list>
<pin id="423" dir="0" index="0" bw="7" slack="0"/>
<pin id="424" dir="0" index="1" bw="7" slack="0"/>
<pin id="425" dir="1" index="2" bw="0" slack="2147483647"/>
</pin_list>
<bind>
<opcode="store(28) " fcode="store"/>
<opset="store_ln231/1 "/>
</bind>
</comp>

<comp id="427" class="1004" name="tmp_s_fu_427">
<pin_list>
<pin id="428" dir="0" index="0" bw="8" slack="0"/>
<pin id="429" dir="0" index="1" bw="2" slack="1"/>
<pin id="430" dir="0" index="2" bw="1" slack="0"/>
<pin id="431" dir="1" index="3" bw="8" slack="0"/>
</pin_list>
<bind>
<opcode="bitconcatenate(1004) " fcode="bitconcatenate"/>
<opset="tmp_s/2 "/>
</bind>
</comp>

<comp id="434" class="1004" name="zext_ln233_fu_434">
<pin_list>
<pin id="435" dir="0" index="0" bw="7" slack="1"/>
<pin id="436" dir="1" index="1" bw="8" slack="0"/>
</pin_list>
<bind>
<opcode="zext(34) " fcode="zext"/>
<opset="zext_ln233/2 "/>
</bind>
</comp>

<comp id="437" class="1004" name="add_ln233_fu_437">
<pin_list>
<pin id="438" dir="0" index="0" bw="8" slack="0"/>
<pin id="439" dir="0" index="1" bw="7" slack="0"/>
<pin id="440" dir="1" index="2" bw="8" slack="0"/>
</pin_list>
<bind>
<opcode="add(8) " fcode="add"/>
<opset="add_ln233/2 "/>
</bind>
</comp>

<comp id="443" class="1004" name="zext_ln233_1_fu_443">
<pin_list>
<pin id="444" dir="0" index="0" bw="8" slack="0"/>
<pin id="445" dir="1" index="1" bw="64" slack="0"/>
</pin_list>
<bind>
<opcode="zext(34) " fcode="zext"/>
<opset="zext_ln233_1/2 "/>
</bind>
</comp>

<comp id="451" class="1004" name="v128_fu_451">
<pin_list>
<pin id="452" dir="0" index="0" bw="8" slack="0"/>
<pin id="453" dir="0" index="1" bw="8" slack="0"/>
<pin id="454" dir="0" index="2" bw="8" slack="0"/>
<pin id="455" dir="0" index="3" bw="8" slack="0"/>
<pin id="456" dir="0" index="4" bw="8" slack="0"/>
<pin id="457" dir="0" index="5" bw="2" slack="2"/>
<pin id="458" dir="1" index="6" bw="8" slack="1"/>
</pin_list>
<bind>
<opcode="mux(1196) " fcode="mux"/>
<opset="v128/3 "/>
</bind>
</comp>

<comp id="464" class="1004" name="zext_ln231_fu_464">
<pin_list>
<pin id="465" dir="0" index="0" bw="7" slack="3"/>
<pin id="466" dir="1" index="1" bw="10" slack="0"/>
</pin_list>
<bind>
<opcode="zext(34) " fcode="zext"/>
<opset="zext_ln231/4 "/>
</bind>
</comp>

<comp id="467" class="1004" name="add_ln234_fu_467">
<pin_list>
<pin id="468" dir="0" index="0" bw="10" slack="3"/>
<pin id="469" dir="0" index="1" bw="7" slack="0"/>
<pin id="470" dir="1" index="2" bw="10" slack="0"/>
</pin_list>
<bind>
<opcode="add(8) " fcode="add"/>
<opset="add_ln234/4 "/>
</bind>
</comp>

<comp id="472" class="1004" name="zext_ln234_fu_472">
<pin_list>
<pin id="473" dir="0" index="0" bw="10" slack="0"/>
<pin id="474" dir="1" index="1" bw="64" slack="0"/>
</pin_list>
<bind>
<opcode="zext(34) " fcode="zext"/>
<opset="zext_ln234/4 "/>
</bind>
</comp>

<comp id="488" class="1005" name="j_m_reg_488">
<pin_list>
<pin id="489" dir="0" index="0" bw="7" slack="0"/>
<pin id="490" dir="1" index="1" bw="7" slack="0"/>
</pin_list>
<bind>
<opset="j_m "/>
</bind>
</comp>

<comp id="495" class="1005" name="i_m_reg_495">
<pin_list>
<pin id="496" dir="0" index="0" bw="4" slack="0"/>
<pin id="497" dir="1" index="1" bw="4" slack="0"/>
</pin_list>
<bind>
<opset="i_m "/>
</bind>
</comp>

<comp id="502" class="1005" name="indvar_flatten63_reg_502">
<pin_list>
<pin id="503" dir="0" index="0" bw="10" slack="0"/>
<pin id="504" dir="1" index="1" bw="10" slack="0"/>
</pin_list>
<bind>
<opset="indvar_flatten63 "/>
</bind>
</comp>

<comp id="509" class="1005" name="tmp_read_reg_509">
<pin_list>
<pin id="510" dir="0" index="0" bw="10" slack="3"/>
<pin id="511" dir="1" index="1" bw="10" slack="3"/>
</pin_list>
<bind>
<opset="tmp_read "/>
</bind>
</comp>

<comp id="514" class="1005" name="icmp_ln230_reg_514">
<pin_list>
<pin id="515" dir="0" index="0" bw="1" slack="2"/>
<pin id="516" dir="1" index="1" bw="1" slack="2147483647"/>
</pin_list>
<bind>
<opset="icmp_ln230 "/>
</bind>
</comp>

<comp id="518" class="1005" name="select_ln230_reg_518">
<pin_list>
<pin id="519" dir="0" index="0" bw="7" slack="1"/>
<pin id="520" dir="1" index="1" bw="7" slack="1"/>
</pin_list>
<bind>
<opset="select_ln230 "/>
</bind>
</comp>

<comp id="524" class="1005" name="select_ln230_1_reg_524">
<pin_list>
<pin id="525" dir="0" index="0" bw="4" slack="3"/>
<pin id="526" dir="1" index="1" bw="4" slack="2147483647"/>
</pin_list>
<bind>
<opset="select_ln230_1 "/>
</bind>
</comp>

<comp id="528" class="1005" name="trunc_ln230_reg_528">
<pin_list>
<pin id="529" dir="0" index="0" bw="2" slack="2"/>
<pin id="530" dir="1" index="1" bw="2" slack="2"/>
</pin_list>
<bind>
<opset="trunc_ln230 "/>
</bind>
</comp>

<comp id="533" class="1005" name="p_cast23_mid2_v_reg_533">
<pin_list>
<pin id="534" dir="0" index="0" bw="2" slack="1"/>
<pin id="535" dir="1" index="1" bw="2" slack="1"/>
</pin_list>
<bind>
<opset="p_cast23_mid2_v "/>
</bind>
</comp>

<comp id="538" class="1005" name="v125_addr_reg_538">
<pin_list>
<pin id="539" dir="0" index="0" bw="8" slack="1"/>
<pin id="540" dir="1" index="1" bw="8" slack="1"/>
</pin_list>
<bind>
<opset="v125_addr "/>
</bind>
</comp>

<comp id="543" class="1005" name="v125_1_addr_reg_543">
<pin_list>
<pin id="544" dir="0" index="0" bw="8" slack="1"/>
<pin id="545" dir="1" index="1" bw="8" slack="1"/>
</pin_list>
<bind>
<opset="v125_1_addr "/>
</bind>
</comp>

<comp id="548" class="1005" name="v125_2_addr_reg_548">
<pin_list>
<pin id="549" dir="0" index="0" bw="8" slack="1"/>
<pin id="550" dir="1" index="1" bw="8" slack="1"/>
</pin_list>
<bind>
<opset="v125_2_addr "/>
</bind>
</comp>

<comp id="553" class="1005" name="v125_3_addr_reg_553">
<pin_list>
<pin id="554" dir="0" index="0" bw="8" slack="1"/>
<pin id="555" dir="1" index="1" bw="8" slack="1"/>
</pin_list>
<bind>
<opset="v125_3_addr "/>
</bind>
</comp>

<comp id="558" class="1005" name="v128_reg_558">
<pin_list>
<pin id="559" dir="0" index="0" bw="8" slack="1"/>
<pin id="560" dir="1" index="1" bw="8" slack="1"/>
</pin_list>
<bind>
<opset="v128 "/>
</bind>
</comp>

</comp_list>

<net_list>
<net id="105"><net_src comp="34" pin="0"/><net_sink comp="102" pin=0"/></net>

<net id="109"><net_src comp="34" pin="0"/><net_sink comp="106" pin=0"/></net>

<net id="113"><net_src comp="34" pin="0"/><net_sink comp="110" pin=0"/></net>

<net id="118"><net_src comp="36" pin="0"/><net_sink comp="114" pin=0"/></net>

<net id="119"><net_src comp="8" pin="0"/><net_sink comp="114" pin=1"/></net>

<net id="125"><net_src comp="0" pin="0"/><net_sink comp="120" pin=0"/></net>

<net id="126"><net_src comp="82" pin="0"/><net_sink comp="120" pin=1"/></net>

<net id="132"><net_src comp="2" pin="0"/><net_sink comp="127" pin=0"/></net>

<net id="133"><net_src comp="82" pin="0"/><net_sink comp="127" pin=1"/></net>

<net id="139"><net_src comp="4" pin="0"/><net_sink comp="134" pin=0"/></net>

<net id="140"><net_src comp="82" pin="0"/><net_sink comp="134" pin=1"/></net>

<net id="146"><net_src comp="6" pin="0"/><net_sink comp="141" pin=0"/></net>

<net id="147"><net_src comp="82" pin="0"/><net_sink comp="141" pin=1"/></net>

<net id="153"><net_src comp="120" pin="3"/><net_sink comp="148" pin=0"/></net>

<net id="159"><net_src comp="127" pin="3"/><net_sink comp="154" pin=0"/></net>

<net id="165"><net_src comp="134" pin="3"/><net_sink comp="160" pin=0"/></net>

<net id="171"><net_src comp="141" pin="3"/><net_sink comp="166" pin=0"/></net>

<net id="177"><net_src comp="10" pin="0"/><net_sink comp="172" pin=0"/></net>

<net id="178"><net_src comp="82" pin="0"/><net_sink comp="172" pin=1"/></net>

<net id="184"><net_src comp="12" pin="0"/><net_sink comp="179" pin=0"/></net>

<net id="185"><net_src comp="82" pin="0"/><net_sink comp="179" pin=1"/></net>

<net id="191"><net_src comp="14" pin="0"/><net_sink comp="186" pin=0"/></net>

<net id="192"><net_src comp="82" pin="0"/><net_sink comp="186" pin=1"/></net>

<net id="198"><net_src comp="16" pin="0"/><net_sink comp="193" pin=0"/></net>

<net id="199"><net_src comp="82" pin="0"/><net_sink comp="193" pin=1"/></net>

<net id="205"><net_src comp="18" pin="0"/><net_sink comp="200" pin=0"/></net>

<net id="206"><net_src comp="82" pin="0"/><net_sink comp="200" pin=1"/></net>

<net id="212"><net_src comp="20" pin="0"/><net_sink comp="207" pin=0"/></net>

<net id="213"><net_src comp="82" pin="0"/><net_sink comp="207" pin=1"/></net>

<net id="219"><net_src comp="22" pin="0"/><net_sink comp="214" pin=0"/></net>

<net id="220"><net_src comp="82" pin="0"/><net_sink comp="214" pin=1"/></net>

<net id="226"><net_src comp="24" pin="0"/><net_sink comp="221" pin=0"/></net>

<net id="227"><net_src comp="82" pin="0"/><net_sink comp="221" pin=1"/></net>

<net id="233"><net_src comp="26" pin="0"/><net_sink comp="228" pin=0"/></net>

<net id="234"><net_src comp="82" pin="0"/><net_sink comp="228" pin=1"/></net>

<net id="240"><net_src comp="28" pin="0"/><net_sink comp="235" pin=0"/></net>

<net id="241"><net_src comp="82" pin="0"/><net_sink comp="235" pin=1"/></net>

<net id="247"><net_src comp="30" pin="0"/><net_sink comp="242" pin=0"/></net>

<net id="248"><net_src comp="82" pin="0"/><net_sink comp="242" pin=1"/></net>

<net id="254"><net_src comp="32" pin="0"/><net_sink comp="249" pin=0"/></net>

<net id="255"><net_src comp="82" pin="0"/><net_sink comp="249" pin=1"/></net>

<net id="261"><net_src comp="242" pin="3"/><net_sink comp="256" pin=0"/></net>

<net id="267"><net_src comp="235" pin="3"/><net_sink comp="262" pin=0"/></net>

<net id="273"><net_src comp="228" pin="3"/><net_sink comp="268" pin=0"/></net>

<net id="279"><net_src comp="221" pin="3"/><net_sink comp="274" pin=0"/></net>

<net id="285"><net_src comp="214" pin="3"/><net_sink comp="280" pin=0"/></net>

<net id="291"><net_src comp="207" pin="3"/><net_sink comp="286" pin=0"/></net>

<net id="297"><net_src comp="200" pin="3"/><net_sink comp="292" pin=0"/></net>

<net id="303"><net_src comp="193" pin="3"/><net_sink comp="298" pin=0"/></net>

<net id="309"><net_src comp="186" pin="3"/><net_sink comp="304" pin=0"/></net>

<net id="315"><net_src comp="179" pin="3"/><net_sink comp="310" pin=0"/></net>

<net id="321"><net_src comp="172" pin="3"/><net_sink comp="316" pin=0"/></net>

<net id="327"><net_src comp="249" pin="3"/><net_sink comp="322" pin=0"/></net>

<net id="332"><net_src comp="38" pin="0"/><net_sink comp="328" pin=0"/></net>

<net id="337"><net_src comp="40" pin="0"/><net_sink comp="333" pin=0"/></net>

<net id="342"><net_src comp="42" pin="0"/><net_sink comp="338" pin=0"/></net>

<net id="350"><net_src comp="343" pin="1"/><net_sink comp="346" pin=0"/></net>

<net id="351"><net_src comp="44" pin="0"/><net_sink comp="346" pin=1"/></net>

<net id="356"><net_src comp="343" pin="1"/><net_sink comp="352" pin=0"/></net>

<net id="357"><net_src comp="46" pin="0"/><net_sink comp="352" pin=1"/></net>

<net id="368"><net_src comp="361" pin="1"/><net_sink comp="364" pin=0"/></net>

<net id="369"><net_src comp="48" pin="0"/><net_sink comp="364" pin=1"/></net>

<net id="374"><net_src comp="358" pin="1"/><net_sink comp="370" pin=0"/></net>

<net id="375"><net_src comp="50" pin="0"/><net_sink comp="370" pin=1"/></net>

<net id="381"><net_src comp="370" pin="2"/><net_sink comp="376" pin=0"/></net>

<net id="382"><net_src comp="42" pin="0"/><net_sink comp="376" pin=1"/></net>

<net id="383"><net_src comp="358" pin="1"/><net_sink comp="376" pin=2"/></net>

<net id="389"><net_src comp="370" pin="2"/><net_sink comp="384" pin=0"/></net>

<net id="390"><net_src comp="364" pin="2"/><net_sink comp="384" pin=1"/></net>

<net id="391"><net_src comp="361" pin="1"/><net_sink comp="384" pin=2"/></net>

<net id="395"><net_src comp="384" pin="3"/><net_sink comp="392" pin=0"/></net>

<net id="402"><net_src comp="52" pin="0"/><net_sink comp="396" pin=0"/></net>

<net id="403"><net_src comp="384" pin="3"/><net_sink comp="396" pin=1"/></net>

<net id="404"><net_src comp="54" pin="0"/><net_sink comp="396" pin=2"/></net>

<net id="405"><net_src comp="56" pin="0"/><net_sink comp="396" pin=3"/></net>

<net id="410"><net_src comp="376" pin="3"/><net_sink comp="406" pin=0"/></net>

<net id="411"><net_src comp="76" pin="0"/><net_sink comp="406" pin=1"/></net>

<net id="416"><net_src comp="352" pin="2"/><net_sink comp="412" pin=0"/></net>

<net id="421"><net_src comp="384" pin="3"/><net_sink comp="417" pin=0"/></net>

<net id="426"><net_src comp="406" pin="2"/><net_sink comp="422" pin=0"/></net>

<net id="432"><net_src comp="78" pin="0"/><net_sink comp="427" pin=0"/></net>

<net id="433"><net_src comp="80" pin="0"/><net_sink comp="427" pin=2"/></net>

<net id="441"><net_src comp="427" pin="3"/><net_sink comp="437" pin=0"/></net>

<net id="442"><net_src comp="434" pin="1"/><net_sink comp="437" pin=1"/></net>

<net id="446"><net_src comp="437" pin="2"/><net_sink comp="443" pin=0"/></net>

<net id="447"><net_src comp="443" pin="1"/><net_sink comp="120" pin=2"/></net>

<net id="448"><net_src comp="443" pin="1"/><net_sink comp="127" pin=2"/></net>

<net id="449"><net_src comp="443" pin="1"/><net_sink comp="134" pin=2"/></net>

<net id="450"><net_src comp="443" pin="1"/><net_sink comp="141" pin=2"/></net>

<net id="459"><net_src comp="84" pin="0"/><net_sink comp="451" pin=0"/></net>

<net id="460"><net_src comp="148" pin="3"/><net_sink comp="451" pin=1"/></net>

<net id="461"><net_src comp="154" pin="3"/><net_sink comp="451" pin=2"/></net>

<net id="462"><net_src comp="160" pin="3"/><net_sink comp="451" pin=3"/></net>

<net id="463"><net_src comp="166" pin="3"/><net_sink comp="451" pin=4"/></net>

<net id="471"><net_src comp="464" pin="1"/><net_sink comp="467" pin=1"/></net>

<net id="475"><net_src comp="467" pin="2"/><net_sink comp="472" pin=0"/></net>

<net id="476"><net_src comp="472" pin="1"/><net_sink comp="172" pin=2"/></net>

<net id="477"><net_src comp="472" pin="1"/><net_sink comp="179" pin=2"/></net>

<net id="478"><net_src comp="472" pin="1"/><net_sink comp="186" pin=2"/></net>

<net id="479"><net_src comp="472" pin="1"/><net_sink comp="193" pin=2"/></net>

<net id="480"><net_src comp="472" pin="1"/><net_sink comp="200" pin=2"/></net>

<net id="481"><net_src comp="472" pin="1"/><net_sink comp="207" pin=2"/></net>

<net id="482"><net_src comp="472" pin="1"/><net_sink comp="214" pin=2"/></net>

<net id="483"><net_src comp="472" pin="1"/><net_sink comp="221" pin=2"/></net>

<net id="484"><net_src comp="472" pin="1"/><net_sink comp="228" pin=2"/></net>

<net id="485"><net_src comp="472" pin="1"/><net_sink comp="235" pin=2"/></net>

<net id="486"><net_src comp="472" pin="1"/><net_sink comp="242" pin=2"/></net>

<net id="487"><net_src comp="472" pin="1"/><net_sink comp="249" pin=2"/></net>

<net id="491"><net_src comp="102" pin="1"/><net_sink comp="488" pin=0"/></net>

<net id="492"><net_src comp="488" pin="1"/><net_sink comp="338" pin=1"/></net>

<net id="493"><net_src comp="488" pin="1"/><net_sink comp="358" pin=0"/></net>

<net id="494"><net_src comp="488" pin="1"/><net_sink comp="422" pin=1"/></net>

<net id="498"><net_src comp="106" pin="1"/><net_sink comp="495" pin=0"/></net>

<net id="499"><net_src comp="495" pin="1"/><net_sink comp="333" pin=1"/></net>

<net id="500"><net_src comp="495" pin="1"/><net_sink comp="361" pin=0"/></net>

<net id="501"><net_src comp="495" pin="1"/><net_sink comp="417" pin=1"/></net>

<net id="505"><net_src comp="110" pin="1"/><net_sink comp="502" pin=0"/></net>

<net id="506"><net_src comp="502" pin="1"/><net_sink comp="328" pin=1"/></net>

<net id="507"><net_src comp="502" pin="1"/><net_sink comp="343" pin=0"/></net>

<net id="508"><net_src comp="502" pin="1"/><net_sink comp="412" pin=1"/></net>

<net id="512"><net_src comp="114" pin="2"/><net_sink comp="509" pin=0"/></net>

<net id="513"><net_src comp="509" pin="1"/><net_sink comp="467" pin=0"/></net>

<net id="517"><net_src comp="346" pin="2"/><net_sink comp="514" pin=0"/></net>

<net id="521"><net_src comp="376" pin="3"/><net_sink comp="518" pin=0"/></net>

<net id="522"><net_src comp="518" pin="1"/><net_sink comp="434" pin=0"/></net>

<net id="523"><net_src comp="518" pin="1"/><net_sink comp="464" pin=0"/></net>

<net id="527"><net_src comp="384" pin="3"/><net_sink comp="524" pin=0"/></net>

<net id="531"><net_src comp="392" pin="1"/><net_sink comp="528" pin=0"/></net>

<net id="532"><net_src comp="528" pin="1"/><net_sink comp="451" pin=5"/></net>

<net id="536"><net_src comp="396" pin="4"/><net_sink comp="533" pin=0"/></net>

<net id="537"><net_src comp="533" pin="1"/><net_sink comp="427" pin=1"/></net>

<net id="541"><net_src comp="120" pin="3"/><net_sink comp="538" pin=0"/></net>

<net id="542"><net_src comp="538" pin="1"/><net_sink comp="148" pin=0"/></net>

<net id="546"><net_src comp="127" pin="3"/><net_sink comp="543" pin=0"/></net>

<net id="547"><net_src comp="543" pin="1"/><net_sink comp="154" pin=0"/></net>

<net id="551"><net_src comp="134" pin="3"/><net_sink comp="548" pin=0"/></net>

<net id="552"><net_src comp="548" pin="1"/><net_sink comp="160" pin=0"/></net>

<net id="556"><net_src comp="141" pin="3"/><net_sink comp="553" pin=0"/></net>

<net id="557"><net_src comp="553" pin="1"/><net_sink comp="166" pin=0"/></net>

<net id="561"><net_src comp="451" pin="6"/><net_sink comp="558" pin=0"/></net>

<net id="562"><net_src comp="558" pin="1"/><net_sink comp="256" pin=1"/></net>

<net id="563"><net_src comp="558" pin="1"/><net_sink comp="262" pin=1"/></net>

<net id="564"><net_src comp="558" pin="1"/><net_sink comp="268" pin=1"/></net>

<net id="565"><net_src comp="558" pin="1"/><net_sink comp="274" pin=1"/></net>

<net id="566"><net_src comp="558" pin="1"/><net_sink comp="280" pin=1"/></net>

<net id="567"><net_src comp="558" pin="1"/><net_sink comp="286" pin=1"/></net>

<net id="568"><net_src comp="558" pin="1"/><net_sink comp="292" pin=1"/></net>

<net id="569"><net_src comp="558" pin="1"/><net_sink comp="298" pin=1"/></net>

<net id="570"><net_src comp="558" pin="1"/><net_sink comp="304" pin=1"/></net>

<net id="571"><net_src comp="558" pin="1"/><net_sink comp="310" pin=1"/></net>

<net id="572"><net_src comp="558" pin="1"/><net_sink comp="316" pin=1"/></net>

<net id="573"><net_src comp="558" pin="1"/><net_sink comp="322" pin=1"/></net>

</net_list>

</model> 
---------------- Datapath Model END ------------------

* FSMD analyzer results:
  - Output states:
	Port: v113_0 | {4 }
	Port: v113_1 | {4 }
	Port: v113_2 | {4 }
	Port: v113_3 | {4 }
	Port: v113_4 | {4 }
	Port: v113_5 | {4 }
	Port: v113_6 | {4 }
	Port: v113_7 | {4 }
	Port: v113_8 | {4 }
	Port: v113_9 | {4 }
	Port: v113_10 | {4 }
	Port: v113_11 | {4 }
 - Input state : 
	Port: Self_attention_Pipeline_l_mh_merge_i_m_l_j_m : v125 | {2 3 }
	Port: Self_attention_Pipeline_l_mh_merge_i_m_l_j_m : v125_1 | {2 3 }
	Port: Self_attention_Pipeline_l_mh_merge_i_m_l_j_m : v125_2 | {2 3 }
	Port: Self_attention_Pipeline_l_mh_merge_i_m_l_j_m : v125_3 | {2 3 }
	Port: Self_attention_Pipeline_l_mh_merge_i_m_l_j_m : tmp | {1 }
  - Chain level:
	State 1
		store_ln0 : 1
		store_ln0 : 1
		store_ln0 : 1
		indvar_flatten63_load : 1
		icmp_ln230 : 2
		add_ln230_1 : 2
		br_ln230 : 3
		j_m_load : 1
		i_m_load : 1
		add_ln230 : 2
		icmp_ln231 : 2
		select_ln230 : 3
		select_ln230_1 : 3
		trunc_ln230 : 4
		p_cast23_mid2_v : 4
		switch_ln234 : 4
		add_ln231 : 4
		store_ln231 : 3
		store_ln231 : 4
		store_ln231 : 5
	State 2
		add_ln233 : 1
		zext_ln233_1 : 2
		v125_addr : 3
		v125_1_addr : 3
		v125_2_addr : 3
		v125_3_addr : 3
		v125_load : 4
		v125_1_load : 4
		v125_2_load : 4
		v125_3_load : 4
	State 3
		v128 : 1
	State 4
		add_ln234 : 1
		zext_ln234 : 2
		v113_0_addr : 3
		v113_1_addr : 3
		v113_2_addr : 3
		v113_3_addr : 3
		v113_4_addr : 3
		v113_5_addr : 3
		v113_6_addr : 3
		v113_7_addr : 3
		v113_8_addr : 3
		v113_9_addr : 3
		v113_10_addr : 3
		v113_11_addr : 3
		store_ln234 : 4
		store_ln234 : 4
		store_ln234 : 4
		store_ln234 : 4
		store_ln234 : 4
		store_ln234 : 4
		store_ln234 : 4
		store_ln234 : 4
		store_ln234 : 4
		store_ln234 : 4
		store_ln234 : 4
		store_ln234 : 4


============================================================
+ Verbose Summary: Datapath Resource usage 
============================================================

* Functional unit list:
|----------|------------------------|---------|---------|
| Operation|     Functional Unit    |    FF   |   LUT   |
|----------|------------------------|---------|---------|
|          |   add_ln230_1_fu_352   |    0    |    13   |
|          |    add_ln230_fu_364    |    0    |    13   |
|    add   |    add_ln231_fu_406    |    0    |    14   |
|          |    add_ln233_fu_437    |    0    |    15   |
|          |    add_ln234_fu_467    |    0    |    13   |
|----------|------------------------|---------|---------|
|   icmp   |    icmp_ln230_fu_346   |    0    |    11   |
|          |    icmp_ln231_fu_370   |    0    |    10   |
|----------|------------------------|---------|---------|
|    mux   |       v128_fu_451      |    0    |    20   |
|----------|------------------------|---------|---------|
|  select  |   select_ln230_fu_376  |    0    |    7    |
|          |  select_ln230_1_fu_384 |    0    |    4    |
|----------|------------------------|---------|---------|
|   read   |  tmp_read_read_fu_114  |    0    |    0    |
|----------|------------------------|---------|---------|
|   trunc  |   trunc_ln230_fu_392   |    0    |    0    |
|----------|------------------------|---------|---------|
|partselect| p_cast23_mid2_v_fu_396 |    0    |    0    |
|----------|------------------------|---------|---------|
|bitconcatenate|      tmp_s_fu_427      |    0    |    0    |
|----------|------------------------|---------|---------|
|          |    zext_ln233_fu_434   |    0    |    0    |
|   zext   |   zext_ln233_1_fu_443  |    0    |    0    |
|          |    zext_ln231_fu_464   |    0    |    0    |
|          |    zext_ln234_fu_472   |    0    |    0    |
|----------|------------------------|---------|---------|
|   Total  |                        |    0    |   120   |
|----------|------------------------|---------|---------|

Memories:
N/A

* Register list:
+------------------------+--------+
|                        |   FF   |
+------------------------+--------+
|       i_m_reg_495      |    4   |
|   icmp_ln230_reg_514   |    1   |
|indvar_flatten63_reg_502|   10   |
|       j_m_reg_488      |    7   |
| p_cast23_mid2_v_reg_533|    2   |
| select_ln230_1_reg_524 |    4   |
|  select_ln230_reg_518  |    7   |
|    tmp_read_reg_509    |   10   |
|   trunc_ln230_reg_528  |    2   |
|   v125_1_addr_reg_543  |    8   |
|   v125_2_addr_reg_548  |    8   |
|   v125_3_addr_reg_553  |    8   |
|    v125_addr_reg_538   |    8   |
|      v128_reg_558      |    8   |
+------------------------+--------+
|          Total         |   87   |
+------------------------+--------+

* Multiplexer (MUX) list: 
|-------------------|------|------|------|--------||---------||---------|
|        Comp       |  Pin | Size |  BW  | S x BW ||  Delay  ||   LUT   |
|-------------------|------|------|------|--------||---------||---------|
| grp_access_fu_148 |  p0  |   2  |   8  |   16   ||    9    |
| grp_access_fu_154 |  p0  |   2  |   8  |   16   ||    9    |
| grp_access_fu_160 |  p0  |   2  |   8  |   16   ||    9    |
| grp_access_fu_166 |  p0  |   2  |   8  |   16   ||    9    |
|-------------------|------|------|------|--------||---------||---------|
|       Total       |      |      |      |   64   ||  6.352  ||    36   |
|-------------------|------|------|------|--------||---------||---------|



* Summary:
+-----------+--------+--------+--------+
|           |  Delay |   FF   |   LUT  |
+-----------+--------+--------+--------+
|  Function |    -   |    0   |   120  |
|   Memory  |    -   |    -   |    -   |
|Multiplexer|    6   |    -   |   36   |
|  Register |    -   |   87   |    -   |
+-----------+--------+--------+--------+
|   Total   |    6   |   87   |   156  |
+-----------+--------+--------+--------+
