

================================================================
== Vitis HLS Report for 'VITIS_LOOP_271_4_proc64_Pipeline_VITIS_LOOP_271_4'
================================================================
* Date:           Thu Sep  7 08:44:33 2023

* Version:        2022.1.2 (Build 3605665 on Fri Aug  5 22:52:02 MDT 2022)
* Project:        out.prj
* Solution:       solution1 (Vivado IP Flow Target)
* Product family: zynq
* Target device:  xc7z020-clg484-1


================================================================
== Performance Estimates
================================================================
+ Timing: 
    * Summary: 
    +--------+----------+----------+------------+
    |  Clock |  Target  | Estimated| Uncertainty|
    +--------+----------+----------+------------+
    |ap_clk  |  10.00 ns|  6.737 ns|     2.70 ns|
    +--------+----------+----------+------------+

+ Latency: 
    * Summary: 
    +---------+---------+----------+----------+-----+-----+---------+
    |  Latency (cycles) |  Latency (absolute) |  Interval | Pipeline|
    |   min   |   max   |    min   |    max   | min | max |   Type  |
    +---------+---------+----------+----------+-----+-----+---------+
    |       15|       15|  0.150 us|  0.150 us|   15|   15|       no|
    +---------+---------+----------+----------+-----+-----+---------+

    + Detail: 
        * Instance: 
        N/A

        * Loop: 
        +--------------------+---------+---------+----------+-----------+-----------+------+----------+
        |                    |  Latency (cycles) | Iteration|  Initiation Interval  | Trip |          |
        |      Loop Name     |   min   |   max   |  Latency |  achieved |   target  | Count| Pipelined|
        +--------------------+---------+---------+----------+-----------+-----------+------+----------+
        |- VITIS_LOOP_271_4  |       13|       13|         3|          1|          1|    12|       yes|
        +--------------------+---------+---------+----------+-----------+-----------+------+----------+

============================================================
+ Verbose Summary: Synthesis Manager
============================================================
InlineROM: 1
ExposeGlobal: 0
============================================================
+ Verbose Summary: CDFG Model
============================================================
IsTopModel: 0
ResetActiveHigh: 1
IsCombinational: 0
IsDatapathOnly: 0
HasWiredReturn: 1
HasMFsm: 2
HasVarLatency: 1
IsPipeline: 0
IsRtlPipelined: 0
IsInstanceOverlapped: 0
IsDontTouch: 0
HasImplIP: 0
IsGatedGlobalClock: 0

+ Individual pipeline summary: 
  * Pipeline-0: initiation interval (II) = 1, depth = 3


============================================================
+ Verbose Summary: Schedule
============================================================
* Number of FSM states : 3
* Pipeline : 1
  Pipeline-0 : II = 1, D = 3, States = { 1 2 3 }
* Dataflow Pipeline: 0

* FSM state transitions: 
1 --> 2 
2 --> 3 
3 --> 

* FSM state operations: 

State 1 <SV = 0> <Delay = 5.07>
ST_1 : Operation 6 [1/1] (0.00ns)   --->   "%j = alloca i32 1"   --->   Operation 6 'alloca' 'j' <Predicate = true> <Delay = 0.00>
ST_1 : Operation 7 [1/1] (0.00ns)   --->   "%specinterface_ln0 = specinterface void @_ssdm_op_SpecInterface, i48 %block_C_drainer_833, void @empty_54, i32 0, i32 0, void @empty_43, i32 0, i32 0, void @empty_43, void @empty_43, void @empty_43, i32 0, i32 0, i32 0, i32 0, void @empty_43, void @empty_43, i32 4294967295, i32 0"   --->   Operation 7 'specinterface' 'specinterface_ln0' <Predicate = true> <Delay = 0.00>
ST_1 : Operation 8 [1/1] (0.00ns)   --->   "%tmp = read i9 @_ssdm_op_Read.ap_auto.i9, i9 %empty"   --->   Operation 8 'read' 'tmp' <Predicate = true> <Delay = 0.00>
ST_1 : Operation 9 [1/1] (1.58ns)   --->   "%store_ln0 = store i4 0, i4 %j"   --->   Operation 9 'store' 'store_ln0' <Predicate = true> <Delay = 1.58>
ST_1 : Operation 10 [1/1] (0.00ns)   --->   "%br_ln0 = br void %for.inc73.8.i.i.i"   --->   Operation 10 'br' 'br_ln0' <Predicate = true> <Delay = 0.00>
ST_1 : Operation 11 [1/1] (0.00ns)   --->   "%j_21 = load i4 %j" [gemm_systolic_array.cpp:271]   --->   Operation 11 'load' 'j_21' <Predicate = true> <Delay = 0.00>
ST_1 : Operation 12 [1/1] (1.30ns)   --->   "%icmp_ln271 = icmp_eq  i4 %j_21, i4 12" [gemm_systolic_array.cpp:271]   --->   Operation 12 'icmp' 'icmp_ln271' <Predicate = true> <Delay = 1.30> <CoreInst = "Cmp">   --->   Core 9 'Cmp' <Latency = 0> <II = 1> <Delay = 1.30> <FuncUnit> <Opcode : 'icmp'> <InPorts = 2> <OutPorts = 1>
ST_1 : Operation 13 [1/1] (0.00ns)   --->   "%empty_2229 = speclooptripcount i32 @_ssdm_op_SpecLoopTripCount, i64 12, i64 12, i64 12"   --->   Operation 13 'speclooptripcount' 'empty_2229' <Predicate = true> <Delay = 0.00>
ST_1 : Operation 14 [1/1] (1.73ns)   --->   "%add_ln271 = add i4 %j_21, i4 1" [gemm_systolic_array.cpp:271]   --->   Operation 14 'add' 'add_ln271' <Predicate = true> <Delay = 1.73> <CoreInst = "Adder">   --->   Core 1 'Adder' <Latency = 0> <II = 1> <Delay = 1.73> <FuncUnit> <Opcode : 'add' 'sub'> <InPorts = 2> <OutPorts = 1>
ST_1 : Operation 15 [1/1] (0.00ns)   --->   "%br_ln271 = br i1 %icmp_ln271, void %for.inc73.8.split.i.i.i, void %VITIS_LOOP_271_4_proc64.exit.exitStub" [gemm_systolic_array.cpp:271]   --->   Operation 15 'br' 'br_ln271' <Predicate = true> <Delay = 0.00>
ST_1 : Operation 16 [1/1] (0.00ns)   --->   "%zext_ln271 = zext i4 %j_21" [gemm_systolic_array.cpp:271]   --->   Operation 16 'zext' 'zext_ln271' <Predicate = (!icmp_ln271)> <Delay = 0.00>
ST_1 : Operation 17 [1/1] (1.82ns)   --->   "%add_ln273 = add i9 %tmp, i9 %zext_ln271" [gemm_systolic_array.cpp:273]   --->   Operation 17 'add' 'add_ln273' <Predicate = (!icmp_ln271)> <Delay = 1.82> <CoreInst = "Adder">   --->   Core 1 'Adder' <Latency = 0> <II = 1> <Delay = 1.82> <FuncUnit> <Opcode : 'add' 'sub'> <InPorts = 2> <OutPorts = 1>
ST_1 : Operation 18 [1/1] (0.00ns)   --->   "%zext_ln886 = zext i9 %add_ln273"   --->   Operation 18 'zext' 'zext_ln886' <Predicate = (!icmp_ln271)> <Delay = 0.00>
ST_1 : Operation 19 [1/1] (0.00ns)   --->   "%C_8_addr = getelementptr i48 %C_8, i64 0, i64 %zext_ln886"   --->   Operation 19 'getelementptr' 'C_8_addr' <Predicate = (!icmp_ln271)> <Delay = 0.00>
ST_1 : Operation 20 [2/2] (3.25ns)   --->   "%C_8_load = load i9 %C_8_addr"   --->   Operation 20 'load' 'C_8_load' <Predicate = (!icmp_ln271)> <Delay = 3.25> <CoreInst = "RAM">   --->   Core 82 'RAM' <Latency = 1> <II = 1> <Delay = 3.25> <Storage> <Opcode : 'load' 'store'> <Ports = 2> <Width = 48> <Depth = 384> <RAM>
ST_1 : Operation 21 [1/1] (1.58ns)   --->   "%store_ln271 = store i4 %add_ln271, i4 %j" [gemm_systolic_array.cpp:271]   --->   Operation 21 'store' 'store_ln271' <Predicate = (!icmp_ln271)> <Delay = 1.58>

State 2 <SV = 1> <Delay = 6.73>
ST_2 : Operation 22 [1/1] (3.63ns)   --->   "%tmp_V = read i48 @_ssdm_op_Read.ap_fifo.volatile.i48P0A, i48 %block_C_drainer_833" [/opt/xilinx/2022.1/Vitis_HLS/2022.1/common/technology/autopilot/hls_stream_39.h:145]   --->   Operation 22 'read' 'tmp_V' <Predicate = true> <Delay = 3.63> <CoreInst = "FIFO_SRL">   --->   Core 81 'FIFO_SRL' <Latency = 0> <II = 1> <Delay = 3.63> <Storage> <Opcode : 'read' 'write' 'nbread' 'nbwrite'> <Ports = 0> <Width = 48> <Depth = 2> <FIFO>
ST_2 : Operation 23 [1/2] (3.25ns)   --->   "%C_8_load = load i9 %C_8_addr"   --->   Operation 23 'load' 'C_8_load' <Predicate = true> <Delay = 3.25> <CoreInst = "RAM">   --->   Core 82 'RAM' <Latency = 1> <II = 1> <Delay = 3.25> <Storage> <Opcode : 'load' 'store'> <Ports = 2> <Width = 48> <Depth = 384> <RAM>
ST_2 : Operation 24 [1/1] (3.10ns)   --->   "%add_ln886 = add i48 %C_8_load, i48 %tmp_V"   --->   Operation 24 'add' 'add_ln886' <Predicate = true> <Delay = 3.10> <CoreInst = "Adder">   --->   Core 1 'Adder' <Latency = 0> <II = 1> <Delay = 3.10> <FuncUnit> <Opcode : 'add' 'sub'> <InPorts = 2> <OutPorts = 1>
ST_2 : Operation 29 [1/1] (0.00ns)   --->   "%ret_ln0 = ret"   --->   Operation 29 'ret' 'ret_ln0' <Predicate = (icmp_ln271)> <Delay = 0.00>

State 3 <SV = 2> <Delay = 3.25>
ST_3 : Operation 25 [1/1] (0.00ns)   --->   "%specpipeline_ln272 = specpipeline void @_ssdm_op_SpecPipeline, i32 1, i32 0, i32 0, i32 0, void @empty_43" [gemm_systolic_array.cpp:272]   --->   Operation 25 'specpipeline' 'specpipeline_ln272' <Predicate = true> <Delay = 0.00>
ST_3 : Operation 26 [1/1] (0.00ns)   --->   "%specloopname_ln271 = specloopname void @_ssdm_op_SpecLoopName, void @empty_53" [gemm_systolic_array.cpp:271]   --->   Operation 26 'specloopname' 'specloopname_ln271' <Predicate = true> <Delay = 0.00>
ST_3 : Operation 27 [1/1] (3.25ns)   --->   "%store_ln886 = store i48 %add_ln886, i9 %C_8_addr"   --->   Operation 27 'store' 'store_ln886' <Predicate = true> <Delay = 3.25> <CoreInst = "RAM">   --->   Core 82 'RAM' <Latency = 1> <II = 1> <Delay = 3.25> <Storage> <Opcode : 'load' 'store'> <Ports = 2> <Width = 48> <Depth = 384> <RAM>
ST_3 : Operation 28 [1/1] (0.00ns)   --->   "%br_ln271 = br void %for.inc73.8.i.i.i" [gemm_systolic_array.cpp:271]   --->   Operation 28 'br' 'br_ln271' <Predicate = true> <Delay = 0.00>


============================================================
+ Verbose Summary: Timing violations
============================================================
Target clock period: 10ns, clock uncertainty: 2.7ns.

 <State 1>: 5.08ns
The critical path consists of the following:
	'alloca' operation ('j') [4]  (0 ns)
	'load' operation ('j', gemm_systolic_array.cpp:271) on local variable 'j' [10]  (0 ns)
	'add' operation ('add_ln273', gemm_systolic_array.cpp:273) [20]  (1.82 ns)
	'getelementptr' operation ('C_8_addr') [22]  (0 ns)
	'load' operation ('C_8_load') on array 'C_8' [23]  (3.25 ns)

 <State 2>: 6.74ns
The critical path consists of the following:
	fifo read operation ('tmp.V', /opt/xilinx/2022.1/Vitis_HLS/2022.1/common/technology/autopilot/hls_stream_39.h:145) on port 'block_C_drainer_833' (/opt/xilinx/2022.1/Vitis_HLS/2022.1/common/technology/autopilot/hls_stream_39.h:145) [19]  (3.63 ns)
	'add' operation ('add_ln886') [24]  (3.1 ns)

 <State 3>: 3.25ns
The critical path consists of the following:
	'store' operation ('store_ln886') of variable 'add_ln886' on array 'C_8' [25]  (3.25 ns)


============================================================
+ Verbose Summary: Binding
============================================================
N/A
* FSMD analyzer results:
  - Output states:
 - Input state : 
  - Chain level:
	State 1
	State 2
	State 3


============================================================
+ Verbose Summary: Datapath Resource usage 
============================================================
N/A
