

================================================================
== Vitis HLS Report for 'Bert_layer_Pipeline_l_S_k_0_k5'
================================================================
* Date:           Sun Sep  3 07:20:34 2023

* Version:        2022.1.2 (Build 3605665 on Fri Aug  5 22:52:02 MDT 2022)
* Project:        out.prj
* Solution:       solution1 (Vivado IP Flow Target)
* Product family: zynq
* Target device:  xc7z020-clg484-1


================================================================
== Performance Estimates
================================================================
+ Timing: 
    * Summary: 
    +--------+----------+----------+------------+
    |  Clock |  Target  | Estimated| Uncertainty|
    +--------+----------+----------+------------+
    |ap_clk  |  10.00 ns|  6.912 ns|     2.70 ns|
    +--------+----------+----------+------------+

+ Latency: 
    * Summary: 
    +---------+---------+-----------+-----------+------+------+---------+
    |  Latency (cycles) |   Latency (absolute)  |   Interval  | Pipeline|
    |   min   |   max   |    min    |    max    |  min |  max |   Type  |
    +---------+---------+-----------+-----------+------+------+---------+
    |     3077|     3077|  30.770 us|  30.770 us|  3077|  3077|       no|
    +---------+---------+-----------+-----------+------+------+---------+

    + Detail: 
        * Instance: 
        N/A

        * Loop: 
        +--------------+---------+---------+----------+-----------+-----------+------+----------+
        |              |  Latency (cycles) | Iteration|  Initiation Interval  | Trip |          |
        |   Loop Name  |   min   |   max   |  Latency |  achieved |   target  | Count| Pipelined|
        +--------------+---------+---------+----------+-----------+-----------+------+----------+
        |- l_S_k_0_k5  |     3075|     3075|         5|          1|          1|  3072|       yes|
        +--------------+---------+---------+----------+-----------+-----------+------+----------+



================================================================
== Utilization Estimates
================================================================
* Summary: 
+-----------------+---------+-----+--------+-------+-----+
|       Name      | BRAM_18K| DSP |   FF   |  LUT  | URAM|
+-----------------+---------+-----+--------+-------+-----+
|DSP              |        -|    -|       -|      -|    -|
|Expression       |        -|    -|       0|    121|    -|
|FIFO             |        -|    -|       -|      -|    -|
|Instance         |        -|    -|       -|      -|    -|
|Memory           |        -|    -|       -|      -|    -|
|Multiplexer      |        -|    -|       -|     45|    -|
|Register         |        -|    -|     275|     64|    -|
+-----------------+---------+-----+--------+-------+-----+
|Total            |        0|    0|     275|    230|    0|
+-----------------+---------+-----+--------+-------+-----+
|Available        |      280|  220|  106400|  53200|    0|
+-----------------+---------+-----+--------+-------+-----+
|Utilization (%)  |        0|    0|      ~0|     ~0|    0|
+-----------------+---------+-----+--------+-------+-----+

+ Detail: 
    * Instance: 
    N/A

    * DSP: 
    N/A

    * Memory: 
    N/A

    * FIFO: 
    N/A

    * Expression: 
    +----------------------+----------+----+---+----+------------+------------+
    |     Variable Name    | Operation| DSP| FF| LUT| Bitwidth P0| Bitwidth P1|
    +----------------------+----------+----+---+----+------------+------------+
    |add_ln384_fu_157_p2   |         +|   0|  0|  12|          12|           1|
    |add_ln385_fu_182_p2   |         +|   0|  0|  23|          16|          16|
    |add_ln386_fu_171_p2   |         +|   0|  0|  29|          22|          22|
    |v236_V_fu_245_p2      |         +|   0|  0|  31|          24|          24|
    |icmp_ln384_fu_151_p2  |      icmp|   0|  0|  12|          12|          12|
    |ifzero40_fu_193_p2    |      icmp|   0|  0|  12|          12|          12|
    |ap_enable_pp0         |       xor|   0|  0|   2|           1|           2|
    +----------------------+----------+----+---+----+------------+------------+
    |Total                 |          |   0|  0| 121|          99|          89|
    +----------------------+----------+----+---+----+------------+------------+

    * Multiplexer: 
    +-------------------------+----+-----------+-----+-----------+
    |           Name          | LUT| Input Size| Bits| Total Bits|
    +-------------------------+----+-----------+-----+-----------+
    |ap_done_int              |   9|          2|    1|          2|
    |ap_enable_reg_pp0_iter4  |   9|          2|    1|          2|
    |ap_sig_allocacmp_k5_1    |   9|          2|   12|         24|
    |k5_fu_68                 |   9|          2|   12|         24|
    |v234_V_fu_64             |   9|          2|   24|         48|
    +-------------------------+----+-----------+-----+-----------+
    |Total                    |  45|         10|   50|        100|
    +-------------------------+----+-----------+-----+-----------+

    * Register: 
    +----------------------------------+----+----+-----+-----------+
    |               Name               | FF | LUT| Bits| Const Bits|
    +----------------------------------+----+----+-----+-----------+
    |ap_CS_fsm                         |   1|   0|    1|          0|
    |ap_done_reg                       |   1|   0|    1|          0|
    |ap_enable_reg_pp0_iter1           |   1|   0|    1|          0|
    |ap_enable_reg_pp0_iter2           |   1|   0|    1|          0|
    |ap_enable_reg_pp0_iter3           |   1|   0|    1|          0|
    |ap_enable_reg_pp0_iter4           |   1|   0|    1|          0|
    |ap_loop_exit_ready_pp0_iter1_reg  |   1|   0|    1|          0|
    |ap_loop_exit_ready_pp0_iter2_reg  |   1|   0|    1|          0|
    |ap_loop_exit_ready_pp0_iter3_reg  |   1|   0|    1|          0|
    |icmp_ln384_reg_275                |   1|   0|    1|          0|
    |ifzero40_reg_289                  |   1|   0|    1|          0|
    |k5_fu_68                          |  12|   0|   12|          0|
    |p_cast_reg_270                    |  14|   0|   64|         50|
    |v229_V_reg_293                    |  24|   0|   24|          0|
    |v230_V_reg_298                    |  24|   0|   24|          0|
    |v234_V_fu_64                      |  24|   0|   24|          0|
    |v235_reg_318                      |  24|   0|   24|          0|
    |v269_V_addr_reg_313               |  14|   0|   14|          0|
    |icmp_ln384_reg_275                |  64|  32|    1|          0|
    |ifzero40_reg_289                  |  64|  32|    1|          0|
    +----------------------------------+----+----+-----+-----------+
    |Total                             | 275|  64|  199|         50|
    +----------------------------------+----+----+-----+-----------+



================================================================
== Interface
================================================================
* Summary: 
+--------------------+-----+-----+------------+--------------------------------+--------------+
|      RTL Ports     | Dir | Bits|  Protocol  |          Source Object         |    C Type    |
+--------------------+-----+-----+------------+--------------------------------+--------------+
|ap_clk              |   in|    1|  ap_ctrl_hs|  Bert_layer_Pipeline_l_S_k_0_k5|  return value|
|ap_rst              |   in|    1|  ap_ctrl_hs|  Bert_layer_Pipeline_l_S_k_0_k5|  return value|
|ap_start            |   in|    1|  ap_ctrl_hs|  Bert_layer_Pipeline_l_S_k_0_k5|  return value|
|ap_done             |  out|    1|  ap_ctrl_hs|  Bert_layer_Pipeline_l_S_k_0_k5|  return value|
|ap_idle             |  out|    1|  ap_ctrl_hs|  Bert_layer_Pipeline_l_S_k_0_k5|  return value|
|ap_ready            |  out|    1|  ap_ctrl_hs|  Bert_layer_Pipeline_l_S_k_0_k5|  return value|
|grp_fu_845_p_din0   |  out|   40|  ap_ctrl_hs|  Bert_layer_Pipeline_l_S_k_0_k5|  return value|
|grp_fu_845_p_din1   |  out|   40|  ap_ctrl_hs|  Bert_layer_Pipeline_l_S_k_0_k5|  return value|
|grp_fu_845_p_dout0  |   in|   72|  ap_ctrl_hs|  Bert_layer_Pipeline_l_S_k_0_k5|  return value|
|grp_fu_845_p_ce     |  out|    1|  ap_ctrl_hs|  Bert_layer_Pipeline_l_S_k_0_k5|  return value|
|v269_V_load         |   in|   24|     ap_none|                     v269_V_load|        scalar|
|v269_V_address0     |  out|   14|   ap_memory|                          v269_V|         array|
|v269_V_ce0          |  out|    1|   ap_memory|                          v269_V|         array|
|v269_V_we0          |  out|    1|   ap_memory|                          v269_V|         array|
|v269_V_d0           |  out|   24|   ap_memory|                          v269_V|         array|
|empty               |   in|   14|     ap_none|                           empty|        scalar|
|sub_ln386           |   in|   22|     ap_none|                       sub_ln386|        scalar|
|v253_address0       |  out|   22|   ap_memory|                            v253|         array|
|v253_ce0            |  out|    1|   ap_memory|                            v253|         array|
|v253_q0             |   in|   24|   ap_memory|                            v253|         array|
|sub_ln385           |   in|   16|     ap_none|                       sub_ln385|        scalar|
|v268_V_address0     |  out|   16|   ap_memory|                          v268_V|         array|
|v268_V_ce0          |  out|    1|   ap_memory|                          v268_V|         array|
|v268_V_q0           |   in|   24|   ap_memory|                          v268_V|         array|
+--------------------+-----+-----+------------+--------------------------------+--------------+

