

================================================================
== Vivado HLS Report for 'Context_layer'
================================================================
* Date:           Thu Aug 31 04:11:14 2023

* Version:        2019.2.1 (Build 2724168 on Thu Dec 05 05:19:09 MST 2019)
* Project:        out.prj
* Solution:       solution1
* Product family: zynq
* Target device:  xc7z020-clg484-1


================================================================
== Performance Estimates
================================================================
+ Timing: 
    * Summary: 
    +--------+----------+----------+------------+
    |  Clock |  Target  | Estimated| Uncertainty|
    +--------+----------+----------+------------+
    |ap_clk  | 10.00 ns | 8.510 ns |   1.25 ns  |
    +--------+----------+----------+------------+

+ Latency: 
    * Summary: 
    +---------+---------+----------+----------+-------+-------+---------+
    |  Latency (cycles) |  Latency (absolute) |    Interval   | Pipeline|
    |   min   |   max   |    min   |    max   |  min  |  max  |   Type  |
    +---------+---------+----------+----------+-------+-------+---------+
    |    39218|    39218| 0.392 ms | 0.392 ms |  39218|  39218|   none  |
    +---------+---------+----------+----------+-------+-------+---------+

    + Detail: 
        * Instance: 
        N/A

        * Loop: 
        +-----------------+---------+---------+----------+-----------+-----------+------+----------+
        |                 |  Latency (cycles) | Iteration|  Initiation Interval  | Trip |          |
        |    Loop Name    |   min   |   max   |  Latency |  achieved |   target  | Count| Pipelined|
        +-----------------+---------+---------+----------+-----------+-----------+------+----------+
        |- Loop 1         |      792|      792|        66|          -|          -|    12|    no    |
        | + Loop 1.1      |       64|       64|         1|          -|          -|    64|    no    |
        |- l_gemm_i6      |    38424|    38424|      3202|          -|          -|    12|    no    |
        | + l_j6          |     3200|     3200|        50|          -|          -|    64|    no    |
        |  ++ l_S_k_0_k2  |       48|       48|         4|          -|          -|    12|    no    |
        +-----------------+---------+---------+----------+-----------+-----------+------+----------+



================================================================
== Utilization Estimates
================================================================
* Summary: 
+-----------------+---------+-------+--------+-------+-----+
|       Name      | BRAM_18K| DSP48E|   FF   |  LUT  | URAM|
+-----------------+---------+-------+--------+-------+-----+
|DSP              |        -|      -|       -|      -|    -|
|Expression       |        -|      5|       0|    247|    -|
|FIFO             |        -|      -|       -|      -|    -|
|Instance         |        -|      -|       -|      -|    -|
|Memory           |        -|      -|       -|      -|    -|
|Multiplexer      |        -|      -|       -|    122|    -|
|Register         |        -|      -|     182|      -|    -|
+-----------------+---------+-------+--------+-------+-----+
|Total            |        0|      5|     182|    369|    0|
+-----------------+---------+-------+--------+-------+-----+
|Available        |      280|    220|  106400|  53200|    0|
+-----------------+---------+-------+--------+-------+-----+
|Utilization (%)  |        0|      2|   ~0   |   ~0  |    0|
+-----------------+---------+-------+--------+-------+-----+

+ Detail: 
    * Instance: 
    N/A

    * DSP48E: 
    N/A

    * Memory: 
    N/A

    * FIFO: 
    N/A

    * Expression: 
    +----------------------+----------+-------+---+----+------------+------------+
    |     Variable Name    | Operation| DSP48E| FF| LUT| Bitwidth P0| Bitwidth P1|
    +----------------------+----------+-------+---+----+------------+------------+
    |r_V_fu_362_p2         |     *    |      5|  0|  29|          40|          40|
    |add_ln139_fu_308_p2   |     +    |      0|  0|  15|           9|           9|
    |add_ln140_fu_330_p2   |     +    |      0|  0|  13|          11|          11|
    |add_ln144_fu_282_p2   |     +    |      0|  0|  13|          11|          11|
    |add_ln203_fu_202_p2   |     +    |      0|  0|  13|          11|          11|
    |i6_fu_218_p2          |     +    |      0|  0|  13|           4|           1|
    |j6_fu_272_p2          |     +    |      0|  0|  15|           7|           1|
    |k2_fu_298_p2          |     +    |      0|  0|  13|           4|           1|
    |v69_fu_168_p2         |     +    |      0|  0|  13|           4|           1|
    |v70_fu_192_p2         |     +    |      0|  0|  15|           7|           1|
    |v81_V_fu_378_p2       |     +    |      0|  0|  31|          24|          24|
    |sub_ln139_fu_248_p2   |     -    |      0|  0|  15|           9|           9|
    |icmp_ln131_fu_162_p2  |   icmp   |      0|  0|   9|           4|           4|
    |icmp_ln132_fu_186_p2  |   icmp   |      0|  0|  11|           7|           8|
    |icmp_ln136_fu_212_p2  |   icmp   |      0|  0|   9|           4|           4|
    |icmp_ln137_fu_266_p2  |   icmp   |      0|  0|  11|           7|           8|
    |icmp_ln138_fu_292_p2  |   icmp   |      0|  0|   9|           4|           4|
    +----------------------+----------+-------+---+----+------------+------------+
    |Total                 |          |      5|  0| 247|         167|         148|
    +----------------------+----------+-------+---+----+------------+------------+

    * Multiplexer: 
    +----------------+----+-----------+-----+-----------+
    |      Name      | LUT| Input Size| Bits| Total Bits|
    +----------------+----+-----------+-----+-----------+
    |ap_NS_fsm       |  47|         10|    1|         10|
    |i6_0_reg_129    |   9|          2|    4|          8|
    |j6_0_reg_140    |   9|          2|    7|         14|
    |k2_0_reg_151    |   9|          2|    4|          8|
    |v67_V_address0  |  15|          3|   10|         30|
    |v67_V_d0        |  15|          3|   24|         72|
    |v69_0_reg_107   |   9|          2|    4|          8|
    |v70_0_reg_118   |   9|          2|    7|         14|
    +----------------+----+-----------+-----+-----------+
    |Total           | 122|         26|   61|        164|
    +----------------+----+-----------+-----+-----------+

    * Register: 
    +----------------------+----+----+-----+-----------+
    |         Name         | FF | LUT| Bits| Const Bits|
    +----------------------+----+----+-----+-----------+
    |ap_CS_fsm             |   9|   0|    9|          0|
    |i6_0_reg_129          |   4|   0|    4|          0|
    |i6_reg_407            |   4|   0|    4|          0|
    |j6_0_reg_140          |   7|   0|    7|          0|
    |j6_reg_425            |   7|   0|    7|          0|
    |k2_0_reg_151          |   4|   0|    4|          0|
    |k2_reg_443            |   4|   0|    4|          0|
    |sub_ln139_reg_412     |   7|   0|    9|          2|
    |v67_V_addr_1_reg_435  |  10|   0|   10|          0|
    |v69_0_reg_107         |   4|   0|    4|          0|
    |v69_reg_386           |   4|   0|    4|          0|
    |v70_0_reg_118         |   7|   0|    7|          0|
    |v74_V_reg_458         |  24|   0|   24|          0|
    |v75_V_reg_463         |  24|   0|   24|          0|
    |v79_V_reg_468         |  24|   0|   24|          0|
    |v80_V_reg_473         |  24|   0|   24|          0|
    |zext_ln132_reg_391    |   4|   0|   11|          7|
    |zext_ln137_reg_417    |   4|   0|   11|          7|
    |zext_ln144_reg_430    |   7|   0|   11|          4|
    +----------------------+----+----+-----+-----------+
    |Total                 | 182|   0|  202|         20|
    +----------------------+----+----+-----+-----------+



================================================================
== Interface
================================================================
* Summary: 
+----------------+-----+-----+------------+---------------+--------------+
|    RTL Ports   | Dir | Bits|  Protocol  | Source Object |    C Type    |
+----------------+-----+-----+------------+---------------+--------------+
|ap_clk          |  in |    1| ap_ctrl_hs | Context_layer | return value |
|ap_rst          |  in |    1| ap_ctrl_hs | Context_layer | return value |
|ap_start        |  in |    1| ap_ctrl_hs | Context_layer | return value |
|ap_done         | out |    1| ap_ctrl_hs | Context_layer | return value |
|ap_idle         | out |    1| ap_ctrl_hs | Context_layer | return value |
|ap_ready        | out |    1| ap_ctrl_hs | Context_layer | return value |
|v65_V_address0  | out |    8|  ap_memory |     v65_V     |     array    |
|v65_V_ce0       | out |    1|  ap_memory |     v65_V     |     array    |
|v65_V_q0        |  in |   24|  ap_memory |     v65_V     |     array    |
|v66_V_address0  | out |   10|  ap_memory |     v66_V     |     array    |
|v66_V_ce0       | out |    1|  ap_memory |     v66_V     |     array    |
|v66_V_q0        |  in |   24|  ap_memory |     v66_V     |     array    |
|v67_V_address0  | out |   10|  ap_memory |     v67_V     |     array    |
|v67_V_ce0       | out |    1|  ap_memory |     v67_V     |     array    |
|v67_V_we0       | out |    1|  ap_memory |     v67_V     |     array    |
|v67_V_d0        | out |   24|  ap_memory |     v67_V     |     array    |
|v67_V_q0        |  in |   24|  ap_memory |     v67_V     |     array    |
+----------------+-----+-----+------------+---------------+--------------+

