

================================================================
== Vitis HLS Report for 'Self_attention_Pipeline_l_mh_separate_i7_l_j7'
================================================================
* Date:           Sun Sep  3 07:20:15 2023

* Version:        2022.1.2 (Build 3605665 on Fri Aug  5 22:52:02 MDT 2022)
* Project:        out.prj
* Solution:       solution1 (Vivado IP Flow Target)
* Product family: zynq
* Target device:  xc7z020-clg484-1


================================================================
== Performance Estimates
================================================================
+ Timing: 
    * Summary: 
    +--------+----------+----------+------------+
    |  Clock |  Target  | Estimated| Uncertainty|
    +--------+----------+----------+------------+
    |ap_clk  |  10.00 ns|  7.098 ns|     2.70 ns|
    +--------+----------+----------+------------+

+ Latency: 
    * Summary: 
    +---------+---------+----------+----------+-----+-----+---------+
    |  Latency (cycles) |  Latency (absolute) |  Interval | Pipeline|
    |   min   |   max   |    min   |    max   | min | max |   Type  |
    +---------+---------+----------+----------+-----+-----+---------+
    |      771|      771|  7.710 us|  7.710 us|  771|  771|       no|
    +---------+---------+----------+----------+-----+-----+---------+

    + Detail: 
        * Instance: 
        N/A

        * Loop: 
        +-------------------------+---------+---------+----------+-----------+-----------+------+----------+
        |                         |  Latency (cycles) | Iteration|  Initiation Interval  | Trip |          |
        |        Loop Name        |   min   |   max   |  Latency |  achieved |   target  | Count| Pipelined|
        +-------------------------+---------+---------+----------+-----------+-----------+------+----------+
        |- l_mh_separate_i7_l_j7  |      769|      769|         3|          1|          1|   768|       yes|
        +-------------------------+---------+---------+----------+-----------+-----------+------+----------+



================================================================
== Utilization Estimates
================================================================
* Summary: 
+-----------------+---------+-----+--------+-------+-----+
|       Name      | BRAM_18K| DSP |   FF   |  LUT  | URAM|
+-----------------+---------+-----+--------+-------+-----+
|DSP              |        -|    -|       -|      -|    -|
|Expression       |        -|    -|       0|    129|    -|
|FIFO             |        -|    -|       -|      -|    -|
|Instance         |        -|    -|       -|      -|    -|
|Memory           |        -|    -|       -|      -|    -|
|Multiplexer      |        -|    -|       -|     72|    -|
|Register         |        -|    -|      57|      -|    -|
+-----------------+---------+-----+--------+-------+-----+
|Total            |        0|    0|      57|    201|    0|
+-----------------+---------+-----+--------+-------+-----+
|Available        |      280|  220|  106400|  53200|    0|
+-----------------+---------+-----+--------+-------+-----+
|Utilization (%)  |        0|    0|      ~0|     ~0|    0|
+-----------------+---------+-----+--------+-------+-----+

+ Detail: 
    * Instance: 
    N/A

    * DSP: 
    N/A

    * Memory: 
    N/A

    * FIFO: 
    N/A

    * Expression: 
    +--------------------------+----------+----+---+----+------------+------------+
    |       Variable Name      | Operation| DSP| FF| LUT| Bitwidth P0| Bitwidth P1|
    +--------------------------+----------+----+---+----+------------+------------+
    |add_ln163_1_fu_187_p2     |         +|   0|  0|  13|          10|           1|
    |add_ln163_fu_199_p2       |         +|   0|  0|  13|           4|           1|
    |add_ln164_fu_237_p2       |         +|   0|  0|  14|           7|           1|
    |add_ln165_fu_231_p2       |         +|   0|  0|  13|          10|          10|
    |add_ln166_1_fu_297_p2     |         +|   0|  0|  14|          14|          14|
    |add_ln166_fu_289_p2       |         +|   0|  0|  13|          10|          10|
    |sub_ln166_fu_276_p2       |         -|   0|  0|  14|          14|          14|
    |icmp_ln163_fu_181_p2      |      icmp|   0|  0|  11|          10|          10|
    |icmp_ln164_fu_205_p2      |      icmp|   0|  0|  11|           7|           8|
    |select_ln163_1_fu_219_p3  |    select|   0|  0|   4|           1|           4|
    |select_ln163_fu_211_p3    |    select|   0|  0|   7|           1|           1|
    |ap_enable_pp0             |       xor|   0|  0|   2|           1|           2|
    +--------------------------+----------+----+---+----+------------+------------+
    |Total                     |          |   0|  0| 129|          89|          76|
    +--------------------------+----------+----+---+----+------------+------------+

    * Multiplexer: 
    +--------------------------------------+----+-----------+-----+-----------+
    |                 Name                 | LUT| Input Size| Bits| Total Bits|
    +--------------------------------------+----+-----------+-----+-----------+
    |ap_done_int                           |   9|          2|    1|          2|
    |ap_enable_reg_pp0_iter1               |   9|          2|    1|          2|
    |ap_sig_allocacmp_i7_load              |   9|          2|    4|          8|
    |ap_sig_allocacmp_indvar_flatten_load  |   9|          2|   10|         20|
    |ap_sig_allocacmp_j7_load              |   9|          2|    7|         14|
    |i7_fu_68                              |   9|          2|    4|          8|
    |indvar_flatten_fu_72                  |   9|          2|   10|         20|
    |j7_fu_64                              |   9|          2|    7|         14|
    +--------------------------------------+----+-----------+-----+-----------+
    |Total                                 |  72|         16|   44|         88|
    +--------------------------------------+----+-----------+-----+-----------+

    * Register: 
    +----------------------------------+----+----+-----+-----------+
    |               Name               | FF | LUT| Bits| Const Bits|
    +----------------------------------+----+----+-----+-----------+
    |add_ln165_reg_353                 |  10|   0|   10|          0|
    |add_ln166_reg_358                 |  10|   0|   10|          0|
    |ap_CS_fsm                         |   1|   0|    1|          0|
    |ap_done_reg                       |   1|   0|    1|          0|
    |ap_enable_reg_pp0_iter1           |   1|   0|    1|          0|
    |ap_enable_reg_pp0_iter2           |   1|   0|    1|          0|
    |ap_loop_exit_ready_pp0_iter1_reg  |   1|   0|    1|          0|
    |i7_fu_68                          |   4|   0|    4|          0|
    |indvar_flatten_fu_72              |  10|   0|   10|          0|
    |j7_fu_64                          |   7|   0|    7|          0|
    |select_ln163_1_reg_341            |   4|   0|    4|          0|
    |zext_ln166_1_reg_348              |   7|   0|   10|          3|
    +----------------------------------+----+----+-----+-----------+
    |Total                             |  57|   0|   60|          3|
    +----------------------------------+----+----+-----+-----------+



================================================================
== Interface
================================================================
* Summary: 
+----------------+-----+-----+------------+-----------------------------------------------+--------------+
|    RTL Ports   | Dir | Bits|  Protocol  |                 Source Object                 |    C Type    |
+----------------+-----+-----+------------+-----------------------------------------------+--------------+
|ap_clk          |   in|    1|  ap_ctrl_hs|  Self_attention_Pipeline_l_mh_separate_i7_l_j7|  return value|
|ap_rst          |   in|    1|  ap_ctrl_hs|  Self_attention_Pipeline_l_mh_separate_i7_l_j7|  return value|
|ap_start        |   in|    1|  ap_ctrl_hs|  Self_attention_Pipeline_l_mh_separate_i7_l_j7|  return value|
|ap_done         |  out|    1|  ap_ctrl_hs|  Self_attention_Pipeline_l_mh_separate_i7_l_j7|  return value|
|ap_idle         |  out|    1|  ap_ctrl_hs|  Self_attention_Pipeline_l_mh_separate_i7_l_j7|  return value|
|ap_ready        |  out|    1|  ap_ctrl_hs|  Self_attention_Pipeline_l_mh_separate_i7_l_j7|  return value|
|Q_h_V_address0  |  out|   10|   ap_memory|                                          Q_h_V|         array|
|Q_h_V_ce0       |  out|    1|   ap_memory|                                          Q_h_V|         array|
|Q_h_V_we0       |  out|    1|   ap_memory|                                          Q_h_V|         array|
|Q_h_V_d0        |  out|   24|   ap_memory|                                          Q_h_V|         array|
|K_h_V_address0  |  out|   10|   ap_memory|                                          K_h_V|         array|
|K_h_V_ce0       |  out|    1|   ap_memory|                                          K_h_V|         array|
|K_h_V_we0       |  out|    1|   ap_memory|                                          K_h_V|         array|
|K_h_V_d0        |  out|   24|   ap_memory|                                          K_h_V|         array|
|V_h_V_address0  |  out|   10|   ap_memory|                                          V_h_V|         array|
|V_h_V_ce0       |  out|    1|   ap_memory|                                          V_h_V|         array|
|V_h_V_we0       |  out|    1|   ap_memory|                                          V_h_V|         array|
|V_h_V_d0        |  out|   24|   ap_memory|                                          V_h_V|         array|
|tmp_43          |   in|   10|     ap_none|                                         tmp_43|        scalar|
|v82_address0    |  out|   14|   ap_memory|                                            v82|         array|
|v82_ce0         |  out|    1|   ap_memory|                                            v82|         array|
|v82_q0          |   in|   24|   ap_memory|                                            v82|         array|
|v83_address0    |  out|   14|   ap_memory|                                            v83|         array|
|v83_ce0         |  out|    1|   ap_memory|                                            v83|         array|
|v83_q0          |   in|   24|   ap_memory|                                            v83|         array|
|v84_address0    |  out|   14|   ap_memory|                                            v84|         array|
|v84_ce0         |  out|    1|   ap_memory|                                            v84|         array|
|v84_q0          |   in|   24|   ap_memory|                                            v84|         array|
+----------------+-----+-----+------------+-----------------------------------------------+--------------+

