

================================================================
== Vitis HLS Report for 'Softmax_layer_1'
================================================================
* Date:           Sat Sep 16 04:07:09 2023

* Version:        2022.1.2 (Build 3605665 on Fri Aug  5 22:52:02 MDT 2022)
* Project:        out_test.prj
* Solution:       solution1 (Vivado IP Flow Target)
* Product family: virtexuplus
* Target device:  xcu280-fsvh2892-2L-e


================================================================
== Performance Estimates
================================================================
+ Timing: 
    * Summary: 
    +--------+---------+----------+------------+
    |  Clock |  Target | Estimated| Uncertainty|
    +--------+---------+----------+------------+
    |ap_clk  |  3.33 ns|  2.470 ns|     0.90 ns|
    +--------+---------+----------+------------+

+ Latency: 
    * Summary: 
    +---------+---------+----------+----------+------+------+---------+
    |  Latency (cycles) |  Latency (absolute) |   Interval  | Pipeline|
    |   min   |   max   |    min   |    max   |  min |  max |   Type  |
    +---------+---------+----------+----------+------+------+---------+
    |     2625|     2625|  8.741 us|  8.741 us|  2625|  2625|       no|
    +---------+---------+----------+----------+------+------+---------+

    + Detail: 
        * Instance: 
        +---------------------------------------------------+---------------------------------------+---------+---------+-----------+-----------+------+------+---------+
        |                                                   |                                       |  Latency (cycles) |   Latency (absolute)  |   Interval  | Pipeline|
        |                      Instance                     |                 Module                |   min   |   max   |    min    |    max    |  min |  max |   Type  |
        +---------------------------------------------------+---------------------------------------+---------+---------+-----------+-----------+------+------+---------+
        |grp_Softmax_layer_1_Pipeline_1_fu_1836             |Softmax_layer_1_Pipeline_1             |       18|       18|  59.940 ns|  59.940 ns|    18|    18|       no|
        |grp_Softmax_layer_1_Pipeline_l_exp_sum_j6_fu_1856  |Softmax_layer_1_Pipeline_l_exp_sum_j6  |     2069|     2069|   6.890 us|   6.890 us|  2069|  2069|       no|
        |grp_Softmax_layer_1_Pipeline_l_j7_fu_1910          |Softmax_layer_1_Pipeline_l_j7          |      532|      532|   1.772 us|   1.772 us|   532|   532|       no|
        +---------------------------------------------------+---------------------------------------+---------+---------+-----------+-----------+------+------+---------+

        * Loop: 
        N/A



================================================================
== Utilization Estimates
================================================================
* Summary: 
+---------------------+---------+------+---------+---------+-----+
|         Name        | BRAM_18K|  DSP |    FF   |   LUT   | URAM|
+---------------------+---------+------+---------+---------+-----+
|DSP                  |        -|     -|        -|        -|    -|
|Expression           |        -|     -|        0|      242|    -|
|FIFO                 |        -|     -|        -|        -|    -|
|Instance             |        -|    76|     8114|    13760|    -|
|Memory               |       16|     -|      256|      264|    0|
|Multiplexer          |        -|     -|        -|      671|    -|
|Register             |        -|     -|      541|        -|    -|
+---------------------+---------+------+---------+---------+-----+
|Total                |       16|    76|     8911|    14937|    0|
+---------------------+---------+------+---------+---------+-----+
|Available SLR        |     1344|  3008|   869120|   434560|  320|
+---------------------+---------+------+---------+---------+-----+
|Utilization SLR (%)  |        1|     2|        1|        3|    0|
+---------------------+---------+------+---------+---------+-----+
|Available            |     4032|  9024|  2607360|  1303680|  960|
+---------------------+---------+------+---------+---------+-----+
|Utilization (%)      |       ~0|    ~0|       ~0|        1|    0|
+---------------------+---------+------+---------+---------+-----+

+ Detail: 
    * Instance: 
    +---------------------------------------------------+---------------------------------------+---------+----+------+------+-----+
    |                      Instance                     |                 Module                | BRAM_18K| DSP|  FF  |  LUT | URAM|
    +---------------------------------------------------+---------------------------------------+---------+----+------+------+-----+
    |grp_Softmax_layer_1_Pipeline_1_fu_1836             |Softmax_layer_1_Pipeline_1             |        0|   0|     7|    49|    0|
    |grp_Softmax_layer_1_Pipeline_l_exp_sum_j6_fu_1856  |Softmax_layer_1_Pipeline_l_exp_sum_j6  |        0|  28|  3946|  5122|    0|
    |grp_Softmax_layer_1_Pipeline_l_j7_fu_1910          |Softmax_layer_1_Pipeline_l_j7          |        0|  48|  4161|  7901|    0|
    |mux_83_32_1_1_U8000                                |mux_83_32_1_1                          |        0|   0|     0|    43|    0|
    |mux_83_32_1_1_U8001                                |mux_83_32_1_1                          |        0|   0|     0|    43|    0|
    |mux_83_32_1_1_U8002                                |mux_83_32_1_1                          |        0|   0|     0|    43|    0|
    |mux_83_32_1_1_U8003                                |mux_83_32_1_1                          |        0|   0|     0|    43|    0|
    |mux_83_32_1_1_U8004                                |mux_83_32_1_1                          |        0|   0|     0|    43|    0|
    |mux_83_32_1_1_U8005                                |mux_83_32_1_1                          |        0|   0|     0|    43|    0|
    |mux_83_32_1_1_U8006                                |mux_83_32_1_1                          |        0|   0|     0|    43|    0|
    |mux_83_32_1_1_U8007                                |mux_83_32_1_1                          |        0|   0|     0|    43|    0|
    |mux_83_32_1_1_U8008                                |mux_83_32_1_1                          |        0|   0|     0|    43|    0|
    |mux_83_32_1_1_U8009                                |mux_83_32_1_1                          |        0|   0|     0|    43|    0|
    |mux_83_32_1_1_U8010                                |mux_83_32_1_1                          |        0|   0|     0|    43|    0|
    |mux_83_32_1_1_U8011                                |mux_83_32_1_1                          |        0|   0|     0|    43|    0|
    |mux_83_32_1_1_U8012                                |mux_83_32_1_1                          |        0|   0|     0|    43|    0|
    |mux_83_32_1_1_U8013                                |mux_83_32_1_1                          |        0|   0|     0|    43|    0|
    |mux_83_32_1_1_U8014                                |mux_83_32_1_1                          |        0|   0|     0|    43|    0|
    |mux_83_32_1_1_U8015                                |mux_83_32_1_1                          |        0|   0|     0|    43|    0|
    +---------------------------------------------------+---------------------------------------+---------+----+------+------+-----+
    |Total                                              |                                       |        0|  76|  8114| 13760|    0|
    +---------------------------------------------------+---------------------------------------+---------+----+------+------+-----+

    * DSP: 
    N/A

    * Memory: 
    +----------------+------------------------------------------+---------+----+----+-----+------+-----+------+-------------+
    |     Memory     |                  Module                  | BRAM_18K| FF | LUT| URAM| Words| Bits| Banks| W*Bits*Banks|
    +----------------+------------------------------------------+---------+----+----+-----+------+-----+------+-------------+
    |buf_data_U      |Softmax_layer_1_buf_data_RAM_AUTO_1R1W    |        1|   0|   0|    0|   512|   32|     1|        16384|
    |buf_data_1_U    |Softmax_layer_1_buf_data_RAM_AUTO_1R1W    |        1|   0|   0|    0|   512|   32|     1|        16384|
    |buf_data_2_U    |Softmax_layer_1_buf_data_RAM_AUTO_1R1W    |        1|   0|   0|    0|   512|   32|     1|        16384|
    |buf_data_3_U    |Softmax_layer_1_buf_data_RAM_AUTO_1R1W    |        1|   0|   0|    0|   512|   32|     1|        16384|
    |buf_data_4_U    |Softmax_layer_1_buf_data_RAM_AUTO_1R1W    |        1|   0|   0|    0|   512|   32|     1|        16384|
    |buf_data_5_U    |Softmax_layer_1_buf_data_RAM_AUTO_1R1W    |        1|   0|   0|    0|   512|   32|     1|        16384|
    |buf_data_6_U    |Softmax_layer_1_buf_data_RAM_AUTO_1R1W    |        1|   0|   0|    0|   512|   32|     1|        16384|
    |buf_data_7_U    |Softmax_layer_1_buf_data_RAM_AUTO_1R1W    |        1|   0|   0|    0|   512|   32|     1|        16384|
    |buf_data_8_U    |Softmax_layer_1_buf_data_RAM_AUTO_1R1W    |        1|   0|   0|    0|   512|   32|     1|        16384|
    |buf_data_9_U    |Softmax_layer_1_buf_data_RAM_AUTO_1R1W    |        1|   0|   0|    0|   512|   32|     1|        16384|
    |buf_data_10_U   |Softmax_layer_1_buf_data_RAM_AUTO_1R1W    |        1|   0|   0|    0|   512|   32|     1|        16384|
    |buf_data_11_U   |Softmax_layer_1_buf_data_RAM_AUTO_1R1W    |        1|   0|   0|    0|   512|   32|     1|        16384|
    |buf_data_12_U   |Softmax_layer_1_buf_data_RAM_AUTO_1R1W    |        1|   0|   0|    0|   512|   32|     1|        16384|
    |buf_data_13_U   |Softmax_layer_1_buf_data_RAM_AUTO_1R1W    |        1|   0|   0|    0|   512|   32|     1|        16384|
    |buf_data_14_U   |Softmax_layer_1_buf_data_RAM_AUTO_1R1W    |        1|   0|   0|    0|   512|   32|     1|        16384|
    |buf_data_15_U   |Softmax_layer_1_buf_data_RAM_AUTO_1R1W    |        1|   0|   0|    0|   512|   32|     1|        16384|
    |p_ZL5buf22_0_U  |Softmax_layer_1_p_ZL5buf22_0_ROM_AUTO_1R  |        0|  32|  33|    0|    64|   32|     1|         2048|
    |p_ZL5buf22_1_U  |Softmax_layer_1_p_ZL5buf22_1_ROM_AUTO_1R  |        0|  32|  33|    0|    64|   32|     1|         2048|
    |p_ZL5buf22_2_U  |Softmax_layer_1_p_ZL5buf22_2_ROM_AUTO_1R  |        0|  32|  33|    0|    64|   32|     1|         2048|
    |p_ZL5buf22_3_U  |Softmax_layer_1_p_ZL5buf22_3_ROM_AUTO_1R  |        0|  32|  33|    0|    64|   32|     1|         2048|
    |p_ZL5buf22_4_U  |Softmax_layer_1_p_ZL5buf22_4_ROM_AUTO_1R  |        0|  32|  33|    0|    64|   32|     1|         2048|
    |p_ZL5buf22_5_U  |Softmax_layer_1_p_ZL5buf22_5_ROM_AUTO_1R  |        0|  32|  33|    0|    64|   32|     1|         2048|
    |p_ZL5buf22_6_U  |Softmax_layer_1_p_ZL5buf22_6_ROM_AUTO_1R  |        0|  32|  33|    0|    64|   32|     1|         2048|
    |p_ZL5buf22_7_U  |Softmax_layer_1_p_ZL5buf22_7_ROM_AUTO_1R  |        0|  32|  33|    0|    64|   32|     1|         2048|
    +----------------+------------------------------------------+---------+----+----+-----+------+-----+------+-------------+
    |Total           |                                          |       16| 256| 264|    0|  8704|  768|    24|       278528|
    +----------------+------------------------------------------+---------+----+----+-----+------+-----+------+-------------+

    * FIFO: 
    N/A

    * Expression: 
    +---------------------+----------+----+---+----+------------+------------+
    |    Variable Name    | Operation| DSP| FF| LUT| Bitwidth P0| Bitwidth P1|
    +---------------------+----------+----+---+----+------------+------------+
    |add30_10_fu_2296_p2  |         +|   0|  0|  16|           9|           4|
    |add30_11_fu_2323_p2  |         +|   0|  0|  16|           9|           4|
    |add30_12_fu_2350_p2  |         +|   0|  0|  16|           9|           4|
    |add30_13_fu_2377_p2  |         +|   0|  0|  16|           9|           4|
    |add30_14_fu_2404_p2  |         +|   0|  0|  16|           9|           4|
    |add30_15_fu_2431_p2  |         +|   0|  0|  16|           9|           4|
    |add30_1_fu_2053_p2   |         +|   0|  0|  16|           9|           1|
    |add30_2_fu_2080_p2   |         +|   0|  0|  16|           9|           2|
    |add30_3_fu_2107_p2   |         +|   0|  0|  16|           9|           2|
    |add30_4_fu_2134_p2   |         +|   0|  0|  16|           9|           3|
    |add30_5_fu_2161_p2   |         +|   0|  0|  16|           9|           3|
    |add30_6_fu_2188_p2   |         +|   0|  0|  16|           9|           3|
    |add30_7_fu_2215_p2   |         +|   0|  0|  16|           9|           3|
    |add30_8_fu_2242_p2   |         +|   0|  0|  16|           9|           4|
    |add30_9_fu_2269_p2   |         +|   0|  0|  16|           9|           4|
    |ap_block_state1      |        or|   0|  0|   2|           1|           1|
    +---------------------+----------+----+---+----+------------+------------+
    |Total                |          |   0|  0| 242|         136|          50|
    +---------------------+----------+----+---+----+------------+------------+

    * Multiplexer: 
    +-----------------------+----+-----------+-----+-----------+
    |          Name         | LUT| Input Size| Bits| Total Bits|
    +-----------------------+----+-----------+-----+-----------+
    |ap_NS_fsm              |  43|          8|    1|          8|
    |ap_done                |   9|          2|    1|          2|
    |attn_outp_read         |   9|          2|    1|          2|
    |buf_data_10_address0   |  14|          3|    9|         27|
    |buf_data_10_ce0        |  14|          3|    1|          3|
    |buf_data_10_we0        |   9|          2|    1|          2|
    |buf_data_11_address0   |  14|          3|    9|         27|
    |buf_data_11_ce0        |  14|          3|    1|          3|
    |buf_data_11_we0        |   9|          2|    1|          2|
    |buf_data_12_address0   |  14|          3|    9|         27|
    |buf_data_12_ce0        |  14|          3|    1|          3|
    |buf_data_12_we0        |   9|          2|    1|          2|
    |buf_data_13_address0   |  14|          3|    9|         27|
    |buf_data_13_ce0        |  14|          3|    1|          3|
    |buf_data_13_we0        |   9|          2|    1|          2|
    |buf_data_14_address0   |  14|          3|    9|         27|
    |buf_data_14_ce0        |  14|          3|    1|          3|
    |buf_data_14_we0        |   9|          2|    1|          2|
    |buf_data_15_address0   |  14|          3|    9|         27|
    |buf_data_15_ce0        |  14|          3|    1|          3|
    |buf_data_15_we0        |   9|          2|    1|          2|
    |buf_data_1_address0    |  14|          3|    9|         27|
    |buf_data_1_ce0         |  14|          3|    1|          3|
    |buf_data_1_we0         |   9|          2|    1|          2|
    |buf_data_2_address0    |  14|          3|    9|         27|
    |buf_data_2_ce0         |  14|          3|    1|          3|
    |buf_data_2_we0         |   9|          2|    1|          2|
    |buf_data_3_address0    |  14|          3|    9|         27|
    |buf_data_3_ce0         |  14|          3|    1|          3|
    |buf_data_3_we0         |   9|          2|    1|          2|
    |buf_data_4_address0    |  14|          3|    9|         27|
    |buf_data_4_ce0         |  14|          3|    1|          3|
    |buf_data_4_we0         |   9|          2|    1|          2|
    |buf_data_5_address0    |  14|          3|    9|         27|
    |buf_data_5_ce0         |  14|          3|    1|          3|
    |buf_data_5_we0         |   9|          2|    1|          2|
    |buf_data_6_address0    |  14|          3|    9|         27|
    |buf_data_6_ce0         |  14|          3|    1|          3|
    |buf_data_6_we0         |   9|          2|    1|          2|
    |buf_data_7_address0    |  14|          3|    9|         27|
    |buf_data_7_ce0         |  14|          3|    1|          3|
    |buf_data_7_we0         |   9|          2|    1|          2|
    |buf_data_8_address0    |  14|          3|    9|         27|
    |buf_data_8_ce0         |  14|          3|    1|          3|
    |buf_data_8_we0         |   9|          2|    1|          2|
    |buf_data_9_address0    |  14|          3|    9|         27|
    |buf_data_9_ce0         |  14|          3|    1|          3|
    |buf_data_9_we0         |   9|          2|    1|          2|
    |buf_data_address0      |  14|          3|    9|         27|
    |buf_data_ce0           |  14|          3|    1|          3|
    |buf_data_we0           |   9|          2|    1|          2|
    |pack_seq_offset_blk_n  |   9|          2|    1|          2|
    |sfm_outp_write         |   9|          2|    1|          2|
    +-----------------------+----+-----------+-----+-----------+
    |Total                  | 671|        144|  181|        528|
    +-----------------------+----+-----------+-----+-----------+

    * Register: 
    +----------------------------------------------------------------+----+----+-----+-----------+
    |                              Name                              | FF | LUT| Bits| Const Bits|
    +----------------------------------------------------------------+----+----+-----+-----------+
    |ap_CS_fsm                                                       |   7|   0|    7|          0|
    |ap_done_reg                                                     |   1|   0|    1|          0|
    |empty_reg_3085                                                  |   3|   0|    3|          0|
    |grp_Softmax_layer_1_Pipeline_1_fu_1836_ap_start_reg             |   1|   0|    1|          0|
    |grp_Softmax_layer_1_Pipeline_l_exp_sum_j6_fu_1856_ap_start_reg  |   1|   0|    1|          0|
    |grp_Softmax_layer_1_Pipeline_l_j7_fu_1910_ap_start_reg          |   1|   0|    1|          0|
    |pack_seq_offset_read_reg_3066                                   |   9|   0|    9|          0|
    |tmp_10_reg_3901                                                 |  32|   0|   32|          0|
    |tmp_118_reg_3105                                                |   6|   0|    6|          0|
    |tmp_11_reg_3906                                                 |  32|   0|   32|          0|
    |tmp_12_reg_3911                                                 |  32|   0|   32|          0|
    |tmp_13_reg_3916                                                 |  32|   0|   32|          0|
    |tmp_14_reg_3921                                                 |  32|   0|   32|          0|
    |tmp_1_reg_3856                                                  |  32|   0|   32|          0|
    |tmp_2_reg_3861                                                  |  32|   0|   32|          0|
    |tmp_3_reg_3866                                                  |  32|   0|   32|          0|
    |tmp_4_reg_3871                                                  |  32|   0|   32|          0|
    |tmp_5_reg_3876                                                  |  32|   0|   32|          0|
    |tmp_6_reg_3881                                                  |  32|   0|   32|          0|
    |tmp_7_reg_3886                                                  |  32|   0|   32|          0|
    |tmp_8_reg_3891                                                  |  32|   0|   32|          0|
    |tmp_9_reg_3896                                                  |  32|   0|   32|          0|
    |tmp_reg_3846                                                    |  32|   0|   32|          0|
    |tmp_s_reg_3851                                                  |  32|   0|   32|          0|
    +----------------------------------------------------------------+----+----+-----+-----------+
    |Total                                                           | 541|   0|  541|          0|
    +----------------------------------------------------------------+----+----+-----+-----------+



================================================================
== Interface
================================================================
* Summary: 
+--------------------------------+-----+-----+------------+-----------------+--------------+
|            RTL Ports           | Dir | Bits|  Protocol  |  Source Object  |    C Type    |
+--------------------------------+-----+-----+------------+-----------------+--------------+
|ap_clk                          |   in|    1|  ap_ctrl_hs|  Softmax_layer.1|  return value|
|ap_rst                          |   in|    1|  ap_ctrl_hs|  Softmax_layer.1|  return value|
|ap_start                        |   in|    1|  ap_ctrl_hs|  Softmax_layer.1|  return value|
|ap_done                         |  out|    1|  ap_ctrl_hs|  Softmax_layer.1|  return value|
|ap_continue                     |   in|    1|  ap_ctrl_hs|  Softmax_layer.1|  return value|
|ap_idle                         |  out|    1|  ap_ctrl_hs|  Softmax_layer.1|  return value|
|ap_ready                        |  out|    1|  ap_ctrl_hs|  Softmax_layer.1|  return value|
|attn_outp_dout                  |   in|  512|     ap_fifo|        attn_outp|       pointer|
|attn_outp_num_data_valid        |   in|    3|     ap_fifo|        attn_outp|       pointer|
|attn_outp_fifo_cap              |   in|    3|     ap_fifo|        attn_outp|       pointer|
|attn_outp_empty_n               |   in|    1|     ap_fifo|        attn_outp|       pointer|
|attn_outp_read                  |  out|    1|     ap_fifo|        attn_outp|       pointer|
|sfm_outp_din                    |  out|  128|     ap_fifo|         sfm_outp|       pointer|
|sfm_outp_num_data_valid         |   in|    3|     ap_fifo|         sfm_outp|       pointer|
|sfm_outp_fifo_cap               |   in|    3|     ap_fifo|         sfm_outp|       pointer|
|sfm_outp_full_n                 |   in|    1|     ap_fifo|         sfm_outp|       pointer|
|sfm_outp_write                  |  out|    1|     ap_fifo|         sfm_outp|       pointer|
|pack_seq_offset_dout            |   in|    9|     ap_fifo|  pack_seq_offset|       pointer|
|pack_seq_offset_num_data_valid  |   in|    2|     ap_fifo|  pack_seq_offset|       pointer|
|pack_seq_offset_fifo_cap        |   in|    2|     ap_fifo|  pack_seq_offset|       pointer|
|pack_seq_offset_empty_n         |   in|    1|     ap_fifo|  pack_seq_offset|       pointer|
|pack_seq_offset_read            |  out|    1|     ap_fifo|  pack_seq_offset|       pointer|
+--------------------------------+-----+-----+------------+-----------------+--------------+

