

================================================================
== Vitis HLS Report for 'PE_8_4_pack_556'
================================================================
* Date:           Thu Sep  7 09:00:58 2023

* Version:        2022.1.2 (Build 3605665 on Fri Aug  5 22:52:02 MDT 2022)
* Project:        out.prj
* Solution:       solution1 (Vivado IP Flow Target)
* Product family: zynq
* Target device:  xc7z020-clg484-1


================================================================
== Performance Estimates
================================================================
+ Timing: 
    * Summary: 
    +--------+----------+----------+------------+
    |  Clock |  Target  | Estimated| Uncertainty|
    +--------+----------+----------+------------+
    |ap_clk  |  10.00 ns|  7.268 ns|     2.70 ns|
    +--------+----------+----------+------------+

+ Latency: 
    * Summary: 
    +---------+---------+-----------+-----------+------+------+---------+
    |  Latency (cycles) |   Latency (absolute)  |   Interval  | Pipeline|
    |   min   |   max   |    min    |    max    |  min |  max |   Type  |
    +---------+---------+-----------+-----------+------+------+---------+
    |     3077|     3077|  30.770 us|  30.770 us|  3077|  3077|       no|
    +---------+---------+-----------+-----------+------+------+---------+

    + Detail: 
        * Instance: 
        N/A

        * Loop: 
        +-----------+---------+---------+----------+-----------+-----------+------+----------+
        |           |  Latency (cycles) | Iteration|  Initiation Interval  | Trip |          |
        | Loop Name |   min   |   max   |  Latency |  achieved |   target  | Count| Pipelined|
        +-----------+---------+---------+----------+-----------+-----------+------+----------+
        |- PE_LOOP  |     3075|     3075|         5|          1|          1|  3072|       yes|
        +-----------+---------+---------+----------+-----------+-----------+------+----------+



================================================================
== Utilization Estimates
================================================================
* Summary: 
+-----------------+---------+-----+--------+-------+-----+
|       Name      | BRAM_18K| DSP |   FF   |  LUT  | URAM|
+-----------------+---------+-----+--------+-------+-----+
|DSP              |        -|    1|       -|      -|    -|
|Expression       |        -|    -|       0|     87|    -|
|FIFO             |        -|    -|       -|      -|    -|
|Instance         |        -|    -|       -|      -|    -|
|Memory           |        -|    -|       -|      -|    -|
|Multiplexer      |        -|    -|       -|     90|    -|
|Register         |        -|    -|     182|     32|    -|
+-----------------+---------+-----+--------+-------+-----+
|Total            |        0|    1|     182|    209|    0|
+-----------------+---------+-----+--------+-------+-----+
|Available        |      280|  220|  106400|  53200|    0|
+-----------------+---------+-----+--------+-------+-----+
|Utilization (%)  |        0|   ~0|      ~0|     ~0|    0|
+-----------------+---------+-----+--------+-------+-----+

+ Detail: 
    * Instance: 
    N/A

    * DSP: 
    +-----------------------------+-----------------------+-----------+
    |           Instance          |         Module        | Expression|
    +-----------------------------+-----------------------+-----------+
    |mul_mul_17s_8s_25_4_1_U8713  |mul_mul_17s_8s_25_4_1  |    i0 * i1|
    +-----------------------------+-----------------------+-----------+

    * Memory: 
    N/A

    * FIFO: 
    N/A

    * Expression: 
    +----------------------------------+----------+----+---+----+------------+------------+
    |           Variable Name          | Operation| DSP| FF| LUT| Bitwidth P0| Bitwidth P1|
    +----------------------------------+----------+----+---+----+------------+------------+
    |add_ln886_fu_184_p2               |         +|   0|  0|  55|          48|          48|
    |k_163_fu_110_p2                   |         +|   0|  0|  12|          12|           1|
    |ap_condition_132                  |       and|   0|  0|   2|           1|           1|
    |icmp_ln7_fu_104_p2                |      icmp|   0|  0|  12|          12|          12|
    |ap_block_pp0_stage0_01001         |        or|   0|  0|   2|           1|           1|
    |ap_block_state2_pp0_stage0_iter1  |        or|   0|  0|   2|           1|           1|
    |ap_enable_pp0                     |       xor|   0|  0|   2|           1|           2|
    +----------------------------------+----------+----+---+----+------------+------------+
    |Total                             |          |   0|  0|  87|          76|          66|
    +----------------------------------+----------+----+---+----+------------+------------+

    * Multiplexer: 
    +---------------------------------------+----+-----------+-----+-----------+
    |                  Name                 | LUT| Input Size| Bits| Total Bits|
    +---------------------------------------+----+-----------+-----+-----------+
    |A_fifo_7_6_blk_n                       |   9|          2|    1|          2|
    |A_fifo_7_7_blk_n                       |   9|          2|    1|          2|
    |B_fifo_6_7_blk_n                       |   9|          2|    1|          2|
    |B_fifo_6_8_blk_n                       |   9|          2|    1|          2|
    |ap_done_int                            |   9|          2|    1|          2|
    |ap_enable_reg_pp0_iter1                |   9|          2|    1|          2|
    |ap_return                              |   9|          2|   48|         96|
    |ap_sig_allocacmp_C_out_out_0_load_134  |   9|          2|   48|         96|
    |ap_sig_allocacmp_k                     |   9|          2|   12|         24|
    |k_02_fu_60                             |   9|          2|   12|         24|
    +---------------------------------------+----+-----------+-----+-----------+
    |Total                                  |  90|         20|  126|        252|
    +---------------------------------------+----+-----------+-----+-----------+

    * Register: 
    +----------------------------------+----+----+-----+-----------+
    |               Name               | FF | LUT| Bits| Const Bits|
    +----------------------------------+----+----+-----+-----------+
    |C_out_out_0_fu_64                 |  48|   0|   48|          0|
    |ap_CS_fsm                         |   1|   0|    1|          0|
    |ap_done_reg                       |   1|   0|    1|          0|
    |ap_enable_reg_pp0_iter1           |   1|   0|    1|          0|
    |ap_enable_reg_pp0_iter2           |   1|   0|    1|          0|
    |ap_enable_reg_pp0_iter3           |   1|   0|    1|          0|
    |ap_enable_reg_pp0_iter4           |   1|   0|    1|          0|
    |ap_loop_exit_ready_pp0_iter1_reg  |   1|   0|    1|          0|
    |ap_loop_exit_ready_pp0_iter2_reg  |   1|   0|    1|          0|
    |ap_loop_exit_ready_pp0_iter3_reg  |   1|   0|    1|          0|
    |ap_return_preg                    |  48|   0|   48|          0|
    |icmp_ln7_reg_220                  |   1|   0|    1|          0|
    |k_02_fu_60                        |  12|   0|   12|          0|
    |icmp_ln7_reg_220                  |  64|  32|    1|          0|
    +----------------------------------+----+----+-----+-----------+
    |Total                             | 182|  32|  119|          0|
    +----------------------------------+----+----+-----+-----------+



================================================================
== Interface
================================================================
* Summary: 
+---------------------------+-----+-----+------------+-----------------+--------------+
|         RTL Ports         | Dir | Bits|  Protocol  |  Source Object  |    C Type    |
+---------------------------+-----+-----+------------+-----------------+--------------+
|ap_clk                     |   in|    1|  ap_ctrl_hs|  PE_8_4_pack.556|  return value|
|ap_rst                     |   in|    1|  ap_ctrl_hs|  PE_8_4_pack.556|  return value|
|ap_start                   |   in|    1|  ap_ctrl_hs|  PE_8_4_pack.556|  return value|
|ap_done                    |  out|    1|  ap_ctrl_hs|  PE_8_4_pack.556|  return value|
|ap_continue                |   in|    1|  ap_ctrl_hs|  PE_8_4_pack.556|  return value|
|ap_idle                    |  out|    1|  ap_ctrl_hs|  PE_8_4_pack.556|  return value|
|ap_ready                   |  out|    1|  ap_ctrl_hs|  PE_8_4_pack.556|  return value|
|ap_return                  |  out|   48|  ap_ctrl_hs|  PE_8_4_pack.556|  return value|
|A_fifo_7_6_dout            |   in|    8|     ap_fifo|       A_fifo_7_6|       pointer|
|A_fifo_7_6_num_data_valid  |   in|    2|     ap_fifo|       A_fifo_7_6|       pointer|
|A_fifo_7_6_fifo_cap        |   in|    2|     ap_fifo|       A_fifo_7_6|       pointer|
|A_fifo_7_6_empty_n         |   in|    1|     ap_fifo|       A_fifo_7_6|       pointer|
|A_fifo_7_6_read            |  out|    1|     ap_fifo|       A_fifo_7_6|       pointer|
|B_fifo_6_7_dout            |   in|    8|     ap_fifo|       B_fifo_6_7|       pointer|
|B_fifo_6_7_num_data_valid  |   in|    2|     ap_fifo|       B_fifo_6_7|       pointer|
|B_fifo_6_7_fifo_cap        |   in|    2|     ap_fifo|       B_fifo_6_7|       pointer|
|B_fifo_6_7_empty_n         |   in|    1|     ap_fifo|       B_fifo_6_7|       pointer|
|B_fifo_6_7_read            |  out|    1|     ap_fifo|       B_fifo_6_7|       pointer|
|A_fifo_7_7_din             |  out|    8|     ap_fifo|       A_fifo_7_7|       pointer|
|A_fifo_7_7_num_data_valid  |   in|    2|     ap_fifo|       A_fifo_7_7|       pointer|
|A_fifo_7_7_fifo_cap        |   in|    2|     ap_fifo|       A_fifo_7_7|       pointer|
|A_fifo_7_7_full_n          |   in|    1|     ap_fifo|       A_fifo_7_7|       pointer|
|A_fifo_7_7_write           |  out|    1|     ap_fifo|       A_fifo_7_7|       pointer|
|B_fifo_6_8_din             |  out|    8|     ap_fifo|       B_fifo_6_8|       pointer|
|B_fifo_6_8_num_data_valid  |   in|    2|     ap_fifo|       B_fifo_6_8|       pointer|
|B_fifo_6_8_fifo_cap        |   in|    2|     ap_fifo|       B_fifo_6_8|       pointer|
|B_fifo_6_8_full_n          |   in|    1|     ap_fifo|       B_fifo_6_8|       pointer|
|B_fifo_6_8_write           |  out|    1|     ap_fifo|       B_fifo_6_8|       pointer|
+---------------------------+-----+-----+------------+-----------------+--------------+

