

================================================================
== Vitis HLS Report for 'systolic_array_k_64_Loop_data_drain_C_proc'
================================================================
* Date:           Thu Sep  7 08:49:24 2023

* Version:        2022.1.2 (Build 3605665 on Fri Aug  5 22:52:02 MDT 2022)
* Project:        out.prj
* Solution:       solution1 (Vivado IP Flow Target)
* Product family: zynq
* Target device:  xc7z020-clg484-1


================================================================
== Performance Estimates
================================================================
+ Timing: 
    * Summary: 
    +--------+----------+----------+------------+
    |  Clock |  Target  | Estimated| Uncertainty|
    +--------+----------+----------+------------+
    |ap_clk  |  10.00 ns|  5.461 ns|     2.70 ns|
    +--------+----------+----------+------------+

+ Latency: 
    * Summary: 
    +---------+---------+-----------+-----------+-----+-----+---------+
    |  Latency (cycles) |   Latency (absolute)  |  Interval | Pipeline|
    |   min   |   max   |    min    |    max    | min | max |   Type  |
    +---------+---------+-----------+-----------+-----+-----+---------+
    |        6|        6|  60.000 ns|  60.000 ns|    6|    6|       no|
    +---------+---------+-----------+-----------+-----+-----+---------+

    + Detail: 
        * Instance: 
        N/A

        * Loop: 
        +----------------+---------+---------+----------+-----------+-----------+------+----------+
        |                |  Latency (cycles) | Iteration|  Initiation Interval  | Trip |          |
        |    Loop Name   |   min   |   max   |  Latency |  achieved |   target  | Count| Pipelined|
        +----------------+---------+---------+----------+-----------+-----------+------+----------+
        |- data_drain_C  |        4|        4|         2|          1|          1|     4|       yes|
        +----------------+---------+---------+----------+-----------+-----------+------+----------+



================================================================
== Utilization Estimates
================================================================
* Summary: 
+-----------------+---------+-----+--------+-------+-----+
|       Name      | BRAM_18K| DSP |   FF   |  LUT  | URAM|
+-----------------+---------+-----+--------+-------+-----+
|DSP              |        -|    -|       -|      -|    -|
|Expression       |        -|    -|       0|     28|    -|
|FIFO             |        -|    -|       -|      -|    -|
|Instance         |        -|    -|       0|     80|    -|
|Memory           |        -|    -|       -|      -|    -|
|Multiplexer      |        -|    -|       -|     72|    -|
|Register         |        -|    -|     102|      -|    -|
+-----------------+---------+-----+--------+-------+-----+
|Total            |        0|    0|     102|    180|    0|
+-----------------+---------+-----+--------+-------+-----+
|Available        |      280|  220|  106400|  53200|    0|
+-----------------+---------+-----+--------+-------+-----+
|Utilization (%)  |        0|    0|      ~0|     ~0|    0|
+-----------------+---------+-----+--------+-------+-----+

+ Detail: 
    * Instance: 
    +---------------------+---------------+---------+----+---+----+-----+
    |       Instance      |     Module    | BRAM_18K| DSP| FF| LUT| URAM|
    +---------------------+---------------+---------+----+---+----+-----+
    |mux_43_24_1_1_U2538  |mux_43_24_1_1  |        0|   0|  0|  20|    0|
    |mux_43_24_1_1_U2539  |mux_43_24_1_1  |        0|   0|  0|  20|    0|
    |mux_43_24_1_1_U2540  |mux_43_24_1_1  |        0|   0|  0|  20|    0|
    |mux_43_24_1_1_U2541  |mux_43_24_1_1  |        0|   0|  0|  20|    0|
    +---------------------+---------------+---------+----+---+----+-----+
    |Total                |               |        0|   0|  0|  80|    0|
    +---------------------+---------------+---------+----+---+----+-----+

    * DSP: 
    N/A

    * Memory: 
    N/A

    * FIFO: 
    N/A

    * Expression: 
    +----------------------------------+----------+----+---+----+------------+------------+
    |           Variable Name          | Operation| DSP| FF| LUT| Bitwidth P0| Bitwidth P1|
    +----------------------------------+----------+----+---+----+------------+------------+
    |add_ln177_fu_216_p2               |         +|   0|  0|  11|           3|           1|
    |ap_condition_133                  |       and|   0|  0|   2|           1|           1|
    |icmp_ln177_fu_210_p2              |      icmp|   0|  0|   9|           3|           4|
    |ap_block_pp0_stage0_01001         |        or|   0|  0|   2|           1|           1|
    |ap_block_state2_pp0_stage0_iter1  |        or|   0|  0|   2|           1|           1|
    |ap_enable_pp0                     |       xor|   0|  0|   2|           1|           2|
    +----------------------------------+----------+----+---+----+------------+------------+
    |Total                             |          |   0|  0|  28|          10|          10|
    +----------------------------------+----------+----+---+----+------------+------------+

    * Multiplexer: 
    +-------------------------+----+-----------+-----+-----------+
    |           Name          | LUT| Input Size| Bits| Total Bits|
    +-------------------------+----+-----------+-----+-----------+
    |ap_done_int              |   9|          2|    1|          2|
    |ap_enable_reg_pp0_iter1  |   9|          2|    1|          2|
    |ap_sig_allocacmp_n_4     |   9|          2|    3|          6|
    |block_C_drainer_0_blk_n  |   9|          2|    1|          2|
    |block_C_drainer_1_blk_n  |   9|          2|    1|          2|
    |block_C_drainer_2_blk_n  |   9|          2|    1|          2|
    |block_C_drainer_3_blk_n  |   9|          2|    1|          2|
    |n_fu_74                  |   9|          2|    3|          6|
    +-------------------------+----+-----------+-----+-----------+
    |Total                    |  72|         16|   12|         24|
    +-------------------------+----+-----------+-----+-----------+

    * Register: 
    +-------------------------+----+----+-----+-----------+
    |           Name          | FF | LUT| Bits| Const Bits|
    +-------------------------+----+----+-----+-----------+
    |ap_CS_fsm                |   1|   0|    1|          0|
    |ap_done_reg              |   1|   0|    1|          0|
    |ap_enable_reg_pp0_iter1  |   1|   0|    1|          0|
    |n_fu_74                  |   3|   0|    3|          0|
    |tmp_81_i_reg_298         |  24|   0|   24|          0|
    |tmp_82_i_reg_303         |  24|   0|   24|          0|
    |tmp_83_i_reg_308         |  24|   0|   24|          0|
    |tmp_i_reg_293            |  24|   0|   24|          0|
    +-------------------------+----+----+-----+-----------+
    |Total                    | 102|   0|  102|          0|
    +-------------------------+----+----+-----+-----------+



================================================================
== Interface
================================================================
* Summary: 
+----------------------------------+-----+-----+------------+--------------------------------------------+--------------+
|             RTL Ports            | Dir | Bits|  Protocol  |                Source Object               |    C Type    |
+----------------------------------+-----+-----+------------+--------------------------------------------+--------------+
|ap_clk                            |   in|    1|  ap_ctrl_hs|  systolic_array_k_64_Loop_data_drain_C_proc|  return value|
|ap_rst                            |   in|    1|  ap_ctrl_hs|  systolic_array_k_64_Loop_data_drain_C_proc|  return value|
|ap_start                          |   in|    1|  ap_ctrl_hs|  systolic_array_k_64_Loop_data_drain_C_proc|  return value|
|ap_done                           |  out|    1|  ap_ctrl_hs|  systolic_array_k_64_Loop_data_drain_C_proc|  return value|
|ap_continue                       |   in|    1|  ap_ctrl_hs|  systolic_array_k_64_Loop_data_drain_C_proc|  return value|
|ap_idle                           |  out|    1|  ap_ctrl_hs|  systolic_array_k_64_Loop_data_drain_C_proc|  return value|
|ap_ready                          |  out|    1|  ap_ctrl_hs|  systolic_array_k_64_Loop_data_drain_C_proc|  return value|
|block_C_drainer_0_din             |  out|   24|     ap_fifo|                           block_C_drainer_0|       pointer|
|block_C_drainer_0_num_data_valid  |   in|    2|     ap_fifo|                           block_C_drainer_0|       pointer|
|block_C_drainer_0_fifo_cap        |   in|    2|     ap_fifo|                           block_C_drainer_0|       pointer|
|block_C_drainer_0_full_n          |   in|    1|     ap_fifo|                           block_C_drainer_0|       pointer|
|block_C_drainer_0_write           |  out|    1|     ap_fifo|                           block_C_drainer_0|       pointer|
|block_C_drainer_1_din             |  out|   24|     ap_fifo|                           block_C_drainer_1|       pointer|
|block_C_drainer_1_num_data_valid  |   in|    2|     ap_fifo|                           block_C_drainer_1|       pointer|
|block_C_drainer_1_fifo_cap        |   in|    2|     ap_fifo|                           block_C_drainer_1|       pointer|
|block_C_drainer_1_full_n          |   in|    1|     ap_fifo|                           block_C_drainer_1|       pointer|
|block_C_drainer_1_write           |  out|    1|     ap_fifo|                           block_C_drainer_1|       pointer|
|block_C_drainer_2_din             |  out|   24|     ap_fifo|                           block_C_drainer_2|       pointer|
|block_C_drainer_2_num_data_valid  |   in|    2|     ap_fifo|                           block_C_drainer_2|       pointer|
|block_C_drainer_2_fifo_cap        |   in|    2|     ap_fifo|                           block_C_drainer_2|       pointer|
|block_C_drainer_2_full_n          |   in|    1|     ap_fifo|                           block_C_drainer_2|       pointer|
|block_C_drainer_2_write           |  out|    1|     ap_fifo|                           block_C_drainer_2|       pointer|
|block_C_drainer_3_din             |  out|   24|     ap_fifo|                           block_C_drainer_3|       pointer|
|block_C_drainer_3_num_data_valid  |   in|    2|     ap_fifo|                           block_C_drainer_3|       pointer|
|block_C_drainer_3_fifo_cap        |   in|    2|     ap_fifo|                           block_C_drainer_3|       pointer|
|block_C_drainer_3_full_n          |   in|    1|     ap_fifo|                           block_C_drainer_3|       pointer|
|block_C_drainer_3_write           |  out|    1|     ap_fifo|                           block_C_drainer_3|       pointer|
|p_read                            |   in|   24|     ap_none|                                      p_read|        scalar|
|p_read1                           |   in|   24|     ap_none|                                     p_read1|        scalar|
|p_read2                           |   in|   24|     ap_none|                                     p_read2|        scalar|
|p_read3                           |   in|   24|     ap_none|                                     p_read3|        scalar|
|p_read4                           |   in|   24|     ap_none|                                     p_read4|        scalar|
|p_read5                           |   in|   24|     ap_none|                                     p_read5|        scalar|
|p_read6                           |   in|   24|     ap_none|                                     p_read6|        scalar|
|p_read7                           |   in|   24|     ap_none|                                     p_read7|        scalar|
|p_read8                           |   in|   24|     ap_none|                                     p_read8|        scalar|
|p_read9                           |   in|   24|     ap_none|                                     p_read9|        scalar|
|p_read10                          |   in|   24|     ap_none|                                    p_read10|        scalar|
|p_read11                          |   in|   24|     ap_none|                                    p_read11|        scalar|
|p_read12                          |   in|   24|     ap_none|                                    p_read12|        scalar|
|p_read13                          |   in|   24|     ap_none|                                    p_read13|        scalar|
|p_read14                          |   in|   24|     ap_none|                                    p_read14|        scalar|
|p_read15                          |   in|   24|     ap_none|                                    p_read15|        scalar|
+----------------------------------+-----+-----+------------+--------------------------------------------+--------------+

