

================================================================
== Vitis HLS Report for 'Bert_layer_Pipeline_l_S_i_j_0_i15_l_j11'
================================================================
* Date:           Mon Sep  4 10:26:51 2023

* Version:        2022.1.2 (Build 3605665 on Fri Aug  5 22:52:02 MDT 2022)
* Project:        out.prj
* Solution:       solution1 (Vivado IP Flow Target)
* Product family: zynq
* Target device:  xc7z020-clg484-1


================================================================
== Performance Estimates
================================================================
+ Timing: 
    * Summary: 
    +--------+----------+----------+------------+
    |  Clock |  Target  | Estimated| Uncertainty|
    +--------+----------+----------+------------+
    |ap_clk  |  10.00 ns|  7.256 ns|     2.70 ns|
    +--------+----------+----------+------------+

+ Latency: 
    * Summary: 
    +---------+---------+-----------+-----------+------+------+---------+
    |  Latency (cycles) |   Latency (absolute)  |   Interval  | Pipeline|
    |   min   |   max   |    min    |    max    |  min |  max |   Type  |
    +---------+---------+-----------+-----------+------+------+---------+
    |     9237|     9237|  92.370 us|  92.370 us|  9237|  9237|       no|
    +---------+---------+-----------+-----------+------+------+---------+

    + Detail: 
        * Instance: 
        N/A

        * Loop: 
        +-----------------------+---------+---------+----------+-----------+-----------+------+----------+
        |                       |  Latency (cycles) | Iteration|  Initiation Interval  | Trip |          |
        |       Loop Name       |   min   |   max   |  Latency |  achieved |   target  | Count| Pipelined|
        +-----------------------+---------+---------+----------+-----------+-----------+------+----------+
        |- l_S_i_j_0_i15_l_j11  |     9235|     9235|        21|          1|          1|  9216|       yes|
        +-----------------------+---------+---------+----------+-----------+-----------+------+----------+



================================================================
== Utilization Estimates
================================================================
* Summary: 
+-----------------+---------+-----+--------+-------+-----+
|       Name      | BRAM_18K| DSP |   FF   |  LUT  | URAM|
+-----------------+---------+-----+--------+-------+-----+
|DSP              |        -|    1|       -|      -|    -|
|Expression       |        -|    -|       0|    110|    -|
|FIFO             |        -|    -|       -|      -|    -|
|Instance         |        -|    -|     282|   1104|    -|
|Memory           |        -|    -|       -|      -|    -|
|Multiplexer      |        -|    -|       -|     63|    -|
|Register         |        -|    -|   13499|   4352|    -|
+-----------------+---------+-----+--------+-------+-----+
|Total            |        0|    1|   13781|   5629|    0|
+-----------------+---------+-----+--------+-------+-----+
|Available        |      280|  220|  106400|  53200|    0|
+-----------------+---------+-----+--------+-------+-----+
|Utilization (%)  |        0|   ~0|      12|     10|    0|
+-----------------+---------+-----+--------+-------+-----+

+ Detail: 
    * Instance: 
    +------------------------------+-----------------------+---------+----+-----+-----+-----+
    |           Instance           |         Module        | BRAM_18K| DSP|  FF | LUT | URAM|
    +------------------------------+-----------------------+---------+----+-----+-----+-----+
    |mux_1210_32_1_1_U14680        |mux_1210_32_1_1        |        0|   0|    0|   65|    0|
    |mux_1210_32_1_1_U14681        |mux_1210_32_1_1        |        0|   0|    0|   65|    0|
    |mux_1210_32_1_1_U14682        |mux_1210_32_1_1        |        0|   0|    0|   65|    0|
    |mux_1210_32_1_1_U14683        |mux_1210_32_1_1        |        0|   0|    0|   65|    0|
    |mux_1210_32_1_1_U14684        |mux_1210_32_1_1        |        0|   0|    0|   65|    0|
    |mux_1210_32_1_1_U14685        |mux_1210_32_1_1        |        0|   0|    0|   65|    0|
    |mux_1210_32_1_1_U14686        |mux_1210_32_1_1        |        0|   0|    0|   65|    0|
    |mux_1210_32_1_1_U14687        |mux_1210_32_1_1        |        0|   0|    0|   65|    0|
    |mux_1210_32_1_1_U14688        |mux_1210_32_1_1        |        0|   0|    0|   65|    0|
    |mux_1210_32_1_1_U14689        |mux_1210_32_1_1        |        0|   0|    0|   65|    0|
    |mux_1210_32_1_1_U14690        |mux_1210_32_1_1        |        0|   0|    0|   65|    0|
    |mux_1210_32_1_1_U14691        |mux_1210_32_1_1        |        0|   0|    0|   65|    0|
    |mux_124_32_1_1_U14692         |mux_124_32_1_1         |        0|   0|    0|   65|    0|
    |mux_124_32_1_1_U14693         |mux_124_32_1_1         |        0|   0|    0|   65|    0|
    |urem_10ns_5ns_10_14_1_U14679  |urem_10ns_5ns_10_14_1  |        0|   0|  282|  194|    0|
    +------------------------------+-----------------------+---------+----+-----+-----+-----+
    |Total                         |                       |        0|   0|  282| 1104|    0|
    +------------------------------+-----------------------+---------+----+-----+-----+-----+

    * DSP: 
    +---------------------------------+--------------------------+-----------+
    |             Instance            |          Module          | Expression|
    +---------------------------------+--------------------------+-----------+
    |mul_mul_10ns_11ns_21_4_1_U14694  |mul_mul_10ns_11ns_21_4_1  |    i0 * i1|
    +---------------------------------+--------------------------+-----------+

    * Memory: 
    N/A

    * FIFO: 
    N/A

    * Expression: 
    +---------------------------+----------+----+---+----+------------+------------+
    |       Variable Name       | Operation| DSP| FF| LUT| Bitwidth P0| Bitwidth P1|
    +---------------------------+----------+----+---+----+------------+------------+
    |add_ln357_1_fu_2451_p2     |         +|   0|  0|  17|          14|           1|
    |add_ln357_fu_2891_p2       |         +|   0|  0|  13|           4|           1|
    |add_ln358_fu_2484_p2       |         +|   0|  0|  13|          10|           1|
    |add_ln363_fu_2984_p2       |         +|   0|  0|  14|          14|          14|
    |sub_ln363_fu_2975_p2       |         -|   0|  0|  14|          14|          14|
    |icmp_ln357_fu_2445_p2      |      icmp|   0|  0|  12|          14|          14|
    |icmp_ln358_fu_2460_p2      |      icmp|   0|  0|  11|          10|          10|
    |select_ln357_1_fu_2897_p3  |    select|   0|  0|   4|           1|           4|
    |select_ln357_fu_2466_p3    |    select|   0|  0|  10|           1|           1|
    |ap_enable_pp0              |       xor|   0|  0|   2|           1|           2|
    +---------------------------+----------+----+---+----+------------+------------+
    |Total                      |          |   0|  0| 110|          83|          62|
    +---------------------------+----------+----+---+----+------------+------------+

    * Multiplexer: 
    +----------------------------------------+----+-----------+-----+-----------+
    |                  Name                  | LUT| Input Size| Bits| Total Bits|
    +----------------------------------------+----+-----------+-----+-----------+
    |ap_done_int                             |   9|          2|    1|          2|
    |ap_enable_reg_pp0_iter1                 |   9|          2|    1|          2|
    |ap_sig_allocacmp_indvar_flatten55_load  |   9|          2|   14|         28|
    |ap_sig_allocacmp_j11_load               |   9|          2|   10|         20|
    |i15_fu_374                              |   9|          2|    4|          8|
    |indvar_flatten55_fu_378                 |   9|          2|   14|         28|
    |j11_fu_370                              |   9|          2|   10|         20|
    +----------------------------------------+----+-----------+-----+-----------+
    |Total                                   |  63|         14|   54|        108|
    +----------------------------------------+----+-----------+-----+-----------+

    * Register: 
    +-----------------------------------+-----+----+-----+-----------+
    |                Name               |  FF | LUT| Bits| Const Bits|
    +-----------------------------------+-----+----+-----+-----------+
    |ap_CS_fsm                          |    1|   0|    1|          0|
    |ap_done_reg                        |    1|   0|    1|          0|
    |ap_enable_reg_pp0_iter1            |    1|   0|    1|          0|
    |ap_enable_reg_pp0_iter10           |    1|   0|    1|          0|
    |ap_enable_reg_pp0_iter11           |    1|   0|    1|          0|
    |ap_enable_reg_pp0_iter12           |    1|   0|    1|          0|
    |ap_enable_reg_pp0_iter13           |    1|   0|    1|          0|
    |ap_enable_reg_pp0_iter14           |    1|   0|    1|          0|
    |ap_enable_reg_pp0_iter15           |    1|   0|    1|          0|
    |ap_enable_reg_pp0_iter16           |    1|   0|    1|          0|
    |ap_enable_reg_pp0_iter17           |    1|   0|    1|          0|
    |ap_enable_reg_pp0_iter18           |    1|   0|    1|          0|
    |ap_enable_reg_pp0_iter19           |    1|   0|    1|          0|
    |ap_enable_reg_pp0_iter2            |    1|   0|    1|          0|
    |ap_enable_reg_pp0_iter20           |    1|   0|    1|          0|
    |ap_enable_reg_pp0_iter3            |    1|   0|    1|          0|
    |ap_enable_reg_pp0_iter4            |    1|   0|    1|          0|
    |ap_enable_reg_pp0_iter5            |    1|   0|    1|          0|
    |ap_enable_reg_pp0_iter6            |    1|   0|    1|          0|
    |ap_enable_reg_pp0_iter7            |    1|   0|    1|          0|
    |ap_enable_reg_pp0_iter8            |    1|   0|    1|          0|
    |ap_enable_reg_pp0_iter9            |    1|   0|    1|          0|
    |ap_loop_exit_ready_pp0_iter10_reg  |    1|   0|    1|          0|
    |ap_loop_exit_ready_pp0_iter11_reg  |    1|   0|    1|          0|
    |ap_loop_exit_ready_pp0_iter12_reg  |    1|   0|    1|          0|
    |ap_loop_exit_ready_pp0_iter13_reg  |    1|   0|    1|          0|
    |ap_loop_exit_ready_pp0_iter14_reg  |    1|   0|    1|          0|
    |ap_loop_exit_ready_pp0_iter15_reg  |    1|   0|    1|          0|
    |ap_loop_exit_ready_pp0_iter16_reg  |    1|   0|    1|          0|
    |ap_loop_exit_ready_pp0_iter17_reg  |    1|   0|    1|          0|
    |ap_loop_exit_ready_pp0_iter18_reg  |    1|   0|    1|          0|
    |ap_loop_exit_ready_pp0_iter19_reg  |    1|   0|    1|          0|
    |ap_loop_exit_ready_pp0_iter1_reg   |    1|   0|    1|          0|
    |ap_loop_exit_ready_pp0_iter2_reg   |    1|   0|    1|          0|
    |ap_loop_exit_ready_pp0_iter3_reg   |    1|   0|    1|          0|
    |ap_loop_exit_ready_pp0_iter4_reg   |    1|   0|    1|          0|
    |ap_loop_exit_ready_pp0_iter5_reg   |    1|   0|    1|          0|
    |ap_loop_exit_ready_pp0_iter6_reg   |    1|   0|    1|          0|
    |ap_loop_exit_ready_pp0_iter7_reg   |    1|   0|    1|          0|
    |ap_loop_exit_ready_pp0_iter8_reg   |    1|   0|    1|          0|
    |ap_loop_exit_ready_pp0_iter9_reg   |    1|   0|    1|          0|
    |i15_fu_374                         |    4|   0|    4|          0|
    |icmp_ln358_reg_3027                |    1|   0|    1|          0|
    |indvar_flatten55_fu_378            |   14|   0|   14|          0|
    |j11_fu_370                         |   10|   0|   10|          0|
    |select_ln357_1_reg_4560            |    4|   0|    4|          0|
    |select_ln357_reg_3032              |   10|   0|   10|          0|
    |tmp_62_reg_4440                    |   32|   0|   32|          0|
    |tmp_63_reg_4445                    |   32|   0|   32|          0|
    |tmp_64_reg_4450                    |   32|   0|   32|          0|
    |tmp_65_reg_4455                    |   32|   0|   32|          0|
    |tmp_66_reg_4460                    |   32|   0|   32|          0|
    |tmp_67_reg_4465                    |   32|   0|   32|          0|
    |tmp_68_reg_4470                    |   32|   0|   32|          0|
    |tmp_69_reg_4475                    |   32|   0|   32|          0|
    |tmp_70_reg_4480                    |   32|   0|   32|          0|
    |tmp_71_reg_4485                    |   32|   0|   32|          0|
    |tmp_72_reg_4490                    |   32|   0|   32|          0|
    |tmp_73_reg_4495                    |   32|   0|   32|          0|
    |v206_reg_4566                      |   32|   0|   32|          0|
    |v207_reg_4571                      |   32|   0|   32|          0|
    |v208_reg_4576                      |   32|   0|   32|          0|
    |v236_100_load_reg_4160             |   32|   0|   32|          0|
    |v236_101_load_reg_4165             |   32|   0|   32|          0|
    |v236_102_load_reg_4170             |   32|   0|   32|          0|
    |v236_103_load_reg_4175             |   32|   0|   32|          0|
    |v236_104_load_reg_4180             |   32|   0|   32|          0|
    |v236_105_load_reg_4185             |   32|   0|   32|          0|
    |v236_106_load_reg_4190             |   32|   0|   32|          0|
    |v236_107_load_reg_4195             |   32|   0|   32|          0|
    |v236_108_load_reg_4200             |   32|   0|   32|          0|
    |v236_109_load_reg_4205             |   32|   0|   32|          0|
    |v236_110_load_reg_4210             |   32|   0|   32|          0|
    |v236_111_load_reg_4215             |   32|   0|   32|          0|
    |v236_112_load_reg_4220             |   32|   0|   32|          0|
    |v236_113_load_reg_4225             |   32|   0|   32|          0|
    |v236_114_load_reg_4230             |   32|   0|   32|          0|
    |v236_115_load_reg_4235             |   32|   0|   32|          0|
    |v236_116_load_reg_4240             |   32|   0|   32|          0|
    |v236_117_load_reg_4245             |   32|   0|   32|          0|
    |v236_118_load_reg_4250             |   32|   0|   32|          0|
    |v236_119_load_reg_4255             |   32|   0|   32|          0|
    |v236_120_load_reg_4260             |   32|   0|   32|          0|
    |v236_121_load_reg_4265             |   32|   0|   32|          0|
    |v236_122_load_reg_4270             |   32|   0|   32|          0|
    |v236_123_load_reg_4275             |   32|   0|   32|          0|
    |v236_124_load_reg_4280             |   32|   0|   32|          0|
    |v236_125_load_reg_4285             |   32|   0|   32|          0|
    |v236_126_load_reg_4290             |   32|   0|   32|          0|
    |v236_127_load_reg_4295             |   32|   0|   32|          0|
    |v236_128_load_reg_4300             |   32|   0|   32|          0|
    |v236_129_load_reg_4305             |   32|   0|   32|          0|
    |v236_12_load_reg_3720              |   32|   0|   32|          0|
    |v236_130_load_reg_4310             |   32|   0|   32|          0|
    |v236_131_load_reg_4315             |   32|   0|   32|          0|
    |v236_132_load_reg_4320             |   32|   0|   32|          0|
    |v236_133_load_reg_4325             |   32|   0|   32|          0|
    |v236_134_load_reg_4330             |   32|   0|   32|          0|
    |v236_135_load_reg_4335             |   32|   0|   32|          0|
    |v236_136_load_reg_4340             |   32|   0|   32|          0|
    |v236_137_load_reg_4345             |   32|   0|   32|          0|
    |v236_138_load_reg_4350             |   32|   0|   32|          0|
    |v236_139_load_reg_4355             |   32|   0|   32|          0|
    |v236_13_load_reg_3725              |   32|   0|   32|          0|
    |v236_140_load_reg_4360             |   32|   0|   32|          0|
    |v236_141_load_reg_4365             |   32|   0|   32|          0|
    |v236_142_load_reg_4370             |   32|   0|   32|          0|
    |v236_143_load_reg_4375             |   32|   0|   32|          0|
    |v236_14_load_reg_3730              |   32|   0|   32|          0|
    |v236_15_load_reg_3735              |   32|   0|   32|          0|
    |v236_16_load_reg_3740              |   32|   0|   32|          0|
    |v236_17_load_reg_3745              |   32|   0|   32|          0|
    |v236_18_load_reg_3750              |   32|   0|   32|          0|
    |v236_19_load_reg_3755              |   32|   0|   32|          0|
    |v236_20_load_reg_3760              |   32|   0|   32|          0|
    |v236_21_load_reg_3765              |   32|   0|   32|          0|
    |v236_22_load_reg_3770              |   32|   0|   32|          0|
    |v236_23_load_reg_3775              |   32|   0|   32|          0|
    |v236_24_load_reg_3780              |   32|   0|   32|          0|
    |v236_25_load_reg_3785              |   32|   0|   32|          0|
    |v236_26_load_reg_3790              |   32|   0|   32|          0|
    |v236_27_load_reg_3795              |   32|   0|   32|          0|
    |v236_28_load_reg_3800              |   32|   0|   32|          0|
    |v236_29_load_reg_3805              |   32|   0|   32|          0|
    |v236_30_load_reg_3810              |   32|   0|   32|          0|
    |v236_31_load_reg_3815              |   32|   0|   32|          0|
    |v236_32_load_reg_3820              |   32|   0|   32|          0|
    |v236_33_load_reg_3825              |   32|   0|   32|          0|
    |v236_34_load_reg_3830              |   32|   0|   32|          0|
    |v236_35_load_reg_3835              |   32|   0|   32|          0|
    |v236_36_load_reg_3840              |   32|   0|   32|          0|
    |v236_37_load_reg_3845              |   32|   0|   32|          0|
    |v236_38_load_reg_3850              |   32|   0|   32|          0|
    |v236_39_load_reg_3855              |   32|   0|   32|          0|
    |v236_40_load_reg_3860              |   32|   0|   32|          0|
    |v236_41_load_reg_3865              |   32|   0|   32|          0|
    |v236_42_load_reg_3870              |   32|   0|   32|          0|
    |v236_43_load_reg_3875              |   32|   0|   32|          0|
    |v236_44_load_reg_3880              |   32|   0|   32|          0|
    |v236_45_load_reg_3885              |   32|   0|   32|          0|
    |v236_46_load_reg_3890              |   32|   0|   32|          0|
    |v236_47_load_reg_3895              |   32|   0|   32|          0|
    |v236_48_load_reg_3900              |   32|   0|   32|          0|
    |v236_49_load_reg_3905              |   32|   0|   32|          0|
    |v236_50_load_reg_3910              |   32|   0|   32|          0|
    |v236_51_load_reg_3915              |   32|   0|   32|          0|
    |v236_52_load_reg_3920              |   32|   0|   32|          0|
    |v236_53_load_reg_3925              |   32|   0|   32|          0|
    |v236_54_load_reg_3930              |   32|   0|   32|          0|
    |v236_55_load_reg_3935              |   32|   0|   32|          0|
    |v236_56_load_reg_3940              |   32|   0|   32|          0|
    |v236_57_load_reg_3945              |   32|   0|   32|          0|
    |v236_58_load_reg_3950              |   32|   0|   32|          0|
    |v236_59_load_reg_3955              |   32|   0|   32|          0|
    |v236_60_load_reg_3960              |   32|   0|   32|          0|
    |v236_61_load_reg_3965              |   32|   0|   32|          0|
    |v236_62_load_reg_3970              |   32|   0|   32|          0|
    |v236_63_load_reg_3975              |   32|   0|   32|          0|
    |v236_64_load_reg_3980              |   32|   0|   32|          0|
    |v236_65_load_reg_3985              |   32|   0|   32|          0|
    |v236_66_load_reg_3990              |   32|   0|   32|          0|
    |v236_67_load_reg_3995              |   32|   0|   32|          0|
    |v236_68_load_reg_4000              |   32|   0|   32|          0|
    |v236_69_load_reg_4005              |   32|   0|   32|          0|
    |v236_70_load_reg_4010              |   32|   0|   32|          0|
    |v236_71_load_reg_4015              |   32|   0|   32|          0|
    |v236_72_load_reg_4020              |   32|   0|   32|          0|
    |v236_73_load_reg_4025              |   32|   0|   32|          0|
    |v236_74_load_reg_4030              |   32|   0|   32|          0|
    |v236_75_load_reg_4035              |   32|   0|   32|          0|
    |v236_76_load_reg_4040              |   32|   0|   32|          0|
    |v236_77_load_reg_4045              |   32|   0|   32|          0|
    |v236_78_load_reg_4050              |   32|   0|   32|          0|
    |v236_79_load_reg_4055              |   32|   0|   32|          0|
    |v236_80_load_reg_4060              |   32|   0|   32|          0|
    |v236_81_load_reg_4065              |   32|   0|   32|          0|
    |v236_82_load_reg_4070              |   32|   0|   32|          0|
    |v236_83_load_reg_4075              |   32|   0|   32|          0|
    |v236_84_load_reg_4080              |   32|   0|   32|          0|
    |v236_85_load_reg_4085              |   32|   0|   32|          0|
    |v236_86_load_reg_4090              |   32|   0|   32|          0|
    |v236_87_load_reg_4095              |   32|   0|   32|          0|
    |v236_88_load_reg_4100              |   32|   0|   32|          0|
    |v236_89_load_reg_4105              |   32|   0|   32|          0|
    |v236_90_load_reg_4110              |   32|   0|   32|          0|
    |v236_91_load_reg_4115              |   32|   0|   32|          0|
    |v236_92_load_reg_4120              |   32|   0|   32|          0|
    |v236_93_load_reg_4125              |   32|   0|   32|          0|
    |v236_94_load_reg_4130              |   32|   0|   32|          0|
    |v236_95_load_reg_4135              |   32|   0|   32|          0|
    |v236_96_load_reg_4140              |   32|   0|   32|          0|
    |v236_97_load_reg_4145              |   32|   0|   32|          0|
    |v236_98_load_reg_4150              |   32|   0|   32|          0|
    |v236_99_load_reg_4155              |   32|   0|   32|          0|
    |zext_ln360_reg_3044                |    7|   0|   64|         57|
    |icmp_ln358_reg_3027                |   64|  32|    1|          0|
    |select_ln357_1_reg_4560            |   64|  32|    4|          0|
    |select_ln357_reg_3032              |   64|  32|   10|          0|
    |v236_100_load_reg_4160             |   64|  32|   32|          0|
    |v236_101_load_reg_4165             |   64|  32|   32|          0|
    |v236_102_load_reg_4170             |   64|  32|   32|          0|
    |v236_103_load_reg_4175             |   64|  32|   32|          0|
    |v236_104_load_reg_4180             |   64|  32|   32|          0|
    |v236_105_load_reg_4185             |   64|  32|   32|          0|
    |v236_106_load_reg_4190             |   64|  32|   32|          0|
    |v236_107_load_reg_4195             |   64|  32|   32|          0|
    |v236_108_load_reg_4200             |   64|  32|   32|          0|
    |v236_109_load_reg_4205             |   64|  32|   32|          0|
    |v236_110_load_reg_4210             |   64|  32|   32|          0|
    |v236_111_load_reg_4215             |   64|  32|   32|          0|
    |v236_112_load_reg_4220             |   64|  32|   32|          0|
    |v236_113_load_reg_4225             |   64|  32|   32|          0|
    |v236_114_load_reg_4230             |   64|  32|   32|          0|
    |v236_115_load_reg_4235             |   64|  32|   32|          0|
    |v236_116_load_reg_4240             |   64|  32|   32|          0|
    |v236_117_load_reg_4245             |   64|  32|   32|          0|
    |v236_118_load_reg_4250             |   64|  32|   32|          0|
    |v236_119_load_reg_4255             |   64|  32|   32|          0|
    |v236_120_load_reg_4260             |   64|  32|   32|          0|
    |v236_121_load_reg_4265             |   64|  32|   32|          0|
    |v236_122_load_reg_4270             |   64|  32|   32|          0|
    |v236_123_load_reg_4275             |   64|  32|   32|          0|
    |v236_124_load_reg_4280             |   64|  32|   32|          0|
    |v236_125_load_reg_4285             |   64|  32|   32|          0|
    |v236_126_load_reg_4290             |   64|  32|   32|          0|
    |v236_127_load_reg_4295             |   64|  32|   32|          0|
    |v236_128_load_reg_4300             |   64|  32|   32|          0|
    |v236_129_load_reg_4305             |   64|  32|   32|          0|
    |v236_12_load_reg_3720              |   64|  32|   32|          0|
    |v236_130_load_reg_4310             |   64|  32|   32|          0|
    |v236_131_load_reg_4315             |   64|  32|   32|          0|
    |v236_132_load_reg_4320             |   64|  32|   32|          0|
    |v236_133_load_reg_4325             |   64|  32|   32|          0|
    |v236_134_load_reg_4330             |   64|  32|   32|          0|
    |v236_135_load_reg_4335             |   64|  32|   32|          0|
    |v236_136_load_reg_4340             |   64|  32|   32|          0|
    |v236_137_load_reg_4345             |   64|  32|   32|          0|
    |v236_138_load_reg_4350             |   64|  32|   32|          0|
    |v236_139_load_reg_4355             |   64|  32|   32|          0|
    |v236_13_load_reg_3725              |   64|  32|   32|          0|
    |v236_140_load_reg_4360             |   64|  32|   32|          0|
    |v236_141_load_reg_4365             |   64|  32|   32|          0|
    |v236_142_load_reg_4370             |   64|  32|   32|          0|
    |v236_143_load_reg_4375             |   64|  32|   32|          0|
    |v236_14_load_reg_3730              |   64|  32|   32|          0|
    |v236_15_load_reg_3735              |   64|  32|   32|          0|
    |v236_16_load_reg_3740              |   64|  32|   32|          0|
    |v236_17_load_reg_3745              |   64|  32|   32|          0|
    |v236_18_load_reg_3750              |   64|  32|   32|          0|
    |v236_19_load_reg_3755              |   64|  32|   32|          0|
    |v236_20_load_reg_3760              |   64|  32|   32|          0|
    |v236_21_load_reg_3765              |   64|  32|   32|          0|
    |v236_22_load_reg_3770              |   64|  32|   32|          0|
    |v236_23_load_reg_3775              |   64|  32|   32|          0|
    |v236_24_load_reg_3780              |   64|  32|   32|          0|
    |v236_25_load_reg_3785              |   64|  32|   32|          0|
    |v236_26_load_reg_3790              |   64|  32|   32|          0|
    |v236_27_load_reg_3795              |   64|  32|   32|          0|
    |v236_28_load_reg_3800              |   64|  32|   32|          0|
    |v236_29_load_reg_3805              |   64|  32|   32|          0|
    |v236_30_load_reg_3810              |   64|  32|   32|          0|
    |v236_31_load_reg_3815              |   64|  32|   32|          0|
    |v236_32_load_reg_3820              |   64|  32|   32|          0|
    |v236_33_load_reg_3825              |   64|  32|   32|          0|
    |v236_34_load_reg_3830              |   64|  32|   32|          0|
    |v236_35_load_reg_3835              |   64|  32|   32|          0|
    |v236_36_load_reg_3840              |   64|  32|   32|          0|
    |v236_37_load_reg_3845              |   64|  32|   32|          0|
    |v236_38_load_reg_3850              |   64|  32|   32|          0|
    |v236_39_load_reg_3855              |   64|  32|   32|          0|
    |v236_40_load_reg_3860              |   64|  32|   32|          0|
    |v236_41_load_reg_3865              |   64|  32|   32|          0|
    |v236_42_load_reg_3870              |   64|  32|   32|          0|
    |v236_43_load_reg_3875              |   64|  32|   32|          0|
    |v236_44_load_reg_3880              |   64|  32|   32|          0|
    |v236_45_load_reg_3885              |   64|  32|   32|          0|
    |v236_46_load_reg_3890              |   64|  32|   32|          0|
    |v236_47_load_reg_3895              |   64|  32|   32|          0|
    |v236_48_load_reg_3900              |   64|  32|   32|          0|
    |v236_49_load_reg_3905              |   64|  32|   32|          0|
    |v236_50_load_reg_3910              |   64|  32|   32|          0|
    |v236_51_load_reg_3915              |   64|  32|   32|          0|
    |v236_52_load_reg_3920              |   64|  32|   32|          0|
    |v236_53_load_reg_3925              |   64|  32|   32|          0|
    |v236_54_load_reg_3930              |   64|  32|   32|          0|
    |v236_55_load_reg_3935              |   64|  32|   32|          0|
    |v236_56_load_reg_3940              |   64|  32|   32|          0|
    |v236_57_load_reg_3945              |   64|  32|   32|          0|
    |v236_58_load_reg_3950              |   64|  32|   32|          0|
    |v236_59_load_reg_3955              |   64|  32|   32|          0|
    |v236_60_load_reg_3960              |   64|  32|   32|          0|
    |v236_61_load_reg_3965              |   64|  32|   32|          0|
    |v236_62_load_reg_3970              |   64|  32|   32|          0|
    |v236_63_load_reg_3975              |   64|  32|   32|          0|
    |v236_64_load_reg_3980              |   64|  32|   32|          0|
    |v236_65_load_reg_3985              |   64|  32|   32|          0|
    |v236_66_load_reg_3990              |   64|  32|   32|          0|
    |v236_67_load_reg_3995              |   64|  32|   32|          0|
    |v236_68_load_reg_4000              |   64|  32|   32|          0|
    |v236_69_load_reg_4005              |   64|  32|   32|          0|
    |v236_70_load_reg_4010              |   64|  32|   32|          0|
    |v236_71_load_reg_4015              |   64|  32|   32|          0|
    |v236_72_load_reg_4020              |   64|  32|   32|          0|
    |v236_73_load_reg_4025              |   64|  32|   32|          0|
    |v236_74_load_reg_4030              |   64|  32|   32|          0|
    |v236_75_load_reg_4035              |   64|  32|   32|          0|
    |v236_76_load_reg_4040              |   64|  32|   32|          0|
    |v236_77_load_reg_4045              |   64|  32|   32|          0|
    |v236_78_load_reg_4050              |   64|  32|   32|          0|
    |v236_79_load_reg_4055              |   64|  32|   32|          0|
    |v236_80_load_reg_4060              |   64|  32|   32|          0|
    |v236_81_load_reg_4065              |   64|  32|   32|          0|
    |v236_82_load_reg_4070              |   64|  32|   32|          0|
    |v236_83_load_reg_4075              |   64|  32|   32|          0|
    |v236_84_load_reg_4080              |   64|  32|   32|          0|
    |v236_85_load_reg_4085              |   64|  32|   32|          0|
    |v236_86_load_reg_4090              |   64|  32|   32|          0|
    |v236_87_load_reg_4095              |   64|  32|   32|          0|
    |v236_88_load_reg_4100              |   64|  32|   32|          0|
    |v236_89_load_reg_4105              |   64|  32|   32|          0|
    |v236_90_load_reg_4110              |   64|  32|   32|          0|
    |v236_91_load_reg_4115              |   64|  32|   32|          0|
    |v236_92_load_reg_4120              |   64|  32|   32|          0|
    |v236_93_load_reg_4125              |   64|  32|   32|          0|
    |v236_94_load_reg_4130              |   64|  32|   32|          0|
    |v236_95_load_reg_4135              |   64|  32|   32|          0|
    |v236_96_load_reg_4140              |   64|  32|   32|          0|
    |v236_97_load_reg_4145              |   64|  32|   32|          0|
    |v236_98_load_reg_4150              |   64|  32|   32|          0|
    |v236_99_load_reg_4155              |   64|  32|   32|          0|
    |zext_ln360_reg_3044                |   64|  32|   64|         57|
    +-----------------------------------+-----+----+-----+-----------+
    |Total                              |13499|4352| 9155|        114|
    +-----------------------------------+-----+----+-----+-----------+



================================================================
== Interface
================================================================
* Summary: 
+----------------------+-----+-----+------------+-----------------------------------------+--------------+
|       RTL Ports      | Dir | Bits|  Protocol  |              Source Object              |    C Type    |
+----------------------+-----+-----+------------+-----------------------------------------+--------------+
|ap_clk                |   in|    1|  ap_ctrl_hs|  Bert_layer_Pipeline_l_S_i_j_0_i15_l_j11|  return value|
|ap_rst                |   in|    1|  ap_ctrl_hs|  Bert_layer_Pipeline_l_S_i_j_0_i15_l_j11|  return value|
|ap_start              |   in|    1|  ap_ctrl_hs|  Bert_layer_Pipeline_l_S_i_j_0_i15_l_j11|  return value|
|ap_done               |  out|    1|  ap_ctrl_hs|  Bert_layer_Pipeline_l_S_i_j_0_i15_l_j11|  return value|
|ap_idle               |  out|    1|  ap_ctrl_hs|  Bert_layer_Pipeline_l_S_i_j_0_i15_l_j11|  return value|
|ap_ready              |  out|    1|  ap_ctrl_hs|  Bert_layer_Pipeline_l_S_i_j_0_i15_l_j11|  return value|
|grp_fu_7466_p_din0    |  out|   32|  ap_ctrl_hs|  Bert_layer_Pipeline_l_S_i_j_0_i15_l_j11|  return value|
|grp_fu_7466_p_din1    |  out|   32|  ap_ctrl_hs|  Bert_layer_Pipeline_l_S_i_j_0_i15_l_j11|  return value|
|grp_fu_7466_p_opcode  |  out|    1|  ap_ctrl_hs|  Bert_layer_Pipeline_l_S_i_j_0_i15_l_j11|  return value|
|grp_fu_7466_p_dout0   |   in|   32|  ap_ctrl_hs|  Bert_layer_Pipeline_l_S_i_j_0_i15_l_j11|  return value|
|grp_fu_7466_p_ce      |  out|    1|  ap_ctrl_hs|  Bert_layer_Pipeline_l_S_i_j_0_i15_l_j11|  return value|
|v237_address0         |  out|   14|   ap_memory|                                     v237|         array|
|v237_ce0              |  out|    1|   ap_memory|                                     v237|         array|
|v237_we0              |  out|    1|   ap_memory|                                     v237|         array|
|v237_d0               |  out|   32|   ap_memory|                                     v237|         array|
|v236_address0         |  out|    6|   ap_memory|                                     v236|         array|
|v236_ce0              |  out|    1|   ap_memory|                                     v236|         array|
|v236_q0               |   in|   32|   ap_memory|                                     v236|         array|
|v236_1_address0       |  out|    6|   ap_memory|                                   v236_1|         array|
|v236_1_ce0            |  out|    1|   ap_memory|                                   v236_1|         array|
|v236_1_q0             |   in|   32|   ap_memory|                                   v236_1|         array|
|v236_2_address0       |  out|    6|   ap_memory|                                   v236_2|         array|
|v236_2_ce0            |  out|    1|   ap_memory|                                   v236_2|         array|
|v236_2_q0             |   in|   32|   ap_memory|                                   v236_2|         array|
|v236_3_address0       |  out|    6|   ap_memory|                                   v236_3|         array|
|v236_3_ce0            |  out|    1|   ap_memory|                                   v236_3|         array|
|v236_3_q0             |   in|   32|   ap_memory|                                   v236_3|         array|
|v236_4_address0       |  out|    6|   ap_memory|                                   v236_4|         array|
|v236_4_ce0            |  out|    1|   ap_memory|                                   v236_4|         array|
|v236_4_q0             |   in|   32|   ap_memory|                                   v236_4|         array|
|v236_5_address0       |  out|    6|   ap_memory|                                   v236_5|         array|
|v236_5_ce0            |  out|    1|   ap_memory|                                   v236_5|         array|
|v236_5_q0             |   in|   32|   ap_memory|                                   v236_5|         array|
|v236_6_address0       |  out|    6|   ap_memory|                                   v236_6|         array|
|v236_6_ce0            |  out|    1|   ap_memory|                                   v236_6|         array|
|v236_6_q0             |   in|   32|   ap_memory|                                   v236_6|         array|
|v236_7_address0       |  out|    6|   ap_memory|                                   v236_7|         array|
|v236_7_ce0            |  out|    1|   ap_memory|                                   v236_7|         array|
|v236_7_q0             |   in|   32|   ap_memory|                                   v236_7|         array|
|v236_8_address0       |  out|    6|   ap_memory|                                   v236_8|         array|
|v236_8_ce0            |  out|    1|   ap_memory|                                   v236_8|         array|
|v236_8_q0             |   in|   32|   ap_memory|                                   v236_8|         array|
|v236_9_address0       |  out|    6|   ap_memory|                                   v236_9|         array|
|v236_9_ce0            |  out|    1|   ap_memory|                                   v236_9|         array|
|v236_9_q0             |   in|   32|   ap_memory|                                   v236_9|         array|
|v236_10_address0      |  out|    6|   ap_memory|                                  v236_10|         array|
|v236_10_ce0           |  out|    1|   ap_memory|                                  v236_10|         array|
|v236_10_q0            |   in|   32|   ap_memory|                                  v236_10|         array|
|v236_11_address0      |  out|    6|   ap_memory|                                  v236_11|         array|
|v236_11_ce0           |  out|    1|   ap_memory|                                  v236_11|         array|
|v236_11_q0            |   in|   32|   ap_memory|                                  v236_11|         array|
|v236_12_address0      |  out|    6|   ap_memory|                                  v236_12|         array|
|v236_12_ce0           |  out|    1|   ap_memory|                                  v236_12|         array|
|v236_12_q0            |   in|   32|   ap_memory|                                  v236_12|         array|
|v236_13_address0      |  out|    6|   ap_memory|                                  v236_13|         array|
|v236_13_ce0           |  out|    1|   ap_memory|                                  v236_13|         array|
|v236_13_q0            |   in|   32|   ap_memory|                                  v236_13|         array|
|v236_14_address0      |  out|    6|   ap_memory|                                  v236_14|         array|
|v236_14_ce0           |  out|    1|   ap_memory|                                  v236_14|         array|
|v236_14_q0            |   in|   32|   ap_memory|                                  v236_14|         array|
|v236_15_address0      |  out|    6|   ap_memory|                                  v236_15|         array|
|v236_15_ce0           |  out|    1|   ap_memory|                                  v236_15|         array|
|v236_15_q0            |   in|   32|   ap_memory|                                  v236_15|         array|
|v236_16_address0      |  out|    6|   ap_memory|                                  v236_16|         array|
|v236_16_ce0           |  out|    1|   ap_memory|                                  v236_16|         array|
|v236_16_q0            |   in|   32|   ap_memory|                                  v236_16|         array|
|v236_17_address0      |  out|    6|   ap_memory|                                  v236_17|         array|
|v236_17_ce0           |  out|    1|   ap_memory|                                  v236_17|         array|
|v236_17_q0            |   in|   32|   ap_memory|                                  v236_17|         array|
|v236_18_address0      |  out|    6|   ap_memory|                                  v236_18|         array|
|v236_18_ce0           |  out|    1|   ap_memory|                                  v236_18|         array|
|v236_18_q0            |   in|   32|   ap_memory|                                  v236_18|         array|
|v236_19_address0      |  out|    6|   ap_memory|                                  v236_19|         array|
|v236_19_ce0           |  out|    1|   ap_memory|                                  v236_19|         array|
|v236_19_q0            |   in|   32|   ap_memory|                                  v236_19|         array|
|v236_20_address0      |  out|    6|   ap_memory|                                  v236_20|         array|
|v236_20_ce0           |  out|    1|   ap_memory|                                  v236_20|         array|
|v236_20_q0            |   in|   32|   ap_memory|                                  v236_20|         array|
|v236_21_address0      |  out|    6|   ap_memory|                                  v236_21|         array|
|v236_21_ce0           |  out|    1|   ap_memory|                                  v236_21|         array|
|v236_21_q0            |   in|   32|   ap_memory|                                  v236_21|         array|
|v236_22_address0      |  out|    6|   ap_memory|                                  v236_22|         array|
|v236_22_ce0           |  out|    1|   ap_memory|                                  v236_22|         array|
|v236_22_q0            |   in|   32|   ap_memory|                                  v236_22|         array|
|v236_23_address0      |  out|    6|   ap_memory|                                  v236_23|         array|
|v236_23_ce0           |  out|    1|   ap_memory|                                  v236_23|         array|
|v236_23_q0            |   in|   32|   ap_memory|                                  v236_23|         array|
|v236_24_address0      |  out|    6|   ap_memory|                                  v236_24|         array|
|v236_24_ce0           |  out|    1|   ap_memory|                                  v236_24|         array|
|v236_24_q0            |   in|   32|   ap_memory|                                  v236_24|         array|
|v236_25_address0      |  out|    6|   ap_memory|                                  v236_25|         array|
|v236_25_ce0           |  out|    1|   ap_memory|                                  v236_25|         array|
|v236_25_q0            |   in|   32|   ap_memory|                                  v236_25|         array|
|v236_26_address0      |  out|    6|   ap_memory|                                  v236_26|         array|
|v236_26_ce0           |  out|    1|   ap_memory|                                  v236_26|         array|
|v236_26_q0            |   in|   32|   ap_memory|                                  v236_26|         array|
|v236_27_address0      |  out|    6|   ap_memory|                                  v236_27|         array|
|v236_27_ce0           |  out|    1|   ap_memory|                                  v236_27|         array|
|v236_27_q0            |   in|   32|   ap_memory|                                  v236_27|         array|
|v236_28_address0      |  out|    6|   ap_memory|                                  v236_28|         array|
|v236_28_ce0           |  out|    1|   ap_memory|                                  v236_28|         array|
|v236_28_q0            |   in|   32|   ap_memory|                                  v236_28|         array|
|v236_29_address0      |  out|    6|   ap_memory|                                  v236_29|         array|
|v236_29_ce0           |  out|    1|   ap_memory|                                  v236_29|         array|
|v236_29_q0            |   in|   32|   ap_memory|                                  v236_29|         array|
|v236_30_address0      |  out|    6|   ap_memory|                                  v236_30|         array|
|v236_30_ce0           |  out|    1|   ap_memory|                                  v236_30|         array|
|v236_30_q0            |   in|   32|   ap_memory|                                  v236_30|         array|
|v236_31_address0      |  out|    6|   ap_memory|                                  v236_31|         array|
|v236_31_ce0           |  out|    1|   ap_memory|                                  v236_31|         array|
|v236_31_q0            |   in|   32|   ap_memory|                                  v236_31|         array|
|v236_32_address0      |  out|    6|   ap_memory|                                  v236_32|         array|
|v236_32_ce0           |  out|    1|   ap_memory|                                  v236_32|         array|
|v236_32_q0            |   in|   32|   ap_memory|                                  v236_32|         array|
|v236_33_address0      |  out|    6|   ap_memory|                                  v236_33|         array|
|v236_33_ce0           |  out|    1|   ap_memory|                                  v236_33|         array|
|v236_33_q0            |   in|   32|   ap_memory|                                  v236_33|         array|
|v236_34_address0      |  out|    6|   ap_memory|                                  v236_34|         array|
|v236_34_ce0           |  out|    1|   ap_memory|                                  v236_34|         array|
|v236_34_q0            |   in|   32|   ap_memory|                                  v236_34|         array|
|v236_35_address0      |  out|    6|   ap_memory|                                  v236_35|         array|
|v236_35_ce0           |  out|    1|   ap_memory|                                  v236_35|         array|
|v236_35_q0            |   in|   32|   ap_memory|                                  v236_35|         array|
|v236_36_address0      |  out|    6|   ap_memory|                                  v236_36|         array|
|v236_36_ce0           |  out|    1|   ap_memory|                                  v236_36|         array|
|v236_36_q0            |   in|   32|   ap_memory|                                  v236_36|         array|
|v236_37_address0      |  out|    6|   ap_memory|                                  v236_37|         array|
|v236_37_ce0           |  out|    1|   ap_memory|                                  v236_37|         array|
|v236_37_q0            |   in|   32|   ap_memory|                                  v236_37|         array|
|v236_38_address0      |  out|    6|   ap_memory|                                  v236_38|         array|
|v236_38_ce0           |  out|    1|   ap_memory|                                  v236_38|         array|
|v236_38_q0            |   in|   32|   ap_memory|                                  v236_38|         array|
|v236_39_address0      |  out|    6|   ap_memory|                                  v236_39|         array|
|v236_39_ce0           |  out|    1|   ap_memory|                                  v236_39|         array|
|v236_39_q0            |   in|   32|   ap_memory|                                  v236_39|         array|
|v236_40_address0      |  out|    6|   ap_memory|                                  v236_40|         array|
|v236_40_ce0           |  out|    1|   ap_memory|                                  v236_40|         array|
|v236_40_q0            |   in|   32|   ap_memory|                                  v236_40|         array|
|v236_41_address0      |  out|    6|   ap_memory|                                  v236_41|         array|
|v236_41_ce0           |  out|    1|   ap_memory|                                  v236_41|         array|
|v236_41_q0            |   in|   32|   ap_memory|                                  v236_41|         array|
|v236_42_address0      |  out|    6|   ap_memory|                                  v236_42|         array|
|v236_42_ce0           |  out|    1|   ap_memory|                                  v236_42|         array|
|v236_42_q0            |   in|   32|   ap_memory|                                  v236_42|         array|
|v236_43_address0      |  out|    6|   ap_memory|                                  v236_43|         array|
|v236_43_ce0           |  out|    1|   ap_memory|                                  v236_43|         array|
|v236_43_q0            |   in|   32|   ap_memory|                                  v236_43|         array|
|v236_44_address0      |  out|    6|   ap_memory|                                  v236_44|         array|
|v236_44_ce0           |  out|    1|   ap_memory|                                  v236_44|         array|
|v236_44_q0            |   in|   32|   ap_memory|                                  v236_44|         array|
|v236_45_address0      |  out|    6|   ap_memory|                                  v236_45|         array|
|v236_45_ce0           |  out|    1|   ap_memory|                                  v236_45|         array|
|v236_45_q0            |   in|   32|   ap_memory|                                  v236_45|         array|
|v236_46_address0      |  out|    6|   ap_memory|                                  v236_46|         array|
|v236_46_ce0           |  out|    1|   ap_memory|                                  v236_46|         array|
|v236_46_q0            |   in|   32|   ap_memory|                                  v236_46|         array|
|v236_47_address0      |  out|    6|   ap_memory|                                  v236_47|         array|
|v236_47_ce0           |  out|    1|   ap_memory|                                  v236_47|         array|
|v236_47_q0            |   in|   32|   ap_memory|                                  v236_47|         array|
|v236_48_address0      |  out|    6|   ap_memory|                                  v236_48|         array|
|v236_48_ce0           |  out|    1|   ap_memory|                                  v236_48|         array|
|v236_48_q0            |   in|   32|   ap_memory|                                  v236_48|         array|
|v236_49_address0      |  out|    6|   ap_memory|                                  v236_49|         array|
|v236_49_ce0           |  out|    1|   ap_memory|                                  v236_49|         array|
|v236_49_q0            |   in|   32|   ap_memory|                                  v236_49|         array|
|v236_50_address0      |  out|    6|   ap_memory|                                  v236_50|         array|
|v236_50_ce0           |  out|    1|   ap_memory|                                  v236_50|         array|
|v236_50_q0            |   in|   32|   ap_memory|                                  v236_50|         array|
|v236_51_address0      |  out|    6|   ap_memory|                                  v236_51|         array|
|v236_51_ce0           |  out|    1|   ap_memory|                                  v236_51|         array|
|v236_51_q0            |   in|   32|   ap_memory|                                  v236_51|         array|
|v236_52_address0      |  out|    6|   ap_memory|                                  v236_52|         array|
|v236_52_ce0           |  out|    1|   ap_memory|                                  v236_52|         array|
|v236_52_q0            |   in|   32|   ap_memory|                                  v236_52|         array|
|v236_53_address0      |  out|    6|   ap_memory|                                  v236_53|         array|
|v236_53_ce0           |  out|    1|   ap_memory|                                  v236_53|         array|
|v236_53_q0            |   in|   32|   ap_memory|                                  v236_53|         array|
|v236_54_address0      |  out|    6|   ap_memory|                                  v236_54|         array|
|v236_54_ce0           |  out|    1|   ap_memory|                                  v236_54|         array|
|v236_54_q0            |   in|   32|   ap_memory|                                  v236_54|         array|
|v236_55_address0      |  out|    6|   ap_memory|                                  v236_55|         array|
|v236_55_ce0           |  out|    1|   ap_memory|                                  v236_55|         array|
|v236_55_q0            |   in|   32|   ap_memory|                                  v236_55|         array|
|v236_56_address0      |  out|    6|   ap_memory|                                  v236_56|         array|
|v236_56_ce0           |  out|    1|   ap_memory|                                  v236_56|         array|
|v236_56_q0            |   in|   32|   ap_memory|                                  v236_56|         array|
|v236_57_address0      |  out|    6|   ap_memory|                                  v236_57|         array|
|v236_57_ce0           |  out|    1|   ap_memory|                                  v236_57|         array|
|v236_57_q0            |   in|   32|   ap_memory|                                  v236_57|         array|
|v236_58_address0      |  out|    6|   ap_memory|                                  v236_58|         array|
|v236_58_ce0           |  out|    1|   ap_memory|                                  v236_58|         array|
|v236_58_q0            |   in|   32|   ap_memory|                                  v236_58|         array|
|v236_59_address0      |  out|    6|   ap_memory|                                  v236_59|         array|
|v236_59_ce0           |  out|    1|   ap_memory|                                  v236_59|         array|
|v236_59_q0            |   in|   32|   ap_memory|                                  v236_59|         array|
|v236_60_address0      |  out|    6|   ap_memory|                                  v236_60|         array|
|v236_60_ce0           |  out|    1|   ap_memory|                                  v236_60|         array|
|v236_60_q0            |   in|   32|   ap_memory|                                  v236_60|         array|
|v236_61_address0      |  out|    6|   ap_memory|                                  v236_61|         array|
|v236_61_ce0           |  out|    1|   ap_memory|                                  v236_61|         array|
|v236_61_q0            |   in|   32|   ap_memory|                                  v236_61|         array|
|v236_62_address0      |  out|    6|   ap_memory|                                  v236_62|         array|
|v236_62_ce0           |  out|    1|   ap_memory|                                  v236_62|         array|
|v236_62_q0            |   in|   32|   ap_memory|                                  v236_62|         array|
|v236_63_address0      |  out|    6|   ap_memory|                                  v236_63|         array|
|v236_63_ce0           |  out|    1|   ap_memory|                                  v236_63|         array|
|v236_63_q0            |   in|   32|   ap_memory|                                  v236_63|         array|
|v236_64_address0      |  out|    6|   ap_memory|                                  v236_64|         array|
|v236_64_ce0           |  out|    1|   ap_memory|                                  v236_64|         array|
|v236_64_q0            |   in|   32|   ap_memory|                                  v236_64|         array|
|v236_65_address0      |  out|    6|   ap_memory|                                  v236_65|         array|
|v236_65_ce0           |  out|    1|   ap_memory|                                  v236_65|         array|
|v236_65_q0            |   in|   32|   ap_memory|                                  v236_65|         array|
|v236_66_address0      |  out|    6|   ap_memory|                                  v236_66|         array|
|v236_66_ce0           |  out|    1|   ap_memory|                                  v236_66|         array|
|v236_66_q0            |   in|   32|   ap_memory|                                  v236_66|         array|
|v236_67_address0      |  out|    6|   ap_memory|                                  v236_67|         array|
|v236_67_ce0           |  out|    1|   ap_memory|                                  v236_67|         array|
|v236_67_q0            |   in|   32|   ap_memory|                                  v236_67|         array|
|v236_68_address0      |  out|    6|   ap_memory|                                  v236_68|         array|
|v236_68_ce0           |  out|    1|   ap_memory|                                  v236_68|         array|
|v236_68_q0            |   in|   32|   ap_memory|                                  v236_68|         array|
|v236_69_address0      |  out|    6|   ap_memory|                                  v236_69|         array|
|v236_69_ce0           |  out|    1|   ap_memory|                                  v236_69|         array|
|v236_69_q0            |   in|   32|   ap_memory|                                  v236_69|         array|
|v236_70_address0      |  out|    6|   ap_memory|                                  v236_70|         array|
|v236_70_ce0           |  out|    1|   ap_memory|                                  v236_70|         array|
|v236_70_q0            |   in|   32|   ap_memory|                                  v236_70|         array|
|v236_71_address0      |  out|    6|   ap_memory|                                  v236_71|         array|
|v236_71_ce0           |  out|    1|   ap_memory|                                  v236_71|         array|
|v236_71_q0            |   in|   32|   ap_memory|                                  v236_71|         array|
|v236_72_address0      |  out|    6|   ap_memory|                                  v236_72|         array|
|v236_72_ce0           |  out|    1|   ap_memory|                                  v236_72|         array|
|v236_72_q0            |   in|   32|   ap_memory|                                  v236_72|         array|
|v236_73_address0      |  out|    6|   ap_memory|                                  v236_73|         array|
|v236_73_ce0           |  out|    1|   ap_memory|                                  v236_73|         array|
|v236_73_q0            |   in|   32|   ap_memory|                                  v236_73|         array|
|v236_74_address0      |  out|    6|   ap_memory|                                  v236_74|         array|
|v236_74_ce0           |  out|    1|   ap_memory|                                  v236_74|         array|
|v236_74_q0            |   in|   32|   ap_memory|                                  v236_74|         array|
|v236_75_address0      |  out|    6|   ap_memory|                                  v236_75|         array|
|v236_75_ce0           |  out|    1|   ap_memory|                                  v236_75|         array|
|v236_75_q0            |   in|   32|   ap_memory|                                  v236_75|         array|
|v236_76_address0      |  out|    6|   ap_memory|                                  v236_76|         array|
|v236_76_ce0           |  out|    1|   ap_memory|                                  v236_76|         array|
|v236_76_q0            |   in|   32|   ap_memory|                                  v236_76|         array|
|v236_77_address0      |  out|    6|   ap_memory|                                  v236_77|         array|
|v236_77_ce0           |  out|    1|   ap_memory|                                  v236_77|         array|
|v236_77_q0            |   in|   32|   ap_memory|                                  v236_77|         array|
|v236_78_address0      |  out|    6|   ap_memory|                                  v236_78|         array|
|v236_78_ce0           |  out|    1|   ap_memory|                                  v236_78|         array|
|v236_78_q0            |   in|   32|   ap_memory|                                  v236_78|         array|
|v236_79_address0      |  out|    6|   ap_memory|                                  v236_79|         array|
|v236_79_ce0           |  out|    1|   ap_memory|                                  v236_79|         array|
|v236_79_q0            |   in|   32|   ap_memory|                                  v236_79|         array|
|v236_80_address0      |  out|    6|   ap_memory|                                  v236_80|         array|
|v236_80_ce0           |  out|    1|   ap_memory|                                  v236_80|         array|
|v236_80_q0            |   in|   32|   ap_memory|                                  v236_80|         array|
|v236_81_address0      |  out|    6|   ap_memory|                                  v236_81|         array|
|v236_81_ce0           |  out|    1|   ap_memory|                                  v236_81|         array|
|v236_81_q0            |   in|   32|   ap_memory|                                  v236_81|         array|
|v236_82_address0      |  out|    6|   ap_memory|                                  v236_82|         array|
|v236_82_ce0           |  out|    1|   ap_memory|                                  v236_82|         array|
|v236_82_q0            |   in|   32|   ap_memory|                                  v236_82|         array|
|v236_83_address0      |  out|    6|   ap_memory|                                  v236_83|         array|
|v236_83_ce0           |  out|    1|   ap_memory|                                  v236_83|         array|
|v236_83_q0            |   in|   32|   ap_memory|                                  v236_83|         array|
|v236_84_address0      |  out|    6|   ap_memory|                                  v236_84|         array|
|v236_84_ce0           |  out|    1|   ap_memory|                                  v236_84|         array|
|v236_84_q0            |   in|   32|   ap_memory|                                  v236_84|         array|
|v236_85_address0      |  out|    6|   ap_memory|                                  v236_85|         array|
|v236_85_ce0           |  out|    1|   ap_memory|                                  v236_85|         array|
|v236_85_q0            |   in|   32|   ap_memory|                                  v236_85|         array|
|v236_86_address0      |  out|    6|   ap_memory|                                  v236_86|         array|
|v236_86_ce0           |  out|    1|   ap_memory|                                  v236_86|         array|
|v236_86_q0            |   in|   32|   ap_memory|                                  v236_86|         array|
|v236_87_address0      |  out|    6|   ap_memory|                                  v236_87|         array|
|v236_87_ce0           |  out|    1|   ap_memory|                                  v236_87|         array|
|v236_87_q0            |   in|   32|   ap_memory|                                  v236_87|         array|
|v236_88_address0      |  out|    6|   ap_memory|                                  v236_88|         array|
|v236_88_ce0           |  out|    1|   ap_memory|                                  v236_88|         array|
|v236_88_q0            |   in|   32|   ap_memory|                                  v236_88|         array|
|v236_89_address0      |  out|    6|   ap_memory|                                  v236_89|         array|
|v236_89_ce0           |  out|    1|   ap_memory|                                  v236_89|         array|
|v236_89_q0            |   in|   32|   ap_memory|                                  v236_89|         array|
|v236_90_address0      |  out|    6|   ap_memory|                                  v236_90|         array|
|v236_90_ce0           |  out|    1|   ap_memory|                                  v236_90|         array|
|v236_90_q0            |   in|   32|   ap_memory|                                  v236_90|         array|
|v236_91_address0      |  out|    6|   ap_memory|                                  v236_91|         array|
|v236_91_ce0           |  out|    1|   ap_memory|                                  v236_91|         array|
|v236_91_q0            |   in|   32|   ap_memory|                                  v236_91|         array|
|v236_92_address0      |  out|    6|   ap_memory|                                  v236_92|         array|
|v236_92_ce0           |  out|    1|   ap_memory|                                  v236_92|         array|
|v236_92_q0            |   in|   32|   ap_memory|                                  v236_92|         array|
|v236_93_address0      |  out|    6|   ap_memory|                                  v236_93|         array|
|v236_93_ce0           |  out|    1|   ap_memory|                                  v236_93|         array|
|v236_93_q0            |   in|   32|   ap_memory|                                  v236_93|         array|
|v236_94_address0      |  out|    6|   ap_memory|                                  v236_94|         array|
|v236_94_ce0           |  out|    1|   ap_memory|                                  v236_94|         array|
|v236_94_q0            |   in|   32|   ap_memory|                                  v236_94|         array|
|v236_95_address0      |  out|    6|   ap_memory|                                  v236_95|         array|
|v236_95_ce0           |  out|    1|   ap_memory|                                  v236_95|         array|
|v236_95_q0            |   in|   32|   ap_memory|                                  v236_95|         array|
|v236_96_address0      |  out|    6|   ap_memory|                                  v236_96|         array|
|v236_96_ce0           |  out|    1|   ap_memory|                                  v236_96|         array|
|v236_96_q0            |   in|   32|   ap_memory|                                  v236_96|         array|
|v236_97_address0      |  out|    6|   ap_memory|                                  v236_97|         array|
|v236_97_ce0           |  out|    1|   ap_memory|                                  v236_97|         array|
|v236_97_q0            |   in|   32|   ap_memory|                                  v236_97|         array|
|v236_98_address0      |  out|    6|   ap_memory|                                  v236_98|         array|
|v236_98_ce0           |  out|    1|   ap_memory|                                  v236_98|         array|
|v236_98_q0            |   in|   32|   ap_memory|                                  v236_98|         array|
|v236_99_address0      |  out|    6|   ap_memory|                                  v236_99|         array|
|v236_99_ce0           |  out|    1|   ap_memory|                                  v236_99|         array|
|v236_99_q0            |   in|   32|   ap_memory|                                  v236_99|         array|
|v236_100_address0     |  out|    6|   ap_memory|                                 v236_100|         array|
|v236_100_ce0          |  out|    1|   ap_memory|                                 v236_100|         array|
|v236_100_q0           |   in|   32|   ap_memory|                                 v236_100|         array|
|v236_101_address0     |  out|    6|   ap_memory|                                 v236_101|         array|
|v236_101_ce0          |  out|    1|   ap_memory|                                 v236_101|         array|
|v236_101_q0           |   in|   32|   ap_memory|                                 v236_101|         array|
|v236_102_address0     |  out|    6|   ap_memory|                                 v236_102|         array|
|v236_102_ce0          |  out|    1|   ap_memory|                                 v236_102|         array|
|v236_102_q0           |   in|   32|   ap_memory|                                 v236_102|         array|
|v236_103_address0     |  out|    6|   ap_memory|                                 v236_103|         array|
|v236_103_ce0          |  out|    1|   ap_memory|                                 v236_103|         array|
|v236_103_q0           |   in|   32|   ap_memory|                                 v236_103|         array|
|v236_104_address0     |  out|    6|   ap_memory|                                 v236_104|         array|
|v236_104_ce0          |  out|    1|   ap_memory|                                 v236_104|         array|
|v236_104_q0           |   in|   32|   ap_memory|                                 v236_104|         array|
|v236_105_address0     |  out|    6|   ap_memory|                                 v236_105|         array|
|v236_105_ce0          |  out|    1|   ap_memory|                                 v236_105|         array|
|v236_105_q0           |   in|   32|   ap_memory|                                 v236_105|         array|
|v236_106_address0     |  out|    6|   ap_memory|                                 v236_106|         array|
|v236_106_ce0          |  out|    1|   ap_memory|                                 v236_106|         array|
|v236_106_q0           |   in|   32|   ap_memory|                                 v236_106|         array|
|v236_107_address0     |  out|    6|   ap_memory|                                 v236_107|         array|
|v236_107_ce0          |  out|    1|   ap_memory|                                 v236_107|         array|
|v236_107_q0           |   in|   32|   ap_memory|                                 v236_107|         array|
|v236_108_address0     |  out|    6|   ap_memory|                                 v236_108|         array|
|v236_108_ce0          |  out|    1|   ap_memory|                                 v236_108|         array|
|v236_108_q0           |   in|   32|   ap_memory|                                 v236_108|         array|
|v236_109_address0     |  out|    6|   ap_memory|                                 v236_109|         array|
|v236_109_ce0          |  out|    1|   ap_memory|                                 v236_109|         array|
|v236_109_q0           |   in|   32|   ap_memory|                                 v236_109|         array|
|v236_110_address0     |  out|    6|   ap_memory|                                 v236_110|         array|
|v236_110_ce0          |  out|    1|   ap_memory|                                 v236_110|         array|
|v236_110_q0           |   in|   32|   ap_memory|                                 v236_110|         array|
|v236_111_address0     |  out|    6|   ap_memory|                                 v236_111|         array|
|v236_111_ce0          |  out|    1|   ap_memory|                                 v236_111|         array|
|v236_111_q0           |   in|   32|   ap_memory|                                 v236_111|         array|
|v236_112_address0     |  out|    6|   ap_memory|                                 v236_112|         array|
|v236_112_ce0          |  out|    1|   ap_memory|                                 v236_112|         array|
|v236_112_q0           |   in|   32|   ap_memory|                                 v236_112|         array|
|v236_113_address0     |  out|    6|   ap_memory|                                 v236_113|         array|
|v236_113_ce0          |  out|    1|   ap_memory|                                 v236_113|         array|
|v236_113_q0           |   in|   32|   ap_memory|                                 v236_113|         array|
|v236_114_address0     |  out|    6|   ap_memory|                                 v236_114|         array|
|v236_114_ce0          |  out|    1|   ap_memory|                                 v236_114|         array|
|v236_114_q0           |   in|   32|   ap_memory|                                 v236_114|         array|
|v236_115_address0     |  out|    6|   ap_memory|                                 v236_115|         array|
|v236_115_ce0          |  out|    1|   ap_memory|                                 v236_115|         array|
|v236_115_q0           |   in|   32|   ap_memory|                                 v236_115|         array|
|v236_116_address0     |  out|    6|   ap_memory|                                 v236_116|         array|
|v236_116_ce0          |  out|    1|   ap_memory|                                 v236_116|         array|
|v236_116_q0           |   in|   32|   ap_memory|                                 v236_116|         array|
|v236_117_address0     |  out|    6|   ap_memory|                                 v236_117|         array|
|v236_117_ce0          |  out|    1|   ap_memory|                                 v236_117|         array|
|v236_117_q0           |   in|   32|   ap_memory|                                 v236_117|         array|
|v236_118_address0     |  out|    6|   ap_memory|                                 v236_118|         array|
|v236_118_ce0          |  out|    1|   ap_memory|                                 v236_118|         array|
|v236_118_q0           |   in|   32|   ap_memory|                                 v236_118|         array|
|v236_119_address0     |  out|    6|   ap_memory|                                 v236_119|         array|
|v236_119_ce0          |  out|    1|   ap_memory|                                 v236_119|         array|
|v236_119_q0           |   in|   32|   ap_memory|                                 v236_119|         array|
|v236_120_address0     |  out|    6|   ap_memory|                                 v236_120|         array|
|v236_120_ce0          |  out|    1|   ap_memory|                                 v236_120|         array|
|v236_120_q0           |   in|   32|   ap_memory|                                 v236_120|         array|
|v236_121_address0     |  out|    6|   ap_memory|                                 v236_121|         array|
|v236_121_ce0          |  out|    1|   ap_memory|                                 v236_121|         array|
|v236_121_q0           |   in|   32|   ap_memory|                                 v236_121|         array|
|v236_122_address0     |  out|    6|   ap_memory|                                 v236_122|         array|
|v236_122_ce0          |  out|    1|   ap_memory|                                 v236_122|         array|
|v236_122_q0           |   in|   32|   ap_memory|                                 v236_122|         array|
|v236_123_address0     |  out|    6|   ap_memory|                                 v236_123|         array|
|v236_123_ce0          |  out|    1|   ap_memory|                                 v236_123|         array|
|v236_123_q0           |   in|   32|   ap_memory|                                 v236_123|         array|
|v236_124_address0     |  out|    6|   ap_memory|                                 v236_124|         array|
|v236_124_ce0          |  out|    1|   ap_memory|                                 v236_124|         array|
|v236_124_q0           |   in|   32|   ap_memory|                                 v236_124|         array|
|v236_125_address0     |  out|    6|   ap_memory|                                 v236_125|         array|
|v236_125_ce0          |  out|    1|   ap_memory|                                 v236_125|         array|
|v236_125_q0           |   in|   32|   ap_memory|                                 v236_125|         array|
|v236_126_address0     |  out|    6|   ap_memory|                                 v236_126|         array|
|v236_126_ce0          |  out|    1|   ap_memory|                                 v236_126|         array|
|v236_126_q0           |   in|   32|   ap_memory|                                 v236_126|         array|
|v236_127_address0     |  out|    6|   ap_memory|                                 v236_127|         array|
|v236_127_ce0          |  out|    1|   ap_memory|                                 v236_127|         array|
|v236_127_q0           |   in|   32|   ap_memory|                                 v236_127|         array|
|v236_128_address0     |  out|    6|   ap_memory|                                 v236_128|         array|
|v236_128_ce0          |  out|    1|   ap_memory|                                 v236_128|         array|
|v236_128_q0           |   in|   32|   ap_memory|                                 v236_128|         array|
|v236_129_address0     |  out|    6|   ap_memory|                                 v236_129|         array|
|v236_129_ce0          |  out|    1|   ap_memory|                                 v236_129|         array|
|v236_129_q0           |   in|   32|   ap_memory|                                 v236_129|         array|
|v236_130_address0     |  out|    6|   ap_memory|                                 v236_130|         array|
|v236_130_ce0          |  out|    1|   ap_memory|                                 v236_130|         array|
|v236_130_q0           |   in|   32|   ap_memory|                                 v236_130|         array|
|v236_131_address0     |  out|    6|   ap_memory|                                 v236_131|         array|
|v236_131_ce0          |  out|    1|   ap_memory|                                 v236_131|         array|
|v236_131_q0           |   in|   32|   ap_memory|                                 v236_131|         array|
|v236_132_address0     |  out|    6|   ap_memory|                                 v236_132|         array|
|v236_132_ce0          |  out|    1|   ap_memory|                                 v236_132|         array|
|v236_132_q0           |   in|   32|   ap_memory|                                 v236_132|         array|
|v236_133_address0     |  out|    6|   ap_memory|                                 v236_133|         array|
|v236_133_ce0          |  out|    1|   ap_memory|                                 v236_133|         array|
|v236_133_q0           |   in|   32|   ap_memory|                                 v236_133|         array|
|v236_134_address0     |  out|    6|   ap_memory|                                 v236_134|         array|
|v236_134_ce0          |  out|    1|   ap_memory|                                 v236_134|         array|
|v236_134_q0           |   in|   32|   ap_memory|                                 v236_134|         array|
|v236_135_address0     |  out|    6|   ap_memory|                                 v236_135|         array|
|v236_135_ce0          |  out|    1|   ap_memory|                                 v236_135|         array|
|v236_135_q0           |   in|   32|   ap_memory|                                 v236_135|         array|
|v236_136_address0     |  out|    6|   ap_memory|                                 v236_136|         array|
|v236_136_ce0          |  out|    1|   ap_memory|                                 v236_136|         array|
|v236_136_q0           |   in|   32|   ap_memory|                                 v236_136|         array|
|v236_137_address0     |  out|    6|   ap_memory|                                 v236_137|         array|
|v236_137_ce0          |  out|    1|   ap_memory|                                 v236_137|         array|
|v236_137_q0           |   in|   32|   ap_memory|                                 v236_137|         array|
|v236_138_address0     |  out|    6|   ap_memory|                                 v236_138|         array|
|v236_138_ce0          |  out|    1|   ap_memory|                                 v236_138|         array|
|v236_138_q0           |   in|   32|   ap_memory|                                 v236_138|         array|
|v236_139_address0     |  out|    6|   ap_memory|                                 v236_139|         array|
|v236_139_ce0          |  out|    1|   ap_memory|                                 v236_139|         array|
|v236_139_q0           |   in|   32|   ap_memory|                                 v236_139|         array|
|v236_140_address0     |  out|    6|   ap_memory|                                 v236_140|         array|
|v236_140_ce0          |  out|    1|   ap_memory|                                 v236_140|         array|
|v236_140_q0           |   in|   32|   ap_memory|                                 v236_140|         array|
|v236_141_address0     |  out|    6|   ap_memory|                                 v236_141|         array|
|v236_141_ce0          |  out|    1|   ap_memory|                                 v236_141|         array|
|v236_141_q0           |   in|   32|   ap_memory|                                 v236_141|         array|
|v236_142_address0     |  out|    6|   ap_memory|                                 v236_142|         array|
|v236_142_ce0          |  out|    1|   ap_memory|                                 v236_142|         array|
|v236_142_q0           |   in|   32|   ap_memory|                                 v236_142|         array|
|v236_143_address0     |  out|    6|   ap_memory|                                 v236_143|         array|
|v236_143_ce0          |  out|    1|   ap_memory|                                 v236_143|         array|
|v236_143_q0           |   in|   32|   ap_memory|                                 v236_143|         array|
|v233_address0         |  out|   10|   ap_memory|                                     v233|         array|
|v233_ce0              |  out|    1|   ap_memory|                                     v233|         array|
|v233_q0               |   in|   32|   ap_memory|                                     v233|         array|
|v233_1_address0       |  out|   10|   ap_memory|                                   v233_1|         array|
|v233_1_ce0            |  out|    1|   ap_memory|                                   v233_1|         array|
|v233_1_q0             |   in|   32|   ap_memory|                                   v233_1|         array|
|v233_2_address0       |  out|   10|   ap_memory|                                   v233_2|         array|
|v233_2_ce0            |  out|    1|   ap_memory|                                   v233_2|         array|
|v233_2_q0             |   in|   32|   ap_memory|                                   v233_2|         array|
|v233_3_address0       |  out|   10|   ap_memory|                                   v233_3|         array|
|v233_3_ce0            |  out|    1|   ap_memory|                                   v233_3|         array|
|v233_3_q0             |   in|   32|   ap_memory|                                   v233_3|         array|
|v233_4_address0       |  out|   10|   ap_memory|                                   v233_4|         array|
|v233_4_ce0            |  out|    1|   ap_memory|                                   v233_4|         array|
|v233_4_q0             |   in|   32|   ap_memory|                                   v233_4|         array|
|v233_5_address0       |  out|   10|   ap_memory|                                   v233_5|         array|
|v233_5_ce0            |  out|    1|   ap_memory|                                   v233_5|         array|
|v233_5_q0             |   in|   32|   ap_memory|                                   v233_5|         array|
|v233_6_address0       |  out|   10|   ap_memory|                                   v233_6|         array|
|v233_6_ce0            |  out|    1|   ap_memory|                                   v233_6|         array|
|v233_6_q0             |   in|   32|   ap_memory|                                   v233_6|         array|
|v233_7_address0       |  out|   10|   ap_memory|                                   v233_7|         array|
|v233_7_ce0            |  out|    1|   ap_memory|                                   v233_7|         array|
|v233_7_q0             |   in|   32|   ap_memory|                                   v233_7|         array|
|v233_8_address0       |  out|   10|   ap_memory|                                   v233_8|         array|
|v233_8_ce0            |  out|    1|   ap_memory|                                   v233_8|         array|
|v233_8_q0             |   in|   32|   ap_memory|                                   v233_8|         array|
|v233_9_address0       |  out|   10|   ap_memory|                                   v233_9|         array|
|v233_9_ce0            |  out|    1|   ap_memory|                                   v233_9|         array|
|v233_9_q0             |   in|   32|   ap_memory|                                   v233_9|         array|
|v233_10_address0      |  out|   10|   ap_memory|                                  v233_10|         array|
|v233_10_ce0           |  out|    1|   ap_memory|                                  v233_10|         array|
|v233_10_q0            |   in|   32|   ap_memory|                                  v233_10|         array|
|v233_11_address0      |  out|   10|   ap_memory|                                  v233_11|         array|
|v233_11_ce0           |  out|    1|   ap_memory|                                  v233_11|         array|
|v233_11_q0            |   in|   32|   ap_memory|                                  v233_11|         array|
+----------------------+-----+-----+------------+-----------------------------------------+--------------+

