

================================================================
== Vitis HLS Report for 'PE_346'
================================================================
* Date:           Mon Sep  4 10:17:42 2023

* Version:        2022.1.2 (Build 3605665 on Fri Aug  5 22:52:02 MDT 2022)
* Project:        out.prj
* Solution:       solution1 (Vivado IP Flow Target)
* Product family: zynq
* Target device:  xc7z020-clg484-1


================================================================
== Performance Estimates
================================================================
+ Timing: 
    * Summary: 
    +--------+----------+----------+------------+
    |  Clock |  Target  | Estimated| Uncertainty|
    +--------+----------+----------+------------+
    |ap_clk  |  10.00 ns|  7.268 ns|     2.70 ns|
    +--------+----------+----------+------------+

+ Latency: 
    * Summary: 
    +---------+---------+-----------+-----------+------+------+---------+
    |  Latency (cycles) |   Latency (absolute)  |   Interval  | Pipeline|
    |   min   |   max   |    min    |    max    |  min |  max |   Type  |
    +---------+---------+-----------+-----------+------+------+---------+
    |     3080|     3080|  30.800 us|  30.800 us|  3080|  3080|       no|
    +---------+---------+-----------+-----------+------+------+---------+

    + Detail: 
        * Instance: 
        N/A

        * Loop: 
        +-----------+---------+---------+----------+-----------+-----------+------+----------+
        |           |  Latency (cycles) | Iteration|  Initiation Interval  | Trip |          |
        | Loop Name |   min   |   max   |  Latency |  achieved |   target  | Count| Pipelined|
        +-----------+---------+---------+----------+-----------+-----------+------+----------+
        |- PE_LOOP  |     3078|     3078|        11|          4|          1|   768|       yes|
        +-----------+---------+---------+----------+-----------+-----------+------+----------+



================================================================
== Utilization Estimates
================================================================
* Summary: 
+-----------------+---------+-----+--------+-------+-----+
|       Name      | BRAM_18K| DSP |   FF   |  LUT  | URAM|
+-----------------+---------+-----+--------+-------+-----+
|DSP              |        -|    -|       -|      -|    -|
|Expression       |        -|    -|       0|     34|    -|
|FIFO             |        -|    -|       -|      -|    -|
|Instance         |        -|    5|     348|    711|    -|
|Memory           |        -|    -|       -|      -|    -|
|Multiplexer      |        -|    -|       -|    160|    -|
|Register         |        -|    -|     182|      -|    -|
+-----------------+---------+-----+--------+-------+-----+
|Total            |        0|    5|     530|    905|    0|
+-----------------+---------+-----+--------+-------+-----+
|Available        |      280|  220|  106400|  53200|    0|
+-----------------+---------+-----+--------+-------+-----+
|Utilization (%)  |        0|    2|      ~0|      1|    0|
+-----------------+---------+-----+--------+-------+-----+

+ Detail: 
    * Instance: 
    +--------------------------------------+--------------------------------+---------+----+-----+-----+-----+
    |               Instance               |             Module             | BRAM_18K| DSP|  FF | LUT | URAM|
    +--------------------------------------+--------------------------------+---------+----+-----+-----+-----+
    |fadd_32ns_32ns_32_5_full_dsp_1_U9063  |fadd_32ns_32ns_32_5_full_dsp_1  |        0|   2|  205|  390|    0|
    |fmul_32ns_32ns_32_4_max_dsp_1_U9064   |fmul_32ns_32ns_32_4_max_dsp_1   |        0|   3|  143|  321|    0|
    +--------------------------------------+--------------------------------+---------+----+-----+-----+-----+
    |Total                                 |                                |        0|   5|  348|  711|    0|
    +--------------------------------------+--------------------------------+---------+----+-----+-----+-----+

    * DSP: 
    N/A

    * Memory: 
    N/A

    * FIFO: 
    N/A

    * Expression: 
    +----------------------------------+----------+----+---+----+------------+------------+
    |           Variable Name          | Operation| DSP| FF| LUT| Bitwidth P0| Bitwidth P1|
    +----------------------------------+----------+----+---+----+------------+------------+
    |k_365_fu_98_p2                    |         +|   0|  0|  13|          10|           1|
    |ap_block_pp0_stage0_11001         |       and|   0|  0|   2|           1|           1|
    |ap_block_pp0_stage1_01001         |       and|   0|  0|   2|           1|           1|
    |ap_condition_193                  |       and|   0|  0|   2|           1|           1|
    |icmp_ln7_fu_92_p2                 |      icmp|   0|  0|  11|          10|          10|
    |ap_block_state2_pp0_stage1_iter0  |        or|   0|  0|   2|           1|           1|
    |ap_enable_pp0                     |       xor|   0|  0|   2|           1|           2|
    +----------------------------------+----------+----+---+----+------------+------------+
    |Total                             |          |   0|  0|  34|          25|          17|
    +----------------------------------+----------+----+---+----+------------+------------+

    * Multiplexer: 
    +---------------------------------------+----+-----------+-----+-----------+
    |                  Name                 | LUT| Input Size| Bits| Total Bits|
    +---------------------------------------+----+-----------+-----+-----------+
    |A_fifo_4_7_blk_n                       |   9|          2|    1|          2|
    |A_fifo_4_8_blk_n                       |   9|          2|    1|          2|
    |B_fifo_7_4_blk_n                       |   9|          2|    1|          2|
    |B_fifo_7_5_blk_n                       |   9|          2|    1|          2|
    |ap_NS_fsm                              |  25|          5|    1|          5|
    |ap_done_int                            |   9|          2|    1|          2|
    |ap_enable_reg_pp0_iter0                |   9|          2|    1|          2|
    |ap_enable_reg_pp0_iter1                |   9|          2|    1|          2|
    |ap_enable_reg_pp0_iter2                |   9|          2|    1|          2|
    |ap_loop_exit_ready_pp0_iter1_reg       |   9|          2|    1|          2|
    |ap_return                              |   9|          2|   32|         64|
    |ap_sig_allocacmp_C_out_out_0_load      |   9|          2|   32|         64|
    |ap_sig_allocacmp_C_out_out_0_load_336  |   9|          2|   32|         64|
    |ap_sig_allocacmp_k                     |   9|          2|   10|         20|
    |k_05_fu_40                             |   9|          2|   10|         20|
    |real_start                             |   9|          2|    1|          2|
    +---------------------------------------+----+-----------+-----+-----------+
    |Total                                  | 160|         35|  127|        257|
    +---------------------------------------+----+-----------+-----+-----------+

    * Register: 
    +----------------------------------+----+----+-----+-----------+
    |               Name               | FF | LUT| Bits| Const Bits|
    +----------------------------------+----+----+-----+-----------+
    |A_fifo_4_7_read_reg_147           |  32|   0|   32|          0|
    |B_fifo_7_4_read_reg_152           |  32|   0|   32|          0|
    |C_out_out_0_fu_44                 |  32|   0|   32|          0|
    |ap_CS_fsm                         |   4|   0|    4|          0|
    |ap_done_reg                       |   1|   0|    1|          0|
    |ap_enable_reg_pp0_iter0_reg       |   1|   0|    1|          0|
    |ap_enable_reg_pp0_iter1           |   1|   0|    1|          0|
    |ap_enable_reg_pp0_iter2           |   1|   0|    1|          0|
    |ap_loop_exit_ready_pp0_iter1_reg  |   1|   0|    1|          0|
    |ap_return_preg                    |  32|   0|   32|          0|
    |icmp_ln7_reg_143                  |   1|   0|    1|          0|
    |icmp_ln7_reg_143_pp0_iter1_reg    |   1|   0|    1|          0|
    |k_05_fu_40                        |  10|   0|   10|          0|
    |mul_reg_167                       |  32|   0|   32|          0|
    |start_once_reg                    |   1|   0|    1|          0|
    +----------------------------------+----+----+-----+-----------+
    |Total                             | 182|   0|  182|          0|
    +----------------------------------+----+----+-----+-----------+



================================================================
== Interface
================================================================
* Summary: 
+---------------------------+-----+-----+------------+--------------+--------------+
|         RTL Ports         | Dir | Bits|  Protocol  | Source Object|    C Type    |
+---------------------------+-----+-----+------------+--------------+--------------+
|ap_clk                     |   in|    1|  ap_ctrl_hs|        PE.346|  return value|
|ap_rst                     |   in|    1|  ap_ctrl_hs|        PE.346|  return value|
|ap_start                   |   in|    1|  ap_ctrl_hs|        PE.346|  return value|
|start_full_n               |   in|    1|  ap_ctrl_hs|        PE.346|  return value|
|ap_done                    |  out|    1|  ap_ctrl_hs|        PE.346|  return value|
|ap_continue                |   in|    1|  ap_ctrl_hs|        PE.346|  return value|
|ap_idle                    |  out|    1|  ap_ctrl_hs|        PE.346|  return value|
|ap_ready                   |  out|    1|  ap_ctrl_hs|        PE.346|  return value|
|start_out                  |  out|    1|  ap_ctrl_hs|        PE.346|  return value|
|start_write                |  out|    1|  ap_ctrl_hs|        PE.346|  return value|
|ap_return                  |  out|   32|  ap_ctrl_hs|        PE.346|  return value|
|A_fifo_4_7_dout            |   in|   32|     ap_fifo|    A_fifo_4_7|       pointer|
|A_fifo_4_7_num_data_valid  |   in|    2|     ap_fifo|    A_fifo_4_7|       pointer|
|A_fifo_4_7_fifo_cap        |   in|    2|     ap_fifo|    A_fifo_4_7|       pointer|
|A_fifo_4_7_empty_n         |   in|    1|     ap_fifo|    A_fifo_4_7|       pointer|
|A_fifo_4_7_read            |  out|    1|     ap_fifo|    A_fifo_4_7|       pointer|
|A_fifo_4_8_din             |  out|   32|     ap_fifo|    A_fifo_4_8|       pointer|
|A_fifo_4_8_num_data_valid  |   in|    2|     ap_fifo|    A_fifo_4_8|       pointer|
|A_fifo_4_8_fifo_cap        |   in|    2|     ap_fifo|    A_fifo_4_8|       pointer|
|A_fifo_4_8_full_n          |   in|    1|     ap_fifo|    A_fifo_4_8|       pointer|
|A_fifo_4_8_write           |  out|    1|     ap_fifo|    A_fifo_4_8|       pointer|
|B_fifo_7_4_dout            |   in|   32|     ap_fifo|    B_fifo_7_4|       pointer|
|B_fifo_7_4_num_data_valid  |   in|    2|     ap_fifo|    B_fifo_7_4|       pointer|
|B_fifo_7_4_fifo_cap        |   in|    2|     ap_fifo|    B_fifo_7_4|       pointer|
|B_fifo_7_4_empty_n         |   in|    1|     ap_fifo|    B_fifo_7_4|       pointer|
|B_fifo_7_4_read            |  out|    1|     ap_fifo|    B_fifo_7_4|       pointer|
|B_fifo_7_5_din             |  out|   32|     ap_fifo|    B_fifo_7_5|       pointer|
|B_fifo_7_5_num_data_valid  |   in|    2|     ap_fifo|    B_fifo_7_5|       pointer|
|B_fifo_7_5_fifo_cap        |   in|    2|     ap_fifo|    B_fifo_7_5|       pointer|
|B_fifo_7_5_full_n          |   in|    1|     ap_fifo|    B_fifo_7_5|       pointer|
|B_fifo_7_5_write           |  out|    1|     ap_fifo|    B_fifo_7_5|       pointer|
+---------------------------+-----+-----+------------+--------------+--------------+

