

================================================================
== Vitis HLS Report for 'Self_attention_Pipeline_l_mh_merge_i_m_l_j_m'
================================================================
* Date:           Mon Sep  4 10:10:55 2023

* Version:        2022.1.2 (Build 3605665 on Fri Aug  5 22:52:02 MDT 2022)
* Project:        out.prj
* Solution:       solution1 (Vivado IP Flow Target)
* Product family: zynq
* Target device:  xc7z020-clg484-1


================================================================
== Performance Estimates
================================================================
+ Timing: 
    * Summary: 
    +--------+----------+----------+------------+
    |  Clock |  Target  | Estimated| Uncertainty|
    +--------+----------+----------+------------+
    |ap_clk  |  10.00 ns|  6.907 ns|     2.70 ns|
    +--------+----------+----------+------------+

+ Latency: 
    * Summary: 
    +---------+---------+----------+----------+-----+-----+---------+
    |  Latency (cycles) |  Latency (absolute) |  Interval | Pipeline|
    |   min   |   max   |    min   |    max   | min | max |   Type  |
    +---------+---------+----------+----------+-----+-----+---------+
    |      771|      771|  7.710 us|  7.710 us|  771|  771|       no|
    +---------+---------+----------+----------+-----+-----+---------+

    + Detail: 
        * Instance: 
        N/A

        * Loop: 
        +------------------------+---------+---------+----------+-----------+-----------+------+----------+
        |                        |  Latency (cycles) | Iteration|  Initiation Interval  | Trip |          |
        |        Loop Name       |   min   |   max   |  Latency |  achieved |   target  | Count| Pipelined|
        +------------------------+---------+---------+----------+-----------+-----------+------+----------+
        |- l_mh_merge_i_m_l_j_m  |      769|      769|         3|          1|          1|   768|       yes|
        +------------------------+---------+---------+----------+-----------+-----------+------+----------+



================================================================
== Utilization Estimates
================================================================
* Summary: 
+-----------------+---------+-----+--------+-------+-----+
|       Name      | BRAM_18K| DSP |   FF   |  LUT  | URAM|
+-----------------+---------+-----+--------+-------+-----+
|DSP              |        -|    -|       -|      -|    -|
|Expression       |        -|    -|       0|     88|    -|
|FIFO             |        -|    -|       -|      -|    -|
|Instance         |        -|    -|       0|    100|    -|
|Memory           |        -|    -|       -|      -|    -|
|Multiplexer      |        -|    -|       -|     72|    -|
|Register         |        -|    -|      84|      -|    -|
+-----------------+---------+-----+--------+-------+-----+
|Total            |        0|    0|      84|    260|    0|
+-----------------+---------+-----+--------+-------+-----+
|Available        |      280|  220|  106400|  53200|    0|
+-----------------+---------+-----+--------+-------+-----+
|Utilization (%)  |        0|    0|      ~0|     ~0|    0|
+-----------------+---------+-----+--------+-------+-----+

+ Detail: 
    * Instance: 
    +---------------------+---------------+---------+----+---+----+-----+
    |       Instance      |     Module    | BRAM_18K| DSP| FF| LUT| URAM|
    +---------------------+---------------+---------+----+---+----+-----+
    |mux_42_32_1_1_U4726  |mux_42_32_1_1  |        0|   0|  0|  20|    0|
    |mux_42_32_1_1_U4727  |mux_42_32_1_1  |        0|   0|  0|  20|    0|
    |mux_42_32_1_1_U4728  |mux_42_32_1_1  |        0|   0|  0|  20|    0|
    |mux_42_32_1_1_U4729  |mux_42_32_1_1  |        0|   0|  0|  20|    0|
    |mux_42_32_1_1_U4730  |mux_42_32_1_1  |        0|   0|  0|  20|    0|
    +---------------------+---------------+---------+----+---+----+-----+
    |Total                |               |        0|   0|  0| 100|    0|
    +---------------------+---------------+---------+----+---+----+-----+

    * DSP: 
    N/A

    * Memory: 
    N/A

    * FIFO: 
    N/A

    * Expression: 
    +--------------------------+----------+----+---+----+------------+------------+
    |       Variable Name      | Operation| DSP| FF| LUT| Bitwidth P0| Bitwidth P1|
    +--------------------------+----------+----+---+----+------------+------------+
    |add_ln154_1_fu_534_p2     |         +|   0|  0|  13|          10|           1|
    |add_ln154_fu_546_p2       |         +|   0|  0|  13|           4|           1|
    |add_ln155_fu_630_p2       |         +|   0|  0|  14|           7|           1|
    |add_ln158_fu_719_p2       |         +|   0|  0|  13|          10|          10|
    |icmp_ln154_fu_528_p2      |      icmp|   0|  0|  11|          10|          10|
    |icmp_ln155_fu_552_p2      |      icmp|   0|  0|  11|           7|           8|
    |select_ln154_1_fu_566_p3  |    select|   0|  0|   4|           1|           4|
    |select_ln154_fu_558_p3    |    select|   0|  0|   7|           1|           1|
    |ap_enable_pp0             |       xor|   0|  0|   2|           1|           2|
    +--------------------------+----------+----+---+----+------------+------------+
    |Total                     |          |   0|  0|  88|          51|          38|
    +--------------------------+----------+----+---+----+------------+------------+

    * Multiplexer: 
    +----------------------------------------+----+-----------+-----+-----------+
    |                  Name                  | LUT| Input Size| Bits| Total Bits|
    +----------------------------------------+----+-----------+-----+-----------+
    |ap_done_int                             |   9|          2|    1|          2|
    |ap_enable_reg_pp0_iter1                 |   9|          2|    1|          2|
    |ap_sig_allocacmp_i_m_load               |   9|          2|    4|          8|
    |ap_sig_allocacmp_indvar_flatten50_load  |   9|          2|   10|         20|
    |ap_sig_allocacmp_j_m_load               |   9|          2|    7|         14|
    |i_m_fu_132                              |   9|          2|    4|          8|
    |indvar_flatten50_fu_136                 |   9|          2|   10|         20|
    |j_m_fu_128                              |   9|          2|    7|         14|
    +----------------------------------------+----+-----------+-----+-----------+
    |Total                                   |  72|         16|   44|         88|
    +----------------------------------------+----+-----------+-----+-----------+

    * Register: 
    +--------------------------------------+----+----+-----+-----------+
    |                 Name                 | FF | LUT| Bits| Const Bits|
    +--------------------------------------+----+----+-----+-----------+
    |ap_CS_fsm                             |   1|   0|    1|          0|
    |ap_done_reg                           |   1|   0|    1|          0|
    |ap_enable_reg_pp0_iter1               |   1|   0|    1|          0|
    |ap_enable_reg_pp0_iter2               |   1|   0|    1|          0|
    |ap_loop_exit_ready_pp0_iter1_reg      |   1|   0|    1|          0|
    |i_m_fu_132                            |   4|   0|    4|          0|
    |indvar_flatten50_fu_136               |  10|   0|   10|          0|
    |j_m_fu_128                            |   7|   0|    7|          0|
    |select_ln154_1_reg_775                |   4|   0|    4|          0|
    |select_ln154_1_reg_775_pp0_iter1_reg  |   4|   0|    4|          0|
    |select_ln154_reg_770                  |   7|   0|    7|          0|
    |select_ln154_reg_770_pp0_iter1_reg    |   7|   0|    7|          0|
    |trunc_ln154_reg_779                   |   2|   0|    2|          0|
    |trunc_ln155_reg_784                   |   2|   0|    2|          0|
    |v89_reg_872                           |  32|   0|   32|          0|
    +--------------------------------------+----+----+-----+-----------+
    |Total                                 |  84|   0|   84|          0|
    +--------------------------------------+----+----+-----+-----------+



================================================================
== Interface
================================================================
* Summary: 
+-----------------+-----+-----+------------+----------------------------------------------+--------------+
|    RTL Ports    | Dir | Bits|  Protocol  |                 Source Object                |    C Type    |
+-----------------+-----+-----+------------+----------------------------------------------+--------------+
|ap_clk           |   in|    1|  ap_ctrl_hs|  Self_attention_Pipeline_l_mh_merge_i_m_l_j_m|  return value|
|ap_rst           |   in|    1|  ap_ctrl_hs|  Self_attention_Pipeline_l_mh_merge_i_m_l_j_m|  return value|
|ap_start         |   in|    1|  ap_ctrl_hs|  Self_attention_Pipeline_l_mh_merge_i_m_l_j_m|  return value|
|ap_done          |  out|    1|  ap_ctrl_hs|  Self_attention_Pipeline_l_mh_merge_i_m_l_j_m|  return value|
|ap_idle          |  out|    1|  ap_ctrl_hs|  Self_attention_Pipeline_l_mh_merge_i_m_l_j_m|  return value|
|ap_ready         |  out|    1|  ap_ctrl_hs|  Self_attention_Pipeline_l_mh_merge_i_m_l_j_m|  return value|
|v86_address0     |  out|    6|   ap_memory|                                           v86|         array|
|v86_ce0          |  out|    1|   ap_memory|                                           v86|         array|
|v86_q0           |   in|   32|   ap_memory|                                           v86|         array|
|v86_1_address0   |  out|    6|   ap_memory|                                         v86_1|         array|
|v86_1_ce0        |  out|    1|   ap_memory|                                         v86_1|         array|
|v86_1_q0         |   in|   32|   ap_memory|                                         v86_1|         array|
|v86_2_address0   |  out|    6|   ap_memory|                                         v86_2|         array|
|v86_2_ce0        |  out|    1|   ap_memory|                                         v86_2|         array|
|v86_2_q0         |   in|   32|   ap_memory|                                         v86_2|         array|
|v86_3_address0   |  out|    6|   ap_memory|                                         v86_3|         array|
|v86_3_ce0        |  out|    1|   ap_memory|                                         v86_3|         array|
|v86_3_q0         |   in|   32|   ap_memory|                                         v86_3|         array|
|v86_4_address0   |  out|    6|   ap_memory|                                         v86_4|         array|
|v86_4_ce0        |  out|    1|   ap_memory|                                         v86_4|         array|
|v86_4_q0         |   in|   32|   ap_memory|                                         v86_4|         array|
|v86_5_address0   |  out|    6|   ap_memory|                                         v86_5|         array|
|v86_5_ce0        |  out|    1|   ap_memory|                                         v86_5|         array|
|v86_5_q0         |   in|   32|   ap_memory|                                         v86_5|         array|
|v86_6_address0   |  out|    6|   ap_memory|                                         v86_6|         array|
|v86_6_ce0        |  out|    1|   ap_memory|                                         v86_6|         array|
|v86_6_q0         |   in|   32|   ap_memory|                                         v86_6|         array|
|v86_7_address0   |  out|    6|   ap_memory|                                         v86_7|         array|
|v86_7_ce0        |  out|    1|   ap_memory|                                         v86_7|         array|
|v86_7_q0         |   in|   32|   ap_memory|                                         v86_7|         array|
|v86_8_address0   |  out|    6|   ap_memory|                                         v86_8|         array|
|v86_8_ce0        |  out|    1|   ap_memory|                                         v86_8|         array|
|v86_8_q0         |   in|   32|   ap_memory|                                         v86_8|         array|
|v86_9_address0   |  out|    6|   ap_memory|                                         v86_9|         array|
|v86_9_ce0        |  out|    1|   ap_memory|                                         v86_9|         array|
|v86_9_q0         |   in|   32|   ap_memory|                                         v86_9|         array|
|v86_10_address0  |  out|    6|   ap_memory|                                        v86_10|         array|
|v86_10_ce0       |  out|    1|   ap_memory|                                        v86_10|         array|
|v86_10_q0        |   in|   32|   ap_memory|                                        v86_10|         array|
|v86_11_address0  |  out|    6|   ap_memory|                                        v86_11|         array|
|v86_11_ce0       |  out|    1|   ap_memory|                                        v86_11|         array|
|v86_11_q0        |   in|   32|   ap_memory|                                        v86_11|         array|
|v86_12_address0  |  out|    6|   ap_memory|                                        v86_12|         array|
|v86_12_ce0       |  out|    1|   ap_memory|                                        v86_12|         array|
|v86_12_q0        |   in|   32|   ap_memory|                                        v86_12|         array|
|v86_13_address0  |  out|    6|   ap_memory|                                        v86_13|         array|
|v86_13_ce0       |  out|    1|   ap_memory|                                        v86_13|         array|
|v86_13_q0        |   in|   32|   ap_memory|                                        v86_13|         array|
|v86_14_address0  |  out|    6|   ap_memory|                                        v86_14|         array|
|v86_14_ce0       |  out|    1|   ap_memory|                                        v86_14|         array|
|v86_14_q0        |   in|   32|   ap_memory|                                        v86_14|         array|
|v86_15_address0  |  out|    6|   ap_memory|                                        v86_15|         array|
|v86_15_ce0       |  out|    1|   ap_memory|                                        v86_15|         array|
|v86_15_q0        |   in|   32|   ap_memory|                                        v86_15|         array|
|tmp_151          |   in|   10|     ap_none|                                       tmp_151|        scalar|
|v74_0_address0   |  out|   10|   ap_memory|                                         v74_0|         array|
|v74_0_ce0        |  out|    1|   ap_memory|                                         v74_0|         array|
|v74_0_we0        |  out|    1|   ap_memory|                                         v74_0|         array|
|v74_0_d0         |  out|   32|   ap_memory|                                         v74_0|         array|
|v74_1_address0   |  out|   10|   ap_memory|                                         v74_1|         array|
|v74_1_ce0        |  out|    1|   ap_memory|                                         v74_1|         array|
|v74_1_we0        |  out|    1|   ap_memory|                                         v74_1|         array|
|v74_1_d0         |  out|   32|   ap_memory|                                         v74_1|         array|
|v74_2_address0   |  out|   10|   ap_memory|                                         v74_2|         array|
|v74_2_ce0        |  out|    1|   ap_memory|                                         v74_2|         array|
|v74_2_we0        |  out|    1|   ap_memory|                                         v74_2|         array|
|v74_2_d0         |  out|   32|   ap_memory|                                         v74_2|         array|
|v74_3_address0   |  out|   10|   ap_memory|                                         v74_3|         array|
|v74_3_ce0        |  out|    1|   ap_memory|                                         v74_3|         array|
|v74_3_we0        |  out|    1|   ap_memory|                                         v74_3|         array|
|v74_3_d0         |  out|   32|   ap_memory|                                         v74_3|         array|
|v74_4_address0   |  out|   10|   ap_memory|                                         v74_4|         array|
|v74_4_ce0        |  out|    1|   ap_memory|                                         v74_4|         array|
|v74_4_we0        |  out|    1|   ap_memory|                                         v74_4|         array|
|v74_4_d0         |  out|   32|   ap_memory|                                         v74_4|         array|
|v74_5_address0   |  out|   10|   ap_memory|                                         v74_5|         array|
|v74_5_ce0        |  out|    1|   ap_memory|                                         v74_5|         array|
|v74_5_we0        |  out|    1|   ap_memory|                                         v74_5|         array|
|v74_5_d0         |  out|   32|   ap_memory|                                         v74_5|         array|
|v74_6_address0   |  out|   10|   ap_memory|                                         v74_6|         array|
|v74_6_ce0        |  out|    1|   ap_memory|                                         v74_6|         array|
|v74_6_we0        |  out|    1|   ap_memory|                                         v74_6|         array|
|v74_6_d0         |  out|   32|   ap_memory|                                         v74_6|         array|
|v74_7_address0   |  out|   10|   ap_memory|                                         v74_7|         array|
|v74_7_ce0        |  out|    1|   ap_memory|                                         v74_7|         array|
|v74_7_we0        |  out|    1|   ap_memory|                                         v74_7|         array|
|v74_7_d0         |  out|   32|   ap_memory|                                         v74_7|         array|
|v74_8_address0   |  out|   10|   ap_memory|                                         v74_8|         array|
|v74_8_ce0        |  out|    1|   ap_memory|                                         v74_8|         array|
|v74_8_we0        |  out|    1|   ap_memory|                                         v74_8|         array|
|v74_8_d0         |  out|   32|   ap_memory|                                         v74_8|         array|
|v74_9_address0   |  out|   10|   ap_memory|                                         v74_9|         array|
|v74_9_ce0        |  out|    1|   ap_memory|                                         v74_9|         array|
|v74_9_we0        |  out|    1|   ap_memory|                                         v74_9|         array|
|v74_9_d0         |  out|   32|   ap_memory|                                         v74_9|         array|
|v74_10_address0  |  out|   10|   ap_memory|                                        v74_10|         array|
|v74_10_ce0       |  out|    1|   ap_memory|                                        v74_10|         array|
|v74_10_we0       |  out|    1|   ap_memory|                                        v74_10|         array|
|v74_10_d0        |  out|   32|   ap_memory|                                        v74_10|         array|
|v74_11_address0  |  out|   10|   ap_memory|                                        v74_11|         array|
|v74_11_ce0       |  out|    1|   ap_memory|                                        v74_11|         array|
|v74_11_we0       |  out|    1|   ap_memory|                                        v74_11|         array|
|v74_11_d0        |  out|   32|   ap_memory|                                        v74_11|         array|
+-----------------+-----+-----+------------+----------------------------------------------+--------------+

