

================================================================
== Vivado HLS Report for 'systolic_array_k_768_2_1'
================================================================
* Date:           Thu Aug 31 03:03:56 2023

* Version:        2019.2.1 (Build 2724168 on Thu Dec 05 05:19:09 MST 2019)
* Project:        out.prj
* Solution:       solution1
* Product family: zynq
* Target device:  xc7z020-clg484-1


================================================================
== Performance Estimates
================================================================
+ Timing: 
    * Summary: 
    +--------+----------+----------+------------+
    |  Clock |  Target  | Estimated| Uncertainty|
    +--------+----------+----------+------------+
    |ap_clk  | 10.00 ns | 3.634 ns |   1.25 ns  |
    +--------+----------+----------+------------+

+ Latency: 
    * Summary: 
    +---------+---------+----------+----------+-----+-----+---------+
    |  Latency (cycles) |  Latency (absolute) |  Interval | Pipeline|
    |   min   |   max   |    min   |    max   | min | max |   Type  |
    +---------+---------+----------+----------+-----+-----+---------+
    |      770|      770| 7.700 us | 7.700 us |  770|  770|   none  |
    +---------+---------+----------+----------+-----+-----+---------+

    + Detail: 
        * Instance: 
        N/A

        * Loop: 
        +--------------+---------+---------+----------+-----------+-----------+------+----------+
        |              |  Latency (cycles) | Iteration|  Initiation Interval  | Trip |          |
        |   Loop Name  |   min   |   max   |  Latency |  achieved |   target  | Count| Pipelined|
        +--------------+---------+---------+----------+-----------+-----------+------+----------+
        |- data_drain  |      768|      768|         2|          1|          1|   768|    yes   |
        +--------------+---------+---------+----------+-----------+-----------+------+----------+



================================================================
== Utilization Estimates
================================================================
* Summary: 
+-----------------+---------+-------+--------+-------+-----+
|       Name      | BRAM_18K| DSP48E|   FF   |  LUT  | URAM|
+-----------------+---------+-------+--------+-------+-----+
|DSP              |        -|      -|       -|      -|    -|
|Expression       |        -|      -|       0|     37|    -|
|FIFO             |        -|      -|       -|      -|    -|
|Instance         |        -|      -|       -|      -|    -|
|Memory           |        -|      -|       -|      -|    -|
|Multiplexer      |        -|      -|       -|    270|    -|
|Register         |        -|      -|      17|      -|    -|
+-----------------+---------+-------+--------+-------+-----+
|Total            |        0|      0|      17|    307|    0|
+-----------------+---------+-------+--------+-------+-----+
|Available        |      280|    220|  106400|  53200|    0|
+-----------------+---------+-------+--------+-------+-----+
|Utilization (%)  |        0|      0|   ~0   |   ~0  |    0|
+-----------------+---------+-------+--------+-------+-----+

+ Detail: 
    * Instance: 
    N/A

    * DSP48E: 
    N/A

    * Memory: 
    N/A

    * FIFO: 
    N/A

    * Expression: 
    +----------------------------------+----------+-------+---+----+------------+------------+
    |           Variable Name          | Operation| DSP48E| FF| LUT| Bitwidth P0| Bitwidth P1|
    +----------------------------------+----------+-------+---+----+------------+------------+
    |k_fu_533_p2                       |     +    |      0|  0|  14|          10|           1|
    |ap_block_pp0_stage0_11001         |    and   |      0|  0|   2|           1|           1|
    |icmp_ln48_fu_527_p2               |   icmp   |      0|  0|  13|          10|          10|
    |ap_block_state1                   |    or    |      0|  0|   2|           1|           1|
    |ap_block_state3_pp0_stage0_iter1  |    or    |      0|  0|   2|           1|           1|
    |ap_enable_pp0                     |    xor   |      0|  0|   2|           1|           2|
    |ap_enable_reg_pp0_iter1           |    xor   |      0|  0|   2|           2|           1|
    +----------------------------------+----------+-------+---+----+------------+------------+
    |Total                             |          |      0|  0|  37|          26|          17|
    +----------------------------------+----------+-------+---+----+------------+------------+

    * Multiplexer: 
    +-------------------------+----+-----------+-----+-----------+
    |           Name          | LUT| Input Size| Bits| Total Bits|
    +-------------------------+----+-----------+-----+-----------+
    |A_fifo_0_12_blk_n        |   9|          2|    1|          2|
    |A_fifo_10_12_blk_n       |   9|          2|    1|          2|
    |A_fifo_11_12_blk_n       |   9|          2|    1|          2|
    |A_fifo_1_12_blk_n        |   9|          2|    1|          2|
    |A_fifo_2_12_blk_n        |   9|          2|    1|          2|
    |A_fifo_3_12_blk_n        |   9|          2|    1|          2|
    |A_fifo_4_12_blk_n        |   9|          2|    1|          2|
    |A_fifo_5_12_blk_n        |   9|          2|    1|          2|
    |A_fifo_6_12_blk_n        |   9|          2|    1|          2|
    |A_fifo_7_12_blk_n        |   9|          2|    1|          2|
    |A_fifo_8_12_blk_n        |   9|          2|    1|          2|
    |A_fifo_9_12_blk_n        |   9|          2|    1|          2|
    |B_fifo_0_12_blk_n        |   9|          2|    1|          2|
    |B_fifo_10_12_blk_n       |   9|          2|    1|          2|
    |B_fifo_11_12_blk_n       |   9|          2|    1|          2|
    |B_fifo_1_12_blk_n        |   9|          2|    1|          2|
    |B_fifo_2_12_blk_n        |   9|          2|    1|          2|
    |B_fifo_3_12_blk_n        |   9|          2|    1|          2|
    |B_fifo_4_12_blk_n        |   9|          2|    1|          2|
    |B_fifo_5_12_blk_n        |   9|          2|    1|          2|
    |B_fifo_6_12_blk_n        |   9|          2|    1|          2|
    |B_fifo_7_12_blk_n        |   9|          2|    1|          2|
    |B_fifo_8_12_blk_n        |   9|          2|    1|          2|
    |B_fifo_9_12_blk_n        |   9|          2|    1|          2|
    |ap_NS_fsm                |  21|          4|    1|          4|
    |ap_done                  |   9|          2|    1|          2|
    |ap_enable_reg_pp0_iter1  |  15|          3|    1|          3|
    |k10_0_reg_516            |   9|          2|   10|         20|
    +-------------------------+----+-----------+-----+-----------+
    |Total                    | 270|         59|   37|         77|
    +-------------------------+----+-----------+-----+-----------+

    * Register: 
    +-------------------------+----+----+-----+-----------+
    |           Name          | FF | LUT| Bits| Const Bits|
    +-------------------------+----+----+-----+-----------+
    |ap_CS_fsm                |   3|   0|    3|          0|
    |ap_done_reg              |   1|   0|    1|          0|
    |ap_enable_reg_pp0_iter0  |   1|   0|    1|          0|
    |ap_enable_reg_pp0_iter1  |   1|   0|    1|          0|
    |icmp_ln48_reg_539        |   1|   0|    1|          0|
    |k10_0_reg_516            |  10|   0|   10|          0|
    +-------------------------+----+----+-----+-----------+
    |Total                    |  17|   0|   17|          0|
    +-------------------------+----+----+-----+-----------+



================================================================
== Interface
================================================================
* Summary: 
+----------------------+-----+-----+------------+--------------------------+--------------+
|       RTL Ports      | Dir | Bits|  Protocol  |       Source Object      |    C Type    |
+----------------------+-----+-----+------------+--------------------------+--------------+
|ap_clk                |  in |    1| ap_ctrl_hs | systolic_array_k_768.2.1 | return value |
|ap_rst                |  in |    1| ap_ctrl_hs | systolic_array_k_768.2.1 | return value |
|ap_start              |  in |    1| ap_ctrl_hs | systolic_array_k_768.2.1 | return value |
|ap_done               | out |    1| ap_ctrl_hs | systolic_array_k_768.2.1 | return value |
|ap_continue           |  in |    1| ap_ctrl_hs | systolic_array_k_768.2.1 | return value |
|ap_idle               | out |    1| ap_ctrl_hs | systolic_array_k_768.2.1 | return value |
|ap_ready              | out |    1| ap_ctrl_hs | systolic_array_k_768.2.1 | return value |
|A_fifo_0_12_dout      |  in |   32|   ap_fifo  |        A_fifo_0_12       |    pointer   |
|A_fifo_0_12_empty_n   |  in |    1|   ap_fifo  |        A_fifo_0_12       |    pointer   |
|A_fifo_0_12_read      | out |    1|   ap_fifo  |        A_fifo_0_12       |    pointer   |
|A_fifo_1_12_dout      |  in |   32|   ap_fifo  |        A_fifo_1_12       |    pointer   |
|A_fifo_1_12_empty_n   |  in |    1|   ap_fifo  |        A_fifo_1_12       |    pointer   |
|A_fifo_1_12_read      | out |    1|   ap_fifo  |        A_fifo_1_12       |    pointer   |
|A_fifo_2_12_dout      |  in |   32|   ap_fifo  |        A_fifo_2_12       |    pointer   |
|A_fifo_2_12_empty_n   |  in |    1|   ap_fifo  |        A_fifo_2_12       |    pointer   |
|A_fifo_2_12_read      | out |    1|   ap_fifo  |        A_fifo_2_12       |    pointer   |
|A_fifo_3_12_dout      |  in |   32|   ap_fifo  |        A_fifo_3_12       |    pointer   |
|A_fifo_3_12_empty_n   |  in |    1|   ap_fifo  |        A_fifo_3_12       |    pointer   |
|A_fifo_3_12_read      | out |    1|   ap_fifo  |        A_fifo_3_12       |    pointer   |
|A_fifo_4_12_dout      |  in |   32|   ap_fifo  |        A_fifo_4_12       |    pointer   |
|A_fifo_4_12_empty_n   |  in |    1|   ap_fifo  |        A_fifo_4_12       |    pointer   |
|A_fifo_4_12_read      | out |    1|   ap_fifo  |        A_fifo_4_12       |    pointer   |
|A_fifo_5_12_dout      |  in |   32|   ap_fifo  |        A_fifo_5_12       |    pointer   |
|A_fifo_5_12_empty_n   |  in |    1|   ap_fifo  |        A_fifo_5_12       |    pointer   |
|A_fifo_5_12_read      | out |    1|   ap_fifo  |        A_fifo_5_12       |    pointer   |
|A_fifo_6_12_dout      |  in |   32|   ap_fifo  |        A_fifo_6_12       |    pointer   |
|A_fifo_6_12_empty_n   |  in |    1|   ap_fifo  |        A_fifo_6_12       |    pointer   |
|A_fifo_6_12_read      | out |    1|   ap_fifo  |        A_fifo_6_12       |    pointer   |
|A_fifo_7_12_dout      |  in |   32|   ap_fifo  |        A_fifo_7_12       |    pointer   |
|A_fifo_7_12_empty_n   |  in |    1|   ap_fifo  |        A_fifo_7_12       |    pointer   |
|A_fifo_7_12_read      | out |    1|   ap_fifo  |        A_fifo_7_12       |    pointer   |
|A_fifo_8_12_dout      |  in |   32|   ap_fifo  |        A_fifo_8_12       |    pointer   |
|A_fifo_8_12_empty_n   |  in |    1|   ap_fifo  |        A_fifo_8_12       |    pointer   |
|A_fifo_8_12_read      | out |    1|   ap_fifo  |        A_fifo_8_12       |    pointer   |
|A_fifo_9_12_dout      |  in |   32|   ap_fifo  |        A_fifo_9_12       |    pointer   |
|A_fifo_9_12_empty_n   |  in |    1|   ap_fifo  |        A_fifo_9_12       |    pointer   |
|A_fifo_9_12_read      | out |    1|   ap_fifo  |        A_fifo_9_12       |    pointer   |
|A_fifo_10_12_dout     |  in |   32|   ap_fifo  |       A_fifo_10_12       |    pointer   |
|A_fifo_10_12_empty_n  |  in |    1|   ap_fifo  |       A_fifo_10_12       |    pointer   |
|A_fifo_10_12_read     | out |    1|   ap_fifo  |       A_fifo_10_12       |    pointer   |
|A_fifo_11_12_dout     |  in |   32|   ap_fifo  |       A_fifo_11_12       |    pointer   |
|A_fifo_11_12_empty_n  |  in |    1|   ap_fifo  |       A_fifo_11_12       |    pointer   |
|A_fifo_11_12_read     | out |    1|   ap_fifo  |       A_fifo_11_12       |    pointer   |
|B_fifo_0_12_dout      |  in |   32|   ap_fifo  |        B_fifo_0_12       |    pointer   |
|B_fifo_0_12_empty_n   |  in |    1|   ap_fifo  |        B_fifo_0_12       |    pointer   |
|B_fifo_0_12_read      | out |    1|   ap_fifo  |        B_fifo_0_12       |    pointer   |
|B_fifo_1_12_dout      |  in |   32|   ap_fifo  |        B_fifo_1_12       |    pointer   |
|B_fifo_1_12_empty_n   |  in |    1|   ap_fifo  |        B_fifo_1_12       |    pointer   |
|B_fifo_1_12_read      | out |    1|   ap_fifo  |        B_fifo_1_12       |    pointer   |
|B_fifo_2_12_dout      |  in |   32|   ap_fifo  |        B_fifo_2_12       |    pointer   |
|B_fifo_2_12_empty_n   |  in |    1|   ap_fifo  |        B_fifo_2_12       |    pointer   |
|B_fifo_2_12_read      | out |    1|   ap_fifo  |        B_fifo_2_12       |    pointer   |
|B_fifo_3_12_dout      |  in |   32|   ap_fifo  |        B_fifo_3_12       |    pointer   |
|B_fifo_3_12_empty_n   |  in |    1|   ap_fifo  |        B_fifo_3_12       |    pointer   |
|B_fifo_3_12_read      | out |    1|   ap_fifo  |        B_fifo_3_12       |    pointer   |
|B_fifo_4_12_dout      |  in |   32|   ap_fifo  |        B_fifo_4_12       |    pointer   |
|B_fifo_4_12_empty_n   |  in |    1|   ap_fifo  |        B_fifo_4_12       |    pointer   |
|B_fifo_4_12_read      | out |    1|   ap_fifo  |        B_fifo_4_12       |    pointer   |
|B_fifo_5_12_dout      |  in |   32|   ap_fifo  |        B_fifo_5_12       |    pointer   |
|B_fifo_5_12_empty_n   |  in |    1|   ap_fifo  |        B_fifo_5_12       |    pointer   |
|B_fifo_5_12_read      | out |    1|   ap_fifo  |        B_fifo_5_12       |    pointer   |
|B_fifo_6_12_dout      |  in |   32|   ap_fifo  |        B_fifo_6_12       |    pointer   |
|B_fifo_6_12_empty_n   |  in |    1|   ap_fifo  |        B_fifo_6_12       |    pointer   |
|B_fifo_6_12_read      | out |    1|   ap_fifo  |        B_fifo_6_12       |    pointer   |
|B_fifo_7_12_dout      |  in |   32|   ap_fifo  |        B_fifo_7_12       |    pointer   |
|B_fifo_7_12_empty_n   |  in |    1|   ap_fifo  |        B_fifo_7_12       |    pointer   |
|B_fifo_7_12_read      | out |    1|   ap_fifo  |        B_fifo_7_12       |    pointer   |
|B_fifo_8_12_dout      |  in |   32|   ap_fifo  |        B_fifo_8_12       |    pointer   |
|B_fifo_8_12_empty_n   |  in |    1|   ap_fifo  |        B_fifo_8_12       |    pointer   |
|B_fifo_8_12_read      | out |    1|   ap_fifo  |        B_fifo_8_12       |    pointer   |
|B_fifo_9_12_dout      |  in |   32|   ap_fifo  |        B_fifo_9_12       |    pointer   |
|B_fifo_9_12_empty_n   |  in |    1|   ap_fifo  |        B_fifo_9_12       |    pointer   |
|B_fifo_9_12_read      | out |    1|   ap_fifo  |        B_fifo_9_12       |    pointer   |
|B_fifo_10_12_dout     |  in |   32|   ap_fifo  |       B_fifo_10_12       |    pointer   |
|B_fifo_10_12_empty_n  |  in |    1|   ap_fifo  |       B_fifo_10_12       |    pointer   |
|B_fifo_10_12_read     | out |    1|   ap_fifo  |       B_fifo_10_12       |    pointer   |
|B_fifo_11_12_dout     |  in |   32|   ap_fifo  |       B_fifo_11_12       |    pointer   |
|B_fifo_11_12_empty_n  |  in |    1|   ap_fifo  |       B_fifo_11_12       |    pointer   |
|B_fifo_11_12_read     | out |    1|   ap_fifo  |       B_fifo_11_12       |    pointer   |
+----------------------+-----+-----+------------+--------------------------+--------------+

