

================================================================
== Vitis HLS Report for 'VITIS_LOOP_86_4_proc29'
================================================================
* Date:           Mon Sep  4 23:51:19 2023

* Version:        2022.1.2 (Build 3605665 on Fri Aug  5 22:52:02 MDT 2022)
* Project:        out.prj
* Solution:       solution1 (Vivado IP Flow Target)
* Product family: zynq
* Target device:  xc7z020-clg484-1


================================================================
== Performance Estimates
================================================================
+ Timing: 
    * Summary: 
    +--------+----------+----------+------------+
    |  Clock |  Target  | Estimated| Uncertainty|
    +--------+----------+----------+------------+
    |ap_clk  |  10.00 ns|  7.256 ns|     2.70 ns|
    +--------+----------+----------+------------+

+ Latency: 
    * Summary: 
    +---------+---------+----------+----------+-----+-----+---------+
    |  Latency (cycles) |  Latency (absolute) |  Interval | Pipeline|
    |   min   |   max   |    min   |    max   | min | max |   Type  |
    +---------+---------+----------+----------+-----+-----+---------+
    |       14|       14|  0.140 us|  0.140 us|   14|   14|       no|
    +---------+---------+----------+----------+-----+-----+---------+

    + Detail: 
        * Instance: 
        +-----------------------------------------------------------+-------------------------------------------------+---------+---------+----------+----------+-----+-----+---------+
        |                                                           |                                                 |  Latency (cycles) |  Latency (absolute) |  Interval | Pipeline|
        |                          Instance                         |                      Module                     |   min   |   max   |    min   |    max   | min | max |   Type  |
        +-----------------------------------------------------------+-------------------------------------------------+---------+---------+----------+----------+-----+-----+---------+
        |grp_VITIS_LOOP_86_4_proc29_Pipeline_VITIS_LOOP_86_4_fu_54  |VITIS_LOOP_86_4_proc29_Pipeline_VITIS_LOOP_86_4  |       12|       12|  0.120 us|  0.120 us|   12|   12|       no|
        +-----------------------------------------------------------+-------------------------------------------------+---------+---------+----------+----------+-----+-----+---------+

        * Loop: 
        N/A



================================================================
== Utilization Estimates
================================================================
* Summary: 
+-----------------+---------+-----+--------+-------+-----+
|       Name      | BRAM_18K| DSP |   FF   |  LUT  | URAM|
+-----------------+---------+-----+--------+-------+-----+
|DSP              |        -|    -|       -|      -|    -|
|Expression       |        -|    -|       0|     16|    -|
|FIFO             |        -|    -|       -|      -|    -|
|Instance         |        -|    2|     389|    518|    -|
|Memory           |        -|    -|       -|      -|    -|
|Multiplexer      |        -|    -|       -|     56|    -|
|Register         |        -|    -|      13|      -|    -|
+-----------------+---------+-----+--------+-------+-----+
|Total            |        0|    2|     402|    590|    0|
+-----------------+---------+-----+--------+-------+-----+
|Available        |      280|  220|  106400|  53200|    0|
+-----------------+---------+-----+--------+-------+-----+
|Utilization (%)  |        0|   ~0|      ~0|      1|    0|
+-----------------+---------+-----+--------+-------+-----+

+ Detail: 
    * Instance: 
    +-----------------------------------------------------------+-------------------------------------------------+---------+----+-----+-----+-----+
    |                          Instance                         |                      Module                     | BRAM_18K| DSP|  FF | LUT | URAM|
    +-----------------------------------------------------------+-------------------------------------------------+---------+----+-----+-----+-----+
    |grp_VITIS_LOOP_86_4_proc29_Pipeline_VITIS_LOOP_86_4_fu_54  |VITIS_LOOP_86_4_proc29_Pipeline_VITIS_LOOP_86_4  |        0|   2|  389|  518|    0|
    +-----------------------------------------------------------+-------------------------------------------------+---------+----+-----+-----+-----+
    |Total                                                      |                                                 |        0|   2|  389|  518|    0|
    +-----------------------------------------------------------+-------------------------------------------------+---------+----+-----+-----+-----+

    * DSP: 
    N/A

    * Memory: 
    N/A

    * FIFO: 
    N/A

    * Expression: 
    +-------------------+----------+----+---+----+------------+------------+
    |   Variable Name   | Operation| DSP| FF| LUT| Bitwidth P0| Bitwidth P1|
    +-------------------+----------+----+---+----+------------+------------+
    |sub_ln88_fu_84_p2  |         -|   0|  0|  14|           6|           6|
    |ap_block_state1    |        or|   0|  0|   2|           1|           1|
    +-------------------+----------+----+---+----+------------+------------+
    |Total              |          |   0|  0|  16|           7|           7|
    +-------------------+----------+----+---+----+------------+------------+

    * Multiplexer: 
    +--------------------------+----+-----------+-----+-----------+
    |           Name           | LUT| Input Size| Bits| Total Bits|
    +--------------------------+----+-----------+-----+-----------+
    |ap_NS_fsm                 |  20|          4|    1|          4|
    |ap_done                   |   9|          2|    1|          2|
    |block_C_drainer_312_read  |   9|          2|    1|          2|
    |ii_blk_n                  |   9|          2|    1|          2|
    |jj_blk_n                  |   9|          2|    1|          2|
    +--------------------------+----+-----------+-----+-----------+
    |Total                     |  56|         12|    5|         12|
    +--------------------------+----+-----------+-----+-----------+

    * Register: 
    +------------------------------------------------------------------------+---+----+-----+-----------+
    |                                  Name                                  | FF| LUT| Bits| Const Bits|
    +------------------------------------------------------------------------+---+----+-----+-----------+
    |ap_CS_fsm                                                               |  3|   0|    3|          0|
    |ap_done_reg                                                             |  1|   0|    1|          0|
    |grp_VITIS_LOOP_86_4_proc29_Pipeline_VITIS_LOOP_86_4_fu_54_ap_start_reg  |  1|   0|    1|          0|
    |jj_read_reg_98                                                          |  2|   0|    2|          0|
    |sub_ln88_reg_103                                                        |  4|   0|    6|          2|
    |tmp_s_reg_108                                                           |  2|   0|    4|          2|
    +------------------------------------------------------------------------+---+----+-----+-----------+
    |Total                                                                   | 13|   0|   17|          4|
    +------------------------------------------------------------------------+---+----+-----+-----------+



================================================================
== Interface
================================================================
* Summary: 
+------------------------------------+-----+-----+------------+------------------------+--------------+
|              RTL Ports             | Dir | Bits|  Protocol  |      Source Object     |    C Type    |
+------------------------------------+-----+-----+------------+------------------------+--------------+
|ap_clk                              |   in|    1|  ap_ctrl_hs|  VITIS_LOOP_86_4_proc29|  return value|
|ap_rst                              |   in|    1|  ap_ctrl_hs|  VITIS_LOOP_86_4_proc29|  return value|
|ap_start                            |   in|    1|  ap_ctrl_hs|  VITIS_LOOP_86_4_proc29|  return value|
|ap_done                             |  out|    1|  ap_ctrl_hs|  VITIS_LOOP_86_4_proc29|  return value|
|ap_continue                         |   in|    1|  ap_ctrl_hs|  VITIS_LOOP_86_4_proc29|  return value|
|ap_idle                             |  out|    1|  ap_ctrl_hs|  VITIS_LOOP_86_4_proc29|  return value|
|ap_ready                            |  out|    1|  ap_ctrl_hs|  VITIS_LOOP_86_4_proc29|  return value|
|C_3_address0                        |  out|    6|   ap_memory|                     C_3|         array|
|C_3_ce0                             |  out|    1|   ap_memory|                     C_3|         array|
|C_3_we0                             |  out|    1|   ap_memory|                     C_3|         array|
|C_3_d0                              |  out|   32|   ap_memory|                     C_3|         array|
|C_3_address1                        |  out|    6|   ap_memory|                     C_3|         array|
|C_3_ce1                             |  out|    1|   ap_memory|                     C_3|         array|
|C_3_q1                              |   in|   32|   ap_memory|                     C_3|         array|
|block_C_drainer_312_dout            |   in|   32|     ap_fifo|     block_C_drainer_312|       pointer|
|block_C_drainer_312_num_data_valid  |   in|    2|     ap_fifo|     block_C_drainer_312|       pointer|
|block_C_drainer_312_fifo_cap        |   in|    2|     ap_fifo|     block_C_drainer_312|       pointer|
|block_C_drainer_312_empty_n         |   in|    1|     ap_fifo|     block_C_drainer_312|       pointer|
|block_C_drainer_312_read            |  out|    1|     ap_fifo|     block_C_drainer_312|       pointer|
|jj_dout                             |   in|    2|     ap_fifo|                      jj|       pointer|
|jj_num_data_valid                   |   in|    3|     ap_fifo|                      jj|       pointer|
|jj_fifo_cap                         |   in|    3|     ap_fifo|                      jj|       pointer|
|jj_empty_n                          |   in|    1|     ap_fifo|                      jj|       pointer|
|jj_read                             |  out|    1|     ap_fifo|                      jj|       pointer|
|ii_dout                             |   in|    2|     ap_fifo|                      ii|       pointer|
|ii_num_data_valid                   |   in|    3|     ap_fifo|                      ii|       pointer|
|ii_fifo_cap                         |   in|    3|     ap_fifo|                      ii|       pointer|
|ii_empty_n                          |   in|    1|     ap_fifo|                      ii|       pointer|
|ii_read                             |  out|    1|     ap_fifo|                      ii|       pointer|
+------------------------------------+-----+-----+------------+------------------------+--------------+

