

================================================================
== Vitis HLS Report for 'Layer_norm_1_Pipeline_l_j13'
================================================================
* Date:           Sat Sep  2 22:11:40 2023

* Version:        2022.1.2 (Build 3605665 on Fri Aug  5 22:52:02 MDT 2022)
* Project:        out.prj
* Solution:       solution1 (Vivado IP Flow Target)
* Product family: zynq
* Target device:  xc7z020-clg484-1


================================================================
== Performance Estimates
================================================================
+ Timing: 
    * Summary: 
    +--------+----------+----------+------------+
    |  Clock |  Target  | Estimated| Uncertainty|
    +--------+----------+----------+------------+
    |ap_clk  |  10.00 ns|  7.256 ns|     2.70 ns|
    +--------+----------+----------+------------+

+ Latency: 
    * Summary: 
    +---------+---------+----------+----------+-----+-----+---------+
    |  Latency (cycles) |  Latency (absolute) |  Interval | Pipeline|
    |   min   |   max   |    min   |    max   | min | max |   Type  |
    +---------+---------+----------+----------+-----+-----+---------+
    |      801|      801|  8.010 us|  8.010 us|  801|  801|       no|
    +---------+---------+----------+----------+-----+-----+---------+

    + Detail: 
        * Instance: 
        N/A

        * Loop: 
        +----------+---------+---------+----------+-----------+-----------+------+----------+
        |          |  Latency (cycles) | Iteration|  Initiation Interval  | Trip |          |
        | Loop Name|   min   |   max   |  Latency |  achieved |   target  | Count| Pipelined|
        +----------+---------+---------+----------+-----------+-----------+------+----------+
        |- l_j13   |      799|      799|        33|          1|          1|   768|       yes|
        +----------+---------+---------+----------+-----------+-----------+------+----------+



================================================================
== Utilization Estimates
================================================================
* Summary: 
+-----------------+---------+-----+--------+-------+-----+
|       Name      | BRAM_18K| DSP |   FF   |  LUT  | URAM|
+-----------------+---------+-----+--------+-------+-----+
|DSP              |        -|    -|       -|      -|    -|
|Expression       |        -|    -|       0|     43|    -|
|FIFO             |        -|    -|       -|      -|    -|
|Instance         |        -|    -|       -|      -|    -|
|Memory           |        -|    -|       -|      -|    -|
|Multiplexer      |        -|    -|       -|     36|    -|
|Register         |        -|    -|     525|     96|    -|
+-----------------+---------+-----+--------+-------+-----+
|Total            |        0|    0|     525|    175|    0|
+-----------------+---------+-----+--------+-------+-----+
|Available        |      280|  220|  106400|  53200|    0|
+-----------------+---------+-----+--------+-------+-----+
|Utilization (%)  |        0|    0|      ~0|     ~0|    0|
+-----------------+---------+-----+--------+-------+-----+

+ Detail: 
    * Instance: 
    N/A

    * DSP: 
    N/A

    * Memory: 
    N/A

    * FIFO: 
    N/A

    * Expression: 
    +----------------------+----------+----+---+----+------------+------------+
    |     Variable Name    | Operation| DSP| FF| LUT| Bitwidth P0| Bitwidth P1|
    +----------------------+----------+----+---+----+------------+------------+
    |add_ln258_fu_154_p2   |         +|   0|  0|  13|          10|           1|
    |add_ln260_fu_164_p2   |         +|   0|  0|  17|          14|          14|
    |icmp_ln258_fu_148_p2  |      icmp|   0|  0|  11|          10|          10|
    |ap_enable_pp0         |       xor|   0|  0|   2|           1|           2|
    +----------------------+----------+----+---+----+------------+------------+
    |Total                 |          |   0|  0|  43|          35|          27|
    +----------------------+----------+----+---+----+------------+------------+

    * Multiplexer: 
    +-------------------------+----+-----------+-----+-----------+
    |           Name          | LUT| Input Size| Bits| Total Bits|
    +-------------------------+----+-----------+-----+-----------+
    |ap_done_int              |   9|          2|    1|          2|
    |ap_enable_reg_pp0_iter1  |   9|          2|    1|          2|
    |ap_sig_allocacmp_j13_2   |   9|          2|   10|         20|
    |j13_fu_50                |   9|          2|   10|         20|
    +-------------------------+----+-----------+-----+-----------+
    |Total                    |  36|          8|   22|         44|
    +-------------------------+----+-----------+-----+-----------+

    * Register: 
    +-----------------------------------+----+----+-----+-----------+
    |                Name               | FF | LUT| Bits| Const Bits|
    +-----------------------------------+----+----+-----+-----------+
    |ap_CS_fsm                          |   1|   0|    1|          0|
    |ap_done_reg                        |   1|   0|    1|          0|
    |ap_enable_reg_pp0_iter1            |   1|   0|    1|          0|
    |ap_enable_reg_pp0_iter10           |   1|   0|    1|          0|
    |ap_enable_reg_pp0_iter11           |   1|   0|    1|          0|
    |ap_enable_reg_pp0_iter12           |   1|   0|    1|          0|
    |ap_enable_reg_pp0_iter13           |   1|   0|    1|          0|
    |ap_enable_reg_pp0_iter14           |   1|   0|    1|          0|
    |ap_enable_reg_pp0_iter15           |   1|   0|    1|          0|
    |ap_enable_reg_pp0_iter16           |   1|   0|    1|          0|
    |ap_enable_reg_pp0_iter17           |   1|   0|    1|          0|
    |ap_enable_reg_pp0_iter18           |   1|   0|    1|          0|
    |ap_enable_reg_pp0_iter19           |   1|   0|    1|          0|
    |ap_enable_reg_pp0_iter2            |   1|   0|    1|          0|
    |ap_enable_reg_pp0_iter20           |   1|   0|    1|          0|
    |ap_enable_reg_pp0_iter21           |   1|   0|    1|          0|
    |ap_enable_reg_pp0_iter22           |   1|   0|    1|          0|
    |ap_enable_reg_pp0_iter23           |   1|   0|    1|          0|
    |ap_enable_reg_pp0_iter24           |   1|   0|    1|          0|
    |ap_enable_reg_pp0_iter25           |   1|   0|    1|          0|
    |ap_enable_reg_pp0_iter26           |   1|   0|    1|          0|
    |ap_enable_reg_pp0_iter27           |   1|   0|    1|          0|
    |ap_enable_reg_pp0_iter28           |   1|   0|    1|          0|
    |ap_enable_reg_pp0_iter29           |   1|   0|    1|          0|
    |ap_enable_reg_pp0_iter3            |   1|   0|    1|          0|
    |ap_enable_reg_pp0_iter30           |   1|   0|    1|          0|
    |ap_enable_reg_pp0_iter31           |   1|   0|    1|          0|
    |ap_enable_reg_pp0_iter32           |   1|   0|    1|          0|
    |ap_enable_reg_pp0_iter4            |   1|   0|    1|          0|
    |ap_enable_reg_pp0_iter5            |   1|   0|    1|          0|
    |ap_enable_reg_pp0_iter6            |   1|   0|    1|          0|
    |ap_enable_reg_pp0_iter7            |   1|   0|    1|          0|
    |ap_enable_reg_pp0_iter8            |   1|   0|    1|          0|
    |ap_enable_reg_pp0_iter9            |   1|   0|    1|          0|
    |ap_loop_exit_ready_pp0_iter10_reg  |   1|   0|    1|          0|
    |ap_loop_exit_ready_pp0_iter11_reg  |   1|   0|    1|          0|
    |ap_loop_exit_ready_pp0_iter12_reg  |   1|   0|    1|          0|
    |ap_loop_exit_ready_pp0_iter13_reg  |   1|   0|    1|          0|
    |ap_loop_exit_ready_pp0_iter14_reg  |   1|   0|    1|          0|
    |ap_loop_exit_ready_pp0_iter15_reg  |   1|   0|    1|          0|
    |ap_loop_exit_ready_pp0_iter16_reg  |   1|   0|    1|          0|
    |ap_loop_exit_ready_pp0_iter17_reg  |   1|   0|    1|          0|
    |ap_loop_exit_ready_pp0_iter18_reg  |   1|   0|    1|          0|
    |ap_loop_exit_ready_pp0_iter19_reg  |   1|   0|    1|          0|
    |ap_loop_exit_ready_pp0_iter1_reg   |   1|   0|    1|          0|
    |ap_loop_exit_ready_pp0_iter20_reg  |   1|   0|    1|          0|
    |ap_loop_exit_ready_pp0_iter21_reg  |   1|   0|    1|          0|
    |ap_loop_exit_ready_pp0_iter22_reg  |   1|   0|    1|          0|
    |ap_loop_exit_ready_pp0_iter23_reg  |   1|   0|    1|          0|
    |ap_loop_exit_ready_pp0_iter24_reg  |   1|   0|    1|          0|
    |ap_loop_exit_ready_pp0_iter25_reg  |   1|   0|    1|          0|
    |ap_loop_exit_ready_pp0_iter26_reg  |   1|   0|    1|          0|
    |ap_loop_exit_ready_pp0_iter27_reg  |   1|   0|    1|          0|
    |ap_loop_exit_ready_pp0_iter28_reg  |   1|   0|    1|          0|
    |ap_loop_exit_ready_pp0_iter29_reg  |   1|   0|    1|          0|
    |ap_loop_exit_ready_pp0_iter2_reg   |   1|   0|    1|          0|
    |ap_loop_exit_ready_pp0_iter30_reg  |   1|   0|    1|          0|
    |ap_loop_exit_ready_pp0_iter31_reg  |   1|   0|    1|          0|
    |ap_loop_exit_ready_pp0_iter3_reg   |   1|   0|    1|          0|
    |ap_loop_exit_ready_pp0_iter4_reg   |   1|   0|    1|          0|
    |ap_loop_exit_ready_pp0_iter5_reg   |   1|   0|    1|          0|
    |ap_loop_exit_ready_pp0_iter6_reg   |   1|   0|    1|          0|
    |ap_loop_exit_ready_pp0_iter7_reg   |   1|   0|    1|          0|
    |ap_loop_exit_ready_pp0_iter8_reg   |   1|   0|    1|          0|
    |ap_loop_exit_ready_pp0_iter9_reg   |   1|   0|    1|          0|
    |j13_2_reg_213                      |  10|   0|   10|          0|
    |j13_cast_reg_237                   |  10|   0|   64|         54|
    |j13_fu_50                          |  10|   0|   10|          0|
    |v141_reg_232                       |  32|   0|   32|          0|
    |v143_reg_252                       |  32|   0|   32|          0|
    |v144_reg_262                       |  32|   0|   32|          0|
    |v148_reg_272                       |  32|   0|   32|          0|
    |v150_reg_287                       |  32|   0|   32|          0|
    |v217_load_reg_247                  |  32|   0|   32|          0|
    |v218_load_reg_277                  |  32|   0|   32|          0|
    |zext_ln260_2_reg_222               |  14|   0|   64|         50|
    |j13_2_reg_213                      |  64|  32|   10|          0|
    |j13_cast_reg_237                   |  64|  32|   64|         54|
    |zext_ln260_2_reg_222               |  64|  32|   64|         50|
    +-----------------------------------+----+----+-----+-----------+
    |Total                              | 525|  96|  575|        208|
    +-----------------------------------+----+----+-----+-----------+



================================================================
== Interface
================================================================
* Summary: 
+---------------------+-----+-----+------------+-----------------------------+--------------+
|      RTL Ports      | Dir | Bits|  Protocol  |        Source Object        |    C Type    |
+---------------------+-----+-----+------------+-----------------------------+--------------+
|ap_clk               |   in|    1|  ap_ctrl_hs|  Layer_norm.1_Pipeline_l_j13|  return value|
|ap_rst               |   in|    1|  ap_ctrl_hs|  Layer_norm.1_Pipeline_l_j13|  return value|
|ap_start             |   in|    1|  ap_ctrl_hs|  Layer_norm.1_Pipeline_l_j13|  return value|
|ap_done              |  out|    1|  ap_ctrl_hs|  Layer_norm.1_Pipeline_l_j13|  return value|
|ap_idle              |  out|    1|  ap_ctrl_hs|  Layer_norm.1_Pipeline_l_j13|  return value|
|ap_ready             |  out|    1|  ap_ctrl_hs|  Layer_norm.1_Pipeline_l_j13|  return value|
|grp_fu_399_p_din0    |  out|   32|  ap_ctrl_hs|  Layer_norm.1_Pipeline_l_j13|  return value|
|grp_fu_399_p_din1    |  out|   32|  ap_ctrl_hs|  Layer_norm.1_Pipeline_l_j13|  return value|
|grp_fu_399_p_opcode  |  out|    1|  ap_ctrl_hs|  Layer_norm.1_Pipeline_l_j13|  return value|
|grp_fu_399_p_dout0   |   in|   32|  ap_ctrl_hs|  Layer_norm.1_Pipeline_l_j13|  return value|
|grp_fu_399_p_ce      |  out|    1|  ap_ctrl_hs|  Layer_norm.1_Pipeline_l_j13|  return value|
|grp_fu_415_p_din0    |  out|   32|  ap_ctrl_hs|  Layer_norm.1_Pipeline_l_j13|  return value|
|grp_fu_415_p_din1    |  out|   32|  ap_ctrl_hs|  Layer_norm.1_Pipeline_l_j13|  return value|
|grp_fu_415_p_opcode  |  out|    2|  ap_ctrl_hs|  Layer_norm.1_Pipeline_l_j13|  return value|
|grp_fu_415_p_dout0   |   in|   32|  ap_ctrl_hs|  Layer_norm.1_Pipeline_l_j13|  return value|
|grp_fu_415_p_ce      |  out|    1|  ap_ctrl_hs|  Layer_norm.1_Pipeline_l_j13|  return value|
|grp_fu_403_p_din0    |  out|   32|  ap_ctrl_hs|  Layer_norm.1_Pipeline_l_j13|  return value|
|grp_fu_403_p_din1    |  out|   32|  ap_ctrl_hs|  Layer_norm.1_Pipeline_l_j13|  return value|
|grp_fu_403_p_dout0   |   in|   32|  ap_ctrl_hs|  Layer_norm.1_Pipeline_l_j13|  return value|
|grp_fu_403_p_ce      |  out|    1|  ap_ctrl_hs|  Layer_norm.1_Pipeline_l_j13|  return value|
|grp_fu_407_p_din0    |  out|   32|  ap_ctrl_hs|  Layer_norm.1_Pipeline_l_j13|  return value|
|grp_fu_407_p_din1    |  out|   32|  ap_ctrl_hs|  Layer_norm.1_Pipeline_l_j13|  return value|
|grp_fu_407_p_dout0   |   in|   32|  ap_ctrl_hs|  Layer_norm.1_Pipeline_l_j13|  return value|
|grp_fu_407_p_ce      |  out|    1|  ap_ctrl_hs|  Layer_norm.1_Pipeline_l_j13|  return value|
|sub_ln260            |   in|   14|     ap_none|                    sub_ln260|        scalar|
|v111_address0        |  out|   14|   ap_memory|                         v111|         array|
|v111_ce0             |  out|    1|   ap_memory|                         v111|         array|
|v111_q0              |   in|   32|   ap_memory|                         v111|         array|
|v219_address0        |  out|   14|   ap_memory|                         v219|         array|
|v219_ce0             |  out|    1|   ap_memory|                         v219|         array|
|v219_we0             |  out|    1|   ap_memory|                         v219|         array|
|v219_d0              |  out|   32|   ap_memory|                         v219|         array|
|v217_address0        |  out|   10|   ap_memory|                         v217|         array|
|v217_ce0             |  out|    1|   ap_memory|                         v217|         array|
|v217_q0              |   in|   32|   ap_memory|                         v217|         array|
|v142                 |   in|   32|     ap_none|                         v142|        scalar|
|v147                 |   in|   32|     ap_none|                         v147|        scalar|
|v218_address0        |  out|   10|   ap_memory|                         v218|         array|
|v218_ce0             |  out|    1|   ap_memory|                         v218|         array|
|v218_q0              |   in|   32|   ap_memory|                         v218|         array|
+---------------------+-----+-----+------------+-----------------------------+--------------+

============================================================
+ Verbose Summary: Synthesis Manager
============================================================
InlineROM: 1
ExposeGlobal: 0
============================================================
+ Verbose Summary: CDFG Model
============================================================
IsTopModel: 0
ResetActiveHigh: 1
IsCombinational: 2
IsDatapathOnly: 2
HasWiredReturn: 1
HasMFsm: 2
HasVarLatency: 1
IsPipeline: 0
IsRtlPipelined: 0
IsInstanceOverlapped: 0
IsDontTouch: 0
HasImplIP: 0
IsGatedGlobalClock: 0

+ Individual pipeline summary: 
  * Pipeline-0: initiation interval (II) = 1, depth = 33


============================================================
+ Verbose Summary: Schedule
============================================================
* Number of FSM states : 33
* Pipeline : 1
  Pipeline-0 : II = 1, D = 33, States = { 1 2 3 4 5 6 7 8 9 10 11 12 13 14 15 16 17 18 19 20 21 22 23 24 25 26 27 28 29 30 31 32 33 }
* Dataflow Pipeline: 0

* FSM state transitions: 
1 --> 2 
2 --> 3 
3 --> 4 
4 --> 5 
5 --> 6 
6 --> 7 
7 --> 8 
8 --> 9 
9 --> 10 
10 --> 11 
11 --> 12 
12 --> 13 
13 --> 14 
14 --> 15 
15 --> 16 
16 --> 17 
17 --> 18 
18 --> 19 
19 --> 20 
20 --> 21 
21 --> 22 
22 --> 23 
23 --> 24 
24 --> 25 
25 --> 26 
26 --> 27 
27 --> 28 
28 --> 29 
29 --> 30 
30 --> 31 
31 --> 32 
32 --> 33 
33 --> 

* FSM state operations: 

State 1 <SV = 0> <Delay = 5.06>
ST_1 : Operation 36 [1/1] (0.00ns)   --->   "%j13 = alloca i32 1"   --->   Operation 36 'alloca' 'j13' <Predicate = true> <Delay = 0.00>
ST_1 : Operation 37 [1/1] (0.00ns)   --->   "%specinterface_ln0 = specinterface void @_ssdm_op_SpecInterface, i32 %v217, void @empty_12, i32 0, i32 0, void @empty_6, i32 4294967295, i32 0, void @empty_6, void @empty_6, void @empty_6, i32 0, i32 0, i32 0, i32 0, void @empty_6, void @empty_6, i32 4294967295, i32 0"   --->   Operation 37 'specinterface' 'specinterface_ln0' <Predicate = true> <Delay = 0.00>
ST_1 : Operation 38 [1/1] (0.00ns)   --->   "%specinterface_ln0 = specinterface void @_ssdm_op_SpecInterface, i32 %v218, void @empty_12, i32 0, i32 0, void @empty_6, i32 4294967295, i32 0, void @empty_6, void @empty_6, void @empty_6, i32 0, i32 0, i32 0, i32 0, void @empty_6, void @empty_6, i32 4294967295, i32 0"   --->   Operation 38 'specinterface' 'specinterface_ln0' <Predicate = true> <Delay = 0.00>
ST_1 : Operation 39 [1/1] (0.00ns)   --->   "%specinterface_ln0 = specinterface void @_ssdm_op_SpecInterface, i32 %v219, void @empty_12, i32 0, i32 0, void @empty_6, i32 4294967295, i32 0, void @empty_6, void @empty_6, void @empty_6, i32 0, i32 0, i32 0, i32 0, void @empty_6, void @empty_6, i32 4294967295, i32 0"   --->   Operation 39 'specinterface' 'specinterface_ln0' <Predicate = true> <Delay = 0.00>
ST_1 : Operation 40 [1/1] (0.00ns)   --->   "%v147_read = read i32 @_ssdm_op_Read.ap_auto.float, i32 %v147"   --->   Operation 40 'read' 'v147_read' <Predicate = true> <Delay = 0.00>
ST_1 : Operation 41 [1/1] (0.00ns)   --->   "%v142_read = read i32 @_ssdm_op_Read.ap_auto.float, i32 %v142"   --->   Operation 41 'read' 'v142_read' <Predicate = true> <Delay = 0.00>
ST_1 : Operation 42 [1/1] (0.00ns)   --->   "%sub_ln260_read = read i14 @_ssdm_op_Read.ap_auto.i14, i14 %sub_ln260"   --->   Operation 42 'read' 'sub_ln260_read' <Predicate = true> <Delay = 0.00>
ST_1 : Operation 43 [1/1] (1.58ns)   --->   "%store_ln0 = store i10 0, i10 %j13"   --->   Operation 43 'store' 'store_ln0' <Predicate = true> <Delay = 1.58>
ST_1 : Operation 44 [1/1] (0.00ns)   --->   "%br_ln0 = br void %for.inc98"   --->   Operation 44 'br' 'br_ln0' <Predicate = true> <Delay = 0.00>
ST_1 : Operation 45 [1/1] (0.00ns)   --->   "%j13_2 = load i10 %j13" [kernel.cpp:258]   --->   Operation 45 'load' 'j13_2' <Predicate = true> <Delay = 0.00>
ST_1 : Operation 46 [1/1] (0.00ns)   --->   "%specpipeline_ln0 = specpipeline void @_ssdm_op_SpecPipeline, i32 4294967295, i32 0, i32 1, i32 0, void @p_str"   --->   Operation 46 'specpipeline' 'specpipeline_ln0' <Predicate = true> <Delay = 0.00>
ST_1 : Operation 47 [1/1] (1.77ns)   --->   "%icmp_ln258 = icmp_eq  i10 %j13_2, i10 768" [kernel.cpp:258]   --->   Operation 47 'icmp' 'icmp_ln258' <Predicate = true> <Delay = 1.77> <CoreInst = "Cmp">   --->   Core 9 'Cmp' <Latency = 0> <II = 1> <Delay = 1.77> <FuncUnit> <Opcode : 'icmp'> <InPorts = 2> <OutPorts = 1>
ST_1 : Operation 48 [1/1] (0.00ns)   --->   "%empty = speclooptripcount i32 @_ssdm_op_SpecLoopTripCount, i64 768, i64 768, i64 768"   --->   Operation 48 'speclooptripcount' 'empty' <Predicate = true> <Delay = 0.00>
ST_1 : Operation 49 [1/1] (1.73ns)   --->   "%add_ln258 = add i10 %j13_2, i10 1" [kernel.cpp:258]   --->   Operation 49 'add' 'add_ln258' <Predicate = true> <Delay = 1.73> <CoreInst = "Adder">   --->   Core 1 'Adder' <Latency = 0> <II = 1> <Delay = 1.73> <FuncUnit> <Opcode : 'add' 'sub'> <InPorts = 2> <OutPorts = 1>
ST_1 : Operation 50 [1/1] (0.00ns)   --->   "%br_ln258 = br i1 %icmp_ln258, void %for.inc98.split, void %for.inc101.exitStub" [kernel.cpp:258]   --->   Operation 50 'br' 'br_ln258' <Predicate = true> <Delay = 0.00>
ST_1 : Operation 51 [1/1] (0.00ns)   --->   "%zext_ln260 = zext i10 %j13_2" [kernel.cpp:260]   --->   Operation 51 'zext' 'zext_ln260' <Predicate = (!icmp_ln258)> <Delay = 0.00>
ST_1 : Operation 52 [1/1] (1.81ns)   --->   "%add_ln260 = add i14 %sub_ln260_read, i14 %zext_ln260" [kernel.cpp:260]   --->   Operation 52 'add' 'add_ln260' <Predicate = (!icmp_ln258)> <Delay = 1.81> <CoreInst = "Adder">   --->   Core 1 'Adder' <Latency = 0> <II = 1> <Delay = 1.81> <FuncUnit> <Opcode : 'add' 'sub'> <InPorts = 2> <OutPorts = 1>
ST_1 : Operation 53 [1/1] (0.00ns)   --->   "%zext_ln260_2 = zext i14 %add_ln260" [kernel.cpp:260]   --->   Operation 53 'zext' 'zext_ln260_2' <Predicate = (!icmp_ln258)> <Delay = 0.00>
ST_1 : Operation 54 [1/1] (0.00ns)   --->   "%v111_addr = getelementptr i32 %v111, i64 0, i64 %zext_ln260_2" [kernel.cpp:260]   --->   Operation 54 'getelementptr' 'v111_addr' <Predicate = (!icmp_ln258)> <Delay = 0.00>
ST_1 : Operation 55 [2/2] (3.25ns)   --->   "%v141 = load i14 %v111_addr" [kernel.cpp:260]   --->   Operation 55 'load' 'v141' <Predicate = (!icmp_ln258)> <Delay = 3.25> <CoreInst = "RAM">   --->   Core 82 'RAM' <Latency = 1> <II = 1> <Delay = 3.25> <Storage> <Opcode : 'load' 'store'> <Ports = 2> <Width = 32> <Depth = 9216> <RAM>
ST_1 : Operation 56 [1/1] (1.58ns)   --->   "%store_ln258 = store i10 %add_ln258, i10 %j13" [kernel.cpp:258]   --->   Operation 56 'store' 'store_ln258' <Predicate = (!icmp_ln258)> <Delay = 1.58>

State 2 <SV = 1> <Delay = 3.25>
ST_2 : Operation 57 [1/2] (3.25ns)   --->   "%v141 = load i14 %v111_addr" [kernel.cpp:260]   --->   Operation 57 'load' 'v141' <Predicate = true> <Delay = 3.25> <CoreInst = "RAM">   --->   Core 82 'RAM' <Latency = 1> <II = 1> <Delay = 3.25> <Storage> <Opcode : 'load' 'store'> <Ports = 2> <Width = 32> <Depth = 9216> <RAM>

State 3 <SV = 2> <Delay = 7.25>
ST_3 : Operation 58 [5/5] (7.25ns)   --->   "%v143 = fsub i32 %v141, i32 %v142_read" [kernel.cpp:262]   --->   Operation 58 'fsub' 'v143' <Predicate = true> <Delay = 7.25> <CoreInst = "FAddSub_fulldsp">   --->   Core 18 'FAddSub_fulldsp' <Latency = 4> <II = 1> <Delay = 7.25> <FuncUnit> <Opcode : 'fadd' 'fsub'> <InPorts = 2> <OutPorts = 1>

State 4 <SV = 3> <Delay = 7.25>
ST_4 : Operation 59 [4/5] (7.25ns)   --->   "%v143 = fsub i32 %v141, i32 %v142_read" [kernel.cpp:262]   --->   Operation 59 'fsub' 'v143' <Predicate = true> <Delay = 7.25> <CoreInst = "FAddSub_fulldsp">   --->   Core 18 'FAddSub_fulldsp' <Latency = 4> <II = 1> <Delay = 7.25> <FuncUnit> <Opcode : 'fadd' 'fsub'> <InPorts = 2> <OutPorts = 1>

State 5 <SV = 4> <Delay = 7.25>
ST_5 : Operation 60 [3/5] (7.25ns)   --->   "%v143 = fsub i32 %v141, i32 %v142_read" [kernel.cpp:262]   --->   Operation 60 'fsub' 'v143' <Predicate = true> <Delay = 7.25> <CoreInst = "FAddSub_fulldsp">   --->   Core 18 'FAddSub_fulldsp' <Latency = 4> <II = 1> <Delay = 7.25> <FuncUnit> <Opcode : 'fadd' 'fsub'> <InPorts = 2> <OutPorts = 1>

State 6 <SV = 5> <Delay = 7.25>
ST_6 : Operation 61 [1/1] (0.00ns)   --->   "%j13_cast = zext i10 %j13_2" [kernel.cpp:258]   --->   Operation 61 'zext' 'j13_cast' <Predicate = true> <Delay = 0.00>
ST_6 : Operation 62 [1/1] (0.00ns)   --->   "%v217_addr = getelementptr i32 %v217, i64 0, i64 %j13_cast" [kernel.cpp:259]   --->   Operation 62 'getelementptr' 'v217_addr' <Predicate = true> <Delay = 0.00>
ST_6 : Operation 63 [2/2] (3.25ns)   --->   "%v217_load = load i10 %v217_addr" [kernel.cpp:259]   --->   Operation 63 'load' 'v217_load' <Predicate = true> <Delay = 3.25> <CoreInst = "RAM">   --->   Core 82 'RAM' <Latency = 1> <II = 1> <Delay = 3.25> <Storage> <Opcode : 'load' 'store'> <Ports = 2> <Width = 32> <Depth = 768> <RAM>
ST_6 : Operation 64 [2/5] (7.25ns)   --->   "%v143 = fsub i32 %v141, i32 %v142_read" [kernel.cpp:262]   --->   Operation 64 'fsub' 'v143' <Predicate = true> <Delay = 7.25> <CoreInst = "FAddSub_fulldsp">   --->   Core 18 'FAddSub_fulldsp' <Latency = 4> <II = 1> <Delay = 7.25> <FuncUnit> <Opcode : 'fadd' 'fsub'> <InPorts = 2> <OutPorts = 1>

State 7 <SV = 6> <Delay = 7.25>
ST_7 : Operation 65 [1/2] (3.25ns)   --->   "%v217_load = load i10 %v217_addr" [kernel.cpp:259]   --->   Operation 65 'load' 'v217_load' <Predicate = true> <Delay = 3.25> <CoreInst = "RAM">   --->   Core 82 'RAM' <Latency = 1> <II = 1> <Delay = 3.25> <Storage> <Opcode : 'load' 'store'> <Ports = 2> <Width = 32> <Depth = 768> <RAM>
ST_7 : Operation 66 [1/5] (7.25ns)   --->   "%v143 = fsub i32 %v141, i32 %v142_read" [kernel.cpp:262]   --->   Operation 66 'fsub' 'v143' <Predicate = true> <Delay = 7.25> <CoreInst = "FAddSub_fulldsp">   --->   Core 18 'FAddSub_fulldsp' <Latency = 4> <II = 1> <Delay = 7.25> <FuncUnit> <Opcode : 'fadd' 'fsub'> <InPorts = 2> <OutPorts = 1>

State 8 <SV = 7> <Delay = 5.70>
ST_8 : Operation 67 [1/1] (0.00ns)   --->   "%v140 = bitcast i32 %v217_load" [kernel.cpp:259]   --->   Operation 67 'bitcast' 'v140' <Predicate = true> <Delay = 0.00>
ST_8 : Operation 68 [4/4] (5.70ns)   --->   "%v144 = fmul i32 %v140, i32 %v143" [kernel.cpp:263]   --->   Operation 68 'fmul' 'v144' <Predicate = true> <Delay = 5.70> <CoreInst = "FMul_maxdsp">   --->   Core 30 'FMul_maxdsp' <Latency = 3> <II = 1> <Delay = 5.70> <FuncUnit> <Opcode : 'fmul'> <InPorts = 2> <OutPorts = 1>

State 9 <SV = 8> <Delay = 5.70>
ST_9 : Operation 69 [3/4] (5.70ns)   --->   "%v144 = fmul i32 %v140, i32 %v143" [kernel.cpp:263]   --->   Operation 69 'fmul' 'v144' <Predicate = true> <Delay = 5.70> <CoreInst = "FMul_maxdsp">   --->   Core 30 'FMul_maxdsp' <Latency = 3> <II = 1> <Delay = 5.70> <FuncUnit> <Opcode : 'fmul'> <InPorts = 2> <OutPorts = 1>

State 10 <SV = 9> <Delay = 5.70>
ST_10 : Operation 70 [2/4] (5.70ns)   --->   "%v144 = fmul i32 %v140, i32 %v143" [kernel.cpp:263]   --->   Operation 70 'fmul' 'v144' <Predicate = true> <Delay = 5.70> <CoreInst = "FMul_maxdsp">   --->   Core 30 'FMul_maxdsp' <Latency = 3> <II = 1> <Delay = 5.70> <FuncUnit> <Opcode : 'fmul'> <InPorts = 2> <OutPorts = 1>

State 11 <SV = 10> <Delay = 5.70>
ST_11 : Operation 71 [1/4] (5.70ns)   --->   "%v144 = fmul i32 %v140, i32 %v143" [kernel.cpp:263]   --->   Operation 71 'fmul' 'v144' <Predicate = true> <Delay = 5.70> <CoreInst = "FMul_maxdsp">   --->   Core 30 'FMul_maxdsp' <Latency = 3> <II = 1> <Delay = 5.70> <FuncUnit> <Opcode : 'fmul'> <InPorts = 2> <OutPorts = 1>

State 12 <SV = 11> <Delay = 6.07>
ST_12 : Operation 72 [16/16] (6.07ns)   --->   "%v148 = fdiv i32 %v144, i32 %v147_read" [kernel.cpp:267]   --->   Operation 72 'fdiv' 'v148' <Predicate = true> <Delay = 6.07> <CoreInst = "FDiv">   --->   Core 20 'FDiv' <Latency = 15> <II = 1> <Delay = 6.07> <FuncUnit> <Opcode : 'fdiv' 'frem'> <InPorts = 2> <OutPorts = 1>

State 13 <SV = 12> <Delay = 6.07>
ST_13 : Operation 73 [15/16] (6.07ns)   --->   "%v148 = fdiv i32 %v144, i32 %v147_read" [kernel.cpp:267]   --->   Operation 73 'fdiv' 'v148' <Predicate = true> <Delay = 6.07> <CoreInst = "FDiv">   --->   Core 20 'FDiv' <Latency = 15> <II = 1> <Delay = 6.07> <FuncUnit> <Opcode : 'fdiv' 'frem'> <InPorts = 2> <OutPorts = 1>

State 14 <SV = 13> <Delay = 6.07>
ST_14 : Operation 74 [14/16] (6.07ns)   --->   "%v148 = fdiv i32 %v144, i32 %v147_read" [kernel.cpp:267]   --->   Operation 74 'fdiv' 'v148' <Predicate = true> <Delay = 6.07> <CoreInst = "FDiv">   --->   Core 20 'FDiv' <Latency = 15> <II = 1> <Delay = 6.07> <FuncUnit> <Opcode : 'fdiv' 'frem'> <InPorts = 2> <OutPorts = 1>

State 15 <SV = 14> <Delay = 6.07>
ST_15 : Operation 75 [13/16] (6.07ns)   --->   "%v148 = fdiv i32 %v144, i32 %v147_read" [kernel.cpp:267]   --->   Operation 75 'fdiv' 'v148' <Predicate = true> <Delay = 6.07> <CoreInst = "FDiv">   --->   Core 20 'FDiv' <Latency = 15> <II = 1> <Delay = 6.07> <FuncUnit> <Opcode : 'fdiv' 'frem'> <InPorts = 2> <OutPorts = 1>

State 16 <SV = 15> <Delay = 6.07>
ST_16 : Operation 76 [12/16] (6.07ns)   --->   "%v148 = fdiv i32 %v144, i32 %v147_read" [kernel.cpp:267]   --->   Operation 76 'fdiv' 'v148' <Predicate = true> <Delay = 6.07> <CoreInst = "FDiv">   --->   Core 20 'FDiv' <Latency = 15> <II = 1> <Delay = 6.07> <FuncUnit> <Opcode : 'fdiv' 'frem'> <InPorts = 2> <OutPorts = 1>

State 17 <SV = 16> <Delay = 6.07>
ST_17 : Operation 77 [11/16] (6.07ns)   --->   "%v148 = fdiv i32 %v144, i32 %v147_read" [kernel.cpp:267]   --->   Operation 77 'fdiv' 'v148' <Predicate = true> <Delay = 6.07> <CoreInst = "FDiv">   --->   Core 20 'FDiv' <Latency = 15> <II = 1> <Delay = 6.07> <FuncUnit> <Opcode : 'fdiv' 'frem'> <InPorts = 2> <OutPorts = 1>

State 18 <SV = 17> <Delay = 6.07>
ST_18 : Operation 78 [10/16] (6.07ns)   --->   "%v148 = fdiv i32 %v144, i32 %v147_read" [kernel.cpp:267]   --->   Operation 78 'fdiv' 'v148' <Predicate = true> <Delay = 6.07> <CoreInst = "FDiv">   --->   Core 20 'FDiv' <Latency = 15> <II = 1> <Delay = 6.07> <FuncUnit> <Opcode : 'fdiv' 'frem'> <InPorts = 2> <OutPorts = 1>

State 19 <SV = 18> <Delay = 6.07>
ST_19 : Operation 79 [9/16] (6.07ns)   --->   "%v148 = fdiv i32 %v144, i32 %v147_read" [kernel.cpp:267]   --->   Operation 79 'fdiv' 'v148' <Predicate = true> <Delay = 6.07> <CoreInst = "FDiv">   --->   Core 20 'FDiv' <Latency = 15> <II = 1> <Delay = 6.07> <FuncUnit> <Opcode : 'fdiv' 'frem'> <InPorts = 2> <OutPorts = 1>

State 20 <SV = 19> <Delay = 6.07>
ST_20 : Operation 80 [8/16] (6.07ns)   --->   "%v148 = fdiv i32 %v144, i32 %v147_read" [kernel.cpp:267]   --->   Operation 80 'fdiv' 'v148' <Predicate = true> <Delay = 6.07> <CoreInst = "FDiv">   --->   Core 20 'FDiv' <Latency = 15> <II = 1> <Delay = 6.07> <FuncUnit> <Opcode : 'fdiv' 'frem'> <InPorts = 2> <OutPorts = 1>

State 21 <SV = 20> <Delay = 6.07>
ST_21 : Operation 81 [7/16] (6.07ns)   --->   "%v148 = fdiv i32 %v144, i32 %v147_read" [kernel.cpp:267]   --->   Operation 81 'fdiv' 'v148' <Predicate = true> <Delay = 6.07> <CoreInst = "FDiv">   --->   Core 20 'FDiv' <Latency = 15> <II = 1> <Delay = 6.07> <FuncUnit> <Opcode : 'fdiv' 'frem'> <InPorts = 2> <OutPorts = 1>

State 22 <SV = 21> <Delay = 6.07>
ST_22 : Operation 82 [6/16] (6.07ns)   --->   "%v148 = fdiv i32 %v144, i32 %v147_read" [kernel.cpp:267]   --->   Operation 82 'fdiv' 'v148' <Predicate = true> <Delay = 6.07> <CoreInst = "FDiv">   --->   Core 20 'FDiv' <Latency = 15> <II = 1> <Delay = 6.07> <FuncUnit> <Opcode : 'fdiv' 'frem'> <InPorts = 2> <OutPorts = 1>

State 23 <SV = 22> <Delay = 6.07>
ST_23 : Operation 83 [5/16] (6.07ns)   --->   "%v148 = fdiv i32 %v144, i32 %v147_read" [kernel.cpp:267]   --->   Operation 83 'fdiv' 'v148' <Predicate = true> <Delay = 6.07> <CoreInst = "FDiv">   --->   Core 20 'FDiv' <Latency = 15> <II = 1> <Delay = 6.07> <FuncUnit> <Opcode : 'fdiv' 'frem'> <InPorts = 2> <OutPorts = 1>

State 24 <SV = 23> <Delay = 6.07>
ST_24 : Operation 84 [4/16] (6.07ns)   --->   "%v148 = fdiv i32 %v144, i32 %v147_read" [kernel.cpp:267]   --->   Operation 84 'fdiv' 'v148' <Predicate = true> <Delay = 6.07> <CoreInst = "FDiv">   --->   Core 20 'FDiv' <Latency = 15> <II = 1> <Delay = 6.07> <FuncUnit> <Opcode : 'fdiv' 'frem'> <InPorts = 2> <OutPorts = 1>

State 25 <SV = 24> <Delay = 6.07>
ST_25 : Operation 85 [3/16] (6.07ns)   --->   "%v148 = fdiv i32 %v144, i32 %v147_read" [kernel.cpp:267]   --->   Operation 85 'fdiv' 'v148' <Predicate = true> <Delay = 6.07> <CoreInst = "FDiv">   --->   Core 20 'FDiv' <Latency = 15> <II = 1> <Delay = 6.07> <FuncUnit> <Opcode : 'fdiv' 'frem'> <InPorts = 2> <OutPorts = 1>

State 26 <SV = 25> <Delay = 6.07>
ST_26 : Operation 86 [2/16] (6.07ns)   --->   "%v148 = fdiv i32 %v144, i32 %v147_read" [kernel.cpp:267]   --->   Operation 86 'fdiv' 'v148' <Predicate = true> <Delay = 6.07> <CoreInst = "FDiv">   --->   Core 20 'FDiv' <Latency = 15> <II = 1> <Delay = 6.07> <FuncUnit> <Opcode : 'fdiv' 'frem'> <InPorts = 2> <OutPorts = 1>
ST_26 : Operation 87 [1/1] (0.00ns)   --->   "%v218_addr = getelementptr i32 %v218, i64 0, i64 %j13_cast" [kernel.cpp:268]   --->   Operation 87 'getelementptr' 'v218_addr' <Predicate = true> <Delay = 0.00>
ST_26 : Operation 88 [2/2] (3.25ns)   --->   "%v218_load = load i10 %v218_addr" [kernel.cpp:268]   --->   Operation 88 'load' 'v218_load' <Predicate = true> <Delay = 3.25> <CoreInst = "RAM">   --->   Core 82 'RAM' <Latency = 1> <II = 1> <Delay = 3.25> <Storage> <Opcode : 'load' 'store'> <Ports = 2> <Width = 32> <Depth = 768> <RAM>

State 27 <SV = 26> <Delay = 6.07>
ST_27 : Operation 89 [1/16] (6.07ns)   --->   "%v148 = fdiv i32 %v144, i32 %v147_read" [kernel.cpp:267]   --->   Operation 89 'fdiv' 'v148' <Predicate = true> <Delay = 6.07> <CoreInst = "FDiv">   --->   Core 20 'FDiv' <Latency = 15> <II = 1> <Delay = 6.07> <FuncUnit> <Opcode : 'fdiv' 'frem'> <InPorts = 2> <OutPorts = 1>
ST_27 : Operation 90 [1/2] (3.25ns)   --->   "%v218_load = load i10 %v218_addr" [kernel.cpp:268]   --->   Operation 90 'load' 'v218_load' <Predicate = true> <Delay = 3.25> <CoreInst = "RAM">   --->   Core 82 'RAM' <Latency = 1> <II = 1> <Delay = 3.25> <Storage> <Opcode : 'load' 'store'> <Ports = 2> <Width = 32> <Depth = 768> <RAM>

State 28 <SV = 27> <Delay = 7.25>
ST_28 : Operation 91 [1/1] (0.00ns)   --->   "%v149 = bitcast i32 %v218_load" [kernel.cpp:268]   --->   Operation 91 'bitcast' 'v149' <Predicate = true> <Delay = 0.00>
ST_28 : Operation 92 [5/5] (7.25ns)   --->   "%v150 = fadd i32 %v148, i32 %v149" [kernel.cpp:269]   --->   Operation 92 'fadd' 'v150' <Predicate = true> <Delay = 7.25> <CoreInst = "FAddSub_fulldsp">   --->   Core 18 'FAddSub_fulldsp' <Latency = 4> <II = 1> <Delay = 7.25> <FuncUnit> <Opcode : 'fadd' 'fsub'> <InPorts = 2> <OutPorts = 1>

State 29 <SV = 28> <Delay = 7.25>
ST_29 : Operation 93 [4/5] (7.25ns)   --->   "%v150 = fadd i32 %v148, i32 %v149" [kernel.cpp:269]   --->   Operation 93 'fadd' 'v150' <Predicate = true> <Delay = 7.25> <CoreInst = "FAddSub_fulldsp">   --->   Core 18 'FAddSub_fulldsp' <Latency = 4> <II = 1> <Delay = 7.25> <FuncUnit> <Opcode : 'fadd' 'fsub'> <InPorts = 2> <OutPorts = 1>

State 30 <SV = 29> <Delay = 7.25>
ST_30 : Operation 94 [3/5] (7.25ns)   --->   "%v150 = fadd i32 %v148, i32 %v149" [kernel.cpp:269]   --->   Operation 94 'fadd' 'v150' <Predicate = true> <Delay = 7.25> <CoreInst = "FAddSub_fulldsp">   --->   Core 18 'FAddSub_fulldsp' <Latency = 4> <II = 1> <Delay = 7.25> <FuncUnit> <Opcode : 'fadd' 'fsub'> <InPorts = 2> <OutPorts = 1>

State 31 <SV = 30> <Delay = 7.25>
ST_31 : Operation 95 [2/5] (7.25ns)   --->   "%v150 = fadd i32 %v148, i32 %v149" [kernel.cpp:269]   --->   Operation 95 'fadd' 'v150' <Predicate = true> <Delay = 7.25> <CoreInst = "FAddSub_fulldsp">   --->   Core 18 'FAddSub_fulldsp' <Latency = 4> <II = 1> <Delay = 7.25> <FuncUnit> <Opcode : 'fadd' 'fsub'> <InPorts = 2> <OutPorts = 1>

State 32 <SV = 31> <Delay = 7.25>
ST_32 : Operation 96 [1/5] (7.25ns)   --->   "%v150 = fadd i32 %v148, i32 %v149" [kernel.cpp:269]   --->   Operation 96 'fadd' 'v150' <Predicate = true> <Delay = 7.25> <CoreInst = "FAddSub_fulldsp">   --->   Core 18 'FAddSub_fulldsp' <Latency = 4> <II = 1> <Delay = 7.25> <FuncUnit> <Opcode : 'fadd' 'fsub'> <InPorts = 2> <OutPorts = 1>
ST_32 : Operation 102 [1/1] (0.00ns)   --->   "%ret_ln0 = ret"   --->   Operation 102 'ret' 'ret_ln0' <Predicate = (icmp_ln258)> <Delay = 0.00>

State 33 <SV = 32> <Delay = 3.25>
ST_33 : Operation 97 [1/1] (0.00ns)   --->   "%v219_addr = getelementptr i32 %v219, i64 0, i64 %zext_ln260_2" [kernel.cpp:270]   --->   Operation 97 'getelementptr' 'v219_addr' <Predicate = true> <Delay = 0.00>
ST_33 : Operation 98 [1/1] (0.00ns)   --->   "%specloopname_ln258 = specloopname void @_ssdm_op_SpecLoopName, void @empty_34" [kernel.cpp:258]   --->   Operation 98 'specloopname' 'specloopname_ln258' <Predicate = true> <Delay = 0.00>
ST_33 : Operation 99 [1/1] (0.00ns)   --->   "%bitcast_ln270 = bitcast i32 %v150" [kernel.cpp:270]   --->   Operation 99 'bitcast' 'bitcast_ln270' <Predicate = true> <Delay = 0.00>
ST_33 : Operation 100 [1/1] (3.25ns)   --->   "%store_ln270 = store i32 %bitcast_ln270, i14 %v219_addr" [kernel.cpp:270]   --->   Operation 100 'store' 'store_ln270' <Predicate = true> <Delay = 3.25> <CoreInst = "RAM">   --->   Core 82 'RAM' <Latency = 1> <II = 1> <Delay = 3.25> <Storage> <Opcode : 'load' 'store'> <Ports = 2> <Width = 32> <Depth = 9216> <RAM>
ST_33 : Operation 101 [1/1] (0.00ns)   --->   "%br_ln258 = br void %for.inc98" [kernel.cpp:258]   --->   Operation 101 'br' 'br_ln258' <Predicate = true> <Delay = 0.00>


============================================================
+ Verbose Summary: Binding
============================================================
STG Binding: 
---------------- STG Properties BEGIN ----------------
- Is combinational: 0
- Is one-state seq: 0
- Is datapath-only: 0
- Is pipelined: 0
- Is top level: 0
Port [ Return ] is wired: 1; IO mode=ap_ctrl_hs:ce=0
Port [ sub_ln260]:  wired=1; compound=0; hidden=0; nouse=0; global=0; static=0; extern=0; dir=0; type=0; pingpong=0; private_global=0; IO mode=ap_none:ce=0
Port [ v111]:  wired=1; compound=1; hidden=0; nouse=0; global=0; static=0; extern=0; dir=0; type=1; pingpong=0; private_global=0; MemPort=[13]; IO mode=ap_memory:ce=0
Port [ v219]:  wired=1; compound=1; hidden=0; nouse=0; global=0; static=0; extern=0; dir=1; type=1; pingpong=0; private_global=0; MemPort=[03]; IO mode=ap_memory:ce=0
Port [ v217]:  wired=1; compound=1; hidden=0; nouse=0; global=0; static=0; extern=0; dir=0; type=1; pingpong=0; private_global=0; MemPort=[13]; IO mode=ap_memory:ce=0
Port [ v142]:  wired=1; compound=0; hidden=0; nouse=0; global=0; static=0; extern=0; dir=0; type=0; pingpong=0; private_global=0; IO mode=ap_none:ce=0
Port [ v147]:  wired=1; compound=0; hidden=0; nouse=0; global=0; static=0; extern=0; dir=0; type=0; pingpong=0; private_global=0; IO mode=ap_none:ce=0
Port [ v218]:  wired=1; compound=1; hidden=0; nouse=0; global=0; static=0; extern=0; dir=0; type=1; pingpong=0; private_global=0; MemPort=[13]; IO mode=ap_memory:ce=0
---------------- STG Properties END ------------------

---------------- Datapath Model BEGIN ----------------

<LifeTime>
<method=bitvector/>
j13                (alloca           ) [ 0100000000000000000000000000000000]
specinterface_ln0  (specinterface    ) [ 0000000000000000000000000000000000]
specinterface_ln0  (specinterface    ) [ 0000000000000000000000000000000000]
specinterface_ln0  (specinterface    ) [ 0000000000000000000000000000000000]
v147_read          (read             ) [ 0111111111111111111111111111000000]
v142_read          (read             ) [ 0111111100000000000000000000000000]
sub_ln260_read     (read             ) [ 0000000000000000000000000000000000]
store_ln0          (store            ) [ 0000000000000000000000000000000000]
br_ln0             (br               ) [ 0000000000000000000000000000000000]
j13_2              (load             ) [ 0111111000000000000000000000000000]
specpipeline_ln0   (specpipeline     ) [ 0000000000000000000000000000000000]
icmp_ln258         (icmp             ) [ 0111111111111111111111111111111110]
empty              (speclooptripcount) [ 0000000000000000000000000000000000]
add_ln258          (add              ) [ 0000000000000000000000000000000000]
br_ln258           (br               ) [ 0000000000000000000000000000000000]
zext_ln260         (zext             ) [ 0000000000000000000000000000000000]
add_ln260          (add              ) [ 0000000000000000000000000000000000]
zext_ln260_2       (zext             ) [ 0111111111111111111111111111111111]
v111_addr          (getelementptr    ) [ 0110000000000000000000000000000000]
store_ln258        (store            ) [ 0000000000000000000000000000000000]
v141               (load             ) [ 0101111100000000000000000000000000]
j13_cast           (zext             ) [ 0100000111111111111111111110000000]
v217_addr          (getelementptr    ) [ 0100000100000000000000000000000000]
v217_load          (load             ) [ 0100000010000000000000000000000000]
v143               (fsub             ) [ 0100000011110000000000000000000000]
v140               (bitcast          ) [ 0100000001110000000000000000000000]
v144               (fmul             ) [ 0100000000001111111111111111000000]
v218_addr          (getelementptr    ) [ 0100000000000000000000000001000000]
v148               (fdiv             ) [ 0100000000000000000000000000111110]
v218_load          (load             ) [ 0100000000000000000000000000100000]
v149               (bitcast          ) [ 0100000000000000000000000000011110]
v150               (fadd             ) [ 0100000000000000000000000000000001]
v219_addr          (getelementptr    ) [ 0000000000000000000000000000000000]
specloopname_ln258 (specloopname     ) [ 0000000000000000000000000000000000]
bitcast_ln270      (bitcast          ) [ 0000000000000000000000000000000000]
store_ln270        (store            ) [ 0000000000000000000000000000000000]
br_ln258           (br               ) [ 0000000000000000000000000000000000]
ret_ln0            (ret              ) [ 0000000000000000000000000000000000]
</LifeTime>

<model>

<comp_list>
<comp id="0" class="1000" name="sub_ln260">
<pin_list>
<pin id="1" dir="1" index="0" bw="1" slack="0"/>
</pin_list>
<bind>
<StgValue><ssdm name="sub_ln260"/></StgValue>
</bind>
</comp>

<comp id="2" class="1000" name="v111">
<pin_list>
<pin id="3" dir="1" index="0" bw="1" slack="0"/>
</pin_list>
<bind>
<StgValue><ssdm name="v111"/><MemPortTyVec>1 3 </MemPortTyVec>
</StgValue>
</bind>
</comp>

<comp id="4" class="1000" name="v219">
<pin_list>
<pin id="5" dir="1" index="0" bw="1" slack="0"/>
</pin_list>
<bind>
<StgValue><ssdm name="v219"/><MemPortTyVec>0 3 </MemPortTyVec>
</StgValue>
</bind>
</comp>

<comp id="6" class="1000" name="v217">
<pin_list>
<pin id="7" dir="1" index="0" bw="1" slack="0"/>
</pin_list>
<bind>
<StgValue><ssdm name="v217"/><MemPortTyVec>1 3 </MemPortTyVec>
</StgValue>
</bind>
</comp>

<comp id="8" class="1000" name="v142">
<pin_list>
<pin id="9" dir="1" index="0" bw="1" slack="0"/>
</pin_list>
<bind>
<StgValue><ssdm name="v142"/></StgValue>
</bind>
</comp>

<comp id="10" class="1000" name="v147">
<pin_list>
<pin id="11" dir="1" index="0" bw="1" slack="0"/>
</pin_list>
<bind>
<StgValue><ssdm name="v147"/></StgValue>
</bind>
</comp>

<comp id="12" class="1000" name="v218">
<pin_list>
<pin id="13" dir="1" index="0" bw="1" slack="0"/>
</pin_list>
<bind>
<StgValue><ssdm name="v218"/><MemPortTyVec>1 3 </MemPortTyVec>
</StgValue>
</bind>
</comp>

<comp id="14" class="1001" name="const_14">
<pin_list>
<pin id="15" dir="1" index="0" bw="1" slack="0"/>
</pin_list>
<bind>
<StgValue><ssdm name=""/></StgValue>
</bind>
</comp>

<comp id="16" class="1001" name="const_16">
<pin_list>
<pin id="17" dir="1" index="0" bw="1" slack="2147483647"/>
</pin_list>
<bind>
<StgValue><ssdm name="_ssdm_op_SpecInterface"/></StgValue>
</bind>
</comp>

<comp id="18" class="1001" name="const_18">
<pin_list>
<pin id="19" dir="1" index="0" bw="1" slack="2147483647"/>
</pin_list>
<bind>
<StgValue><ssdm name="empty_12"/></StgValue>
</bind>
</comp>

<comp id="20" class="1001" name="const_20">
<pin_list>
<pin id="21" dir="1" index="0" bw="1" slack="2147483647"/>
</pin_list>
<bind>
<StgValue><ssdm name=""/></StgValue>
</bind>
</comp>

<comp id="22" class="1001" name="const_22">
<pin_list>
<pin id="23" dir="1" index="0" bw="1" slack="2147483647"/>
</pin_list>
<bind>
<StgValue><ssdm name="empty_6"/></StgValue>
</bind>
</comp>

<comp id="24" class="1001" name="const_24">
<pin_list>
<pin id="25" dir="1" index="0" bw="1" slack="2147483647"/>
</pin_list>
<bind>
<StgValue><ssdm name=""/></StgValue>
</bind>
</comp>

<comp id="26" class="1001" name="const_26">
<pin_list>
<pin id="27" dir="1" index="0" bw="1" slack="0"/>
</pin_list>
<bind>
<StgValue><ssdm name="_ssdm_op_Read.ap_auto.float"/></StgValue>
</bind>
</comp>

<comp id="28" class="1001" name="const_28">
<pin_list>
<pin id="29" dir="1" index="0" bw="1" slack="0"/>
</pin_list>
<bind>
<StgValue><ssdm name="_ssdm_op_Read.ap_auto.i14"/></StgValue>
</bind>
</comp>

<comp id="30" class="1001" name="const_30">
<pin_list>
<pin id="31" dir="1" index="0" bw="1" slack="0"/>
</pin_list>
<bind>
<StgValue><ssdm name=""/></StgValue>
</bind>
</comp>

<comp id="32" class="1001" name="const_32">
<pin_list>
<pin id="33" dir="1" index="0" bw="1" slack="2147483647"/>
</pin_list>
<bind>
<StgValue><ssdm name="_ssdm_op_SpecPipeline"/></StgValue>
</bind>
</comp>

<comp id="34" class="1001" name="const_34">
<pin_list>
<pin id="35" dir="1" index="0" bw="1" slack="2147483647"/>
</pin_list>
<bind>
<StgValue><ssdm name="p_str"/></StgValue>
</bind>
</comp>

<comp id="36" class="1001" name="const_36">
<pin_list>
<pin id="37" dir="1" index="0" bw="1" slack="0"/>
</pin_list>
<bind>
<StgValue><ssdm name=""/></StgValue>
</bind>
</comp>

<comp id="38" class="1001" name="const_38">
<pin_list>
<pin id="39" dir="1" index="0" bw="1" slack="2147483647"/>
</pin_list>
<bind>
<StgValue><ssdm name="_ssdm_op_SpecLoopTripCount"/></StgValue>
</bind>
</comp>

<comp id="40" class="1001" name="const_40">
<pin_list>
<pin id="41" dir="1" index="0" bw="1" slack="2147483647"/>
</pin_list>
<bind>
<StgValue><ssdm name=""/></StgValue>
</bind>
</comp>

<comp id="42" class="1001" name="const_42">
<pin_list>
<pin id="43" dir="1" index="0" bw="1" slack="0"/>
</pin_list>
<bind>
<StgValue><ssdm name=""/></StgValue>
</bind>
</comp>

<comp id="44" class="1001" name="const_44">
<pin_list>
<pin id="45" dir="1" index="0" bw="1" slack="0"/>
</pin_list>
<bind>
<StgValue><ssdm name=""/></StgValue>
</bind>
</comp>

<comp id="46" class="1001" name="const_46">
<pin_list>
<pin id="47" dir="1" index="0" bw="1" slack="2147483647"/>
</pin_list>
<bind>
<StgValue><ssdm name="_ssdm_op_SpecLoopName"/></StgValue>
</bind>
</comp>

<comp id="48" class="1001" name="const_48">
<pin_list>
<pin id="49" dir="1" index="0" bw="1" slack="2147483647"/>
</pin_list>
<bind>
<StgValue><ssdm name="empty_34"/></StgValue>
</bind>
</comp>

<comp id="50" class="1004" name="j13_fu_50">
<pin_list>
<pin id="51" dir="0" index="0" bw="1" slack="0"/>
<pin id="52" dir="1" index="1" bw="10" slack="0"/>
</pin_list>
<bind>
<opcode="alloca(26) " fcode="alloca"/>
<opset="j13/1 "/>
</bind>
</comp>

<comp id="54" class="1004" name="v147_read_read_fu_54">
<pin_list>
<pin id="55" dir="0" index="0" bw="32" slack="0"/>
<pin id="56" dir="0" index="1" bw="32" slack="0"/>
<pin id="57" dir="1" index="2" bw="32" slack="11"/>
</pin_list>
<bind>
<opcode="read(1150) " fcode="read"/>
<opset="v147_read/1 "/>
</bind>
</comp>

<comp id="60" class="1004" name="v142_read_read_fu_60">
<pin_list>
<pin id="61" dir="0" index="0" bw="32" slack="0"/>
<pin id="62" dir="0" index="1" bw="32" slack="0"/>
<pin id="63" dir="1" index="2" bw="32" slack="2"/>
</pin_list>
<bind>
<opcode="read(1150) " fcode="read"/>
<opset="v142_read/1 "/>
</bind>
</comp>

<comp id="66" class="1004" name="sub_ln260_read_read_fu_66">
<pin_list>
<pin id="67" dir="0" index="0" bw="14" slack="0"/>
<pin id="68" dir="0" index="1" bw="14" slack="0"/>
<pin id="69" dir="1" index="2" bw="14" slack="0"/>
</pin_list>
<bind>
<opcode="read(1150) " fcode="read"/>
<opset="sub_ln260_read/1 "/>
</bind>
</comp>

<comp id="72" class="1004" name="v111_addr_gep_fu_72">
<pin_list>
<pin id="73" dir="0" index="0" bw="32" slack="0"/>
<pin id="74" dir="0" index="1" bw="1" slack="0"/>
<pin id="75" dir="0" index="2" bw="14" slack="0"/>
<pin id="76" dir="1" index="3" bw="14" slack="0"/>
</pin_list>
<bind>
<opcode="getelementptr(29) " fcode="getelementptr"/>
<opset="v111_addr/1 "/>
</bind>
</comp>

<comp id="79" class="1004" name="grp_access_fu_79">
<pin_list>
<pin id="80" dir="0" index="0" bw="14" slack="0"/>
<pin id="81" dir="0" index="1" bw="32" slack="2147483647"/>
<pin id="82" dir="0" index="2" bw="0" slack="2147483647"/>
<pin id="83" dir="1" index="3" bw="32" slack="1"/>
</pin_list>
<bind>
<opcode="load(27) " fcode="load"/>
<opset="v141/1 "/>
</bind>
</comp>

<comp id="85" class="1004" name="v217_addr_gep_fu_85">
<pin_list>
<pin id="86" dir="0" index="0" bw="32" slack="0"/>
<pin id="87" dir="0" index="1" bw="1" slack="0"/>
<pin id="88" dir="0" index="2" bw="10" slack="0"/>
<pin id="89" dir="1" index="3" bw="10" slack="0"/>
</pin_list>
<bind>
<opcode="getelementptr(29) " fcode="getelementptr"/>
<opset="v217_addr/6 "/>
</bind>
</comp>

<comp id="92" class="1004" name="grp_access_fu_92">
<pin_list>
<pin id="93" dir="0" index="0" bw="10" slack="0"/>
<pin id="94" dir="0" index="1" bw="32" slack="2147483647"/>
<pin id="95" dir="0" index="2" bw="0" slack="2147483647"/>
<pin id="96" dir="1" index="3" bw="32" slack="1"/>
</pin_list>
<bind>
<opcode="load(27) " fcode="load"/>
<opset="v217_load/6 "/>
</bind>
</comp>

<comp id="98" class="1004" name="v218_addr_gep_fu_98">
<pin_list>
<pin id="99" dir="0" index="0" bw="32" slack="0"/>
<pin id="100" dir="0" index="1" bw="1" slack="0"/>
<pin id="101" dir="0" index="2" bw="10" slack="20"/>
<pin id="102" dir="1" index="3" bw="10" slack="0"/>
</pin_list>
<bind>
<opcode="getelementptr(29) " fcode="getelementptr"/>
<opset="v218_addr/26 "/>
</bind>
</comp>

<comp id="105" class="1004" name="grp_access_fu_105">
<pin_list>
<pin id="106" dir="0" index="0" bw="10" slack="0"/>
<pin id="107" dir="0" index="1" bw="32" slack="2147483647"/>
<pin id="108" dir="0" index="2" bw="0" slack="2147483647"/>
<pin id="109" dir="1" index="3" bw="32" slack="1"/>
</pin_list>
<bind>
<opcode="load(27) " fcode="load"/>
<opset="v218_load/26 "/>
</bind>
</comp>

<comp id="111" class="1004" name="v219_addr_gep_fu_111">
<pin_list>
<pin id="112" dir="0" index="0" bw="32" slack="0"/>
<pin id="113" dir="0" index="1" bw="1" slack="0"/>
<pin id="114" dir="0" index="2" bw="14" slack="32"/>
<pin id="115" dir="1" index="3" bw="14" slack="0"/>
</pin_list>
<bind>
<opcode="getelementptr(29) " fcode="getelementptr"/>
<opset="v219_addr/33 "/>
</bind>
</comp>

<comp id="118" class="1004" name="store_ln270_access_fu_118">
<pin_list>
<pin id="119" dir="0" index="0" bw="14" slack="0"/>
<pin id="120" dir="0" index="1" bw="32" slack="0"/>
<pin id="121" dir="0" index="2" bw="0" slack="2147483647"/>
<pin id="122" dir="1" index="3" bw="32" slack="2147483647"/>
</pin_list>
<bind>
<opcode="store(28) " fcode="store"/>
<opset="store_ln270/33 "/>
</bind>
</comp>

<comp id="124" class="1004" name="grp_fu_124">
<pin_list>
<pin id="125" dir="0" index="0" bw="32" slack="1"/>
<pin id="126" dir="0" index="1" bw="32" slack="2"/>
<pin id="127" dir="1" index="2" bw="32" slack="1"/>
</pin_list>
<bind>
<opcode="fsub(11) " fcode="fadd"/>
<opset="v143/3 "/>
</bind>
</comp>

<comp id="128" class="1004" name="grp_fu_128">
<pin_list>
<pin id="129" dir="0" index="0" bw="32" slack="1"/>
<pin id="130" dir="0" index="1" bw="32" slack="0"/>
<pin id="131" dir="1" index="2" bw="32" slack="1"/>
</pin_list>
<bind>
<opcode="fadd(9) " fcode="fadd"/>
<opset="v150/28 "/>
</bind>
</comp>

<comp id="132" class="1004" name="grp_fu_132">
<pin_list>
<pin id="133" dir="0" index="0" bw="32" slack="0"/>
<pin id="134" dir="0" index="1" bw="32" slack="1"/>
<pin id="135" dir="1" index="2" bw="32" slack="1"/>
</pin_list>
<bind>
<opcode="fmul(13) " fcode="fmul"/>
<opset="v144/8 "/>
</bind>
</comp>

<comp id="136" class="1004" name="grp_fu_136">
<pin_list>
<pin id="137" dir="0" index="0" bw="32" slack="1"/>
<pin id="138" dir="0" index="1" bw="32" slack="11"/>
<pin id="139" dir="1" index="2" bw="32" slack="1"/>
</pin_list>
<bind>
<opcode="fdiv(16) " fcode="fdiv"/>
<opset="v148/12 "/>
</bind>
</comp>

<comp id="140" class="1004" name="store_ln0_store_fu_140">
<pin_list>
<pin id="141" dir="0" index="0" bw="1" slack="0"/>
<pin id="142" dir="0" index="1" bw="10" slack="0"/>
<pin id="143" dir="1" index="2" bw="0" slack="2147483647"/>
</pin_list>
<bind>
<opcode="store(28) " fcode="store"/>
<opset="store_ln0/1 "/>
</bind>
</comp>

<comp id="145" class="1004" name="j13_2_load_fu_145">
<pin_list>
<pin id="146" dir="0" index="0" bw="10" slack="0"/>
<pin id="147" dir="1" index="1" bw="10" slack="0"/>
</pin_list>
<bind>
<opcode="load(27) " fcode="load"/>
<opset="j13_2/1 "/>
</bind>
</comp>

<comp id="148" class="1004" name="icmp_ln258_fu_148">
<pin_list>
<pin id="149" dir="0" index="0" bw="10" slack="0"/>
<pin id="150" dir="0" index="1" bw="10" slack="0"/>
<pin id="151" dir="1" index="2" bw="1" slack="31"/>
</pin_list>
<bind>
<opcode="icmp(45) " fcode="icmp"/>
<opset="icmp_ln258/1 "/>
</bind>
</comp>

<comp id="154" class="1004" name="add_ln258_fu_154">
<pin_list>
<pin id="155" dir="0" index="0" bw="10" slack="0"/>
<pin id="156" dir="0" index="1" bw="1" slack="0"/>
<pin id="157" dir="1" index="2" bw="10" slack="0"/>
</pin_list>
<bind>
<opcode="add(8) " fcode="add"/>
<opset="add_ln258/1 "/>
</bind>
</comp>

<comp id="160" class="1004" name="zext_ln260_fu_160">
<pin_list>
<pin id="161" dir="0" index="0" bw="10" slack="0"/>
<pin id="162" dir="1" index="1" bw="14" slack="0"/>
</pin_list>
<bind>
<opcode="zext(34) " fcode="zext"/>
<opset="zext_ln260/1 "/>
</bind>
</comp>

<comp id="164" class="1004" name="add_ln260_fu_164">
<pin_list>
<pin id="165" dir="0" index="0" bw="14" slack="0"/>
<pin id="166" dir="0" index="1" bw="10" slack="0"/>
<pin id="167" dir="1" index="2" bw="14" slack="0"/>
</pin_list>
<bind>
<opcode="add(8) " fcode="add"/>
<opset="add_ln260/1 "/>
</bind>
</comp>

<comp id="170" class="1004" name="zext_ln260_2_fu_170">
<pin_list>
<pin id="171" dir="0" index="0" bw="14" slack="0"/>
<pin id="172" dir="1" index="1" bw="64" slack="0"/>
</pin_list>
<bind>
<opcode="zext(34) " fcode="zext"/>
<opset="zext_ln260_2/1 "/>
</bind>
</comp>

<comp id="175" class="1004" name="store_ln258_store_fu_175">
<pin_list>
<pin id="176" dir="0" index="0" bw="10" slack="0"/>
<pin id="177" dir="0" index="1" bw="10" slack="0"/>
<pin id="178" dir="1" index="2" bw="0" slack="2147483647"/>
</pin_list>
<bind>
<opcode="store(28) " fcode="store"/>
<opset="store_ln258/1 "/>
</bind>
</comp>

<comp id="180" class="1004" name="j13_cast_fu_180">
<pin_list>
<pin id="181" dir="0" index="0" bw="10" slack="5"/>
<pin id="182" dir="1" index="1" bw="64" slack="0"/>
</pin_list>
<bind>
<opcode="zext(34) " fcode="zext"/>
<opset="j13_cast/6 "/>
</bind>
</comp>

<comp id="184" class="1004" name="v140_fu_184">
<pin_list>
<pin id="185" dir="0" index="0" bw="32" slack="1"/>
<pin id="186" dir="1" index="1" bw="32" slack="0"/>
</pin_list>
<bind>
<opcode="bitcast(44) " fcode="bitcast"/>
<opset="v140/8 "/>
</bind>
</comp>

<comp id="188" class="1004" name="v149_fu_188">
<pin_list>
<pin id="189" dir="0" index="0" bw="32" slack="1"/>
<pin id="190" dir="1" index="1" bw="32" slack="0"/>
</pin_list>
<bind>
<opcode="bitcast(44) " fcode="bitcast"/>
<opset="v149/28 "/>
</bind>
</comp>

<comp id="192" class="1004" name="bitcast_ln270_fu_192">
<pin_list>
<pin id="193" dir="0" index="0" bw="32" slack="1"/>
<pin id="194" dir="1" index="1" bw="32" slack="0"/>
</pin_list>
<bind>
<opcode="bitcast(44) " fcode="bitcast"/>
<opset="bitcast_ln270/33 "/>
</bind>
</comp>

<comp id="196" class="1005" name="j13_reg_196">
<pin_list>
<pin id="197" dir="0" index="0" bw="10" slack="0"/>
<pin id="198" dir="1" index="1" bw="10" slack="0"/>
</pin_list>
<bind>
<opset="j13 "/>
</bind>
</comp>

<comp id="203" class="1005" name="v147_read_reg_203">
<pin_list>
<pin id="204" dir="0" index="0" bw="32" slack="11"/>
<pin id="205" dir="1" index="1" bw="32" slack="11"/>
</pin_list>
<bind>
<opset="v147_read "/>
</bind>
</comp>

<comp id="208" class="1005" name="v142_read_reg_208">
<pin_list>
<pin id="209" dir="0" index="0" bw="32" slack="2"/>
<pin id="210" dir="1" index="1" bw="32" slack="2"/>
</pin_list>
<bind>
<opset="v142_read "/>
</bind>
</comp>

<comp id="213" class="1005" name="j13_2_reg_213">
<pin_list>
<pin id="214" dir="0" index="0" bw="10" slack="5"/>
<pin id="215" dir="1" index="1" bw="10" slack="5"/>
</pin_list>
<bind>
<opset="j13_2 "/>
</bind>
</comp>

<comp id="218" class="1005" name="icmp_ln258_reg_218">
<pin_list>
<pin id="219" dir="0" index="0" bw="1" slack="31"/>
<pin id="220" dir="1" index="1" bw="1" slack="2147483647"/>
</pin_list>
<bind>
<opset="icmp_ln258 "/>
</bind>
</comp>

<comp id="222" class="1005" name="zext_ln260_2_reg_222">
<pin_list>
<pin id="223" dir="0" index="0" bw="64" slack="32"/>
<pin id="224" dir="1" index="1" bw="64" slack="32"/>
</pin_list>
<bind>
<opset="zext_ln260_2 "/>
</bind>
</comp>

<comp id="227" class="1005" name="v111_addr_reg_227">
<pin_list>
<pin id="228" dir="0" index="0" bw="14" slack="1"/>
<pin id="229" dir="1" index="1" bw="14" slack="1"/>
</pin_list>
<bind>
<opset="v111_addr "/>
</bind>
</comp>

<comp id="232" class="1005" name="v141_reg_232">
<pin_list>
<pin id="233" dir="0" index="0" bw="32" slack="1"/>
<pin id="234" dir="1" index="1" bw="32" slack="1"/>
</pin_list>
<bind>
<opset="v141 "/>
</bind>
</comp>

<comp id="237" class="1005" name="j13_cast_reg_237">
<pin_list>
<pin id="238" dir="0" index="0" bw="64" slack="20"/>
<pin id="239" dir="1" index="1" bw="64" slack="20"/>
</pin_list>
<bind>
<opset="j13_cast "/>
</bind>
</comp>

<comp id="242" class="1005" name="v217_addr_reg_242">
<pin_list>
<pin id="243" dir="0" index="0" bw="10" slack="1"/>
<pin id="244" dir="1" index="1" bw="10" slack="1"/>
</pin_list>
<bind>
<opset="v217_addr "/>
</bind>
</comp>

<comp id="247" class="1005" name="v217_load_reg_247">
<pin_list>
<pin id="248" dir="0" index="0" bw="32" slack="1"/>
<pin id="249" dir="1" index="1" bw="32" slack="1"/>
</pin_list>
<bind>
<opset="v217_load "/>
</bind>
</comp>

<comp id="252" class="1005" name="v143_reg_252">
<pin_list>
<pin id="253" dir="0" index="0" bw="32" slack="1"/>
<pin id="254" dir="1" index="1" bw="32" slack="1"/>
</pin_list>
<bind>
<opset="v143 "/>
</bind>
</comp>

<comp id="257" class="1005" name="v140_reg_257">
<pin_list>
<pin id="258" dir="0" index="0" bw="32" slack="1"/>
<pin id="259" dir="1" index="1" bw="32" slack="1"/>
</pin_list>
<bind>
<opset="v140 "/>
</bind>
</comp>

<comp id="262" class="1005" name="v144_reg_262">
<pin_list>
<pin id="263" dir="0" index="0" bw="32" slack="1"/>
<pin id="264" dir="1" index="1" bw="32" slack="1"/>
</pin_list>
<bind>
<opset="v144 "/>
</bind>
</comp>

<comp id="267" class="1005" name="v218_addr_reg_267">
<pin_list>
<pin id="268" dir="0" index="0" bw="10" slack="1"/>
<pin id="269" dir="1" index="1" bw="10" slack="1"/>
</pin_list>
<bind>
<opset="v218_addr "/>
</bind>
</comp>

<comp id="272" class="1005" name="v148_reg_272">
<pin_list>
<pin id="273" dir="0" index="0" bw="32" slack="1"/>
<pin id="274" dir="1" index="1" bw="32" slack="1"/>
</pin_list>
<bind>
<opset="v148 "/>
</bind>
</comp>

<comp id="277" class="1005" name="v218_load_reg_277">
<pin_list>
<pin id="278" dir="0" index="0" bw="32" slack="1"/>
<pin id="279" dir="1" index="1" bw="32" slack="1"/>
</pin_list>
<bind>
<opset="v218_load "/>
</bind>
</comp>

<comp id="282" class="1005" name="v149_reg_282">
<pin_list>
<pin id="283" dir="0" index="0" bw="32" slack="1"/>
<pin id="284" dir="1" index="1" bw="32" slack="1"/>
</pin_list>
<bind>
<opset="v149 "/>
</bind>
</comp>

<comp id="287" class="1005" name="v150_reg_287">
<pin_list>
<pin id="288" dir="0" index="0" bw="32" slack="1"/>
<pin id="289" dir="1" index="1" bw="32" slack="1"/>
</pin_list>
<bind>
<opset="v150 "/>
</bind>
</comp>

</comp_list>

<net_list>
<net id="53"><net_src comp="14" pin="0"/><net_sink comp="50" pin=0"/></net>

<net id="58"><net_src comp="26" pin="0"/><net_sink comp="54" pin=0"/></net>

<net id="59"><net_src comp="10" pin="0"/><net_sink comp="54" pin=1"/></net>

<net id="64"><net_src comp="26" pin="0"/><net_sink comp="60" pin=0"/></net>

<net id="65"><net_src comp="8" pin="0"/><net_sink comp="60" pin=1"/></net>

<net id="70"><net_src comp="28" pin="0"/><net_sink comp="66" pin=0"/></net>

<net id="71"><net_src comp="0" pin="0"/><net_sink comp="66" pin=1"/></net>

<net id="77"><net_src comp="2" pin="0"/><net_sink comp="72" pin=0"/></net>

<net id="78"><net_src comp="44" pin="0"/><net_sink comp="72" pin=1"/></net>

<net id="84"><net_src comp="72" pin="3"/><net_sink comp="79" pin=0"/></net>

<net id="90"><net_src comp="6" pin="0"/><net_sink comp="85" pin=0"/></net>

<net id="91"><net_src comp="44" pin="0"/><net_sink comp="85" pin=1"/></net>

<net id="97"><net_src comp="85" pin="3"/><net_sink comp="92" pin=0"/></net>

<net id="103"><net_src comp="12" pin="0"/><net_sink comp="98" pin=0"/></net>

<net id="104"><net_src comp="44" pin="0"/><net_sink comp="98" pin=1"/></net>

<net id="110"><net_src comp="98" pin="3"/><net_sink comp="105" pin=0"/></net>

<net id="116"><net_src comp="4" pin="0"/><net_sink comp="111" pin=0"/></net>

<net id="117"><net_src comp="44" pin="0"/><net_sink comp="111" pin=1"/></net>

<net id="123"><net_src comp="111" pin="3"/><net_sink comp="118" pin=0"/></net>

<net id="144"><net_src comp="30" pin="0"/><net_sink comp="140" pin=0"/></net>

<net id="152"><net_src comp="145" pin="1"/><net_sink comp="148" pin=0"/></net>

<net id="153"><net_src comp="36" pin="0"/><net_sink comp="148" pin=1"/></net>

<net id="158"><net_src comp="145" pin="1"/><net_sink comp="154" pin=0"/></net>

<net id="159"><net_src comp="42" pin="0"/><net_sink comp="154" pin=1"/></net>

<net id="163"><net_src comp="145" pin="1"/><net_sink comp="160" pin=0"/></net>

<net id="168"><net_src comp="66" pin="2"/><net_sink comp="164" pin=0"/></net>

<net id="169"><net_src comp="160" pin="1"/><net_sink comp="164" pin=1"/></net>

<net id="173"><net_src comp="164" pin="2"/><net_sink comp="170" pin=0"/></net>

<net id="174"><net_src comp="170" pin="1"/><net_sink comp="72" pin=2"/></net>

<net id="179"><net_src comp="154" pin="2"/><net_sink comp="175" pin=0"/></net>

<net id="183"><net_src comp="180" pin="1"/><net_sink comp="85" pin=2"/></net>

<net id="187"><net_src comp="184" pin="1"/><net_sink comp="132" pin=0"/></net>

<net id="191"><net_src comp="188" pin="1"/><net_sink comp="128" pin=1"/></net>

<net id="195"><net_src comp="192" pin="1"/><net_sink comp="118" pin=1"/></net>

<net id="199"><net_src comp="50" pin="1"/><net_sink comp="196" pin=0"/></net>

<net id="200"><net_src comp="196" pin="1"/><net_sink comp="140" pin=1"/></net>

<net id="201"><net_src comp="196" pin="1"/><net_sink comp="145" pin=0"/></net>

<net id="202"><net_src comp="196" pin="1"/><net_sink comp="175" pin=1"/></net>

<net id="206"><net_src comp="54" pin="2"/><net_sink comp="203" pin=0"/></net>

<net id="207"><net_src comp="203" pin="1"/><net_sink comp="136" pin=1"/></net>

<net id="211"><net_src comp="60" pin="2"/><net_sink comp="208" pin=0"/></net>

<net id="212"><net_src comp="208" pin="1"/><net_sink comp="124" pin=1"/></net>

<net id="216"><net_src comp="145" pin="1"/><net_sink comp="213" pin=0"/></net>

<net id="217"><net_src comp="213" pin="1"/><net_sink comp="180" pin=0"/></net>

<net id="221"><net_src comp="148" pin="2"/><net_sink comp="218" pin=0"/></net>

<net id="225"><net_src comp="170" pin="1"/><net_sink comp="222" pin=0"/></net>

<net id="226"><net_src comp="222" pin="1"/><net_sink comp="111" pin=2"/></net>

<net id="230"><net_src comp="72" pin="3"/><net_sink comp="227" pin=0"/></net>

<net id="231"><net_src comp="227" pin="1"/><net_sink comp="79" pin=0"/></net>

<net id="235"><net_src comp="79" pin="3"/><net_sink comp="232" pin=0"/></net>

<net id="236"><net_src comp="232" pin="1"/><net_sink comp="124" pin=0"/></net>

<net id="240"><net_src comp="180" pin="1"/><net_sink comp="237" pin=0"/></net>

<net id="241"><net_src comp="237" pin="1"/><net_sink comp="98" pin=2"/></net>

<net id="245"><net_src comp="85" pin="3"/><net_sink comp="242" pin=0"/></net>

<net id="246"><net_src comp="242" pin="1"/><net_sink comp="92" pin=0"/></net>

<net id="250"><net_src comp="92" pin="3"/><net_sink comp="247" pin=0"/></net>

<net id="251"><net_src comp="247" pin="1"/><net_sink comp="184" pin=0"/></net>

<net id="255"><net_src comp="124" pin="2"/><net_sink comp="252" pin=0"/></net>

<net id="256"><net_src comp="252" pin="1"/><net_sink comp="132" pin=1"/></net>

<net id="260"><net_src comp="184" pin="1"/><net_sink comp="257" pin=0"/></net>

<net id="261"><net_src comp="257" pin="1"/><net_sink comp="132" pin=0"/></net>

<net id="265"><net_src comp="132" pin="2"/><net_sink comp="262" pin=0"/></net>

<net id="266"><net_src comp="262" pin="1"/><net_sink comp="136" pin=0"/></net>

<net id="270"><net_src comp="98" pin="3"/><net_sink comp="267" pin=0"/></net>

<net id="271"><net_src comp="267" pin="1"/><net_sink comp="105" pin=0"/></net>

<net id="275"><net_src comp="136" pin="2"/><net_sink comp="272" pin=0"/></net>

<net id="276"><net_src comp="272" pin="1"/><net_sink comp="128" pin=0"/></net>

<net id="280"><net_src comp="105" pin="3"/><net_sink comp="277" pin=0"/></net>

<net id="281"><net_src comp="277" pin="1"/><net_sink comp="188" pin=0"/></net>

<net id="285"><net_src comp="188" pin="1"/><net_sink comp="282" pin=0"/></net>

<net id="286"><net_src comp="282" pin="1"/><net_sink comp="128" pin=1"/></net>

<net id="290"><net_src comp="128" pin="2"/><net_sink comp="287" pin=0"/></net>

<net id="291"><net_src comp="287" pin="1"/><net_sink comp="192" pin=0"/></net>

</net_list>

</model> 
---------------- Datapath Model END ------------------

* FSMD analyzer results:
  - Output states:
	Port: v111 | {}
	Port: v219 | {33 }
	Port: v217 | {}
	Port: v218 | {}
 - Input state : 
	Port: Layer_norm.1_Pipeline_l_j13 : sub_ln260 | {1 }
	Port: Layer_norm.1_Pipeline_l_j13 : v111 | {1 2 }
	Port: Layer_norm.1_Pipeline_l_j13 : v219 | {}
	Port: Layer_norm.1_Pipeline_l_j13 : v217 | {6 7 }
	Port: Layer_norm.1_Pipeline_l_j13 : v142 | {1 }
	Port: Layer_norm.1_Pipeline_l_j13 : v147 | {1 }
	Port: Layer_norm.1_Pipeline_l_j13 : v218 | {26 27 }
  - Chain level:
	State 1
		store_ln0 : 1
		j13_2 : 1
		icmp_ln258 : 2
		add_ln258 : 2
		br_ln258 : 3
		zext_ln260 : 2
		add_ln260 : 3
		zext_ln260_2 : 4
		v111_addr : 5
		v141 : 6
		store_ln258 : 3
	State 2
	State 3
	State 4
	State 5
	State 6
		v217_addr : 1
		v217_load : 2
	State 7
	State 8
		v144 : 1
	State 9
	State 10
	State 11
	State 12
	State 13
	State 14
	State 15
	State 16
	State 17
	State 18
	State 19
	State 20
	State 21
	State 22
	State 23
	State 24
	State 25
	State 26
		v218_load : 1
	State 27
	State 28
		v150 : 1
	State 29
	State 30
	State 31
	State 32
	State 33
		store_ln270 : 1


============================================================
+ Verbose Summary: Datapath Resource usage 
============================================================

* Functional unit list:
|----------|---------------------------|---------|---------|---------|
| Operation|      Functional Unit      |   DSP   |    FF   |   LUT   |
|----------|---------------------------|---------|---------|---------|
|   fadd   |         grp_fu_124        |    2    |   205   |   390   |
|          |         grp_fu_128        |    2    |   205   |   390   |
|----------|---------------------------|---------|---------|---------|
|   fmul   |         grp_fu_132        |    3    |   143   |   321   |
|----------|---------------------------|---------|---------|---------|
|    add   |      add_ln258_fu_154     |    0    |    0    |    13   |
|          |      add_ln260_fu_164     |    0    |    0    |    17   |
|----------|---------------------------|---------|---------|---------|
|   icmp   |     icmp_ln258_fu_148     |    0    |    0    |    11   |
|----------|---------------------------|---------|---------|---------|
|          |    v147_read_read_fu_54   |    0    |    0    |    0    |
|   read   |    v142_read_read_fu_60   |    0    |    0    |    0    |
|          | sub_ln260_read_read_fu_66 |    0    |    0    |    0    |
|----------|---------------------------|---------|---------|---------|
|   fdiv   |         grp_fu_136        |    0    |    0    |    0    |
|----------|---------------------------|---------|---------|---------|
|          |     zext_ln260_fu_160     |    0    |    0    |    0    |
|   zext   |    zext_ln260_2_fu_170    |    0    |    0    |    0    |
|          |      j13_cast_fu_180      |    0    |    0    |    0    |
|----------|---------------------------|---------|---------|---------|
|   Total  |                           |    7    |   553   |   1142  |
|----------|---------------------------|---------|---------|---------|

Memories:
N/A

* Register list:
+--------------------+--------+
|                    |   FF   |
+--------------------+--------+
| icmp_ln258_reg_218 |    1   |
|    j13_2_reg_213   |   10   |
|  j13_cast_reg_237  |   64   |
|     j13_reg_196    |   10   |
|  v111_addr_reg_227 |   14   |
|    v140_reg_257    |   32   |
|    v141_reg_232    |   32   |
|  v142_read_reg_208 |   32   |
|    v143_reg_252    |   32   |
|    v144_reg_262    |   32   |
|  v147_read_reg_203 |   32   |
|    v148_reg_272    |   32   |
|    v149_reg_282    |   32   |
|    v150_reg_287    |   32   |
|  v217_addr_reg_242 |   10   |
|  v217_load_reg_247 |   32   |
|  v218_addr_reg_267 |   10   |
|  v218_load_reg_277 |   32   |
|zext_ln260_2_reg_222|   64   |
+--------------------+--------+
|        Total       |   535  |
+--------------------+--------+

* Multiplexer (MUX) list: 
|-------------------|------|------|------|--------||---------||---------|
|        Comp       |  Pin | Size |  BW  | S x BW ||  Delay  ||   LUT   |
|-------------------|------|------|------|--------||---------||---------|
|  grp_access_fu_79 |  p0  |   2  |  14  |   28   ||    9    |
|  grp_access_fu_92 |  p0  |   2  |  10  |   20   ||    9    |
| grp_access_fu_105 |  p0  |   2  |  10  |   20   ||    9    |
|     grp_fu_128    |  p1  |   2  |  32  |   64   ||    9    |
|     grp_fu_132    |  p0  |   2  |  32  |   64   ||    9    |
|-------------------|------|------|------|--------||---------||---------|
|       Total       |      |      |      |   196  ||   7.94  ||    45   |
|-------------------|------|------|------|--------||---------||---------|



* Summary:
+-----------+--------+--------+--------+--------+
|           |   DSP  |  Delay |   FF   |   LUT  |
+-----------+--------+--------+--------+--------+
|  Function |    7   |    -   |   553  |  1142  |
|   Memory  |    -   |    -   |    -   |    -   |
|Multiplexer|    -   |    7   |    -   |   45   |
|  Register |    -   |    -   |   535  |    -   |
+-----------+--------+--------+--------+--------+
|   Total   |    7   |    7   |  1088  |  1187  |
+-----------+--------+--------+--------+--------+
