

================================================================
== Vitis HLS Report for 'Layer_norm1_1'
================================================================
* Date:           Thu Sep 14 03:19:56 2023

* Version:        2022.1.2 (Build 3605665 on Fri Aug  5 22:52:02 MDT 2022)
* Project:        out_test3.prj
* Solution:       solution1 (Vivado IP Flow Target)
* Product family: virtexuplus
* Target device:  xcu280-fsvh2892-2L-e


================================================================
== Performance Estimates
================================================================
+ Timing: 
    * Summary: 
    +--------+---------+----------+------------+
    |  Clock |  Target | Estimated| Uncertainty|
    +--------+---------+----------+------------+
    |ap_clk  |  3.33 ns|  2.470 ns|     0.90 ns|
    +--------+---------+----------+------------+

+ Latency: 
    * Summary: 
    +---------+---------+-----------+-----------+------+------+---------+
    |  Latency (cycles) |   Latency (absolute)  |   Interval  | Pipeline|
    |   min   |   max   |    min    |    max    |  min |  max |   Type  |
    +---------+---------+-----------+-----------+------+------+---------+
    |     4000|     4000|  13.320 us|  13.320 us|  4000|  4000|       no|
    +---------+---------+-----------+-----------+------+------+---------+

    + Detail: 
        * Instance: 
        +--------------------------------------------------+---------------------------------------+---------+---------+-----------+-----------+------+------+---------+
        |                                                  |                                       |  Latency (cycles) |   Latency (absolute)  |   Interval  | Pipeline|
        |                     Instance                     |                 Module                |   min   |   max   |    min    |    max    |  min |  max |   Type  |
        +--------------------------------------------------+---------------------------------------+---------+---------+-----------+-----------+------+------+---------+
        |grp_Layer_norm1_1_Pipeline_1_fu_540               |Layer_norm1_1_Pipeline_1               |       18|       18|  59.940 ns|  59.940 ns|    18|    18|       no|
        |grp_Layer_norm1_1_Pipeline_2_fu_546               |Layer_norm1_1_Pipeline_2               |       18|       18|  59.940 ns|  59.940 ns|    18|    18|       no|
        |grp_Layer_norm1_1_Pipeline_l_mean_var_j14_fu_552  |Layer_norm1_1_Pipeline_l_mean_var_j14  |     3083|     3083|  10.266 us|  10.266 us|  3083|  3083|       no|
        |grp_Layer_norm1_1_Pipeline_l_j16_fu_642           |Layer_norm1_1_Pipeline_l_j16           |      824|      824|   2.744 us|   2.744 us|   824|   824|       no|
        +--------------------------------------------------+---------------------------------------+---------+---------+-----------+-----------+------+------+---------+

        * Loop: 
        N/A



================================================================
== Utilization Estimates
================================================================
* Summary: 
+---------------------+---------+------+---------+---------+-----+
|         Name        | BRAM_18K|  DSP |    FF   |   LUT   | URAM|
+---------------------+---------+------+---------+---------+-----+
|DSP                  |        -|     -|        -|        -|    -|
|Expression           |        -|     -|        0|        4|    -|
|FIFO                 |        -|     -|        -|        -|    -|
|Instance             |        4|   160|    32457|    22060|    -|
|Memory               |       32|     -|       64|       66|    0|
|Multiplexer          |        -|     -|        -|     3425|    -|
|Register             |        -|     -|     6226|        -|    -|
+---------------------+---------+------+---------+---------+-----+
|Total                |       36|   160|    38747|    25555|    0|
+---------------------+---------+------+---------+---------+-----+
|Available SLR        |     1344|  3008|   869120|   434560|  320|
+---------------------+---------+------+---------+---------+-----+
|Utilization SLR (%)  |        2|     5|        4|        5|    0|
+---------------------+---------+------+---------+---------+-----+
|Available            |     4032|  9024|  2607360|  1303680|  960|
+---------------------+---------+------+---------+---------+-----+
|Utilization (%)      |       ~0|     1|        1|        1|    0|
+---------------------+---------+------+---------+---------+-----+

+ Detail: 
    * Instance: 
    +--------------------------------------------------+---------------------------------------+---------+----+-------+------+-----+
    |                     Instance                     |                 Module                | BRAM_18K| DSP|   FF  |  LUT | URAM|
    +--------------------------------------------------+---------------------------------------+---------+----+-------+------+-----+
    |grp_Layer_norm1_1_Pipeline_1_fu_540               |Layer_norm1_1_Pipeline_1               |        0|   0|      7|    49|    0|
    |grp_Layer_norm1_1_Pipeline_2_fu_546               |Layer_norm1_1_Pipeline_2               |        0|   0|      7|    49|    0|
    |grp_Layer_norm1_1_Pipeline_l_j16_fu_642           |Layer_norm1_1_Pipeline_l_j16           |        4|  32|  10019|  3309|    0|
    |grp_Layer_norm1_1_Pipeline_l_mean_var_j14_fu_552  |Layer_norm1_1_Pipeline_l_mean_var_j14  |        0|   0|   4088|  4077|    0|
    |dadd_64ns_64ns_64_8_full_dsp_1_U22432             |dadd_64ns_64ns_64_8_full_dsp_1         |        0|   3|    685|   635|    0|
    |dadd_64ns_64ns_64_8_full_dsp_1_U22433             |dadd_64ns_64ns_64_8_full_dsp_1         |        0|   3|    685|   635|    0|
    |dadd_64ns_64ns_64_8_full_dsp_1_U22434             |dadd_64ns_64ns_64_8_full_dsp_1         |        0|   3|    685|   635|    0|
    |dadd_64ns_64ns_64_8_full_dsp_1_U22435             |dadd_64ns_64ns_64_8_full_dsp_1         |        0|   3|    685|   635|    0|
    |dadd_64ns_64ns_64_8_full_dsp_1_U22436             |dadd_64ns_64ns_64_8_full_dsp_1         |        0|   3|    685|   635|    0|
    |dadd_64ns_64ns_64_8_full_dsp_1_U22437             |dadd_64ns_64ns_64_8_full_dsp_1         |        0|   3|    685|   635|    0|
    |dadd_64ns_64ns_64_8_full_dsp_1_U22438             |dadd_64ns_64ns_64_8_full_dsp_1         |        0|   3|    685|   635|    0|
    |dadd_64ns_64ns_64_8_full_dsp_1_U22439             |dadd_64ns_64ns_64_8_full_dsp_1         |        0|   3|    685|   635|    0|
    |dadd_64ns_64ns_64_8_full_dsp_1_U22440             |dadd_64ns_64ns_64_8_full_dsp_1         |        0|   3|    685|   635|    0|
    |dadd_64ns_64ns_64_8_full_dsp_1_U22441             |dadd_64ns_64ns_64_8_full_dsp_1         |        0|   3|    685|   635|    0|
    |dadd_64ns_64ns_64_8_full_dsp_1_U22442             |dadd_64ns_64ns_64_8_full_dsp_1         |        0|   3|    685|   635|    0|
    |dadd_64ns_64ns_64_8_full_dsp_1_U22443             |dadd_64ns_64ns_64_8_full_dsp_1         |        0|   3|    685|   635|    0|
    |dadd_64ns_64ns_64_8_full_dsp_1_U22444             |dadd_64ns_64ns_64_8_full_dsp_1         |        0|   3|    685|   635|    0|
    |dadd_64ns_64ns_64_8_full_dsp_1_U22445             |dadd_64ns_64ns_64_8_full_dsp_1         |        0|   3|    685|   635|    0|
    |dadd_64ns_64ns_64_8_full_dsp_1_U22446             |dadd_64ns_64ns_64_8_full_dsp_1         |        0|   3|    685|   635|    0|
    |dadd_64ns_64ns_64_8_full_dsp_1_U22447             |dadd_64ns_64ns_64_8_full_dsp_1         |        0|   3|    685|   635|    0|
    |dsqrt_64ns_64ns_64_30_no_dsp_1_U22448             |dsqrt_64ns_64ns_64_30_no_dsp_1         |        0|   0|      0|     0|    0|
    |dsqrt_64ns_64ns_64_30_no_dsp_1_U22449             |dsqrt_64ns_64ns_64_30_no_dsp_1         |        0|   0|      0|     0|    0|
    |dsqrt_64ns_64ns_64_30_no_dsp_1_U22450             |dsqrt_64ns_64ns_64_30_no_dsp_1         |        0|   0|      0|     0|    0|
    |dsqrt_64ns_64ns_64_30_no_dsp_1_U22451             |dsqrt_64ns_64ns_64_30_no_dsp_1         |        0|   0|      0|     0|    0|
    |dsqrt_64ns_64ns_64_30_no_dsp_1_U22452             |dsqrt_64ns_64ns_64_30_no_dsp_1         |        0|   0|      0|     0|    0|
    |dsqrt_64ns_64ns_64_30_no_dsp_1_U22453             |dsqrt_64ns_64ns_64_30_no_dsp_1         |        0|   0|      0|     0|    0|
    |dsqrt_64ns_64ns_64_30_no_dsp_1_U22454             |dsqrt_64ns_64ns_64_30_no_dsp_1         |        0|   0|      0|     0|    0|
    |dsqrt_64ns_64ns_64_30_no_dsp_1_U22455             |dsqrt_64ns_64ns_64_30_no_dsp_1         |        0|   0|      0|     0|    0|
    |dsqrt_64ns_64ns_64_30_no_dsp_1_U22456             |dsqrt_64ns_64ns_64_30_no_dsp_1         |        0|   0|      0|     0|    0|
    |dsqrt_64ns_64ns_64_30_no_dsp_1_U22457             |dsqrt_64ns_64ns_64_30_no_dsp_1         |        0|   0|      0|     0|    0|
    |dsqrt_64ns_64ns_64_30_no_dsp_1_U22458             |dsqrt_64ns_64ns_64_30_no_dsp_1         |        0|   0|      0|     0|    0|
    |dsqrt_64ns_64ns_64_30_no_dsp_1_U22459             |dsqrt_64ns_64ns_64_30_no_dsp_1         |        0|   0|      0|     0|    0|
    |dsqrt_64ns_64ns_64_30_no_dsp_1_U22460             |dsqrt_64ns_64ns_64_30_no_dsp_1         |        0|   0|      0|     0|    0|
    |dsqrt_64ns_64ns_64_30_no_dsp_1_U22461             |dsqrt_64ns_64ns_64_30_no_dsp_1         |        0|   0|      0|     0|    0|
    |dsqrt_64ns_64ns_64_30_no_dsp_1_U22462             |dsqrt_64ns_64ns_64_30_no_dsp_1         |        0|   0|      0|     0|    0|
    |dsqrt_64ns_64ns_64_30_no_dsp_1_U22463             |dsqrt_64ns_64ns_64_30_no_dsp_1         |        0|   0|      0|     0|    0|
    |fdiv_32ns_32ns_32_12_no_dsp_1_U22400              |fdiv_32ns_32ns_32_12_no_dsp_1          |        0|   0|      0|     0|    0|
    |fdiv_32ns_32ns_32_12_no_dsp_1_U22401              |fdiv_32ns_32ns_32_12_no_dsp_1          |        0|   0|      0|     0|    0|
    |fdiv_32ns_32ns_32_12_no_dsp_1_U22402              |fdiv_32ns_32ns_32_12_no_dsp_1          |        0|   0|      0|     0|    0|
    |fdiv_32ns_32ns_32_12_no_dsp_1_U22403              |fdiv_32ns_32ns_32_12_no_dsp_1          |        0|   0|      0|     0|    0|
    |fdiv_32ns_32ns_32_12_no_dsp_1_U22404              |fdiv_32ns_32ns_32_12_no_dsp_1          |        0|   0|      0|     0|    0|
    |fdiv_32ns_32ns_32_12_no_dsp_1_U22405              |fdiv_32ns_32ns_32_12_no_dsp_1          |        0|   0|      0|     0|    0|
    |fdiv_32ns_32ns_32_12_no_dsp_1_U22406              |fdiv_32ns_32ns_32_12_no_dsp_1          |        0|   0|      0|     0|    0|
    |fdiv_32ns_32ns_32_12_no_dsp_1_U22407              |fdiv_32ns_32ns_32_12_no_dsp_1          |        0|   0|      0|     0|    0|
    |fdiv_32ns_32ns_32_12_no_dsp_1_U22408              |fdiv_32ns_32ns_32_12_no_dsp_1          |        0|   0|      0|     0|    0|
    |fdiv_32ns_32ns_32_12_no_dsp_1_U22409              |fdiv_32ns_32ns_32_12_no_dsp_1          |        0|   0|      0|     0|    0|
    |fdiv_32ns_32ns_32_12_no_dsp_1_U22410              |fdiv_32ns_32ns_32_12_no_dsp_1          |        0|   0|      0|     0|    0|
    |fdiv_32ns_32ns_32_12_no_dsp_1_U22411              |fdiv_32ns_32ns_32_12_no_dsp_1          |        0|   0|      0|     0|    0|
    |fdiv_32ns_32ns_32_12_no_dsp_1_U22412              |fdiv_32ns_32ns_32_12_no_dsp_1          |        0|   0|      0|     0|    0|
    |fdiv_32ns_32ns_32_12_no_dsp_1_U22413              |fdiv_32ns_32ns_32_12_no_dsp_1          |        0|   0|      0|     0|    0|
    |fdiv_32ns_32ns_32_12_no_dsp_1_U22414              |fdiv_32ns_32ns_32_12_no_dsp_1          |        0|   0|      0|     0|    0|
    |fdiv_32ns_32ns_32_12_no_dsp_1_U22415              |fdiv_32ns_32ns_32_12_no_dsp_1          |        0|   0|      0|     0|    0|
    |fmul_32ns_32ns_32_4_max_dsp_1_U22384              |fmul_32ns_32ns_32_4_max_dsp_1          |        0|   3|    143|    78|    0|
    |fmul_32ns_32ns_32_4_max_dsp_1_U22385              |fmul_32ns_32ns_32_4_max_dsp_1          |        0|   3|    143|    78|    0|
    |fmul_32ns_32ns_32_4_max_dsp_1_U22386              |fmul_32ns_32ns_32_4_max_dsp_1          |        0|   3|    143|    78|    0|
    |fmul_32ns_32ns_32_4_max_dsp_1_U22387              |fmul_32ns_32ns_32_4_max_dsp_1          |        0|   3|    143|    78|    0|
    |fmul_32ns_32ns_32_4_max_dsp_1_U22388              |fmul_32ns_32ns_32_4_max_dsp_1          |        0|   3|    143|    78|    0|
    |fmul_32ns_32ns_32_4_max_dsp_1_U22389              |fmul_32ns_32ns_32_4_max_dsp_1          |        0|   3|    143|    78|    0|
    |fmul_32ns_32ns_32_4_max_dsp_1_U22390              |fmul_32ns_32ns_32_4_max_dsp_1          |        0|   3|    143|    78|    0|
    |fmul_32ns_32ns_32_4_max_dsp_1_U22391              |fmul_32ns_32ns_32_4_max_dsp_1          |        0|   3|    143|    78|    0|
    |fmul_32ns_32ns_32_4_max_dsp_1_U22392              |fmul_32ns_32ns_32_4_max_dsp_1          |        0|   3|    143|    78|    0|
    |fmul_32ns_32ns_32_4_max_dsp_1_U22393              |fmul_32ns_32ns_32_4_max_dsp_1          |        0|   3|    143|    78|    0|
    |fmul_32ns_32ns_32_4_max_dsp_1_U22394              |fmul_32ns_32ns_32_4_max_dsp_1          |        0|   3|    143|    78|    0|
    |fmul_32ns_32ns_32_4_max_dsp_1_U22395              |fmul_32ns_32ns_32_4_max_dsp_1          |        0|   3|    143|    78|    0|
    |fmul_32ns_32ns_32_4_max_dsp_1_U22396              |fmul_32ns_32ns_32_4_max_dsp_1          |        0|   3|    143|    78|    0|
    |fmul_32ns_32ns_32_4_max_dsp_1_U22397              |fmul_32ns_32ns_32_4_max_dsp_1          |        0|   3|    143|    78|    0|
    |fmul_32ns_32ns_32_4_max_dsp_1_U22398              |fmul_32ns_32ns_32_4_max_dsp_1          |        0|   3|    143|    78|    0|
    |fmul_32ns_32ns_32_4_max_dsp_1_U22399              |fmul_32ns_32ns_32_4_max_dsp_1          |        0|   3|    143|    78|    0|
    |fpext_32ns_64_2_no_dsp_1_U22416                   |fpext_32ns_64_2_no_dsp_1               |        0|   0|      0|     0|    0|
    |fpext_32ns_64_2_no_dsp_1_U22417                   |fpext_32ns_64_2_no_dsp_1               |        0|   0|      0|     0|    0|
    |fpext_32ns_64_2_no_dsp_1_U22418                   |fpext_32ns_64_2_no_dsp_1               |        0|   0|      0|     0|    0|
    |fpext_32ns_64_2_no_dsp_1_U22419                   |fpext_32ns_64_2_no_dsp_1               |        0|   0|      0|     0|    0|
    |fpext_32ns_64_2_no_dsp_1_U22420                   |fpext_32ns_64_2_no_dsp_1               |        0|   0|      0|     0|    0|
    |fpext_32ns_64_2_no_dsp_1_U22421                   |fpext_32ns_64_2_no_dsp_1               |        0|   0|      0|     0|    0|
    |fpext_32ns_64_2_no_dsp_1_U22422                   |fpext_32ns_64_2_no_dsp_1               |        0|   0|      0|     0|    0|
    |fpext_32ns_64_2_no_dsp_1_U22423                   |fpext_32ns_64_2_no_dsp_1               |        0|   0|      0|     0|    0|
    |fpext_32ns_64_2_no_dsp_1_U22424                   |fpext_32ns_64_2_no_dsp_1               |        0|   0|      0|     0|    0|
    |fpext_32ns_64_2_no_dsp_1_U22425                   |fpext_32ns_64_2_no_dsp_1               |        0|   0|      0|     0|    0|
    |fpext_32ns_64_2_no_dsp_1_U22426                   |fpext_32ns_64_2_no_dsp_1               |        0|   0|      0|     0|    0|
    |fpext_32ns_64_2_no_dsp_1_U22427                   |fpext_32ns_64_2_no_dsp_1               |        0|   0|      0|     0|    0|
    |fpext_32ns_64_2_no_dsp_1_U22428                   |fpext_32ns_64_2_no_dsp_1               |        0|   0|      0|     0|    0|
    |fpext_32ns_64_2_no_dsp_1_U22429                   |fpext_32ns_64_2_no_dsp_1               |        0|   0|      0|     0|    0|
    |fpext_32ns_64_2_no_dsp_1_U22430                   |fpext_32ns_64_2_no_dsp_1               |        0|   0|      0|     0|    0|
    |fpext_32ns_64_2_no_dsp_1_U22431                   |fpext_32ns_64_2_no_dsp_1               |        0|   0|      0|     0|    0|
    |fsub_32ns_32ns_32_7_full_dsp_1_U22368             |fsub_32ns_32ns_32_7_full_dsp_1         |        0|   2|    318|   198|    0|
    |fsub_32ns_32ns_32_7_full_dsp_1_U22369             |fsub_32ns_32ns_32_7_full_dsp_1         |        0|   2|    318|   198|    0|
    |fsub_32ns_32ns_32_7_full_dsp_1_U22370             |fsub_32ns_32ns_32_7_full_dsp_1         |        0|   2|    318|   198|    0|
    |fsub_32ns_32ns_32_7_full_dsp_1_U22371             |fsub_32ns_32ns_32_7_full_dsp_1         |        0|   2|    318|   198|    0|
    |fsub_32ns_32ns_32_7_full_dsp_1_U22372             |fsub_32ns_32ns_32_7_full_dsp_1         |        0|   2|    318|   198|    0|
    |fsub_32ns_32ns_32_7_full_dsp_1_U22373             |fsub_32ns_32ns_32_7_full_dsp_1         |        0|   2|    318|   198|    0|
    |fsub_32ns_32ns_32_7_full_dsp_1_U22374             |fsub_32ns_32ns_32_7_full_dsp_1         |        0|   2|    318|   198|    0|
    |fsub_32ns_32ns_32_7_full_dsp_1_U22375             |fsub_32ns_32ns_32_7_full_dsp_1         |        0|   2|    318|   198|    0|
    |fsub_32ns_32ns_32_7_full_dsp_1_U22376             |fsub_32ns_32ns_32_7_full_dsp_1         |        0|   2|    318|   198|    0|
    |fsub_32ns_32ns_32_7_full_dsp_1_U22377             |fsub_32ns_32ns_32_7_full_dsp_1         |        0|   2|    318|   198|    0|
    |fsub_32ns_32ns_32_7_full_dsp_1_U22378             |fsub_32ns_32ns_32_7_full_dsp_1         |        0|   2|    318|   198|    0|
    |fsub_32ns_32ns_32_7_full_dsp_1_U22379             |fsub_32ns_32ns_32_7_full_dsp_1         |        0|   2|    318|   198|    0|
    |fsub_32ns_32ns_32_7_full_dsp_1_U22380             |fsub_32ns_32ns_32_7_full_dsp_1         |        0|   2|    318|   198|    0|
    |fsub_32ns_32ns_32_7_full_dsp_1_U22381             |fsub_32ns_32ns_32_7_full_dsp_1         |        0|   2|    318|   198|    0|
    |fsub_32ns_32ns_32_7_full_dsp_1_U22382             |fsub_32ns_32ns_32_7_full_dsp_1         |        0|   2|    318|   198|    0|
    |fsub_32ns_32ns_32_7_full_dsp_1_U22383             |fsub_32ns_32ns_32_7_full_dsp_1         |        0|   2|    318|   198|    0|
    +--------------------------------------------------+---------------------------------------+---------+----+-------+------+-----+
    |Total                                             |                                       |        4| 160|  32457| 22060|    0|
    +--------------------------------------------------+---------------------------------------+---------+----+-------+------+-----+

    * DSP: 
    N/A

    * Memory: 
    +---------------+--------------------------------------+---------+----+----+-----+------+-----+------+-------------+
    |     Memory    |                Module                | BRAM_18K| FF | LUT| URAM| Words| Bits| Banks| W*Bits*Banks|
    +---------------+--------------------------------------+---------+----+----+-----+------+-----+------+-------------+
    |mean_U         |Layer_norm0_1_mean_RAM_AUTO_1R1W      |        0|  32|  33|    0|    16|   32|     1|          512|
    |var_U          |Layer_norm0_1_mean_RAM_AUTO_1R1W      |        0|  32|  33|    0|    16|   32|     1|          512|
    |buf_data_U     |Layer_norm1_1_buf_data_RAM_AUTO_1R1W  |        2|   0|   0|    0|   768|   32|     1|        24576|
    |buf_data_16_U  |Layer_norm1_1_buf_data_RAM_AUTO_1R1W  |        2|   0|   0|    0|   768|   32|     1|        24576|
    |buf_data_17_U  |Layer_norm1_1_buf_data_RAM_AUTO_1R1W  |        2|   0|   0|    0|   768|   32|     1|        24576|
    |buf_data_18_U  |Layer_norm1_1_buf_data_RAM_AUTO_1R1W  |        2|   0|   0|    0|   768|   32|     1|        24576|
    |buf_data_19_U  |Layer_norm1_1_buf_data_RAM_AUTO_1R1W  |        2|   0|   0|    0|   768|   32|     1|        24576|
    |buf_data_20_U  |Layer_norm1_1_buf_data_RAM_AUTO_1R1W  |        2|   0|   0|    0|   768|   32|     1|        24576|
    |buf_data_21_U  |Layer_norm1_1_buf_data_RAM_AUTO_1R1W  |        2|   0|   0|    0|   768|   32|     1|        24576|
    |buf_data_22_U  |Layer_norm1_1_buf_data_RAM_AUTO_1R1W  |        2|   0|   0|    0|   768|   32|     1|        24576|
    |buf_data_23_U  |Layer_norm1_1_buf_data_RAM_AUTO_1R1W  |        2|   0|   0|    0|   768|   32|     1|        24576|
    |buf_data_24_U  |Layer_norm1_1_buf_data_RAM_AUTO_1R1W  |        2|   0|   0|    0|   768|   32|     1|        24576|
    |buf_data_25_U  |Layer_norm1_1_buf_data_RAM_AUTO_1R1W  |        2|   0|   0|    0|   768|   32|     1|        24576|
    |buf_data_26_U  |Layer_norm1_1_buf_data_RAM_AUTO_1R1W  |        2|   0|   0|    0|   768|   32|     1|        24576|
    |buf_data_27_U  |Layer_norm1_1_buf_data_RAM_AUTO_1R1W  |        2|   0|   0|    0|   768|   32|     1|        24576|
    |buf_data_28_U  |Layer_norm1_1_buf_data_RAM_AUTO_1R1W  |        2|   0|   0|    0|   768|   32|     1|        24576|
    |buf_data_29_U  |Layer_norm1_1_buf_data_RAM_AUTO_1R1W  |        2|   0|   0|    0|   768|   32|     1|        24576|
    |buf_data_30_U  |Layer_norm1_1_buf_data_RAM_AUTO_1R1W  |        2|   0|   0|    0|   768|   32|     1|        24576|
    +---------------+--------------------------------------+---------+----+----+-----+------+-----+------+-------------+
    |Total          |                                      |       32|  64|  66|    0| 12320|  576|    18|       394240|
    +---------------+--------------------------------------+---------+----+----+-----+------+-----+------+-------------+

    * FIFO: 
    N/A

    * Expression: 
    +---------------------------------+----------+----+---+----+------------+------------+
    |          Variable Name          | Operation| DSP| FF| LUT| Bitwidth P0| Bitwidth P1|
    +---------------------------------+----------+----+---+----+------------+------------+
    |ap_block_state1                  |        or|   0|  0|   2|           1|           1|
    |ap_block_state2_on_subcall_done  |        or|   0|  0|   2|           1|           1|
    +---------------------------------+----------+----+---+----+------------+------------+
    |Total                            |          |   0|  0|   4|           2|           2|
    +---------------------------------+----------+----+---+----+------------+------------+

    * Multiplexer: 
    +----------------------+-----+-----------+-----+-----------+
    |         Name         | LUT | Input Size| Bits| Total Bits|
    +----------------------+-----+-----------+-----+-----------+
    |ap_NS_fsm             |  357|         77|    1|         77|
    |ap_done               |    9|          2|    1|          2|
    |buf_data_16_address0  |   14|          3|   10|         30|
    |buf_data_16_ce0       |   14|          3|    1|          3|
    |buf_data_16_we0       |    9|          2|    1|          2|
    |buf_data_17_address0  |   14|          3|   10|         30|
    |buf_data_17_ce0       |   14|          3|    1|          3|
    |buf_data_17_we0       |    9|          2|    1|          2|
    |buf_data_18_address0  |   14|          3|   10|         30|
    |buf_data_18_ce0       |   14|          3|    1|          3|
    |buf_data_18_we0       |    9|          2|    1|          2|
    |buf_data_19_address0  |   14|          3|   10|         30|
    |buf_data_19_ce0       |   14|          3|    1|          3|
    |buf_data_19_we0       |    9|          2|    1|          2|
    |buf_data_20_address0  |   14|          3|   10|         30|
    |buf_data_20_ce0       |   14|          3|    1|          3|
    |buf_data_20_we0       |    9|          2|    1|          2|
    |buf_data_21_address0  |   14|          3|   10|         30|
    |buf_data_21_ce0       |   14|          3|    1|          3|
    |buf_data_21_we0       |    9|          2|    1|          2|
    |buf_data_22_address0  |   14|          3|   10|         30|
    |buf_data_22_ce0       |   14|          3|    1|          3|
    |buf_data_22_we0       |    9|          2|    1|          2|
    |buf_data_23_address0  |   14|          3|   10|         30|
    |buf_data_23_ce0       |   14|          3|    1|          3|
    |buf_data_23_we0       |    9|          2|    1|          2|
    |buf_data_24_address0  |   14|          3|   10|         30|
    |buf_data_24_ce0       |   14|          3|    1|          3|
    |buf_data_24_we0       |    9|          2|    1|          2|
    |buf_data_25_address0  |   14|          3|   10|         30|
    |buf_data_25_ce0       |   14|          3|    1|          3|
    |buf_data_25_we0       |    9|          2|    1|          2|
    |buf_data_26_address0  |   14|          3|   10|         30|
    |buf_data_26_ce0       |   14|          3|    1|          3|
    |buf_data_26_we0       |    9|          2|    1|          2|
    |buf_data_27_address0  |   14|          3|   10|         30|
    |buf_data_27_ce0       |   14|          3|    1|          3|
    |buf_data_27_we0       |    9|          2|    1|          2|
    |buf_data_28_address0  |   14|          3|   10|         30|
    |buf_data_28_ce0       |   14|          3|    1|          3|
    |buf_data_28_we0       |    9|          2|    1|          2|
    |buf_data_29_address0  |   14|          3|   10|         30|
    |buf_data_29_ce0       |   14|          3|    1|          3|
    |buf_data_29_we0       |    9|          2|    1|          2|
    |buf_data_30_address0  |   14|          3|   10|         30|
    |buf_data_30_ce0       |   14|          3|    1|          3|
    |buf_data_30_we0       |    9|          2|    1|          2|
    |buf_data_address0     |   14|          3|   10|         30|
    |buf_data_ce0          |   14|          3|    1|          3|
    |buf_data_we0          |    9|          2|    1|          2|
    |grp_fu_700_ce         |    9|          2|    1|          2|
    |grp_fu_700_p0         |   14|          3|   32|         96|
    |grp_fu_700_p1         |   14|          3|   32|         96|
    |grp_fu_704_ce         |    9|          2|    1|          2|
    |grp_fu_704_p0         |   14|          3|   32|         96|
    |grp_fu_704_p1         |   14|          3|   32|         96|
    |grp_fu_708_ce         |    9|          2|    1|          2|
    |grp_fu_708_p0         |   14|          3|   32|         96|
    |grp_fu_708_p1         |   14|          3|   32|         96|
    |grp_fu_712_ce         |    9|          2|    1|          2|
    |grp_fu_712_p0         |   14|          3|   32|         96|
    |grp_fu_712_p1         |   14|          3|   32|         96|
    |grp_fu_716_ce         |    9|          2|    1|          2|
    |grp_fu_716_p0         |   14|          3|   32|         96|
    |grp_fu_716_p1         |   14|          3|   32|         96|
    |grp_fu_720_ce         |    9|          2|    1|          2|
    |grp_fu_720_p0         |   14|          3|   32|         96|
    |grp_fu_720_p1         |   14|          3|   32|         96|
    |grp_fu_724_ce         |    9|          2|    1|          2|
    |grp_fu_724_p0         |   14|          3|   32|         96|
    |grp_fu_724_p1         |   14|          3|   32|         96|
    |grp_fu_728_ce         |    9|          2|    1|          2|
    |grp_fu_728_p0         |   14|          3|   32|         96|
    |grp_fu_728_p1         |   14|          3|   32|         96|
    |grp_fu_732_ce         |    9|          2|    1|          2|
    |grp_fu_732_p0         |   14|          3|   32|         96|
    |grp_fu_732_p1         |   14|          3|   32|         96|
    |grp_fu_736_ce         |    9|          2|    1|          2|
    |grp_fu_736_p0         |   14|          3|   32|         96|
    |grp_fu_736_p1         |   14|          3|   32|         96|
    |grp_fu_740_ce         |    9|          2|    1|          2|
    |grp_fu_740_p0         |   14|          3|   32|         96|
    |grp_fu_740_p1         |   14|          3|   32|         96|
    |grp_fu_744_ce         |    9|          2|    1|          2|
    |grp_fu_744_p0         |   14|          3|   32|         96|
    |grp_fu_744_p1         |   14|          3|   32|         96|
    |grp_fu_748_ce         |    9|          2|    1|          2|
    |grp_fu_748_p0         |   14|          3|   32|         96|
    |grp_fu_748_p1         |   14|          3|   32|         96|
    |grp_fu_752_ce         |    9|          2|    1|          2|
    |grp_fu_752_p0         |   14|          3|   32|         96|
    |grp_fu_752_p1         |   14|          3|   32|         96|
    |grp_fu_756_ce         |    9|          2|    1|          2|
    |grp_fu_756_p0         |   14|          3|   32|         96|
    |grp_fu_756_p1         |   14|          3|   32|         96|
    |grp_fu_760_ce         |    9|          2|    1|          2|
    |grp_fu_760_p0         |   14|          3|   32|         96|
    |grp_fu_760_p1         |   14|          3|   32|         96|
    |grp_fu_764_ce         |   14|          3|    1|          3|
    |grp_fu_764_p0         |   20|          4|   32|        128|
    |grp_fu_764_p1         |   20|          4|   32|        128|
    |grp_fu_768_ce         |   14|          3|    1|          3|
    |grp_fu_768_p0         |   20|          4|   32|        128|
    |grp_fu_768_p1         |   20|          4|   32|        128|
    |grp_fu_772_ce         |   14|          3|    1|          3|
    |grp_fu_772_p0         |   20|          4|   32|        128|
    |grp_fu_772_p1         |   20|          4|   32|        128|
    |grp_fu_776_ce         |   14|          3|    1|          3|
    |grp_fu_776_p0         |   20|          4|   32|        128|
    |grp_fu_776_p1         |   20|          4|   32|        128|
    |grp_fu_780_ce         |    9|          2|    1|          2|
    |grp_fu_780_p0         |   14|          3|   32|         96|
    |grp_fu_780_p1         |   14|          3|   32|         96|
    |grp_fu_784_ce         |    9|          2|    1|          2|
    |grp_fu_784_p0         |   14|          3|   32|         96|
    |grp_fu_784_p1         |   14|          3|   32|         96|
    |grp_fu_788_ce         |    9|          2|    1|          2|
    |grp_fu_788_p0         |   14|          3|   32|         96|
    |grp_fu_788_p1         |   14|          3|   32|         96|
    |grp_fu_792_ce         |    9|          2|    1|          2|
    |grp_fu_792_p0         |   14|          3|   32|         96|
    |grp_fu_792_p1         |   14|          3|   32|         96|
    |grp_fu_796_ce         |    9|          2|    1|          2|
    |grp_fu_796_p0         |   14|          3|   32|         96|
    |grp_fu_796_p1         |   14|          3|   32|         96|
    |grp_fu_800_ce         |    9|          2|    1|          2|
    |grp_fu_800_p0         |   14|          3|   32|         96|
    |grp_fu_800_p1         |   14|          3|   32|         96|
    |grp_fu_804_ce         |    9|          2|    1|          2|
    |grp_fu_804_p0         |   14|          3|   32|         96|
    |grp_fu_804_p1         |   14|          3|   32|         96|
    |grp_fu_808_ce         |    9|          2|    1|          2|
    |grp_fu_808_p0         |   14|          3|   32|         96|
    |grp_fu_808_p1         |   14|          3|   32|         96|
    |grp_fu_812_ce         |    9|          2|    1|          2|
    |grp_fu_812_p0         |   14|          3|   32|         96|
    |grp_fu_812_p1         |   14|          3|   32|         96|
    |grp_fu_816_ce         |    9|          2|    1|          2|
    |grp_fu_816_p0         |   14|          3|   32|         96|
    |grp_fu_816_p1         |   14|          3|   32|         96|
    |grp_fu_820_ce         |    9|          2|    1|          2|
    |grp_fu_820_p0         |   14|          3|   32|         96|
    |grp_fu_820_p1         |   14|          3|   32|         96|
    |grp_fu_824_ce         |    9|          2|    1|          2|
    |grp_fu_824_p0         |   14|          3|   32|         96|
    |grp_fu_824_p1         |   14|          3|   32|         96|
    |grp_fu_828_p0         |   14|          3|   32|         96|
    |grp_fu_833_p0         |   14|          3|   32|         96|
    |grp_fu_838_p0         |   14|          3|   32|         96|
    |grp_fu_843_p0         |   14|          3|   32|         96|
    |grp_fu_848_p0         |   14|          3|   32|         96|
    |grp_fu_853_p0         |   14|          3|   32|         96|
    |grp_fu_858_p0         |   14|          3|   32|         96|
    |grp_fu_863_p0         |   14|          3|   32|         96|
    |grp_fu_868_p0         |   14|          3|   32|         96|
    |grp_fu_873_p0         |   14|          3|   32|         96|
    |grp_fu_878_p0         |   14|          3|   32|         96|
    |grp_fu_883_p0         |   14|          3|   32|         96|
    |grp_fu_888_p0         |   14|          3|   32|         96|
    |grp_fu_893_p0         |   14|          3|   32|         96|
    |grp_fu_898_p0         |   14|          3|   32|         96|
    |grp_fu_903_p0         |   14|          3|   32|         96|
    |grp_fu_908_ce         |    9|          2|    1|          2|
    |grp_fu_908_p0         |   14|          3|   32|         96|
    |grp_fu_911_ce         |    9|          2|    1|          2|
    |grp_fu_911_p0         |   14|          3|   32|         96|
    |grp_fu_914_ce         |    9|          2|    1|          2|
    |grp_fu_914_p0         |   14|          3|   32|         96|
    |grp_fu_917_ce         |    9|          2|    1|          2|
    |grp_fu_917_p0         |   14|          3|   32|         96|
    |grp_fu_920_ce         |    9|          2|    1|          2|
    |grp_fu_920_p0         |   14|          3|   32|         96|
    |grp_fu_923_ce         |    9|          2|    1|          2|
    |grp_fu_923_p0         |   14|          3|   32|         96|
    |grp_fu_926_ce         |    9|          2|    1|          2|
    |grp_fu_926_p0         |   14|          3|   32|         96|
    |grp_fu_929_ce         |    9|          2|    1|          2|
    |grp_fu_929_p0         |   14|          3|   32|         96|
    |grp_fu_932_ce         |    9|          2|    1|          2|
    |grp_fu_932_p0         |   14|          3|   32|         96|
    |grp_fu_935_ce         |    9|          2|    1|          2|
    |grp_fu_935_p0         |   14|          3|   32|         96|
    |grp_fu_938_ce         |    9|          2|    1|          2|
    |grp_fu_938_p0         |   14|          3|   32|         96|
    |grp_fu_941_ce         |    9|          2|    1|          2|
    |grp_fu_941_p0         |   14|          3|   32|         96|
    |grp_fu_944_ce         |    9|          2|    1|          2|
    |grp_fu_944_p0         |   14|          3|   32|         96|
    |grp_fu_947_ce         |    9|          2|    1|          2|
    |grp_fu_947_p0         |   14|          3|   32|         96|
    |grp_fu_950_ce         |    9|          2|    1|          2|
    |grp_fu_950_p0         |   14|          3|   32|         96|
    |grp_fu_953_ce         |    9|          2|    1|          2|
    |grp_fu_953_p0         |   14|          3|   32|         96|
    |mean_address0         |   86|         18|    4|         72|
    |mean_address1         |   81|         17|    4|         68|
    |mean_ce0              |   14|          3|    1|          3|
    |mean_d0               |   54|         10|   32|        320|
    |mean_d1               |   49|          9|   32|        288|
    |mean_we0              |   14|          3|    1|          3|
    |outp_ln1_write        |    9|          2|    1|          2|
    |outp_res1_read        |    9|          2|    1|          2|
    |real_start            |    9|          2|    1|          2|
    |var_address0          |   86|         18|    4|         72|
    |var_address1          |   81|         17|    4|         68|
    |var_ce0               |   14|          3|    1|          3|
    |var_d0                |   54|         10|   32|        320|
    |var_d1                |   49|          9|   32|        288|
    |var_we0               |   14|          3|    1|          3|
    +----------------------+-----+-----------+-----+-----------+
    |Total                 | 3425|        729| 3465|      11725|
    +----------------------+-----+-----------+-----+-----------+

    * Register: 
    +---------------------------------------------------------------+----+----+-----+-----------+
    |                              Name                             | FF | LUT| Bits| Const Bits|
    +---------------------------------------------------------------+----+----+-----+-----------+
    |add1_reg_2332                                                  |  64|   0|   64|          0|
    |add56_10_reg_2387                                              |  64|   0|   64|          0|
    |add56_11_reg_2392                                              |  64|   0|   64|          0|
    |add56_12_reg_2397                                              |  64|   0|   64|          0|
    |add56_13_reg_2402                                              |  64|   0|   64|          0|
    |add56_14_reg_2407                                              |  64|   0|   64|          0|
    |add56_1_reg_2337                                               |  64|   0|   64|          0|
    |add56_2_reg_2342                                               |  64|   0|   64|          0|
    |add56_3_reg_2347                                               |  64|   0|   64|          0|
    |add56_4_reg_2352                                               |  64|   0|   64|          0|
    |add56_5_reg_2357                                               |  64|   0|   64|          0|
    |add56_6_reg_2362                                               |  64|   0|   64|          0|
    |add56_7_reg_2367                                               |  64|   0|   64|          0|
    |add56_8_reg_2372                                               |  64|   0|   64|          0|
    |add56_9_reg_2377                                               |  64|   0|   64|          0|
    |add56_s_reg_2382                                               |  64|   0|   64|          0|
    |ap_CS_fsm                                                      |  76|   0|   76|          0|
    |ap_done_reg                                                    |   1|   0|    1|          0|
    |conv1_reg_2252                                                 |  64|   0|   64|          0|
    |conv55_10_reg_2307                                             |  64|   0|   64|          0|
    |conv55_11_reg_2312                                             |  64|   0|   64|          0|
    |conv55_12_reg_2317                                             |  64|   0|   64|          0|
    |conv55_13_reg_2322                                             |  64|   0|   64|          0|
    |conv55_14_reg_2327                                             |  64|   0|   64|          0|
    |conv55_1_reg_2257                                              |  64|   0|   64|          0|
    |conv55_2_reg_2262                                              |  64|   0|   64|          0|
    |conv55_3_reg_2267                                              |  64|   0|   64|          0|
    |conv55_4_reg_2272                                              |  64|   0|   64|          0|
    |conv55_5_reg_2277                                              |  64|   0|   64|          0|
    |conv55_6_reg_2282                                              |  64|   0|   64|          0|
    |conv55_7_reg_2287                                              |  64|   0|   64|          0|
    |conv55_8_reg_2292                                              |  64|   0|   64|          0|
    |conv55_9_reg_2297                                              |  64|   0|   64|          0|
    |conv55_s_reg_2302                                              |  64|   0|   64|          0|
    |div1_reg_1996                                                  |  32|   0|   32|          0|
    |div26_10_reg_2106                                              |  32|   0|   32|          0|
    |div26_11_reg_2116                                              |  32|   0|   32|          0|
    |div26_12_reg_2126                                              |  32|   0|   32|          0|
    |div26_13_reg_2136                                              |  32|   0|   32|          0|
    |div26_14_reg_2146                                              |  32|   0|   32|          0|
    |div26_1_reg_2006                                               |  32|   0|   32|          0|
    |div26_2_reg_2016                                               |  32|   0|   32|          0|
    |div26_3_reg_2026                                               |  32|   0|   32|          0|
    |div26_4_reg_2036                                               |  32|   0|   32|          0|
    |div26_5_reg_2046                                               |  32|   0|   32|          0|
    |div26_6_reg_2056                                               |  32|   0|   32|          0|
    |div26_7_reg_2066                                               |  32|   0|   32|          0|
    |div26_8_reg_2076                                               |  32|   0|   32|          0|
    |div26_9_reg_2086                                               |  32|   0|   32|          0|
    |div26_s_reg_2096                                               |  32|   0|   32|          0|
    |div_10_reg_1956                                                |  32|   0|   32|          0|
    |div_11_reg_1964                                                |  32|   0|   32|          0|
    |div_12_reg_1972                                                |  32|   0|   32|          0|
    |div_13_reg_1980                                                |  32|   0|   32|          0|
    |div_14_reg_1988                                                |  32|   0|   32|          0|
    |div_1_reg_1876                                                 |  32|   0|   32|          0|
    |div_2_reg_1884                                                 |  32|   0|   32|          0|
    |div_3_reg_1892                                                 |  32|   0|   32|          0|
    |div_4_reg_1900                                                 |  32|   0|   32|          0|
    |div_5_reg_1908                                                 |  32|   0|   32|          0|
    |div_6_reg_1916                                                 |  32|   0|   32|          0|
    |div_7_reg_1924                                                 |  32|   0|   32|          0|
    |div_8_reg_1932                                                 |  32|   0|   32|          0|
    |div_9_reg_1940                                                 |  32|   0|   32|          0|
    |div_reg_1868                                                   |  32|   0|   32|          0|
    |div_s_reg_1948                                                 |  32|   0|   32|          0|
    |grp_Layer_norm1_1_Pipeline_1_fu_540_ap_start_reg               |   1|   0|    1|          0|
    |grp_Layer_norm1_1_Pipeline_2_fu_546_ap_start_reg               |   1|   0|    1|          0|
    |grp_Layer_norm1_1_Pipeline_l_j16_fu_642_ap_start_reg           |   1|   0|    1|          0|
    |grp_Layer_norm1_1_Pipeline_l_mean_var_j14_fu_552_ap_start_reg  |   1|   0|    1|          0|
    |mean_load_10_reg_1692                                          |  32|   0|   32|          0|
    |mean_load_11_reg_1702                                          |  32|   0|   32|          0|
    |mean_load_12_reg_1732                                          |  32|   0|   32|          0|
    |mean_load_13_reg_1742                                          |  32|   0|   32|          0|
    |mean_load_14_reg_1752                                          |  32|   0|   32|          0|
    |mean_load_15_reg_1762                                          |  32|   0|   32|          0|
    |mean_load_1_reg_1502                                           |  32|   0|   32|          0|
    |mean_load_2_reg_1532                                           |  32|   0|   32|          0|
    |mean_load_3_reg_1542                                           |  32|   0|   32|          0|
    |mean_load_4_reg_1572                                           |  32|   0|   32|          0|
    |mean_load_5_reg_1582                                           |  32|   0|   32|          0|
    |mean_load_6_reg_1612                                           |  32|   0|   32|          0|
    |mean_load_7_reg_1622                                           |  32|   0|   32|          0|
    |mean_load_8_reg_1652                                           |  32|   0|   32|          0|
    |mean_load_9_reg_1662                                           |  32|   0|   32|          0|
    |mean_load_reg_1492                                             |  32|   0|   32|          0|
    |mul1_reg_2001                                                  |  32|   0|   32|          0|
    |mul31_10_reg_2111                                              |  32|   0|   32|          0|
    |mul31_11_reg_2121                                              |  32|   0|   32|          0|
    |mul31_12_reg_2131                                              |  32|   0|   32|          0|
    |mul31_13_reg_2141                                              |  32|   0|   32|          0|
    |mul31_14_reg_2151                                              |  32|   0|   32|          0|
    |mul31_1_reg_2011                                               |  32|   0|   32|          0|
    |mul31_2_reg_2021                                               |  32|   0|   32|          0|
    |mul31_3_reg_2031                                               |  32|   0|   32|          0|
    |mul31_4_reg_2041                                               |  32|   0|   32|          0|
    |mul31_5_reg_2051                                               |  32|   0|   32|          0|
    |mul31_6_reg_2061                                               |  32|   0|   32|          0|
    |mul31_7_reg_2071                                               |  32|   0|   32|          0|
    |mul31_8_reg_2081                                               |  32|   0|   32|          0|
    |mul31_9_reg_2091                                               |  32|   0|   32|          0|
    |mul31_s_reg_2101                                               |  32|   0|   32|          0|
    |start_once_reg                                                 |   1|   0|    1|          0|
    |sub_10_reg_2222                                                |  32|   0|   32|          0|
    |sub_11_reg_2228                                                |  32|   0|   32|          0|
    |sub_12_reg_2234                                                |  32|   0|   32|          0|
    |sub_13_reg_2240                                                |  32|   0|   32|          0|
    |sub_14_reg_2246                                                |  32|   0|   32|          0|
    |sub_1_reg_2162                                                 |  32|   0|   32|          0|
    |sub_2_reg_2168                                                 |  32|   0|   32|          0|
    |sub_3_reg_2174                                                 |  32|   0|   32|          0|
    |sub_4_reg_2180                                                 |  32|   0|   32|          0|
    |sub_5_reg_2186                                                 |  32|   0|   32|          0|
    |sub_6_reg_2192                                                 |  32|   0|   32|          0|
    |sub_7_reg_2198                                                 |  32|   0|   32|          0|
    |sub_8_reg_2204                                                 |  32|   0|   32|          0|
    |sub_9_reg_2210                                                 |  32|   0|   32|          0|
    |sub_reg_2156                                                   |  32|   0|   32|          0|
    |sub_s_reg_2216                                                 |  32|   0|   32|          0|
    |tmp_1188_reg_2422                                              |  64|   0|   64|          0|
    |tmp_1189_reg_2427                                              |  64|   0|   64|          0|
    |tmp_1190_reg_2432                                              |  64|   0|   64|          0|
    |tmp_1191_reg_2437                                              |  64|   0|   64|          0|
    |tmp_1192_reg_2442                                              |  64|   0|   64|          0|
    |tmp_1193_reg_2447                                              |  64|   0|   64|          0|
    |tmp_1194_reg_2452                                              |  64|   0|   64|          0|
    |tmp_1195_reg_2457                                              |  64|   0|   64|          0|
    |tmp_1196_reg_2462                                              |  64|   0|   64|          0|
    |tmp_1197_reg_2467                                              |  64|   0|   64|          0|
    |tmp_1198_reg_2472                                              |  64|   0|   64|          0|
    |tmp_1199_reg_2477                                              |  64|   0|   64|          0|
    |tmp_1200_reg_2482                                              |  64|   0|   64|          0|
    |tmp_1201_reg_2487                                              |  64|   0|   64|          0|
    |tmp_reg_2412                                                   |  64|   0|   64|          0|
    |tmp_s_reg_2417                                                 |  64|   0|   64|          0|
    |var_load_10_reg_1697                                           |  32|   0|   32|          0|
    |var_load_11_reg_1707                                           |  32|   0|   32|          0|
    |var_load_12_reg_1737                                           |  32|   0|   32|          0|
    |var_load_13_reg_1747                                           |  32|   0|   32|          0|
    |var_load_14_reg_1757                                           |  32|   0|   32|          0|
    |var_load_15_reg_1767                                           |  32|   0|   32|          0|
    |var_load_1_reg_1507                                            |  32|   0|   32|          0|
    |var_load_2_reg_1537                                            |  32|   0|   32|          0|
    |var_load_3_reg_1547                                            |  32|   0|   32|          0|
    |var_load_4_reg_1577                                            |  32|   0|   32|          0|
    |var_load_5_reg_1587                                            |  32|   0|   32|          0|
    |var_load_6_reg_1617                                            |  32|   0|   32|          0|
    |var_load_7_reg_1627                                            |  32|   0|   32|          0|
    |var_load_8_reg_1657                                            |  32|   0|   32|          0|
    |var_load_9_reg_1667                                            |  32|   0|   32|          0|
    |var_load_reg_1497                                              |  32|   0|   32|          0|
    +---------------------------------------------------------------+----+----+-----+-----------+
    |Total                                                          |6226|   0| 6226|          0|
    +---------------------------------------------------------------+----+----+-----+-----------+



================================================================
== Interface
================================================================
* Summary: 
+--------------------------+-----+-----+------------+---------------+--------------+
|         RTL Ports        | Dir | Bits|  Protocol  | Source Object |    C Type    |
+--------------------------+-----+-----+------------+---------------+--------------+
|ap_clk                    |   in|    1|  ap_ctrl_hs|  Layer_norm1.1|  return value|
|ap_rst                    |   in|    1|  ap_ctrl_hs|  Layer_norm1.1|  return value|
|ap_start                  |   in|    1|  ap_ctrl_hs|  Layer_norm1.1|  return value|
|start_full_n              |   in|    1|  ap_ctrl_hs|  Layer_norm1.1|  return value|
|ap_done                   |  out|    1|  ap_ctrl_hs|  Layer_norm1.1|  return value|
|ap_continue               |   in|    1|  ap_ctrl_hs|  Layer_norm1.1|  return value|
|ap_idle                   |  out|    1|  ap_ctrl_hs|  Layer_norm1.1|  return value|
|ap_ready                  |  out|    1|  ap_ctrl_hs|  Layer_norm1.1|  return value|
|start_out                 |  out|    1|  ap_ctrl_hs|  Layer_norm1.1|  return value|
|start_write               |  out|    1|  ap_ctrl_hs|  Layer_norm1.1|  return value|
|outp_res1_dout            |   in|  512|     ap_fifo|      outp_res1|       pointer|
|outp_res1_num_data_valid  |   in|    3|     ap_fifo|      outp_res1|       pointer|
|outp_res1_fifo_cap        |   in|    3|     ap_fifo|      outp_res1|       pointer|
|outp_res1_empty_n         |   in|    1|     ap_fifo|      outp_res1|       pointer|
|outp_res1_read            |  out|    1|     ap_fifo|      outp_res1|       pointer|
|outp_ln1_din              |  out|  512|     ap_fifo|       outp_ln1|       pointer|
|outp_ln1_num_data_valid   |   in|    3|     ap_fifo|       outp_ln1|       pointer|
|outp_ln1_fifo_cap         |   in|    3|     ap_fifo|       outp_ln1|       pointer|
|outp_ln1_full_n           |   in|    1|     ap_fifo|       outp_ln1|       pointer|
|outp_ln1_write            |  out|    1|     ap_fifo|       outp_ln1|       pointer|
+--------------------------+-----+-----+------------+---------------+--------------+

