

================================================================
== Vitis HLS Report for 'Context_layer'
================================================================
* Date:           Sun Sep  3 07:04:16 2023

* Version:        2022.1.2 (Build 3605665 on Fri Aug  5 22:52:02 MDT 2022)
* Project:        out.prj
* Solution:       solution1 (Vivado IP Flow Target)
* Product family: zynq
* Target device:  xc7z020-clg484-1


================================================================
== Performance Estimates
================================================================
+ Timing: 
    * Summary: 
    +--------+----------+----------+------------+
    |  Clock |  Target  | Estimated| Uncertainty|
    +--------+----------+----------+------------+
    |ap_clk  |  10.00 ns|  7.171 ns|     2.70 ns|
    +--------+----------+----------+------------+

+ Latency: 
    * Summary: 
    +---------+---------+-----------+-----------+------+------+---------+
    |  Latency (cycles) |   Latency (absolute)  |   Interval  | Pipeline|
    |   min   |   max   |    min    |    max    |  min |  max |   Type  |
    +---------+---------+-----------+-----------+------+------+---------+
    |     2169|     2169|  21.690 us|  21.690 us|  2169|  2169|       no|
    +---------+---------+-----------+-----------+------+------+---------+

    + Detail: 
        * Instance: 
        N/A

        * Loop: 
        +--------------------+---------+---------+----------+-----------+-----------+------+----------+
        |                    |  Latency (cycles) | Iteration|  Initiation Interval  | Trip |          |
        |      Loop Name     |   min   |   max   |  Latency |  achieved |   target  | Count| Pipelined|
        +--------------------+---------+---------+----------+-----------+-----------+------+----------+
        |- VITIS_LOOP_294_1  |       12|       12|         1|          -|          -|    12|        no|
        |- VITIS_LOOP_298_2  |       64|       64|         1|          -|          -|    64|        no|
        +--------------------+---------+---------+----------+-----------+-----------+------+----------+

============================================================
+ Verbose Summary: Synthesis Manager
============================================================
InlineROM: 1
ExposeGlobal: 0
============================================================
+ Verbose Summary: CDFG Model
============================================================
IsTopModel: 0
ResetActiveHigh: 1
IsCombinational: 0
IsDatapathOnly: 0
HasWiredReturn: 1
HasMFsm: 0
HasVarLatency: 1
IsPipeline: 0
IsRtlPipelined: 0
IsInstanceOverlapped: 0
IsDontTouch: 0
HasImplIP: 0
IsGatedGlobalClock: 0


============================================================
+ Verbose Summary: Schedule
============================================================
* Number of FSM states : 40
* Pipeline : 0
* Dataflow Pipeline: 0

* FSM state transitions: 
1 --> 2 
2 --> 2 3 
3 --> 4 3 
4 --> 5 
5 --> 6 
6 --> 7 
7 --> 8 
8 --> 9 
9 --> 10 
10 --> 11 
11 --> 12 
12 --> 13 
13 --> 14 
14 --> 15 
15 --> 16 
16 --> 17 
17 --> 18 
18 --> 19 
19 --> 20 
20 --> 21 
21 --> 22 
22 --> 23 
23 --> 24 
24 --> 25 
25 --> 26 
26 --> 27 
27 --> 28 
28 --> 29 
29 --> 30 
30 --> 31 
31 --> 32 
32 --> 33 
33 --> 34 
34 --> 35 
35 --> 36 
36 --> 37 
37 --> 38 
38 --> 39 
39 --> 40 
40 --> 

* FSM state operations: 

State 1 <SV = 0> <Delay = 1.58>
ST_1 : Operation 41 [1/1] (0.00ns)   --->   "%v171 = alloca i32 1"   --->   Operation 41 'alloca' 'v171' <Predicate = true> <Delay = 0.00>
ST_1 : Operation 42 [1/1] (0.00ns)   --->   "%max_Attn = alloca i64 1" [kernel.cpp:293]   --->   Operation 42 'alloca' 'max_Attn' <Predicate = true> <Delay = 0.00> <CoreInst = "RAM">   --->   Core 82 'RAM' <Latency = 1> <II = 1> <Delay = 2.32> <Storage> <Opcode : 'load' 'store'> <Ports = 2> <Width = 32> <Depth = 12> <RAM>
ST_1 : Operation 43 [1/1] (0.00ns)   --->   "%max_V_h = alloca i64 1" [kernel.cpp:297]   --->   Operation 43 'alloca' 'max_V_h' <Predicate = true> <Delay = 0.00> <CoreInst = "RAM">   --->   Core 82 'RAM' <Latency = 1> <II = 1> <Delay = 3.25> <Storage> <Opcode : 'load' 'store'> <Ports = 2> <Width = 32> <Depth = 64> <RAM>
ST_1 : Operation 44 [1/1] (0.00ns)   --->   "%q_Attn_V_0 = alloca i64 1" [kernel.cpp:301]   --->   Operation 44 'alloca' 'q_Attn_V_0' <Predicate = true> <Delay = 0.00>
ST_1 : Operation 45 [1/1] (0.00ns)   --->   "%q_Attn_V_1 = alloca i64 1" [kernel.cpp:301]   --->   Operation 45 'alloca' 'q_Attn_V_1' <Predicate = true> <Delay = 0.00>
ST_1 : Operation 46 [1/1] (0.00ns)   --->   "%q_Attn_V_2 = alloca i64 1" [kernel.cpp:301]   --->   Operation 46 'alloca' 'q_Attn_V_2' <Predicate = true> <Delay = 0.00>
ST_1 : Operation 47 [1/1] (0.00ns)   --->   "%q_Attn_V_3 = alloca i64 1" [kernel.cpp:301]   --->   Operation 47 'alloca' 'q_Attn_V_3' <Predicate = true> <Delay = 0.00>
ST_1 : Operation 48 [1/1] (0.00ns)   --->   "%q_Attn_V_4 = alloca i64 1" [kernel.cpp:301]   --->   Operation 48 'alloca' 'q_Attn_V_4' <Predicate = true> <Delay = 0.00>
ST_1 : Operation 49 [1/1] (0.00ns)   --->   "%q_Attn_V_5 = alloca i64 1" [kernel.cpp:301]   --->   Operation 49 'alloca' 'q_Attn_V_5' <Predicate = true> <Delay = 0.00>
ST_1 : Operation 50 [1/1] (0.00ns)   --->   "%q_Attn_V_6 = alloca i64 1" [kernel.cpp:301]   --->   Operation 50 'alloca' 'q_Attn_V_6' <Predicate = true> <Delay = 0.00>
ST_1 : Operation 51 [1/1] (0.00ns)   --->   "%q_Attn_V_7 = alloca i64 1" [kernel.cpp:301]   --->   Operation 51 'alloca' 'q_Attn_V_7' <Predicate = true> <Delay = 0.00>
ST_1 : Operation 52 [1/1] (0.00ns)   --->   "%q_Attn_V_8 = alloca i64 1" [kernel.cpp:301]   --->   Operation 52 'alloca' 'q_Attn_V_8' <Predicate = true> <Delay = 0.00>
ST_1 : Operation 53 [1/1] (0.00ns)   --->   "%q_Attn_V_9 = alloca i64 1" [kernel.cpp:301]   --->   Operation 53 'alloca' 'q_Attn_V_9' <Predicate = true> <Delay = 0.00>
ST_1 : Operation 54 [1/1] (0.00ns)   --->   "%q_Attn_V_10 = alloca i64 1" [kernel.cpp:301]   --->   Operation 54 'alloca' 'q_Attn_V_10' <Predicate = true> <Delay = 0.00>
ST_1 : Operation 55 [1/1] (0.00ns)   --->   "%q_Attn_V_11 = alloca i64 1" [kernel.cpp:301]   --->   Operation 55 'alloca' 'q_Attn_V_11' <Predicate = true> <Delay = 0.00>
ST_1 : Operation 56 [1/1] (0.00ns)   --->   "%q_V_h_V_0 = alloca i64 1" [kernel.cpp:302]   --->   Operation 56 'alloca' 'q_V_h_V_0' <Predicate = true> <Delay = 0.00>
ST_1 : Operation 57 [1/1] (0.00ns)   --->   "%q_V_h_V_1 = alloca i64 1" [kernel.cpp:302]   --->   Operation 57 'alloca' 'q_V_h_V_1' <Predicate = true> <Delay = 0.00>
ST_1 : Operation 58 [1/1] (0.00ns)   --->   "%q_V_h_V_2 = alloca i64 1" [kernel.cpp:302]   --->   Operation 58 'alloca' 'q_V_h_V_2' <Predicate = true> <Delay = 0.00>
ST_1 : Operation 59 [1/1] (0.00ns)   --->   "%q_V_h_V_3 = alloca i64 1" [kernel.cpp:302]   --->   Operation 59 'alloca' 'q_V_h_V_3' <Predicate = true> <Delay = 0.00>
ST_1 : Operation 60 [1/1] (0.00ns)   --->   "%q_V_h_V_4 = alloca i64 1" [kernel.cpp:302]   --->   Operation 60 'alloca' 'q_V_h_V_4' <Predicate = true> <Delay = 0.00>
ST_1 : Operation 61 [1/1] (0.00ns)   --->   "%q_V_h_V_5 = alloca i64 1" [kernel.cpp:302]   --->   Operation 61 'alloca' 'q_V_h_V_5' <Predicate = true> <Delay = 0.00>
ST_1 : Operation 62 [1/1] (0.00ns)   --->   "%q_V_h_V_6 = alloca i64 1" [kernel.cpp:302]   --->   Operation 62 'alloca' 'q_V_h_V_6' <Predicate = true> <Delay = 0.00>
ST_1 : Operation 63 [1/1] (0.00ns)   --->   "%q_V_h_V_7 = alloca i64 1" [kernel.cpp:302]   --->   Operation 63 'alloca' 'q_V_h_V_7' <Predicate = true> <Delay = 0.00>
ST_1 : Operation 64 [1/1] (0.00ns)   --->   "%q_V_h_V_8 = alloca i64 1" [kernel.cpp:302]   --->   Operation 64 'alloca' 'q_V_h_V_8' <Predicate = true> <Delay = 0.00>
ST_1 : Operation 65 [1/1] (0.00ns)   --->   "%q_V_h_V_9 = alloca i64 1" [kernel.cpp:302]   --->   Operation 65 'alloca' 'q_V_h_V_9' <Predicate = true> <Delay = 0.00>
ST_1 : Operation 66 [1/1] (0.00ns)   --->   "%q_V_h_V_10 = alloca i64 1" [kernel.cpp:302]   --->   Operation 66 'alloca' 'q_V_h_V_10' <Predicate = true> <Delay = 0.00>
ST_1 : Operation 67 [1/1] (0.00ns)   --->   "%q_V_h_V_11 = alloca i64 1" [kernel.cpp:302]   --->   Operation 67 'alloca' 'q_V_h_V_11' <Predicate = true> <Delay = 0.00>
ST_1 : Operation 68 [1/1] (0.00ns)   --->   "%q_outp2 = alloca i64 1" [kernel.cpp:303]   --->   Operation 68 'alloca' 'q_outp2' <Predicate = true> <Delay = 0.00>
ST_1 : Operation 69 [1/1] (1.58ns)   --->   "%store_ln294 = store i4 0, i4 %v171" [kernel.cpp:294]   --->   Operation 69 'store' 'store_ln294' <Predicate = true> <Delay = 1.58>
ST_1 : Operation 70 [1/1] (0.00ns)   --->   "%br_ln294 = br void %for.inc" [kernel.cpp:294]   --->   Operation 70 'br' 'br_ln294' <Predicate = true> <Delay = 0.00>

State 2 <SV = 1> <Delay = 3.62>
ST_2 : Operation 71 [1/1] (0.00ns)   --->   "%v171_1 = load i4 %v171" [kernel.cpp:294]   --->   Operation 71 'load' 'v171_1' <Predicate = true> <Delay = 0.00>
ST_2 : Operation 72 [1/1] (0.00ns)   --->   "%zext_ln294 = zext i4 %v171_1" [kernel.cpp:294]   --->   Operation 72 'zext' 'zext_ln294' <Predicate = true> <Delay = 0.00>
ST_2 : Operation 73 [1/1] (1.30ns)   --->   "%icmp_ln294 = icmp_eq  i4 %v171_1, i4 12" [kernel.cpp:294]   --->   Operation 73 'icmp' 'icmp_ln294' <Predicate = true> <Delay = 1.30> <CoreInst = "Cmp">   --->   Core 9 'Cmp' <Latency = 0> <II = 1> <Delay = 1.30> <FuncUnit> <Opcode : 'icmp'> <InPorts = 2> <OutPorts = 1>
ST_2 : Operation 74 [1/1] (0.00ns)   --->   "%empty = speclooptripcount i32 @_ssdm_op_SpecLoopTripCount, i64 12, i64 12, i64 12"   --->   Operation 74 'speclooptripcount' 'empty' <Predicate = true> <Delay = 0.00>
ST_2 : Operation 75 [1/1] (1.73ns)   --->   "%add_ln294 = add i4 %v171_1, i4 1" [kernel.cpp:294]   --->   Operation 75 'add' 'add_ln294' <Predicate = true> <Delay = 1.73> <CoreInst = "Adder">   --->   Core 1 'Adder' <Latency = 0> <II = 1> <Delay = 1.73> <FuncUnit> <Opcode : 'add' 'sub'> <InPorts = 2> <OutPorts = 1>
ST_2 : Operation 76 [1/1] (0.00ns)   --->   "%br_ln294 = br i1 %icmp_ln294, void %for.inc.split, void %for.inc7.preheader" [kernel.cpp:294]   --->   Operation 76 'br' 'br_ln294' <Predicate = true> <Delay = 0.00>
ST_2 : Operation 77 [1/1] (0.00ns)   --->   "%specloopname_ln294 = specloopname void @_ssdm_op_SpecLoopName, void @empty_29" [kernel.cpp:294]   --->   Operation 77 'specloopname' 'specloopname_ln294' <Predicate = (!icmp_ln294)> <Delay = 0.00>
ST_2 : Operation 78 [1/1] (0.00ns)   --->   "%max_Attn_addr = getelementptr i32 %max_Attn, i64 0, i64 %zext_ln294" [kernel.cpp:295]   --->   Operation 78 'getelementptr' 'max_Attn_addr' <Predicate = (!icmp_ln294)> <Delay = 0.00>
ST_2 : Operation 79 [1/1] (2.32ns)   --->   "%store_ln295 = store i32 0, i4 %max_Attn_addr" [kernel.cpp:295]   --->   Operation 79 'store' 'store_ln295' <Predicate = (!icmp_ln294)> <Delay = 2.32> <CoreInst = "RAM">   --->   Core 82 'RAM' <Latency = 1> <II = 1> <Delay = 2.32> <Storage> <Opcode : 'load' 'store'> <Ports = 2> <Width = 32> <Depth = 12> <RAM>
ST_2 : Operation 80 [1/1] (1.58ns)   --->   "%store_ln294 = store i4 %add_ln294, i4 %v171" [kernel.cpp:294]   --->   Operation 80 'store' 'store_ln294' <Predicate = (!icmp_ln294)> <Delay = 1.58>
ST_2 : Operation 81 [1/1] (0.00ns)   --->   "%br_ln294 = br void %for.inc" [kernel.cpp:294]   --->   Operation 81 'br' 'br_ln294' <Predicate = (!icmp_ln294)> <Delay = 0.00>
ST_2 : Operation 82 [1/1] (0.00ns)   --->   "%v173 = alloca i32 1"   --->   Operation 82 'alloca' 'v173' <Predicate = (icmp_ln294)> <Delay = 0.00>
ST_2 : Operation 83 [1/1] (1.58ns)   --->   "%store_ln298 = store i7 0, i7 %v173" [kernel.cpp:298]   --->   Operation 83 'store' 'store_ln298' <Predicate = (icmp_ln294)> <Delay = 1.58>
ST_2 : Operation 84 [1/1] (0.00ns)   --->   "%br_ln298 = br void %for.inc7" [kernel.cpp:298]   --->   Operation 84 'br' 'br_ln298' <Predicate = (icmp_ln294)> <Delay = 0.00>

State 3 <SV = 2> <Delay = 4.74>
ST_3 : Operation 85 [1/1] (0.00ns)   --->   "%v173_1 = load i7 %v173" [kernel.cpp:298]   --->   Operation 85 'load' 'v173_1' <Predicate = true> <Delay = 0.00>
ST_3 : Operation 86 [1/1] (0.00ns)   --->   "%zext_ln298 = zext i7 %v173_1" [kernel.cpp:298]   --->   Operation 86 'zext' 'zext_ln298' <Predicate = true> <Delay = 0.00>
ST_3 : Operation 87 [1/1] (1.48ns)   --->   "%icmp_ln298 = icmp_eq  i7 %v173_1, i7 64" [kernel.cpp:298]   --->   Operation 87 'icmp' 'icmp_ln298' <Predicate = true> <Delay = 1.48> <CoreInst = "Cmp">   --->   Core 9 'Cmp' <Latency = 0> <II = 1> <Delay = 1.48> <FuncUnit> <Opcode : 'icmp'> <InPorts = 2> <OutPorts = 1>
ST_3 : Operation 88 [1/1] (0.00ns)   --->   "%empty_433 = speclooptripcount i32 @_ssdm_op_SpecLoopTripCount, i64 64, i64 64, i64 64"   --->   Operation 88 'speclooptripcount' 'empty_433' <Predicate = true> <Delay = 0.00>
ST_3 : Operation 89 [1/1] (1.87ns)   --->   "%add_ln298 = add i7 %v173_1, i7 1" [kernel.cpp:298]   --->   Operation 89 'add' 'add_ln298' <Predicate = true> <Delay = 1.87> <CoreInst = "Adder">   --->   Core 1 'Adder' <Latency = 0> <II = 1> <Delay = 1.87> <FuncUnit> <Opcode : 'add' 'sub'> <InPorts = 2> <OutPorts = 1>
ST_3 : Operation 90 [1/1] (0.00ns)   --->   "%br_ln298 = br i1 %icmp_ln298, void %for.inc7.split, void %for.inc43.preheader" [kernel.cpp:298]   --->   Operation 90 'br' 'br_ln298' <Predicate = true> <Delay = 0.00>
ST_3 : Operation 91 [1/1] (0.00ns)   --->   "%specloopname_ln298 = specloopname void @_ssdm_op_SpecLoopName, void @empty_5" [kernel.cpp:298]   --->   Operation 91 'specloopname' 'specloopname_ln298' <Predicate = (!icmp_ln298)> <Delay = 0.00>
ST_3 : Operation 92 [1/1] (0.00ns)   --->   "%max_V_h_addr = getelementptr i32 %max_V_h, i64 0, i64 %zext_ln298" [kernel.cpp:299]   --->   Operation 92 'getelementptr' 'max_V_h_addr' <Predicate = (!icmp_ln298)> <Delay = 0.00>
ST_3 : Operation 93 [1/1] (3.25ns)   --->   "%store_ln299 = store i32 0, i6 %max_V_h_addr" [kernel.cpp:299]   --->   Operation 93 'store' 'store_ln299' <Predicate = (!icmp_ln298)> <Delay = 3.25> <CoreInst = "RAM">   --->   Core 82 'RAM' <Latency = 1> <II = 1> <Delay = 3.25> <Storage> <Opcode : 'load' 'store'> <Ports = 2> <Width = 32> <Depth = 64> <RAM>
ST_3 : Operation 94 [1/1] (1.58ns)   --->   "%store_ln298 = store i7 %add_ln298, i7 %v173" [kernel.cpp:298]   --->   Operation 94 'store' 'store_ln298' <Predicate = (!icmp_ln298)> <Delay = 1.58>
ST_3 : Operation 95 [1/1] (0.00ns)   --->   "%br_ln298 = br void %for.inc7" [kernel.cpp:298]   --->   Operation 95 'br' 'br_ln298' <Predicate = (!icmp_ln298)> <Delay = 0.00>
ST_3 : Operation 96 [2/2] (0.00ns)   --->   "%call_ln0 = call void @Context_layer_Pipeline_VITIS_LOOP_304_3_VITIS_LOOP_305_4, i32 %q_outp2"   --->   Operation 96 'call' 'call_ln0' <Predicate = (icmp_ln298)> <Delay = 0.00> <CoreType = "Generic">   --->   Core 0 '' <Latency = 0> <II = 1> <Delay = 1.00> <Generic> <Opcode : >
ST_3 : Operation 97 [2/2] (0.00ns)   --->   "%call_ln0 = call void @Context_layer_Pipeline_l_max_Attn_i14, i32 %max_Attn, i32 %v167_0, i32 %v167_1, i32 %v167_2, i32 %v167_3, i32 %v167_4, i32 %v167_5, i32 %v167_6, i32 %v167_7, i32 %v167_8, i32 %v167_9, i32 %v167_10, i32 %v167_11"   --->   Operation 97 'call' 'call_ln0' <Predicate = (icmp_ln298)> <Delay = 0.00> <CoreType = "Generic">   --->   Core 0 '' <Latency = 0> <II = 1> <Delay = 1.00> <Generic> <Opcode : >
ST_3 : Operation 98 [2/2] (0.00ns)   --->   "%call_ln0 = call void @Context_layer_Pipeline_l_max_V_h_j15, i32 %v168, i32 %max_V_h"   --->   Operation 98 'call' 'call_ln0' <Predicate = (icmp_ln298)> <Delay = 0.00> <CoreType = "Generic">   --->   Core 0 '' <Latency = 0> <II = 1> <Delay = 1.00> <Generic> <Opcode : >

State 4 <SV = 3> <Delay = 0.00>
ST_4 : Operation 99 [1/2] (0.00ns)   --->   "%call_ln0 = call void @Context_layer_Pipeline_VITIS_LOOP_304_3_VITIS_LOOP_305_4, i32 %q_outp2"   --->   Operation 99 'call' 'call_ln0' <Predicate = true> <Delay = 0.00> <CoreType = "Generic">   --->   Core 0 '' <Latency = 0> <II = 1> <Delay = 1.00> <Generic> <Opcode : >
ST_4 : Operation 100 [1/2] (0.00ns)   --->   "%call_ln0 = call void @Context_layer_Pipeline_l_max_Attn_i14, i32 %max_Attn, i32 %v167_0, i32 %v167_1, i32 %v167_2, i32 %v167_3, i32 %v167_4, i32 %v167_5, i32 %v167_6, i32 %v167_7, i32 %v167_8, i32 %v167_9, i32 %v167_10, i32 %v167_11"   --->   Operation 100 'call' 'call_ln0' <Predicate = true> <Delay = 0.00> <CoreType = "Generic">   --->   Core 0 '' <Latency = 0> <II = 1> <Delay = 1.00> <Generic> <Opcode : >
ST_4 : Operation 101 [1/2] (0.00ns)   --->   "%call_ln0 = call void @Context_layer_Pipeline_l_max_V_h_j15, i32 %v168, i32 %max_V_h"   --->   Operation 101 'call' 'call_ln0' <Predicate = true> <Delay = 0.00> <CoreType = "Generic">   --->   Core 0 '' <Latency = 0> <II = 1> <Delay = 1.00> <Generic> <Opcode : >

State 5 <SV = 4> <Delay = 0.00>
ST_5 : Operation 102 [2/2] (0.00ns)   --->   "%call_ln0 = call void @Context_layer_Pipeline_l_Attn_to_int_i16, i32 %max_Attn, i32 %v167_0, i12 %q_Attn_V_0, i32 %v167_1, i12 %q_Attn_V_1, i32 %v167_2, i12 %q_Attn_V_2, i32 %v167_3, i12 %q_Attn_V_3, i32 %v167_4, i12 %q_Attn_V_4, i32 %v167_5, i12 %q_Attn_V_5, i32 %v167_6, i12 %q_Attn_V_6, i32 %v167_7, i12 %q_Attn_V_7, i32 %v167_8, i12 %q_Attn_V_8, i32 %v167_9, i12 %q_Attn_V_9, i32 %v167_10, i12 %q_Attn_V_10, i32 %v167_11, i12 %q_Attn_V_11"   --->   Operation 102 'call' 'call_ln0' <Predicate = true> <Delay = 0.00> <CoreType = "Generic">   --->   Core 0 '' <Latency = 0> <II = 1> <Delay = 1.00> <Generic> <Opcode : >
ST_5 : Operation 103 [2/2] (0.00ns)   --->   "%call_ln0 = call void @Context_layer_Pipeline_l_V_h_to_int_j17, i32 %v168, i32 %max_V_h, i12 %q_V_h_V_0, i12 %q_V_h_V_1, i12 %q_V_h_V_2, i12 %q_V_h_V_3, i12 %q_V_h_V_4, i12 %q_V_h_V_5, i12 %q_V_h_V_6, i12 %q_V_h_V_7, i12 %q_V_h_V_8, i12 %q_V_h_V_9, i12 %q_V_h_V_10, i12 %q_V_h_V_11"   --->   Operation 103 'call' 'call_ln0' <Predicate = true> <Delay = 0.00> <CoreType = "Generic">   --->   Core 0 '' <Latency = 0> <II = 1> <Delay = 1.00> <Generic> <Opcode : >

State 6 <SV = 5> <Delay = 0.00>
ST_6 : Operation 104 [1/2] (0.00ns)   --->   "%call_ln0 = call void @Context_layer_Pipeline_l_Attn_to_int_i16, i32 %max_Attn, i32 %v167_0, i12 %q_Attn_V_0, i32 %v167_1, i12 %q_Attn_V_1, i32 %v167_2, i12 %q_Attn_V_2, i32 %v167_3, i12 %q_Attn_V_3, i32 %v167_4, i12 %q_Attn_V_4, i32 %v167_5, i12 %q_Attn_V_5, i32 %v167_6, i12 %q_Attn_V_6, i32 %v167_7, i12 %q_Attn_V_7, i32 %v167_8, i12 %q_Attn_V_8, i32 %v167_9, i12 %q_Attn_V_9, i32 %v167_10, i12 %q_Attn_V_10, i32 %v167_11, i12 %q_Attn_V_11"   --->   Operation 104 'call' 'call_ln0' <Predicate = true> <Delay = 0.00> <CoreType = "Generic">   --->   Core 0 '' <Latency = 0> <II = 1> <Delay = 1.00> <Generic> <Opcode : >
ST_6 : Operation 105 [1/2] (0.00ns)   --->   "%call_ln0 = call void @Context_layer_Pipeline_l_V_h_to_int_j17, i32 %v168, i32 %max_V_h, i12 %q_V_h_V_0, i12 %q_V_h_V_1, i12 %q_V_h_V_2, i12 %q_V_h_V_3, i12 %q_V_h_V_4, i12 %q_V_h_V_5, i12 %q_V_h_V_6, i12 %q_V_h_V_7, i12 %q_V_h_V_8, i12 %q_V_h_V_9, i12 %q_V_h_V_10, i12 %q_V_h_V_11"   --->   Operation 105 'call' 'call_ln0' <Predicate = true> <Delay = 0.00> <CoreType = "Generic">   --->   Core 0 '' <Latency = 0> <II = 1> <Delay = 1.00> <Generic> <Opcode : >

State 7 <SV = 6> <Delay = 3.25>
ST_7 : Operation 106 [2/2] (0.00ns)   --->   "%call_ln0 = call void @Context_layer_Pipeline_l_gemm_i18_l_j18, i12 %q_Attn_V_0, i12 %q_Attn_V_1, i12 %q_Attn_V_2, i12 %q_Attn_V_3, i12 %q_Attn_V_4, i12 %q_Attn_V_5, i12 %q_Attn_V_6, i12 %q_Attn_V_7, i12 %q_Attn_V_8, i12 %q_Attn_V_9, i12 %q_Attn_V_10, i12 %q_Attn_V_11, i32 %q_outp2, i12 %q_V_h_V_0, i12 %q_V_h_V_1, i12 %q_V_h_V_2, i12 %q_V_h_V_3, i12 %q_V_h_V_4, i12 %q_V_h_V_5, i12 %q_V_h_V_6, i12 %q_V_h_V_7, i12 %q_V_h_V_8, i12 %q_V_h_V_9, i12 %q_V_h_V_10, i12 %q_V_h_V_11"   --->   Operation 106 'call' 'call_ln0' <Predicate = true> <Delay = 0.00> <CoreType = "Generic">   --->   Core 0 '' <Latency = 0> <II = 1> <Delay = 1.00> <Generic> <Opcode : >
ST_7 : Operation 107 [1/1] (0.00ns)   --->   "%max_V_h_addr_1 = getelementptr i32 %max_V_h, i64 0, i64 0" [kernel.cpp:400]   --->   Operation 107 'getelementptr' 'max_V_h_addr_1' <Predicate = true> <Delay = 0.00>
ST_7 : Operation 108 [2/2] (3.25ns)   --->   "%max_V_h_load = load i6 %max_V_h_addr_1" [kernel.cpp:400]   --->   Operation 108 'load' 'max_V_h_load' <Predicate = true> <Delay = 3.25> <CoreInst = "RAM">   --->   Core 82 'RAM' <Latency = 1> <II = 1> <Delay = 3.25> <Storage> <Opcode : 'load' 'store'> <Ports = 2> <Width = 32> <Depth = 64> <RAM>
ST_7 : Operation 109 [1/1] (0.00ns)   --->   "%max_V_h_addr_2 = getelementptr i32 %max_V_h, i64 0, i64 1" [kernel.cpp:400]   --->   Operation 109 'getelementptr' 'max_V_h_addr_2' <Predicate = true> <Delay = 0.00>
ST_7 : Operation 110 [2/2] (3.25ns)   --->   "%max_V_h_load_1 = load i6 %max_V_h_addr_2" [kernel.cpp:400]   --->   Operation 110 'load' 'max_V_h_load_1' <Predicate = true> <Delay = 3.25> <CoreInst = "RAM">   --->   Core 82 'RAM' <Latency = 1> <II = 1> <Delay = 3.25> <Storage> <Opcode : 'load' 'store'> <Ports = 2> <Width = 32> <Depth = 64> <RAM>

State 8 <SV = 7> <Delay = 3.25>
ST_8 : Operation 111 [1/2] (0.00ns)   --->   "%call_ln0 = call void @Context_layer_Pipeline_l_gemm_i18_l_j18, i12 %q_Attn_V_0, i12 %q_Attn_V_1, i12 %q_Attn_V_2, i12 %q_Attn_V_3, i12 %q_Attn_V_4, i12 %q_Attn_V_5, i12 %q_Attn_V_6, i12 %q_Attn_V_7, i12 %q_Attn_V_8, i12 %q_Attn_V_9, i12 %q_Attn_V_10, i12 %q_Attn_V_11, i32 %q_outp2, i12 %q_V_h_V_0, i12 %q_V_h_V_1, i12 %q_V_h_V_2, i12 %q_V_h_V_3, i12 %q_V_h_V_4, i12 %q_V_h_V_5, i12 %q_V_h_V_6, i12 %q_V_h_V_7, i12 %q_V_h_V_8, i12 %q_V_h_V_9, i12 %q_V_h_V_10, i12 %q_V_h_V_11"   --->   Operation 111 'call' 'call_ln0' <Predicate = true> <Delay = 0.00> <CoreType = "Generic">   --->   Core 0 '' <Latency = 0> <II = 1> <Delay = 1.00> <Generic> <Opcode : >
ST_8 : Operation 112 [1/2] (3.25ns)   --->   "%max_V_h_load = load i6 %max_V_h_addr_1" [kernel.cpp:400]   --->   Operation 112 'load' 'max_V_h_load' <Predicate = true> <Delay = 3.25> <CoreInst = "RAM">   --->   Core 82 'RAM' <Latency = 1> <II = 1> <Delay = 3.25> <Storage> <Opcode : 'load' 'store'> <Ports = 2> <Width = 32> <Depth = 64> <RAM>
ST_8 : Operation 113 [1/2] (3.25ns)   --->   "%max_V_h_load_1 = load i6 %max_V_h_addr_2" [kernel.cpp:400]   --->   Operation 113 'load' 'max_V_h_load_1' <Predicate = true> <Delay = 3.25> <CoreInst = "RAM">   --->   Core 82 'RAM' <Latency = 1> <II = 1> <Delay = 3.25> <Storage> <Opcode : 'load' 'store'> <Ports = 2> <Width = 32> <Depth = 64> <RAM>
ST_8 : Operation 114 [1/1] (0.00ns)   --->   "%max_V_h_addr_3 = getelementptr i32 %max_V_h, i64 0, i64 2" [kernel.cpp:400]   --->   Operation 114 'getelementptr' 'max_V_h_addr_3' <Predicate = true> <Delay = 0.00>
ST_8 : Operation 115 [2/2] (3.25ns)   --->   "%max_V_h_load_2 = load i6 %max_V_h_addr_3" [kernel.cpp:400]   --->   Operation 115 'load' 'max_V_h_load_2' <Predicate = true> <Delay = 3.25> <CoreInst = "RAM">   --->   Core 82 'RAM' <Latency = 1> <II = 1> <Delay = 3.25> <Storage> <Opcode : 'load' 'store'> <Ports = 2> <Width = 32> <Depth = 64> <RAM>
ST_8 : Operation 116 [1/1] (0.00ns)   --->   "%max_V_h_addr_4 = getelementptr i32 %max_V_h, i64 0, i64 3" [kernel.cpp:400]   --->   Operation 116 'getelementptr' 'max_V_h_addr_4' <Predicate = true> <Delay = 0.00>
ST_8 : Operation 117 [2/2] (3.25ns)   --->   "%max_V_h_load_3 = load i6 %max_V_h_addr_4" [kernel.cpp:400]   --->   Operation 117 'load' 'max_V_h_load_3' <Predicate = true> <Delay = 3.25> <CoreInst = "RAM">   --->   Core 82 'RAM' <Latency = 1> <II = 1> <Delay = 3.25> <Storage> <Opcode : 'load' 'store'> <Ports = 2> <Width = 32> <Depth = 64> <RAM>

State 9 <SV = 8> <Delay = 3.25>
ST_9 : Operation 118 [1/2] (3.25ns)   --->   "%max_V_h_load_2 = load i6 %max_V_h_addr_3" [kernel.cpp:400]   --->   Operation 118 'load' 'max_V_h_load_2' <Predicate = true> <Delay = 3.25> <CoreInst = "RAM">   --->   Core 82 'RAM' <Latency = 1> <II = 1> <Delay = 3.25> <Storage> <Opcode : 'load' 'store'> <Ports = 2> <Width = 32> <Depth = 64> <RAM>
ST_9 : Operation 119 [1/2] (3.25ns)   --->   "%max_V_h_load_3 = load i6 %max_V_h_addr_4" [kernel.cpp:400]   --->   Operation 119 'load' 'max_V_h_load_3' <Predicate = true> <Delay = 3.25> <CoreInst = "RAM">   --->   Core 82 'RAM' <Latency = 1> <II = 1> <Delay = 3.25> <Storage> <Opcode : 'load' 'store'> <Ports = 2> <Width = 32> <Depth = 64> <RAM>
ST_9 : Operation 120 [1/1] (0.00ns)   --->   "%max_V_h_addr_5 = getelementptr i32 %max_V_h, i64 0, i64 4" [kernel.cpp:400]   --->   Operation 120 'getelementptr' 'max_V_h_addr_5' <Predicate = true> <Delay = 0.00>
ST_9 : Operation 121 [2/2] (3.25ns)   --->   "%max_V_h_load_4 = load i6 %max_V_h_addr_5" [kernel.cpp:400]   --->   Operation 121 'load' 'max_V_h_load_4' <Predicate = true> <Delay = 3.25> <CoreInst = "RAM">   --->   Core 82 'RAM' <Latency = 1> <II = 1> <Delay = 3.25> <Storage> <Opcode : 'load' 'store'> <Ports = 2> <Width = 32> <Depth = 64> <RAM>
ST_9 : Operation 122 [1/1] (0.00ns)   --->   "%max_V_h_addr_6 = getelementptr i32 %max_V_h, i64 0, i64 5" [kernel.cpp:400]   --->   Operation 122 'getelementptr' 'max_V_h_addr_6' <Predicate = true> <Delay = 0.00>
ST_9 : Operation 123 [2/2] (3.25ns)   --->   "%max_V_h_load_5 = load i6 %max_V_h_addr_6" [kernel.cpp:400]   --->   Operation 123 'load' 'max_V_h_load_5' <Predicate = true> <Delay = 3.25> <CoreInst = "RAM">   --->   Core 82 'RAM' <Latency = 1> <II = 1> <Delay = 3.25> <Storage> <Opcode : 'load' 'store'> <Ports = 2> <Width = 32> <Depth = 64> <RAM>

State 10 <SV = 9> <Delay = 3.25>
ST_10 : Operation 124 [1/2] (3.25ns)   --->   "%max_V_h_load_4 = load i6 %max_V_h_addr_5" [kernel.cpp:400]   --->   Operation 124 'load' 'max_V_h_load_4' <Predicate = true> <Delay = 3.25> <CoreInst = "RAM">   --->   Core 82 'RAM' <Latency = 1> <II = 1> <Delay = 3.25> <Storage> <Opcode : 'load' 'store'> <Ports = 2> <Width = 32> <Depth = 64> <RAM>
ST_10 : Operation 125 [1/2] (3.25ns)   --->   "%max_V_h_load_5 = load i6 %max_V_h_addr_6" [kernel.cpp:400]   --->   Operation 125 'load' 'max_V_h_load_5' <Predicate = true> <Delay = 3.25> <CoreInst = "RAM">   --->   Core 82 'RAM' <Latency = 1> <II = 1> <Delay = 3.25> <Storage> <Opcode : 'load' 'store'> <Ports = 2> <Width = 32> <Depth = 64> <RAM>
ST_10 : Operation 126 [1/1] (0.00ns)   --->   "%max_V_h_addr_7 = getelementptr i32 %max_V_h, i64 0, i64 6" [kernel.cpp:400]   --->   Operation 126 'getelementptr' 'max_V_h_addr_7' <Predicate = true> <Delay = 0.00>
ST_10 : Operation 127 [2/2] (3.25ns)   --->   "%max_V_h_load_6 = load i6 %max_V_h_addr_7" [kernel.cpp:400]   --->   Operation 127 'load' 'max_V_h_load_6' <Predicate = true> <Delay = 3.25> <CoreInst = "RAM">   --->   Core 82 'RAM' <Latency = 1> <II = 1> <Delay = 3.25> <Storage> <Opcode : 'load' 'store'> <Ports = 2> <Width = 32> <Depth = 64> <RAM>
ST_10 : Operation 128 [1/1] (0.00ns)   --->   "%max_V_h_addr_8 = getelementptr i32 %max_V_h, i64 0, i64 7" [kernel.cpp:400]   --->   Operation 128 'getelementptr' 'max_V_h_addr_8' <Predicate = true> <Delay = 0.00>
ST_10 : Operation 129 [2/2] (3.25ns)   --->   "%max_V_h_load_7 = load i6 %max_V_h_addr_8" [kernel.cpp:400]   --->   Operation 129 'load' 'max_V_h_load_7' <Predicate = true> <Delay = 3.25> <CoreInst = "RAM">   --->   Core 82 'RAM' <Latency = 1> <II = 1> <Delay = 3.25> <Storage> <Opcode : 'load' 'store'> <Ports = 2> <Width = 32> <Depth = 64> <RAM>

State 11 <SV = 10> <Delay = 3.25>
ST_11 : Operation 130 [1/2] (3.25ns)   --->   "%max_V_h_load_6 = load i6 %max_V_h_addr_7" [kernel.cpp:400]   --->   Operation 130 'load' 'max_V_h_load_6' <Predicate = true> <Delay = 3.25> <CoreInst = "RAM">   --->   Core 82 'RAM' <Latency = 1> <II = 1> <Delay = 3.25> <Storage> <Opcode : 'load' 'store'> <Ports = 2> <Width = 32> <Depth = 64> <RAM>
ST_11 : Operation 131 [1/2] (3.25ns)   --->   "%max_V_h_load_7 = load i6 %max_V_h_addr_8" [kernel.cpp:400]   --->   Operation 131 'load' 'max_V_h_load_7' <Predicate = true> <Delay = 3.25> <CoreInst = "RAM">   --->   Core 82 'RAM' <Latency = 1> <II = 1> <Delay = 3.25> <Storage> <Opcode : 'load' 'store'> <Ports = 2> <Width = 32> <Depth = 64> <RAM>
ST_11 : Operation 132 [1/1] (0.00ns)   --->   "%max_V_h_addr_9 = getelementptr i32 %max_V_h, i64 0, i64 8" [kernel.cpp:400]   --->   Operation 132 'getelementptr' 'max_V_h_addr_9' <Predicate = true> <Delay = 0.00>
ST_11 : Operation 133 [2/2] (3.25ns)   --->   "%max_V_h_load_8 = load i6 %max_V_h_addr_9" [kernel.cpp:400]   --->   Operation 133 'load' 'max_V_h_load_8' <Predicate = true> <Delay = 3.25> <CoreInst = "RAM">   --->   Core 82 'RAM' <Latency = 1> <II = 1> <Delay = 3.25> <Storage> <Opcode : 'load' 'store'> <Ports = 2> <Width = 32> <Depth = 64> <RAM>
ST_11 : Operation 134 [1/1] (0.00ns)   --->   "%max_V_h_addr_10 = getelementptr i32 %max_V_h, i64 0, i64 9" [kernel.cpp:400]   --->   Operation 134 'getelementptr' 'max_V_h_addr_10' <Predicate = true> <Delay = 0.00>
ST_11 : Operation 135 [2/2] (3.25ns)   --->   "%max_V_h_load_9 = load i6 %max_V_h_addr_10" [kernel.cpp:400]   --->   Operation 135 'load' 'max_V_h_load_9' <Predicate = true> <Delay = 3.25> <CoreInst = "RAM">   --->   Core 82 'RAM' <Latency = 1> <II = 1> <Delay = 3.25> <Storage> <Opcode : 'load' 'store'> <Ports = 2> <Width = 32> <Depth = 64> <RAM>

State 12 <SV = 11> <Delay = 3.25>
ST_12 : Operation 136 [1/2] (3.25ns)   --->   "%max_V_h_load_8 = load i6 %max_V_h_addr_9" [kernel.cpp:400]   --->   Operation 136 'load' 'max_V_h_load_8' <Predicate = true> <Delay = 3.25> <CoreInst = "RAM">   --->   Core 82 'RAM' <Latency = 1> <II = 1> <Delay = 3.25> <Storage> <Opcode : 'load' 'store'> <Ports = 2> <Width = 32> <Depth = 64> <RAM>
ST_12 : Operation 137 [1/2] (3.25ns)   --->   "%max_V_h_load_9 = load i6 %max_V_h_addr_10" [kernel.cpp:400]   --->   Operation 137 'load' 'max_V_h_load_9' <Predicate = true> <Delay = 3.25> <CoreInst = "RAM">   --->   Core 82 'RAM' <Latency = 1> <II = 1> <Delay = 3.25> <Storage> <Opcode : 'load' 'store'> <Ports = 2> <Width = 32> <Depth = 64> <RAM>
ST_12 : Operation 138 [1/1] (0.00ns)   --->   "%max_V_h_addr_11 = getelementptr i32 %max_V_h, i64 0, i64 10" [kernel.cpp:400]   --->   Operation 138 'getelementptr' 'max_V_h_addr_11' <Predicate = true> <Delay = 0.00>
ST_12 : Operation 139 [2/2] (3.25ns)   --->   "%max_V_h_load_10 = load i6 %max_V_h_addr_11" [kernel.cpp:400]   --->   Operation 139 'load' 'max_V_h_load_10' <Predicate = true> <Delay = 3.25> <CoreInst = "RAM">   --->   Core 82 'RAM' <Latency = 1> <II = 1> <Delay = 3.25> <Storage> <Opcode : 'load' 'store'> <Ports = 2> <Width = 32> <Depth = 64> <RAM>
ST_12 : Operation 140 [1/1] (0.00ns)   --->   "%max_V_h_addr_12 = getelementptr i32 %max_V_h, i64 0, i64 11" [kernel.cpp:400]   --->   Operation 140 'getelementptr' 'max_V_h_addr_12' <Predicate = true> <Delay = 0.00>
ST_12 : Operation 141 [2/2] (3.25ns)   --->   "%max_V_h_load_11 = load i6 %max_V_h_addr_12" [kernel.cpp:400]   --->   Operation 141 'load' 'max_V_h_load_11' <Predicate = true> <Delay = 3.25> <CoreInst = "RAM">   --->   Core 82 'RAM' <Latency = 1> <II = 1> <Delay = 3.25> <Storage> <Opcode : 'load' 'store'> <Ports = 2> <Width = 32> <Depth = 64> <RAM>

State 13 <SV = 12> <Delay = 3.25>
ST_13 : Operation 142 [1/2] (3.25ns)   --->   "%max_V_h_load_10 = load i6 %max_V_h_addr_11" [kernel.cpp:400]   --->   Operation 142 'load' 'max_V_h_load_10' <Predicate = true> <Delay = 3.25> <CoreInst = "RAM">   --->   Core 82 'RAM' <Latency = 1> <II = 1> <Delay = 3.25> <Storage> <Opcode : 'load' 'store'> <Ports = 2> <Width = 32> <Depth = 64> <RAM>
ST_13 : Operation 143 [1/2] (3.25ns)   --->   "%max_V_h_load_11 = load i6 %max_V_h_addr_12" [kernel.cpp:400]   --->   Operation 143 'load' 'max_V_h_load_11' <Predicate = true> <Delay = 3.25> <CoreInst = "RAM">   --->   Core 82 'RAM' <Latency = 1> <II = 1> <Delay = 3.25> <Storage> <Opcode : 'load' 'store'> <Ports = 2> <Width = 32> <Depth = 64> <RAM>
ST_13 : Operation 144 [1/1] (0.00ns)   --->   "%max_V_h_addr_13 = getelementptr i32 %max_V_h, i64 0, i64 12" [kernel.cpp:400]   --->   Operation 144 'getelementptr' 'max_V_h_addr_13' <Predicate = true> <Delay = 0.00>
ST_13 : Operation 145 [2/2] (3.25ns)   --->   "%max_V_h_load_12 = load i6 %max_V_h_addr_13" [kernel.cpp:400]   --->   Operation 145 'load' 'max_V_h_load_12' <Predicate = true> <Delay = 3.25> <CoreInst = "RAM">   --->   Core 82 'RAM' <Latency = 1> <II = 1> <Delay = 3.25> <Storage> <Opcode : 'load' 'store'> <Ports = 2> <Width = 32> <Depth = 64> <RAM>
ST_13 : Operation 146 [1/1] (0.00ns)   --->   "%max_V_h_addr_14 = getelementptr i32 %max_V_h, i64 0, i64 13" [kernel.cpp:400]   --->   Operation 146 'getelementptr' 'max_V_h_addr_14' <Predicate = true> <Delay = 0.00>
ST_13 : Operation 147 [2/2] (3.25ns)   --->   "%max_V_h_load_13 = load i6 %max_V_h_addr_14" [kernel.cpp:400]   --->   Operation 147 'load' 'max_V_h_load_13' <Predicate = true> <Delay = 3.25> <CoreInst = "RAM">   --->   Core 82 'RAM' <Latency = 1> <II = 1> <Delay = 3.25> <Storage> <Opcode : 'load' 'store'> <Ports = 2> <Width = 32> <Depth = 64> <RAM>

State 14 <SV = 13> <Delay = 3.25>
ST_14 : Operation 148 [1/2] (3.25ns)   --->   "%max_V_h_load_12 = load i6 %max_V_h_addr_13" [kernel.cpp:400]   --->   Operation 148 'load' 'max_V_h_load_12' <Predicate = true> <Delay = 3.25> <CoreInst = "RAM">   --->   Core 82 'RAM' <Latency = 1> <II = 1> <Delay = 3.25> <Storage> <Opcode : 'load' 'store'> <Ports = 2> <Width = 32> <Depth = 64> <RAM>
ST_14 : Operation 149 [1/2] (3.25ns)   --->   "%max_V_h_load_13 = load i6 %max_V_h_addr_14" [kernel.cpp:400]   --->   Operation 149 'load' 'max_V_h_load_13' <Predicate = true> <Delay = 3.25> <CoreInst = "RAM">   --->   Core 82 'RAM' <Latency = 1> <II = 1> <Delay = 3.25> <Storage> <Opcode : 'load' 'store'> <Ports = 2> <Width = 32> <Depth = 64> <RAM>
ST_14 : Operation 150 [1/1] (0.00ns)   --->   "%max_V_h_addr_15 = getelementptr i32 %max_V_h, i64 0, i64 14" [kernel.cpp:400]   --->   Operation 150 'getelementptr' 'max_V_h_addr_15' <Predicate = true> <Delay = 0.00>
ST_14 : Operation 151 [2/2] (3.25ns)   --->   "%max_V_h_load_14 = load i6 %max_V_h_addr_15" [kernel.cpp:400]   --->   Operation 151 'load' 'max_V_h_load_14' <Predicate = true> <Delay = 3.25> <CoreInst = "RAM">   --->   Core 82 'RAM' <Latency = 1> <II = 1> <Delay = 3.25> <Storage> <Opcode : 'load' 'store'> <Ports = 2> <Width = 32> <Depth = 64> <RAM>
ST_14 : Operation 152 [1/1] (0.00ns)   --->   "%max_V_h_addr_16 = getelementptr i32 %max_V_h, i64 0, i64 15" [kernel.cpp:400]   --->   Operation 152 'getelementptr' 'max_V_h_addr_16' <Predicate = true> <Delay = 0.00>
ST_14 : Operation 153 [2/2] (3.25ns)   --->   "%max_V_h_load_15 = load i6 %max_V_h_addr_16" [kernel.cpp:400]   --->   Operation 153 'load' 'max_V_h_load_15' <Predicate = true> <Delay = 3.25> <CoreInst = "RAM">   --->   Core 82 'RAM' <Latency = 1> <II = 1> <Delay = 3.25> <Storage> <Opcode : 'load' 'store'> <Ports = 2> <Width = 32> <Depth = 64> <RAM>

State 15 <SV = 14> <Delay = 3.25>
ST_15 : Operation 154 [1/2] (3.25ns)   --->   "%max_V_h_load_14 = load i6 %max_V_h_addr_15" [kernel.cpp:400]   --->   Operation 154 'load' 'max_V_h_load_14' <Predicate = true> <Delay = 3.25> <CoreInst = "RAM">   --->   Core 82 'RAM' <Latency = 1> <II = 1> <Delay = 3.25> <Storage> <Opcode : 'load' 'store'> <Ports = 2> <Width = 32> <Depth = 64> <RAM>
ST_15 : Operation 155 [1/2] (3.25ns)   --->   "%max_V_h_load_15 = load i6 %max_V_h_addr_16" [kernel.cpp:400]   --->   Operation 155 'load' 'max_V_h_load_15' <Predicate = true> <Delay = 3.25> <CoreInst = "RAM">   --->   Core 82 'RAM' <Latency = 1> <II = 1> <Delay = 3.25> <Storage> <Opcode : 'load' 'store'> <Ports = 2> <Width = 32> <Depth = 64> <RAM>
ST_15 : Operation 156 [1/1] (0.00ns)   --->   "%max_V_h_addr_17 = getelementptr i32 %max_V_h, i64 0, i64 16" [kernel.cpp:400]   --->   Operation 156 'getelementptr' 'max_V_h_addr_17' <Predicate = true> <Delay = 0.00>
ST_15 : Operation 157 [2/2] (3.25ns)   --->   "%max_V_h_load_16 = load i6 %max_V_h_addr_17" [kernel.cpp:400]   --->   Operation 157 'load' 'max_V_h_load_16' <Predicate = true> <Delay = 3.25> <CoreInst = "RAM">   --->   Core 82 'RAM' <Latency = 1> <II = 1> <Delay = 3.25> <Storage> <Opcode : 'load' 'store'> <Ports = 2> <Width = 32> <Depth = 64> <RAM>
ST_15 : Operation 158 [1/1] (0.00ns)   --->   "%max_V_h_addr_18 = getelementptr i32 %max_V_h, i64 0, i64 17" [kernel.cpp:400]   --->   Operation 158 'getelementptr' 'max_V_h_addr_18' <Predicate = true> <Delay = 0.00>
ST_15 : Operation 159 [2/2] (3.25ns)   --->   "%max_V_h_load_17 = load i6 %max_V_h_addr_18" [kernel.cpp:400]   --->   Operation 159 'load' 'max_V_h_load_17' <Predicate = true> <Delay = 3.25> <CoreInst = "RAM">   --->   Core 82 'RAM' <Latency = 1> <II = 1> <Delay = 3.25> <Storage> <Opcode : 'load' 'store'> <Ports = 2> <Width = 32> <Depth = 64> <RAM>

State 16 <SV = 15> <Delay = 3.25>
ST_16 : Operation 160 [1/2] (3.25ns)   --->   "%max_V_h_load_16 = load i6 %max_V_h_addr_17" [kernel.cpp:400]   --->   Operation 160 'load' 'max_V_h_load_16' <Predicate = true> <Delay = 3.25> <CoreInst = "RAM">   --->   Core 82 'RAM' <Latency = 1> <II = 1> <Delay = 3.25> <Storage> <Opcode : 'load' 'store'> <Ports = 2> <Width = 32> <Depth = 64> <RAM>
ST_16 : Operation 161 [1/2] (3.25ns)   --->   "%max_V_h_load_17 = load i6 %max_V_h_addr_18" [kernel.cpp:400]   --->   Operation 161 'load' 'max_V_h_load_17' <Predicate = true> <Delay = 3.25> <CoreInst = "RAM">   --->   Core 82 'RAM' <Latency = 1> <II = 1> <Delay = 3.25> <Storage> <Opcode : 'load' 'store'> <Ports = 2> <Width = 32> <Depth = 64> <RAM>
ST_16 : Operation 162 [1/1] (0.00ns)   --->   "%max_V_h_addr_19 = getelementptr i32 %max_V_h, i64 0, i64 18" [kernel.cpp:400]   --->   Operation 162 'getelementptr' 'max_V_h_addr_19' <Predicate = true> <Delay = 0.00>
ST_16 : Operation 163 [2/2] (3.25ns)   --->   "%max_V_h_load_18 = load i6 %max_V_h_addr_19" [kernel.cpp:400]   --->   Operation 163 'load' 'max_V_h_load_18' <Predicate = true> <Delay = 3.25> <CoreInst = "RAM">   --->   Core 82 'RAM' <Latency = 1> <II = 1> <Delay = 3.25> <Storage> <Opcode : 'load' 'store'> <Ports = 2> <Width = 32> <Depth = 64> <RAM>
ST_16 : Operation 164 [1/1] (0.00ns)   --->   "%max_V_h_addr_20 = getelementptr i32 %max_V_h, i64 0, i64 19" [kernel.cpp:400]   --->   Operation 164 'getelementptr' 'max_V_h_addr_20' <Predicate = true> <Delay = 0.00>
ST_16 : Operation 165 [2/2] (3.25ns)   --->   "%max_V_h_load_19 = load i6 %max_V_h_addr_20" [kernel.cpp:400]   --->   Operation 165 'load' 'max_V_h_load_19' <Predicate = true> <Delay = 3.25> <CoreInst = "RAM">   --->   Core 82 'RAM' <Latency = 1> <II = 1> <Delay = 3.25> <Storage> <Opcode : 'load' 'store'> <Ports = 2> <Width = 32> <Depth = 64> <RAM>

State 17 <SV = 16> <Delay = 3.25>
ST_17 : Operation 166 [1/2] (3.25ns)   --->   "%max_V_h_load_18 = load i6 %max_V_h_addr_19" [kernel.cpp:400]   --->   Operation 166 'load' 'max_V_h_load_18' <Predicate = true> <Delay = 3.25> <CoreInst = "RAM">   --->   Core 82 'RAM' <Latency = 1> <II = 1> <Delay = 3.25> <Storage> <Opcode : 'load' 'store'> <Ports = 2> <Width = 32> <Depth = 64> <RAM>
ST_17 : Operation 167 [1/2] (3.25ns)   --->   "%max_V_h_load_19 = load i6 %max_V_h_addr_20" [kernel.cpp:400]   --->   Operation 167 'load' 'max_V_h_load_19' <Predicate = true> <Delay = 3.25> <CoreInst = "RAM">   --->   Core 82 'RAM' <Latency = 1> <II = 1> <Delay = 3.25> <Storage> <Opcode : 'load' 'store'> <Ports = 2> <Width = 32> <Depth = 64> <RAM>
ST_17 : Operation 168 [1/1] (0.00ns)   --->   "%max_V_h_addr_21 = getelementptr i32 %max_V_h, i64 0, i64 20" [kernel.cpp:400]   --->   Operation 168 'getelementptr' 'max_V_h_addr_21' <Predicate = true> <Delay = 0.00>
ST_17 : Operation 169 [2/2] (3.25ns)   --->   "%max_V_h_load_20 = load i6 %max_V_h_addr_21" [kernel.cpp:400]   --->   Operation 169 'load' 'max_V_h_load_20' <Predicate = true> <Delay = 3.25> <CoreInst = "RAM">   --->   Core 82 'RAM' <Latency = 1> <II = 1> <Delay = 3.25> <Storage> <Opcode : 'load' 'store'> <Ports = 2> <Width = 32> <Depth = 64> <RAM>
ST_17 : Operation 170 [1/1] (0.00ns)   --->   "%max_V_h_addr_22 = getelementptr i32 %max_V_h, i64 0, i64 21" [kernel.cpp:400]   --->   Operation 170 'getelementptr' 'max_V_h_addr_22' <Predicate = true> <Delay = 0.00>
ST_17 : Operation 171 [2/2] (3.25ns)   --->   "%max_V_h_load_21 = load i6 %max_V_h_addr_22" [kernel.cpp:400]   --->   Operation 171 'load' 'max_V_h_load_21' <Predicate = true> <Delay = 3.25> <CoreInst = "RAM">   --->   Core 82 'RAM' <Latency = 1> <II = 1> <Delay = 3.25> <Storage> <Opcode : 'load' 'store'> <Ports = 2> <Width = 32> <Depth = 64> <RAM>

State 18 <SV = 17> <Delay = 3.25>
ST_18 : Operation 172 [1/2] (3.25ns)   --->   "%max_V_h_load_20 = load i6 %max_V_h_addr_21" [kernel.cpp:400]   --->   Operation 172 'load' 'max_V_h_load_20' <Predicate = true> <Delay = 3.25> <CoreInst = "RAM">   --->   Core 82 'RAM' <Latency = 1> <II = 1> <Delay = 3.25> <Storage> <Opcode : 'load' 'store'> <Ports = 2> <Width = 32> <Depth = 64> <RAM>
ST_18 : Operation 173 [1/2] (3.25ns)   --->   "%max_V_h_load_21 = load i6 %max_V_h_addr_22" [kernel.cpp:400]   --->   Operation 173 'load' 'max_V_h_load_21' <Predicate = true> <Delay = 3.25> <CoreInst = "RAM">   --->   Core 82 'RAM' <Latency = 1> <II = 1> <Delay = 3.25> <Storage> <Opcode : 'load' 'store'> <Ports = 2> <Width = 32> <Depth = 64> <RAM>
ST_18 : Operation 174 [1/1] (0.00ns)   --->   "%max_V_h_addr_23 = getelementptr i32 %max_V_h, i64 0, i64 22" [kernel.cpp:400]   --->   Operation 174 'getelementptr' 'max_V_h_addr_23' <Predicate = true> <Delay = 0.00>
ST_18 : Operation 175 [2/2] (3.25ns)   --->   "%max_V_h_load_22 = load i6 %max_V_h_addr_23" [kernel.cpp:400]   --->   Operation 175 'load' 'max_V_h_load_22' <Predicate = true> <Delay = 3.25> <CoreInst = "RAM">   --->   Core 82 'RAM' <Latency = 1> <II = 1> <Delay = 3.25> <Storage> <Opcode : 'load' 'store'> <Ports = 2> <Width = 32> <Depth = 64> <RAM>
ST_18 : Operation 176 [1/1] (0.00ns)   --->   "%max_V_h_addr_24 = getelementptr i32 %max_V_h, i64 0, i64 23" [kernel.cpp:400]   --->   Operation 176 'getelementptr' 'max_V_h_addr_24' <Predicate = true> <Delay = 0.00>
ST_18 : Operation 177 [2/2] (3.25ns)   --->   "%max_V_h_load_23 = load i6 %max_V_h_addr_24" [kernel.cpp:400]   --->   Operation 177 'load' 'max_V_h_load_23' <Predicate = true> <Delay = 3.25> <CoreInst = "RAM">   --->   Core 82 'RAM' <Latency = 1> <II = 1> <Delay = 3.25> <Storage> <Opcode : 'load' 'store'> <Ports = 2> <Width = 32> <Depth = 64> <RAM>

State 19 <SV = 18> <Delay = 3.25>
ST_19 : Operation 178 [1/2] (3.25ns)   --->   "%max_V_h_load_22 = load i6 %max_V_h_addr_23" [kernel.cpp:400]   --->   Operation 178 'load' 'max_V_h_load_22' <Predicate = true> <Delay = 3.25> <CoreInst = "RAM">   --->   Core 82 'RAM' <Latency = 1> <II = 1> <Delay = 3.25> <Storage> <Opcode : 'load' 'store'> <Ports = 2> <Width = 32> <Depth = 64> <RAM>
ST_19 : Operation 179 [1/2] (3.25ns)   --->   "%max_V_h_load_23 = load i6 %max_V_h_addr_24" [kernel.cpp:400]   --->   Operation 179 'load' 'max_V_h_load_23' <Predicate = true> <Delay = 3.25> <CoreInst = "RAM">   --->   Core 82 'RAM' <Latency = 1> <II = 1> <Delay = 3.25> <Storage> <Opcode : 'load' 'store'> <Ports = 2> <Width = 32> <Depth = 64> <RAM>
ST_19 : Operation 180 [1/1] (0.00ns)   --->   "%max_V_h_addr_25 = getelementptr i32 %max_V_h, i64 0, i64 24" [kernel.cpp:400]   --->   Operation 180 'getelementptr' 'max_V_h_addr_25' <Predicate = true> <Delay = 0.00>
ST_19 : Operation 181 [2/2] (3.25ns)   --->   "%max_V_h_load_24 = load i6 %max_V_h_addr_25" [kernel.cpp:400]   --->   Operation 181 'load' 'max_V_h_load_24' <Predicate = true> <Delay = 3.25> <CoreInst = "RAM">   --->   Core 82 'RAM' <Latency = 1> <II = 1> <Delay = 3.25> <Storage> <Opcode : 'load' 'store'> <Ports = 2> <Width = 32> <Depth = 64> <RAM>
ST_19 : Operation 182 [1/1] (0.00ns)   --->   "%max_V_h_addr_26 = getelementptr i32 %max_V_h, i64 0, i64 25" [kernel.cpp:400]   --->   Operation 182 'getelementptr' 'max_V_h_addr_26' <Predicate = true> <Delay = 0.00>
ST_19 : Operation 183 [2/2] (3.25ns)   --->   "%max_V_h_load_25 = load i6 %max_V_h_addr_26" [kernel.cpp:400]   --->   Operation 183 'load' 'max_V_h_load_25' <Predicate = true> <Delay = 3.25> <CoreInst = "RAM">   --->   Core 82 'RAM' <Latency = 1> <II = 1> <Delay = 3.25> <Storage> <Opcode : 'load' 'store'> <Ports = 2> <Width = 32> <Depth = 64> <RAM>

State 20 <SV = 19> <Delay = 3.25>
ST_20 : Operation 184 [1/2] (3.25ns)   --->   "%max_V_h_load_24 = load i6 %max_V_h_addr_25" [kernel.cpp:400]   --->   Operation 184 'load' 'max_V_h_load_24' <Predicate = true> <Delay = 3.25> <CoreInst = "RAM">   --->   Core 82 'RAM' <Latency = 1> <II = 1> <Delay = 3.25> <Storage> <Opcode : 'load' 'store'> <Ports = 2> <Width = 32> <Depth = 64> <RAM>
ST_20 : Operation 185 [1/2] (3.25ns)   --->   "%max_V_h_load_25 = load i6 %max_V_h_addr_26" [kernel.cpp:400]   --->   Operation 185 'load' 'max_V_h_load_25' <Predicate = true> <Delay = 3.25> <CoreInst = "RAM">   --->   Core 82 'RAM' <Latency = 1> <II = 1> <Delay = 3.25> <Storage> <Opcode : 'load' 'store'> <Ports = 2> <Width = 32> <Depth = 64> <RAM>
ST_20 : Operation 186 [1/1] (0.00ns)   --->   "%max_V_h_addr_27 = getelementptr i32 %max_V_h, i64 0, i64 26" [kernel.cpp:400]   --->   Operation 186 'getelementptr' 'max_V_h_addr_27' <Predicate = true> <Delay = 0.00>
ST_20 : Operation 187 [2/2] (3.25ns)   --->   "%max_V_h_load_26 = load i6 %max_V_h_addr_27" [kernel.cpp:400]   --->   Operation 187 'load' 'max_V_h_load_26' <Predicate = true> <Delay = 3.25> <CoreInst = "RAM">   --->   Core 82 'RAM' <Latency = 1> <II = 1> <Delay = 3.25> <Storage> <Opcode : 'load' 'store'> <Ports = 2> <Width = 32> <Depth = 64> <RAM>
ST_20 : Operation 188 [1/1] (0.00ns)   --->   "%max_V_h_addr_28 = getelementptr i32 %max_V_h, i64 0, i64 27" [kernel.cpp:400]   --->   Operation 188 'getelementptr' 'max_V_h_addr_28' <Predicate = true> <Delay = 0.00>
ST_20 : Operation 189 [2/2] (3.25ns)   --->   "%max_V_h_load_27 = load i6 %max_V_h_addr_28" [kernel.cpp:400]   --->   Operation 189 'load' 'max_V_h_load_27' <Predicate = true> <Delay = 3.25> <CoreInst = "RAM">   --->   Core 82 'RAM' <Latency = 1> <II = 1> <Delay = 3.25> <Storage> <Opcode : 'load' 'store'> <Ports = 2> <Width = 32> <Depth = 64> <RAM>

State 21 <SV = 20> <Delay = 3.25>
ST_21 : Operation 190 [1/2] (3.25ns)   --->   "%max_V_h_load_26 = load i6 %max_V_h_addr_27" [kernel.cpp:400]   --->   Operation 190 'load' 'max_V_h_load_26' <Predicate = true> <Delay = 3.25> <CoreInst = "RAM">   --->   Core 82 'RAM' <Latency = 1> <II = 1> <Delay = 3.25> <Storage> <Opcode : 'load' 'store'> <Ports = 2> <Width = 32> <Depth = 64> <RAM>
ST_21 : Operation 191 [1/2] (3.25ns)   --->   "%max_V_h_load_27 = load i6 %max_V_h_addr_28" [kernel.cpp:400]   --->   Operation 191 'load' 'max_V_h_load_27' <Predicate = true> <Delay = 3.25> <CoreInst = "RAM">   --->   Core 82 'RAM' <Latency = 1> <II = 1> <Delay = 3.25> <Storage> <Opcode : 'load' 'store'> <Ports = 2> <Width = 32> <Depth = 64> <RAM>
ST_21 : Operation 192 [1/1] (0.00ns)   --->   "%max_V_h_addr_29 = getelementptr i32 %max_V_h, i64 0, i64 28" [kernel.cpp:400]   --->   Operation 192 'getelementptr' 'max_V_h_addr_29' <Predicate = true> <Delay = 0.00>
ST_21 : Operation 193 [2/2] (3.25ns)   --->   "%max_V_h_load_28 = load i6 %max_V_h_addr_29" [kernel.cpp:400]   --->   Operation 193 'load' 'max_V_h_load_28' <Predicate = true> <Delay = 3.25> <CoreInst = "RAM">   --->   Core 82 'RAM' <Latency = 1> <II = 1> <Delay = 3.25> <Storage> <Opcode : 'load' 'store'> <Ports = 2> <Width = 32> <Depth = 64> <RAM>
ST_21 : Operation 194 [1/1] (0.00ns)   --->   "%max_V_h_addr_30 = getelementptr i32 %max_V_h, i64 0, i64 29" [kernel.cpp:400]   --->   Operation 194 'getelementptr' 'max_V_h_addr_30' <Predicate = true> <Delay = 0.00>
ST_21 : Operation 195 [2/2] (3.25ns)   --->   "%max_V_h_load_29 = load i6 %max_V_h_addr_30" [kernel.cpp:400]   --->   Operation 195 'load' 'max_V_h_load_29' <Predicate = true> <Delay = 3.25> <CoreInst = "RAM">   --->   Core 82 'RAM' <Latency = 1> <II = 1> <Delay = 3.25> <Storage> <Opcode : 'load' 'store'> <Ports = 2> <Width = 32> <Depth = 64> <RAM>

State 22 <SV = 21> <Delay = 3.25>
ST_22 : Operation 196 [1/2] (3.25ns)   --->   "%max_V_h_load_28 = load i6 %max_V_h_addr_29" [kernel.cpp:400]   --->   Operation 196 'load' 'max_V_h_load_28' <Predicate = true> <Delay = 3.25> <CoreInst = "RAM">   --->   Core 82 'RAM' <Latency = 1> <II = 1> <Delay = 3.25> <Storage> <Opcode : 'load' 'store'> <Ports = 2> <Width = 32> <Depth = 64> <RAM>
ST_22 : Operation 197 [1/2] (3.25ns)   --->   "%max_V_h_load_29 = load i6 %max_V_h_addr_30" [kernel.cpp:400]   --->   Operation 197 'load' 'max_V_h_load_29' <Predicate = true> <Delay = 3.25> <CoreInst = "RAM">   --->   Core 82 'RAM' <Latency = 1> <II = 1> <Delay = 3.25> <Storage> <Opcode : 'load' 'store'> <Ports = 2> <Width = 32> <Depth = 64> <RAM>
ST_22 : Operation 198 [1/1] (0.00ns)   --->   "%max_V_h_addr_31 = getelementptr i32 %max_V_h, i64 0, i64 30" [kernel.cpp:400]   --->   Operation 198 'getelementptr' 'max_V_h_addr_31' <Predicate = true> <Delay = 0.00>
ST_22 : Operation 199 [2/2] (3.25ns)   --->   "%max_V_h_load_30 = load i6 %max_V_h_addr_31" [kernel.cpp:400]   --->   Operation 199 'load' 'max_V_h_load_30' <Predicate = true> <Delay = 3.25> <CoreInst = "RAM">   --->   Core 82 'RAM' <Latency = 1> <II = 1> <Delay = 3.25> <Storage> <Opcode : 'load' 'store'> <Ports = 2> <Width = 32> <Depth = 64> <RAM>
ST_22 : Operation 200 [1/1] (0.00ns)   --->   "%max_V_h_addr_32 = getelementptr i32 %max_V_h, i64 0, i64 31" [kernel.cpp:400]   --->   Operation 200 'getelementptr' 'max_V_h_addr_32' <Predicate = true> <Delay = 0.00>
ST_22 : Operation 201 [2/2] (3.25ns)   --->   "%max_V_h_load_31 = load i6 %max_V_h_addr_32" [kernel.cpp:400]   --->   Operation 201 'load' 'max_V_h_load_31' <Predicate = true> <Delay = 3.25> <CoreInst = "RAM">   --->   Core 82 'RAM' <Latency = 1> <II = 1> <Delay = 3.25> <Storage> <Opcode : 'load' 'store'> <Ports = 2> <Width = 32> <Depth = 64> <RAM>

State 23 <SV = 22> <Delay = 3.25>
ST_23 : Operation 202 [1/2] (3.25ns)   --->   "%max_V_h_load_30 = load i6 %max_V_h_addr_31" [kernel.cpp:400]   --->   Operation 202 'load' 'max_V_h_load_30' <Predicate = true> <Delay = 3.25> <CoreInst = "RAM">   --->   Core 82 'RAM' <Latency = 1> <II = 1> <Delay = 3.25> <Storage> <Opcode : 'load' 'store'> <Ports = 2> <Width = 32> <Depth = 64> <RAM>
ST_23 : Operation 203 [1/2] (3.25ns)   --->   "%max_V_h_load_31 = load i6 %max_V_h_addr_32" [kernel.cpp:400]   --->   Operation 203 'load' 'max_V_h_load_31' <Predicate = true> <Delay = 3.25> <CoreInst = "RAM">   --->   Core 82 'RAM' <Latency = 1> <II = 1> <Delay = 3.25> <Storage> <Opcode : 'load' 'store'> <Ports = 2> <Width = 32> <Depth = 64> <RAM>
ST_23 : Operation 204 [1/1] (0.00ns)   --->   "%max_V_h_addr_33 = getelementptr i32 %max_V_h, i64 0, i64 32" [kernel.cpp:400]   --->   Operation 204 'getelementptr' 'max_V_h_addr_33' <Predicate = true> <Delay = 0.00>
ST_23 : Operation 205 [2/2] (3.25ns)   --->   "%max_V_h_load_32 = load i6 %max_V_h_addr_33" [kernel.cpp:400]   --->   Operation 205 'load' 'max_V_h_load_32' <Predicate = true> <Delay = 3.25> <CoreInst = "RAM">   --->   Core 82 'RAM' <Latency = 1> <II = 1> <Delay = 3.25> <Storage> <Opcode : 'load' 'store'> <Ports = 2> <Width = 32> <Depth = 64> <RAM>
ST_23 : Operation 206 [1/1] (0.00ns)   --->   "%max_V_h_addr_34 = getelementptr i32 %max_V_h, i64 0, i64 33" [kernel.cpp:400]   --->   Operation 206 'getelementptr' 'max_V_h_addr_34' <Predicate = true> <Delay = 0.00>
ST_23 : Operation 207 [2/2] (3.25ns)   --->   "%max_V_h_load_33 = load i6 %max_V_h_addr_34" [kernel.cpp:400]   --->   Operation 207 'load' 'max_V_h_load_33' <Predicate = true> <Delay = 3.25> <CoreInst = "RAM">   --->   Core 82 'RAM' <Latency = 1> <II = 1> <Delay = 3.25> <Storage> <Opcode : 'load' 'store'> <Ports = 2> <Width = 32> <Depth = 64> <RAM>

State 24 <SV = 23> <Delay = 3.25>
ST_24 : Operation 208 [1/2] (3.25ns)   --->   "%max_V_h_load_32 = load i6 %max_V_h_addr_33" [kernel.cpp:400]   --->   Operation 208 'load' 'max_V_h_load_32' <Predicate = true> <Delay = 3.25> <CoreInst = "RAM">   --->   Core 82 'RAM' <Latency = 1> <II = 1> <Delay = 3.25> <Storage> <Opcode : 'load' 'store'> <Ports = 2> <Width = 32> <Depth = 64> <RAM>
ST_24 : Operation 209 [1/2] (3.25ns)   --->   "%max_V_h_load_33 = load i6 %max_V_h_addr_34" [kernel.cpp:400]   --->   Operation 209 'load' 'max_V_h_load_33' <Predicate = true> <Delay = 3.25> <CoreInst = "RAM">   --->   Core 82 'RAM' <Latency = 1> <II = 1> <Delay = 3.25> <Storage> <Opcode : 'load' 'store'> <Ports = 2> <Width = 32> <Depth = 64> <RAM>
ST_24 : Operation 210 [1/1] (0.00ns)   --->   "%max_V_h_addr_35 = getelementptr i32 %max_V_h, i64 0, i64 34" [kernel.cpp:400]   --->   Operation 210 'getelementptr' 'max_V_h_addr_35' <Predicate = true> <Delay = 0.00>
ST_24 : Operation 211 [2/2] (3.25ns)   --->   "%max_V_h_load_34 = load i6 %max_V_h_addr_35" [kernel.cpp:400]   --->   Operation 211 'load' 'max_V_h_load_34' <Predicate = true> <Delay = 3.25> <CoreInst = "RAM">   --->   Core 82 'RAM' <Latency = 1> <II = 1> <Delay = 3.25> <Storage> <Opcode : 'load' 'store'> <Ports = 2> <Width = 32> <Depth = 64> <RAM>
ST_24 : Operation 212 [1/1] (0.00ns)   --->   "%max_V_h_addr_36 = getelementptr i32 %max_V_h, i64 0, i64 35" [kernel.cpp:400]   --->   Operation 212 'getelementptr' 'max_V_h_addr_36' <Predicate = true> <Delay = 0.00>
ST_24 : Operation 213 [2/2] (3.25ns)   --->   "%max_V_h_load_35 = load i6 %max_V_h_addr_36" [kernel.cpp:400]   --->   Operation 213 'load' 'max_V_h_load_35' <Predicate = true> <Delay = 3.25> <CoreInst = "RAM">   --->   Core 82 'RAM' <Latency = 1> <II = 1> <Delay = 3.25> <Storage> <Opcode : 'load' 'store'> <Ports = 2> <Width = 32> <Depth = 64> <RAM>

State 25 <SV = 24> <Delay = 3.25>
ST_25 : Operation 214 [1/2] (3.25ns)   --->   "%max_V_h_load_34 = load i6 %max_V_h_addr_35" [kernel.cpp:400]   --->   Operation 214 'load' 'max_V_h_load_34' <Predicate = true> <Delay = 3.25> <CoreInst = "RAM">   --->   Core 82 'RAM' <Latency = 1> <II = 1> <Delay = 3.25> <Storage> <Opcode : 'load' 'store'> <Ports = 2> <Width = 32> <Depth = 64> <RAM>
ST_25 : Operation 215 [1/2] (3.25ns)   --->   "%max_V_h_load_35 = load i6 %max_V_h_addr_36" [kernel.cpp:400]   --->   Operation 215 'load' 'max_V_h_load_35' <Predicate = true> <Delay = 3.25> <CoreInst = "RAM">   --->   Core 82 'RAM' <Latency = 1> <II = 1> <Delay = 3.25> <Storage> <Opcode : 'load' 'store'> <Ports = 2> <Width = 32> <Depth = 64> <RAM>
ST_25 : Operation 216 [1/1] (0.00ns)   --->   "%max_V_h_addr_37 = getelementptr i32 %max_V_h, i64 0, i64 36" [kernel.cpp:400]   --->   Operation 216 'getelementptr' 'max_V_h_addr_37' <Predicate = true> <Delay = 0.00>
ST_25 : Operation 217 [2/2] (3.25ns)   --->   "%max_V_h_load_36 = load i6 %max_V_h_addr_37" [kernel.cpp:400]   --->   Operation 217 'load' 'max_V_h_load_36' <Predicate = true> <Delay = 3.25> <CoreInst = "RAM">   --->   Core 82 'RAM' <Latency = 1> <II = 1> <Delay = 3.25> <Storage> <Opcode : 'load' 'store'> <Ports = 2> <Width = 32> <Depth = 64> <RAM>
ST_25 : Operation 218 [1/1] (0.00ns)   --->   "%max_V_h_addr_38 = getelementptr i32 %max_V_h, i64 0, i64 37" [kernel.cpp:400]   --->   Operation 218 'getelementptr' 'max_V_h_addr_38' <Predicate = true> <Delay = 0.00>
ST_25 : Operation 219 [2/2] (3.25ns)   --->   "%max_V_h_load_37 = load i6 %max_V_h_addr_38" [kernel.cpp:400]   --->   Operation 219 'load' 'max_V_h_load_37' <Predicate = true> <Delay = 3.25> <CoreInst = "RAM">   --->   Core 82 'RAM' <Latency = 1> <II = 1> <Delay = 3.25> <Storage> <Opcode : 'load' 'store'> <Ports = 2> <Width = 32> <Depth = 64> <RAM>

State 26 <SV = 25> <Delay = 3.25>
ST_26 : Operation 220 [1/2] (3.25ns)   --->   "%max_V_h_load_36 = load i6 %max_V_h_addr_37" [kernel.cpp:400]   --->   Operation 220 'load' 'max_V_h_load_36' <Predicate = true> <Delay = 3.25> <CoreInst = "RAM">   --->   Core 82 'RAM' <Latency = 1> <II = 1> <Delay = 3.25> <Storage> <Opcode : 'load' 'store'> <Ports = 2> <Width = 32> <Depth = 64> <RAM>
ST_26 : Operation 221 [1/2] (3.25ns)   --->   "%max_V_h_load_37 = load i6 %max_V_h_addr_38" [kernel.cpp:400]   --->   Operation 221 'load' 'max_V_h_load_37' <Predicate = true> <Delay = 3.25> <CoreInst = "RAM">   --->   Core 82 'RAM' <Latency = 1> <II = 1> <Delay = 3.25> <Storage> <Opcode : 'load' 'store'> <Ports = 2> <Width = 32> <Depth = 64> <RAM>
ST_26 : Operation 222 [1/1] (0.00ns)   --->   "%max_V_h_addr_39 = getelementptr i32 %max_V_h, i64 0, i64 38" [kernel.cpp:400]   --->   Operation 222 'getelementptr' 'max_V_h_addr_39' <Predicate = true> <Delay = 0.00>
ST_26 : Operation 223 [2/2] (3.25ns)   --->   "%max_V_h_load_38 = load i6 %max_V_h_addr_39" [kernel.cpp:400]   --->   Operation 223 'load' 'max_V_h_load_38' <Predicate = true> <Delay = 3.25> <CoreInst = "RAM">   --->   Core 82 'RAM' <Latency = 1> <II = 1> <Delay = 3.25> <Storage> <Opcode : 'load' 'store'> <Ports = 2> <Width = 32> <Depth = 64> <RAM>
ST_26 : Operation 224 [1/1] (0.00ns)   --->   "%max_V_h_addr_40 = getelementptr i32 %max_V_h, i64 0, i64 39" [kernel.cpp:400]   --->   Operation 224 'getelementptr' 'max_V_h_addr_40' <Predicate = true> <Delay = 0.00>
ST_26 : Operation 225 [2/2] (3.25ns)   --->   "%max_V_h_load_39 = load i6 %max_V_h_addr_40" [kernel.cpp:400]   --->   Operation 225 'load' 'max_V_h_load_39' <Predicate = true> <Delay = 3.25> <CoreInst = "RAM">   --->   Core 82 'RAM' <Latency = 1> <II = 1> <Delay = 3.25> <Storage> <Opcode : 'load' 'store'> <Ports = 2> <Width = 32> <Depth = 64> <RAM>

State 27 <SV = 26> <Delay = 3.25>
ST_27 : Operation 226 [1/2] (3.25ns)   --->   "%max_V_h_load_38 = load i6 %max_V_h_addr_39" [kernel.cpp:400]   --->   Operation 226 'load' 'max_V_h_load_38' <Predicate = true> <Delay = 3.25> <CoreInst = "RAM">   --->   Core 82 'RAM' <Latency = 1> <II = 1> <Delay = 3.25> <Storage> <Opcode : 'load' 'store'> <Ports = 2> <Width = 32> <Depth = 64> <RAM>
ST_27 : Operation 227 [1/2] (3.25ns)   --->   "%max_V_h_load_39 = load i6 %max_V_h_addr_40" [kernel.cpp:400]   --->   Operation 227 'load' 'max_V_h_load_39' <Predicate = true> <Delay = 3.25> <CoreInst = "RAM">   --->   Core 82 'RAM' <Latency = 1> <II = 1> <Delay = 3.25> <Storage> <Opcode : 'load' 'store'> <Ports = 2> <Width = 32> <Depth = 64> <RAM>
ST_27 : Operation 228 [1/1] (0.00ns)   --->   "%max_V_h_addr_41 = getelementptr i32 %max_V_h, i64 0, i64 40" [kernel.cpp:400]   --->   Operation 228 'getelementptr' 'max_V_h_addr_41' <Predicate = true> <Delay = 0.00>
ST_27 : Operation 229 [2/2] (3.25ns)   --->   "%max_V_h_load_40 = load i6 %max_V_h_addr_41" [kernel.cpp:400]   --->   Operation 229 'load' 'max_V_h_load_40' <Predicate = true> <Delay = 3.25> <CoreInst = "RAM">   --->   Core 82 'RAM' <Latency = 1> <II = 1> <Delay = 3.25> <Storage> <Opcode : 'load' 'store'> <Ports = 2> <Width = 32> <Depth = 64> <RAM>
ST_27 : Operation 230 [1/1] (0.00ns)   --->   "%max_V_h_addr_42 = getelementptr i32 %max_V_h, i64 0, i64 41" [kernel.cpp:400]   --->   Operation 230 'getelementptr' 'max_V_h_addr_42' <Predicate = true> <Delay = 0.00>
ST_27 : Operation 231 [2/2] (3.25ns)   --->   "%max_V_h_load_41 = load i6 %max_V_h_addr_42" [kernel.cpp:400]   --->   Operation 231 'load' 'max_V_h_load_41' <Predicate = true> <Delay = 3.25> <CoreInst = "RAM">   --->   Core 82 'RAM' <Latency = 1> <II = 1> <Delay = 3.25> <Storage> <Opcode : 'load' 'store'> <Ports = 2> <Width = 32> <Depth = 64> <RAM>

State 28 <SV = 27> <Delay = 3.25>
ST_28 : Operation 232 [1/2] (3.25ns)   --->   "%max_V_h_load_40 = load i6 %max_V_h_addr_41" [kernel.cpp:400]   --->   Operation 232 'load' 'max_V_h_load_40' <Predicate = true> <Delay = 3.25> <CoreInst = "RAM">   --->   Core 82 'RAM' <Latency = 1> <II = 1> <Delay = 3.25> <Storage> <Opcode : 'load' 'store'> <Ports = 2> <Width = 32> <Depth = 64> <RAM>
ST_28 : Operation 233 [1/2] (3.25ns)   --->   "%max_V_h_load_41 = load i6 %max_V_h_addr_42" [kernel.cpp:400]   --->   Operation 233 'load' 'max_V_h_load_41' <Predicate = true> <Delay = 3.25> <CoreInst = "RAM">   --->   Core 82 'RAM' <Latency = 1> <II = 1> <Delay = 3.25> <Storage> <Opcode : 'load' 'store'> <Ports = 2> <Width = 32> <Depth = 64> <RAM>
ST_28 : Operation 234 [1/1] (0.00ns)   --->   "%max_V_h_addr_43 = getelementptr i32 %max_V_h, i64 0, i64 42" [kernel.cpp:400]   --->   Operation 234 'getelementptr' 'max_V_h_addr_43' <Predicate = true> <Delay = 0.00>
ST_28 : Operation 235 [2/2] (3.25ns)   --->   "%max_V_h_load_42 = load i6 %max_V_h_addr_43" [kernel.cpp:400]   --->   Operation 235 'load' 'max_V_h_load_42' <Predicate = true> <Delay = 3.25> <CoreInst = "RAM">   --->   Core 82 'RAM' <Latency = 1> <II = 1> <Delay = 3.25> <Storage> <Opcode : 'load' 'store'> <Ports = 2> <Width = 32> <Depth = 64> <RAM>
ST_28 : Operation 236 [1/1] (0.00ns)   --->   "%max_V_h_addr_44 = getelementptr i32 %max_V_h, i64 0, i64 43" [kernel.cpp:400]   --->   Operation 236 'getelementptr' 'max_V_h_addr_44' <Predicate = true> <Delay = 0.00>
ST_28 : Operation 237 [2/2] (3.25ns)   --->   "%max_V_h_load_43 = load i6 %max_V_h_addr_44" [kernel.cpp:400]   --->   Operation 237 'load' 'max_V_h_load_43' <Predicate = true> <Delay = 3.25> <CoreInst = "RAM">   --->   Core 82 'RAM' <Latency = 1> <II = 1> <Delay = 3.25> <Storage> <Opcode : 'load' 'store'> <Ports = 2> <Width = 32> <Depth = 64> <RAM>

State 29 <SV = 28> <Delay = 3.25>
ST_29 : Operation 238 [1/2] (3.25ns)   --->   "%max_V_h_load_42 = load i6 %max_V_h_addr_43" [kernel.cpp:400]   --->   Operation 238 'load' 'max_V_h_load_42' <Predicate = true> <Delay = 3.25> <CoreInst = "RAM">   --->   Core 82 'RAM' <Latency = 1> <II = 1> <Delay = 3.25> <Storage> <Opcode : 'load' 'store'> <Ports = 2> <Width = 32> <Depth = 64> <RAM>
ST_29 : Operation 239 [1/2] (3.25ns)   --->   "%max_V_h_load_43 = load i6 %max_V_h_addr_44" [kernel.cpp:400]   --->   Operation 239 'load' 'max_V_h_load_43' <Predicate = true> <Delay = 3.25> <CoreInst = "RAM">   --->   Core 82 'RAM' <Latency = 1> <II = 1> <Delay = 3.25> <Storage> <Opcode : 'load' 'store'> <Ports = 2> <Width = 32> <Depth = 64> <RAM>
ST_29 : Operation 240 [1/1] (0.00ns)   --->   "%max_V_h_addr_45 = getelementptr i32 %max_V_h, i64 0, i64 44" [kernel.cpp:400]   --->   Operation 240 'getelementptr' 'max_V_h_addr_45' <Predicate = true> <Delay = 0.00>
ST_29 : Operation 241 [2/2] (3.25ns)   --->   "%max_V_h_load_44 = load i6 %max_V_h_addr_45" [kernel.cpp:400]   --->   Operation 241 'load' 'max_V_h_load_44' <Predicate = true> <Delay = 3.25> <CoreInst = "RAM">   --->   Core 82 'RAM' <Latency = 1> <II = 1> <Delay = 3.25> <Storage> <Opcode : 'load' 'store'> <Ports = 2> <Width = 32> <Depth = 64> <RAM>
ST_29 : Operation 242 [1/1] (0.00ns)   --->   "%max_V_h_addr_46 = getelementptr i32 %max_V_h, i64 0, i64 45" [kernel.cpp:400]   --->   Operation 242 'getelementptr' 'max_V_h_addr_46' <Predicate = true> <Delay = 0.00>
ST_29 : Operation 243 [2/2] (3.25ns)   --->   "%max_V_h_load_45 = load i6 %max_V_h_addr_46" [kernel.cpp:400]   --->   Operation 243 'load' 'max_V_h_load_45' <Predicate = true> <Delay = 3.25> <CoreInst = "RAM">   --->   Core 82 'RAM' <Latency = 1> <II = 1> <Delay = 3.25> <Storage> <Opcode : 'load' 'store'> <Ports = 2> <Width = 32> <Depth = 64> <RAM>

State 30 <SV = 29> <Delay = 3.25>
ST_30 : Operation 244 [1/2] (3.25ns)   --->   "%max_V_h_load_44 = load i6 %max_V_h_addr_45" [kernel.cpp:400]   --->   Operation 244 'load' 'max_V_h_load_44' <Predicate = true> <Delay = 3.25> <CoreInst = "RAM">   --->   Core 82 'RAM' <Latency = 1> <II = 1> <Delay = 3.25> <Storage> <Opcode : 'load' 'store'> <Ports = 2> <Width = 32> <Depth = 64> <RAM>
ST_30 : Operation 245 [1/2] (3.25ns)   --->   "%max_V_h_load_45 = load i6 %max_V_h_addr_46" [kernel.cpp:400]   --->   Operation 245 'load' 'max_V_h_load_45' <Predicate = true> <Delay = 3.25> <CoreInst = "RAM">   --->   Core 82 'RAM' <Latency = 1> <II = 1> <Delay = 3.25> <Storage> <Opcode : 'load' 'store'> <Ports = 2> <Width = 32> <Depth = 64> <RAM>
ST_30 : Operation 246 [1/1] (0.00ns)   --->   "%max_V_h_addr_47 = getelementptr i32 %max_V_h, i64 0, i64 46" [kernel.cpp:400]   --->   Operation 246 'getelementptr' 'max_V_h_addr_47' <Predicate = true> <Delay = 0.00>
ST_30 : Operation 247 [2/2] (3.25ns)   --->   "%max_V_h_load_46 = load i6 %max_V_h_addr_47" [kernel.cpp:400]   --->   Operation 247 'load' 'max_V_h_load_46' <Predicate = true> <Delay = 3.25> <CoreInst = "RAM">   --->   Core 82 'RAM' <Latency = 1> <II = 1> <Delay = 3.25> <Storage> <Opcode : 'load' 'store'> <Ports = 2> <Width = 32> <Depth = 64> <RAM>
ST_30 : Operation 248 [1/1] (0.00ns)   --->   "%max_V_h_addr_48 = getelementptr i32 %max_V_h, i64 0, i64 47" [kernel.cpp:400]   --->   Operation 248 'getelementptr' 'max_V_h_addr_48' <Predicate = true> <Delay = 0.00>
ST_30 : Operation 249 [2/2] (3.25ns)   --->   "%max_V_h_load_47 = load i6 %max_V_h_addr_48" [kernel.cpp:400]   --->   Operation 249 'load' 'max_V_h_load_47' <Predicate = true> <Delay = 3.25> <CoreInst = "RAM">   --->   Core 82 'RAM' <Latency = 1> <II = 1> <Delay = 3.25> <Storage> <Opcode : 'load' 'store'> <Ports = 2> <Width = 32> <Depth = 64> <RAM>

State 31 <SV = 30> <Delay = 3.25>
ST_31 : Operation 250 [1/2] (3.25ns)   --->   "%max_V_h_load_46 = load i6 %max_V_h_addr_47" [kernel.cpp:400]   --->   Operation 250 'load' 'max_V_h_load_46' <Predicate = true> <Delay = 3.25> <CoreInst = "RAM">   --->   Core 82 'RAM' <Latency = 1> <II = 1> <Delay = 3.25> <Storage> <Opcode : 'load' 'store'> <Ports = 2> <Width = 32> <Depth = 64> <RAM>
ST_31 : Operation 251 [1/2] (3.25ns)   --->   "%max_V_h_load_47 = load i6 %max_V_h_addr_48" [kernel.cpp:400]   --->   Operation 251 'load' 'max_V_h_load_47' <Predicate = true> <Delay = 3.25> <CoreInst = "RAM">   --->   Core 82 'RAM' <Latency = 1> <II = 1> <Delay = 3.25> <Storage> <Opcode : 'load' 'store'> <Ports = 2> <Width = 32> <Depth = 64> <RAM>
ST_31 : Operation 252 [1/1] (0.00ns)   --->   "%max_V_h_addr_49 = getelementptr i32 %max_V_h, i64 0, i64 48" [kernel.cpp:400]   --->   Operation 252 'getelementptr' 'max_V_h_addr_49' <Predicate = true> <Delay = 0.00>
ST_31 : Operation 253 [2/2] (3.25ns)   --->   "%max_V_h_load_48 = load i6 %max_V_h_addr_49" [kernel.cpp:400]   --->   Operation 253 'load' 'max_V_h_load_48' <Predicate = true> <Delay = 3.25> <CoreInst = "RAM">   --->   Core 82 'RAM' <Latency = 1> <II = 1> <Delay = 3.25> <Storage> <Opcode : 'load' 'store'> <Ports = 2> <Width = 32> <Depth = 64> <RAM>
ST_31 : Operation 254 [1/1] (0.00ns)   --->   "%max_V_h_addr_50 = getelementptr i32 %max_V_h, i64 0, i64 49" [kernel.cpp:400]   --->   Operation 254 'getelementptr' 'max_V_h_addr_50' <Predicate = true> <Delay = 0.00>
ST_31 : Operation 255 [2/2] (3.25ns)   --->   "%max_V_h_load_49 = load i6 %max_V_h_addr_50" [kernel.cpp:400]   --->   Operation 255 'load' 'max_V_h_load_49' <Predicate = true> <Delay = 3.25> <CoreInst = "RAM">   --->   Core 82 'RAM' <Latency = 1> <II = 1> <Delay = 3.25> <Storage> <Opcode : 'load' 'store'> <Ports = 2> <Width = 32> <Depth = 64> <RAM>

State 32 <SV = 31> <Delay = 3.25>
ST_32 : Operation 256 [1/2] (3.25ns)   --->   "%max_V_h_load_48 = load i6 %max_V_h_addr_49" [kernel.cpp:400]   --->   Operation 256 'load' 'max_V_h_load_48' <Predicate = true> <Delay = 3.25> <CoreInst = "RAM">   --->   Core 82 'RAM' <Latency = 1> <II = 1> <Delay = 3.25> <Storage> <Opcode : 'load' 'store'> <Ports = 2> <Width = 32> <Depth = 64> <RAM>
ST_32 : Operation 257 [1/2] (3.25ns)   --->   "%max_V_h_load_49 = load i6 %max_V_h_addr_50" [kernel.cpp:400]   --->   Operation 257 'load' 'max_V_h_load_49' <Predicate = true> <Delay = 3.25> <CoreInst = "RAM">   --->   Core 82 'RAM' <Latency = 1> <II = 1> <Delay = 3.25> <Storage> <Opcode : 'load' 'store'> <Ports = 2> <Width = 32> <Depth = 64> <RAM>
ST_32 : Operation 258 [1/1] (0.00ns)   --->   "%max_V_h_addr_51 = getelementptr i32 %max_V_h, i64 0, i64 50" [kernel.cpp:400]   --->   Operation 258 'getelementptr' 'max_V_h_addr_51' <Predicate = true> <Delay = 0.00>
ST_32 : Operation 259 [2/2] (3.25ns)   --->   "%max_V_h_load_50 = load i6 %max_V_h_addr_51" [kernel.cpp:400]   --->   Operation 259 'load' 'max_V_h_load_50' <Predicate = true> <Delay = 3.25> <CoreInst = "RAM">   --->   Core 82 'RAM' <Latency = 1> <II = 1> <Delay = 3.25> <Storage> <Opcode : 'load' 'store'> <Ports = 2> <Width = 32> <Depth = 64> <RAM>
ST_32 : Operation 260 [1/1] (0.00ns)   --->   "%max_V_h_addr_52 = getelementptr i32 %max_V_h, i64 0, i64 51" [kernel.cpp:400]   --->   Operation 260 'getelementptr' 'max_V_h_addr_52' <Predicate = true> <Delay = 0.00>
ST_32 : Operation 261 [2/2] (3.25ns)   --->   "%max_V_h_load_51 = load i6 %max_V_h_addr_52" [kernel.cpp:400]   --->   Operation 261 'load' 'max_V_h_load_51' <Predicate = true> <Delay = 3.25> <CoreInst = "RAM">   --->   Core 82 'RAM' <Latency = 1> <II = 1> <Delay = 3.25> <Storage> <Opcode : 'load' 'store'> <Ports = 2> <Width = 32> <Depth = 64> <RAM>

State 33 <SV = 32> <Delay = 3.25>
ST_33 : Operation 262 [1/2] (3.25ns)   --->   "%max_V_h_load_50 = load i6 %max_V_h_addr_51" [kernel.cpp:400]   --->   Operation 262 'load' 'max_V_h_load_50' <Predicate = true> <Delay = 3.25> <CoreInst = "RAM">   --->   Core 82 'RAM' <Latency = 1> <II = 1> <Delay = 3.25> <Storage> <Opcode : 'load' 'store'> <Ports = 2> <Width = 32> <Depth = 64> <RAM>
ST_33 : Operation 263 [1/2] (3.25ns)   --->   "%max_V_h_load_51 = load i6 %max_V_h_addr_52" [kernel.cpp:400]   --->   Operation 263 'load' 'max_V_h_load_51' <Predicate = true> <Delay = 3.25> <CoreInst = "RAM">   --->   Core 82 'RAM' <Latency = 1> <II = 1> <Delay = 3.25> <Storage> <Opcode : 'load' 'store'> <Ports = 2> <Width = 32> <Depth = 64> <RAM>
ST_33 : Operation 264 [1/1] (0.00ns)   --->   "%max_V_h_addr_53 = getelementptr i32 %max_V_h, i64 0, i64 52" [kernel.cpp:400]   --->   Operation 264 'getelementptr' 'max_V_h_addr_53' <Predicate = true> <Delay = 0.00>
ST_33 : Operation 265 [2/2] (3.25ns)   --->   "%max_V_h_load_52 = load i6 %max_V_h_addr_53" [kernel.cpp:400]   --->   Operation 265 'load' 'max_V_h_load_52' <Predicate = true> <Delay = 3.25> <CoreInst = "RAM">   --->   Core 82 'RAM' <Latency = 1> <II = 1> <Delay = 3.25> <Storage> <Opcode : 'load' 'store'> <Ports = 2> <Width = 32> <Depth = 64> <RAM>
ST_33 : Operation 266 [1/1] (0.00ns)   --->   "%max_V_h_addr_54 = getelementptr i32 %max_V_h, i64 0, i64 53" [kernel.cpp:400]   --->   Operation 266 'getelementptr' 'max_V_h_addr_54' <Predicate = true> <Delay = 0.00>
ST_33 : Operation 267 [2/2] (3.25ns)   --->   "%max_V_h_load_53 = load i6 %max_V_h_addr_54" [kernel.cpp:400]   --->   Operation 267 'load' 'max_V_h_load_53' <Predicate = true> <Delay = 3.25> <CoreInst = "RAM">   --->   Core 82 'RAM' <Latency = 1> <II = 1> <Delay = 3.25> <Storage> <Opcode : 'load' 'store'> <Ports = 2> <Width = 32> <Depth = 64> <RAM>

State 34 <SV = 33> <Delay = 3.25>
ST_34 : Operation 268 [1/2] (3.25ns)   --->   "%max_V_h_load_52 = load i6 %max_V_h_addr_53" [kernel.cpp:400]   --->   Operation 268 'load' 'max_V_h_load_52' <Predicate = true> <Delay = 3.25> <CoreInst = "RAM">   --->   Core 82 'RAM' <Latency = 1> <II = 1> <Delay = 3.25> <Storage> <Opcode : 'load' 'store'> <Ports = 2> <Width = 32> <Depth = 64> <RAM>
ST_34 : Operation 269 [1/2] (3.25ns)   --->   "%max_V_h_load_53 = load i6 %max_V_h_addr_54" [kernel.cpp:400]   --->   Operation 269 'load' 'max_V_h_load_53' <Predicate = true> <Delay = 3.25> <CoreInst = "RAM">   --->   Core 82 'RAM' <Latency = 1> <II = 1> <Delay = 3.25> <Storage> <Opcode : 'load' 'store'> <Ports = 2> <Width = 32> <Depth = 64> <RAM>
ST_34 : Operation 270 [1/1] (0.00ns)   --->   "%max_V_h_addr_55 = getelementptr i32 %max_V_h, i64 0, i64 54" [kernel.cpp:400]   --->   Operation 270 'getelementptr' 'max_V_h_addr_55' <Predicate = true> <Delay = 0.00>
ST_34 : Operation 271 [2/2] (3.25ns)   --->   "%max_V_h_load_54 = load i6 %max_V_h_addr_55" [kernel.cpp:400]   --->   Operation 271 'load' 'max_V_h_load_54' <Predicate = true> <Delay = 3.25> <CoreInst = "RAM">   --->   Core 82 'RAM' <Latency = 1> <II = 1> <Delay = 3.25> <Storage> <Opcode : 'load' 'store'> <Ports = 2> <Width = 32> <Depth = 64> <RAM>
ST_34 : Operation 272 [1/1] (0.00ns)   --->   "%max_V_h_addr_56 = getelementptr i32 %max_V_h, i64 0, i64 55" [kernel.cpp:400]   --->   Operation 272 'getelementptr' 'max_V_h_addr_56' <Predicate = true> <Delay = 0.00>
ST_34 : Operation 273 [2/2] (3.25ns)   --->   "%max_V_h_load_55 = load i6 %max_V_h_addr_56" [kernel.cpp:400]   --->   Operation 273 'load' 'max_V_h_load_55' <Predicate = true> <Delay = 3.25> <CoreInst = "RAM">   --->   Core 82 'RAM' <Latency = 1> <II = 1> <Delay = 3.25> <Storage> <Opcode : 'load' 'store'> <Ports = 2> <Width = 32> <Depth = 64> <RAM>

State 35 <SV = 34> <Delay = 3.25>
ST_35 : Operation 274 [1/2] (3.25ns)   --->   "%max_V_h_load_54 = load i6 %max_V_h_addr_55" [kernel.cpp:400]   --->   Operation 274 'load' 'max_V_h_load_54' <Predicate = true> <Delay = 3.25> <CoreInst = "RAM">   --->   Core 82 'RAM' <Latency = 1> <II = 1> <Delay = 3.25> <Storage> <Opcode : 'load' 'store'> <Ports = 2> <Width = 32> <Depth = 64> <RAM>
ST_35 : Operation 275 [1/2] (3.25ns)   --->   "%max_V_h_load_55 = load i6 %max_V_h_addr_56" [kernel.cpp:400]   --->   Operation 275 'load' 'max_V_h_load_55' <Predicate = true> <Delay = 3.25> <CoreInst = "RAM">   --->   Core 82 'RAM' <Latency = 1> <II = 1> <Delay = 3.25> <Storage> <Opcode : 'load' 'store'> <Ports = 2> <Width = 32> <Depth = 64> <RAM>
ST_35 : Operation 276 [1/1] (0.00ns)   --->   "%max_V_h_addr_57 = getelementptr i32 %max_V_h, i64 0, i64 56" [kernel.cpp:400]   --->   Operation 276 'getelementptr' 'max_V_h_addr_57' <Predicate = true> <Delay = 0.00>
ST_35 : Operation 277 [2/2] (3.25ns)   --->   "%max_V_h_load_56 = load i6 %max_V_h_addr_57" [kernel.cpp:400]   --->   Operation 277 'load' 'max_V_h_load_56' <Predicate = true> <Delay = 3.25> <CoreInst = "RAM">   --->   Core 82 'RAM' <Latency = 1> <II = 1> <Delay = 3.25> <Storage> <Opcode : 'load' 'store'> <Ports = 2> <Width = 32> <Depth = 64> <RAM>
ST_35 : Operation 278 [1/1] (0.00ns)   --->   "%max_V_h_addr_58 = getelementptr i32 %max_V_h, i64 0, i64 57" [kernel.cpp:400]   --->   Operation 278 'getelementptr' 'max_V_h_addr_58' <Predicate = true> <Delay = 0.00>
ST_35 : Operation 279 [2/2] (3.25ns)   --->   "%max_V_h_load_57 = load i6 %max_V_h_addr_58" [kernel.cpp:400]   --->   Operation 279 'load' 'max_V_h_load_57' <Predicate = true> <Delay = 3.25> <CoreInst = "RAM">   --->   Core 82 'RAM' <Latency = 1> <II = 1> <Delay = 3.25> <Storage> <Opcode : 'load' 'store'> <Ports = 2> <Width = 32> <Depth = 64> <RAM>

State 36 <SV = 35> <Delay = 3.25>
ST_36 : Operation 280 [1/2] (3.25ns)   --->   "%max_V_h_load_56 = load i6 %max_V_h_addr_57" [kernel.cpp:400]   --->   Operation 280 'load' 'max_V_h_load_56' <Predicate = true> <Delay = 3.25> <CoreInst = "RAM">   --->   Core 82 'RAM' <Latency = 1> <II = 1> <Delay = 3.25> <Storage> <Opcode : 'load' 'store'> <Ports = 2> <Width = 32> <Depth = 64> <RAM>
ST_36 : Operation 281 [1/2] (3.25ns)   --->   "%max_V_h_load_57 = load i6 %max_V_h_addr_58" [kernel.cpp:400]   --->   Operation 281 'load' 'max_V_h_load_57' <Predicate = true> <Delay = 3.25> <CoreInst = "RAM">   --->   Core 82 'RAM' <Latency = 1> <II = 1> <Delay = 3.25> <Storage> <Opcode : 'load' 'store'> <Ports = 2> <Width = 32> <Depth = 64> <RAM>
ST_36 : Operation 282 [1/1] (0.00ns)   --->   "%max_V_h_addr_59 = getelementptr i32 %max_V_h, i64 0, i64 58" [kernel.cpp:400]   --->   Operation 282 'getelementptr' 'max_V_h_addr_59' <Predicate = true> <Delay = 0.00>
ST_36 : Operation 283 [2/2] (3.25ns)   --->   "%max_V_h_load_58 = load i6 %max_V_h_addr_59" [kernel.cpp:400]   --->   Operation 283 'load' 'max_V_h_load_58' <Predicate = true> <Delay = 3.25> <CoreInst = "RAM">   --->   Core 82 'RAM' <Latency = 1> <II = 1> <Delay = 3.25> <Storage> <Opcode : 'load' 'store'> <Ports = 2> <Width = 32> <Depth = 64> <RAM>
ST_36 : Operation 284 [1/1] (0.00ns)   --->   "%max_V_h_addr_60 = getelementptr i32 %max_V_h, i64 0, i64 59" [kernel.cpp:400]   --->   Operation 284 'getelementptr' 'max_V_h_addr_60' <Predicate = true> <Delay = 0.00>
ST_36 : Operation 285 [2/2] (3.25ns)   --->   "%max_V_h_load_59 = load i6 %max_V_h_addr_60" [kernel.cpp:400]   --->   Operation 285 'load' 'max_V_h_load_59' <Predicate = true> <Delay = 3.25> <CoreInst = "RAM">   --->   Core 82 'RAM' <Latency = 1> <II = 1> <Delay = 3.25> <Storage> <Opcode : 'load' 'store'> <Ports = 2> <Width = 32> <Depth = 64> <RAM>

State 37 <SV = 36> <Delay = 3.25>
ST_37 : Operation 286 [1/2] (3.25ns)   --->   "%max_V_h_load_58 = load i6 %max_V_h_addr_59" [kernel.cpp:400]   --->   Operation 286 'load' 'max_V_h_load_58' <Predicate = true> <Delay = 3.25> <CoreInst = "RAM">   --->   Core 82 'RAM' <Latency = 1> <II = 1> <Delay = 3.25> <Storage> <Opcode : 'load' 'store'> <Ports = 2> <Width = 32> <Depth = 64> <RAM>
ST_37 : Operation 287 [1/2] (3.25ns)   --->   "%max_V_h_load_59 = load i6 %max_V_h_addr_60" [kernel.cpp:400]   --->   Operation 287 'load' 'max_V_h_load_59' <Predicate = true> <Delay = 3.25> <CoreInst = "RAM">   --->   Core 82 'RAM' <Latency = 1> <II = 1> <Delay = 3.25> <Storage> <Opcode : 'load' 'store'> <Ports = 2> <Width = 32> <Depth = 64> <RAM>
ST_37 : Operation 288 [1/1] (0.00ns)   --->   "%max_V_h_addr_61 = getelementptr i32 %max_V_h, i64 0, i64 60" [kernel.cpp:400]   --->   Operation 288 'getelementptr' 'max_V_h_addr_61' <Predicate = true> <Delay = 0.00>
ST_37 : Operation 289 [2/2] (3.25ns)   --->   "%max_V_h_load_60 = load i6 %max_V_h_addr_61" [kernel.cpp:400]   --->   Operation 289 'load' 'max_V_h_load_60' <Predicate = true> <Delay = 3.25> <CoreInst = "RAM">   --->   Core 82 'RAM' <Latency = 1> <II = 1> <Delay = 3.25> <Storage> <Opcode : 'load' 'store'> <Ports = 2> <Width = 32> <Depth = 64> <RAM>
ST_37 : Operation 290 [1/1] (0.00ns)   --->   "%max_V_h_addr_62 = getelementptr i32 %max_V_h, i64 0, i64 61" [kernel.cpp:400]   --->   Operation 290 'getelementptr' 'max_V_h_addr_62' <Predicate = true> <Delay = 0.00>
ST_37 : Operation 291 [2/2] (3.25ns)   --->   "%max_V_h_load_61 = load i6 %max_V_h_addr_62" [kernel.cpp:400]   --->   Operation 291 'load' 'max_V_h_load_61' <Predicate = true> <Delay = 3.25> <CoreInst = "RAM">   --->   Core 82 'RAM' <Latency = 1> <II = 1> <Delay = 3.25> <Storage> <Opcode : 'load' 'store'> <Ports = 2> <Width = 32> <Depth = 64> <RAM>

State 38 <SV = 37> <Delay = 3.25>
ST_38 : Operation 292 [1/2] (3.25ns)   --->   "%max_V_h_load_60 = load i6 %max_V_h_addr_61" [kernel.cpp:400]   --->   Operation 292 'load' 'max_V_h_load_60' <Predicate = true> <Delay = 3.25> <CoreInst = "RAM">   --->   Core 82 'RAM' <Latency = 1> <II = 1> <Delay = 3.25> <Storage> <Opcode : 'load' 'store'> <Ports = 2> <Width = 32> <Depth = 64> <RAM>
ST_38 : Operation 293 [1/2] (3.25ns)   --->   "%max_V_h_load_61 = load i6 %max_V_h_addr_62" [kernel.cpp:400]   --->   Operation 293 'load' 'max_V_h_load_61' <Predicate = true> <Delay = 3.25> <CoreInst = "RAM">   --->   Core 82 'RAM' <Latency = 1> <II = 1> <Delay = 3.25> <Storage> <Opcode : 'load' 'store'> <Ports = 2> <Width = 32> <Depth = 64> <RAM>
ST_38 : Operation 294 [1/1] (0.00ns)   --->   "%max_V_h_addr_63 = getelementptr i32 %max_V_h, i64 0, i64 62" [kernel.cpp:400]   --->   Operation 294 'getelementptr' 'max_V_h_addr_63' <Predicate = true> <Delay = 0.00>
ST_38 : Operation 295 [2/2] (3.25ns)   --->   "%max_V_h_load_62 = load i6 %max_V_h_addr_63" [kernel.cpp:400]   --->   Operation 295 'load' 'max_V_h_load_62' <Predicate = true> <Delay = 3.25> <CoreInst = "RAM">   --->   Core 82 'RAM' <Latency = 1> <II = 1> <Delay = 3.25> <Storage> <Opcode : 'load' 'store'> <Ports = 2> <Width = 32> <Depth = 64> <RAM>
ST_38 : Operation 296 [1/1] (0.00ns)   --->   "%max_V_h_addr_64 = getelementptr i32 %max_V_h, i64 0, i64 63" [kernel.cpp:400]   --->   Operation 296 'getelementptr' 'max_V_h_addr_64' <Predicate = true> <Delay = 0.00>
ST_38 : Operation 297 [2/2] (3.25ns)   --->   "%max_V_h_load_63 = load i6 %max_V_h_addr_64" [kernel.cpp:400]   --->   Operation 297 'load' 'max_V_h_load_63' <Predicate = true> <Delay = 3.25> <CoreInst = "RAM">   --->   Core 82 'RAM' <Latency = 1> <II = 1> <Delay = 3.25> <Storage> <Opcode : 'load' 'store'> <Ports = 2> <Width = 32> <Depth = 64> <RAM>

State 39 <SV = 38> <Delay = 3.25>
ST_39 : Operation 298 [1/2] (3.25ns)   --->   "%max_V_h_load_62 = load i6 %max_V_h_addr_63" [kernel.cpp:400]   --->   Operation 298 'load' 'max_V_h_load_62' <Predicate = true> <Delay = 3.25> <CoreInst = "RAM">   --->   Core 82 'RAM' <Latency = 1> <II = 1> <Delay = 3.25> <Storage> <Opcode : 'load' 'store'> <Ports = 2> <Width = 32> <Depth = 64> <RAM>
ST_39 : Operation 299 [1/2] (3.25ns)   --->   "%max_V_h_load_63 = load i6 %max_V_h_addr_64" [kernel.cpp:400]   --->   Operation 299 'load' 'max_V_h_load_63' <Predicate = true> <Delay = 3.25> <CoreInst = "RAM">   --->   Core 82 'RAM' <Latency = 1> <II = 1> <Delay = 3.25> <Storage> <Opcode : 'load' 'store'> <Ports = 2> <Width = 32> <Depth = 64> <RAM>
ST_39 : Operation 300 [2/2] (0.00ns)   --->   "%call_ln400 = call void @Context_layer_Pipeline_l_outp_to_float_i19, i32 %v169, i32 %q_outp2, i32 %max_Attn, i32 %max_V_h_load, i32 %max_V_h_load_1, i32 %max_V_h_load_2, i32 %max_V_h_load_3, i32 %max_V_h_load_4, i32 %max_V_h_load_5, i32 %max_V_h_load_6, i32 %max_V_h_load_7, i32 %max_V_h_load_8, i32 %max_V_h_load_9, i32 %max_V_h_load_10, i32 %max_V_h_load_11, i32 %max_V_h_load_12, i32 %max_V_h_load_13, i32 %max_V_h_load_14, i32 %max_V_h_load_15, i32 %max_V_h_load_16, i32 %max_V_h_load_17, i32 %max_V_h_load_18, i32 %max_V_h_load_19, i32 %max_V_h_load_20, i32 %max_V_h_load_21, i32 %max_V_h_load_22, i32 %max_V_h_load_23, i32 %max_V_h_load_24, i32 %max_V_h_load_25, i32 %max_V_h_load_26, i32 %max_V_h_load_27, i32 %max_V_h_load_28, i32 %max_V_h_load_29, i32 %max_V_h_load_30, i32 %max_V_h_load_31, i32 %max_V_h_load_32, i32 %max_V_h_load_33, i32 %max_V_h_load_34, i32 %max_V_h_load_35, i32 %max_V_h_load_36, i32 %max_V_h_load_37, i32 %max_V_h_load_38, i32 %max_V_h_load_39, i32 %max_V_h_load_40, i32 %max_V_h_load_41, i32 %max_V_h_load_42, i32 %max_V_h_load_43, i32 %max_V_h_load_44, i32 %max_V_h_load_45, i32 %max_V_h_load_46, i32 %max_V_h_load_47, i32 %max_V_h_load_48, i32 %max_V_h_load_49, i32 %max_V_h_load_50, i32 %max_V_h_load_51, i32 %max_V_h_load_52, i32 %max_V_h_load_53, i32 %max_V_h_load_54, i32 %max_V_h_load_55, i32 %max_V_h_load_56, i32 %max_V_h_load_57, i32 %max_V_h_load_58, i32 %max_V_h_load_59, i32 %max_V_h_load_60, i32 %max_V_h_load_61, i32 %max_V_h_load_62, i32 %max_V_h_load_63" [kernel.cpp:400]   --->   Operation 300 'call' 'call_ln400' <Predicate = true> <Delay = 0.00> <CoreType = "Generic">   --->   Core 0 '' <Latency = 0> <II = 1> <Delay = 1.00> <Generic> <Opcode : >

State 40 <SV = 39> <Delay = 0.00>
ST_40 : Operation 301 [1/2] (0.00ns)   --->   "%call_ln400 = call void @Context_layer_Pipeline_l_outp_to_float_i19, i32 %v169, i32 %q_outp2, i32 %max_Attn, i32 %max_V_h_load, i32 %max_V_h_load_1, i32 %max_V_h_load_2, i32 %max_V_h_load_3, i32 %max_V_h_load_4, i32 %max_V_h_load_5, i32 %max_V_h_load_6, i32 %max_V_h_load_7, i32 %max_V_h_load_8, i32 %max_V_h_load_9, i32 %max_V_h_load_10, i32 %max_V_h_load_11, i32 %max_V_h_load_12, i32 %max_V_h_load_13, i32 %max_V_h_load_14, i32 %max_V_h_load_15, i32 %max_V_h_load_16, i32 %max_V_h_load_17, i32 %max_V_h_load_18, i32 %max_V_h_load_19, i32 %max_V_h_load_20, i32 %max_V_h_load_21, i32 %max_V_h_load_22, i32 %max_V_h_load_23, i32 %max_V_h_load_24, i32 %max_V_h_load_25, i32 %max_V_h_load_26, i32 %max_V_h_load_27, i32 %max_V_h_load_28, i32 %max_V_h_load_29, i32 %max_V_h_load_30, i32 %max_V_h_load_31, i32 %max_V_h_load_32, i32 %max_V_h_load_33, i32 %max_V_h_load_34, i32 %max_V_h_load_35, i32 %max_V_h_load_36, i32 %max_V_h_load_37, i32 %max_V_h_load_38, i32 %max_V_h_load_39, i32 %max_V_h_load_40, i32 %max_V_h_load_41, i32 %max_V_h_load_42, i32 %max_V_h_load_43, i32 %max_V_h_load_44, i32 %max_V_h_load_45, i32 %max_V_h_load_46, i32 %max_V_h_load_47, i32 %max_V_h_load_48, i32 %max_V_h_load_49, i32 %max_V_h_load_50, i32 %max_V_h_load_51, i32 %max_V_h_load_52, i32 %max_V_h_load_53, i32 %max_V_h_load_54, i32 %max_V_h_load_55, i32 %max_V_h_load_56, i32 %max_V_h_load_57, i32 %max_V_h_load_58, i32 %max_V_h_load_59, i32 %max_V_h_load_60, i32 %max_V_h_load_61, i32 %max_V_h_load_62, i32 %max_V_h_load_63" [kernel.cpp:400]   --->   Operation 301 'call' 'call_ln400' <Predicate = true> <Delay = 0.00> <CoreType = "Generic">   --->   Core 0 '' <Latency = 0> <II = 1> <Delay = 1.00> <Generic> <Opcode : >
ST_40 : Operation 302 [1/1] (0.00ns)   --->   "%ret_ln406 = ret" [kernel.cpp:406]   --->   Operation 302 'ret' 'ret_ln406' <Predicate = true> <Delay = 0.00>


============================================================
+ Verbose Summary: Timing violations
============================================================
Target clock period: 10ns, clock uncertainty: 2.7ns.

 <State 1>: 1.59ns
The critical path consists of the following:
	'alloca' operation ('v171') [15]  (0 ns)
	'store' operation ('store_ln294', kernel.cpp:294) of constant 0 on local variable 'v171' [43]  (1.59 ns)

 <State 2>: 3.62ns
The critical path consists of the following:
	'load' operation ('v171', kernel.cpp:294) on local variable 'v171' [46]  (0 ns)
	'add' operation ('add_ln294', kernel.cpp:294) [50]  (1.74 ns)
	'store' operation ('store_ln294', kernel.cpp:294) of variable 'add_ln294', kernel.cpp:294 on local variable 'v171' [56]  (1.59 ns)
	blocking operation 0.301 ns on control path)

 <State 3>: 4.74ns
The critical path consists of the following:
	'load' operation ('v173', kernel.cpp:298) on local variable 'v173' [63]  (0 ns)
	'add' operation ('add_ln298', kernel.cpp:298) [67]  (1.87 ns)
	'store' operation ('store_ln298', kernel.cpp:298) of variable 'add_ln298', kernel.cpp:298 on local variable 'v173' [73]  (1.59 ns)
	blocking operation 1.28 ns on control path)

 <State 4>: 0ns
The critical path consists of the following:

 <State 5>: 0ns
The critical path consists of the following:

 <State 6>: 0ns
The critical path consists of the following:

 <State 7>: 3.25ns
The critical path consists of the following:
	'getelementptr' operation ('max_V_h_addr_1', kernel.cpp:400) [82]  (0 ns)
	'load' operation ('max_V_h_load', kernel.cpp:400) on array 'max_V_h', kernel.cpp:297 [83]  (3.25 ns)

 <State 8>: 3.25ns
The critical path consists of the following:
	'load' operation ('max_V_h_load', kernel.cpp:400) on array 'max_V_h', kernel.cpp:297 [83]  (3.25 ns)

 <State 9>: 3.25ns
The critical path consists of the following:
	'load' operation ('max_V_h_load_2', kernel.cpp:400) on array 'max_V_h', kernel.cpp:297 [87]  (3.25 ns)

 <State 10>: 3.25ns
The critical path consists of the following:
	'load' operation ('max_V_h_load_4', kernel.cpp:400) on array 'max_V_h', kernel.cpp:297 [91]  (3.25 ns)

 <State 11>: 3.25ns
The critical path consists of the following:
	'load' operation ('max_V_h_load_6', kernel.cpp:400) on array 'max_V_h', kernel.cpp:297 [95]  (3.25 ns)

 <State 12>: 3.25ns
The critical path consists of the following:
	'load' operation ('max_V_h_load_8', kernel.cpp:400) on array 'max_V_h', kernel.cpp:297 [99]  (3.25 ns)

 <State 13>: 3.25ns
The critical path consists of the following:
	'load' operation ('max_V_h_load_10', kernel.cpp:400) on array 'max_V_h', kernel.cpp:297 [103]  (3.25 ns)

 <State 14>: 3.25ns
The critical path consists of the following:
	'load' operation ('max_V_h_load_12', kernel.cpp:400) on array 'max_V_h', kernel.cpp:297 [107]  (3.25 ns)

 <State 15>: 3.25ns
The critical path consists of the following:
	'load' operation ('max_V_h_load_14', kernel.cpp:400) on array 'max_V_h', kernel.cpp:297 [111]  (3.25 ns)

 <State 16>: 3.25ns
The critical path consists of the following:
	'load' operation ('max_V_h_load_16', kernel.cpp:400) on array 'max_V_h', kernel.cpp:297 [115]  (3.25 ns)

 <State 17>: 3.25ns
The critical path consists of the following:
	'load' operation ('max_V_h_load_18', kernel.cpp:400) on array 'max_V_h', kernel.cpp:297 [119]  (3.25 ns)

 <State 18>: 3.25ns
The critical path consists of the following:
	'load' operation ('max_V_h_load_20', kernel.cpp:400) on array 'max_V_h', kernel.cpp:297 [123]  (3.25 ns)

 <State 19>: 3.25ns
The critical path consists of the following:
	'load' operation ('max_V_h_load_22', kernel.cpp:400) on array 'max_V_h', kernel.cpp:297 [127]  (3.25 ns)

 <State 20>: 3.25ns
The critical path consists of the following:
	'load' operation ('max_V_h_load_24', kernel.cpp:400) on array 'max_V_h', kernel.cpp:297 [131]  (3.25 ns)

 <State 21>: 3.25ns
The critical path consists of the following:
	'load' operation ('max_V_h_load_26', kernel.cpp:400) on array 'max_V_h', kernel.cpp:297 [135]  (3.25 ns)

 <State 22>: 3.25ns
The critical path consists of the following:
	'load' operation ('max_V_h_load_28', kernel.cpp:400) on array 'max_V_h', kernel.cpp:297 [139]  (3.25 ns)

 <State 23>: 3.25ns
The critical path consists of the following:
	'load' operation ('max_V_h_load_30', kernel.cpp:400) on array 'max_V_h', kernel.cpp:297 [143]  (3.25 ns)

 <State 24>: 3.25ns
The critical path consists of the following:
	'load' operation ('max_V_h_load_32', kernel.cpp:400) on array 'max_V_h', kernel.cpp:297 [147]  (3.25 ns)

 <State 25>: 3.25ns
The critical path consists of the following:
	'load' operation ('max_V_h_load_34', kernel.cpp:400) on array 'max_V_h', kernel.cpp:297 [151]  (3.25 ns)

 <State 26>: 3.25ns
The critical path consists of the following:
	'load' operation ('max_V_h_load_36', kernel.cpp:400) on array 'max_V_h', kernel.cpp:297 [155]  (3.25 ns)

 <State 27>: 3.25ns
The critical path consists of the following:
	'load' operation ('max_V_h_load_38', kernel.cpp:400) on array 'max_V_h', kernel.cpp:297 [159]  (3.25 ns)

 <State 28>: 3.25ns
The critical path consists of the following:
	'load' operation ('max_V_h_load_40', kernel.cpp:400) on array 'max_V_h', kernel.cpp:297 [163]  (3.25 ns)

 <State 29>: 3.25ns
The critical path consists of the following:
	'load' operation ('max_V_h_load_42', kernel.cpp:400) on array 'max_V_h', kernel.cpp:297 [167]  (3.25 ns)

 <State 30>: 3.25ns
The critical path consists of the following:
	'load' operation ('max_V_h_load_44', kernel.cpp:400) on array 'max_V_h', kernel.cpp:297 [171]  (3.25 ns)

 <State 31>: 3.25ns
The critical path consists of the following:
	'load' operation ('max_V_h_load_46', kernel.cpp:400) on array 'max_V_h', kernel.cpp:297 [175]  (3.25 ns)

 <State 32>: 3.25ns
The critical path consists of the following:
	'load' operation ('max_V_h_load_48', kernel.cpp:400) on array 'max_V_h', kernel.cpp:297 [179]  (3.25 ns)

 <State 33>: 3.25ns
The critical path consists of the following:
	'load' operation ('max_V_h_load_50', kernel.cpp:400) on array 'max_V_h', kernel.cpp:297 [183]  (3.25 ns)

 <State 34>: 3.25ns
The critical path consists of the following:
	'load' operation ('max_V_h_load_52', kernel.cpp:400) on array 'max_V_h', kernel.cpp:297 [187]  (3.25 ns)

 <State 35>: 3.25ns
The critical path consists of the following:
	'load' operation ('max_V_h_load_54', kernel.cpp:400) on array 'max_V_h', kernel.cpp:297 [191]  (3.25 ns)

 <State 36>: 3.25ns
The critical path consists of the following:
	'load' operation ('max_V_h_load_56', kernel.cpp:400) on array 'max_V_h', kernel.cpp:297 [195]  (3.25 ns)

 <State 37>: 3.25ns
The critical path consists of the following:
	'load' operation ('max_V_h_load_58', kernel.cpp:400) on array 'max_V_h', kernel.cpp:297 [199]  (3.25 ns)

 <State 38>: 3.25ns
The critical path consists of the following:
	'load' operation ('max_V_h_load_60', kernel.cpp:400) on array 'max_V_h', kernel.cpp:297 [203]  (3.25 ns)

 <State 39>: 3.25ns
The critical path consists of the following:
	'load' operation ('max_V_h_load_62', kernel.cpp:400) on array 'max_V_h', kernel.cpp:297 [207]  (3.25 ns)

 <State 40>: 0ns
The critical path consists of the following:


============================================================
+ Verbose Summary: Binding
============================================================
N/A
* FSMD analyzer results:
  - Output states:
 - Input state : 
  - Chain level:
	State 1
	State 2
	State 3
	State 4
	State 5
	State 6
	State 7
	State 8
	State 9
	State 10
	State 11
	State 12
	State 13
	State 14
	State 15
	State 16
	State 17
	State 18
	State 19
	State 20
	State 21
	State 22
	State 23
	State 24
	State 25
	State 26
	State 27
	State 28
	State 29
	State 30
	State 31
	State 32
	State 33
	State 34
	State 35
	State 36
	State 37
	State 38
	State 39
	State 40


============================================================
+ Verbose Summary: Datapath Resource usage 
============================================================
N/A
