

================================================================
== Vitis HLS Report for 'Linear_layer_ds2_Pipeline_l_W_to_int_i42_l_j41'
================================================================
* Date:           Sun Sep  3 07:04:59 2023

* Version:        2022.1.2 (Build 3605665 on Fri Aug  5 22:52:02 MDT 2022)
* Project:        out.prj
* Solution:       solution1 (Vivado IP Flow Target)
* Product family: zynq
* Target device:  xc7z020-clg484-1


================================================================
== Performance Estimates
================================================================
+ Timing: 
    * Summary: 
    +--------+----------+----------+------------+
    |  Clock |  Target  | Estimated| Uncertainty|
    +--------+----------+----------+------------+
    |ap_clk  |  10.00 ns|  6.791 ns|     2.70 ns|
    +--------+----------+----------+------------+

+ Latency: 
    * Summary: 
    +---------+---------+-----------+-----------+---------+---------+---------+
    |  Latency (cycles) |   Latency (absolute)  |      Interval     | Pipeline|
    |   min   |   max   |    min    |    max    |   min   |   max   |   Type  |
    +---------+---------+-----------+-----------+---------+---------+---------+
    |  2359323|  2359323|  23.593 ms|  23.593 ms|  2359323|  2359323|       no|
    +---------+---------+-----------+-----------+---------+---------+---------+

    + Detail: 
        * Instance: 
        N/A

        * Loop: 
        +------------------------+---------+---------+----------+-----------+-----------+---------+----------+
        |                        |  Latency (cycles) | Iteration|  Initiation Interval  |   Trip  |          |
        |        Loop Name       |   min   |   max   |  Latency |  achieved |   target  |  Count  | Pipelined|
        +------------------------+---------+---------+----------+-----------+-----------+---------+----------+
        |- l_W_to_int_i42_l_j41  |  2359321|  2359321|        27|          1|          1|  2359296|       yes|
        +------------------------+---------+---------+----------+-----------+-----------+---------+----------+

============================================================
+ Verbose Summary: Synthesis Manager
============================================================
InlineROM: 1
ExposeGlobal: 0
============================================================
+ Verbose Summary: CDFG Model
============================================================
IsTopModel: 0
ResetActiveHigh: 1
IsCombinational: 0
IsDatapathOnly: 0
HasWiredReturn: 1
HasMFsm: 2
HasVarLatency: 1
IsPipeline: 0
IsRtlPipelined: 0
IsInstanceOverlapped: 0
IsDontTouch: 0
HasImplIP: 0
IsGatedGlobalClock: 0

+ Individual pipeline summary: 
  * Pipeline-0: initiation interval (II) = 1, depth = 28


============================================================
+ Verbose Summary: Schedule
============================================================
* Number of FSM states : 28
* Pipeline : 1
  Pipeline-0 : II = 1, D = 28, States = { 1 2 3 4 5 6 7 8 9 10 11 12 13 14 15 16 17 18 19 20 21 22 23 24 25 26 27 28 }
* Dataflow Pipeline: 0

* FSM state transitions: 
1 --> 2 
2 --> 3 
3 --> 4 
4 --> 5 
5 --> 6 
6 --> 7 
7 --> 8 
8 --> 9 
9 --> 10 
10 --> 11 
11 --> 12 
12 --> 13 
13 --> 14 
14 --> 15 
15 --> 16 
16 --> 17 
17 --> 18 
18 --> 19 
19 --> 20 
20 --> 21 
21 --> 22 
22 --> 23 
23 --> 24 
24 --> 25 
25 --> 26 
26 --> 27 
27 --> 28 
28 --> 

* FSM state operations: 

State 1 <SV = 0> <Delay = 1.58>
ST_1 : Operation 30 [1/1] (0.00ns)   --->   "%j41 = alloca i32 1"   --->   Operation 30 'alloca' 'j41' <Predicate = true> <Delay = 0.00>
ST_1 : Operation 31 [1/1] (0.00ns)   --->   "%i42 = alloca i32 1"   --->   Operation 31 'alloca' 'i42' <Predicate = true> <Delay = 0.00>
ST_1 : Operation 32 [1/1] (0.00ns)   --->   "%indvar_flatten19 = alloca i32 1"   --->   Operation 32 'alloca' 'indvar_flatten19' <Predicate = true> <Delay = 0.00>
ST_1 : Operation 33 [1/1] (0.00ns)   --->   "%specinterface_ln0 = specinterface void @_ssdm_op_SpecInterface, i32 %v563, void @empty, i32 0, i32 0, void @empty_0, i32 4294967295, i32 0, void @empty_0, void @empty_0, void @empty_0, i32 0, i32 0, i32 0, i32 0, void @empty_0, void @empty_0, i32 4294967295, i32 0"   --->   Operation 33 'specinterface' 'specinterface_ln0' <Predicate = true> <Delay = 0.00>
ST_1 : Operation 34 [1/1] (1.58ns)   --->   "%store_ln0 = store i22 0, i22 %indvar_flatten19"   --->   Operation 34 'store' 'store_ln0' <Predicate = true> <Delay = 1.58>
ST_1 : Operation 35 [1/1] (1.58ns)   --->   "%store_ln0 = store i10 0, i10 %i42"   --->   Operation 35 'store' 'store_ln0' <Predicate = true> <Delay = 1.58>
ST_1 : Operation 36 [1/1] (1.58ns)   --->   "%store_ln0 = store i12 0, i12 %j41"   --->   Operation 36 'store' 'store_ln0' <Predicate = true> <Delay = 1.58>
ST_1 : Operation 37 [1/1] (0.00ns)   --->   "%br_ln0 = br void %for.inc210"   --->   Operation 37 'br' 'br_ln0' <Predicate = true> <Delay = 0.00>

State 2 <SV = 1> <Delay = 6.76>
ST_2 : Operation 38 [1/1] (0.00ns)   --->   "%indvar_flatten19_load = load i22 %indvar_flatten19" [kernel.cpp:865]   --->   Operation 38 'load' 'indvar_flatten19_load' <Predicate = true> <Delay = 0.00>
ST_2 : Operation 39 [1/1] (0.00ns)   --->   "%specpipeline_ln0 = specpipeline void @_ssdm_op_SpecPipeline, i32 4294967295, i32 0, i32 1, i32 0, void @p_str"   --->   Operation 39 'specpipeline' 'specpipeline_ln0' <Predicate = true> <Delay = 0.00>
ST_2 : Operation 40 [1/1] (2.44ns)   --->   "%icmp_ln865 = icmp_eq  i22 %indvar_flatten19_load, i22 2359296" [kernel.cpp:865]   --->   Operation 40 'icmp' 'icmp_ln865' <Predicate = true> <Delay = 2.44> <CoreInst = "Cmp">   --->   Core 9 'Cmp' <Latency = 0> <II = 1> <Delay = 2.44> <FuncUnit> <Opcode : 'icmp'> <InPorts = 2> <OutPorts = 1>
ST_2 : Operation 41 [1/1] (2.25ns)   --->   "%add_ln865_1 = add i22 %indvar_flatten19_load, i22 1" [kernel.cpp:865]   --->   Operation 41 'add' 'add_ln865_1' <Predicate = true> <Delay = 2.25> <CoreInst = "Adder">   --->   Core 1 'Adder' <Latency = 0> <II = 1> <Delay = 2.25> <FuncUnit> <Opcode : 'add' 'sub'> <InPorts = 2> <OutPorts = 1>
ST_2 : Operation 42 [1/1] (0.00ns)   --->   "%br_ln865 = br i1 %icmp_ln865, void %for.inc213, void %l_S_k_4_k5.preheader.exitStub" [kernel.cpp:865]   --->   Operation 42 'br' 'br_ln865' <Predicate = true> <Delay = 0.00>
ST_2 : Operation 43 [1/1] (0.00ns)   --->   "%j41_load = load i12 %j41" [kernel.cpp:866]   --->   Operation 43 'load' 'j41_load' <Predicate = (!icmp_ln865)> <Delay = 0.00>
ST_2 : Operation 44 [1/1] (0.00ns)   --->   "%i42_load = load i10 %i42" [kernel.cpp:865]   --->   Operation 44 'load' 'i42_load' <Predicate = (!icmp_ln865)> <Delay = 0.00>
ST_2 : Operation 45 [1/1] (1.73ns)   --->   "%add_ln865 = add i10 %i42_load, i10 1" [kernel.cpp:865]   --->   Operation 45 'add' 'add_ln865' <Predicate = (!icmp_ln865)> <Delay = 1.73> <CoreInst = "Adder">   --->   Core 1 'Adder' <Latency = 0> <II = 1> <Delay = 1.73> <FuncUnit> <Opcode : 'add' 'sub'> <InPorts = 2> <OutPorts = 1>
ST_2 : Operation 46 [1/1] (1.99ns)   --->   "%icmp_ln866 = icmp_eq  i12 %j41_load, i12 3072" [kernel.cpp:866]   --->   Operation 46 'icmp' 'icmp_ln866' <Predicate = (!icmp_ln865)> <Delay = 1.99> <CoreInst = "Cmp">   --->   Core 9 'Cmp' <Latency = 0> <II = 1> <Delay = 1.99> <FuncUnit> <Opcode : 'icmp'> <InPorts = 2> <OutPorts = 1>
ST_2 : Operation 47 [1/1] (0.69ns)   --->   "%select_ln865 = select i1 %icmp_ln866, i12 0, i12 %j41_load" [kernel.cpp:865]   --->   Operation 47 'select' 'select_ln865' <Predicate = (!icmp_ln865)> <Delay = 0.69> <CoreInst = "Sel">   --->   Core 73 'Sel' <Latency = 0> <II = 1> <Delay = 0.69> <FuncUnit> <Opcode : 'select'> <InPorts = 3> <OutPorts = 1>
ST_2 : Operation 48 [1/1] (0.68ns)   --->   "%select_ln865_2 = select i1 %icmp_ln866, i10 %add_ln865, i10 %i42_load" [kernel.cpp:865]   --->   Operation 48 'select' 'select_ln865_2' <Predicate = (!icmp_ln865)> <Delay = 0.68> <CoreInst = "Sel">   --->   Core 73 'Sel' <Latency = 0> <II = 1> <Delay = 0.68> <FuncUnit> <Opcode : 'select'> <InPorts = 3> <OutPorts = 1>
ST_2 : Operation 49 [1/1] (0.00ns)   --->   "%p_shl9 = bitconcatenate i22 @_ssdm_op_BitConcatenate.i22.i10.i12, i10 %select_ln865_2, i12 0" [kernel.cpp:867]   --->   Operation 49 'bitconcatenate' 'p_shl9' <Predicate = (!icmp_ln865)> <Delay = 0.00>
ST_2 : Operation 50 [1/1] (0.00ns)   --->   "%tmp = bitconcatenate i20 @_ssdm_op_BitConcatenate.i20.i10.i10, i10 %select_ln865_2, i10 0" [kernel.cpp:867]   --->   Operation 50 'bitconcatenate' 'tmp' <Predicate = (!icmp_ln865)> <Delay = 0.00>
ST_2 : Operation 51 [1/1] (0.00ns)   --->   "%zext_ln867 = zext i20 %tmp" [kernel.cpp:867]   --->   Operation 51 'zext' 'zext_ln867' <Predicate = (!icmp_ln865)> <Delay = 0.00>
ST_2 : Operation 52 [1/1] (0.00ns) (grouped into TernaryAdder)   --->   "%sub_ln867 = sub i22 %p_shl9, i22 %zext_ln867" [kernel.cpp:867]   --->   Operation 52 'sub' 'sub_ln867' <Predicate = (!icmp_ln865)> <Delay = 0.00> <CoreInst = "TAddSub">   --->   Core 10 'TAddSub' <Latency = 0> <II = 1> <Delay = 2.03> <IPBlock> <Opcode : 'add' 'sub'> <InPorts = 3> <OutPorts = 1> <Sync> <CReg>
ST_2 : Operation 53 [1/1] (0.00ns)   --->   "%zext_ln867_1 = zext i12 %select_ln865" [kernel.cpp:867]   --->   Operation 53 'zext' 'zext_ln867_1' <Predicate = (!icmp_ln865)> <Delay = 0.00>
ST_2 : Operation 54 [1/1] (4.07ns) (root node of TernaryAdder)   --->   "%add_ln867 = add i22 %sub_ln867, i22 %zext_ln867_1" [kernel.cpp:867]   --->   Operation 54 'add' 'add_ln867' <Predicate = (!icmp_ln865)> <Delay = 4.07> <CoreInst = "TAddSub">   --->   Core 10 'TAddSub' <Latency = 0> <II = 1> <Delay = 2.03> <IPBlock> <Opcode : 'add' 'sub'> <InPorts = 3> <OutPorts = 1> <Sync> <CReg>
ST_2 : Operation 55 [1/1] (1.54ns)   --->   "%add_ln866 = add i12 %select_ln865, i12 1" [kernel.cpp:866]   --->   Operation 55 'add' 'add_ln866' <Predicate = (!icmp_ln865)> <Delay = 1.54> <CoreInst = "Adder">   --->   Core 1 'Adder' <Latency = 0> <II = 1> <Delay = 1.54> <FuncUnit> <Opcode : 'add' 'sub'> <InPorts = 2> <OutPorts = 1>
ST_2 : Operation 56 [1/1] (1.58ns)   --->   "%store_ln866 = store i22 %add_ln865_1, i22 %indvar_flatten19" [kernel.cpp:866]   --->   Operation 56 'store' 'store_ln866' <Predicate = (!icmp_ln865)> <Delay = 1.58>
ST_2 : Operation 57 [1/1] (1.58ns)   --->   "%store_ln866 = store i10 %select_ln865_2, i10 %i42" [kernel.cpp:866]   --->   Operation 57 'store' 'store_ln866' <Predicate = (!icmp_ln865)> <Delay = 1.58>
ST_2 : Operation 58 [1/1] (1.58ns)   --->   "%store_ln866 = store i12 %add_ln866, i12 %j41" [kernel.cpp:866]   --->   Operation 58 'store' 'store_ln866' <Predicate = (!icmp_ln865)> <Delay = 1.58>

State 3 <SV = 2> <Delay = 3.25>
ST_3 : Operation 59 [1/1] (0.00ns)   --->   "%zext_ln867_2 = zext i22 %add_ln867" [kernel.cpp:867]   --->   Operation 59 'zext' 'zext_ln867_2' <Predicate = true> <Delay = 0.00>
ST_3 : Operation 60 [1/1] (0.00ns)   --->   "%v563_addr = getelementptr i32 %v563, i64 0, i64 %zext_ln867_2" [kernel.cpp:867]   --->   Operation 60 'getelementptr' 'v563_addr' <Predicate = true> <Delay = 0.00>
ST_3 : Operation 61 [2/2] (3.25ns)   --->   "%v563_load = load i22 %v563_addr" [kernel.cpp:867]   --->   Operation 61 'load' 'v563_load' <Predicate = true> <Delay = 3.25> <CoreInst = "RAM">   --->   Core 82 'RAM' <Latency = 1> <II = 1> <Delay = 3.25> <Storage> <Opcode : 'load' 'store'> <Ports = 2> <Width = 32> <Depth = 2359296> <RAM>

State 4 <SV = 3> <Delay = 3.25>
ST_4 : Operation 62 [1/2] (3.25ns)   --->   "%v563_load = load i22 %v563_addr" [kernel.cpp:867]   --->   Operation 62 'load' 'v563_load' <Predicate = true> <Delay = 3.25> <CoreInst = "RAM">   --->   Core 82 'RAM' <Latency = 1> <II = 1> <Delay = 3.25> <Storage> <Opcode : 'load' 'store'> <Ports = 2> <Width = 32> <Depth = 2359296> <RAM>

State 5 <SV = 4> <Delay = 5.70>
ST_5 : Operation 63 [1/1] (0.00ns)   --->   "%v525 = bitcast i32 %v563_load" [kernel.cpp:868]   --->   Operation 63 'bitcast' 'v525' <Predicate = true> <Delay = 0.00>
ST_5 : Operation 64 [4/4] (5.70ns)   --->   "%v526 = fmul i32 %v525, i32 2047" [kernel.cpp:868]   --->   Operation 64 'fmul' 'v526' <Predicate = true> <Delay = 5.70> <CoreInst = "FMul_maxdsp">   --->   Core 30 'FMul_maxdsp' <Latency = 3> <II = 1> <Delay = 5.70> <FuncUnit> <Opcode : 'fmul'> <InPorts = 2> <OutPorts = 1>

State 6 <SV = 5> <Delay = 5.70>
ST_6 : Operation 65 [3/4] (5.70ns)   --->   "%v526 = fmul i32 %v525, i32 2047" [kernel.cpp:868]   --->   Operation 65 'fmul' 'v526' <Predicate = true> <Delay = 5.70> <CoreInst = "FMul_maxdsp">   --->   Core 30 'FMul_maxdsp' <Latency = 3> <II = 1> <Delay = 5.70> <FuncUnit> <Opcode : 'fmul'> <InPorts = 2> <OutPorts = 1>

State 7 <SV = 6> <Delay = 5.70>
ST_7 : Operation 66 [1/1] (0.00ns)   --->   "%zext_ln865 = zext i10 %select_ln865_2" [kernel.cpp:865]   --->   Operation 66 'zext' 'zext_ln865' <Predicate = true> <Delay = 0.00>
ST_7 : Operation 67 [1/1] (0.00ns)   --->   "%max_W3_addr = getelementptr i32 %max_W3, i64 0, i64 %zext_ln865" [kernel.cpp:865]   --->   Operation 67 'getelementptr' 'max_W3_addr' <Predicate = true> <Delay = 0.00>
ST_7 : Operation 68 [2/2] (3.25ns)   --->   "%max_W3_load = load i10 %max_W3_addr" [kernel.cpp:865]   --->   Operation 68 'load' 'max_W3_load' <Predicate = true> <Delay = 3.25> <CoreInst = "RAM">   --->   Core 82 'RAM' <Latency = 1> <II = 1> <Delay = 3.25> <Storage> <Opcode : 'load' 'store'> <Ports = 2> <Width = 32> <Depth = 768> <RAM>
ST_7 : Operation 69 [2/4] (5.70ns)   --->   "%v526 = fmul i32 %v525, i32 2047" [kernel.cpp:868]   --->   Operation 69 'fmul' 'v526' <Predicate = true> <Delay = 5.70> <CoreInst = "FMul_maxdsp">   --->   Core 30 'FMul_maxdsp' <Latency = 3> <II = 1> <Delay = 5.70> <FuncUnit> <Opcode : 'fmul'> <InPorts = 2> <OutPorts = 1>

State 8 <SV = 7> <Delay = 5.70>
ST_8 : Operation 70 [1/2] (3.25ns)   --->   "%max_W3_load = load i10 %max_W3_addr" [kernel.cpp:865]   --->   Operation 70 'load' 'max_W3_load' <Predicate = true> <Delay = 3.25> <CoreInst = "RAM">   --->   Core 82 'RAM' <Latency = 1> <II = 1> <Delay = 3.25> <Storage> <Opcode : 'load' 'store'> <Ports = 2> <Width = 32> <Depth = 768> <RAM>
ST_8 : Operation 71 [1/4] (5.70ns)   --->   "%v526 = fmul i32 %v525, i32 2047" [kernel.cpp:868]   --->   Operation 71 'fmul' 'v526' <Predicate = true> <Delay = 5.70> <CoreInst = "FMul_maxdsp">   --->   Core 30 'FMul_maxdsp' <Latency = 3> <II = 1> <Delay = 5.70> <FuncUnit> <Opcode : 'fmul'> <InPorts = 2> <OutPorts = 1>

State 9 <SV = 8> <Delay = 6.07>
ST_9 : Operation 72 [16/16] (6.07ns)   --->   "%v528 = fdiv i32 %v526, i32 %max_W3_load" [kernel.cpp:870]   --->   Operation 72 'fdiv' 'v528' <Predicate = true> <Delay = 6.07> <CoreInst = "FDiv">   --->   Core 20 'FDiv' <Latency = 15> <II = 1> <Delay = 6.07> <FuncUnit> <Opcode : 'fdiv' 'frem'> <InPorts = 2> <OutPorts = 1>

State 10 <SV = 9> <Delay = 6.07>
ST_10 : Operation 73 [15/16] (6.07ns)   --->   "%v528 = fdiv i32 %v526, i32 %max_W3_load" [kernel.cpp:870]   --->   Operation 73 'fdiv' 'v528' <Predicate = true> <Delay = 6.07> <CoreInst = "FDiv">   --->   Core 20 'FDiv' <Latency = 15> <II = 1> <Delay = 6.07> <FuncUnit> <Opcode : 'fdiv' 'frem'> <InPorts = 2> <OutPorts = 1>

State 11 <SV = 10> <Delay = 6.07>
ST_11 : Operation 74 [14/16] (6.07ns)   --->   "%v528 = fdiv i32 %v526, i32 %max_W3_load" [kernel.cpp:870]   --->   Operation 74 'fdiv' 'v528' <Predicate = true> <Delay = 6.07> <CoreInst = "FDiv">   --->   Core 20 'FDiv' <Latency = 15> <II = 1> <Delay = 6.07> <FuncUnit> <Opcode : 'fdiv' 'frem'> <InPorts = 2> <OutPorts = 1>

State 12 <SV = 11> <Delay = 6.07>
ST_12 : Operation 75 [13/16] (6.07ns)   --->   "%v528 = fdiv i32 %v526, i32 %max_W3_load" [kernel.cpp:870]   --->   Operation 75 'fdiv' 'v528' <Predicate = true> <Delay = 6.07> <CoreInst = "FDiv">   --->   Core 20 'FDiv' <Latency = 15> <II = 1> <Delay = 6.07> <FuncUnit> <Opcode : 'fdiv' 'frem'> <InPorts = 2> <OutPorts = 1>

State 13 <SV = 12> <Delay = 6.07>
ST_13 : Operation 76 [12/16] (6.07ns)   --->   "%v528 = fdiv i32 %v526, i32 %max_W3_load" [kernel.cpp:870]   --->   Operation 76 'fdiv' 'v528' <Predicate = true> <Delay = 6.07> <CoreInst = "FDiv">   --->   Core 20 'FDiv' <Latency = 15> <II = 1> <Delay = 6.07> <FuncUnit> <Opcode : 'fdiv' 'frem'> <InPorts = 2> <OutPorts = 1>

State 14 <SV = 13> <Delay = 6.07>
ST_14 : Operation 77 [11/16] (6.07ns)   --->   "%v528 = fdiv i32 %v526, i32 %max_W3_load" [kernel.cpp:870]   --->   Operation 77 'fdiv' 'v528' <Predicate = true> <Delay = 6.07> <CoreInst = "FDiv">   --->   Core 20 'FDiv' <Latency = 15> <II = 1> <Delay = 6.07> <FuncUnit> <Opcode : 'fdiv' 'frem'> <InPorts = 2> <OutPorts = 1>

State 15 <SV = 14> <Delay = 6.07>
ST_15 : Operation 78 [10/16] (6.07ns)   --->   "%v528 = fdiv i32 %v526, i32 %max_W3_load" [kernel.cpp:870]   --->   Operation 78 'fdiv' 'v528' <Predicate = true> <Delay = 6.07> <CoreInst = "FDiv">   --->   Core 20 'FDiv' <Latency = 15> <II = 1> <Delay = 6.07> <FuncUnit> <Opcode : 'fdiv' 'frem'> <InPorts = 2> <OutPorts = 1>

State 16 <SV = 15> <Delay = 6.07>
ST_16 : Operation 79 [9/16] (6.07ns)   --->   "%v528 = fdiv i32 %v526, i32 %max_W3_load" [kernel.cpp:870]   --->   Operation 79 'fdiv' 'v528' <Predicate = true> <Delay = 6.07> <CoreInst = "FDiv">   --->   Core 20 'FDiv' <Latency = 15> <II = 1> <Delay = 6.07> <FuncUnit> <Opcode : 'fdiv' 'frem'> <InPorts = 2> <OutPorts = 1>

State 17 <SV = 16> <Delay = 6.07>
ST_17 : Operation 80 [8/16] (6.07ns)   --->   "%v528 = fdiv i32 %v526, i32 %max_W3_load" [kernel.cpp:870]   --->   Operation 80 'fdiv' 'v528' <Predicate = true> <Delay = 6.07> <CoreInst = "FDiv">   --->   Core 20 'FDiv' <Latency = 15> <II = 1> <Delay = 6.07> <FuncUnit> <Opcode : 'fdiv' 'frem'> <InPorts = 2> <OutPorts = 1>

State 18 <SV = 17> <Delay = 6.07>
ST_18 : Operation 81 [7/16] (6.07ns)   --->   "%v528 = fdiv i32 %v526, i32 %max_W3_load" [kernel.cpp:870]   --->   Operation 81 'fdiv' 'v528' <Predicate = true> <Delay = 6.07> <CoreInst = "FDiv">   --->   Core 20 'FDiv' <Latency = 15> <II = 1> <Delay = 6.07> <FuncUnit> <Opcode : 'fdiv' 'frem'> <InPorts = 2> <OutPorts = 1>

State 19 <SV = 18> <Delay = 6.07>
ST_19 : Operation 82 [6/16] (6.07ns)   --->   "%v528 = fdiv i32 %v526, i32 %max_W3_load" [kernel.cpp:870]   --->   Operation 82 'fdiv' 'v528' <Predicate = true> <Delay = 6.07> <CoreInst = "FDiv">   --->   Core 20 'FDiv' <Latency = 15> <II = 1> <Delay = 6.07> <FuncUnit> <Opcode : 'fdiv' 'frem'> <InPorts = 2> <OutPorts = 1>

State 20 <SV = 19> <Delay = 6.07>
ST_20 : Operation 83 [5/16] (6.07ns)   --->   "%v528 = fdiv i32 %v526, i32 %max_W3_load" [kernel.cpp:870]   --->   Operation 83 'fdiv' 'v528' <Predicate = true> <Delay = 6.07> <CoreInst = "FDiv">   --->   Core 20 'FDiv' <Latency = 15> <II = 1> <Delay = 6.07> <FuncUnit> <Opcode : 'fdiv' 'frem'> <InPorts = 2> <OutPorts = 1>

State 21 <SV = 20> <Delay = 6.07>
ST_21 : Operation 84 [4/16] (6.07ns)   --->   "%v528 = fdiv i32 %v526, i32 %max_W3_load" [kernel.cpp:870]   --->   Operation 84 'fdiv' 'v528' <Predicate = true> <Delay = 6.07> <CoreInst = "FDiv">   --->   Core 20 'FDiv' <Latency = 15> <II = 1> <Delay = 6.07> <FuncUnit> <Opcode : 'fdiv' 'frem'> <InPorts = 2> <OutPorts = 1>

State 22 <SV = 21> <Delay = 6.07>
ST_22 : Operation 85 [3/16] (6.07ns)   --->   "%v528 = fdiv i32 %v526, i32 %max_W3_load" [kernel.cpp:870]   --->   Operation 85 'fdiv' 'v528' <Predicate = true> <Delay = 6.07> <CoreInst = "FDiv">   --->   Core 20 'FDiv' <Latency = 15> <II = 1> <Delay = 6.07> <FuncUnit> <Opcode : 'fdiv' 'frem'> <InPorts = 2> <OutPorts = 1>

State 23 <SV = 22> <Delay = 6.07>
ST_23 : Operation 86 [2/16] (6.07ns)   --->   "%v528 = fdiv i32 %v526, i32 %max_W3_load" [kernel.cpp:870]   --->   Operation 86 'fdiv' 'v528' <Predicate = true> <Delay = 6.07> <CoreInst = "FDiv">   --->   Core 20 'FDiv' <Latency = 15> <II = 1> <Delay = 6.07> <FuncUnit> <Opcode : 'fdiv' 'frem'> <InPorts = 2> <OutPorts = 1>

State 24 <SV = 23> <Delay = 6.07>
ST_24 : Operation 87 [1/16] (6.07ns)   --->   "%v528 = fdiv i32 %v526, i32 %max_W3_load" [kernel.cpp:870]   --->   Operation 87 'fdiv' 'v528' <Predicate = true> <Delay = 6.07> <CoreInst = "FDiv">   --->   Core 20 'FDiv' <Latency = 15> <II = 1> <Delay = 6.07> <FuncUnit> <Opcode : 'fdiv' 'frem'> <InPorts = 2> <OutPorts = 1>

State 25 <SV = 24> <Delay = 2.47>
ST_25 : Operation 88 [1/1] (0.00ns)   --->   "%reg = bitcast i32 %v528"   --->   Operation 88 'bitcast' 'reg' <Predicate = true> <Delay = 0.00>
ST_25 : Operation 89 [1/1] (0.00ns)   --->   "%trunc_ln278 = trunc i32 %reg"   --->   Operation 89 'trunc' 'trunc_ln278' <Predicate = true> <Delay = 0.00>
ST_25 : Operation 90 [1/1] (0.00ns)   --->   "%p_Result_s = bitselect i1 @_ssdm_op_BitSelect.i1.i32.i32, i32 %reg, i32 31"   --->   Operation 90 'bitselect' 'p_Result_s' <Predicate = true> <Delay = 0.00>
ST_25 : Operation 91 [1/1] (0.00ns)   --->   "%exp = partselect i8 @_ssdm_op_PartSelect.i8.i32.i32.i32, i32 %reg, i32 23, i32 30"   --->   Operation 91 'partselect' 'exp' <Predicate = true> <Delay = 0.00>
ST_25 : Operation 92 [1/1] (0.00ns)   --->   "%zext_ln283 = zext i8 %exp"   --->   Operation 92 'zext' 'zext_ln283' <Predicate = true> <Delay = 0.00>
ST_25 : Operation 93 [1/1] (0.00ns)   --->   "%v529_V = trunc i32 %reg"   --->   Operation 93 'trunc' 'v529_V' <Predicate = true> <Delay = 0.00>
ST_25 : Operation 94 [1/1] (2.47ns)   --->   "%icmp_ln295 = icmp_eq  i31 %trunc_ln278, i31 0"   --->   Operation 94 'icmp' 'icmp_ln295' <Predicate = true> <Delay = 2.47> <CoreInst = "Cmp">   --->   Core 9 'Cmp' <Latency = 0> <II = 1> <Delay = 2.47> <FuncUnit> <Opcode : 'icmp'> <InPorts = 2> <OutPorts = 1>
ST_25 : Operation 95 [1/1] (1.82ns)   --->   "%sh_amt = sub i9 150, i9 %zext_ln283"   --->   Operation 95 'sub' 'sh_amt' <Predicate = true> <Delay = 1.82> <CoreInst = "Adder">   --->   Core 1 'Adder' <Latency = 0> <II = 1> <Delay = 1.82> <FuncUnit> <Opcode : 'add' 'sub'> <InPorts = 2> <OutPorts = 1>
ST_25 : Operation 96 [1/1] (1.55ns)   --->   "%icmp_ln299 = icmp_eq  i8 %exp, i8 150"   --->   Operation 96 'icmp' 'icmp_ln299' <Predicate = true> <Delay = 1.55> <CoreInst = "Cmp">   --->   Core 9 'Cmp' <Latency = 0> <II = 1> <Delay = 1.55> <FuncUnit> <Opcode : 'icmp'> <InPorts = 2> <OutPorts = 1>

State 26 <SV = 25> <Delay = 5.86>
ST_26 : Operation 97 [1/1] (0.00ns) (grouped into LUT with out node v529_V_3)   --->   "%trunc_ln287 = trunc i32 %reg"   --->   Operation 97 'trunc' 'trunc_ln287' <Predicate = true> <Delay = 0.00>
ST_26 : Operation 98 [1/1] (0.00ns) (grouped into LUT with out node v529_V_3)   --->   "%zext_ln304_2_cast = bitconcatenate i24 @_ssdm_op_BitConcatenate.i24.i1.i23, i1 1, i23 %trunc_ln287"   --->   Operation 98 'bitconcatenate' 'zext_ln304_2_cast' <Predicate = true> <Delay = 0.00>
ST_26 : Operation 99 [1/1] (0.00ns) (grouped into LUT with out node v529_V_3)   --->   "%sext_ln298 = sext i9 %sh_amt"   --->   Operation 99 'sext' 'sext_ln298' <Predicate = true> <Delay = 0.00>
ST_26 : Operation 100 [1/1] (1.66ns)   --->   "%icmp_ln301 = icmp_sgt  i9 %sh_amt, i9 0"   --->   Operation 100 'icmp' 'icmp_ln301' <Predicate = true> <Delay = 1.66> <CoreInst = "Cmp">   --->   Core 9 'Cmp' <Latency = 0> <II = 1> <Delay = 1.66> <FuncUnit> <Opcode : 'icmp'> <InPorts = 2> <OutPorts = 1>
ST_26 : Operation 101 [1/1] (1.66ns)   --->   "%icmp_ln302 = icmp_slt  i9 %sh_amt, i9 25"   --->   Operation 101 'icmp' 'icmp_ln302' <Predicate = true> <Delay = 1.66> <CoreInst = "Cmp">   --->   Core 9 'Cmp' <Latency = 0> <II = 1> <Delay = 1.66> <FuncUnit> <Opcode : 'icmp'> <InPorts = 2> <OutPorts = 1>
ST_26 : Operation 102 [1/1] (1.82ns)   --->   "%sh_amt_4 = sub i9 0, i9 %sh_amt"   --->   Operation 102 'sub' 'sh_amt_4' <Predicate = true> <Delay = 1.82> <CoreInst = "Adder">   --->   Core 1 'Adder' <Latency = 0> <II = 1> <Delay = 1.82> <FuncUnit> <Opcode : 'add' 'sub'> <InPorts = 2> <OutPorts = 1>
ST_26 : Operation 103 [1/1] (1.66ns)   --->   "%icmp_ln320 = icmp_slt  i9 %sh_amt_4, i9 12"   --->   Operation 103 'icmp' 'icmp_ln320' <Predicate = true> <Delay = 1.66> <CoreInst = "Cmp">   --->   Core 9 'Cmp' <Latency = 0> <II = 1> <Delay = 1.66> <FuncUnit> <Opcode : 'icmp'> <InPorts = 2> <OutPorts = 1>
ST_26 : Operation 104 [1/1] (0.00ns) (grouped into LUT with out node v529_V_3)   --->   "%zext_ln304 = zext i24 %zext_ln304_2_cast"   --->   Operation 104 'zext' 'zext_ln304' <Predicate = true> <Delay = 0.00>
ST_26 : Operation 105 [1/1] (0.00ns) (grouped into LUT with out node v529_V_3)   --->   "%lshr_ln304 = lshr i32 %zext_ln304, i32 %sext_ln298"   --->   Operation 105 'lshr' 'lshr_ln304' <Predicate = true> <Delay = 0.00> <CoreInst = "Shifter">   --->   Core 75 'Shifter' <Latency = 0> <II = 1> <Delay = 4.20> <FuncUnit> <Opcode : 'shl' 'lshr' 'ashr'> <InPorts = 2> <OutPorts = 1>
ST_26 : Operation 106 [1/1] (0.00ns) (grouped into LUT with out node v529_V_3)   --->   "%v529_V_1 = trunc i32 %lshr_ln304"   --->   Operation 106 'trunc' 'v529_V_1' <Predicate = true> <Delay = 0.00>
ST_26 : Operation 107 [1/1] (0.97ns)   --->   "%or_ln299 = or i1 %icmp_ln295, i1 %icmp_ln299"   --->   Operation 107 'or' 'or_ln299' <Predicate = true> <Delay = 0.97> <CoreInst = "LogicGate">   --->   Core 74 'LogicGate' <Latency = 0> <II = 1> <Delay = 0.97> <FuncUnit> <Opcode : 'and' 'or' 'xor'> <InPorts = 2> <OutPorts = 1>
ST_26 : Operation 108 [1/1] (0.00ns) (grouped into LUT with out node v529_V_3)   --->   "%xor_ln299 = xor i1 %or_ln299, i1 1"   --->   Operation 108 'xor' 'xor_ln299' <Predicate = true> <Delay = 0.00> <CoreInst = "LogicGate">   --->   Core 74 'LogicGate' <Latency = 0> <II = 1> <Delay = 0.97> <FuncUnit> <Opcode : 'and' 'or' 'xor'> <InPorts = 2> <OutPorts = 1>
ST_26 : Operation 109 [1/1] (0.00ns) (grouped into LUT with out node v529_V_3)   --->   "%and_ln302 = and i1 %icmp_ln302, i1 %xor_ln299"   --->   Operation 109 'and' 'and_ln302' <Predicate = true> <Delay = 0.00> <CoreInst = "LogicGate">   --->   Core 74 'LogicGate' <Latency = 0> <II = 1> <Delay = 0.97> <FuncUnit> <Opcode : 'and' 'or' 'xor'> <InPorts = 2> <OutPorts = 1>
ST_26 : Operation 110 [1/1] (0.00ns) (grouped into LUT with out node v529_V_3)   --->   "%and_ln302_4 = and i1 %and_ln302, i1 %icmp_ln301"   --->   Operation 110 'and' 'and_ln302_4' <Predicate = true> <Delay = 0.00> <CoreInst = "LogicGate">   --->   Core 74 'LogicGate' <Latency = 0> <II = 1> <Delay = 0.97> <FuncUnit> <Opcode : 'and' 'or' 'xor'> <InPorts = 2> <OutPorts = 1>
ST_26 : Operation 111 [1/1] (4.20ns) (out node of the LUT)   --->   "%v529_V_3 = select i1 %and_ln302_4, i12 %v529_V_1, i12 0"   --->   Operation 111 'select' 'v529_V_3' <Predicate = true> <Delay = 4.20> <CoreInst = "Sel">   --->   Core 73 'Sel' <Latency = 0> <II = 1> <Delay = 0.69> <FuncUnit> <Opcode : 'select'> <InPorts = 3> <OutPorts = 1>

State 27 <SV = 26> <Delay = 6.79>
ST_27 : Operation 112 [1/1] (0.00ns) (grouped into LUT with out node v529_V_4)   --->   "%sext_ln298_4 = sext i9 %sh_amt_4"   --->   Operation 112 'sext' 'sext_ln298_4' <Predicate = true> <Delay = 0.00>
ST_27 : Operation 113 [1/1] (0.00ns) (grouped into LUT with out node v529_V_4)   --->   "%sext_ln298_4cast = trunc i32 %sext_ln298_4"   --->   Operation 113 'trunc' 'sext_ln298_4cast' <Predicate = true> <Delay = 0.00>
ST_27 : Operation 114 [1/1] (0.00ns) (grouped into LUT with out node v529_V_4)   --->   "%shl_ln322 = shl i12 %v529_V, i12 %sext_ln298_4cast"   --->   Operation 114 'shl' 'shl_ln322' <Predicate = true> <Delay = 0.00> <CoreInst = "Shifter">   --->   Core 75 'Shifter' <Latency = 0> <II = 1> <Delay = 3.56> <FuncUnit> <Opcode : 'shl' 'lshr' 'ashr'> <InPorts = 2> <OutPorts = 1>
ST_27 : Operation 115 [1/1] (0.00ns) (grouped into LUT with out node v529_V_4)   --->   "%or_ln301 = or i1 %or_ln299, i1 %icmp_ln301"   --->   Operation 115 'or' 'or_ln301' <Predicate = true> <Delay = 0.00> <CoreInst = "LogicGate">   --->   Core 74 'LogicGate' <Latency = 0> <II = 1> <Delay = 0.97> <FuncUnit> <Opcode : 'and' 'or' 'xor'> <InPorts = 2> <OutPorts = 1>
ST_27 : Operation 116 [1/1] (0.00ns) (grouped into LUT with out node v529_V_4)   --->   "%xor_ln301 = xor i1 %or_ln301, i1 1"   --->   Operation 116 'xor' 'xor_ln301' <Predicate = true> <Delay = 0.00> <CoreInst = "LogicGate">   --->   Core 74 'LogicGate' <Latency = 0> <II = 1> <Delay = 0.97> <FuncUnit> <Opcode : 'and' 'or' 'xor'> <InPorts = 2> <OutPorts = 1>
ST_27 : Operation 117 [1/1] (0.00ns) (grouped into LUT with out node v529_V_4)   --->   "%and_ln320 = and i1 %icmp_ln320, i1 %xor_ln301"   --->   Operation 117 'and' 'and_ln320' <Predicate = true> <Delay = 0.00> <CoreInst = "LogicGate">   --->   Core 74 'LogicGate' <Latency = 0> <II = 1> <Delay = 0.97> <FuncUnit> <Opcode : 'and' 'or' 'xor'> <InPorts = 2> <OutPorts = 1>
ST_27 : Operation 118 [1/1] (3.56ns) (out node of the LUT)   --->   "%v529_V_4 = select i1 %and_ln320, i12 %shl_ln322, i12 %v529_V_3"   --->   Operation 118 'select' 'v529_V_4' <Predicate = true> <Delay = 3.56> <CoreInst = "Sel">   --->   Core 73 'Sel' <Latency = 0> <II = 1> <Delay = 0.69> <FuncUnit> <Opcode : 'select'> <InPorts = 3> <OutPorts = 1>
ST_27 : Operation 119 [1/1] (0.00ns) (grouped into LUT with out node v529_V_5)   --->   "%xor_ln295 = xor i1 %icmp_ln295, i1 1"   --->   Operation 119 'xor' 'xor_ln295' <Predicate = true> <Delay = 0.00> <CoreInst = "LogicGate">   --->   Core 74 'LogicGate' <Latency = 0> <II = 1> <Delay = 0.97> <FuncUnit> <Opcode : 'and' 'or' 'xor'> <InPorts = 2> <OutPorts = 1>
ST_27 : Operation 120 [1/1] (0.00ns) (grouped into LUT with out node v529_V_5)   --->   "%and_ln299 = and i1 %icmp_ln299, i1 %xor_ln295"   --->   Operation 120 'and' 'and_ln299' <Predicate = true> <Delay = 0.00> <CoreInst = "LogicGate">   --->   Core 74 'LogicGate' <Latency = 0> <II = 1> <Delay = 0.97> <FuncUnit> <Opcode : 'and' 'or' 'xor'> <InPorts = 2> <OutPorts = 1>
ST_27 : Operation 121 [1/1] (0.97ns) (out node of the LUT)   --->   "%v529_V_5 = select i1 %and_ln299, i12 %v529_V, i12 %v529_V_4"   --->   Operation 121 'select' 'v529_V_5' <Predicate = true> <Delay = 0.97> <CoreInst = "Sel">   --->   Core 73 'Sel' <Latency = 0> <II = 1> <Delay = 0.69> <FuncUnit> <Opcode : 'select'> <InPorts = 3> <OutPorts = 1>
ST_27 : Operation 122 [1/1] (1.54ns)   --->   "%v529_V_6 = sub i12 0, i12 %v529_V_5"   --->   Operation 122 'sub' 'v529_V_6' <Predicate = (p_Result_s)> <Delay = 1.54> <CoreInst = "Adder">   --->   Core 1 'Adder' <Latency = 0> <II = 1> <Delay = 1.54> <FuncUnit> <Opcode : 'add' 'sub'> <InPorts = 2> <OutPorts = 1>
ST_27 : Operation 123 [1/1] (0.69ns)   --->   "%v529_V_7 = select i1 %p_Result_s, i12 %v529_V_6, i12 %v529_V_5"   --->   Operation 123 'select' 'v529_V_7' <Predicate = true> <Delay = 0.69> <CoreInst = "Sel">   --->   Core 73 'Sel' <Latency = 0> <II = 1> <Delay = 0.69> <FuncUnit> <Opcode : 'select'> <InPorts = 3> <OutPorts = 1>
ST_27 : Operation 131 [1/1] (0.00ns)   --->   "%ret_ln0 = ret"   --->   Operation 131 'ret' 'ret_ln0' <Predicate = (icmp_ln865)> <Delay = 0.00>

State 28 <SV = 27> <Delay = 3.25>
ST_28 : Operation 124 [1/1] (0.00ns)   --->   "%specloopname_ln0 = specloopname void @_ssdm_op_SpecLoopName, void @l_W_to_int_i42_l_j41_str"   --->   Operation 124 'specloopname' 'specloopname_ln0' <Predicate = true> <Delay = 0.00>
ST_28 : Operation 125 [1/1] (0.00ns)   --->   "%empty = speclooptripcount i32 @_ssdm_op_SpecLoopTripCount, i64 2359296, i64 2359296, i64 2359296"   --->   Operation 125 'speclooptripcount' 'empty' <Predicate = true> <Delay = 0.00>
ST_28 : Operation 126 [1/1] (0.00ns)   --->   "%specpipeline_ln0 = specpipeline void @_ssdm_op_SpecPipeline, i32 4294967295, i32 0, i32 1, i32 0, void @p_str"   --->   Operation 126 'specpipeline' 'specpipeline_ln0' <Predicate = true> <Delay = 0.00>
ST_28 : Operation 127 [1/1] (0.00ns)   --->   "%q_W3_V_addr = getelementptr i12 %q_W3_V, i64 0, i64 %zext_ln867_2" [kernel.cpp:872]   --->   Operation 127 'getelementptr' 'q_W3_V_addr' <Predicate = true> <Delay = 0.00>
ST_28 : Operation 128 [1/1] (0.00ns)   --->   "%specloopname_ln866 = specloopname void @_ssdm_op_SpecLoopName, void @empty_60" [kernel.cpp:866]   --->   Operation 128 'specloopname' 'specloopname_ln866' <Predicate = true> <Delay = 0.00>
ST_28 : Operation 129 [1/1] (3.25ns)   --->   "%store_ln872 = store i12 %v529_V_7, i22 %q_W3_V_addr" [kernel.cpp:872]   --->   Operation 129 'store' 'store_ln872' <Predicate = true> <Delay = 3.25> <CoreInst = "RAM">   --->   Core 82 'RAM' <Latency = 1> <II = 1> <Delay = 3.25> <Storage> <Opcode : 'load' 'store'> <Ports = 2> <Width = 12> <Depth = 2359296> <RAM>
ST_28 : Operation 130 [1/1] (0.00ns)   --->   "%br_ln866 = br void %for.inc210" [kernel.cpp:866]   --->   Operation 130 'br' 'br_ln866' <Predicate = true> <Delay = 0.00>


============================================================
+ Verbose Summary: Binding
============================================================
STG Binding: 
---------------- STG Properties BEGIN ----------------
- Is combinational: 0
- Is one-state seq: 0
- Is datapath-only: 0
- Is pipelined: 0
- Is top level: 0
Port [ Return ] is wired: 1; IO mode=ap_ctrl_hs:ce=0
Port [ max_W3]:  wired=1; compound=1; hidden=0; nouse=0; global=0; static=0; extern=0; dir=0; type=1; pingpong=0; private_global=0; MemPort=[13]; IO mode=ap_memory:ce=0
Port [ v563]:  wired=1; compound=1; hidden=0; nouse=0; global=0; static=0; extern=0; dir=0; type=1; pingpong=0; private_global=0; MemPort=[13]; IO mode=ap_memory:ce=0
Port [ q_W3_V]:  wired=1; compound=1; hidden=0; nouse=0; global=0; static=0; extern=0; dir=1; type=1; pingpong=0; private_global=0; MemPort=[03]; IO mode=ap_memory:ce=0
---------------- STG Properties END ------------------

---------------- Datapath Model BEGIN ----------------

<LifeTime>
<method=bitvector/>
j41                   (alloca           ) [ 01100000000000000000000000000]
i42                   (alloca           ) [ 01100000000000000000000000000]
indvar_flatten19      (alloca           ) [ 01100000000000000000000000000]
specinterface_ln0     (specinterface    ) [ 00000000000000000000000000000]
store_ln0             (store            ) [ 00000000000000000000000000000]
store_ln0             (store            ) [ 00000000000000000000000000000]
store_ln0             (store            ) [ 00000000000000000000000000000]
br_ln0                (br               ) [ 00000000000000000000000000000]
indvar_flatten19_load (load             ) [ 00000000000000000000000000000]
specpipeline_ln0      (specpipeline     ) [ 00000000000000000000000000000]
icmp_ln865            (icmp             ) [ 01111111111111111111111111110]
add_ln865_1           (add              ) [ 00000000000000000000000000000]
br_ln865              (br               ) [ 00000000000000000000000000000]
j41_load              (load             ) [ 00000000000000000000000000000]
i42_load              (load             ) [ 00000000000000000000000000000]
add_ln865             (add              ) [ 00000000000000000000000000000]
icmp_ln866            (icmp             ) [ 00000000000000000000000000000]
select_ln865          (select           ) [ 00000000000000000000000000000]
select_ln865_2        (select           ) [ 01011111000000000000000000000]
p_shl9                (bitconcatenate   ) [ 00000000000000000000000000000]
tmp                   (bitconcatenate   ) [ 00000000000000000000000000000]
zext_ln867            (zext             ) [ 00000000000000000000000000000]
sub_ln867             (sub              ) [ 00000000000000000000000000000]
zext_ln867_1          (zext             ) [ 00000000000000000000000000000]
add_ln867             (add              ) [ 01010000000000000000000000000]
add_ln866             (add              ) [ 00000000000000000000000000000]
store_ln866           (store            ) [ 00000000000000000000000000000]
store_ln866           (store            ) [ 00000000000000000000000000000]
store_ln866           (store            ) [ 00000000000000000000000000000]
zext_ln867_2          (zext             ) [ 01001111111111111111111111111]
v563_addr             (getelementptr    ) [ 01001000000000000000000000000]
v563_load             (load             ) [ 01000100000000000000000000000]
v525                  (bitcast          ) [ 01000011100000000000000000000]
zext_ln865            (zext             ) [ 00000000000000000000000000000]
max_W3_addr           (getelementptr    ) [ 01000000100000000000000000000]
max_W3_load           (load             ) [ 01000000011111111111111110000]
v526                  (fmul             ) [ 01000000011111111111111110000]
v528                  (fdiv             ) [ 01000000000000000000000001000]
reg                   (bitcast          ) [ 01000000000000000000000000100]
trunc_ln278           (trunc            ) [ 00000000000000000000000000000]
p_Result_s            (bitselect        ) [ 01000000000000000000000000110]
exp                   (partselect       ) [ 00000000000000000000000000000]
zext_ln283            (zext             ) [ 00000000000000000000000000000]
v529_V                (trunc            ) [ 01000000000000000000000000110]
icmp_ln295            (icmp             ) [ 01000000000000000000000000110]
sh_amt                (sub              ) [ 01000000000000000000000000100]
icmp_ln299            (icmp             ) [ 01000000000000000000000000110]
trunc_ln287           (trunc            ) [ 00000000000000000000000000000]
zext_ln304_2_cast     (bitconcatenate   ) [ 00000000000000000000000000000]
sext_ln298            (sext             ) [ 00000000000000000000000000000]
icmp_ln301            (icmp             ) [ 01000000000000000000000000010]
icmp_ln302            (icmp             ) [ 00000000000000000000000000000]
sh_amt_4              (sub              ) [ 01000000000000000000000000010]
icmp_ln320            (icmp             ) [ 01000000000000000000000000010]
zext_ln304            (zext             ) [ 00000000000000000000000000000]
lshr_ln304            (lshr             ) [ 00000000000000000000000000000]
v529_V_1              (trunc            ) [ 00000000000000000000000000000]
or_ln299              (or               ) [ 01000000000000000000000000010]
xor_ln299             (xor              ) [ 00000000000000000000000000000]
and_ln302             (and              ) [ 00000000000000000000000000000]
and_ln302_4           (and              ) [ 00000000000000000000000000000]
v529_V_3              (select           ) [ 01000000000000000000000000010]
sext_ln298_4          (sext             ) [ 00000000000000000000000000000]
sext_ln298_4cast      (trunc            ) [ 00000000000000000000000000000]
shl_ln322             (shl              ) [ 00000000000000000000000000000]
or_ln301              (or               ) [ 00000000000000000000000000000]
xor_ln301             (xor              ) [ 00000000000000000000000000000]
and_ln320             (and              ) [ 00000000000000000000000000000]
v529_V_4              (select           ) [ 00000000000000000000000000000]
xor_ln295             (xor              ) [ 00000000000000000000000000000]
and_ln299             (and              ) [ 00000000000000000000000000000]
v529_V_5              (select           ) [ 00000000000000000000000000000]
v529_V_6              (sub              ) [ 00000000000000000000000000000]
v529_V_7              (select           ) [ 01000000000000000000000000001]
specloopname_ln0      (specloopname     ) [ 00000000000000000000000000000]
empty                 (speclooptripcount) [ 00000000000000000000000000000]
specpipeline_ln0      (specpipeline     ) [ 00000000000000000000000000000]
q_W3_V_addr           (getelementptr    ) [ 00000000000000000000000000000]
specloopname_ln866    (specloopname     ) [ 00000000000000000000000000000]
store_ln872           (store            ) [ 00000000000000000000000000000]
br_ln866              (br               ) [ 00000000000000000000000000000]
ret_ln0               (ret              ) [ 00000000000000000000000000000]
</LifeTime>

<model>

<comp_list>
<comp id="0" class="1000" name="max_W3">
<pin_list>
<pin id="1" dir="1" index="0" bw="1" slack="0"/>
</pin_list>
<bind>
<StgValue><ssdm name="max_W3"/><MemPortTyVec>1 3 </MemPortTyVec>
</StgValue>
</bind>
</comp>

<comp id="2" class="1000" name="v563">
<pin_list>
<pin id="3" dir="1" index="0" bw="1" slack="0"/>
</pin_list>
<bind>
<StgValue><ssdm name="v563"/><MemPortTyVec>1 3 </MemPortTyVec>
</StgValue>
</bind>
</comp>

<comp id="4" class="1000" name="q_W3_V">
<pin_list>
<pin id="5" dir="1" index="0" bw="1" slack="0"/>
</pin_list>
<bind>
<StgValue><ssdm name="q_W3_V"/><MemPortTyVec>0 3 </MemPortTyVec>
</StgValue>
</bind>
</comp>

<comp id="6" class="1001" name="const_6">
<pin_list>
<pin id="7" dir="1" index="0" bw="1" slack="0"/>
</pin_list>
<bind>
<StgValue><ssdm name=""/></StgValue>
</bind>
</comp>

<comp id="8" class="1001" name="const_8">
<pin_list>
<pin id="9" dir="1" index="0" bw="1" slack="2147483647"/>
</pin_list>
<bind>
<StgValue><ssdm name="_ssdm_op_SpecInterface"/></StgValue>
</bind>
</comp>

<comp id="10" class="1001" name="const_10">
<pin_list>
<pin id="11" dir="1" index="0" bw="1" slack="2147483647"/>
</pin_list>
<bind>
<StgValue><ssdm name="empty"/></StgValue>
</bind>
</comp>

<comp id="12" class="1001" name="const_12">
<pin_list>
<pin id="13" dir="1" index="0" bw="1" slack="2147483647"/>
</pin_list>
<bind>
<StgValue><ssdm name=""/></StgValue>
</bind>
</comp>

<comp id="14" class="1001" name="const_14">
<pin_list>
<pin id="15" dir="1" index="0" bw="1" slack="2147483647"/>
</pin_list>
<bind>
<StgValue><ssdm name="empty_0"/></StgValue>
</bind>
</comp>

<comp id="16" class="1001" name="const_16">
<pin_list>
<pin id="17" dir="1" index="0" bw="1" slack="2147483647"/>
</pin_list>
<bind>
<StgValue><ssdm name=""/></StgValue>
</bind>
</comp>

<comp id="18" class="1001" name="const_18">
<pin_list>
<pin id="19" dir="1" index="0" bw="1" slack="0"/>
</pin_list>
<bind>
<StgValue><ssdm name=""/></StgValue>
</bind>
</comp>

<comp id="20" class="1001" name="const_20">
<pin_list>
<pin id="21" dir="1" index="0" bw="1" slack="0"/>
</pin_list>
<bind>
<StgValue><ssdm name=""/></StgValue>
</bind>
</comp>

<comp id="22" class="1001" name="const_22">
<pin_list>
<pin id="23" dir="1" index="0" bw="1" slack="0"/>
</pin_list>
<bind>
<StgValue><ssdm name=""/></StgValue>
</bind>
</comp>

<comp id="24" class="1001" name="const_24">
<pin_list>
<pin id="25" dir="1" index="0" bw="1" slack="2147483647"/>
</pin_list>
<bind>
<StgValue><ssdm name="_ssdm_op_SpecPipeline"/></StgValue>
</bind>
</comp>

<comp id="26" class="1001" name="const_26">
<pin_list>
<pin id="27" dir="1" index="0" bw="1" slack="2147483647"/>
</pin_list>
<bind>
<StgValue><ssdm name="p_str"/></StgValue>
</bind>
</comp>

<comp id="28" class="1001" name="const_28">
<pin_list>
<pin id="29" dir="1" index="0" bw="1" slack="0"/>
</pin_list>
<bind>
<StgValue><ssdm name=""/></StgValue>
</bind>
</comp>

<comp id="30" class="1001" name="const_30">
<pin_list>
<pin id="31" dir="1" index="0" bw="1" slack="0"/>
</pin_list>
<bind>
<StgValue><ssdm name=""/></StgValue>
</bind>
</comp>

<comp id="32" class="1001" name="const_32">
<pin_list>
<pin id="33" dir="1" index="0" bw="1" slack="0"/>
</pin_list>
<bind>
<StgValue><ssdm name=""/></StgValue>
</bind>
</comp>

<comp id="34" class="1001" name="const_34">
<pin_list>
<pin id="35" dir="1" index="0" bw="1" slack="0"/>
</pin_list>
<bind>
<StgValue><ssdm name=""/></StgValue>
</bind>
</comp>

<comp id="36" class="1001" name="const_36">
<pin_list>
<pin id="37" dir="1" index="0" bw="1" slack="0"/>
</pin_list>
<bind>
<StgValue><ssdm name="_ssdm_op_BitConcatenate.i22.i10.i12"/></StgValue>
</bind>
</comp>

<comp id="38" class="1001" name="const_38">
<pin_list>
<pin id="39" dir="1" index="0" bw="1" slack="0"/>
</pin_list>
<bind>
<StgValue><ssdm name="_ssdm_op_BitConcatenate.i20.i10.i10"/></StgValue>
</bind>
</comp>

<comp id="40" class="1001" name="const_40">
<pin_list>
<pin id="41" dir="1" index="0" bw="1" slack="0"/>
</pin_list>
<bind>
<StgValue><ssdm name=""/></StgValue>
</bind>
</comp>

<comp id="42" class="1001" name="const_42">
<pin_list>
<pin id="43" dir="1" index="0" bw="1" slack="0"/>
</pin_list>
<bind>
<StgValue><ssdm name=""/></StgValue>
</bind>
</comp>

<comp id="44" class="1001" name="const_44">
<pin_list>
<pin id="45" dir="1" index="0" bw="1" slack="0"/>
</pin_list>
<bind>
<StgValue><ssdm name=""/></StgValue>
</bind>
</comp>

<comp id="46" class="1001" name="const_46">
<pin_list>
<pin id="47" dir="1" index="0" bw="1" slack="0"/>
</pin_list>
<bind>
<StgValue><ssdm name="_ssdm_op_BitSelect.i1.i32.i32"/></StgValue>
</bind>
</comp>

<comp id="48" class="1001" name="const_48">
<pin_list>
<pin id="49" dir="1" index="0" bw="1" slack="0"/>
</pin_list>
<bind>
<StgValue><ssdm name=""/></StgValue>
</bind>
</comp>

<comp id="50" class="1001" name="const_50">
<pin_list>
<pin id="51" dir="1" index="0" bw="1" slack="0"/>
</pin_list>
<bind>
<StgValue><ssdm name="_ssdm_op_PartSelect.i8.i32.i32.i32"/></StgValue>
</bind>
</comp>

<comp id="52" class="1001" name="const_52">
<pin_list>
<pin id="53" dir="1" index="0" bw="1" slack="0"/>
</pin_list>
<bind>
<StgValue><ssdm name=""/></StgValue>
</bind>
</comp>

<comp id="54" class="1001" name="const_54">
<pin_list>
<pin id="55" dir="1" index="0" bw="1" slack="0"/>
</pin_list>
<bind>
<StgValue><ssdm name=""/></StgValue>
</bind>
</comp>

<comp id="56" class="1001" name="const_56">
<pin_list>
<pin id="57" dir="1" index="0" bw="1" slack="0"/>
</pin_list>
<bind>
<StgValue><ssdm name=""/></StgValue>
</bind>
</comp>

<comp id="58" class="1001" name="const_58">
<pin_list>
<pin id="59" dir="1" index="0" bw="1" slack="0"/>
</pin_list>
<bind>
<StgValue><ssdm name=""/></StgValue>
</bind>
</comp>

<comp id="60" class="1001" name="const_60">
<pin_list>
<pin id="61" dir="1" index="0" bw="1" slack="0"/>
</pin_list>
<bind>
<StgValue><ssdm name=""/></StgValue>
</bind>
</comp>

<comp id="62" class="1001" name="const_62">
<pin_list>
<pin id="63" dir="1" index="0" bw="1" slack="0"/>
</pin_list>
<bind>
<StgValue><ssdm name="_ssdm_op_BitConcatenate.i24.i1.i23"/></StgValue>
</bind>
</comp>

<comp id="64" class="1001" name="const_64">
<pin_list>
<pin id="65" dir="1" index="0" bw="1" slack="0"/>
</pin_list>
<bind>
<StgValue><ssdm name=""/></StgValue>
</bind>
</comp>

<comp id="66" class="1001" name="const_66">
<pin_list>
<pin id="67" dir="1" index="0" bw="1" slack="0"/>
</pin_list>
<bind>
<StgValue><ssdm name=""/></StgValue>
</bind>
</comp>

<comp id="68" class="1001" name="const_68">
<pin_list>
<pin id="69" dir="1" index="0" bw="1" slack="0"/>
</pin_list>
<bind>
<StgValue><ssdm name=""/></StgValue>
</bind>
</comp>

<comp id="70" class="1001" name="const_70">
<pin_list>
<pin id="71" dir="1" index="0" bw="1" slack="0"/>
</pin_list>
<bind>
<StgValue><ssdm name=""/></StgValue>
</bind>
</comp>

<comp id="72" class="1001" name="const_72">
<pin_list>
<pin id="73" dir="1" index="0" bw="1" slack="2147483647"/>
</pin_list>
<bind>
<StgValue><ssdm name="_ssdm_op_SpecLoopName"/></StgValue>
</bind>
</comp>

<comp id="74" class="1001" name="const_74">
<pin_list>
<pin id="75" dir="1" index="0" bw="1" slack="2147483647"/>
</pin_list>
<bind>
<StgValue><ssdm name="l_W_to_int_i42_l_j41_str"/></StgValue>
</bind>
</comp>

<comp id="76" class="1001" name="const_76">
<pin_list>
<pin id="77" dir="1" index="0" bw="1" slack="2147483647"/>
</pin_list>
<bind>
<StgValue><ssdm name="_ssdm_op_SpecLoopTripCount"/></StgValue>
</bind>
</comp>

<comp id="78" class="1001" name="const_78">
<pin_list>
<pin id="79" dir="1" index="0" bw="1" slack="2147483647"/>
</pin_list>
<bind>
<StgValue><ssdm name=""/></StgValue>
</bind>
</comp>

<comp id="80" class="1001" name="const_80">
<pin_list>
<pin id="81" dir="1" index="0" bw="1" slack="2147483647"/>
</pin_list>
<bind>
<StgValue><ssdm name="empty_60"/></StgValue>
</bind>
</comp>

<comp id="82" class="1004" name="j41_fu_82">
<pin_list>
<pin id="83" dir="0" index="0" bw="1" slack="0"/>
<pin id="84" dir="1" index="1" bw="12" slack="0"/>
</pin_list>
<bind>
<opcode="alloca(26) " fcode="alloca"/>
<opset="j41/1 "/>
</bind>
</comp>

<comp id="86" class="1004" name="i42_fu_86">
<pin_list>
<pin id="87" dir="0" index="0" bw="1" slack="0"/>
<pin id="88" dir="1" index="1" bw="10" slack="0"/>
</pin_list>
<bind>
<opcode="alloca(26) " fcode="alloca"/>
<opset="i42/1 "/>
</bind>
</comp>

<comp id="90" class="1004" name="indvar_flatten19_fu_90">
<pin_list>
<pin id="91" dir="0" index="0" bw="1" slack="0"/>
<pin id="92" dir="1" index="1" bw="22" slack="0"/>
</pin_list>
<bind>
<opcode="alloca(26) " fcode="alloca"/>
<opset="indvar_flatten19/1 "/>
</bind>
</comp>

<comp id="94" class="1004" name="v563_addr_gep_fu_94">
<pin_list>
<pin id="95" dir="0" index="0" bw="32" slack="0"/>
<pin id="96" dir="0" index="1" bw="1" slack="0"/>
<pin id="97" dir="0" index="2" bw="22" slack="0"/>
<pin id="98" dir="1" index="3" bw="22" slack="0"/>
</pin_list>
<bind>
<opcode="getelementptr(29) " fcode="getelementptr"/>
<opset="v563_addr/3 "/>
</bind>
</comp>

<comp id="101" class="1004" name="grp_access_fu_101">
<pin_list>
<pin id="102" dir="0" index="0" bw="22" slack="0"/>
<pin id="103" dir="0" index="1" bw="32" slack="2147483647"/>
<pin id="104" dir="0" index="2" bw="0" slack="2147483647"/>
<pin id="105" dir="1" index="3" bw="32" slack="1"/>
</pin_list>
<bind>
<opcode="load(27) " fcode="load"/>
<opset="v563_load/3 "/>
</bind>
</comp>

<comp id="107" class="1004" name="max_W3_addr_gep_fu_107">
<pin_list>
<pin id="108" dir="0" index="0" bw="32" slack="0"/>
<pin id="109" dir="0" index="1" bw="1" slack="0"/>
<pin id="110" dir="0" index="2" bw="10" slack="0"/>
<pin id="111" dir="1" index="3" bw="10" slack="0"/>
</pin_list>
<bind>
<opcode="getelementptr(29) " fcode="getelementptr"/>
<opset="max_W3_addr/7 "/>
</bind>
</comp>

<comp id="114" class="1004" name="grp_access_fu_114">
<pin_list>
<pin id="115" dir="0" index="0" bw="10" slack="0"/>
<pin id="116" dir="0" index="1" bw="32" slack="2147483647"/>
<pin id="117" dir="0" index="2" bw="0" slack="2147483647"/>
<pin id="118" dir="1" index="3" bw="32" slack="1"/>
</pin_list>
<bind>
<opcode="load(27) " fcode="load"/>
<opset="max_W3_load/7 "/>
</bind>
</comp>

<comp id="120" class="1004" name="q_W3_V_addr_gep_fu_120">
<pin_list>
<pin id="121" dir="0" index="0" bw="12" slack="0"/>
<pin id="122" dir="0" index="1" bw="1" slack="0"/>
<pin id="123" dir="0" index="2" bw="22" slack="25"/>
<pin id="124" dir="1" index="3" bw="22" slack="0"/>
</pin_list>
<bind>
<opcode="getelementptr(29) " fcode="getelementptr"/>
<opset="q_W3_V_addr/28 "/>
</bind>
</comp>

<comp id="127" class="1004" name="store_ln872_access_fu_127">
<pin_list>
<pin id="128" dir="0" index="0" bw="22" slack="0"/>
<pin id="129" dir="0" index="1" bw="12" slack="1"/>
<pin id="130" dir="0" index="2" bw="0" slack="2147483647"/>
<pin id="131" dir="1" index="3" bw="12" slack="2147483647"/>
</pin_list>
<bind>
<opcode="store(28) " fcode="store"/>
<opset="store_ln872/28 "/>
</bind>
</comp>

<comp id="133" class="1004" name="grp_fu_133">
<pin_list>
<pin id="134" dir="0" index="0" bw="32" slack="0"/>
<pin id="135" dir="0" index="1" bw="32" slack="0"/>
<pin id="136" dir="1" index="2" bw="32" slack="1"/>
</pin_list>
<bind>
<opcode="fmul(13) " fcode="fmul"/>
<opset="v526/5 "/>
</bind>
</comp>

<comp id="138" class="1004" name="grp_fu_138">
<pin_list>
<pin id="139" dir="0" index="0" bw="32" slack="1"/>
<pin id="140" dir="0" index="1" bw="32" slack="1"/>
<pin id="141" dir="1" index="2" bw="32" slack="1"/>
</pin_list>
<bind>
<opcode="fdiv(16) " fcode="fdiv"/>
<opset="v528/9 "/>
</bind>
</comp>

<comp id="142" class="1004" name="store_ln0_store_fu_142">
<pin_list>
<pin id="143" dir="0" index="0" bw="1" slack="0"/>
<pin id="144" dir="0" index="1" bw="22" slack="0"/>
<pin id="145" dir="1" index="2" bw="0" slack="2147483647"/>
</pin_list>
<bind>
<opcode="store(28) " fcode="store"/>
<opset="store_ln0/1 "/>
</bind>
</comp>

<comp id="147" class="1004" name="store_ln0_store_fu_147">
<pin_list>
<pin id="148" dir="0" index="0" bw="1" slack="0"/>
<pin id="149" dir="0" index="1" bw="10" slack="0"/>
<pin id="150" dir="1" index="2" bw="0" slack="2147483647"/>
</pin_list>
<bind>
<opcode="store(28) " fcode="store"/>
<opset="store_ln0/1 "/>
</bind>
</comp>

<comp id="152" class="1004" name="store_ln0_store_fu_152">
<pin_list>
<pin id="153" dir="0" index="0" bw="1" slack="0"/>
<pin id="154" dir="0" index="1" bw="12" slack="0"/>
<pin id="155" dir="1" index="2" bw="0" slack="2147483647"/>
</pin_list>
<bind>
<opcode="store(28) " fcode="store"/>
<opset="store_ln0/1 "/>
</bind>
</comp>

<comp id="157" class="1004" name="indvar_flatten19_load_load_fu_157">
<pin_list>
<pin id="158" dir="0" index="0" bw="22" slack="1"/>
<pin id="159" dir="1" index="1" bw="22" slack="0"/>
</pin_list>
<bind>
<opcode="load(27) " fcode="load"/>
<opset="indvar_flatten19_load/2 "/>
</bind>
</comp>

<comp id="160" class="1004" name="icmp_ln865_fu_160">
<pin_list>
<pin id="161" dir="0" index="0" bw="22" slack="0"/>
<pin id="162" dir="0" index="1" bw="22" slack="0"/>
<pin id="163" dir="1" index="2" bw="1" slack="25"/>
</pin_list>
<bind>
<opcode="icmp(45) " fcode="icmp"/>
<opset="icmp_ln865/2 "/>
</bind>
</comp>

<comp id="166" class="1004" name="add_ln865_1_fu_166">
<pin_list>
<pin id="167" dir="0" index="0" bw="22" slack="0"/>
<pin id="168" dir="0" index="1" bw="1" slack="0"/>
<pin id="169" dir="1" index="2" bw="22" slack="0"/>
</pin_list>
<bind>
<opcode="add(8) " fcode="add"/>
<opset="add_ln865_1/2 "/>
</bind>
</comp>

<comp id="172" class="1004" name="j41_load_load_fu_172">
<pin_list>
<pin id="173" dir="0" index="0" bw="12" slack="1"/>
<pin id="174" dir="1" index="1" bw="12" slack="0"/>
</pin_list>
<bind>
<opcode="load(27) " fcode="load"/>
<opset="j41_load/2 "/>
</bind>
</comp>

<comp id="175" class="1004" name="i42_load_load_fu_175">
<pin_list>
<pin id="176" dir="0" index="0" bw="10" slack="1"/>
<pin id="177" dir="1" index="1" bw="10" slack="0"/>
</pin_list>
<bind>
<opcode="load(27) " fcode="load"/>
<opset="i42_load/2 "/>
</bind>
</comp>

<comp id="178" class="1004" name="add_ln865_fu_178">
<pin_list>
<pin id="179" dir="0" index="0" bw="10" slack="0"/>
<pin id="180" dir="0" index="1" bw="1" slack="0"/>
<pin id="181" dir="1" index="2" bw="10" slack="0"/>
</pin_list>
<bind>
<opcode="add(8) " fcode="add"/>
<opset="add_ln865/2 "/>
</bind>
</comp>

<comp id="184" class="1004" name="icmp_ln866_fu_184">
<pin_list>
<pin id="185" dir="0" index="0" bw="12" slack="0"/>
<pin id="186" dir="0" index="1" bw="11" slack="0"/>
<pin id="187" dir="1" index="2" bw="1" slack="0"/>
</pin_list>
<bind>
<opcode="icmp(45) " fcode="icmp"/>
<opset="icmp_ln866/2 "/>
</bind>
</comp>

<comp id="190" class="1004" name="select_ln865_fu_190">
<pin_list>
<pin id="191" dir="0" index="0" bw="1" slack="0"/>
<pin id="192" dir="0" index="1" bw="1" slack="0"/>
<pin id="193" dir="0" index="2" bw="12" slack="0"/>
<pin id="194" dir="1" index="3" bw="12" slack="0"/>
</pin_list>
<bind>
<opcode="select(49) " fcode="select"/>
<opset="select_ln865/2 "/>
</bind>
</comp>

<comp id="198" class="1004" name="select_ln865_2_fu_198">
<pin_list>
<pin id="199" dir="0" index="0" bw="1" slack="0"/>
<pin id="200" dir="0" index="1" bw="10" slack="0"/>
<pin id="201" dir="0" index="2" bw="10" slack="0"/>
<pin id="202" dir="1" index="3" bw="10" slack="0"/>
</pin_list>
<bind>
<opcode="select(49) " fcode="select"/>
<opset="select_ln865_2/2 "/>
</bind>
</comp>

<comp id="206" class="1004" name="p_shl9_fu_206">
<pin_list>
<pin id="207" dir="0" index="0" bw="22" slack="0"/>
<pin id="208" dir="0" index="1" bw="10" slack="0"/>
<pin id="209" dir="0" index="2" bw="1" slack="0"/>
<pin id="210" dir="1" index="3" bw="22" slack="0"/>
</pin_list>
<bind>
<opcode="bitconcatenate(1004) " fcode="bitconcatenate"/>
<opset="p_shl9/2 "/>
</bind>
</comp>

<comp id="214" class="1004" name="tmp_fu_214">
<pin_list>
<pin id="215" dir="0" index="0" bw="20" slack="0"/>
<pin id="216" dir="0" index="1" bw="10" slack="0"/>
<pin id="217" dir="0" index="2" bw="1" slack="0"/>
<pin id="218" dir="1" index="3" bw="20" slack="0"/>
</pin_list>
<bind>
<opcode="bitconcatenate(1004) " fcode="bitconcatenate"/>
<opset="tmp/2 "/>
</bind>
</comp>

<comp id="222" class="1004" name="zext_ln867_fu_222">
<pin_list>
<pin id="223" dir="0" index="0" bw="20" slack="0"/>
<pin id="224" dir="1" index="1" bw="22" slack="0"/>
</pin_list>
<bind>
<opcode="zext(34) " fcode="zext"/>
<opset="zext_ln867/2 "/>
</bind>
</comp>

<comp id="226" class="1004" name="sub_ln867_fu_226">
<pin_list>
<pin id="227" dir="0" index="0" bw="22" slack="0"/>
<pin id="228" dir="0" index="1" bw="20" slack="0"/>
<pin id="229" dir="1" index="2" bw="22" slack="0"/>
</pin_list>
<bind>
<opcode="sub(10) " fcode="sub"/>
<opset="sub_ln867/2 "/>
</bind>
</comp>

<comp id="232" class="1004" name="zext_ln867_1_fu_232">
<pin_list>
<pin id="233" dir="0" index="0" bw="12" slack="0"/>
<pin id="234" dir="1" index="1" bw="22" slack="0"/>
</pin_list>
<bind>
<opcode="zext(34) " fcode="zext"/>
<opset="zext_ln867_1/2 "/>
</bind>
</comp>

<comp id="236" class="1004" name="add_ln867_fu_236">
<pin_list>
<pin id="237" dir="0" index="0" bw="22" slack="0"/>
<pin id="238" dir="0" index="1" bw="12" slack="0"/>
<pin id="239" dir="1" index="2" bw="22" slack="1"/>
</pin_list>
<bind>
<opcode="add(8) " fcode="add"/>
<opset="add_ln867/2 "/>
</bind>
</comp>

<comp id="242" class="1004" name="add_ln866_fu_242">
<pin_list>
<pin id="243" dir="0" index="0" bw="12" slack="0"/>
<pin id="244" dir="0" index="1" bw="1" slack="0"/>
<pin id="245" dir="1" index="2" bw="12" slack="0"/>
</pin_list>
<bind>
<opcode="add(8) " fcode="add"/>
<opset="add_ln866/2 "/>
</bind>
</comp>

<comp id="248" class="1004" name="store_ln866_store_fu_248">
<pin_list>
<pin id="249" dir="0" index="0" bw="22" slack="0"/>
<pin id="250" dir="0" index="1" bw="22" slack="1"/>
<pin id="251" dir="1" index="2" bw="0" slack="2147483647"/>
</pin_list>
<bind>
<opcode="store(28) " fcode="store"/>
<opset="store_ln866/2 "/>
</bind>
</comp>

<comp id="253" class="1004" name="store_ln866_store_fu_253">
<pin_list>
<pin id="254" dir="0" index="0" bw="10" slack="0"/>
<pin id="255" dir="0" index="1" bw="10" slack="1"/>
<pin id="256" dir="1" index="2" bw="0" slack="2147483647"/>
</pin_list>
<bind>
<opcode="store(28) " fcode="store"/>
<opset="store_ln866/2 "/>
</bind>
</comp>

<comp id="258" class="1004" name="store_ln866_store_fu_258">
<pin_list>
<pin id="259" dir="0" index="0" bw="12" slack="0"/>
<pin id="260" dir="0" index="1" bw="12" slack="1"/>
<pin id="261" dir="1" index="2" bw="0" slack="2147483647"/>
</pin_list>
<bind>
<opcode="store(28) " fcode="store"/>
<opset="store_ln866/2 "/>
</bind>
</comp>

<comp id="263" class="1004" name="zext_ln867_2_fu_263">
<pin_list>
<pin id="264" dir="0" index="0" bw="22" slack="1"/>
<pin id="265" dir="1" index="1" bw="64" slack="0"/>
</pin_list>
<bind>
<opcode="zext(34) " fcode="zext"/>
<opset="zext_ln867_2/3 "/>
</bind>
</comp>

<comp id="267" class="1004" name="v525_fu_267">
<pin_list>
<pin id="268" dir="0" index="0" bw="32" slack="1"/>
<pin id="269" dir="1" index="1" bw="32" slack="0"/>
</pin_list>
<bind>
<opcode="bitcast(44) " fcode="bitcast"/>
<opset="v525/5 "/>
</bind>
</comp>

<comp id="271" class="1004" name="zext_ln865_fu_271">
<pin_list>
<pin id="272" dir="0" index="0" bw="10" slack="5"/>
<pin id="273" dir="1" index="1" bw="64" slack="0"/>
</pin_list>
<bind>
<opcode="zext(34) " fcode="zext"/>
<opset="zext_ln865/7 "/>
</bind>
</comp>

<comp id="275" class="1004" name="reg_fu_275">
<pin_list>
<pin id="276" dir="0" index="0" bw="32" slack="1"/>
<pin id="277" dir="1" index="1" bw="32" slack="0"/>
</pin_list>
<bind>
<opcode="bitcast(44) " fcode="bitcast"/>
<opset="reg/25 "/>
</bind>
</comp>

<comp id="278" class="1004" name="trunc_ln278_fu_278">
<pin_list>
<pin id="279" dir="0" index="0" bw="32" slack="0"/>
<pin id="280" dir="1" index="1" bw="31" slack="0"/>
</pin_list>
<bind>
<opcode="trunc(33) " fcode="trunc"/>
<opset="trunc_ln278/25 "/>
</bind>
</comp>

<comp id="282" class="1004" name="p_Result_s_fu_282">
<pin_list>
<pin id="283" dir="0" index="0" bw="1" slack="0"/>
<pin id="284" dir="0" index="1" bw="32" slack="0"/>
<pin id="285" dir="0" index="2" bw="6" slack="0"/>
<pin id="286" dir="1" index="3" bw="1" slack="2"/>
</pin_list>
<bind>
<opcode="bitselect(1000) " fcode="bitselect"/>
<opset="p_Result_s/25 "/>
</bind>
</comp>

<comp id="290" class="1004" name="exp_fu_290">
<pin_list>
<pin id="291" dir="0" index="0" bw="8" slack="0"/>
<pin id="292" dir="0" index="1" bw="32" slack="0"/>
<pin id="293" dir="0" index="2" bw="6" slack="0"/>
<pin id="294" dir="0" index="3" bw="6" slack="0"/>
<pin id="295" dir="1" index="4" bw="8" slack="0"/>
</pin_list>
<bind>
<opcode="partselect(1002) " fcode="partselect"/>
<opset="exp/25 "/>
</bind>
</comp>

<comp id="300" class="1004" name="zext_ln283_fu_300">
<pin_list>
<pin id="301" dir="0" index="0" bw="8" slack="0"/>
<pin id="302" dir="1" index="1" bw="9" slack="0"/>
</pin_list>
<bind>
<opcode="zext(34) " fcode="zext"/>
<opset="zext_ln283/25 "/>
</bind>
</comp>

<comp id="304" class="1004" name="v529_V_fu_304">
<pin_list>
<pin id="305" dir="0" index="0" bw="32" slack="0"/>
<pin id="306" dir="1" index="1" bw="12" slack="2"/>
</pin_list>
<bind>
<opcode="trunc(33) " fcode="trunc"/>
<opset="v529_V/25 "/>
</bind>
</comp>

<comp id="308" class="1004" name="icmp_ln295_fu_308">
<pin_list>
<pin id="309" dir="0" index="0" bw="31" slack="0"/>
<pin id="310" dir="0" index="1" bw="1" slack="0"/>
<pin id="311" dir="1" index="2" bw="1" slack="1"/>
</pin_list>
<bind>
<opcode="icmp(45) " fcode="icmp"/>
<opset="icmp_ln295/25 "/>
</bind>
</comp>

<comp id="314" class="1004" name="sh_amt_fu_314">
<pin_list>
<pin id="315" dir="0" index="0" bw="9" slack="0"/>
<pin id="316" dir="0" index="1" bw="8" slack="0"/>
<pin id="317" dir="1" index="2" bw="9" slack="1"/>
</pin_list>
<bind>
<opcode="sub(10) " fcode="sub"/>
<opset="sh_amt/25 "/>
</bind>
</comp>

<comp id="320" class="1004" name="icmp_ln299_fu_320">
<pin_list>
<pin id="321" dir="0" index="0" bw="8" slack="0"/>
<pin id="322" dir="0" index="1" bw="8" slack="0"/>
<pin id="323" dir="1" index="2" bw="1" slack="1"/>
</pin_list>
<bind>
<opcode="icmp(45) " fcode="icmp"/>
<opset="icmp_ln299/25 "/>
</bind>
</comp>

<comp id="326" class="1004" name="trunc_ln287_fu_326">
<pin_list>
<pin id="327" dir="0" index="0" bw="32" slack="1"/>
<pin id="328" dir="1" index="1" bw="23" slack="0"/>
</pin_list>
<bind>
<opcode="trunc(33) " fcode="trunc"/>
<opset="trunc_ln287/26 "/>
</bind>
</comp>

<comp id="329" class="1004" name="zext_ln304_2_cast_fu_329">
<pin_list>
<pin id="330" dir="0" index="0" bw="24" slack="0"/>
<pin id="331" dir="0" index="1" bw="1" slack="0"/>
<pin id="332" dir="0" index="2" bw="23" slack="0"/>
<pin id="333" dir="1" index="3" bw="24" slack="0"/>
</pin_list>
<bind>
<opcode="bitconcatenate(1004) " fcode="bitconcatenate"/>
<opset="zext_ln304_2_cast/26 "/>
</bind>
</comp>

<comp id="337" class="1004" name="sext_ln298_fu_337">
<pin_list>
<pin id="338" dir="0" index="0" bw="9" slack="1"/>
<pin id="339" dir="1" index="1" bw="32" slack="0"/>
</pin_list>
<bind>
<opcode="sext(35) " fcode="sext"/>
<opset="sext_ln298/26 "/>
</bind>
</comp>

<comp id="340" class="1004" name="icmp_ln301_fu_340">
<pin_list>
<pin id="341" dir="0" index="0" bw="9" slack="1"/>
<pin id="342" dir="0" index="1" bw="1" slack="0"/>
<pin id="343" dir="1" index="2" bw="1" slack="0"/>
</pin_list>
<bind>
<opcode="icmp(45) " fcode="icmp"/>
<opset="icmp_ln301/26 "/>
</bind>
</comp>

<comp id="345" class="1004" name="icmp_ln302_fu_345">
<pin_list>
<pin id="346" dir="0" index="0" bw="9" slack="1"/>
<pin id="347" dir="0" index="1" bw="6" slack="0"/>
<pin id="348" dir="1" index="2" bw="1" slack="0"/>
</pin_list>
<bind>
<opcode="icmp(45) " fcode="icmp"/>
<opset="icmp_ln302/26 "/>
</bind>
</comp>

<comp id="350" class="1004" name="sh_amt_4_fu_350">
<pin_list>
<pin id="351" dir="0" index="0" bw="1" slack="0"/>
<pin id="352" dir="0" index="1" bw="9" slack="1"/>
<pin id="353" dir="1" index="2" bw="9" slack="0"/>
</pin_list>
<bind>
<opcode="sub(10) " fcode="sub"/>
<opset="sh_amt_4/26 "/>
</bind>
</comp>

<comp id="355" class="1004" name="icmp_ln320_fu_355">
<pin_list>
<pin id="356" dir="0" index="0" bw="9" slack="0"/>
<pin id="357" dir="0" index="1" bw="5" slack="0"/>
<pin id="358" dir="1" index="2" bw="1" slack="1"/>
</pin_list>
<bind>
<opcode="icmp(45) " fcode="icmp"/>
<opset="icmp_ln320/26 "/>
</bind>
</comp>

<comp id="361" class="1004" name="zext_ln304_fu_361">
<pin_list>
<pin id="362" dir="0" index="0" bw="24" slack="0"/>
<pin id="363" dir="1" index="1" bw="32" slack="0"/>
</pin_list>
<bind>
<opcode="zext(34) " fcode="zext"/>
<opset="zext_ln304/26 "/>
</bind>
</comp>

<comp id="365" class="1004" name="lshr_ln304_fu_365">
<pin_list>
<pin id="366" dir="0" index="0" bw="24" slack="0"/>
<pin id="367" dir="0" index="1" bw="9" slack="0"/>
<pin id="368" dir="1" index="2" bw="32" slack="0"/>
</pin_list>
<bind>
<opcode="lshr(21) " fcode="lshr"/>
<opset="lshr_ln304/26 "/>
</bind>
</comp>

<comp id="371" class="1004" name="v529_V_1_fu_371">
<pin_list>
<pin id="372" dir="0" index="0" bw="32" slack="0"/>
<pin id="373" dir="1" index="1" bw="12" slack="0"/>
</pin_list>
<bind>
<opcode="trunc(33) " fcode="trunc"/>
<opset="v529_V_1/26 "/>
</bind>
</comp>

<comp id="375" class="1004" name="or_ln299_fu_375">
<pin_list>
<pin id="376" dir="0" index="0" bw="1" slack="1"/>
<pin id="377" dir="0" index="1" bw="1" slack="1"/>
<pin id="378" dir="1" index="2" bw="1" slack="0"/>
</pin_list>
<bind>
<opcode="or(24) " fcode="or"/>
<opset="or_ln299/26 "/>
</bind>
</comp>

<comp id="379" class="1004" name="xor_ln299_fu_379">
<pin_list>
<pin id="380" dir="0" index="0" bw="1" slack="0"/>
<pin id="381" dir="0" index="1" bw="1" slack="0"/>
<pin id="382" dir="1" index="2" bw="1" slack="0"/>
</pin_list>
<bind>
<opcode="xor(25) " fcode="xor"/>
<opset="xor_ln299/26 "/>
</bind>
</comp>

<comp id="385" class="1004" name="and_ln302_fu_385">
<pin_list>
<pin id="386" dir="0" index="0" bw="1" slack="0"/>
<pin id="387" dir="0" index="1" bw="1" slack="0"/>
<pin id="388" dir="1" index="2" bw="1" slack="0"/>
</pin_list>
<bind>
<opcode="and(23) " fcode="and"/>
<opset="and_ln302/26 "/>
</bind>
</comp>

<comp id="391" class="1004" name="and_ln302_4_fu_391">
<pin_list>
<pin id="392" dir="0" index="0" bw="1" slack="0"/>
<pin id="393" dir="0" index="1" bw="1" slack="0"/>
<pin id="394" dir="1" index="2" bw="1" slack="0"/>
</pin_list>
<bind>
<opcode="and(23) " fcode="and"/>
<opset="and_ln302_4/26 "/>
</bind>
</comp>

<comp id="397" class="1004" name="v529_V_3_fu_397">
<pin_list>
<pin id="398" dir="0" index="0" bw="1" slack="0"/>
<pin id="399" dir="0" index="1" bw="12" slack="0"/>
<pin id="400" dir="0" index="2" bw="1" slack="0"/>
<pin id="401" dir="1" index="3" bw="12" slack="1"/>
</pin_list>
<bind>
<opcode="select(49) " fcode="select"/>
<opset="v529_V_3/26 "/>
</bind>
</comp>

<comp id="405" class="1004" name="sext_ln298_4_fu_405">
<pin_list>
<pin id="406" dir="0" index="0" bw="9" slack="1"/>
<pin id="407" dir="1" index="1" bw="32" slack="0"/>
</pin_list>
<bind>
<opcode="sext(35) " fcode="sext"/>
<opset="sext_ln298_4/27 "/>
</bind>
</comp>

<comp id="408" class="1004" name="sext_ln298_4cast_fu_408">
<pin_list>
<pin id="409" dir="0" index="0" bw="9" slack="0"/>
<pin id="410" dir="1" index="1" bw="12" slack="0"/>
</pin_list>
<bind>
<opcode="trunc(33) " fcode="trunc"/>
<opset="sext_ln298_4cast/27 "/>
</bind>
</comp>

<comp id="412" class="1004" name="shl_ln322_fu_412">
<pin_list>
<pin id="413" dir="0" index="0" bw="12" slack="2"/>
<pin id="414" dir="0" index="1" bw="12" slack="0"/>
<pin id="415" dir="1" index="2" bw="12" slack="0"/>
</pin_list>
<bind>
<opcode="shl(20) " fcode="shl"/>
<opset="shl_ln322/27 "/>
</bind>
</comp>

<comp id="417" class="1004" name="or_ln301_fu_417">
<pin_list>
<pin id="418" dir="0" index="0" bw="1" slack="1"/>
<pin id="419" dir="0" index="1" bw="1" slack="1"/>
<pin id="420" dir="1" index="2" bw="1" slack="0"/>
</pin_list>
<bind>
<opcode="or(24) " fcode="or"/>
<opset="or_ln301/27 "/>
</bind>
</comp>

<comp id="421" class="1004" name="xor_ln301_fu_421">
<pin_list>
<pin id="422" dir="0" index="0" bw="1" slack="0"/>
<pin id="423" dir="0" index="1" bw="1" slack="0"/>
<pin id="424" dir="1" index="2" bw="1" slack="0"/>
</pin_list>
<bind>
<opcode="xor(25) " fcode="xor"/>
<opset="xor_ln301/27 "/>
</bind>
</comp>

<comp id="427" class="1004" name="and_ln320_fu_427">
<pin_list>
<pin id="428" dir="0" index="0" bw="1" slack="1"/>
<pin id="429" dir="0" index="1" bw="1" slack="0"/>
<pin id="430" dir="1" index="2" bw="1" slack="0"/>
</pin_list>
<bind>
<opcode="and(23) " fcode="and"/>
<opset="and_ln320/27 "/>
</bind>
</comp>

<comp id="432" class="1004" name="v529_V_4_fu_432">
<pin_list>
<pin id="433" dir="0" index="0" bw="1" slack="0"/>
<pin id="434" dir="0" index="1" bw="12" slack="0"/>
<pin id="435" dir="0" index="2" bw="12" slack="1"/>
<pin id="436" dir="1" index="3" bw="12" slack="0"/>
</pin_list>
<bind>
<opcode="select(49) " fcode="select"/>
<opset="v529_V_4/27 "/>
</bind>
</comp>

<comp id="439" class="1004" name="xor_ln295_fu_439">
<pin_list>
<pin id="440" dir="0" index="0" bw="1" slack="2"/>
<pin id="441" dir="0" index="1" bw="1" slack="0"/>
<pin id="442" dir="1" index="2" bw="1" slack="0"/>
</pin_list>
<bind>
<opcode="xor(25) " fcode="xor"/>
<opset="xor_ln295/27 "/>
</bind>
</comp>

<comp id="444" class="1004" name="and_ln299_fu_444">
<pin_list>
<pin id="445" dir="0" index="0" bw="1" slack="2"/>
<pin id="446" dir="0" index="1" bw="1" slack="0"/>
<pin id="447" dir="1" index="2" bw="1" slack="0"/>
</pin_list>
<bind>
<opcode="and(23) " fcode="and"/>
<opset="and_ln299/27 "/>
</bind>
</comp>

<comp id="449" class="1004" name="v529_V_5_fu_449">
<pin_list>
<pin id="450" dir="0" index="0" bw="1" slack="0"/>
<pin id="451" dir="0" index="1" bw="12" slack="2"/>
<pin id="452" dir="0" index="2" bw="12" slack="0"/>
<pin id="453" dir="1" index="3" bw="12" slack="0"/>
</pin_list>
<bind>
<opcode="select(49) " fcode="select"/>
<opset="v529_V_5/27 "/>
</bind>
</comp>

<comp id="456" class="1004" name="v529_V_6_fu_456">
<pin_list>
<pin id="457" dir="0" index="0" bw="1" slack="0"/>
<pin id="458" dir="0" index="1" bw="12" slack="0"/>
<pin id="459" dir="1" index="2" bw="12" slack="0"/>
</pin_list>
<bind>
<opcode="sub(10) " fcode="sub"/>
<opset="v529_V_6/27 "/>
</bind>
</comp>

<comp id="462" class="1004" name="v529_V_7_fu_462">
<pin_list>
<pin id="463" dir="0" index="0" bw="1" slack="2"/>
<pin id="464" dir="0" index="1" bw="12" slack="0"/>
<pin id="465" dir="0" index="2" bw="12" slack="0"/>
<pin id="466" dir="1" index="3" bw="12" slack="1"/>
</pin_list>
<bind>
<opcode="select(49) " fcode="select"/>
<opset="v529_V_7/27 "/>
</bind>
</comp>

<comp id="469" class="1005" name="j41_reg_469">
<pin_list>
<pin id="470" dir="0" index="0" bw="12" slack="0"/>
<pin id="471" dir="1" index="1" bw="12" slack="0"/>
</pin_list>
<bind>
<opset="j41 "/>
</bind>
</comp>

<comp id="476" class="1005" name="i42_reg_476">
<pin_list>
<pin id="477" dir="0" index="0" bw="10" slack="0"/>
<pin id="478" dir="1" index="1" bw="10" slack="0"/>
</pin_list>
<bind>
<opset="i42 "/>
</bind>
</comp>

<comp id="483" class="1005" name="indvar_flatten19_reg_483">
<pin_list>
<pin id="484" dir="0" index="0" bw="22" slack="0"/>
<pin id="485" dir="1" index="1" bw="22" slack="0"/>
</pin_list>
<bind>
<opset="indvar_flatten19 "/>
</bind>
</comp>

<comp id="490" class="1005" name="icmp_ln865_reg_490">
<pin_list>
<pin id="491" dir="0" index="0" bw="1" slack="25"/>
<pin id="492" dir="1" index="1" bw="1" slack="2147483647"/>
</pin_list>
<bind>
<opset="icmp_ln865 "/>
</bind>
</comp>

<comp id="494" class="1005" name="select_ln865_2_reg_494">
<pin_list>
<pin id="495" dir="0" index="0" bw="10" slack="5"/>
<pin id="496" dir="1" index="1" bw="10" slack="5"/>
</pin_list>
<bind>
<opset="select_ln865_2 "/>
</bind>
</comp>

<comp id="499" class="1005" name="add_ln867_reg_499">
<pin_list>
<pin id="500" dir="0" index="0" bw="22" slack="1"/>
<pin id="501" dir="1" index="1" bw="22" slack="1"/>
</pin_list>
<bind>
<opset="add_ln867 "/>
</bind>
</comp>

<comp id="504" class="1005" name="zext_ln867_2_reg_504">
<pin_list>
<pin id="505" dir="0" index="0" bw="64" slack="25"/>
<pin id="506" dir="1" index="1" bw="64" slack="25"/>
</pin_list>
<bind>
<opset="zext_ln867_2 "/>
</bind>
</comp>

<comp id="509" class="1005" name="v563_addr_reg_509">
<pin_list>
<pin id="510" dir="0" index="0" bw="22" slack="1"/>
<pin id="511" dir="1" index="1" bw="22" slack="1"/>
</pin_list>
<bind>
<opset="v563_addr "/>
</bind>
</comp>

<comp id="514" class="1005" name="v563_load_reg_514">
<pin_list>
<pin id="515" dir="0" index="0" bw="32" slack="1"/>
<pin id="516" dir="1" index="1" bw="32" slack="1"/>
</pin_list>
<bind>
<opset="v563_load "/>
</bind>
</comp>

<comp id="519" class="1005" name="v525_reg_519">
<pin_list>
<pin id="520" dir="0" index="0" bw="32" slack="1"/>
<pin id="521" dir="1" index="1" bw="32" slack="1"/>
</pin_list>
<bind>
<opset="v525 "/>
</bind>
</comp>

<comp id="524" class="1005" name="max_W3_addr_reg_524">
<pin_list>
<pin id="525" dir="0" index="0" bw="10" slack="1"/>
<pin id="526" dir="1" index="1" bw="10" slack="1"/>
</pin_list>
<bind>
<opset="max_W3_addr "/>
</bind>
</comp>

<comp id="529" class="1005" name="max_W3_load_reg_529">
<pin_list>
<pin id="530" dir="0" index="0" bw="32" slack="1"/>
<pin id="531" dir="1" index="1" bw="32" slack="1"/>
</pin_list>
<bind>
<opset="max_W3_load "/>
</bind>
</comp>

<comp id="534" class="1005" name="v526_reg_534">
<pin_list>
<pin id="535" dir="0" index="0" bw="32" slack="1"/>
<pin id="536" dir="1" index="1" bw="32" slack="1"/>
</pin_list>
<bind>
<opset="v526 "/>
</bind>
</comp>

<comp id="539" class="1005" name="v528_reg_539">
<pin_list>
<pin id="540" dir="0" index="0" bw="32" slack="1"/>
<pin id="541" dir="1" index="1" bw="32" slack="1"/>
</pin_list>
<bind>
<opset="v528 "/>
</bind>
</comp>

<comp id="544" class="1005" name="reg_reg_544">
<pin_list>
<pin id="545" dir="0" index="0" bw="32" slack="1"/>
<pin id="546" dir="1" index="1" bw="32" slack="1"/>
</pin_list>
<bind>
<opset="reg "/>
</bind>
</comp>

<comp id="549" class="1005" name="p_Result_s_reg_549">
<pin_list>
<pin id="550" dir="0" index="0" bw="1" slack="2"/>
<pin id="551" dir="1" index="1" bw="1" slack="2"/>
</pin_list>
<bind>
<opset="p_Result_s "/>
</bind>
</comp>

<comp id="554" class="1005" name="v529_V_reg_554">
<pin_list>
<pin id="555" dir="0" index="0" bw="12" slack="2"/>
<pin id="556" dir="1" index="1" bw="12" slack="2"/>
</pin_list>
<bind>
<opset="v529_V "/>
</bind>
</comp>

<comp id="560" class="1005" name="icmp_ln295_reg_560">
<pin_list>
<pin id="561" dir="0" index="0" bw="1" slack="1"/>
<pin id="562" dir="1" index="1" bw="1" slack="1"/>
</pin_list>
<bind>
<opset="icmp_ln295 "/>
</bind>
</comp>

<comp id="566" class="1005" name="sh_amt_reg_566">
<pin_list>
<pin id="567" dir="0" index="0" bw="9" slack="1"/>
<pin id="568" dir="1" index="1" bw="9" slack="1"/>
</pin_list>
<bind>
<opset="sh_amt "/>
</bind>
</comp>

<comp id="574" class="1005" name="icmp_ln299_reg_574">
<pin_list>
<pin id="575" dir="0" index="0" bw="1" slack="1"/>
<pin id="576" dir="1" index="1" bw="1" slack="1"/>
</pin_list>
<bind>
<opset="icmp_ln299 "/>
</bind>
</comp>

<comp id="580" class="1005" name="icmp_ln301_reg_580">
<pin_list>
<pin id="581" dir="0" index="0" bw="1" slack="1"/>
<pin id="582" dir="1" index="1" bw="1" slack="1"/>
</pin_list>
<bind>
<opset="icmp_ln301 "/>
</bind>
</comp>

<comp id="585" class="1005" name="sh_amt_4_reg_585">
<pin_list>
<pin id="586" dir="0" index="0" bw="9" slack="1"/>
<pin id="587" dir="1" index="1" bw="9" slack="1"/>
</pin_list>
<bind>
<opset="sh_amt_4 "/>
</bind>
</comp>

<comp id="590" class="1005" name="icmp_ln320_reg_590">
<pin_list>
<pin id="591" dir="0" index="0" bw="1" slack="1"/>
<pin id="592" dir="1" index="1" bw="1" slack="1"/>
</pin_list>
<bind>
<opset="icmp_ln320 "/>
</bind>
</comp>

<comp id="595" class="1005" name="or_ln299_reg_595">
<pin_list>
<pin id="596" dir="0" index="0" bw="1" slack="1"/>
<pin id="597" dir="1" index="1" bw="1" slack="1"/>
</pin_list>
<bind>
<opset="or_ln299 "/>
</bind>
</comp>

<comp id="600" class="1005" name="v529_V_3_reg_600">
<pin_list>
<pin id="601" dir="0" index="0" bw="12" slack="1"/>
<pin id="602" dir="1" index="1" bw="12" slack="1"/>
</pin_list>
<bind>
<opset="v529_V_3 "/>
</bind>
</comp>

<comp id="605" class="1005" name="v529_V_7_reg_605">
<pin_list>
<pin id="606" dir="0" index="0" bw="12" slack="1"/>
<pin id="607" dir="1" index="1" bw="12" slack="1"/>
</pin_list>
<bind>
<opset="v529_V_7 "/>
</bind>
</comp>

</comp_list>

<net_list>
<net id="85"><net_src comp="6" pin="0"/><net_sink comp="82" pin=0"/></net>

<net id="89"><net_src comp="6" pin="0"/><net_sink comp="86" pin=0"/></net>

<net id="93"><net_src comp="6" pin="0"/><net_sink comp="90" pin=0"/></net>

<net id="99"><net_src comp="2" pin="0"/><net_sink comp="94" pin=0"/></net>

<net id="100"><net_src comp="42" pin="0"/><net_sink comp="94" pin=1"/></net>

<net id="106"><net_src comp="94" pin="3"/><net_sink comp="101" pin=0"/></net>

<net id="112"><net_src comp="0" pin="0"/><net_sink comp="107" pin=0"/></net>

<net id="113"><net_src comp="42" pin="0"/><net_sink comp="107" pin=1"/></net>

<net id="119"><net_src comp="107" pin="3"/><net_sink comp="114" pin=0"/></net>

<net id="125"><net_src comp="4" pin="0"/><net_sink comp="120" pin=0"/></net>

<net id="126"><net_src comp="42" pin="0"/><net_sink comp="120" pin=1"/></net>

<net id="132"><net_src comp="120" pin="3"/><net_sink comp="127" pin=0"/></net>

<net id="137"><net_src comp="44" pin="0"/><net_sink comp="133" pin=1"/></net>

<net id="146"><net_src comp="18" pin="0"/><net_sink comp="142" pin=0"/></net>

<net id="151"><net_src comp="20" pin="0"/><net_sink comp="147" pin=0"/></net>

<net id="156"><net_src comp="22" pin="0"/><net_sink comp="152" pin=0"/></net>

<net id="164"><net_src comp="157" pin="1"/><net_sink comp="160" pin=0"/></net>

<net id="165"><net_src comp="28" pin="0"/><net_sink comp="160" pin=1"/></net>

<net id="170"><net_src comp="157" pin="1"/><net_sink comp="166" pin=0"/></net>

<net id="171"><net_src comp="30" pin="0"/><net_sink comp="166" pin=1"/></net>

<net id="182"><net_src comp="175" pin="1"/><net_sink comp="178" pin=0"/></net>

<net id="183"><net_src comp="32" pin="0"/><net_sink comp="178" pin=1"/></net>

<net id="188"><net_src comp="172" pin="1"/><net_sink comp="184" pin=0"/></net>

<net id="189"><net_src comp="34" pin="0"/><net_sink comp="184" pin=1"/></net>

<net id="195"><net_src comp="184" pin="2"/><net_sink comp="190" pin=0"/></net>

<net id="196"><net_src comp="22" pin="0"/><net_sink comp="190" pin=1"/></net>

<net id="197"><net_src comp="172" pin="1"/><net_sink comp="190" pin=2"/></net>

<net id="203"><net_src comp="184" pin="2"/><net_sink comp="198" pin=0"/></net>

<net id="204"><net_src comp="178" pin="2"/><net_sink comp="198" pin=1"/></net>

<net id="205"><net_src comp="175" pin="1"/><net_sink comp="198" pin=2"/></net>

<net id="211"><net_src comp="36" pin="0"/><net_sink comp="206" pin=0"/></net>

<net id="212"><net_src comp="198" pin="3"/><net_sink comp="206" pin=1"/></net>

<net id="213"><net_src comp="22" pin="0"/><net_sink comp="206" pin=2"/></net>

<net id="219"><net_src comp="38" pin="0"/><net_sink comp="214" pin=0"/></net>

<net id="220"><net_src comp="198" pin="3"/><net_sink comp="214" pin=1"/></net>

<net id="221"><net_src comp="20" pin="0"/><net_sink comp="214" pin=2"/></net>

<net id="225"><net_src comp="214" pin="3"/><net_sink comp="222" pin=0"/></net>

<net id="230"><net_src comp="206" pin="3"/><net_sink comp="226" pin=0"/></net>

<net id="231"><net_src comp="222" pin="1"/><net_sink comp="226" pin=1"/></net>

<net id="235"><net_src comp="190" pin="3"/><net_sink comp="232" pin=0"/></net>

<net id="240"><net_src comp="226" pin="2"/><net_sink comp="236" pin=0"/></net>

<net id="241"><net_src comp="232" pin="1"/><net_sink comp="236" pin=1"/></net>

<net id="246"><net_src comp="190" pin="3"/><net_sink comp="242" pin=0"/></net>

<net id="247"><net_src comp="40" pin="0"/><net_sink comp="242" pin=1"/></net>

<net id="252"><net_src comp="166" pin="2"/><net_sink comp="248" pin=0"/></net>

<net id="257"><net_src comp="198" pin="3"/><net_sink comp="253" pin=0"/></net>

<net id="262"><net_src comp="242" pin="2"/><net_sink comp="258" pin=0"/></net>

<net id="266"><net_src comp="263" pin="1"/><net_sink comp="94" pin=2"/></net>

<net id="270"><net_src comp="267" pin="1"/><net_sink comp="133" pin=0"/></net>

<net id="274"><net_src comp="271" pin="1"/><net_sink comp="107" pin=2"/></net>

<net id="281"><net_src comp="275" pin="1"/><net_sink comp="278" pin=0"/></net>

<net id="287"><net_src comp="46" pin="0"/><net_sink comp="282" pin=0"/></net>

<net id="288"><net_src comp="275" pin="1"/><net_sink comp="282" pin=1"/></net>

<net id="289"><net_src comp="48" pin="0"/><net_sink comp="282" pin=2"/></net>

<net id="296"><net_src comp="50" pin="0"/><net_sink comp="290" pin=0"/></net>

<net id="297"><net_src comp="275" pin="1"/><net_sink comp="290" pin=1"/></net>

<net id="298"><net_src comp="52" pin="0"/><net_sink comp="290" pin=2"/></net>

<net id="299"><net_src comp="54" pin="0"/><net_sink comp="290" pin=3"/></net>

<net id="303"><net_src comp="290" pin="4"/><net_sink comp="300" pin=0"/></net>

<net id="307"><net_src comp="275" pin="1"/><net_sink comp="304" pin=0"/></net>

<net id="312"><net_src comp="278" pin="1"/><net_sink comp="308" pin=0"/></net>

<net id="313"><net_src comp="56" pin="0"/><net_sink comp="308" pin=1"/></net>

<net id="318"><net_src comp="58" pin="0"/><net_sink comp="314" pin=0"/></net>

<net id="319"><net_src comp="300" pin="1"/><net_sink comp="314" pin=1"/></net>

<net id="324"><net_src comp="290" pin="4"/><net_sink comp="320" pin=0"/></net>

<net id="325"><net_src comp="60" pin="0"/><net_sink comp="320" pin=1"/></net>

<net id="334"><net_src comp="62" pin="0"/><net_sink comp="329" pin=0"/></net>

<net id="335"><net_src comp="64" pin="0"/><net_sink comp="329" pin=1"/></net>

<net id="336"><net_src comp="326" pin="1"/><net_sink comp="329" pin=2"/></net>

<net id="344"><net_src comp="66" pin="0"/><net_sink comp="340" pin=1"/></net>

<net id="349"><net_src comp="68" pin="0"/><net_sink comp="345" pin=1"/></net>

<net id="354"><net_src comp="66" pin="0"/><net_sink comp="350" pin=0"/></net>

<net id="359"><net_src comp="350" pin="2"/><net_sink comp="355" pin=0"/></net>

<net id="360"><net_src comp="70" pin="0"/><net_sink comp="355" pin=1"/></net>

<net id="364"><net_src comp="329" pin="3"/><net_sink comp="361" pin=0"/></net>

<net id="369"><net_src comp="361" pin="1"/><net_sink comp="365" pin=0"/></net>

<net id="370"><net_src comp="337" pin="1"/><net_sink comp="365" pin=1"/></net>

<net id="374"><net_src comp="365" pin="2"/><net_sink comp="371" pin=0"/></net>

<net id="383"><net_src comp="375" pin="2"/><net_sink comp="379" pin=0"/></net>

<net id="384"><net_src comp="64" pin="0"/><net_sink comp="379" pin=1"/></net>

<net id="389"><net_src comp="345" pin="2"/><net_sink comp="385" pin=0"/></net>

<net id="390"><net_src comp="379" pin="2"/><net_sink comp="385" pin=1"/></net>

<net id="395"><net_src comp="385" pin="2"/><net_sink comp="391" pin=0"/></net>

<net id="396"><net_src comp="340" pin="2"/><net_sink comp="391" pin=1"/></net>

<net id="402"><net_src comp="391" pin="2"/><net_sink comp="397" pin=0"/></net>

<net id="403"><net_src comp="371" pin="1"/><net_sink comp="397" pin=1"/></net>

<net id="404"><net_src comp="22" pin="0"/><net_sink comp="397" pin=2"/></net>

<net id="411"><net_src comp="405" pin="1"/><net_sink comp="408" pin=0"/></net>

<net id="416"><net_src comp="408" pin="1"/><net_sink comp="412" pin=1"/></net>

<net id="425"><net_src comp="417" pin="2"/><net_sink comp="421" pin=0"/></net>

<net id="426"><net_src comp="64" pin="0"/><net_sink comp="421" pin=1"/></net>

<net id="431"><net_src comp="421" pin="2"/><net_sink comp="427" pin=1"/></net>

<net id="437"><net_src comp="427" pin="2"/><net_sink comp="432" pin=0"/></net>

<net id="438"><net_src comp="412" pin="2"/><net_sink comp="432" pin=1"/></net>

<net id="443"><net_src comp="64" pin="0"/><net_sink comp="439" pin=1"/></net>

<net id="448"><net_src comp="439" pin="2"/><net_sink comp="444" pin=1"/></net>

<net id="454"><net_src comp="444" pin="2"/><net_sink comp="449" pin=0"/></net>

<net id="455"><net_src comp="432" pin="3"/><net_sink comp="449" pin=2"/></net>

<net id="460"><net_src comp="22" pin="0"/><net_sink comp="456" pin=0"/></net>

<net id="461"><net_src comp="449" pin="3"/><net_sink comp="456" pin=1"/></net>

<net id="467"><net_src comp="456" pin="2"/><net_sink comp="462" pin=1"/></net>

<net id="468"><net_src comp="449" pin="3"/><net_sink comp="462" pin=2"/></net>

<net id="472"><net_src comp="82" pin="1"/><net_sink comp="469" pin=0"/></net>

<net id="473"><net_src comp="469" pin="1"/><net_sink comp="152" pin=1"/></net>

<net id="474"><net_src comp="469" pin="1"/><net_sink comp="172" pin=0"/></net>

<net id="475"><net_src comp="469" pin="1"/><net_sink comp="258" pin=1"/></net>

<net id="479"><net_src comp="86" pin="1"/><net_sink comp="476" pin=0"/></net>

<net id="480"><net_src comp="476" pin="1"/><net_sink comp="147" pin=1"/></net>

<net id="481"><net_src comp="476" pin="1"/><net_sink comp="175" pin=0"/></net>

<net id="482"><net_src comp="476" pin="1"/><net_sink comp="253" pin=1"/></net>

<net id="486"><net_src comp="90" pin="1"/><net_sink comp="483" pin=0"/></net>

<net id="487"><net_src comp="483" pin="1"/><net_sink comp="142" pin=1"/></net>

<net id="488"><net_src comp="483" pin="1"/><net_sink comp="157" pin=0"/></net>

<net id="489"><net_src comp="483" pin="1"/><net_sink comp="248" pin=1"/></net>

<net id="493"><net_src comp="160" pin="2"/><net_sink comp="490" pin=0"/></net>

<net id="497"><net_src comp="198" pin="3"/><net_sink comp="494" pin=0"/></net>

<net id="498"><net_src comp="494" pin="1"/><net_sink comp="271" pin=0"/></net>

<net id="502"><net_src comp="236" pin="2"/><net_sink comp="499" pin=0"/></net>

<net id="503"><net_src comp="499" pin="1"/><net_sink comp="263" pin=0"/></net>

<net id="507"><net_src comp="263" pin="1"/><net_sink comp="504" pin=0"/></net>

<net id="508"><net_src comp="504" pin="1"/><net_sink comp="120" pin=2"/></net>

<net id="512"><net_src comp="94" pin="3"/><net_sink comp="509" pin=0"/></net>

<net id="513"><net_src comp="509" pin="1"/><net_sink comp="101" pin=0"/></net>

<net id="517"><net_src comp="101" pin="3"/><net_sink comp="514" pin=0"/></net>

<net id="518"><net_src comp="514" pin="1"/><net_sink comp="267" pin=0"/></net>

<net id="522"><net_src comp="267" pin="1"/><net_sink comp="519" pin=0"/></net>

<net id="523"><net_src comp="519" pin="1"/><net_sink comp="133" pin=0"/></net>

<net id="527"><net_src comp="107" pin="3"/><net_sink comp="524" pin=0"/></net>

<net id="528"><net_src comp="524" pin="1"/><net_sink comp="114" pin=0"/></net>

<net id="532"><net_src comp="114" pin="3"/><net_sink comp="529" pin=0"/></net>

<net id="533"><net_src comp="529" pin="1"/><net_sink comp="138" pin=1"/></net>

<net id="537"><net_src comp="133" pin="2"/><net_sink comp="534" pin=0"/></net>

<net id="538"><net_src comp="534" pin="1"/><net_sink comp="138" pin=0"/></net>

<net id="542"><net_src comp="138" pin="2"/><net_sink comp="539" pin=0"/></net>

<net id="543"><net_src comp="539" pin="1"/><net_sink comp="275" pin=0"/></net>

<net id="547"><net_src comp="275" pin="1"/><net_sink comp="544" pin=0"/></net>

<net id="548"><net_src comp="544" pin="1"/><net_sink comp="326" pin=0"/></net>

<net id="552"><net_src comp="282" pin="3"/><net_sink comp="549" pin=0"/></net>

<net id="553"><net_src comp="549" pin="1"/><net_sink comp="462" pin=0"/></net>

<net id="557"><net_src comp="304" pin="1"/><net_sink comp="554" pin=0"/></net>

<net id="558"><net_src comp="554" pin="1"/><net_sink comp="412" pin=0"/></net>

<net id="559"><net_src comp="554" pin="1"/><net_sink comp="449" pin=1"/></net>

<net id="563"><net_src comp="308" pin="2"/><net_sink comp="560" pin=0"/></net>

<net id="564"><net_src comp="560" pin="1"/><net_sink comp="375" pin=0"/></net>

<net id="565"><net_src comp="560" pin="1"/><net_sink comp="439" pin=0"/></net>

<net id="569"><net_src comp="314" pin="2"/><net_sink comp="566" pin=0"/></net>

<net id="570"><net_src comp="566" pin="1"/><net_sink comp="337" pin=0"/></net>

<net id="571"><net_src comp="566" pin="1"/><net_sink comp="340" pin=0"/></net>

<net id="572"><net_src comp="566" pin="1"/><net_sink comp="345" pin=0"/></net>

<net id="573"><net_src comp="566" pin="1"/><net_sink comp="350" pin=1"/></net>

<net id="577"><net_src comp="320" pin="2"/><net_sink comp="574" pin=0"/></net>

<net id="578"><net_src comp="574" pin="1"/><net_sink comp="375" pin=1"/></net>

<net id="579"><net_src comp="574" pin="1"/><net_sink comp="444" pin=0"/></net>

<net id="583"><net_src comp="340" pin="2"/><net_sink comp="580" pin=0"/></net>

<net id="584"><net_src comp="580" pin="1"/><net_sink comp="417" pin=1"/></net>

<net id="588"><net_src comp="350" pin="2"/><net_sink comp="585" pin=0"/></net>

<net id="589"><net_src comp="585" pin="1"/><net_sink comp="405" pin=0"/></net>

<net id="593"><net_src comp="355" pin="2"/><net_sink comp="590" pin=0"/></net>

<net id="594"><net_src comp="590" pin="1"/><net_sink comp="427" pin=0"/></net>

<net id="598"><net_src comp="375" pin="2"/><net_sink comp="595" pin=0"/></net>

<net id="599"><net_src comp="595" pin="1"/><net_sink comp="417" pin=0"/></net>

<net id="603"><net_src comp="397" pin="3"/><net_sink comp="600" pin=0"/></net>

<net id="604"><net_src comp="600" pin="1"/><net_sink comp="432" pin=2"/></net>

<net id="608"><net_src comp="462" pin="3"/><net_sink comp="605" pin=0"/></net>

<net id="609"><net_src comp="605" pin="1"/><net_sink comp="127" pin=1"/></net>

</net_list>

</model> 
---------------- Datapath Model END ------------------

* FSMD analyzer results:
  - Output states:
	Port: q_W3_V | {28 }
 - Input state : 
	Port: Linear_layer_ds2_Pipeline_l_W_to_int_i42_l_j41 : max_W3 | {7 8 }
	Port: Linear_layer_ds2_Pipeline_l_W_to_int_i42_l_j41 : v563 | {3 4 }
  - Chain level:
	State 1
		store_ln0 : 1
		store_ln0 : 1
		store_ln0 : 1
	State 2
		icmp_ln865 : 1
		add_ln865_1 : 1
		br_ln865 : 2
		add_ln865 : 1
		icmp_ln866 : 1
		select_ln865 : 2
		select_ln865_2 : 2
		p_shl9 : 3
		tmp : 3
		zext_ln867 : 4
		sub_ln867 : 5
		zext_ln867_1 : 3
		add_ln867 : 6
		add_ln866 : 3
		store_ln866 : 2
		store_ln866 : 3
		store_ln866 : 4
	State 3
		v563_addr : 1
		v563_load : 2
	State 4
	State 5
		v526 : 1
	State 6
	State 7
		max_W3_addr : 1
		max_W3_load : 2
	State 8
	State 9
	State 10
	State 11
	State 12
	State 13
	State 14
	State 15
	State 16
	State 17
	State 18
	State 19
	State 20
	State 21
	State 22
	State 23
	State 24
	State 25
		trunc_ln278 : 1
		p_Result_s : 1
		exp : 1
		zext_ln283 : 2
		v529_V : 1
		icmp_ln295 : 2
		sh_amt : 3
		icmp_ln299 : 2
	State 26
		zext_ln304_2_cast : 1
		icmp_ln320 : 1
		zext_ln304 : 2
		lshr_ln304 : 3
		v529_V_1 : 4
		v529_V_3 : 5
	State 27
		sext_ln298_4cast : 1
		shl_ln322 : 2
		v529_V_5 : 1
		v529_V_6 : 2
		v529_V_7 : 3
	State 28
		store_ln872 : 1


============================================================
+ Verbose Summary: Datapath Resource usage 
============================================================

* Functional unit list:
|----------|--------------------------|---------|---------|---------|
| Operation|      Functional Unit     |   DSP   |    FF   |   LUT   |
|----------|--------------------------|---------|---------|---------|
|   fmul   |        grp_fu_133        |    3    |   143   |   321   |
|----------|--------------------------|---------|---------|---------|
|          |     icmp_ln865_fu_160    |    0    |    0    |    14   |
|          |     icmp_ln866_fu_184    |    0    |    0    |    12   |
|          |     icmp_ln295_fu_308    |    0    |    0    |    17   |
|   icmp   |     icmp_ln299_fu_320    |    0    |    0    |    11   |
|          |     icmp_ln301_fu_340    |    0    |    0    |    11   |
|          |     icmp_ln302_fu_345    |    0    |    0    |    11   |
|          |     icmp_ln320_fu_355    |    0    |    0    |    11   |
|----------|--------------------------|---------|---------|---------|
|          |    add_ln865_1_fu_166    |    0    |    0    |    29   |
|    add   |     add_ln865_fu_178     |    0    |    0    |    13   |
|          |     add_ln867_fu_236     |    0    |    0    |    22   |
|          |     add_ln866_fu_242     |    0    |    0    |    12   |
|----------|--------------------------|---------|---------|---------|
|          |    select_ln865_fu_190   |    0    |    0    |    12   |
|          |   select_ln865_2_fu_198  |    0    |    0    |    10   |
|  select  |      v529_V_3_fu_397     |    0    |    0    |    12   |
|          |      v529_V_4_fu_432     |    0    |    0    |    12   |
|          |      v529_V_5_fu_449     |    0    |    0    |    12   |
|          |      v529_V_7_fu_462     |    0    |    0    |    12   |
|----------|--------------------------|---------|---------|---------|
|   lshr   |     lshr_ln304_fu_365    |    0    |    0    |    67   |
|----------|--------------------------|---------|---------|---------|
|          |     sub_ln867_fu_226     |    0    |    0    |    22   |
|    sub   |       sh_amt_fu_314      |    0    |    0    |    14   |
|          |      sh_amt_4_fu_350     |    0    |    0    |    14   |
|          |      v529_V_6_fu_456     |    0    |    0    |    12   |
|----------|--------------------------|---------|---------|---------|
|    shl   |     shl_ln322_fu_412     |    0    |    0    |    26   |
|----------|--------------------------|---------|---------|---------|
|          |     and_ln302_fu_385     |    0    |    0    |    2    |
|    and   |    and_ln302_4_fu_391    |    0    |    0    |    2    |
|          |     and_ln320_fu_427     |    0    |    0    |    2    |
|          |     and_ln299_fu_444     |    0    |    0    |    2    |
|----------|--------------------------|---------|---------|---------|
|          |     xor_ln299_fu_379     |    0    |    0    |    2    |
|    xor   |     xor_ln301_fu_421     |    0    |    0    |    2    |
|          |     xor_ln295_fu_439     |    0    |    0    |    2    |
|----------|--------------------------|---------|---------|---------|
|    or    |      or_ln299_fu_375     |    0    |    0    |    2    |
|          |      or_ln301_fu_417     |    0    |    0    |    2    |
|----------|--------------------------|---------|---------|---------|
|   fdiv   |        grp_fu_138        |    0    |    0    |    0    |
|----------|--------------------------|---------|---------|---------|
|          |       p_shl9_fu_206      |    0    |    0    |    0    |
|bitconcatenate|        tmp_fu_214        |    0    |    0    |    0    |
|          | zext_ln304_2_cast_fu_329 |    0    |    0    |    0    |
|----------|--------------------------|---------|---------|---------|
|          |     zext_ln867_fu_222    |    0    |    0    |    0    |
|          |    zext_ln867_1_fu_232   |    0    |    0    |    0    |
|   zext   |    zext_ln867_2_fu_263   |    0    |    0    |    0    |
|          |     zext_ln865_fu_271    |    0    |    0    |    0    |
|          |     zext_ln283_fu_300    |    0    |    0    |    0    |
|          |     zext_ln304_fu_361    |    0    |    0    |    0    |
|----------|--------------------------|---------|---------|---------|
|          |    trunc_ln278_fu_278    |    0    |    0    |    0    |
|          |       v529_V_fu_304      |    0    |    0    |    0    |
|   trunc  |    trunc_ln287_fu_326    |    0    |    0    |    0    |
|          |      v529_V_1_fu_371     |    0    |    0    |    0    |
|          |  sext_ln298_4cast_fu_408 |    0    |    0    |    0    |
|----------|--------------------------|---------|---------|---------|
| bitselect|     p_Result_s_fu_282    |    0    |    0    |    0    |
|----------|--------------------------|---------|---------|---------|
|partselect|        exp_fu_290        |    0    |    0    |    0    |
|----------|--------------------------|---------|---------|---------|
|   sext   |     sext_ln298_fu_337    |    0    |    0    |    0    |
|          |    sext_ln298_4_fu_405   |    0    |    0    |    0    |
|----------|--------------------------|---------|---------|---------|
|   Total  |                          |    3    |   143   |   727   |
|----------|--------------------------|---------|---------|---------|

Memories:
N/A

* Register list:
+------------------------+--------+
|                        |   FF   |
+------------------------+--------+
|    add_ln867_reg_499   |   22   |
|       i42_reg_476      |   10   |
|   icmp_ln295_reg_560   |    1   |
|   icmp_ln299_reg_574   |    1   |
|   icmp_ln301_reg_580   |    1   |
|   icmp_ln320_reg_590   |    1   |
|   icmp_ln865_reg_490   |    1   |
|indvar_flatten19_reg_483|   22   |
|       j41_reg_469      |   12   |
|   max_W3_addr_reg_524  |   10   |
|   max_W3_load_reg_529  |   32   |
|    or_ln299_reg_595    |    1   |
|   p_Result_s_reg_549   |    1   |
|       reg_reg_544      |   32   |
| select_ln865_2_reg_494 |   10   |
|    sh_amt_4_reg_585    |    9   |
|     sh_amt_reg_566     |    9   |
|      v525_reg_519      |   32   |
|      v526_reg_534      |   32   |
|      v528_reg_539      |   32   |
|    v529_V_3_reg_600    |   12   |
|    v529_V_7_reg_605    |   12   |
|     v529_V_reg_554     |   12   |
|    v563_addr_reg_509   |   22   |
|    v563_load_reg_514   |   32   |
|  zext_ln867_2_reg_504  |   64   |
+------------------------+--------+
|          Total         |   425  |
+------------------------+--------+

* Multiplexer (MUX) list: 
|-------------------|------|------|------|--------||---------||---------|
|        Comp       |  Pin | Size |  BW  | S x BW ||  Delay  ||   LUT   |
|-------------------|------|------|------|--------||---------||---------|
| grp_access_fu_101 |  p0  |   2  |  22  |   44   ||    9    |
| grp_access_fu_114 |  p0  |   2  |  10  |   20   ||    9    |
|     grp_fu_133    |  p0  |   2  |  32  |   64   ||    9    |
|-------------------|------|------|------|--------||---------||---------|
|       Total       |      |      |      |   128  ||  4.764  ||    27   |
|-------------------|------|------|------|--------||---------||---------|



* Summary:
+-----------+--------+--------+--------+--------+
|           |   DSP  |  Delay |   FF   |   LUT  |
+-----------+--------+--------+--------+--------+
|  Function |    3   |    -   |   143  |   727  |
|   Memory  |    -   |    -   |    -   |    -   |
|Multiplexer|    -   |    4   |    -   |   27   |
|  Register |    -   |    -   |   425  |    -   |
+-----------+--------+--------+--------+--------+
|   Total   |    3   |    4   |   568  |   754  |
+-----------+--------+--------+--------+--------+
