

================================================================
== Vitis HLS Report for 'Linear_layer_ds0_Pipeline_l_outp_to_float_bias_i27_l_j27'
================================================================
* Date:           Sun Sep  3 07:04:42 2023

* Version:        2022.1.2 (Build 3605665 on Fri Aug  5 22:52:02 MDT 2022)
* Project:        out.prj
* Solution:       solution1 (Vivado IP Flow Target)
* Product family: zynq
* Target device:  xc7z020-clg484-1


================================================================
== Performance Estimates
================================================================
+ Timing: 
    * Summary: 
    +--------+----------+----------+------------+
    |  Clock |  Target  | Estimated| Uncertainty|
    +--------+----------+----------+------------+
    |ap_clk  |  10.00 ns|  7.256 ns|     2.70 ns|
    +--------+----------+----------+------------+

+ Latency: 
    * Summary: 
    +---------+---------+-----------+-----------+------+------+---------+
    |  Latency (cycles) |   Latency (absolute)  |   Interval  | Pipeline|
    |   min   |   max   |    min    |    max    |  min |  max |   Type  |
    +---------+---------+-----------+-----------+------+------+---------+
    |     9255|     9255|  92.550 us|  92.550 us|  9255|  9255|       no|
    +---------+---------+-----------+-----------+------+------+---------+

    + Detail: 
        * Instance: 
        N/A

        * Loop: 
        +----------------------------------+---------+---------+----------+-----------+-----------+------+----------+
        |                                  |  Latency (cycles) | Iteration|  Initiation Interval  | Trip |          |
        |             Loop Name            |   min   |   max   |  Latency |  achieved |   target  | Count| Pipelined|
        +----------------------------------+---------+---------+----------+-----------+-----------+------+----------+
        |- l_outp_to_float_bias_i27_l_j27  |     9253|     9253|        39|          1|          1|  9216|       yes|
        +----------------------------------+---------+---------+----------+-----------+-----------+------+----------+

============================================================
+ Verbose Summary: Synthesis Manager
============================================================
InlineROM: 1
ExposeGlobal: 0
============================================================
+ Verbose Summary: CDFG Model
============================================================
IsTopModel: 0
ResetActiveHigh: 1
IsCombinational: 0
IsDatapathOnly: 0
HasWiredReturn: 1
HasMFsm: 2
HasVarLatency: 1
IsPipeline: 0
IsRtlPipelined: 0
IsInstanceOverlapped: 0
IsDontTouch: 0
HasImplIP: 0
IsGatedGlobalClock: 0

+ Individual pipeline summary: 
  * Pipeline-0: initiation interval (II) = 1, depth = 39


============================================================
+ Verbose Summary: Schedule
============================================================
* Number of FSM states : 39
* Pipeline : 1
  Pipeline-0 : II = 1, D = 39, States = { 1 2 3 4 5 6 7 8 9 10 11 12 13 14 15 16 17 18 19 20 21 22 23 24 25 26 27 28 29 30 31 32 33 34 35 36 37 38 39 }
* Dataflow Pipeline: 0

* FSM state transitions: 
1 --> 2 
2 --> 3 
3 --> 4 
4 --> 5 
5 --> 6 
6 --> 7 
7 --> 8 
8 --> 9 
9 --> 10 
10 --> 11 
11 --> 12 
12 --> 13 
13 --> 14 
14 --> 15 
15 --> 16 
16 --> 17 
17 --> 18 
18 --> 19 
19 --> 20 
20 --> 21 
21 --> 22 
22 --> 23 
23 --> 24 
24 --> 25 
25 --> 26 
26 --> 27 
27 --> 28 
28 --> 29 
29 --> 30 
30 --> 31 
31 --> 32 
32 --> 33 
33 --> 34 
34 --> 35 
35 --> 36 
36 --> 37 
37 --> 38 
38 --> 39 
39 --> 

* FSM state operations: 

State 1 <SV = 0> <Delay = 5.77>
ST_1 : Operation 42 [1/1] (0.00ns)   --->   "%j27 = alloca i32 1"   --->   Operation 42 'alloca' 'j27' <Predicate = true> <Delay = 0.00>
ST_1 : Operation 43 [1/1] (0.00ns)   --->   "%i27 = alloca i32 1"   --->   Operation 43 'alloca' 'i27' <Predicate = true> <Delay = 0.00>
ST_1 : Operation 44 [1/1] (0.00ns)   --->   "%indvar_flatten38 = alloca i32 1"   --->   Operation 44 'alloca' 'indvar_flatten38' <Predicate = true> <Delay = 0.00>
ST_1 : Operation 45 [1/1] (0.00ns)   --->   "%specinterface_ln0 = specinterface void @_ssdm_op_SpecInterface, i32 %v560, void @empty, i32 0, i32 0, void @empty_0, i32 4294967295, i32 0, void @empty_0, void @empty_0, void @empty_0, i32 0, i32 0, i32 0, i32 0, void @empty_0, void @empty_0, i32 4294967295, i32 0"   --->   Operation 45 'specinterface' 'specinterface_ln0' <Predicate = true> <Delay = 0.00>
ST_1 : Operation 46 [1/1] (1.58ns)   --->   "%store_ln0 = store i14 0, i14 %indvar_flatten38"   --->   Operation 46 'store' 'store_ln0' <Predicate = true> <Delay = 1.58>
ST_1 : Operation 47 [1/1] (1.58ns)   --->   "%store_ln0 = store i4 0, i4 %i27"   --->   Operation 47 'store' 'store_ln0' <Predicate = true> <Delay = 1.58>
ST_1 : Operation 48 [1/1] (1.58ns)   --->   "%store_ln0 = store i10 0, i10 %j27"   --->   Operation 48 'store' 'store_ln0' <Predicate = true> <Delay = 1.58>
ST_1 : Operation 49 [1/1] (0.00ns)   --->   "%br_ln0 = br void %for.inc283"   --->   Operation 49 'br' 'br_ln0' <Predicate = true> <Delay = 0.00>
ST_1 : Operation 50 [1/1] (0.00ns)   --->   "%indvar_flatten38_load = load i14 %indvar_flatten38" [kernel.cpp:550]   --->   Operation 50 'load' 'indvar_flatten38_load' <Predicate = true> <Delay = 0.00>
ST_1 : Operation 51 [1/1] (0.00ns)   --->   "%specpipeline_ln0 = specpipeline void @_ssdm_op_SpecPipeline, i32 4294967295, i32 0, i32 1, i32 0, void @p_str"   --->   Operation 51 'specpipeline' 'specpipeline_ln0' <Predicate = true> <Delay = 0.00>
ST_1 : Operation 52 [1/1] (2.20ns)   --->   "%icmp_ln550 = icmp_eq  i14 %indvar_flatten38_load, i14 9216" [kernel.cpp:550]   --->   Operation 52 'icmp' 'icmp_ln550' <Predicate = true> <Delay = 2.20> <CoreInst = "Cmp">   --->   Core 9 'Cmp' <Latency = 0> <II = 1> <Delay = 2.20> <FuncUnit> <Opcode : 'icmp'> <InPorts = 2> <OutPorts = 1>
ST_1 : Operation 53 [1/1] (1.81ns)   --->   "%add_ln550_1 = add i14 %indvar_flatten38_load, i14 1" [kernel.cpp:550]   --->   Operation 53 'add' 'add_ln550_1' <Predicate = true> <Delay = 1.81> <CoreInst = "Adder">   --->   Core 1 'Adder' <Latency = 0> <II = 1> <Delay = 1.81> <FuncUnit> <Opcode : 'add' 'sub'> <InPorts = 2> <OutPorts = 1>
ST_1 : Operation 54 [1/1] (0.00ns)   --->   "%br_ln550 = br i1 %icmp_ln550, void %for.inc286, void %for.end288.exitStub" [kernel.cpp:550]   --->   Operation 54 'br' 'br_ln550' <Predicate = true> <Delay = 0.00>
ST_1 : Operation 55 [1/1] (0.00ns)   --->   "%j27_load = load i10 %j27" [kernel.cpp:551]   --->   Operation 55 'load' 'j27_load' <Predicate = (!icmp_ln550)> <Delay = 0.00>
ST_1 : Operation 56 [1/1] (0.00ns)   --->   "%i27_load = load i4 %i27" [kernel.cpp:550]   --->   Operation 56 'load' 'i27_load' <Predicate = (!icmp_ln550)> <Delay = 0.00>
ST_1 : Operation 57 [1/1] (1.73ns)   --->   "%add_ln550 = add i4 %i27_load, i4 1" [kernel.cpp:550]   --->   Operation 57 'add' 'add_ln550' <Predicate = (!icmp_ln550)> <Delay = 1.73> <CoreInst = "Adder">   --->   Core 1 'Adder' <Latency = 0> <II = 1> <Delay = 1.73> <FuncUnit> <Opcode : 'add' 'sub'> <InPorts = 2> <OutPorts = 1>
ST_1 : Operation 58 [1/1] (1.77ns)   --->   "%icmp_ln551 = icmp_eq  i10 %j27_load, i10 768" [kernel.cpp:551]   --->   Operation 58 'icmp' 'icmp_ln551' <Predicate = (!icmp_ln550)> <Delay = 1.77> <CoreInst = "Cmp">   --->   Core 9 'Cmp' <Latency = 0> <II = 1> <Delay = 1.77> <FuncUnit> <Opcode : 'icmp'> <InPorts = 2> <OutPorts = 1>
ST_1 : Operation 59 [1/1] (0.68ns)   --->   "%select_ln550 = select i1 %icmp_ln551, i10 0, i10 %j27_load" [kernel.cpp:550]   --->   Operation 59 'select' 'select_ln550' <Predicate = (!icmp_ln550)> <Delay = 0.68> <CoreInst = "Sel">   --->   Core 73 'Sel' <Latency = 0> <II = 1> <Delay = 0.68> <FuncUnit> <Opcode : 'select'> <InPorts = 3> <OutPorts = 1>
ST_1 : Operation 60 [1/1] (1.02ns)   --->   "%select_ln550_2 = select i1 %icmp_ln551, i4 %add_ln550, i4 %i27_load" [kernel.cpp:550]   --->   Operation 60 'select' 'select_ln550_2' <Predicate = (!icmp_ln550)> <Delay = 1.02> <CoreInst = "Sel">   --->   Core 73 'Sel' <Latency = 0> <II = 1> <Delay = 1.02> <FuncUnit> <Opcode : 'select'> <InPorts = 3> <OutPorts = 1>
ST_1 : Operation 61 [1/1] (1.73ns)   --->   "%add_ln551 = add i10 %select_ln550, i10 1" [kernel.cpp:551]   --->   Operation 61 'add' 'add_ln551' <Predicate = (!icmp_ln550)> <Delay = 1.73> <CoreInst = "Adder">   --->   Core 1 'Adder' <Latency = 0> <II = 1> <Delay = 1.73> <FuncUnit> <Opcode : 'add' 'sub'> <InPorts = 2> <OutPorts = 1>
ST_1 : Operation 62 [1/1] (1.58ns)   --->   "%store_ln551 = store i14 %add_ln550_1, i14 %indvar_flatten38" [kernel.cpp:551]   --->   Operation 62 'store' 'store_ln551' <Predicate = (!icmp_ln550)> <Delay = 1.58>
ST_1 : Operation 63 [1/1] (1.58ns)   --->   "%store_ln551 = store i4 %select_ln550_2, i4 %i27" [kernel.cpp:551]   --->   Operation 63 'store' 'store_ln551' <Predicate = (!icmp_ln550)> <Delay = 1.58>
ST_1 : Operation 64 [1/1] (1.58ns)   --->   "%store_ln551 = store i10 %add_ln551, i10 %j27" [kernel.cpp:551]   --->   Operation 64 'store' 'store_ln551' <Predicate = (!icmp_ln550)> <Delay = 1.58>

State 2 <SV = 1> <Delay = 7.09>
ST_2 : Operation 65 [1/1] (0.00ns)   --->   "%p_shl = bitconcatenate i14 @_ssdm_op_BitConcatenate.i14.i4.i10, i4 %select_ln550_2, i10 0" [kernel.cpp:561]   --->   Operation 65 'bitconcatenate' 'p_shl' <Predicate = true> <Delay = 0.00>
ST_2 : Operation 66 [1/1] (0.00ns)   --->   "%tmp = bitconcatenate i12 @_ssdm_op_BitConcatenate.i12.i4.i8, i4 %select_ln550_2, i8 0" [kernel.cpp:561]   --->   Operation 66 'bitconcatenate' 'tmp' <Predicate = true> <Delay = 0.00>
ST_2 : Operation 67 [1/1] (0.00ns)   --->   "%zext_ln561 = zext i12 %tmp" [kernel.cpp:561]   --->   Operation 67 'zext' 'zext_ln561' <Predicate = true> <Delay = 0.00>
ST_2 : Operation 68 [1/1] (0.00ns) (grouped into TernaryAdder)   --->   "%sub_ln561 = sub i14 %p_shl, i14 %zext_ln561" [kernel.cpp:561]   --->   Operation 68 'sub' 'sub_ln561' <Predicate = true> <Delay = 0.00> <CoreInst = "TAddSub">   --->   Core 10 'TAddSub' <Latency = 0> <II = 1> <Delay = 1.92> <IPBlock> <Opcode : 'add' 'sub'> <InPorts = 3> <OutPorts = 1> <Sync> <CReg>
ST_2 : Operation 69 [1/1] (0.00ns)   --->   "%zext_ln561_1 = zext i10 %select_ln550" [kernel.cpp:561]   --->   Operation 69 'zext' 'zext_ln561_1' <Predicate = true> <Delay = 0.00>
ST_2 : Operation 70 [1/1] (3.84ns) (root node of TernaryAdder)   --->   "%add_ln561 = add i14 %sub_ln561, i14 %zext_ln561_1" [kernel.cpp:561]   --->   Operation 70 'add' 'add_ln561' <Predicate = true> <Delay = 3.84> <CoreInst = "TAddSub">   --->   Core 10 'TAddSub' <Latency = 0> <II = 1> <Delay = 1.92> <IPBlock> <Opcode : 'add' 'sub'> <InPorts = 3> <OutPorts = 1> <Sync> <CReg>
ST_2 : Operation 71 [1/1] (0.00ns)   --->   "%zext_ln561_2 = zext i14 %add_ln561" [kernel.cpp:561]   --->   Operation 71 'zext' 'zext_ln561_2' <Predicate = true> <Delay = 0.00>
ST_2 : Operation 72 [1/1] (0.00ns)   --->   "%q_outp3_addr = getelementptr i32 %q_outp3, i64 0, i64 %zext_ln561_2" [kernel.cpp:552]   --->   Operation 72 'getelementptr' 'q_outp3_addr' <Predicate = true> <Delay = 0.00>
ST_2 : Operation 73 [2/2] (3.25ns)   --->   "%v328 = load i14 %q_outp3_addr" [kernel.cpp:552]   --->   Operation 73 'load' 'v328' <Predicate = true> <Delay = 3.25> <CoreInst = "RAM">   --->   Core 82 'RAM' <Latency = 1> <II = 1> <Delay = 3.25> <Storage> <Opcode : 'load' 'store'> <Ports = 2> <Width = 32> <Depth = 9216> <RAM>

State 3 <SV = 2> <Delay = 3.25>
ST_3 : Operation 74 [1/2] (3.25ns)   --->   "%v328 = load i14 %q_outp3_addr" [kernel.cpp:552]   --->   Operation 74 'load' 'v328' <Predicate = true> <Delay = 3.25> <CoreInst = "RAM">   --->   Core 82 'RAM' <Latency = 1> <II = 1> <Delay = 3.25> <Storage> <Opcode : 'load' 'store'> <Ports = 2> <Width = 32> <Depth = 9216> <RAM>

State 4 <SV = 3> <Delay = 6.41>
ST_4 : Operation 75 [6/6] (6.41ns)   --->   "%v330 = sitofp i32 %v328" [kernel.cpp:554]   --->   Operation 75 'sitofp' 'v330' <Predicate = true> <Delay = 6.41> <CoreInst = "Int2Float">   --->   Core 62 'Int2Float' <Latency = 5> <II = 1> <Delay = 6.41> <FuncUnit> <Opcode : 'sitofp' 'uitofp'> <InPorts = 1> <OutPorts = 1>

State 5 <SV = 4> <Delay = 6.41>
ST_5 : Operation 76 [5/6] (6.41ns)   --->   "%v330 = sitofp i32 %v328" [kernel.cpp:554]   --->   Operation 76 'sitofp' 'v330' <Predicate = true> <Delay = 6.41> <CoreInst = "Int2Float">   --->   Core 62 'Int2Float' <Latency = 5> <II = 1> <Delay = 6.41> <FuncUnit> <Opcode : 'sitofp' 'uitofp'> <InPorts = 1> <OutPorts = 1>

State 6 <SV = 5> <Delay = 6.41>
ST_6 : Operation 77 [4/6] (6.41ns)   --->   "%v330 = sitofp i32 %v328" [kernel.cpp:554]   --->   Operation 77 'sitofp' 'v330' <Predicate = true> <Delay = 6.41> <CoreInst = "Int2Float">   --->   Core 62 'Int2Float' <Latency = 5> <II = 1> <Delay = 6.41> <FuncUnit> <Opcode : 'sitofp' 'uitofp'> <InPorts = 1> <OutPorts = 1>

State 7 <SV = 6> <Delay = 6.41>
ST_7 : Operation 78 [3/6] (6.41ns)   --->   "%v330 = sitofp i32 %v328" [kernel.cpp:554]   --->   Operation 78 'sitofp' 'v330' <Predicate = true> <Delay = 6.41> <CoreInst = "Int2Float">   --->   Core 62 'Int2Float' <Latency = 5> <II = 1> <Delay = 6.41> <FuncUnit> <Opcode : 'sitofp' 'uitofp'> <InPorts = 1> <OutPorts = 1>

State 8 <SV = 7> <Delay = 6.41>
ST_8 : Operation 79 [1/1] (0.00ns)   --->   "%zext_ln550 = zext i4 %select_ln550_2" [kernel.cpp:550]   --->   Operation 79 'zext' 'zext_ln550' <Predicate = true> <Delay = 0.00>
ST_8 : Operation 80 [1/1] (0.00ns)   --->   "%max_inp1_addr = getelementptr i32 %max_inp1, i64 0, i64 %zext_ln550" [kernel.cpp:550]   --->   Operation 80 'getelementptr' 'max_inp1_addr' <Predicate = true> <Delay = 0.00>
ST_8 : Operation 81 [2/2] (2.32ns)   --->   "%max_inp1_load = load i4 %max_inp1_addr" [kernel.cpp:550]   --->   Operation 81 'load' 'max_inp1_load' <Predicate = true> <Delay = 2.32> <CoreInst = "RAM">   --->   Core 82 'RAM' <Latency = 1> <II = 1> <Delay = 2.32> <Storage> <Opcode : 'load' 'store'> <Ports = 2> <Width = 32> <Depth = 12> <RAM>
ST_8 : Operation 82 [2/6] (6.41ns)   --->   "%v330 = sitofp i32 %v328" [kernel.cpp:554]   --->   Operation 82 'sitofp' 'v330' <Predicate = true> <Delay = 6.41> <CoreInst = "Int2Float">   --->   Core 62 'Int2Float' <Latency = 5> <II = 1> <Delay = 6.41> <FuncUnit> <Opcode : 'sitofp' 'uitofp'> <InPorts = 1> <OutPorts = 1>

State 9 <SV = 8> <Delay = 6.41>
ST_9 : Operation 83 [1/2] (2.32ns)   --->   "%max_inp1_load = load i4 %max_inp1_addr" [kernel.cpp:550]   --->   Operation 83 'load' 'max_inp1_load' <Predicate = true> <Delay = 2.32> <CoreInst = "RAM">   --->   Core 82 'RAM' <Latency = 1> <II = 1> <Delay = 2.32> <Storage> <Opcode : 'load' 'store'> <Ports = 2> <Width = 32> <Depth = 12> <RAM>
ST_9 : Operation 84 [1/6] (6.41ns)   --->   "%v330 = sitofp i32 %v328" [kernel.cpp:554]   --->   Operation 84 'sitofp' 'v330' <Predicate = true> <Delay = 6.41> <CoreInst = "Int2Float">   --->   Core 62 'Int2Float' <Latency = 5> <II = 1> <Delay = 6.41> <FuncUnit> <Opcode : 'sitofp' 'uitofp'> <InPorts = 1> <OutPorts = 1>

State 10 <SV = 9> <Delay = 5.70>
ST_10 : Operation 85 [4/4] (5.70ns)   --->   "%v331 = fmul i32 %v330, i32 %max_inp1_load" [kernel.cpp:555]   --->   Operation 85 'fmul' 'v331' <Predicate = true> <Delay = 5.70> <CoreInst = "FMul_maxdsp">   --->   Core 30 'FMul_maxdsp' <Latency = 3> <II = 1> <Delay = 5.70> <FuncUnit> <Opcode : 'fmul'> <InPorts = 2> <OutPorts = 1>

State 11 <SV = 10> <Delay = 5.70>
ST_11 : Operation 86 [3/4] (5.70ns)   --->   "%v331 = fmul i32 %v330, i32 %max_inp1_load" [kernel.cpp:555]   --->   Operation 86 'fmul' 'v331' <Predicate = true> <Delay = 5.70> <CoreInst = "FMul_maxdsp">   --->   Core 30 'FMul_maxdsp' <Latency = 3> <II = 1> <Delay = 5.70> <FuncUnit> <Opcode : 'fmul'> <InPorts = 2> <OutPorts = 1>

State 12 <SV = 11> <Delay = 5.70>
ST_12 : Operation 87 [1/1] (0.00ns)   --->   "%j27_cast = zext i10 %select_ln550" [kernel.cpp:550]   --->   Operation 87 'zext' 'j27_cast' <Predicate = true> <Delay = 0.00>
ST_12 : Operation 88 [2/4] (5.70ns)   --->   "%v331 = fmul i32 %v330, i32 %max_inp1_load" [kernel.cpp:555]   --->   Operation 88 'fmul' 'v331' <Predicate = true> <Delay = 5.70> <CoreInst = "FMul_maxdsp">   --->   Core 30 'FMul_maxdsp' <Latency = 3> <II = 1> <Delay = 5.70> <FuncUnit> <Opcode : 'fmul'> <InPorts = 2> <OutPorts = 1>
ST_12 : Operation 89 [1/1] (0.00ns)   --->   "%max_W1_addr = getelementptr i32 %max_W1, i64 0, i64 %j27_cast" [kernel.cpp:556]   --->   Operation 89 'getelementptr' 'max_W1_addr' <Predicate = true> <Delay = 0.00>
ST_12 : Operation 90 [2/2] (3.25ns)   --->   "%v332 = load i10 %max_W1_addr" [kernel.cpp:556]   --->   Operation 90 'load' 'v332' <Predicate = true> <Delay = 3.25> <CoreInst = "RAM">   --->   Core 82 'RAM' <Latency = 1> <II = 1> <Delay = 3.25> <Storage> <Opcode : 'load' 'store'> <Ports = 2> <Width = 32> <Depth = 768> <RAM>

State 13 <SV = 12> <Delay = 5.70>
ST_13 : Operation 91 [1/4] (5.70ns)   --->   "%v331 = fmul i32 %v330, i32 %max_inp1_load" [kernel.cpp:555]   --->   Operation 91 'fmul' 'v331' <Predicate = true> <Delay = 5.70> <CoreInst = "FMul_maxdsp">   --->   Core 30 'FMul_maxdsp' <Latency = 3> <II = 1> <Delay = 5.70> <FuncUnit> <Opcode : 'fmul'> <InPorts = 2> <OutPorts = 1>
ST_13 : Operation 92 [1/2] (3.25ns)   --->   "%v332 = load i10 %max_W1_addr" [kernel.cpp:556]   --->   Operation 92 'load' 'v332' <Predicate = true> <Delay = 3.25> <CoreInst = "RAM">   --->   Core 82 'RAM' <Latency = 1> <II = 1> <Delay = 3.25> <Storage> <Opcode : 'load' 'store'> <Ports = 2> <Width = 32> <Depth = 768> <RAM>

State 14 <SV = 13> <Delay = 5.70>
ST_14 : Operation 93 [4/4] (5.70ns)   --->   "%v333 = fmul i32 %v331, i32 %v332" [kernel.cpp:558]   --->   Operation 93 'fmul' 'v333' <Predicate = true> <Delay = 5.70> <CoreInst = "FMul_maxdsp">   --->   Core 30 'FMul_maxdsp' <Latency = 3> <II = 1> <Delay = 5.70> <FuncUnit> <Opcode : 'fmul'> <InPorts = 2> <OutPorts = 1>

State 15 <SV = 14> <Delay = 5.70>
ST_15 : Operation 94 [3/4] (5.70ns)   --->   "%v333 = fmul i32 %v331, i32 %v332" [kernel.cpp:558]   --->   Operation 94 'fmul' 'v333' <Predicate = true> <Delay = 5.70> <CoreInst = "FMul_maxdsp">   --->   Core 30 'FMul_maxdsp' <Latency = 3> <II = 1> <Delay = 5.70> <FuncUnit> <Opcode : 'fmul'> <InPorts = 2> <OutPorts = 1>

State 16 <SV = 15> <Delay = 5.70>
ST_16 : Operation 95 [2/4] (5.70ns)   --->   "%v333 = fmul i32 %v331, i32 %v332" [kernel.cpp:558]   --->   Operation 95 'fmul' 'v333' <Predicate = true> <Delay = 5.70> <CoreInst = "FMul_maxdsp">   --->   Core 30 'FMul_maxdsp' <Latency = 3> <II = 1> <Delay = 5.70> <FuncUnit> <Opcode : 'fmul'> <InPorts = 2> <OutPorts = 1>

State 17 <SV = 16> <Delay = 5.70>
ST_17 : Operation 96 [1/4] (5.70ns)   --->   "%v333 = fmul i32 %v331, i32 %v332" [kernel.cpp:558]   --->   Operation 96 'fmul' 'v333' <Predicate = true> <Delay = 5.70> <CoreInst = "FMul_maxdsp">   --->   Core 30 'FMul_maxdsp' <Latency = 3> <II = 1> <Delay = 5.70> <FuncUnit> <Opcode : 'fmul'> <InPorts = 2> <OutPorts = 1>

State 18 <SV = 17> <Delay = 6.07>
ST_18 : Operation 97 [16/16] (6.07ns)   --->   "%v334 = fdiv i32 %v333, i32 4.19021e+06" [kernel.cpp:558]   --->   Operation 97 'fdiv' 'v334' <Predicate = true> <Delay = 6.07> <CoreInst = "FDiv">   --->   Core 20 'FDiv' <Latency = 15> <II = 1> <Delay = 6.07> <FuncUnit> <Opcode : 'fdiv' 'frem'> <InPorts = 2> <OutPorts = 1>

State 19 <SV = 18> <Delay = 6.07>
ST_19 : Operation 98 [15/16] (6.07ns)   --->   "%v334 = fdiv i32 %v333, i32 4.19021e+06" [kernel.cpp:558]   --->   Operation 98 'fdiv' 'v334' <Predicate = true> <Delay = 6.07> <CoreInst = "FDiv">   --->   Core 20 'FDiv' <Latency = 15> <II = 1> <Delay = 6.07> <FuncUnit> <Opcode : 'fdiv' 'frem'> <InPorts = 2> <OutPorts = 1>

State 20 <SV = 19> <Delay = 6.07>
ST_20 : Operation 99 [14/16] (6.07ns)   --->   "%v334 = fdiv i32 %v333, i32 4.19021e+06" [kernel.cpp:558]   --->   Operation 99 'fdiv' 'v334' <Predicate = true> <Delay = 6.07> <CoreInst = "FDiv">   --->   Core 20 'FDiv' <Latency = 15> <II = 1> <Delay = 6.07> <FuncUnit> <Opcode : 'fdiv' 'frem'> <InPorts = 2> <OutPorts = 1>

State 21 <SV = 20> <Delay = 6.07>
ST_21 : Operation 100 [13/16] (6.07ns)   --->   "%v334 = fdiv i32 %v333, i32 4.19021e+06" [kernel.cpp:558]   --->   Operation 100 'fdiv' 'v334' <Predicate = true> <Delay = 6.07> <CoreInst = "FDiv">   --->   Core 20 'FDiv' <Latency = 15> <II = 1> <Delay = 6.07> <FuncUnit> <Opcode : 'fdiv' 'frem'> <InPorts = 2> <OutPorts = 1>

State 22 <SV = 21> <Delay = 6.07>
ST_22 : Operation 101 [12/16] (6.07ns)   --->   "%v334 = fdiv i32 %v333, i32 4.19021e+06" [kernel.cpp:558]   --->   Operation 101 'fdiv' 'v334' <Predicate = true> <Delay = 6.07> <CoreInst = "FDiv">   --->   Core 20 'FDiv' <Latency = 15> <II = 1> <Delay = 6.07> <FuncUnit> <Opcode : 'fdiv' 'frem'> <InPorts = 2> <OutPorts = 1>

State 23 <SV = 22> <Delay = 6.07>
ST_23 : Operation 102 [11/16] (6.07ns)   --->   "%v334 = fdiv i32 %v333, i32 4.19021e+06" [kernel.cpp:558]   --->   Operation 102 'fdiv' 'v334' <Predicate = true> <Delay = 6.07> <CoreInst = "FDiv">   --->   Core 20 'FDiv' <Latency = 15> <II = 1> <Delay = 6.07> <FuncUnit> <Opcode : 'fdiv' 'frem'> <InPorts = 2> <OutPorts = 1>

State 24 <SV = 23> <Delay = 6.07>
ST_24 : Operation 103 [10/16] (6.07ns)   --->   "%v334 = fdiv i32 %v333, i32 4.19021e+06" [kernel.cpp:558]   --->   Operation 103 'fdiv' 'v334' <Predicate = true> <Delay = 6.07> <CoreInst = "FDiv">   --->   Core 20 'FDiv' <Latency = 15> <II = 1> <Delay = 6.07> <FuncUnit> <Opcode : 'fdiv' 'frem'> <InPorts = 2> <OutPorts = 1>

State 25 <SV = 24> <Delay = 6.07>
ST_25 : Operation 104 [9/16] (6.07ns)   --->   "%v334 = fdiv i32 %v333, i32 4.19021e+06" [kernel.cpp:558]   --->   Operation 104 'fdiv' 'v334' <Predicate = true> <Delay = 6.07> <CoreInst = "FDiv">   --->   Core 20 'FDiv' <Latency = 15> <II = 1> <Delay = 6.07> <FuncUnit> <Opcode : 'fdiv' 'frem'> <InPorts = 2> <OutPorts = 1>

State 26 <SV = 25> <Delay = 6.07>
ST_26 : Operation 105 [8/16] (6.07ns)   --->   "%v334 = fdiv i32 %v333, i32 4.19021e+06" [kernel.cpp:558]   --->   Operation 105 'fdiv' 'v334' <Predicate = true> <Delay = 6.07> <CoreInst = "FDiv">   --->   Core 20 'FDiv' <Latency = 15> <II = 1> <Delay = 6.07> <FuncUnit> <Opcode : 'fdiv' 'frem'> <InPorts = 2> <OutPorts = 1>

State 27 <SV = 26> <Delay = 6.07>
ST_27 : Operation 106 [7/16] (6.07ns)   --->   "%v334 = fdiv i32 %v333, i32 4.19021e+06" [kernel.cpp:558]   --->   Operation 106 'fdiv' 'v334' <Predicate = true> <Delay = 6.07> <CoreInst = "FDiv">   --->   Core 20 'FDiv' <Latency = 15> <II = 1> <Delay = 6.07> <FuncUnit> <Opcode : 'fdiv' 'frem'> <InPorts = 2> <OutPorts = 1>

State 28 <SV = 27> <Delay = 6.07>
ST_28 : Operation 107 [6/16] (6.07ns)   --->   "%v334 = fdiv i32 %v333, i32 4.19021e+06" [kernel.cpp:558]   --->   Operation 107 'fdiv' 'v334' <Predicate = true> <Delay = 6.07> <CoreInst = "FDiv">   --->   Core 20 'FDiv' <Latency = 15> <II = 1> <Delay = 6.07> <FuncUnit> <Opcode : 'fdiv' 'frem'> <InPorts = 2> <OutPorts = 1>

State 29 <SV = 28> <Delay = 6.07>
ST_29 : Operation 108 [5/16] (6.07ns)   --->   "%v334 = fdiv i32 %v333, i32 4.19021e+06" [kernel.cpp:558]   --->   Operation 108 'fdiv' 'v334' <Predicate = true> <Delay = 6.07> <CoreInst = "FDiv">   --->   Core 20 'FDiv' <Latency = 15> <II = 1> <Delay = 6.07> <FuncUnit> <Opcode : 'fdiv' 'frem'> <InPorts = 2> <OutPorts = 1>

State 30 <SV = 29> <Delay = 6.07>
ST_30 : Operation 109 [4/16] (6.07ns)   --->   "%v334 = fdiv i32 %v333, i32 4.19021e+06" [kernel.cpp:558]   --->   Operation 109 'fdiv' 'v334' <Predicate = true> <Delay = 6.07> <CoreInst = "FDiv">   --->   Core 20 'FDiv' <Latency = 15> <II = 1> <Delay = 6.07> <FuncUnit> <Opcode : 'fdiv' 'frem'> <InPorts = 2> <OutPorts = 1>

State 31 <SV = 30> <Delay = 6.07>
ST_31 : Operation 110 [3/16] (6.07ns)   --->   "%v334 = fdiv i32 %v333, i32 4.19021e+06" [kernel.cpp:558]   --->   Operation 110 'fdiv' 'v334' <Predicate = true> <Delay = 6.07> <CoreInst = "FDiv">   --->   Core 20 'FDiv' <Latency = 15> <II = 1> <Delay = 6.07> <FuncUnit> <Opcode : 'fdiv' 'frem'> <InPorts = 2> <OutPorts = 1>

State 32 <SV = 31> <Delay = 6.07>
ST_32 : Operation 111 [2/16] (6.07ns)   --->   "%v334 = fdiv i32 %v333, i32 4.19021e+06" [kernel.cpp:558]   --->   Operation 111 'fdiv' 'v334' <Predicate = true> <Delay = 6.07> <CoreInst = "FDiv">   --->   Core 20 'FDiv' <Latency = 15> <II = 1> <Delay = 6.07> <FuncUnit> <Opcode : 'fdiv' 'frem'> <InPorts = 2> <OutPorts = 1>
ST_32 : Operation 112 [1/1] (0.00ns)   --->   "%v560_addr = getelementptr i32 %v560, i64 0, i64 %j27_cast" [kernel.cpp:559]   --->   Operation 112 'getelementptr' 'v560_addr' <Predicate = true> <Delay = 0.00>
ST_32 : Operation 113 [2/2] (3.25ns)   --->   "%v560_load = load i10 %v560_addr" [kernel.cpp:559]   --->   Operation 113 'load' 'v560_load' <Predicate = true> <Delay = 3.25> <CoreInst = "RAM">   --->   Core 82 'RAM' <Latency = 1> <II = 1> <Delay = 3.25> <Storage> <Opcode : 'load' 'store'> <Ports = 2> <Width = 32> <Depth = 768> <RAM>

State 33 <SV = 32> <Delay = 6.07>
ST_33 : Operation 114 [1/16] (6.07ns)   --->   "%v334 = fdiv i32 %v333, i32 4.19021e+06" [kernel.cpp:558]   --->   Operation 114 'fdiv' 'v334' <Predicate = true> <Delay = 6.07> <CoreInst = "FDiv">   --->   Core 20 'FDiv' <Latency = 15> <II = 1> <Delay = 6.07> <FuncUnit> <Opcode : 'fdiv' 'frem'> <InPorts = 2> <OutPorts = 1>
ST_33 : Operation 115 [1/2] (3.25ns)   --->   "%v560_load = load i10 %v560_addr" [kernel.cpp:559]   --->   Operation 115 'load' 'v560_load' <Predicate = true> <Delay = 3.25> <CoreInst = "RAM">   --->   Core 82 'RAM' <Latency = 1> <II = 1> <Delay = 3.25> <Storage> <Opcode : 'load' 'store'> <Ports = 2> <Width = 32> <Depth = 768> <RAM>

State 34 <SV = 33> <Delay = 7.25>
ST_34 : Operation 116 [1/1] (0.00ns)   --->   "%v335 = bitcast i32 %v560_load" [kernel.cpp:559]   --->   Operation 116 'bitcast' 'v335' <Predicate = true> <Delay = 0.00>
ST_34 : Operation 117 [5/5] (7.25ns)   --->   "%v336 = fadd i32 %v334, i32 %v335" [kernel.cpp:560]   --->   Operation 117 'fadd' 'v336' <Predicate = true> <Delay = 7.25> <CoreInst = "FAddSub_fulldsp">   --->   Core 18 'FAddSub_fulldsp' <Latency = 4> <II = 1> <Delay = 7.25> <FuncUnit> <Opcode : 'fadd' 'fsub'> <InPorts = 2> <OutPorts = 1>

State 35 <SV = 34> <Delay = 7.25>
ST_35 : Operation 118 [4/5] (7.25ns)   --->   "%v336 = fadd i32 %v334, i32 %v335" [kernel.cpp:560]   --->   Operation 118 'fadd' 'v336' <Predicate = true> <Delay = 7.25> <CoreInst = "FAddSub_fulldsp">   --->   Core 18 'FAddSub_fulldsp' <Latency = 4> <II = 1> <Delay = 7.25> <FuncUnit> <Opcode : 'fadd' 'fsub'> <InPorts = 2> <OutPorts = 1>

State 36 <SV = 35> <Delay = 7.25>
ST_36 : Operation 119 [3/5] (7.25ns)   --->   "%v336 = fadd i32 %v334, i32 %v335" [kernel.cpp:560]   --->   Operation 119 'fadd' 'v336' <Predicate = true> <Delay = 7.25> <CoreInst = "FAddSub_fulldsp">   --->   Core 18 'FAddSub_fulldsp' <Latency = 4> <II = 1> <Delay = 7.25> <FuncUnit> <Opcode : 'fadd' 'fsub'> <InPorts = 2> <OutPorts = 1>

State 37 <SV = 36> <Delay = 7.25>
ST_37 : Operation 120 [2/5] (7.25ns)   --->   "%v336 = fadd i32 %v334, i32 %v335" [kernel.cpp:560]   --->   Operation 120 'fadd' 'v336' <Predicate = true> <Delay = 7.25> <CoreInst = "FAddSub_fulldsp">   --->   Core 18 'FAddSub_fulldsp' <Latency = 4> <II = 1> <Delay = 7.25> <FuncUnit> <Opcode : 'fadd' 'fsub'> <InPorts = 2> <OutPorts = 1>

State 38 <SV = 37> <Delay = 7.25>
ST_38 : Operation 121 [1/5] (7.25ns)   --->   "%v336 = fadd i32 %v334, i32 %v335" [kernel.cpp:560]   --->   Operation 121 'fadd' 'v336' <Predicate = true> <Delay = 7.25> <CoreInst = "FAddSub_fulldsp">   --->   Core 18 'FAddSub_fulldsp' <Latency = 4> <II = 1> <Delay = 7.25> <FuncUnit> <Opcode : 'fadd' 'fsub'> <InPorts = 2> <OutPorts = 1>
ST_38 : Operation 129 [1/1] (0.00ns)   --->   "%ret_ln0 = ret"   --->   Operation 129 'ret' 'ret_ln0' <Predicate = (icmp_ln550)> <Delay = 0.00>

State 39 <SV = 38> <Delay = 3.25>
ST_39 : Operation 122 [1/1] (0.00ns)   --->   "%specloopname_ln0 = specloopname void @_ssdm_op_SpecLoopName, void @l_outp_to_float_bias_i27_l_j27_str"   --->   Operation 122 'specloopname' 'specloopname_ln0' <Predicate = true> <Delay = 0.00>
ST_39 : Operation 123 [1/1] (0.00ns)   --->   "%empty = speclooptripcount i32 @_ssdm_op_SpecLoopTripCount, i64 9216, i64 9216, i64 9216"   --->   Operation 123 'speclooptripcount' 'empty' <Predicate = true> <Delay = 0.00>
ST_39 : Operation 124 [1/1] (0.00ns)   --->   "%specpipeline_ln0 = specpipeline void @_ssdm_op_SpecPipeline, i32 4294967295, i32 0, i32 1, i32 0, void @p_str"   --->   Operation 124 'specpipeline' 'specpipeline_ln0' <Predicate = true> <Delay = 0.00>
ST_39 : Operation 125 [1/1] (0.00ns)   --->   "%v263_addr = getelementptr i32 %v263, i64 0, i64 %zext_ln561_2" [kernel.cpp:561]   --->   Operation 125 'getelementptr' 'v263_addr' <Predicate = true> <Delay = 0.00>
ST_39 : Operation 126 [1/1] (0.00ns)   --->   "%specloopname_ln551 = specloopname void @_ssdm_op_SpecLoopName, void @empty_41" [kernel.cpp:551]   --->   Operation 126 'specloopname' 'specloopname_ln551' <Predicate = true> <Delay = 0.00>
ST_39 : Operation 127 [1/1] (3.25ns)   --->   "%store_ln561 = store i32 %v336, i14 %v263_addr" [kernel.cpp:561]   --->   Operation 127 'store' 'store_ln561' <Predicate = true> <Delay = 3.25> <CoreInst = "RAM">   --->   Core 82 'RAM' <Latency = 1> <II = 1> <Delay = 3.25> <Storage> <Opcode : 'load' 'store'> <Ports = 2> <Width = 32> <Depth = 9216> <RAM>
ST_39 : Operation 128 [1/1] (0.00ns)   --->   "%br_ln551 = br void %for.inc283" [kernel.cpp:551]   --->   Operation 128 'br' 'br_ln551' <Predicate = true> <Delay = 0.00>


============================================================
+ Verbose Summary: Binding
============================================================
STG Binding: 
---------------- STG Properties BEGIN ----------------
- Is combinational: 0
- Is one-state seq: 0
- Is datapath-only: 0
- Is pipelined: 0
- Is top level: 0
Port [ Return ] is wired: 1; IO mode=ap_ctrl_hs:ce=0
Port [ max_inp1]:  wired=1; compound=1; hidden=0; nouse=0; global=0; static=0; extern=0; dir=0; type=1; pingpong=0; private_global=0; MemPort=[13]; IO mode=ap_memory:ce=0
Port [ v263]:  wired=1; compound=1; hidden=0; nouse=0; global=0; static=0; extern=0; dir=1; type=1; pingpong=0; private_global=0; MemPort=[03]; IO mode=ap_memory:ce=0
Port [ q_outp3]:  wired=1; compound=1; hidden=0; nouse=0; global=0; static=0; extern=0; dir=0; type=1; pingpong=0; private_global=0; MemPort=[13]; IO mode=ap_memory:ce=0
Port [ max_W1]:  wired=1; compound=1; hidden=0; nouse=0; global=0; static=0; extern=0; dir=0; type=1; pingpong=0; private_global=0; MemPort=[13]; IO mode=ap_memory:ce=0
Port [ v560]:  wired=1; compound=1; hidden=0; nouse=0; global=0; static=0; extern=0; dir=0; type=1; pingpong=0; private_global=0; MemPort=[13]; IO mode=ap_memory:ce=0
---------------- STG Properties END ------------------

---------------- Datapath Model BEGIN ----------------

<LifeTime>
<method=bitvector/>
j27                   (alloca           ) [ 0100000000000000000000000000000000000000]
i27                   (alloca           ) [ 0100000000000000000000000000000000000000]
indvar_flatten38      (alloca           ) [ 0100000000000000000000000000000000000000]
specinterface_ln0     (specinterface    ) [ 0000000000000000000000000000000000000000]
store_ln0             (store            ) [ 0000000000000000000000000000000000000000]
store_ln0             (store            ) [ 0000000000000000000000000000000000000000]
store_ln0             (store            ) [ 0000000000000000000000000000000000000000]
br_ln0                (br               ) [ 0000000000000000000000000000000000000000]
indvar_flatten38_load (load             ) [ 0000000000000000000000000000000000000000]
specpipeline_ln0      (specpipeline     ) [ 0000000000000000000000000000000000000000]
icmp_ln550            (icmp             ) [ 0111111111111111111111111111111111111110]
add_ln550_1           (add              ) [ 0000000000000000000000000000000000000000]
br_ln550              (br               ) [ 0000000000000000000000000000000000000000]
j27_load              (load             ) [ 0000000000000000000000000000000000000000]
i27_load              (load             ) [ 0000000000000000000000000000000000000000]
add_ln550             (add              ) [ 0000000000000000000000000000000000000000]
icmp_ln551            (icmp             ) [ 0000000000000000000000000000000000000000]
select_ln550          (select           ) [ 0111111111111000000000000000000000000000]
select_ln550_2        (select           ) [ 0111111110000000000000000000000000000000]
add_ln551             (add              ) [ 0000000000000000000000000000000000000000]
store_ln551           (store            ) [ 0000000000000000000000000000000000000000]
store_ln551           (store            ) [ 0000000000000000000000000000000000000000]
store_ln551           (store            ) [ 0000000000000000000000000000000000000000]
p_shl                 (bitconcatenate   ) [ 0000000000000000000000000000000000000000]
tmp                   (bitconcatenate   ) [ 0000000000000000000000000000000000000000]
zext_ln561            (zext             ) [ 0000000000000000000000000000000000000000]
sub_ln561             (sub              ) [ 0000000000000000000000000000000000000000]
zext_ln561_1          (zext             ) [ 0000000000000000000000000000000000000000]
add_ln561             (add              ) [ 0000000000000000000000000000000000000000]
zext_ln561_2          (zext             ) [ 0101111111111111111111111111111111111111]
q_outp3_addr          (getelementptr    ) [ 0101000000000000000000000000000000000000]
v328                  (load             ) [ 0100111111000000000000000000000000000000]
zext_ln550            (zext             ) [ 0000000000000000000000000000000000000000]
max_inp1_addr         (getelementptr    ) [ 0100000001000000000000000000000000000000]
max_inp1_load         (load             ) [ 0100000000111100000000000000000000000000]
v330                  (sitofp           ) [ 0100000000111100000000000000000000000000]
j27_cast              (zext             ) [ 0100000000000111111111111111111110000000]
max_W1_addr           (getelementptr    ) [ 0100000000000100000000000000000000000000]
v331                  (fmul             ) [ 0100000000000011110000000000000000000000]
v332                  (load             ) [ 0100000000000011110000000000000000000000]
v333                  (fmul             ) [ 0100000000000000001111111111111111000000]
v560_addr             (getelementptr    ) [ 0100000000000000000000000000000001000000]
v334                  (fdiv             ) [ 0100000000000000000000000000000000111110]
v560_load             (load             ) [ 0100000000000000000000000000000000100000]
v335                  (bitcast          ) [ 0100000000000000000000000000000000011110]
v336                  (fadd             ) [ 0100000000000000000000000000000000000001]
specloopname_ln0      (specloopname     ) [ 0000000000000000000000000000000000000000]
empty                 (speclooptripcount) [ 0000000000000000000000000000000000000000]
specpipeline_ln0      (specpipeline     ) [ 0000000000000000000000000000000000000000]
v263_addr             (getelementptr    ) [ 0000000000000000000000000000000000000000]
specloopname_ln551    (specloopname     ) [ 0000000000000000000000000000000000000000]
store_ln561           (store            ) [ 0000000000000000000000000000000000000000]
br_ln551              (br               ) [ 0000000000000000000000000000000000000000]
ret_ln0               (ret              ) [ 0000000000000000000000000000000000000000]
</LifeTime>

<model>

<comp_list>
<comp id="0" class="1000" name="max_inp1">
<pin_list>
<pin id="1" dir="1" index="0" bw="1" slack="0"/>
</pin_list>
<bind>
<StgValue><ssdm name="max_inp1"/><MemPortTyVec>1 3 </MemPortTyVec>
</StgValue>
</bind>
</comp>

<comp id="2" class="1000" name="v263">
<pin_list>
<pin id="3" dir="1" index="0" bw="1" slack="0"/>
</pin_list>
<bind>
<StgValue><ssdm name="v263"/><MemPortTyVec>0 3 </MemPortTyVec>
</StgValue>
</bind>
</comp>

<comp id="4" class="1000" name="q_outp3">
<pin_list>
<pin id="5" dir="1" index="0" bw="1" slack="0"/>
</pin_list>
<bind>
<StgValue><ssdm name="q_outp3"/><MemPortTyVec>1 3 </MemPortTyVec>
</StgValue>
</bind>
</comp>

<comp id="6" class="1000" name="max_W1">
<pin_list>
<pin id="7" dir="1" index="0" bw="1" slack="0"/>
</pin_list>
<bind>
<StgValue><ssdm name="max_W1"/><MemPortTyVec>1 3 </MemPortTyVec>
</StgValue>
</bind>
</comp>

<comp id="8" class="1000" name="v560">
<pin_list>
<pin id="9" dir="1" index="0" bw="1" slack="0"/>
</pin_list>
<bind>
<StgValue><ssdm name="v560"/><MemPortTyVec>1 3 </MemPortTyVec>
</StgValue>
</bind>
</comp>

<comp id="10" class="1001" name="const_10">
<pin_list>
<pin id="11" dir="1" index="0" bw="1" slack="0"/>
</pin_list>
<bind>
<StgValue><ssdm name=""/></StgValue>
</bind>
</comp>

<comp id="12" class="1001" name="const_12">
<pin_list>
<pin id="13" dir="1" index="0" bw="1" slack="2147483647"/>
</pin_list>
<bind>
<StgValue><ssdm name="_ssdm_op_SpecInterface"/></StgValue>
</bind>
</comp>

<comp id="14" class="1001" name="const_14">
<pin_list>
<pin id="15" dir="1" index="0" bw="1" slack="2147483647"/>
</pin_list>
<bind>
<StgValue><ssdm name="empty"/></StgValue>
</bind>
</comp>

<comp id="16" class="1001" name="const_16">
<pin_list>
<pin id="17" dir="1" index="0" bw="1" slack="2147483647"/>
</pin_list>
<bind>
<StgValue><ssdm name=""/></StgValue>
</bind>
</comp>

<comp id="18" class="1001" name="const_18">
<pin_list>
<pin id="19" dir="1" index="0" bw="1" slack="2147483647"/>
</pin_list>
<bind>
<StgValue><ssdm name="empty_0"/></StgValue>
</bind>
</comp>

<comp id="20" class="1001" name="const_20">
<pin_list>
<pin id="21" dir="1" index="0" bw="1" slack="2147483647"/>
</pin_list>
<bind>
<StgValue><ssdm name=""/></StgValue>
</bind>
</comp>

<comp id="22" class="1001" name="const_22">
<pin_list>
<pin id="23" dir="1" index="0" bw="1" slack="0"/>
</pin_list>
<bind>
<StgValue><ssdm name=""/></StgValue>
</bind>
</comp>

<comp id="24" class="1001" name="const_24">
<pin_list>
<pin id="25" dir="1" index="0" bw="1" slack="0"/>
</pin_list>
<bind>
<StgValue><ssdm name=""/></StgValue>
</bind>
</comp>

<comp id="26" class="1001" name="const_26">
<pin_list>
<pin id="27" dir="1" index="0" bw="1" slack="0"/>
</pin_list>
<bind>
<StgValue><ssdm name=""/></StgValue>
</bind>
</comp>

<comp id="28" class="1001" name="const_28">
<pin_list>
<pin id="29" dir="1" index="0" bw="1" slack="2147483647"/>
</pin_list>
<bind>
<StgValue><ssdm name="_ssdm_op_SpecPipeline"/></StgValue>
</bind>
</comp>

<comp id="30" class="1001" name="const_30">
<pin_list>
<pin id="31" dir="1" index="0" bw="1" slack="2147483647"/>
</pin_list>
<bind>
<StgValue><ssdm name="p_str"/></StgValue>
</bind>
</comp>

<comp id="32" class="1001" name="const_32">
<pin_list>
<pin id="33" dir="1" index="0" bw="1" slack="0"/>
</pin_list>
<bind>
<StgValue><ssdm name=""/></StgValue>
</bind>
</comp>

<comp id="34" class="1001" name="const_34">
<pin_list>
<pin id="35" dir="1" index="0" bw="1" slack="0"/>
</pin_list>
<bind>
<StgValue><ssdm name=""/></StgValue>
</bind>
</comp>

<comp id="36" class="1001" name="const_36">
<pin_list>
<pin id="37" dir="1" index="0" bw="1" slack="0"/>
</pin_list>
<bind>
<StgValue><ssdm name=""/></StgValue>
</bind>
</comp>

<comp id="38" class="1001" name="const_38">
<pin_list>
<pin id="39" dir="1" index="0" bw="1" slack="0"/>
</pin_list>
<bind>
<StgValue><ssdm name=""/></StgValue>
</bind>
</comp>

<comp id="40" class="1001" name="const_40">
<pin_list>
<pin id="41" dir="1" index="0" bw="1" slack="0"/>
</pin_list>
<bind>
<StgValue><ssdm name=""/></StgValue>
</bind>
</comp>

<comp id="42" class="1001" name="const_42">
<pin_list>
<pin id="43" dir="1" index="0" bw="1" slack="0"/>
</pin_list>
<bind>
<StgValue><ssdm name="_ssdm_op_BitConcatenate.i14.i4.i10"/></StgValue>
</bind>
</comp>

<comp id="44" class="1001" name="const_44">
<pin_list>
<pin id="45" dir="1" index="0" bw="1" slack="0"/>
</pin_list>
<bind>
<StgValue><ssdm name="_ssdm_op_BitConcatenate.i12.i4.i8"/></StgValue>
</bind>
</comp>

<comp id="46" class="1001" name="const_46">
<pin_list>
<pin id="47" dir="1" index="0" bw="1" slack="0"/>
</pin_list>
<bind>
<StgValue><ssdm name=""/></StgValue>
</bind>
</comp>

<comp id="48" class="1001" name="const_48">
<pin_list>
<pin id="49" dir="1" index="0" bw="1" slack="0"/>
</pin_list>
<bind>
<StgValue><ssdm name=""/></StgValue>
</bind>
</comp>

<comp id="50" class="1001" name="const_50">
<pin_list>
<pin id="51" dir="1" index="0" bw="1" slack="0"/>
</pin_list>
<bind>
<StgValue><ssdm name=""/></StgValue>
</bind>
</comp>

<comp id="52" class="1001" name="const_52">
<pin_list>
<pin id="53" dir="1" index="0" bw="1" slack="2147483647"/>
</pin_list>
<bind>
<StgValue><ssdm name="_ssdm_op_SpecLoopName"/></StgValue>
</bind>
</comp>

<comp id="54" class="1001" name="const_54">
<pin_list>
<pin id="55" dir="1" index="0" bw="1" slack="2147483647"/>
</pin_list>
<bind>
<StgValue><ssdm name="l_outp_to_float_bias_i27_l_j27_str"/></StgValue>
</bind>
</comp>

<comp id="56" class="1001" name="const_56">
<pin_list>
<pin id="57" dir="1" index="0" bw="1" slack="2147483647"/>
</pin_list>
<bind>
<StgValue><ssdm name="_ssdm_op_SpecLoopTripCount"/></StgValue>
</bind>
</comp>

<comp id="58" class="1001" name="const_58">
<pin_list>
<pin id="59" dir="1" index="0" bw="1" slack="2147483647"/>
</pin_list>
<bind>
<StgValue><ssdm name=""/></StgValue>
</bind>
</comp>

<comp id="60" class="1001" name="const_60">
<pin_list>
<pin id="61" dir="1" index="0" bw="1" slack="2147483647"/>
</pin_list>
<bind>
<StgValue><ssdm name="empty_41"/></StgValue>
</bind>
</comp>

<comp id="62" class="1004" name="j27_fu_62">
<pin_list>
<pin id="63" dir="0" index="0" bw="1" slack="0"/>
<pin id="64" dir="1" index="1" bw="10" slack="0"/>
</pin_list>
<bind>
<opcode="alloca(26) " fcode="alloca"/>
<opset="j27/1 "/>
</bind>
</comp>

<comp id="66" class="1004" name="i27_fu_66">
<pin_list>
<pin id="67" dir="0" index="0" bw="1" slack="0"/>
<pin id="68" dir="1" index="1" bw="4" slack="0"/>
</pin_list>
<bind>
<opcode="alloca(26) " fcode="alloca"/>
<opset="i27/1 "/>
</bind>
</comp>

<comp id="70" class="1004" name="indvar_flatten38_fu_70">
<pin_list>
<pin id="71" dir="0" index="0" bw="1" slack="0"/>
<pin id="72" dir="1" index="1" bw="14" slack="0"/>
</pin_list>
<bind>
<opcode="alloca(26) " fcode="alloca"/>
<opset="indvar_flatten38/1 "/>
</bind>
</comp>

<comp id="74" class="1004" name="q_outp3_addr_gep_fu_74">
<pin_list>
<pin id="75" dir="0" index="0" bw="32" slack="0"/>
<pin id="76" dir="0" index="1" bw="1" slack="0"/>
<pin id="77" dir="0" index="2" bw="14" slack="0"/>
<pin id="78" dir="1" index="3" bw="14" slack="0"/>
</pin_list>
<bind>
<opcode="getelementptr(29) " fcode="getelementptr"/>
<opset="q_outp3_addr/2 "/>
</bind>
</comp>

<comp id="81" class="1004" name="grp_access_fu_81">
<pin_list>
<pin id="82" dir="0" index="0" bw="14" slack="0"/>
<pin id="83" dir="0" index="1" bw="32" slack="2147483647"/>
<pin id="84" dir="0" index="2" bw="0" slack="2147483647"/>
<pin id="85" dir="1" index="3" bw="32" slack="1"/>
</pin_list>
<bind>
<opcode="load(27) " fcode="load"/>
<opset="v328/2 "/>
</bind>
</comp>

<comp id="87" class="1004" name="max_inp1_addr_gep_fu_87">
<pin_list>
<pin id="88" dir="0" index="0" bw="32" slack="0"/>
<pin id="89" dir="0" index="1" bw="1" slack="0"/>
<pin id="90" dir="0" index="2" bw="4" slack="0"/>
<pin id="91" dir="1" index="3" bw="4" slack="0"/>
</pin_list>
<bind>
<opcode="getelementptr(29) " fcode="getelementptr"/>
<opset="max_inp1_addr/8 "/>
</bind>
</comp>

<comp id="94" class="1004" name="grp_access_fu_94">
<pin_list>
<pin id="95" dir="0" index="0" bw="4" slack="0"/>
<pin id="96" dir="0" index="1" bw="32" slack="2147483647"/>
<pin id="97" dir="0" index="2" bw="0" slack="2147483647"/>
<pin id="98" dir="1" index="3" bw="32" slack="1"/>
</pin_list>
<bind>
<opcode="load(27) " fcode="load"/>
<opset="max_inp1_load/8 "/>
</bind>
</comp>

<comp id="100" class="1004" name="max_W1_addr_gep_fu_100">
<pin_list>
<pin id="101" dir="0" index="0" bw="32" slack="0"/>
<pin id="102" dir="0" index="1" bw="1" slack="0"/>
<pin id="103" dir="0" index="2" bw="10" slack="0"/>
<pin id="104" dir="1" index="3" bw="10" slack="0"/>
</pin_list>
<bind>
<opcode="getelementptr(29) " fcode="getelementptr"/>
<opset="max_W1_addr/12 "/>
</bind>
</comp>

<comp id="107" class="1004" name="grp_access_fu_107">
<pin_list>
<pin id="108" dir="0" index="0" bw="10" slack="0"/>
<pin id="109" dir="0" index="1" bw="32" slack="2147483647"/>
<pin id="110" dir="0" index="2" bw="0" slack="2147483647"/>
<pin id="111" dir="1" index="3" bw="32" slack="1"/>
</pin_list>
<bind>
<opcode="load(27) " fcode="load"/>
<opset="v332/12 "/>
</bind>
</comp>

<comp id="113" class="1004" name="v560_addr_gep_fu_113">
<pin_list>
<pin id="114" dir="0" index="0" bw="32" slack="0"/>
<pin id="115" dir="0" index="1" bw="1" slack="0"/>
<pin id="116" dir="0" index="2" bw="10" slack="20"/>
<pin id="117" dir="1" index="3" bw="10" slack="0"/>
</pin_list>
<bind>
<opcode="getelementptr(29) " fcode="getelementptr"/>
<opset="v560_addr/32 "/>
</bind>
</comp>

<comp id="120" class="1004" name="grp_access_fu_120">
<pin_list>
<pin id="121" dir="0" index="0" bw="10" slack="0"/>
<pin id="122" dir="0" index="1" bw="32" slack="2147483647"/>
<pin id="123" dir="0" index="2" bw="0" slack="2147483647"/>
<pin id="124" dir="1" index="3" bw="32" slack="1"/>
</pin_list>
<bind>
<opcode="load(27) " fcode="load"/>
<opset="v560_load/32 "/>
</bind>
</comp>

<comp id="126" class="1004" name="v263_addr_gep_fu_126">
<pin_list>
<pin id="127" dir="0" index="0" bw="32" slack="0"/>
<pin id="128" dir="0" index="1" bw="1" slack="0"/>
<pin id="129" dir="0" index="2" bw="14" slack="37"/>
<pin id="130" dir="1" index="3" bw="14" slack="0"/>
</pin_list>
<bind>
<opcode="getelementptr(29) " fcode="getelementptr"/>
<opset="v263_addr/39 "/>
</bind>
</comp>

<comp id="133" class="1004" name="store_ln561_access_fu_133">
<pin_list>
<pin id="134" dir="0" index="0" bw="14" slack="0"/>
<pin id="135" dir="0" index="1" bw="32" slack="1"/>
<pin id="136" dir="0" index="2" bw="0" slack="2147483647"/>
<pin id="137" dir="1" index="3" bw="32" slack="2147483647"/>
</pin_list>
<bind>
<opcode="store(28) " fcode="store"/>
<opset="store_ln561/39 "/>
</bind>
</comp>

<comp id="139" class="1004" name="grp_fu_139">
<pin_list>
<pin id="140" dir="0" index="0" bw="32" slack="1"/>
<pin id="141" dir="0" index="1" bw="32" slack="0"/>
<pin id="142" dir="1" index="2" bw="32" slack="1"/>
</pin_list>
<bind>
<opcode="fadd(9) " fcode="fadd"/>
<opset="v336/34 "/>
</bind>
</comp>

<comp id="143" class="1004" name="grp_fu_143">
<pin_list>
<pin id="144" dir="0" index="0" bw="32" slack="1"/>
<pin id="145" dir="0" index="1" bw="32" slack="1"/>
<pin id="146" dir="1" index="2" bw="32" slack="1"/>
</pin_list>
<bind>
<opcode="fmul(13) " fcode="fmul"/>
<opset="v331/10 "/>
</bind>
</comp>

<comp id="147" class="1004" name="grp_fu_147">
<pin_list>
<pin id="148" dir="0" index="0" bw="32" slack="1"/>
<pin id="149" dir="0" index="1" bw="32" slack="1"/>
<pin id="150" dir="1" index="2" bw="32" slack="1"/>
</pin_list>
<bind>
<opcode="fmul(13) " fcode="fmul"/>
<opset="v333/14 "/>
</bind>
</comp>

<comp id="151" class="1004" name="grp_fu_151">
<pin_list>
<pin id="152" dir="0" index="0" bw="32" slack="1"/>
<pin id="153" dir="0" index="1" bw="32" slack="0"/>
<pin id="154" dir="1" index="2" bw="32" slack="1"/>
</pin_list>
<bind>
<opcode="fdiv(16) " fcode="fdiv"/>
<opset="v334/18 "/>
</bind>
</comp>

<comp id="156" class="1004" name="grp_fu_156">
<pin_list>
<pin id="157" dir="0" index="0" bw="32" slack="1"/>
<pin id="158" dir="1" index="1" bw="32" slack="1"/>
</pin_list>
<bind>
<opcode="sitofp(39) " fcode="sitofp"/>
<opset="v330/4 "/>
</bind>
</comp>

<comp id="159" class="1004" name="store_ln0_store_fu_159">
<pin_list>
<pin id="160" dir="0" index="0" bw="1" slack="0"/>
<pin id="161" dir="0" index="1" bw="14" slack="0"/>
<pin id="162" dir="1" index="2" bw="0" slack="2147483647"/>
</pin_list>
<bind>
<opcode="store(28) " fcode="store"/>
<opset="store_ln0/1 "/>
</bind>
</comp>

<comp id="164" class="1004" name="store_ln0_store_fu_164">
<pin_list>
<pin id="165" dir="0" index="0" bw="1" slack="0"/>
<pin id="166" dir="0" index="1" bw="4" slack="0"/>
<pin id="167" dir="1" index="2" bw="0" slack="2147483647"/>
</pin_list>
<bind>
<opcode="store(28) " fcode="store"/>
<opset="store_ln0/1 "/>
</bind>
</comp>

<comp id="169" class="1004" name="store_ln0_store_fu_169">
<pin_list>
<pin id="170" dir="0" index="0" bw="1" slack="0"/>
<pin id="171" dir="0" index="1" bw="10" slack="0"/>
<pin id="172" dir="1" index="2" bw="0" slack="2147483647"/>
</pin_list>
<bind>
<opcode="store(28) " fcode="store"/>
<opset="store_ln0/1 "/>
</bind>
</comp>

<comp id="174" class="1004" name="indvar_flatten38_load_load_fu_174">
<pin_list>
<pin id="175" dir="0" index="0" bw="14" slack="0"/>
<pin id="176" dir="1" index="1" bw="14" slack="0"/>
</pin_list>
<bind>
<opcode="load(27) " fcode="load"/>
<opset="indvar_flatten38_load/1 "/>
</bind>
</comp>

<comp id="177" class="1004" name="icmp_ln550_fu_177">
<pin_list>
<pin id="178" dir="0" index="0" bw="14" slack="0"/>
<pin id="179" dir="0" index="1" bw="14" slack="0"/>
<pin id="180" dir="1" index="2" bw="1" slack="37"/>
</pin_list>
<bind>
<opcode="icmp(45) " fcode="icmp"/>
<opset="icmp_ln550/1 "/>
</bind>
</comp>

<comp id="183" class="1004" name="add_ln550_1_fu_183">
<pin_list>
<pin id="184" dir="0" index="0" bw="14" slack="0"/>
<pin id="185" dir="0" index="1" bw="1" slack="0"/>
<pin id="186" dir="1" index="2" bw="14" slack="0"/>
</pin_list>
<bind>
<opcode="add(8) " fcode="add"/>
<opset="add_ln550_1/1 "/>
</bind>
</comp>

<comp id="189" class="1004" name="j27_load_load_fu_189">
<pin_list>
<pin id="190" dir="0" index="0" bw="10" slack="0"/>
<pin id="191" dir="1" index="1" bw="10" slack="0"/>
</pin_list>
<bind>
<opcode="load(27) " fcode="load"/>
<opset="j27_load/1 "/>
</bind>
</comp>

<comp id="192" class="1004" name="i27_load_load_fu_192">
<pin_list>
<pin id="193" dir="0" index="0" bw="4" slack="0"/>
<pin id="194" dir="1" index="1" bw="4" slack="0"/>
</pin_list>
<bind>
<opcode="load(27) " fcode="load"/>
<opset="i27_load/1 "/>
</bind>
</comp>

<comp id="195" class="1004" name="add_ln550_fu_195">
<pin_list>
<pin id="196" dir="0" index="0" bw="4" slack="0"/>
<pin id="197" dir="0" index="1" bw="1" slack="0"/>
<pin id="198" dir="1" index="2" bw="4" slack="0"/>
</pin_list>
<bind>
<opcode="add(8) " fcode="add"/>
<opset="add_ln550/1 "/>
</bind>
</comp>

<comp id="201" class="1004" name="icmp_ln551_fu_201">
<pin_list>
<pin id="202" dir="0" index="0" bw="10" slack="0"/>
<pin id="203" dir="0" index="1" bw="9" slack="0"/>
<pin id="204" dir="1" index="2" bw="1" slack="0"/>
</pin_list>
<bind>
<opcode="icmp(45) " fcode="icmp"/>
<opset="icmp_ln551/1 "/>
</bind>
</comp>

<comp id="207" class="1004" name="select_ln550_fu_207">
<pin_list>
<pin id="208" dir="0" index="0" bw="1" slack="0"/>
<pin id="209" dir="0" index="1" bw="1" slack="0"/>
<pin id="210" dir="0" index="2" bw="10" slack="0"/>
<pin id="211" dir="1" index="3" bw="10" slack="0"/>
</pin_list>
<bind>
<opcode="select(49) " fcode="select"/>
<opset="select_ln550/1 "/>
</bind>
</comp>

<comp id="215" class="1004" name="select_ln550_2_fu_215">
<pin_list>
<pin id="216" dir="0" index="0" bw="1" slack="0"/>
<pin id="217" dir="0" index="1" bw="4" slack="0"/>
<pin id="218" dir="0" index="2" bw="4" slack="0"/>
<pin id="219" dir="1" index="3" bw="4" slack="0"/>
</pin_list>
<bind>
<opcode="select(49) " fcode="select"/>
<opset="select_ln550_2/1 "/>
</bind>
</comp>

<comp id="223" class="1004" name="add_ln551_fu_223">
<pin_list>
<pin id="224" dir="0" index="0" bw="10" slack="0"/>
<pin id="225" dir="0" index="1" bw="1" slack="0"/>
<pin id="226" dir="1" index="2" bw="10" slack="0"/>
</pin_list>
<bind>
<opcode="add(8) " fcode="add"/>
<opset="add_ln551/1 "/>
</bind>
</comp>

<comp id="229" class="1004" name="store_ln551_store_fu_229">
<pin_list>
<pin id="230" dir="0" index="0" bw="14" slack="0"/>
<pin id="231" dir="0" index="1" bw="14" slack="0"/>
<pin id="232" dir="1" index="2" bw="0" slack="2147483647"/>
</pin_list>
<bind>
<opcode="store(28) " fcode="store"/>
<opset="store_ln551/1 "/>
</bind>
</comp>

<comp id="234" class="1004" name="store_ln551_store_fu_234">
<pin_list>
<pin id="235" dir="0" index="0" bw="4" slack="0"/>
<pin id="236" dir="0" index="1" bw="4" slack="0"/>
<pin id="237" dir="1" index="2" bw="0" slack="2147483647"/>
</pin_list>
<bind>
<opcode="store(28) " fcode="store"/>
<opset="store_ln551/1 "/>
</bind>
</comp>

<comp id="239" class="1004" name="store_ln551_store_fu_239">
<pin_list>
<pin id="240" dir="0" index="0" bw="10" slack="0"/>
<pin id="241" dir="0" index="1" bw="10" slack="0"/>
<pin id="242" dir="1" index="2" bw="0" slack="2147483647"/>
</pin_list>
<bind>
<opcode="store(28) " fcode="store"/>
<opset="store_ln551/1 "/>
</bind>
</comp>

<comp id="244" class="1004" name="p_shl_fu_244">
<pin_list>
<pin id="245" dir="0" index="0" bw="14" slack="0"/>
<pin id="246" dir="0" index="1" bw="4" slack="1"/>
<pin id="247" dir="0" index="2" bw="1" slack="0"/>
<pin id="248" dir="1" index="3" bw="14" slack="0"/>
</pin_list>
<bind>
<opcode="bitconcatenate(1004) " fcode="bitconcatenate"/>
<opset="p_shl/2 "/>
</bind>
</comp>

<comp id="251" class="1004" name="tmp_fu_251">
<pin_list>
<pin id="252" dir="0" index="0" bw="12" slack="0"/>
<pin id="253" dir="0" index="1" bw="4" slack="1"/>
<pin id="254" dir="0" index="2" bw="1" slack="0"/>
<pin id="255" dir="1" index="3" bw="12" slack="0"/>
</pin_list>
<bind>
<opcode="bitconcatenate(1004) " fcode="bitconcatenate"/>
<opset="tmp/2 "/>
</bind>
</comp>

<comp id="258" class="1004" name="zext_ln561_fu_258">
<pin_list>
<pin id="259" dir="0" index="0" bw="12" slack="0"/>
<pin id="260" dir="1" index="1" bw="14" slack="0"/>
</pin_list>
<bind>
<opcode="zext(34) " fcode="zext"/>
<opset="zext_ln561/2 "/>
</bind>
</comp>

<comp id="262" class="1004" name="sub_ln561_fu_262">
<pin_list>
<pin id="263" dir="0" index="0" bw="14" slack="0"/>
<pin id="264" dir="0" index="1" bw="12" slack="0"/>
<pin id="265" dir="1" index="2" bw="14" slack="0"/>
</pin_list>
<bind>
<opcode="sub(10) " fcode="sub"/>
<opset="sub_ln561/2 "/>
</bind>
</comp>

<comp id="268" class="1004" name="zext_ln561_1_fu_268">
<pin_list>
<pin id="269" dir="0" index="0" bw="10" slack="1"/>
<pin id="270" dir="1" index="1" bw="14" slack="0"/>
</pin_list>
<bind>
<opcode="zext(34) " fcode="zext"/>
<opset="zext_ln561_1/2 "/>
</bind>
</comp>

<comp id="271" class="1004" name="add_ln561_fu_271">
<pin_list>
<pin id="272" dir="0" index="0" bw="14" slack="0"/>
<pin id="273" dir="0" index="1" bw="10" slack="0"/>
<pin id="274" dir="1" index="2" bw="14" slack="0"/>
</pin_list>
<bind>
<opcode="add(8) " fcode="add"/>
<opset="add_ln561/2 "/>
</bind>
</comp>

<comp id="277" class="1004" name="zext_ln561_2_fu_277">
<pin_list>
<pin id="278" dir="0" index="0" bw="14" slack="0"/>
<pin id="279" dir="1" index="1" bw="64" slack="0"/>
</pin_list>
<bind>
<opcode="zext(34) " fcode="zext"/>
<opset="zext_ln561_2/2 "/>
</bind>
</comp>

<comp id="282" class="1004" name="zext_ln550_fu_282">
<pin_list>
<pin id="283" dir="0" index="0" bw="4" slack="7"/>
<pin id="284" dir="1" index="1" bw="64" slack="0"/>
</pin_list>
<bind>
<opcode="zext(34) " fcode="zext"/>
<opset="zext_ln550/8 "/>
</bind>
</comp>

<comp id="286" class="1004" name="j27_cast_fu_286">
<pin_list>
<pin id="287" dir="0" index="0" bw="10" slack="11"/>
<pin id="288" dir="1" index="1" bw="64" slack="0"/>
</pin_list>
<bind>
<opcode="zext(34) " fcode="zext"/>
<opset="j27_cast/12 "/>
</bind>
</comp>

<comp id="290" class="1004" name="v335_fu_290">
<pin_list>
<pin id="291" dir="0" index="0" bw="32" slack="1"/>
<pin id="292" dir="1" index="1" bw="32" slack="0"/>
</pin_list>
<bind>
<opcode="bitcast(44) " fcode="bitcast"/>
<opset="v335/34 "/>
</bind>
</comp>

<comp id="294" class="1005" name="j27_reg_294">
<pin_list>
<pin id="295" dir="0" index="0" bw="10" slack="0"/>
<pin id="296" dir="1" index="1" bw="10" slack="0"/>
</pin_list>
<bind>
<opset="j27 "/>
</bind>
</comp>

<comp id="301" class="1005" name="i27_reg_301">
<pin_list>
<pin id="302" dir="0" index="0" bw="4" slack="0"/>
<pin id="303" dir="1" index="1" bw="4" slack="0"/>
</pin_list>
<bind>
<opset="i27 "/>
</bind>
</comp>

<comp id="308" class="1005" name="indvar_flatten38_reg_308">
<pin_list>
<pin id="309" dir="0" index="0" bw="14" slack="0"/>
<pin id="310" dir="1" index="1" bw="14" slack="0"/>
</pin_list>
<bind>
<opset="indvar_flatten38 "/>
</bind>
</comp>

<comp id="315" class="1005" name="icmp_ln550_reg_315">
<pin_list>
<pin id="316" dir="0" index="0" bw="1" slack="37"/>
<pin id="317" dir="1" index="1" bw="1" slack="2147483647"/>
</pin_list>
<bind>
<opset="icmp_ln550 "/>
</bind>
</comp>

<comp id="319" class="1005" name="select_ln550_reg_319">
<pin_list>
<pin id="320" dir="0" index="0" bw="10" slack="1"/>
<pin id="321" dir="1" index="1" bw="10" slack="1"/>
</pin_list>
<bind>
<opset="select_ln550 "/>
</bind>
</comp>

<comp id="325" class="1005" name="select_ln550_2_reg_325">
<pin_list>
<pin id="326" dir="0" index="0" bw="4" slack="1"/>
<pin id="327" dir="1" index="1" bw="4" slack="1"/>
</pin_list>
<bind>
<opset="select_ln550_2 "/>
</bind>
</comp>

<comp id="332" class="1005" name="zext_ln561_2_reg_332">
<pin_list>
<pin id="333" dir="0" index="0" bw="64" slack="37"/>
<pin id="334" dir="1" index="1" bw="64" slack="37"/>
</pin_list>
<bind>
<opset="zext_ln561_2 "/>
</bind>
</comp>

<comp id="337" class="1005" name="q_outp3_addr_reg_337">
<pin_list>
<pin id="338" dir="0" index="0" bw="14" slack="1"/>
<pin id="339" dir="1" index="1" bw="14" slack="1"/>
</pin_list>
<bind>
<opset="q_outp3_addr "/>
</bind>
</comp>

<comp id="342" class="1005" name="v328_reg_342">
<pin_list>
<pin id="343" dir="0" index="0" bw="32" slack="1"/>
<pin id="344" dir="1" index="1" bw="32" slack="1"/>
</pin_list>
<bind>
<opset="v328 "/>
</bind>
</comp>

<comp id="347" class="1005" name="max_inp1_addr_reg_347">
<pin_list>
<pin id="348" dir="0" index="0" bw="4" slack="1"/>
<pin id="349" dir="1" index="1" bw="4" slack="1"/>
</pin_list>
<bind>
<opset="max_inp1_addr "/>
</bind>
</comp>

<comp id="352" class="1005" name="max_inp1_load_reg_352">
<pin_list>
<pin id="353" dir="0" index="0" bw="32" slack="1"/>
<pin id="354" dir="1" index="1" bw="32" slack="1"/>
</pin_list>
<bind>
<opset="max_inp1_load "/>
</bind>
</comp>

<comp id="357" class="1005" name="v330_reg_357">
<pin_list>
<pin id="358" dir="0" index="0" bw="32" slack="1"/>
<pin id="359" dir="1" index="1" bw="32" slack="1"/>
</pin_list>
<bind>
<opset="v330 "/>
</bind>
</comp>

<comp id="362" class="1005" name="j27_cast_reg_362">
<pin_list>
<pin id="363" dir="0" index="0" bw="64" slack="20"/>
<pin id="364" dir="1" index="1" bw="64" slack="20"/>
</pin_list>
<bind>
<opset="j27_cast "/>
</bind>
</comp>

<comp id="367" class="1005" name="max_W1_addr_reg_367">
<pin_list>
<pin id="368" dir="0" index="0" bw="10" slack="1"/>
<pin id="369" dir="1" index="1" bw="10" slack="1"/>
</pin_list>
<bind>
<opset="max_W1_addr "/>
</bind>
</comp>

<comp id="372" class="1005" name="v331_reg_372">
<pin_list>
<pin id="373" dir="0" index="0" bw="32" slack="1"/>
<pin id="374" dir="1" index="1" bw="32" slack="1"/>
</pin_list>
<bind>
<opset="v331 "/>
</bind>
</comp>

<comp id="377" class="1005" name="v332_reg_377">
<pin_list>
<pin id="378" dir="0" index="0" bw="32" slack="1"/>
<pin id="379" dir="1" index="1" bw="32" slack="1"/>
</pin_list>
<bind>
<opset="v332 "/>
</bind>
</comp>

<comp id="382" class="1005" name="v333_reg_382">
<pin_list>
<pin id="383" dir="0" index="0" bw="32" slack="1"/>
<pin id="384" dir="1" index="1" bw="32" slack="1"/>
</pin_list>
<bind>
<opset="v333 "/>
</bind>
</comp>

<comp id="387" class="1005" name="v560_addr_reg_387">
<pin_list>
<pin id="388" dir="0" index="0" bw="10" slack="1"/>
<pin id="389" dir="1" index="1" bw="10" slack="1"/>
</pin_list>
<bind>
<opset="v560_addr "/>
</bind>
</comp>

<comp id="392" class="1005" name="v334_reg_392">
<pin_list>
<pin id="393" dir="0" index="0" bw="32" slack="1"/>
<pin id="394" dir="1" index="1" bw="32" slack="1"/>
</pin_list>
<bind>
<opset="v334 "/>
</bind>
</comp>

<comp id="397" class="1005" name="v560_load_reg_397">
<pin_list>
<pin id="398" dir="0" index="0" bw="32" slack="1"/>
<pin id="399" dir="1" index="1" bw="32" slack="1"/>
</pin_list>
<bind>
<opset="v560_load "/>
</bind>
</comp>

<comp id="402" class="1005" name="v335_reg_402">
<pin_list>
<pin id="403" dir="0" index="0" bw="32" slack="1"/>
<pin id="404" dir="1" index="1" bw="32" slack="1"/>
</pin_list>
<bind>
<opset="v335 "/>
</bind>
</comp>

<comp id="407" class="1005" name="v336_reg_407">
<pin_list>
<pin id="408" dir="0" index="0" bw="32" slack="1"/>
<pin id="409" dir="1" index="1" bw="32" slack="1"/>
</pin_list>
<bind>
<opset="v336 "/>
</bind>
</comp>

</comp_list>

<net_list>
<net id="65"><net_src comp="10" pin="0"/><net_sink comp="62" pin=0"/></net>

<net id="69"><net_src comp="10" pin="0"/><net_sink comp="66" pin=0"/></net>

<net id="73"><net_src comp="10" pin="0"/><net_sink comp="70" pin=0"/></net>

<net id="79"><net_src comp="4" pin="0"/><net_sink comp="74" pin=0"/></net>

<net id="80"><net_src comp="48" pin="0"/><net_sink comp="74" pin=1"/></net>

<net id="86"><net_src comp="74" pin="3"/><net_sink comp="81" pin=0"/></net>

<net id="92"><net_src comp="0" pin="0"/><net_sink comp="87" pin=0"/></net>

<net id="93"><net_src comp="48" pin="0"/><net_sink comp="87" pin=1"/></net>

<net id="99"><net_src comp="87" pin="3"/><net_sink comp="94" pin=0"/></net>

<net id="105"><net_src comp="6" pin="0"/><net_sink comp="100" pin=0"/></net>

<net id="106"><net_src comp="48" pin="0"/><net_sink comp="100" pin=1"/></net>

<net id="112"><net_src comp="100" pin="3"/><net_sink comp="107" pin=0"/></net>

<net id="118"><net_src comp="8" pin="0"/><net_sink comp="113" pin=0"/></net>

<net id="119"><net_src comp="48" pin="0"/><net_sink comp="113" pin=1"/></net>

<net id="125"><net_src comp="113" pin="3"/><net_sink comp="120" pin=0"/></net>

<net id="131"><net_src comp="2" pin="0"/><net_sink comp="126" pin=0"/></net>

<net id="132"><net_src comp="48" pin="0"/><net_sink comp="126" pin=1"/></net>

<net id="138"><net_src comp="126" pin="3"/><net_sink comp="133" pin=0"/></net>

<net id="155"><net_src comp="50" pin="0"/><net_sink comp="151" pin=1"/></net>

<net id="163"><net_src comp="22" pin="0"/><net_sink comp="159" pin=0"/></net>

<net id="168"><net_src comp="24" pin="0"/><net_sink comp="164" pin=0"/></net>

<net id="173"><net_src comp="26" pin="0"/><net_sink comp="169" pin=0"/></net>

<net id="181"><net_src comp="174" pin="1"/><net_sink comp="177" pin=0"/></net>

<net id="182"><net_src comp="32" pin="0"/><net_sink comp="177" pin=1"/></net>

<net id="187"><net_src comp="174" pin="1"/><net_sink comp="183" pin=0"/></net>

<net id="188"><net_src comp="34" pin="0"/><net_sink comp="183" pin=1"/></net>

<net id="199"><net_src comp="192" pin="1"/><net_sink comp="195" pin=0"/></net>

<net id="200"><net_src comp="36" pin="0"/><net_sink comp="195" pin=1"/></net>

<net id="205"><net_src comp="189" pin="1"/><net_sink comp="201" pin=0"/></net>

<net id="206"><net_src comp="38" pin="0"/><net_sink comp="201" pin=1"/></net>

<net id="212"><net_src comp="201" pin="2"/><net_sink comp="207" pin=0"/></net>

<net id="213"><net_src comp="26" pin="0"/><net_sink comp="207" pin=1"/></net>

<net id="214"><net_src comp="189" pin="1"/><net_sink comp="207" pin=2"/></net>

<net id="220"><net_src comp="201" pin="2"/><net_sink comp="215" pin=0"/></net>

<net id="221"><net_src comp="195" pin="2"/><net_sink comp="215" pin=1"/></net>

<net id="222"><net_src comp="192" pin="1"/><net_sink comp="215" pin=2"/></net>

<net id="227"><net_src comp="207" pin="3"/><net_sink comp="223" pin=0"/></net>

<net id="228"><net_src comp="40" pin="0"/><net_sink comp="223" pin=1"/></net>

<net id="233"><net_src comp="183" pin="2"/><net_sink comp="229" pin=0"/></net>

<net id="238"><net_src comp="215" pin="3"/><net_sink comp="234" pin=0"/></net>

<net id="243"><net_src comp="223" pin="2"/><net_sink comp="239" pin=0"/></net>

<net id="249"><net_src comp="42" pin="0"/><net_sink comp="244" pin=0"/></net>

<net id="250"><net_src comp="26" pin="0"/><net_sink comp="244" pin=2"/></net>

<net id="256"><net_src comp="44" pin="0"/><net_sink comp="251" pin=0"/></net>

<net id="257"><net_src comp="46" pin="0"/><net_sink comp="251" pin=2"/></net>

<net id="261"><net_src comp="251" pin="3"/><net_sink comp="258" pin=0"/></net>

<net id="266"><net_src comp="244" pin="3"/><net_sink comp="262" pin=0"/></net>

<net id="267"><net_src comp="258" pin="1"/><net_sink comp="262" pin=1"/></net>

<net id="275"><net_src comp="262" pin="2"/><net_sink comp="271" pin=0"/></net>

<net id="276"><net_src comp="268" pin="1"/><net_sink comp="271" pin=1"/></net>

<net id="280"><net_src comp="271" pin="2"/><net_sink comp="277" pin=0"/></net>

<net id="281"><net_src comp="277" pin="1"/><net_sink comp="74" pin=2"/></net>

<net id="285"><net_src comp="282" pin="1"/><net_sink comp="87" pin=2"/></net>

<net id="289"><net_src comp="286" pin="1"/><net_sink comp="100" pin=2"/></net>

<net id="293"><net_src comp="290" pin="1"/><net_sink comp="139" pin=1"/></net>

<net id="297"><net_src comp="62" pin="1"/><net_sink comp="294" pin=0"/></net>

<net id="298"><net_src comp="294" pin="1"/><net_sink comp="169" pin=1"/></net>

<net id="299"><net_src comp="294" pin="1"/><net_sink comp="189" pin=0"/></net>

<net id="300"><net_src comp="294" pin="1"/><net_sink comp="239" pin=1"/></net>

<net id="304"><net_src comp="66" pin="1"/><net_sink comp="301" pin=0"/></net>

<net id="305"><net_src comp="301" pin="1"/><net_sink comp="164" pin=1"/></net>

<net id="306"><net_src comp="301" pin="1"/><net_sink comp="192" pin=0"/></net>

<net id="307"><net_src comp="301" pin="1"/><net_sink comp="234" pin=1"/></net>

<net id="311"><net_src comp="70" pin="1"/><net_sink comp="308" pin=0"/></net>

<net id="312"><net_src comp="308" pin="1"/><net_sink comp="159" pin=1"/></net>

<net id="313"><net_src comp="308" pin="1"/><net_sink comp="174" pin=0"/></net>

<net id="314"><net_src comp="308" pin="1"/><net_sink comp="229" pin=1"/></net>

<net id="318"><net_src comp="177" pin="2"/><net_sink comp="315" pin=0"/></net>

<net id="322"><net_src comp="207" pin="3"/><net_sink comp="319" pin=0"/></net>

<net id="323"><net_src comp="319" pin="1"/><net_sink comp="268" pin=0"/></net>

<net id="324"><net_src comp="319" pin="1"/><net_sink comp="286" pin=0"/></net>

<net id="328"><net_src comp="215" pin="3"/><net_sink comp="325" pin=0"/></net>

<net id="329"><net_src comp="325" pin="1"/><net_sink comp="244" pin=1"/></net>

<net id="330"><net_src comp="325" pin="1"/><net_sink comp="251" pin=1"/></net>

<net id="331"><net_src comp="325" pin="1"/><net_sink comp="282" pin=0"/></net>

<net id="335"><net_src comp="277" pin="1"/><net_sink comp="332" pin=0"/></net>

<net id="336"><net_src comp="332" pin="1"/><net_sink comp="126" pin=2"/></net>

<net id="340"><net_src comp="74" pin="3"/><net_sink comp="337" pin=0"/></net>

<net id="341"><net_src comp="337" pin="1"/><net_sink comp="81" pin=0"/></net>

<net id="345"><net_src comp="81" pin="3"/><net_sink comp="342" pin=0"/></net>

<net id="346"><net_src comp="342" pin="1"/><net_sink comp="156" pin=0"/></net>

<net id="350"><net_src comp="87" pin="3"/><net_sink comp="347" pin=0"/></net>

<net id="351"><net_src comp="347" pin="1"/><net_sink comp="94" pin=0"/></net>

<net id="355"><net_src comp="94" pin="3"/><net_sink comp="352" pin=0"/></net>

<net id="356"><net_src comp="352" pin="1"/><net_sink comp="143" pin=1"/></net>

<net id="360"><net_src comp="156" pin="1"/><net_sink comp="357" pin=0"/></net>

<net id="361"><net_src comp="357" pin="1"/><net_sink comp="143" pin=0"/></net>

<net id="365"><net_src comp="286" pin="1"/><net_sink comp="362" pin=0"/></net>

<net id="366"><net_src comp="362" pin="1"/><net_sink comp="113" pin=2"/></net>

<net id="370"><net_src comp="100" pin="3"/><net_sink comp="367" pin=0"/></net>

<net id="371"><net_src comp="367" pin="1"/><net_sink comp="107" pin=0"/></net>

<net id="375"><net_src comp="143" pin="2"/><net_sink comp="372" pin=0"/></net>

<net id="376"><net_src comp="372" pin="1"/><net_sink comp="147" pin=0"/></net>

<net id="380"><net_src comp="107" pin="3"/><net_sink comp="377" pin=0"/></net>

<net id="381"><net_src comp="377" pin="1"/><net_sink comp="147" pin=1"/></net>

<net id="385"><net_src comp="147" pin="2"/><net_sink comp="382" pin=0"/></net>

<net id="386"><net_src comp="382" pin="1"/><net_sink comp="151" pin=0"/></net>

<net id="390"><net_src comp="113" pin="3"/><net_sink comp="387" pin=0"/></net>

<net id="391"><net_src comp="387" pin="1"/><net_sink comp="120" pin=0"/></net>

<net id="395"><net_src comp="151" pin="2"/><net_sink comp="392" pin=0"/></net>

<net id="396"><net_src comp="392" pin="1"/><net_sink comp="139" pin=0"/></net>

<net id="400"><net_src comp="120" pin="3"/><net_sink comp="397" pin=0"/></net>

<net id="401"><net_src comp="397" pin="1"/><net_sink comp="290" pin=0"/></net>

<net id="405"><net_src comp="290" pin="1"/><net_sink comp="402" pin=0"/></net>

<net id="406"><net_src comp="402" pin="1"/><net_sink comp="139" pin=1"/></net>

<net id="410"><net_src comp="139" pin="2"/><net_sink comp="407" pin=0"/></net>

<net id="411"><net_src comp="407" pin="1"/><net_sink comp="133" pin=1"/></net>

</net_list>

</model> 
---------------- Datapath Model END ------------------

* FSMD analyzer results:
  - Output states:
	Port: v263 | {39 }
 - Input state : 
	Port: Linear_layer_ds0_Pipeline_l_outp_to_float_bias_i27_l_j27 : max_inp1 | {8 9 }
	Port: Linear_layer_ds0_Pipeline_l_outp_to_float_bias_i27_l_j27 : q_outp3 | {2 3 }
	Port: Linear_layer_ds0_Pipeline_l_outp_to_float_bias_i27_l_j27 : max_W1 | {12 13 }
	Port: Linear_layer_ds0_Pipeline_l_outp_to_float_bias_i27_l_j27 : v560 | {32 33 }
  - Chain level:
	State 1
		store_ln0 : 1
		store_ln0 : 1
		store_ln0 : 1
		indvar_flatten38_load : 1
		icmp_ln550 : 2
		add_ln550_1 : 2
		br_ln550 : 3
		j27_load : 1
		i27_load : 1
		add_ln550 : 2
		icmp_ln551 : 2
		select_ln550 : 3
		select_ln550_2 : 3
		add_ln551 : 4
		store_ln551 : 3
		store_ln551 : 4
		store_ln551 : 5
	State 2
		zext_ln561 : 1
		sub_ln561 : 2
		add_ln561 : 3
		zext_ln561_2 : 4
		q_outp3_addr : 5
		v328 : 6
	State 3
	State 4
	State 5
	State 6
	State 7
	State 8
		max_inp1_addr : 1
		max_inp1_load : 2
	State 9
	State 10
	State 11
	State 12
		max_W1_addr : 1
		v332 : 2
	State 13
	State 14
	State 15
	State 16
	State 17
	State 18
	State 19
	State 20
	State 21
	State 22
	State 23
	State 24
	State 25
	State 26
	State 27
	State 28
	State 29
	State 30
	State 31
	State 32
		v560_load : 1
	State 33
	State 34
		v336 : 1
	State 35
	State 36
	State 37
	State 38
	State 39
		store_ln561 : 1


============================================================
+ Verbose Summary: Datapath Resource usage 
============================================================

* Functional unit list:
|----------|-----------------------|---------|---------|---------|
| Operation|    Functional Unit    |   DSP   |    FF   |   LUT   |
|----------|-----------------------|---------|---------|---------|
|   fmul   |       grp_fu_143      |    3    |   143   |   321   |
|          |       grp_fu_147      |    3    |   143   |   321   |
|----------|-----------------------|---------|---------|---------|
|   fadd   |       grp_fu_139      |    2    |   205   |   390   |
|----------|-----------------------|---------|---------|---------|
|          |   add_ln550_1_fu_183  |    0    |    0    |    17   |
|    add   |    add_ln550_fu_195   |    0    |    0    |    13   |
|          |    add_ln551_fu_223   |    0    |    0    |    13   |
|          |    add_ln561_fu_271   |    0    |    0    |    14   |
|----------|-----------------------|---------|---------|---------|
|   icmp   |   icmp_ln550_fu_177   |    0    |    0    |    12   |
|          |   icmp_ln551_fu_201   |    0    |    0    |    11   |
|----------|-----------------------|---------|---------|---------|
|  select  |  select_ln550_fu_207  |    0    |    0    |    10   |
|          | select_ln550_2_fu_215 |    0    |    0    |    4    |
|----------|-----------------------|---------|---------|---------|
|    sub   |    sub_ln561_fu_262   |    0    |    0    |    14   |
|----------|-----------------------|---------|---------|---------|
|   fdiv   |       grp_fu_151      |    0    |    0    |    0    |
|----------|-----------------------|---------|---------|---------|
|  sitofp  |       grp_fu_156      |    0    |    0    |    0    |
|----------|-----------------------|---------|---------|---------|
|bitconcatenate|      p_shl_fu_244     |    0    |    0    |    0    |
|          |       tmp_fu_251      |    0    |    0    |    0    |
|----------|-----------------------|---------|---------|---------|
|          |   zext_ln561_fu_258   |    0    |    0    |    0    |
|          |  zext_ln561_1_fu_268  |    0    |    0    |    0    |
|   zext   |  zext_ln561_2_fu_277  |    0    |    0    |    0    |
|          |   zext_ln550_fu_282   |    0    |    0    |    0    |
|          |    j27_cast_fu_286    |    0    |    0    |    0    |
|----------|-----------------------|---------|---------|---------|
|   Total  |                       |    8    |   491   |   1140  |
|----------|-----------------------|---------|---------|---------|

Memories:
N/A

* Register list:
+------------------------+--------+
|                        |   FF   |
+------------------------+--------+
|       i27_reg_301      |    4   |
|   icmp_ln550_reg_315   |    1   |
|indvar_flatten38_reg_308|   14   |
|    j27_cast_reg_362    |   64   |
|       j27_reg_294      |   10   |
|   max_W1_addr_reg_367  |   10   |
|  max_inp1_addr_reg_347 |    4   |
|  max_inp1_load_reg_352 |   32   |
|  q_outp3_addr_reg_337  |   14   |
| select_ln550_2_reg_325 |    4   |
|  select_ln550_reg_319  |   10   |
|      v328_reg_342      |   32   |
|      v330_reg_357      |   32   |
|      v331_reg_372      |   32   |
|      v332_reg_377      |   32   |
|      v333_reg_382      |   32   |
|      v334_reg_392      |   32   |
|      v335_reg_402      |   32   |
|      v336_reg_407      |   32   |
|    v560_addr_reg_387   |   10   |
|    v560_load_reg_397   |   32   |
|  zext_ln561_2_reg_332  |   64   |
+------------------------+--------+
|          Total         |   529  |
+------------------------+--------+

* Multiplexer (MUX) list: 
|-------------------|------|------|------|--------||---------||---------|
|        Comp       |  Pin | Size |  BW  | S x BW ||  Delay  ||   LUT   |
|-------------------|------|------|------|--------||---------||---------|
|  grp_access_fu_81 |  p0  |   2  |  14  |   28   ||    9    |
|  grp_access_fu_94 |  p0  |   2  |   4  |    8   ||    9    |
| grp_access_fu_107 |  p0  |   2  |  10  |   20   ||    9    |
| grp_access_fu_120 |  p0  |   2  |  10  |   20   ||    9    |
|     grp_fu_139    |  p1  |   2  |  32  |   64   ||    9    |
|-------------------|------|------|------|--------||---------||---------|
|       Total       |      |      |      |   140  ||   7.94  ||    45   |
|-------------------|------|------|------|--------||---------||---------|



* Summary:
+-----------+--------+--------+--------+--------+
|           |   DSP  |  Delay |   FF   |   LUT  |
+-----------+--------+--------+--------+--------+
|  Function |    8   |    -   |   491  |  1140  |
|   Memory  |    -   |    -   |    -   |    -   |
|Multiplexer|    -   |    7   |    -   |   45   |
|  Register |    -   |    -   |   529  |    -   |
+-----------+--------+--------+--------+--------+
|   Total   |    8   |    7   |  1020  |  1185  |
+-----------+--------+--------+--------+--------+
