

================================================================
== Vitis HLS Report for 'Linear_layer_ds1_Pipeline_VITIS_LOOP_647_1'
================================================================
* Date:           Sun Sep  3 07:04:46 2023

* Version:        2022.1.2 (Build 3605665 on Fri Aug  5 22:52:02 MDT 2022)
* Project:        out.prj
* Solution:       solution1 (Vivado IP Flow Target)
* Product family: zynq
* Target device:  xc7z020-clg484-1


================================================================
== Performance Estimates
================================================================
+ Timing: 
    * Summary: 
    +--------+----------+----------+------------+
    |  Clock |  Target  | Estimated| Uncertainty|
    +--------+----------+----------+------------+
    |ap_clk  |  10.00 ns|  3.624 ns|     2.70 ns|
    +--------+----------+----------+------------+

+ Latency: 
    * Summary: 
    +---------+---------+----------+----------+-----+-----+---------+
    |  Latency (cycles) |  Latency (absolute) |  Interval | Pipeline|
    |   min   |   max   |    min   |    max   | min | max |   Type  |
    +---------+---------+----------+----------+-----+-----+---------+
    |       14|       14|  0.140 us|  0.140 us|   14|   14|       no|
    +---------+---------+----------+----------+-----+-----+---------+

    + Detail: 
        * Instance: 
        N/A

        * Loop: 
        +--------------------+---------+---------+----------+-----------+-----------+------+----------+
        |                    |  Latency (cycles) | Iteration|  Initiation Interval  | Trip |          |
        |      Loop Name     |   min   |   max   |  Latency |  achieved |   target  | Count| Pipelined|
        +--------------------+---------+---------+----------+-----------+-----------+------+----------+
        |- VITIS_LOOP_647_1  |       12|       12|         1|          1|          1|    12|       yes|
        +--------------------+---------+---------+----------+-----------+-----------+------+----------+

============================================================
+ Verbose Summary: Synthesis Manager
============================================================
InlineROM: 1
ExposeGlobal: 0
============================================================
+ Verbose Summary: CDFG Model
============================================================
IsTopModel: 0
ResetActiveHigh: 1
IsCombinational: 0
IsDatapathOnly: 0
HasWiredReturn: 1
HasMFsm: 2
HasVarLatency: 1
IsPipeline: 0
IsRtlPipelined: 0
IsInstanceOverlapped: 0
IsDontTouch: 0
HasImplIP: 0
IsGatedGlobalClock: 0

+ Individual pipeline summary: 
  * Pipeline-0: initiation interval (II) = 1, depth = 1


============================================================
+ Verbose Summary: Schedule
============================================================
* Number of FSM states : 1
* Pipeline : 1
  Pipeline-0 : II = 1, D = 1, States = { 1 }
* Dataflow Pipeline: 0

* FSM state transitions: 
1 --> 

* FSM state operations: 

State 1 <SV = 0> <Delay = 3.62>
ST_1 : Operation 4 [1/1] (0.00ns)   --->   "%v390 = alloca i32 1"   --->   Operation 4 'alloca' 'v390' <Predicate = true> <Delay = 0.00>
ST_1 : Operation 5 [1/1] (1.58ns)   --->   "%store_ln0 = store i4 0, i4 %v390"   --->   Operation 5 'store' 'store_ln0' <Predicate = true> <Delay = 1.58>
ST_1 : Operation 6 [1/1] (0.00ns)   --->   "%br_ln0 = br void %for.inc"   --->   Operation 6 'br' 'br_ln0' <Predicate = true> <Delay = 0.00>
ST_1 : Operation 7 [1/1] (0.00ns)   --->   "%v390_1 = load i4 %v390" [kernel.cpp:647]   --->   Operation 7 'load' 'v390_1' <Predicate = true> <Delay = 0.00>
ST_1 : Operation 8 [1/1] (0.00ns)   --->   "%specpipeline_ln0 = specpipeline void @_ssdm_op_SpecPipeline, i32 4294967295, i32 0, i32 1, i32 0, void @p_str"   --->   Operation 8 'specpipeline' 'specpipeline_ln0' <Predicate = true> <Delay = 0.00>
ST_1 : Operation 9 [1/1] (1.30ns)   --->   "%icmp_ln647 = icmp_eq  i4 %v390_1, i4 12" [kernel.cpp:647]   --->   Operation 9 'icmp' 'icmp_ln647' <Predicate = true> <Delay = 1.30> <CoreInst = "Cmp">   --->   Core 9 'Cmp' <Latency = 0> <II = 1> <Delay = 1.30> <FuncUnit> <Opcode : 'icmp'> <InPorts = 2> <OutPorts = 1>
ST_1 : Operation 10 [1/1] (0.00ns)   --->   "%empty = speclooptripcount i32 @_ssdm_op_SpecLoopTripCount, i64 12, i64 12, i64 12"   --->   Operation 10 'speclooptripcount' 'empty' <Predicate = true> <Delay = 0.00>
ST_1 : Operation 11 [1/1] (1.73ns)   --->   "%add_ln647 = add i4 %v390_1, i4 1" [kernel.cpp:647]   --->   Operation 11 'add' 'add_ln647' <Predicate = true> <Delay = 1.73> <CoreInst = "Adder">   --->   Core 1 'Adder' <Latency = 0> <II = 1> <Delay = 1.73> <FuncUnit> <Opcode : 'add' 'sub'> <InPorts = 2> <OutPorts = 1>
ST_1 : Operation 12 [1/1] (0.00ns)   --->   "%br_ln647 = br i1 %icmp_ln647, void %for.inc.split, void %for.inc7.preheader.exitStub" [kernel.cpp:647]   --->   Operation 12 'br' 'br_ln647' <Predicate = true> <Delay = 0.00>
ST_1 : Operation 13 [1/1] (0.00ns)   --->   "%v390_cast = zext i4 %v390_1" [kernel.cpp:647]   --->   Operation 13 'zext' 'v390_cast' <Predicate = (!icmp_ln647)> <Delay = 0.00>
ST_1 : Operation 14 [1/1] (0.00ns)   --->   "%specloopname_ln647 = specloopname void @_ssdm_op_SpecLoopName, void @empty_81" [kernel.cpp:647]   --->   Operation 14 'specloopname' 'specloopname_ln647' <Predicate = (!icmp_ln647)> <Delay = 0.00>
ST_1 : Operation 15 [1/1] (0.00ns)   --->   "%max_inp2_addr = getelementptr i32 %max_inp2, i64 0, i64 %v390_cast" [kernel.cpp:648]   --->   Operation 15 'getelementptr' 'max_inp2_addr' <Predicate = (!icmp_ln647)> <Delay = 0.00>
ST_1 : Operation 16 [1/1] (2.32ns)   --->   "%store_ln648 = store i32 0, i4 %max_inp2_addr" [kernel.cpp:648]   --->   Operation 16 'store' 'store_ln648' <Predicate = (!icmp_ln647)> <Delay = 2.32> <CoreInst = "RAM">   --->   Core 82 'RAM' <Latency = 1> <II = 1> <Delay = 2.32> <Storage> <Opcode : 'load' 'store'> <Ports = 2> <Width = 32> <Depth = 12> <RAM>
ST_1 : Operation 17 [1/1] (1.58ns)   --->   "%store_ln647 = store i4 %add_ln647, i4 %v390" [kernel.cpp:647]   --->   Operation 17 'store' 'store_ln647' <Predicate = (!icmp_ln647)> <Delay = 1.58>
ST_1 : Operation 18 [1/1] (0.00ns)   --->   "%br_ln647 = br void %for.inc" [kernel.cpp:647]   --->   Operation 18 'br' 'br_ln647' <Predicate = (!icmp_ln647)> <Delay = 0.00>
ST_1 : Operation 19 [1/1] (0.00ns)   --->   "%ret_ln0 = ret"   --->   Operation 19 'ret' 'ret_ln0' <Predicate = (icmp_ln647)> <Delay = 0.00>


============================================================
+ Verbose Summary: Timing violations
============================================================
Target clock period: 10ns, clock uncertainty: 2.7ns.

 <State 1>: 3.62ns
The critical path consists of the following:
	'alloca' operation ('v390') [2]  (0 ns)
	'load' operation ('v390', kernel.cpp:647) on local variable 'v390' [6]  (0 ns)
	'add' operation ('add_ln647', kernel.cpp:647) [10]  (1.74 ns)
	'store' operation ('store_ln647', kernel.cpp:647) of variable 'add_ln647', kernel.cpp:647 on local variable 'v390' [17]  (1.59 ns)
	blocking operation 0.301 ns on control path)


============================================================
+ Verbose Summary: Binding
============================================================
N/A
* FSMD analyzer results:
  - Output states:
 - Input state : 
  - Chain level:
	State 1


============================================================
+ Verbose Summary: Datapath Resource usage 
============================================================
N/A
