

================================================================
== Vitis HLS Report for 'Self_attention_Pipeline_l_mh_separate_i20_l_j20'
================================================================
* Date:           Sun Sep  3 07:02:58 2023

* Version:        2022.1.2 (Build 3605665 on Fri Aug  5 22:52:02 MDT 2022)
* Project:        out.prj
* Solution:       solution1 (Vivado IP Flow Target)
* Product family: zynq
* Target device:  xc7z020-clg484-1


================================================================
== Performance Estimates
================================================================
+ Timing: 
    * Summary: 
    +--------+----------+----------+------------+
    |  Clock |  Target  | Estimated| Uncertainty|
    +--------+----------+----------+------------+
    |ap_clk  |  10.00 ns|  7.098 ns|     2.70 ns|
    +--------+----------+----------+------------+

+ Latency: 
    * Summary: 
    +---------+---------+----------+----------+-----+-----+---------+
    |  Latency (cycles) |  Latency (absolute) |  Interval | Pipeline|
    |   min   |   max   |    min   |    max   | min | max |   Type  |
    +---------+---------+----------+----------+-----+-----+---------+
    |      771|      771|  7.710 us|  7.710 us|  771|  771|       no|
    +---------+---------+----------+----------+-----+-----+---------+

    + Detail: 
        * Instance: 
        N/A

        * Loop: 
        +---------------------------+---------+---------+----------+-----------+-----------+------+----------+
        |                           |  Latency (cycles) | Iteration|  Initiation Interval  | Trip |          |
        |         Loop Name         |   min   |   max   |  Latency |  achieved |   target  | Count| Pipelined|
        +---------------------------+---------+---------+----------+-----------+-----------+------+----------+
        |- l_mh_separate_i20_l_j20  |      769|      769|         3|          1|          1|   768|       yes|
        +---------------------------+---------+---------+----------+-----------+-----------+------+----------+

============================================================
+ Verbose Summary: Synthesis Manager
============================================================
InlineROM: 1
ExposeGlobal: 0
============================================================
+ Verbose Summary: CDFG Model
============================================================
IsTopModel: 0
ResetActiveHigh: 1
IsCombinational: 0
IsDatapathOnly: 0
HasWiredReturn: 1
HasMFsm: 2
HasVarLatency: 1
IsPipeline: 0
IsRtlPipelined: 0
IsInstanceOverlapped: 0
IsDontTouch: 0
HasImplIP: 0
IsGatedGlobalClock: 0

+ Individual pipeline summary: 
  * Pipeline-0: initiation interval (II) = 1, depth = 3


============================================================
+ Verbose Summary: Schedule
============================================================
* Number of FSM states : 3
* Pipeline : 1
  Pipeline-0 : II = 1, D = 3, States = { 1 2 3 }
* Dataflow Pipeline: 0

* FSM state transitions: 
1 --> 2 
2 --> 3 
3 --> 

* FSM state operations: 

State 1 <SV = 0> <Delay = 5.93>
ST_1 : Operation 6 [1/1] (0.00ns)   --->   "%j20 = alloca i32 1"   --->   Operation 6 'alloca' 'j20' <Predicate = true> <Delay = 0.00>
ST_1 : Operation 7 [1/1] (0.00ns)   --->   "%i20 = alloca i32 1"   --->   Operation 7 'alloca' 'i20' <Predicate = true> <Delay = 0.00>
ST_1 : Operation 8 [1/1] (0.00ns)   --->   "%indvar_flatten = alloca i32 1"   --->   Operation 8 'alloca' 'indvar_flatten' <Predicate = true> <Delay = 0.00>
ST_1 : Operation 9 [1/1] (0.00ns)   --->   "%tmp_read = read i10 @_ssdm_op_Read.ap_auto.i10, i10 %tmp"   --->   Operation 9 'read' 'tmp_read' <Predicate = true> <Delay = 0.00>
ST_1 : Operation 10 [1/1] (1.58ns)   --->   "%store_ln0 = store i10 0, i10 %indvar_flatten"   --->   Operation 10 'store' 'store_ln0' <Predicate = true> <Delay = 1.58>
ST_1 : Operation 11 [1/1] (1.58ns)   --->   "%store_ln0 = store i4 0, i4 %i20"   --->   Operation 11 'store' 'store_ln0' <Predicate = true> <Delay = 1.58>
ST_1 : Operation 12 [1/1] (1.58ns)   --->   "%store_ln0 = store i7 0, i7 %j20"   --->   Operation 12 'store' 'store_ln0' <Predicate = true> <Delay = 1.58>
ST_1 : Operation 13 [1/1] (0.00ns)   --->   "%br_ln0 = br void %for.inc"   --->   Operation 13 'br' 'br_ln0' <Predicate = true> <Delay = 0.00>
ST_1 : Operation 14 [1/1] (0.00ns)   --->   "%indvar_flatten_load = load i10 %indvar_flatten" [kernel.cpp:418]   --->   Operation 14 'load' 'indvar_flatten_load' <Predicate = true> <Delay = 0.00>
ST_1 : Operation 15 [1/1] (0.00ns)   --->   "%specpipeline_ln0 = specpipeline void @_ssdm_op_SpecPipeline, i32 4294967295, i32 0, i32 1, i32 0, void @p_str"   --->   Operation 15 'specpipeline' 'specpipeline_ln0' <Predicate = true> <Delay = 0.00>
ST_1 : Operation 16 [1/1] (1.77ns)   --->   "%icmp_ln418 = icmp_eq  i10 %indvar_flatten_load, i10 768" [kernel.cpp:418]   --->   Operation 16 'icmp' 'icmp_ln418' <Predicate = true> <Delay = 1.77> <CoreInst = "Cmp">   --->   Core 9 'Cmp' <Latency = 0> <II = 1> <Delay = 1.77> <FuncUnit> <Opcode : 'icmp'> <InPorts = 2> <OutPorts = 1>
ST_1 : Operation 17 [1/1] (1.73ns)   --->   "%add_ln418_1 = add i10 %indvar_flatten_load, i10 1" [kernel.cpp:418]   --->   Operation 17 'add' 'add_ln418_1' <Predicate = true> <Delay = 1.73> <CoreInst = "Adder">   --->   Core 1 'Adder' <Latency = 0> <II = 1> <Delay = 1.73> <FuncUnit> <Opcode : 'add' 'sub'> <InPorts = 2> <OutPorts = 1>
ST_1 : Operation 18 [1/1] (0.00ns)   --->   "%br_ln418 = br i1 %icmp_ln418, void %for.inc35, void %l_mh_merge_i21.exitStub" [kernel.cpp:418]   --->   Operation 18 'br' 'br_ln418' <Predicate = true> <Delay = 0.00>
ST_1 : Operation 19 [1/1] (0.00ns)   --->   "%j20_load = load i7 %j20" [kernel.cpp:419]   --->   Operation 19 'load' 'j20_load' <Predicate = (!icmp_ln418)> <Delay = 0.00>
ST_1 : Operation 20 [1/1] (0.00ns)   --->   "%i20_load = load i4 %i20" [kernel.cpp:418]   --->   Operation 20 'load' 'i20_load' <Predicate = (!icmp_ln418)> <Delay = 0.00>
ST_1 : Operation 21 [1/1] (1.73ns)   --->   "%add_ln418 = add i4 %i20_load, i4 1" [kernel.cpp:418]   --->   Operation 21 'add' 'add_ln418' <Predicate = (!icmp_ln418)> <Delay = 1.73> <CoreInst = "Adder">   --->   Core 1 'Adder' <Latency = 0> <II = 1> <Delay = 1.73> <FuncUnit> <Opcode : 'add' 'sub'> <InPorts = 2> <OutPorts = 1>
ST_1 : Operation 22 [1/1] (1.48ns)   --->   "%icmp_ln419 = icmp_eq  i7 %j20_load, i7 64" [kernel.cpp:419]   --->   Operation 22 'icmp' 'icmp_ln419' <Predicate = (!icmp_ln418)> <Delay = 1.48> <CoreInst = "Cmp">   --->   Core 9 'Cmp' <Latency = 0> <II = 1> <Delay = 1.48> <FuncUnit> <Opcode : 'icmp'> <InPorts = 2> <OutPorts = 1>
ST_1 : Operation 23 [1/1] (0.99ns)   --->   "%select_ln418 = select i1 %icmp_ln419, i7 0, i7 %j20_load" [kernel.cpp:418]   --->   Operation 23 'select' 'select_ln418' <Predicate = (!icmp_ln418)> <Delay = 0.99> <CoreInst = "Sel">   --->   Core 73 'Sel' <Latency = 0> <II = 1> <Delay = 0.99> <FuncUnit> <Opcode : 'select'> <InPorts = 3> <OutPorts = 1>
ST_1 : Operation 24 [1/1] (1.02ns)   --->   "%select_ln418_1 = select i1 %icmp_ln419, i4 %add_ln418, i4 %i20_load" [kernel.cpp:418]   --->   Operation 24 'select' 'select_ln418_1' <Predicate = (!icmp_ln418)> <Delay = 1.02> <CoreInst = "Sel">   --->   Core 73 'Sel' <Latency = 0> <II = 1> <Delay = 1.02> <FuncUnit> <Opcode : 'select'> <InPorts = 3> <OutPorts = 1>
ST_1 : Operation 25 [1/1] (0.00ns)   --->   "%zext_ln421 = zext i7 %select_ln418" [kernel.cpp:421]   --->   Operation 25 'zext' 'zext_ln421' <Predicate = (!icmp_ln418)> <Delay = 0.00>
ST_1 : Operation 26 [1/1] (1.73ns)   --->   "%add_ln420 = add i10 %zext_ln421, i10 %tmp_read" [kernel.cpp:420]   --->   Operation 26 'add' 'add_ln420' <Predicate = (!icmp_ln418)> <Delay = 1.73> <CoreInst = "Adder">   --->   Core 1 'Adder' <Latency = 0> <II = 1> <Delay = 1.73> <FuncUnit> <Opcode : 'add' 'sub'> <InPorts = 2> <OutPorts = 1>
ST_1 : Operation 27 [1/1] (1.87ns)   --->   "%add_ln419 = add i7 %select_ln418, i7 1" [kernel.cpp:419]   --->   Operation 27 'add' 'add_ln419' <Predicate = (!icmp_ln418)> <Delay = 1.87> <CoreInst = "Adder">   --->   Core 1 'Adder' <Latency = 0> <II = 1> <Delay = 1.87> <FuncUnit> <Opcode : 'add' 'sub'> <InPorts = 2> <OutPorts = 1>
ST_1 : Operation 28 [1/1] (1.58ns)   --->   "%store_ln419 = store i10 %add_ln418_1, i10 %indvar_flatten" [kernel.cpp:419]   --->   Operation 28 'store' 'store_ln419' <Predicate = (!icmp_ln418)> <Delay = 1.58>
ST_1 : Operation 29 [1/1] (1.58ns)   --->   "%store_ln419 = store i4 %select_ln418_1, i4 %i20" [kernel.cpp:419]   --->   Operation 29 'store' 'store_ln419' <Predicate = (!icmp_ln418)> <Delay = 1.58>
ST_1 : Operation 30 [1/1] (1.58ns)   --->   "%store_ln419 = store i7 %add_ln419, i7 %j20" [kernel.cpp:419]   --->   Operation 30 'store' 'store_ln419' <Predicate = (!icmp_ln418)> <Delay = 1.58>

State 2 <SV = 1> <Delay = 7.09>
ST_2 : Operation 31 [1/1] (0.00ns)   --->   "%tmp_s = bitconcatenate i14 @_ssdm_op_BitConcatenate.i14.i4.i10, i4 %select_ln418_1, i10 0" [kernel.cpp:420]   --->   Operation 31 'bitconcatenate' 'tmp_s' <Predicate = true> <Delay = 0.00>
ST_2 : Operation 32 [1/1] (0.00ns)   --->   "%tmp_19 = bitconcatenate i12 @_ssdm_op_BitConcatenate.i12.i4.i8, i4 %select_ln418_1, i8 0" [kernel.cpp:420]   --->   Operation 32 'bitconcatenate' 'tmp_19' <Predicate = true> <Delay = 0.00>
ST_2 : Operation 33 [1/1] (0.00ns)   --->   "%zext_ln420 = zext i12 %tmp_19" [kernel.cpp:420]   --->   Operation 33 'zext' 'zext_ln420' <Predicate = true> <Delay = 0.00>
ST_2 : Operation 34 [1/1] (0.00ns) (grouped into TernaryAdder)   --->   "%sub_ln420 = sub i14 %tmp_s, i14 %zext_ln420" [kernel.cpp:420]   --->   Operation 34 'sub' 'sub_ln420' <Predicate = true> <Delay = 0.00> <CoreInst = "TAddSub">   --->   Core 10 'TAddSub' <Latency = 0> <II = 1> <Delay = 1.92> <IPBlock> <Opcode : 'add' 'sub'> <InPorts = 3> <OutPorts = 1> <Sync> <CReg>
ST_2 : Operation 35 [1/1] (0.00ns)   --->   "%tmp_20 = bitconcatenate i10 @_ssdm_op_BitConcatenate.i10.i4.i6, i4 %select_ln418_1, i6 0" [kernel.cpp:421]   --->   Operation 35 'bitconcatenate' 'tmp_20' <Predicate = true> <Delay = 0.00>
ST_2 : Operation 36 [1/1] (1.73ns)   --->   "%add_ln421 = add i10 %tmp_20, i10 %zext_ln421" [kernel.cpp:421]   --->   Operation 36 'add' 'add_ln421' <Predicate = true> <Delay = 1.73> <CoreInst = "Adder">   --->   Core 1 'Adder' <Latency = 0> <II = 1> <Delay = 1.73> <FuncUnit> <Opcode : 'add' 'sub'> <InPorts = 2> <OutPorts = 1>
ST_2 : Operation 37 [1/1] (0.00ns)   --->   "%zext_ln420_1 = zext i10 %add_ln420" [kernel.cpp:420]   --->   Operation 37 'zext' 'zext_ln420_1' <Predicate = true> <Delay = 0.00>
ST_2 : Operation 38 [1/1] (3.84ns) (root node of TernaryAdder)   --->   "%add_ln420_1 = add i14 %sub_ln420, i14 %zext_ln420_1" [kernel.cpp:420]   --->   Operation 38 'add' 'add_ln420_1' <Predicate = true> <Delay = 3.84> <CoreInst = "TAddSub">   --->   Core 10 'TAddSub' <Latency = 0> <II = 1> <Delay = 1.92> <IPBlock> <Opcode : 'add' 'sub'> <InPorts = 3> <OutPorts = 1> <Sync> <CReg>
ST_2 : Operation 39 [1/1] (0.00ns)   --->   "%zext_ln420_2 = zext i14 %add_ln420_1" [kernel.cpp:420]   --->   Operation 39 'zext' 'zext_ln420_2' <Predicate = true> <Delay = 0.00>
ST_2 : Operation 40 [1/1] (0.00ns)   --->   "%v241_addr = getelementptr i32 %v241, i64 0, i64 %zext_ln420_2" [kernel.cpp:420]   --->   Operation 40 'getelementptr' 'v241_addr' <Predicate = true> <Delay = 0.00>
ST_2 : Operation 41 [1/1] (0.00ns)   --->   "%v242_addr = getelementptr i32 %v242, i64 0, i64 %zext_ln420_2" [kernel.cpp:422]   --->   Operation 41 'getelementptr' 'v242_addr' <Predicate = true> <Delay = 0.00>
ST_2 : Operation 42 [1/1] (0.00ns)   --->   "%v243_addr = getelementptr i32 %v243, i64 0, i64 %zext_ln420_2" [kernel.cpp:424]   --->   Operation 42 'getelementptr' 'v243_addr' <Predicate = true> <Delay = 0.00>
ST_2 : Operation 43 [2/2] (3.25ns)   --->   "%v251 = load i14 %v241_addr" [kernel.cpp:420]   --->   Operation 43 'load' 'v251' <Predicate = true> <Delay = 3.25> <CoreInst = "RAM">   --->   Core 82 'RAM' <Latency = 1> <II = 1> <Delay = 3.25> <Storage> <Opcode : 'load' 'store'> <Ports = 2> <Width = 32> <Depth = 9216> <RAM>
ST_2 : Operation 44 [2/2] (3.25ns)   --->   "%v252 = load i14 %v242_addr" [kernel.cpp:422]   --->   Operation 44 'load' 'v252' <Predicate = true> <Delay = 3.25> <CoreInst = "RAM">   --->   Core 82 'RAM' <Latency = 1> <II = 1> <Delay = 3.25> <Storage> <Opcode : 'load' 'store'> <Ports = 2> <Width = 32> <Depth = 9216> <RAM>
ST_2 : Operation 45 [2/2] (3.25ns)   --->   "%v253 = load i14 %v243_addr" [kernel.cpp:424]   --->   Operation 45 'load' 'v253' <Predicate = true> <Delay = 3.25> <CoreInst = "RAM">   --->   Core 82 'RAM' <Latency = 1> <II = 1> <Delay = 3.25> <Storage> <Opcode : 'load' 'store'> <Ports = 2> <Width = 32> <Depth = 9216> <RAM>
ST_2 : Operation 61 [1/1] (0.00ns)   --->   "%ret_ln0 = ret"   --->   Operation 61 'ret' 'ret_ln0' <Predicate = (icmp_ln418)> <Delay = 0.00>

State 3 <SV = 2> <Delay = 6.50>
ST_3 : Operation 46 [1/1] (0.00ns)   --->   "%specloopname_ln0 = specloopname void @_ssdm_op_SpecLoopName, void @l_mh_separate_i20_l_j20_str"   --->   Operation 46 'specloopname' 'specloopname_ln0' <Predicate = true> <Delay = 0.00>
ST_3 : Operation 47 [1/1] (0.00ns)   --->   "%empty = speclooptripcount i32 @_ssdm_op_SpecLoopTripCount, i64 768, i64 768, i64 768"   --->   Operation 47 'speclooptripcount' 'empty' <Predicate = true> <Delay = 0.00>
ST_3 : Operation 48 [1/1] (0.00ns)   --->   "%specpipeline_ln0 = specpipeline void @_ssdm_op_SpecPipeline, i32 4294967295, i32 0, i32 1, i32 0, void @p_str"   --->   Operation 48 'specpipeline' 'specpipeline_ln0' <Predicate = true> <Delay = 0.00>
ST_3 : Operation 49 [1/1] (0.00ns)   --->   "%zext_ln421_1 = zext i10 %add_ln421" [kernel.cpp:421]   --->   Operation 49 'zext' 'zext_ln421_1' <Predicate = true> <Delay = 0.00>
ST_3 : Operation 50 [1/1] (0.00ns)   --->   "%Q_h_addr = getelementptr i32 %Q_h, i64 0, i64 %zext_ln421_1" [kernel.cpp:421]   --->   Operation 50 'getelementptr' 'Q_h_addr' <Predicate = true> <Delay = 0.00>
ST_3 : Operation 51 [1/1] (0.00ns)   --->   "%K_h_addr = getelementptr i32 %K_h, i64 0, i64 %zext_ln421_1" [kernel.cpp:423]   --->   Operation 51 'getelementptr' 'K_h_addr' <Predicate = true> <Delay = 0.00>
ST_3 : Operation 52 [1/1] (0.00ns)   --->   "%V_h_addr = getelementptr i32 %V_h, i64 0, i64 %zext_ln421_1" [kernel.cpp:425]   --->   Operation 52 'getelementptr' 'V_h_addr' <Predicate = true> <Delay = 0.00>
ST_3 : Operation 53 [1/1] (0.00ns)   --->   "%specloopname_ln419 = specloopname void @_ssdm_op_SpecLoopName, void @empty_13" [kernel.cpp:419]   --->   Operation 53 'specloopname' 'specloopname_ln419' <Predicate = true> <Delay = 0.00>
ST_3 : Operation 54 [1/2] (3.25ns)   --->   "%v251 = load i14 %v241_addr" [kernel.cpp:420]   --->   Operation 54 'load' 'v251' <Predicate = true> <Delay = 3.25> <CoreInst = "RAM">   --->   Core 82 'RAM' <Latency = 1> <II = 1> <Delay = 3.25> <Storage> <Opcode : 'load' 'store'> <Ports = 2> <Width = 32> <Depth = 9216> <RAM>
ST_3 : Operation 55 [1/1] (3.25ns)   --->   "%store_ln421 = store i32 %v251, i10 %Q_h_addr" [kernel.cpp:421]   --->   Operation 55 'store' 'store_ln421' <Predicate = true> <Delay = 3.25> <CoreInst = "RAM_1WnR">   --->   Core 83 'RAM_1WnR' <Latency = 1> <II = 1> <Delay = 3.25> <Storage> <Opcode : 'load' 'store'> <Ports = 17> <Width = 32> <Depth = 768> <RAM>
ST_3 : Operation 56 [1/2] (3.25ns)   --->   "%v252 = load i14 %v242_addr" [kernel.cpp:422]   --->   Operation 56 'load' 'v252' <Predicate = true> <Delay = 3.25> <CoreInst = "RAM">   --->   Core 82 'RAM' <Latency = 1> <II = 1> <Delay = 3.25> <Storage> <Opcode : 'load' 'store'> <Ports = 2> <Width = 32> <Depth = 9216> <RAM>
ST_3 : Operation 57 [1/1] (3.25ns)   --->   "%store_ln423 = store i32 %v252, i10 %K_h_addr" [kernel.cpp:423]   --->   Operation 57 'store' 'store_ln423' <Predicate = true> <Delay = 3.25> <CoreInst = "RAM_1WnR">   --->   Core 83 'RAM_1WnR' <Latency = 1> <II = 1> <Delay = 3.25> <Storage> <Opcode : 'load' 'store'> <Ports = 17> <Width = 32> <Depth = 768> <RAM>
ST_3 : Operation 58 [1/2] (3.25ns)   --->   "%v253 = load i14 %v243_addr" [kernel.cpp:424]   --->   Operation 58 'load' 'v253' <Predicate = true> <Delay = 3.25> <CoreInst = "RAM">   --->   Core 82 'RAM' <Latency = 1> <II = 1> <Delay = 3.25> <Storage> <Opcode : 'load' 'store'> <Ports = 2> <Width = 32> <Depth = 9216> <RAM>
ST_3 : Operation 59 [1/1] (3.25ns)   --->   "%store_ln425 = store i32 %v253, i10 %V_h_addr" [kernel.cpp:425]   --->   Operation 59 'store' 'store_ln425' <Predicate = true> <Delay = 3.25> <CoreInst = "RAM_1WnR">   --->   Core 83 'RAM_1WnR' <Latency = 1> <II = 1> <Delay = 3.25> <Storage> <Opcode : 'load' 'store'> <Ports = 17> <Width = 32> <Depth = 768> <RAM>
ST_3 : Operation 60 [1/1] (0.00ns)   --->   "%br_ln419 = br void %for.inc" [kernel.cpp:419]   --->   Operation 60 'br' 'br_ln419' <Predicate = true> <Delay = 0.00>


============================================================
+ Verbose Summary: Binding
============================================================
STG Binding: 
---------------- STG Properties BEGIN ----------------
- Is combinational: 0
- Is one-state seq: 0
- Is datapath-only: 0
- Is pipelined: 0
- Is top level: 0
Port [ Return ] is wired: 1; IO mode=ap_ctrl_hs:ce=0
Port [ Q_h]:  wired=1; compound=1; hidden=0; nouse=0; global=0; static=0; extern=0; dir=1; type=1; pingpong=0; private_global=0; MemPort=[03333333333333333]; IO mode=ap_memory:ce=0
Port [ K_h]:  wired=1; compound=1; hidden=0; nouse=0; global=0; static=0; extern=0; dir=1; type=1; pingpong=0; private_global=0; MemPort=[03333333333333333]; IO mode=ap_memory:ce=0
Port [ V_h]:  wired=1; compound=1; hidden=0; nouse=0; global=0; static=0; extern=0; dir=1; type=1; pingpong=0; private_global=0; MemPort=[03333333333333333]; IO mode=ap_memory:ce=0
Port [ tmp]:  wired=1; compound=0; hidden=0; nouse=0; global=0; static=0; extern=0; dir=0; type=0; pingpong=0; private_global=0; IO mode=ap_none:ce=0
Port [ v241]:  wired=1; compound=1; hidden=0; nouse=0; global=0; static=0; extern=0; dir=0; type=1; pingpong=0; private_global=0; MemPort=[13]; IO mode=ap_memory:ce=0
Port [ v242]:  wired=1; compound=1; hidden=0; nouse=0; global=0; static=0; extern=0; dir=0; type=1; pingpong=0; private_global=0; MemPort=[13]; IO mode=ap_memory:ce=0
Port [ v243]:  wired=1; compound=1; hidden=0; nouse=0; global=0; static=0; extern=0; dir=0; type=1; pingpong=0; private_global=0; MemPort=[13]; IO mode=ap_memory:ce=0
---------------- STG Properties END ------------------

---------------- Datapath Model BEGIN ----------------

<LifeTime>
<method=bitvector/>
j20                 (alloca           ) [ 0100]
i20                 (alloca           ) [ 0100]
indvar_flatten      (alloca           ) [ 0100]
tmp_read            (read             ) [ 0000]
store_ln0           (store            ) [ 0000]
store_ln0           (store            ) [ 0000]
store_ln0           (store            ) [ 0000]
br_ln0              (br               ) [ 0000]
indvar_flatten_load (load             ) [ 0000]
specpipeline_ln0    (specpipeline     ) [ 0000]
icmp_ln418          (icmp             ) [ 0110]
add_ln418_1         (add              ) [ 0000]
br_ln418            (br               ) [ 0000]
j20_load            (load             ) [ 0000]
i20_load            (load             ) [ 0000]
add_ln418           (add              ) [ 0000]
icmp_ln419          (icmp             ) [ 0000]
select_ln418        (select           ) [ 0000]
select_ln418_1      (select           ) [ 0110]
zext_ln421          (zext             ) [ 0110]
add_ln420           (add              ) [ 0110]
add_ln419           (add              ) [ 0000]
store_ln419         (store            ) [ 0000]
store_ln419         (store            ) [ 0000]
store_ln419         (store            ) [ 0000]
tmp_s               (bitconcatenate   ) [ 0000]
tmp_19              (bitconcatenate   ) [ 0000]
zext_ln420          (zext             ) [ 0000]
sub_ln420           (sub              ) [ 0000]
tmp_20              (bitconcatenate   ) [ 0000]
add_ln421           (add              ) [ 0101]
zext_ln420_1        (zext             ) [ 0000]
add_ln420_1         (add              ) [ 0000]
zext_ln420_2        (zext             ) [ 0000]
v241_addr           (getelementptr    ) [ 0101]
v242_addr           (getelementptr    ) [ 0101]
v243_addr           (getelementptr    ) [ 0101]
specloopname_ln0    (specloopname     ) [ 0000]
empty               (speclooptripcount) [ 0000]
specpipeline_ln0    (specpipeline     ) [ 0000]
zext_ln421_1        (zext             ) [ 0000]
Q_h_addr            (getelementptr    ) [ 0000]
K_h_addr            (getelementptr    ) [ 0000]
V_h_addr            (getelementptr    ) [ 0000]
specloopname_ln419  (specloopname     ) [ 0000]
v251                (load             ) [ 0000]
store_ln421         (store            ) [ 0000]
v252                (load             ) [ 0000]
store_ln423         (store            ) [ 0000]
v253                (load             ) [ 0000]
store_ln425         (store            ) [ 0000]
br_ln419            (br               ) [ 0000]
ret_ln0             (ret              ) [ 0000]
</LifeTime>

<model>

<comp_list>
<comp id="0" class="1000" name="Q_h">
<pin_list>
<pin id="1" dir="1" index="0" bw="1" slack="0"/>
</pin_list>
<bind>
<StgValue><ssdm name="Q_h"/><MemPortTyVec>0 3 3 3 3 3 3 3 3 3 3 3 3 3 3 3 3 </MemPortTyVec>
</StgValue>
</bind>
</comp>

<comp id="2" class="1000" name="K_h">
<pin_list>
<pin id="3" dir="1" index="0" bw="1" slack="0"/>
</pin_list>
<bind>
<StgValue><ssdm name="K_h"/><MemPortTyVec>0 3 3 3 3 3 3 3 3 3 3 3 3 3 3 3 3 </MemPortTyVec>
</StgValue>
</bind>
</comp>

<comp id="4" class="1000" name="V_h">
<pin_list>
<pin id="5" dir="1" index="0" bw="1" slack="0"/>
</pin_list>
<bind>
<StgValue><ssdm name="V_h"/><MemPortTyVec>0 3 3 3 3 3 3 3 3 3 3 3 3 3 3 3 3 </MemPortTyVec>
</StgValue>
</bind>
</comp>

<comp id="6" class="1000" name="tmp">
<pin_list>
<pin id="7" dir="1" index="0" bw="1" slack="0"/>
</pin_list>
<bind>
<StgValue><ssdm name="tmp"/></StgValue>
</bind>
</comp>

<comp id="8" class="1000" name="v241">
<pin_list>
<pin id="9" dir="1" index="0" bw="1" slack="0"/>
</pin_list>
<bind>
<StgValue><ssdm name="v241"/><MemPortTyVec>1 3 </MemPortTyVec>
</StgValue>
</bind>
</comp>

<comp id="10" class="1000" name="v242">
<pin_list>
<pin id="11" dir="1" index="0" bw="1" slack="0"/>
</pin_list>
<bind>
<StgValue><ssdm name="v242"/><MemPortTyVec>1 3 </MemPortTyVec>
</StgValue>
</bind>
</comp>

<comp id="12" class="1000" name="v243">
<pin_list>
<pin id="13" dir="1" index="0" bw="1" slack="0"/>
</pin_list>
<bind>
<StgValue><ssdm name="v243"/><MemPortTyVec>1 3 </MemPortTyVec>
</StgValue>
</bind>
</comp>

<comp id="14" class="1001" name="const_14">
<pin_list>
<pin id="15" dir="1" index="0" bw="1" slack="0"/>
</pin_list>
<bind>
<StgValue><ssdm name=""/></StgValue>
</bind>
</comp>

<comp id="16" class="1001" name="const_16">
<pin_list>
<pin id="17" dir="1" index="0" bw="1" slack="0"/>
</pin_list>
<bind>
<StgValue><ssdm name="_ssdm_op_Read.ap_auto.i10"/></StgValue>
</bind>
</comp>

<comp id="18" class="1001" name="const_18">
<pin_list>
<pin id="19" dir="1" index="0" bw="1" slack="0"/>
</pin_list>
<bind>
<StgValue><ssdm name=""/></StgValue>
</bind>
</comp>

<comp id="20" class="1001" name="const_20">
<pin_list>
<pin id="21" dir="1" index="0" bw="1" slack="0"/>
</pin_list>
<bind>
<StgValue><ssdm name=""/></StgValue>
</bind>
</comp>

<comp id="22" class="1001" name="const_22">
<pin_list>
<pin id="23" dir="1" index="0" bw="1" slack="0"/>
</pin_list>
<bind>
<StgValue><ssdm name=""/></StgValue>
</bind>
</comp>

<comp id="24" class="1001" name="const_24">
<pin_list>
<pin id="25" dir="1" index="0" bw="1" slack="2147483647"/>
</pin_list>
<bind>
<StgValue><ssdm name="_ssdm_op_SpecPipeline"/></StgValue>
</bind>
</comp>

<comp id="26" class="1001" name="const_26">
<pin_list>
<pin id="27" dir="1" index="0" bw="1" slack="2147483647"/>
</pin_list>
<bind>
<StgValue><ssdm name=""/></StgValue>
</bind>
</comp>

<comp id="28" class="1001" name="const_28">
<pin_list>
<pin id="29" dir="1" index="0" bw="1" slack="2147483647"/>
</pin_list>
<bind>
<StgValue><ssdm name=""/></StgValue>
</bind>
</comp>

<comp id="30" class="1001" name="const_30">
<pin_list>
<pin id="31" dir="1" index="0" bw="1" slack="2147483647"/>
</pin_list>
<bind>
<StgValue><ssdm name="p_str"/></StgValue>
</bind>
</comp>

<comp id="32" class="1001" name="const_32">
<pin_list>
<pin id="33" dir="1" index="0" bw="1" slack="0"/>
</pin_list>
<bind>
<StgValue><ssdm name=""/></StgValue>
</bind>
</comp>

<comp id="34" class="1001" name="const_34">
<pin_list>
<pin id="35" dir="1" index="0" bw="1" slack="0"/>
</pin_list>
<bind>
<StgValue><ssdm name=""/></StgValue>
</bind>
</comp>

<comp id="36" class="1001" name="const_36">
<pin_list>
<pin id="37" dir="1" index="0" bw="1" slack="0"/>
</pin_list>
<bind>
<StgValue><ssdm name=""/></StgValue>
</bind>
</comp>

<comp id="38" class="1001" name="const_38">
<pin_list>
<pin id="39" dir="1" index="0" bw="1" slack="0"/>
</pin_list>
<bind>
<StgValue><ssdm name=""/></StgValue>
</bind>
</comp>

<comp id="40" class="1001" name="const_40">
<pin_list>
<pin id="41" dir="1" index="0" bw="1" slack="0"/>
</pin_list>
<bind>
<StgValue><ssdm name=""/></StgValue>
</bind>
</comp>

<comp id="42" class="1001" name="const_42">
<pin_list>
<pin id="43" dir="1" index="0" bw="1" slack="0"/>
</pin_list>
<bind>
<StgValue><ssdm name="_ssdm_op_BitConcatenate.i14.i4.i10"/></StgValue>
</bind>
</comp>

<comp id="44" class="1001" name="const_44">
<pin_list>
<pin id="45" dir="1" index="0" bw="1" slack="0"/>
</pin_list>
<bind>
<StgValue><ssdm name="_ssdm_op_BitConcatenate.i12.i4.i8"/></StgValue>
</bind>
</comp>

<comp id="46" class="1001" name="const_46">
<pin_list>
<pin id="47" dir="1" index="0" bw="1" slack="0"/>
</pin_list>
<bind>
<StgValue><ssdm name=""/></StgValue>
</bind>
</comp>

<comp id="48" class="1001" name="const_48">
<pin_list>
<pin id="49" dir="1" index="0" bw="1" slack="0"/>
</pin_list>
<bind>
<StgValue><ssdm name="_ssdm_op_BitConcatenate.i10.i4.i6"/></StgValue>
</bind>
</comp>

<comp id="50" class="1001" name="const_50">
<pin_list>
<pin id="51" dir="1" index="0" bw="1" slack="0"/>
</pin_list>
<bind>
<StgValue><ssdm name=""/></StgValue>
</bind>
</comp>

<comp id="52" class="1001" name="const_52">
<pin_list>
<pin id="53" dir="1" index="0" bw="1" slack="0"/>
</pin_list>
<bind>
<StgValue><ssdm name=""/></StgValue>
</bind>
</comp>

<comp id="54" class="1001" name="const_54">
<pin_list>
<pin id="55" dir="1" index="0" bw="1" slack="2147483647"/>
</pin_list>
<bind>
<StgValue><ssdm name="_ssdm_op_SpecLoopName"/></StgValue>
</bind>
</comp>

<comp id="56" class="1001" name="const_56">
<pin_list>
<pin id="57" dir="1" index="0" bw="1" slack="2147483647"/>
</pin_list>
<bind>
<StgValue><ssdm name="l_mh_separate_i20_l_j20_str"/></StgValue>
</bind>
</comp>

<comp id="58" class="1001" name="const_58">
<pin_list>
<pin id="59" dir="1" index="0" bw="1" slack="2147483647"/>
</pin_list>
<bind>
<StgValue><ssdm name="_ssdm_op_SpecLoopTripCount"/></StgValue>
</bind>
</comp>

<comp id="60" class="1001" name="const_60">
<pin_list>
<pin id="61" dir="1" index="0" bw="1" slack="2147483647"/>
</pin_list>
<bind>
<StgValue><ssdm name=""/></StgValue>
</bind>
</comp>

<comp id="62" class="1001" name="const_62">
<pin_list>
<pin id="63" dir="1" index="0" bw="1" slack="2147483647"/>
</pin_list>
<bind>
<StgValue><ssdm name="empty_13"/></StgValue>
</bind>
</comp>

<comp id="64" class="1004" name="j20_fu_64">
<pin_list>
<pin id="65" dir="0" index="0" bw="1" slack="0"/>
<pin id="66" dir="1" index="1" bw="7" slack="0"/>
</pin_list>
<bind>
<opcode="alloca(26) " fcode="alloca"/>
<opset="j20/1 "/>
</bind>
</comp>

<comp id="68" class="1004" name="i20_fu_68">
<pin_list>
<pin id="69" dir="0" index="0" bw="1" slack="0"/>
<pin id="70" dir="1" index="1" bw="4" slack="0"/>
</pin_list>
<bind>
<opcode="alloca(26) " fcode="alloca"/>
<opset="i20/1 "/>
</bind>
</comp>

<comp id="72" class="1004" name="indvar_flatten_fu_72">
<pin_list>
<pin id="73" dir="0" index="0" bw="1" slack="0"/>
<pin id="74" dir="1" index="1" bw="10" slack="0"/>
</pin_list>
<bind>
<opcode="alloca(26) " fcode="alloca"/>
<opset="indvar_flatten/1 "/>
</bind>
</comp>

<comp id="76" class="1004" name="tmp_read_read_fu_76">
<pin_list>
<pin id="77" dir="0" index="0" bw="10" slack="0"/>
<pin id="78" dir="0" index="1" bw="10" slack="0"/>
<pin id="79" dir="1" index="2" bw="10" slack="0"/>
</pin_list>
<bind>
<opcode="read(1150) " fcode="read"/>
<opset="tmp_read/1 "/>
</bind>
</comp>

<comp id="82" class="1004" name="v241_addr_gep_fu_82">
<pin_list>
<pin id="83" dir="0" index="0" bw="32" slack="0"/>
<pin id="84" dir="0" index="1" bw="1" slack="0"/>
<pin id="85" dir="0" index="2" bw="14" slack="0"/>
<pin id="86" dir="1" index="3" bw="14" slack="0"/>
</pin_list>
<bind>
<opcode="getelementptr(29) " fcode="getelementptr"/>
<opset="v241_addr/2 "/>
</bind>
</comp>

<comp id="89" class="1004" name="v242_addr_gep_fu_89">
<pin_list>
<pin id="90" dir="0" index="0" bw="32" slack="0"/>
<pin id="91" dir="0" index="1" bw="1" slack="0"/>
<pin id="92" dir="0" index="2" bw="14" slack="0"/>
<pin id="93" dir="1" index="3" bw="14" slack="0"/>
</pin_list>
<bind>
<opcode="getelementptr(29) " fcode="getelementptr"/>
<opset="v242_addr/2 "/>
</bind>
</comp>

<comp id="96" class="1004" name="v243_addr_gep_fu_96">
<pin_list>
<pin id="97" dir="0" index="0" bw="32" slack="0"/>
<pin id="98" dir="0" index="1" bw="1" slack="0"/>
<pin id="99" dir="0" index="2" bw="14" slack="0"/>
<pin id="100" dir="1" index="3" bw="14" slack="0"/>
</pin_list>
<bind>
<opcode="getelementptr(29) " fcode="getelementptr"/>
<opset="v243_addr/2 "/>
</bind>
</comp>

<comp id="103" class="1004" name="grp_access_fu_103">
<pin_list>
<pin id="104" dir="0" index="0" bw="14" slack="0"/>
<pin id="105" dir="0" index="1" bw="32" slack="2147483647"/>
<pin id="106" dir="0" index="2" bw="0" slack="2147483647"/>
<pin id="107" dir="1" index="3" bw="32" slack="0"/>
</pin_list>
<bind>
<opcode="load(27) " fcode="load"/>
<opset="v251/2 "/>
</bind>
</comp>

<comp id="109" class="1004" name="grp_access_fu_109">
<pin_list>
<pin id="110" dir="0" index="0" bw="14" slack="0"/>
<pin id="111" dir="0" index="1" bw="32" slack="2147483647"/>
<pin id="112" dir="0" index="2" bw="0" slack="2147483647"/>
<pin id="113" dir="1" index="3" bw="32" slack="0"/>
</pin_list>
<bind>
<opcode="load(27) " fcode="load"/>
<opset="v252/2 "/>
</bind>
</comp>

<comp id="115" class="1004" name="grp_access_fu_115">
<pin_list>
<pin id="116" dir="0" index="0" bw="14" slack="0"/>
<pin id="117" dir="0" index="1" bw="32" slack="2147483647"/>
<pin id="118" dir="0" index="2" bw="0" slack="2147483647"/>
<pin id="119" dir="1" index="3" bw="32" slack="0"/>
</pin_list>
<bind>
<opcode="load(27) " fcode="load"/>
<opset="v253/2 "/>
</bind>
</comp>

<comp id="121" class="1004" name="Q_h_addr_gep_fu_121">
<pin_list>
<pin id="122" dir="0" index="0" bw="32" slack="0"/>
<pin id="123" dir="0" index="1" bw="1" slack="0"/>
<pin id="124" dir="0" index="2" bw="10" slack="0"/>
<pin id="125" dir="1" index="3" bw="10" slack="0"/>
</pin_list>
<bind>
<opcode="getelementptr(29) " fcode="getelementptr"/>
<opset="Q_h_addr/3 "/>
</bind>
</comp>

<comp id="128" class="1004" name="K_h_addr_gep_fu_128">
<pin_list>
<pin id="129" dir="0" index="0" bw="32" slack="0"/>
<pin id="130" dir="0" index="1" bw="1" slack="0"/>
<pin id="131" dir="0" index="2" bw="10" slack="0"/>
<pin id="132" dir="1" index="3" bw="10" slack="0"/>
</pin_list>
<bind>
<opcode="getelementptr(29) " fcode="getelementptr"/>
<opset="K_h_addr/3 "/>
</bind>
</comp>

<comp id="135" class="1004" name="V_h_addr_gep_fu_135">
<pin_list>
<pin id="136" dir="0" index="0" bw="32" slack="0"/>
<pin id="137" dir="0" index="1" bw="1" slack="0"/>
<pin id="138" dir="0" index="2" bw="10" slack="0"/>
<pin id="139" dir="1" index="3" bw="10" slack="0"/>
</pin_list>
<bind>
<opcode="getelementptr(29) " fcode="getelementptr"/>
<opset="V_h_addr/3 "/>
</bind>
</comp>

<comp id="142" class="1004" name="store_ln421_access_fu_142">
<pin_list>
<pin id="143" dir="0" index="0" bw="10" slack="0"/>
<pin id="144" dir="0" index="1" bw="32" slack="0"/>
<pin id="145" dir="0" index="2" bw="0" slack="2147483647"/>
<pin id="146" dir="1" index="3" bw="32" slack="2147483647"/>
</pin_list>
<bind>
<opcode="store(28) " fcode="store"/>
<opset="store_ln421/3 "/>
</bind>
</comp>

<comp id="149" class="1004" name="store_ln423_access_fu_149">
<pin_list>
<pin id="150" dir="0" index="0" bw="10" slack="0"/>
<pin id="151" dir="0" index="1" bw="32" slack="0"/>
<pin id="152" dir="0" index="2" bw="0" slack="2147483647"/>
<pin id="153" dir="1" index="3" bw="32" slack="2147483647"/>
</pin_list>
<bind>
<opcode="store(28) " fcode="store"/>
<opset="store_ln423/3 "/>
</bind>
</comp>

<comp id="156" class="1004" name="store_ln425_access_fu_156">
<pin_list>
<pin id="157" dir="0" index="0" bw="10" slack="0"/>
<pin id="158" dir="0" index="1" bw="32" slack="0"/>
<pin id="159" dir="0" index="2" bw="0" slack="2147483647"/>
<pin id="160" dir="1" index="3" bw="32" slack="2147483647"/>
</pin_list>
<bind>
<opcode="store(28) " fcode="store"/>
<opset="store_ln425/3 "/>
</bind>
</comp>

<comp id="163" class="1004" name="store_ln0_store_fu_163">
<pin_list>
<pin id="164" dir="0" index="0" bw="1" slack="0"/>
<pin id="165" dir="0" index="1" bw="10" slack="0"/>
<pin id="166" dir="1" index="2" bw="0" slack="2147483647"/>
</pin_list>
<bind>
<opcode="store(28) " fcode="store"/>
<opset="store_ln0/1 "/>
</bind>
</comp>

<comp id="168" class="1004" name="store_ln0_store_fu_168">
<pin_list>
<pin id="169" dir="0" index="0" bw="1" slack="0"/>
<pin id="170" dir="0" index="1" bw="4" slack="0"/>
<pin id="171" dir="1" index="2" bw="0" slack="2147483647"/>
</pin_list>
<bind>
<opcode="store(28) " fcode="store"/>
<opset="store_ln0/1 "/>
</bind>
</comp>

<comp id="173" class="1004" name="store_ln0_store_fu_173">
<pin_list>
<pin id="174" dir="0" index="0" bw="1" slack="0"/>
<pin id="175" dir="0" index="1" bw="7" slack="0"/>
<pin id="176" dir="1" index="2" bw="0" slack="2147483647"/>
</pin_list>
<bind>
<opcode="store(28) " fcode="store"/>
<opset="store_ln0/1 "/>
</bind>
</comp>

<comp id="178" class="1004" name="indvar_flatten_load_load_fu_178">
<pin_list>
<pin id="179" dir="0" index="0" bw="10" slack="0"/>
<pin id="180" dir="1" index="1" bw="10" slack="0"/>
</pin_list>
<bind>
<opcode="load(27) " fcode="load"/>
<opset="indvar_flatten_load/1 "/>
</bind>
</comp>

<comp id="181" class="1004" name="icmp_ln418_fu_181">
<pin_list>
<pin id="182" dir="0" index="0" bw="10" slack="0"/>
<pin id="183" dir="0" index="1" bw="9" slack="0"/>
<pin id="184" dir="1" index="2" bw="1" slack="1"/>
</pin_list>
<bind>
<opcode="icmp(45) " fcode="icmp"/>
<opset="icmp_ln418/1 "/>
</bind>
</comp>

<comp id="187" class="1004" name="add_ln418_1_fu_187">
<pin_list>
<pin id="188" dir="0" index="0" bw="10" slack="0"/>
<pin id="189" dir="0" index="1" bw="1" slack="0"/>
<pin id="190" dir="1" index="2" bw="10" slack="0"/>
</pin_list>
<bind>
<opcode="add(8) " fcode="add"/>
<opset="add_ln418_1/1 "/>
</bind>
</comp>

<comp id="193" class="1004" name="j20_load_load_fu_193">
<pin_list>
<pin id="194" dir="0" index="0" bw="7" slack="0"/>
<pin id="195" dir="1" index="1" bw="7" slack="0"/>
</pin_list>
<bind>
<opcode="load(27) " fcode="load"/>
<opset="j20_load/1 "/>
</bind>
</comp>

<comp id="196" class="1004" name="i20_load_load_fu_196">
<pin_list>
<pin id="197" dir="0" index="0" bw="4" slack="0"/>
<pin id="198" dir="1" index="1" bw="4" slack="0"/>
</pin_list>
<bind>
<opcode="load(27) " fcode="load"/>
<opset="i20_load/1 "/>
</bind>
</comp>

<comp id="199" class="1004" name="add_ln418_fu_199">
<pin_list>
<pin id="200" dir="0" index="0" bw="4" slack="0"/>
<pin id="201" dir="0" index="1" bw="1" slack="0"/>
<pin id="202" dir="1" index="2" bw="4" slack="0"/>
</pin_list>
<bind>
<opcode="add(8) " fcode="add"/>
<opset="add_ln418/1 "/>
</bind>
</comp>

<comp id="205" class="1004" name="icmp_ln419_fu_205">
<pin_list>
<pin id="206" dir="0" index="0" bw="7" slack="0"/>
<pin id="207" dir="0" index="1" bw="7" slack="0"/>
<pin id="208" dir="1" index="2" bw="1" slack="0"/>
</pin_list>
<bind>
<opcode="icmp(45) " fcode="icmp"/>
<opset="icmp_ln419/1 "/>
</bind>
</comp>

<comp id="211" class="1004" name="select_ln418_fu_211">
<pin_list>
<pin id="212" dir="0" index="0" bw="1" slack="0"/>
<pin id="213" dir="0" index="1" bw="1" slack="0"/>
<pin id="214" dir="0" index="2" bw="7" slack="0"/>
<pin id="215" dir="1" index="3" bw="7" slack="0"/>
</pin_list>
<bind>
<opcode="select(49) " fcode="select"/>
<opset="select_ln418/1 "/>
</bind>
</comp>

<comp id="219" class="1004" name="select_ln418_1_fu_219">
<pin_list>
<pin id="220" dir="0" index="0" bw="1" slack="0"/>
<pin id="221" dir="0" index="1" bw="4" slack="0"/>
<pin id="222" dir="0" index="2" bw="4" slack="0"/>
<pin id="223" dir="1" index="3" bw="4" slack="0"/>
</pin_list>
<bind>
<opcode="select(49) " fcode="select"/>
<opset="select_ln418_1/1 "/>
</bind>
</comp>

<comp id="227" class="1004" name="zext_ln421_fu_227">
<pin_list>
<pin id="228" dir="0" index="0" bw="7" slack="0"/>
<pin id="229" dir="1" index="1" bw="10" slack="0"/>
</pin_list>
<bind>
<opcode="zext(34) " fcode="zext"/>
<opset="zext_ln421/1 "/>
</bind>
</comp>

<comp id="231" class="1004" name="add_ln420_fu_231">
<pin_list>
<pin id="232" dir="0" index="0" bw="7" slack="0"/>
<pin id="233" dir="0" index="1" bw="10" slack="0"/>
<pin id="234" dir="1" index="2" bw="10" slack="1"/>
</pin_list>
<bind>
<opcode="add(8) " fcode="add"/>
<opset="add_ln420/1 "/>
</bind>
</comp>

<comp id="237" class="1004" name="add_ln419_fu_237">
<pin_list>
<pin id="238" dir="0" index="0" bw="7" slack="0"/>
<pin id="239" dir="0" index="1" bw="1" slack="0"/>
<pin id="240" dir="1" index="2" bw="7" slack="0"/>
</pin_list>
<bind>
<opcode="add(8) " fcode="add"/>
<opset="add_ln419/1 "/>
</bind>
</comp>

<comp id="243" class="1004" name="store_ln419_store_fu_243">
<pin_list>
<pin id="244" dir="0" index="0" bw="10" slack="0"/>
<pin id="245" dir="0" index="1" bw="10" slack="0"/>
<pin id="246" dir="1" index="2" bw="0" slack="2147483647"/>
</pin_list>
<bind>
<opcode="store(28) " fcode="store"/>
<opset="store_ln419/1 "/>
</bind>
</comp>

<comp id="248" class="1004" name="store_ln419_store_fu_248">
<pin_list>
<pin id="249" dir="0" index="0" bw="4" slack="0"/>
<pin id="250" dir="0" index="1" bw="4" slack="0"/>
<pin id="251" dir="1" index="2" bw="0" slack="2147483647"/>
</pin_list>
<bind>
<opcode="store(28) " fcode="store"/>
<opset="store_ln419/1 "/>
</bind>
</comp>

<comp id="253" class="1004" name="store_ln419_store_fu_253">
<pin_list>
<pin id="254" dir="0" index="0" bw="7" slack="0"/>
<pin id="255" dir="0" index="1" bw="7" slack="0"/>
<pin id="256" dir="1" index="2" bw="0" slack="2147483647"/>
</pin_list>
<bind>
<opcode="store(28) " fcode="store"/>
<opset="store_ln419/1 "/>
</bind>
</comp>

<comp id="258" class="1004" name="tmp_s_fu_258">
<pin_list>
<pin id="259" dir="0" index="0" bw="14" slack="0"/>
<pin id="260" dir="0" index="1" bw="4" slack="1"/>
<pin id="261" dir="0" index="2" bw="1" slack="0"/>
<pin id="262" dir="1" index="3" bw="14" slack="0"/>
</pin_list>
<bind>
<opcode="bitconcatenate(1004) " fcode="bitconcatenate"/>
<opset="tmp_s/2 "/>
</bind>
</comp>

<comp id="265" class="1004" name="tmp_19_fu_265">
<pin_list>
<pin id="266" dir="0" index="0" bw="12" slack="0"/>
<pin id="267" dir="0" index="1" bw="4" slack="1"/>
<pin id="268" dir="0" index="2" bw="1" slack="0"/>
<pin id="269" dir="1" index="3" bw="12" slack="0"/>
</pin_list>
<bind>
<opcode="bitconcatenate(1004) " fcode="bitconcatenate"/>
<opset="tmp_19/2 "/>
</bind>
</comp>

<comp id="272" class="1004" name="zext_ln420_fu_272">
<pin_list>
<pin id="273" dir="0" index="0" bw="12" slack="0"/>
<pin id="274" dir="1" index="1" bw="14" slack="0"/>
</pin_list>
<bind>
<opcode="zext(34) " fcode="zext"/>
<opset="zext_ln420/2 "/>
</bind>
</comp>

<comp id="276" class="1004" name="sub_ln420_fu_276">
<pin_list>
<pin id="277" dir="0" index="0" bw="14" slack="0"/>
<pin id="278" dir="0" index="1" bw="12" slack="0"/>
<pin id="279" dir="1" index="2" bw="14" slack="0"/>
</pin_list>
<bind>
<opcode="sub(10) " fcode="sub"/>
<opset="sub_ln420/2 "/>
</bind>
</comp>

<comp id="282" class="1004" name="tmp_20_fu_282">
<pin_list>
<pin id="283" dir="0" index="0" bw="10" slack="0"/>
<pin id="284" dir="0" index="1" bw="4" slack="1"/>
<pin id="285" dir="0" index="2" bw="1" slack="0"/>
<pin id="286" dir="1" index="3" bw="10" slack="0"/>
</pin_list>
<bind>
<opcode="bitconcatenate(1004) " fcode="bitconcatenate"/>
<opset="tmp_20/2 "/>
</bind>
</comp>

<comp id="289" class="1004" name="add_ln421_fu_289">
<pin_list>
<pin id="290" dir="0" index="0" bw="10" slack="0"/>
<pin id="291" dir="0" index="1" bw="7" slack="1"/>
<pin id="292" dir="1" index="2" bw="10" slack="1"/>
</pin_list>
<bind>
<opcode="add(8) " fcode="add"/>
<opset="add_ln421/2 "/>
</bind>
</comp>

<comp id="294" class="1004" name="zext_ln420_1_fu_294">
<pin_list>
<pin id="295" dir="0" index="0" bw="10" slack="1"/>
<pin id="296" dir="1" index="1" bw="14" slack="0"/>
</pin_list>
<bind>
<opcode="zext(34) " fcode="zext"/>
<opset="zext_ln420_1/2 "/>
</bind>
</comp>

<comp id="297" class="1004" name="add_ln420_1_fu_297">
<pin_list>
<pin id="298" dir="0" index="0" bw="14" slack="0"/>
<pin id="299" dir="0" index="1" bw="10" slack="0"/>
<pin id="300" dir="1" index="2" bw="14" slack="0"/>
</pin_list>
<bind>
<opcode="add(8) " fcode="add"/>
<opset="add_ln420_1/2 "/>
</bind>
</comp>

<comp id="303" class="1004" name="zext_ln420_2_fu_303">
<pin_list>
<pin id="304" dir="0" index="0" bw="14" slack="0"/>
<pin id="305" dir="1" index="1" bw="64" slack="0"/>
</pin_list>
<bind>
<opcode="zext(34) " fcode="zext"/>
<opset="zext_ln420_2/2 "/>
</bind>
</comp>

<comp id="310" class="1004" name="zext_ln421_1_fu_310">
<pin_list>
<pin id="311" dir="0" index="0" bw="10" slack="1"/>
<pin id="312" dir="1" index="1" bw="64" slack="0"/>
</pin_list>
<bind>
<opcode="zext(34) " fcode="zext"/>
<opset="zext_ln421_1/3 "/>
</bind>
</comp>

<comp id="316" class="1005" name="j20_reg_316">
<pin_list>
<pin id="317" dir="0" index="0" bw="7" slack="0"/>
<pin id="318" dir="1" index="1" bw="7" slack="0"/>
</pin_list>
<bind>
<opset="j20 "/>
</bind>
</comp>

<comp id="323" class="1005" name="i20_reg_323">
<pin_list>
<pin id="324" dir="0" index="0" bw="4" slack="0"/>
<pin id="325" dir="1" index="1" bw="4" slack="0"/>
</pin_list>
<bind>
<opset="i20 "/>
</bind>
</comp>

<comp id="330" class="1005" name="indvar_flatten_reg_330">
<pin_list>
<pin id="331" dir="0" index="0" bw="10" slack="0"/>
<pin id="332" dir="1" index="1" bw="10" slack="0"/>
</pin_list>
<bind>
<opset="indvar_flatten "/>
</bind>
</comp>

<comp id="337" class="1005" name="icmp_ln418_reg_337">
<pin_list>
<pin id="338" dir="0" index="0" bw="1" slack="1"/>
<pin id="339" dir="1" index="1" bw="1" slack="2147483647"/>
</pin_list>
<bind>
<opset="icmp_ln418 "/>
</bind>
</comp>

<comp id="341" class="1005" name="select_ln418_1_reg_341">
<pin_list>
<pin id="342" dir="0" index="0" bw="4" slack="1"/>
<pin id="343" dir="1" index="1" bw="4" slack="1"/>
</pin_list>
<bind>
<opset="select_ln418_1 "/>
</bind>
</comp>

<comp id="348" class="1005" name="zext_ln421_reg_348">
<pin_list>
<pin id="349" dir="0" index="0" bw="10" slack="1"/>
<pin id="350" dir="1" index="1" bw="10" slack="1"/>
</pin_list>
<bind>
<opset="zext_ln421 "/>
</bind>
</comp>

<comp id="353" class="1005" name="add_ln420_reg_353">
<pin_list>
<pin id="354" dir="0" index="0" bw="10" slack="1"/>
<pin id="355" dir="1" index="1" bw="10" slack="1"/>
</pin_list>
<bind>
<opset="add_ln420 "/>
</bind>
</comp>

<comp id="358" class="1005" name="add_ln421_reg_358">
<pin_list>
<pin id="359" dir="0" index="0" bw="10" slack="1"/>
<pin id="360" dir="1" index="1" bw="10" slack="1"/>
</pin_list>
<bind>
<opset="add_ln421 "/>
</bind>
</comp>

<comp id="363" class="1005" name="v241_addr_reg_363">
<pin_list>
<pin id="364" dir="0" index="0" bw="14" slack="1"/>
<pin id="365" dir="1" index="1" bw="14" slack="1"/>
</pin_list>
<bind>
<opset="v241_addr "/>
</bind>
</comp>

<comp id="368" class="1005" name="v242_addr_reg_368">
<pin_list>
<pin id="369" dir="0" index="0" bw="14" slack="1"/>
<pin id="370" dir="1" index="1" bw="14" slack="1"/>
</pin_list>
<bind>
<opset="v242_addr "/>
</bind>
</comp>

<comp id="373" class="1005" name="v243_addr_reg_373">
<pin_list>
<pin id="374" dir="0" index="0" bw="14" slack="1"/>
<pin id="375" dir="1" index="1" bw="14" slack="1"/>
</pin_list>
<bind>
<opset="v243_addr "/>
</bind>
</comp>

</comp_list>

<net_list>
<net id="67"><net_src comp="14" pin="0"/><net_sink comp="64" pin=0"/></net>

<net id="71"><net_src comp="14" pin="0"/><net_sink comp="68" pin=0"/></net>

<net id="75"><net_src comp="14" pin="0"/><net_sink comp="72" pin=0"/></net>

<net id="80"><net_src comp="16" pin="0"/><net_sink comp="76" pin=0"/></net>

<net id="81"><net_src comp="6" pin="0"/><net_sink comp="76" pin=1"/></net>

<net id="87"><net_src comp="8" pin="0"/><net_sink comp="82" pin=0"/></net>

<net id="88"><net_src comp="52" pin="0"/><net_sink comp="82" pin=1"/></net>

<net id="94"><net_src comp="10" pin="0"/><net_sink comp="89" pin=0"/></net>

<net id="95"><net_src comp="52" pin="0"/><net_sink comp="89" pin=1"/></net>

<net id="101"><net_src comp="12" pin="0"/><net_sink comp="96" pin=0"/></net>

<net id="102"><net_src comp="52" pin="0"/><net_sink comp="96" pin=1"/></net>

<net id="108"><net_src comp="82" pin="3"/><net_sink comp="103" pin=0"/></net>

<net id="114"><net_src comp="89" pin="3"/><net_sink comp="109" pin=0"/></net>

<net id="120"><net_src comp="96" pin="3"/><net_sink comp="115" pin=0"/></net>

<net id="126"><net_src comp="0" pin="0"/><net_sink comp="121" pin=0"/></net>

<net id="127"><net_src comp="52" pin="0"/><net_sink comp="121" pin=1"/></net>

<net id="133"><net_src comp="2" pin="0"/><net_sink comp="128" pin=0"/></net>

<net id="134"><net_src comp="52" pin="0"/><net_sink comp="128" pin=1"/></net>

<net id="140"><net_src comp="4" pin="0"/><net_sink comp="135" pin=0"/></net>

<net id="141"><net_src comp="52" pin="0"/><net_sink comp="135" pin=1"/></net>

<net id="147"><net_src comp="103" pin="3"/><net_sink comp="142" pin=1"/></net>

<net id="148"><net_src comp="121" pin="3"/><net_sink comp="142" pin=0"/></net>

<net id="154"><net_src comp="109" pin="3"/><net_sink comp="149" pin=1"/></net>

<net id="155"><net_src comp="128" pin="3"/><net_sink comp="149" pin=0"/></net>

<net id="161"><net_src comp="115" pin="3"/><net_sink comp="156" pin=1"/></net>

<net id="162"><net_src comp="135" pin="3"/><net_sink comp="156" pin=0"/></net>

<net id="167"><net_src comp="18" pin="0"/><net_sink comp="163" pin=0"/></net>

<net id="172"><net_src comp="20" pin="0"/><net_sink comp="168" pin=0"/></net>

<net id="177"><net_src comp="22" pin="0"/><net_sink comp="173" pin=0"/></net>

<net id="185"><net_src comp="178" pin="1"/><net_sink comp="181" pin=0"/></net>

<net id="186"><net_src comp="32" pin="0"/><net_sink comp="181" pin=1"/></net>

<net id="191"><net_src comp="178" pin="1"/><net_sink comp="187" pin=0"/></net>

<net id="192"><net_src comp="34" pin="0"/><net_sink comp="187" pin=1"/></net>

<net id="203"><net_src comp="196" pin="1"/><net_sink comp="199" pin=0"/></net>

<net id="204"><net_src comp="36" pin="0"/><net_sink comp="199" pin=1"/></net>

<net id="209"><net_src comp="193" pin="1"/><net_sink comp="205" pin=0"/></net>

<net id="210"><net_src comp="38" pin="0"/><net_sink comp="205" pin=1"/></net>

<net id="216"><net_src comp="205" pin="2"/><net_sink comp="211" pin=0"/></net>

<net id="217"><net_src comp="22" pin="0"/><net_sink comp="211" pin=1"/></net>

<net id="218"><net_src comp="193" pin="1"/><net_sink comp="211" pin=2"/></net>

<net id="224"><net_src comp="205" pin="2"/><net_sink comp="219" pin=0"/></net>

<net id="225"><net_src comp="199" pin="2"/><net_sink comp="219" pin=1"/></net>

<net id="226"><net_src comp="196" pin="1"/><net_sink comp="219" pin=2"/></net>

<net id="230"><net_src comp="211" pin="3"/><net_sink comp="227" pin=0"/></net>

<net id="235"><net_src comp="227" pin="1"/><net_sink comp="231" pin=0"/></net>

<net id="236"><net_src comp="76" pin="2"/><net_sink comp="231" pin=1"/></net>

<net id="241"><net_src comp="211" pin="3"/><net_sink comp="237" pin=0"/></net>

<net id="242"><net_src comp="40" pin="0"/><net_sink comp="237" pin=1"/></net>

<net id="247"><net_src comp="187" pin="2"/><net_sink comp="243" pin=0"/></net>

<net id="252"><net_src comp="219" pin="3"/><net_sink comp="248" pin=0"/></net>

<net id="257"><net_src comp="237" pin="2"/><net_sink comp="253" pin=0"/></net>

<net id="263"><net_src comp="42" pin="0"/><net_sink comp="258" pin=0"/></net>

<net id="264"><net_src comp="18" pin="0"/><net_sink comp="258" pin=2"/></net>

<net id="270"><net_src comp="44" pin="0"/><net_sink comp="265" pin=0"/></net>

<net id="271"><net_src comp="46" pin="0"/><net_sink comp="265" pin=2"/></net>

<net id="275"><net_src comp="265" pin="3"/><net_sink comp="272" pin=0"/></net>

<net id="280"><net_src comp="258" pin="3"/><net_sink comp="276" pin=0"/></net>

<net id="281"><net_src comp="272" pin="1"/><net_sink comp="276" pin=1"/></net>

<net id="287"><net_src comp="48" pin="0"/><net_sink comp="282" pin=0"/></net>

<net id="288"><net_src comp="50" pin="0"/><net_sink comp="282" pin=2"/></net>

<net id="293"><net_src comp="282" pin="3"/><net_sink comp="289" pin=0"/></net>

<net id="301"><net_src comp="276" pin="2"/><net_sink comp="297" pin=0"/></net>

<net id="302"><net_src comp="294" pin="1"/><net_sink comp="297" pin=1"/></net>

<net id="306"><net_src comp="297" pin="2"/><net_sink comp="303" pin=0"/></net>

<net id="307"><net_src comp="303" pin="1"/><net_sink comp="82" pin=2"/></net>

<net id="308"><net_src comp="303" pin="1"/><net_sink comp="89" pin=2"/></net>

<net id="309"><net_src comp="303" pin="1"/><net_sink comp="96" pin=2"/></net>

<net id="313"><net_src comp="310" pin="1"/><net_sink comp="121" pin=2"/></net>

<net id="314"><net_src comp="310" pin="1"/><net_sink comp="128" pin=2"/></net>

<net id="315"><net_src comp="310" pin="1"/><net_sink comp="135" pin=2"/></net>

<net id="319"><net_src comp="64" pin="1"/><net_sink comp="316" pin=0"/></net>

<net id="320"><net_src comp="316" pin="1"/><net_sink comp="173" pin=1"/></net>

<net id="321"><net_src comp="316" pin="1"/><net_sink comp="193" pin=0"/></net>

<net id="322"><net_src comp="316" pin="1"/><net_sink comp="253" pin=1"/></net>

<net id="326"><net_src comp="68" pin="1"/><net_sink comp="323" pin=0"/></net>

<net id="327"><net_src comp="323" pin="1"/><net_sink comp="168" pin=1"/></net>

<net id="328"><net_src comp="323" pin="1"/><net_sink comp="196" pin=0"/></net>

<net id="329"><net_src comp="323" pin="1"/><net_sink comp="248" pin=1"/></net>

<net id="333"><net_src comp="72" pin="1"/><net_sink comp="330" pin=0"/></net>

<net id="334"><net_src comp="330" pin="1"/><net_sink comp="163" pin=1"/></net>

<net id="335"><net_src comp="330" pin="1"/><net_sink comp="178" pin=0"/></net>

<net id="336"><net_src comp="330" pin="1"/><net_sink comp="243" pin=1"/></net>

<net id="340"><net_src comp="181" pin="2"/><net_sink comp="337" pin=0"/></net>

<net id="344"><net_src comp="219" pin="3"/><net_sink comp="341" pin=0"/></net>

<net id="345"><net_src comp="341" pin="1"/><net_sink comp="258" pin=1"/></net>

<net id="346"><net_src comp="341" pin="1"/><net_sink comp="265" pin=1"/></net>

<net id="347"><net_src comp="341" pin="1"/><net_sink comp="282" pin=1"/></net>

<net id="351"><net_src comp="227" pin="1"/><net_sink comp="348" pin=0"/></net>

<net id="352"><net_src comp="348" pin="1"/><net_sink comp="289" pin=1"/></net>

<net id="356"><net_src comp="231" pin="2"/><net_sink comp="353" pin=0"/></net>

<net id="357"><net_src comp="353" pin="1"/><net_sink comp="294" pin=0"/></net>

<net id="361"><net_src comp="289" pin="2"/><net_sink comp="358" pin=0"/></net>

<net id="362"><net_src comp="358" pin="1"/><net_sink comp="310" pin=0"/></net>

<net id="366"><net_src comp="82" pin="3"/><net_sink comp="363" pin=0"/></net>

<net id="367"><net_src comp="363" pin="1"/><net_sink comp="103" pin=0"/></net>

<net id="371"><net_src comp="89" pin="3"/><net_sink comp="368" pin=0"/></net>

<net id="372"><net_src comp="368" pin="1"/><net_sink comp="109" pin=0"/></net>

<net id="376"><net_src comp="96" pin="3"/><net_sink comp="373" pin=0"/></net>

<net id="377"><net_src comp="373" pin="1"/><net_sink comp="115" pin=0"/></net>

</net_list>

</model> 
---------------- Datapath Model END ------------------

* FSMD analyzer results:
  - Output states:
	Port: Q_h | {3 }
	Port: K_h | {3 }
	Port: V_h | {3 }
 - Input state : 
	Port: Self_attention_Pipeline_l_mh_separate_i20_l_j20 : tmp | {1 }
	Port: Self_attention_Pipeline_l_mh_separate_i20_l_j20 : v241 | {2 3 }
	Port: Self_attention_Pipeline_l_mh_separate_i20_l_j20 : v242 | {2 3 }
	Port: Self_attention_Pipeline_l_mh_separate_i20_l_j20 : v243 | {2 3 }
  - Chain level:
	State 1
		store_ln0 : 1
		store_ln0 : 1
		store_ln0 : 1
		indvar_flatten_load : 1
		icmp_ln418 : 2
		add_ln418_1 : 2
		br_ln418 : 3
		j20_load : 1
		i20_load : 1
		add_ln418 : 2
		icmp_ln419 : 2
		select_ln418 : 3
		select_ln418_1 : 3
		zext_ln421 : 4
		add_ln420 : 5
		add_ln419 : 4
		store_ln419 : 3
		store_ln419 : 4
		store_ln419 : 5
	State 2
		zext_ln420 : 1
		sub_ln420 : 2
		add_ln421 : 1
		add_ln420_1 : 3
		zext_ln420_2 : 4
		v241_addr : 5
		v242_addr : 5
		v243_addr : 5
		v251 : 6
		v252 : 6
		v253 : 6
	State 3
		Q_h_addr : 1
		K_h_addr : 1
		V_h_addr : 1
		store_ln421 : 2
		store_ln423 : 2
		store_ln425 : 2


============================================================
+ Verbose Summary: Datapath Resource usage 
============================================================

* Functional unit list:
|----------|-----------------------|---------|---------|
| Operation|    Functional Unit    |    FF   |   LUT   |
|----------|-----------------------|---------|---------|
|          |   add_ln418_1_fu_187  |    0    |    13   |
|          |    add_ln418_fu_199   |    0    |    13   |
|    add   |    add_ln420_fu_231   |    0    |    13   |
|          |    add_ln419_fu_237   |    0    |    14   |
|          |    add_ln421_fu_289   |    0    |    13   |
|          |   add_ln420_1_fu_297  |    0    |    14   |
|----------|-----------------------|---------|---------|
|   icmp   |   icmp_ln418_fu_181   |    0    |    11   |
|          |   icmp_ln419_fu_205   |    0    |    10   |
|----------|-----------------------|---------|---------|
|    sub   |    sub_ln420_fu_276   |    0    |    14   |
|----------|-----------------------|---------|---------|
|  select  |  select_ln418_fu_211  |    0    |    7    |
|          | select_ln418_1_fu_219 |    0    |    4    |
|----------|-----------------------|---------|---------|
|   read   |  tmp_read_read_fu_76  |    0    |    0    |
|----------|-----------------------|---------|---------|
|          |   zext_ln421_fu_227   |    0    |    0    |
|          |   zext_ln420_fu_272   |    0    |    0    |
|   zext   |  zext_ln420_1_fu_294  |    0    |    0    |
|          |  zext_ln420_2_fu_303  |    0    |    0    |
|          |  zext_ln421_1_fu_310  |    0    |    0    |
|----------|-----------------------|---------|---------|
|          |      tmp_s_fu_258     |    0    |    0    |
|bitconcatenate|     tmp_19_fu_265     |    0    |    0    |
|          |     tmp_20_fu_282     |    0    |    0    |
|----------|-----------------------|---------|---------|
|   Total  |                       |    0    |   126   |
|----------|-----------------------|---------|---------|

Memories:
N/A

* Register list:
+----------------------+--------+
|                      |   FF   |
+----------------------+--------+
|   add_ln420_reg_353  |   10   |
|   add_ln421_reg_358  |   10   |
|      i20_reg_323     |    4   |
|  icmp_ln418_reg_337  |    1   |
|indvar_flatten_reg_330|   10   |
|      j20_reg_316     |    7   |
|select_ln418_1_reg_341|    4   |
|   v241_addr_reg_363  |   14   |
|   v242_addr_reg_368  |   14   |
|   v243_addr_reg_373  |   14   |
|  zext_ln421_reg_348  |   10   |
+----------------------+--------+
|         Total        |   98   |
+----------------------+--------+

* Multiplexer (MUX) list: 
|-------------------|------|------|------|--------||---------||---------|
|        Comp       |  Pin | Size |  BW  | S x BW ||  Delay  ||   LUT   |
|-------------------|------|------|------|--------||---------||---------|
| grp_access_fu_103 |  p0  |   2  |  14  |   28   ||    9    |
| grp_access_fu_109 |  p0  |   2  |  14  |   28   ||    9    |
| grp_access_fu_115 |  p0  |   2  |  14  |   28   ||    9    |
|-------------------|------|------|------|--------||---------||---------|
|       Total       |      |      |      |   84   ||  4.764  ||    27   |
|-------------------|------|------|------|--------||---------||---------|



* Summary:
+-----------+--------+--------+--------+
|           |  Delay |   FF   |   LUT  |
+-----------+--------+--------+--------+
|  Function |    -   |    0   |   126  |
|   Memory  |    -   |    -   |    -   |
|Multiplexer|    4   |    -   |   27   |
|  Register |    -   |   98   |    -   |
+-----------+--------+--------+--------+
|   Total   |    4   |   98   |   153  |
+-----------+--------+--------+--------+
