

================================================================
== Vitis HLS Report for 'dataflow_parent_loop_proc493'
================================================================
* Date:           Tue Sep  5 22:48:43 2023

* Version:        2019.2.1 (Build 2729669 on Thu Dec 05 05:13:00 MST 2019)
* Project:        out.prj
* Solution:       solution1
* Product family: virtexuplus
* Target device:  xcu280-fsvh2892-2L-e


================================================================
== Performance Estimates
================================================================
+ Timing: 
    * Summary: 
    +--------+---------+----------+------------+
    |  Clock |  Target | Estimated| Uncertainty|
    +--------+---------+----------+------------+
    |ap_clk  | 3.33 ns | 2.929 ns |   0.90 ns  |
    +--------+---------+----------+------------+

+ Latency: 
    * Summary: 
    +---------+---------+----------+----------+--------+--------+---------+
    |  Latency (cycles) |  Latency (absolute) |     Interval    | Pipeline|
    |   min   |   max   |    min   |    max   |   min  |   max  |   Type  |
    +---------+---------+----------+----------+--------+--------+---------+
    |   295105|   295105| 0.984 ms | 0.984 ms |  295105|  295105|   none  |
    +---------+---------+----------+----------+--------+--------+---------+

    + Detail: 
        * Instance: 
        +------------------------+---------------------+---------+---------+-----------+-----------+------+------+----------+
        |                        |                     |  Latency (cycles) |   Latency (absolute)  |   Interval  | Pipeline |
        |        Instance        |        Module       |   min   |   max   |    min    |    max    |  min |  max |   Type   |
        +------------------------+---------------------+---------+---------+-----------+-----------+------+------+----------+
        |dataflow_in_loop477_U0  |dataflow_in_loop477  |     4610|     4610| 15.365 us | 15.365 us |  4611|  4611| dataflow |
        +------------------------+---------------------+---------+---------+-----------+-----------+------+------+----------+

        * Loop: 
        +----------+---------+---------+----------+-----------+-----------+------+----------+
        |          |  Latency (cycles) | Iteration|  Initiation Interval  | Trip |          |
        | Loop Name|   min   |   max   |  Latency |  achieved |   target  | Count| Pipelined|
        +----------+---------+---------+----------+-----------+-----------+------+----------+
        |- Loop 1  |   295104|   295104|      4612|          -|          -|    64|    no    |
        +----------+---------+---------+----------+-----------+-----------+------+----------+



================================================================
== Utilization Estimates
================================================================
* Summary: 
+---------------------+---------+------+---------+---------+-----+
|         Name        | BRAM_18K|  DSP |    FF   |   LUT   | URAM|
+---------------------+---------+------+---------+---------+-----+
|DSP                  |        -|     -|        -|        -|    -|
|Expression           |        -|     -|        0|       22|    -|
|FIFO                 |        -|     -|        -|        -|    -|
|Instance             |        0|   288|    98353|    68482|    -|
|Memory               |        -|     -|        -|        -|    -|
|Multiplexer          |        -|     -|        -|       18|    -|
|Register             |        -|     -|       14|        -|    -|
+---------------------+---------+------+---------+---------+-----+
|Total                |        0|   288|    98367|    68522|    0|
+---------------------+---------+------+---------+---------+-----+
|Available SLR        |     1344|  3008|   869120|   434560|  320|
+---------------------+---------+------+---------+---------+-----+
|Utilization SLR (%)  |        0|     9|       11|       15|    0|
+---------------------+---------+------+---------+---------+-----+
|Available            |     4032|  9024|  2607360|  1303680|  960|
+---------------------+---------+------+---------+---------+-----+
|Utilization (%)      |        0|     3|        3|        5|    0|
+---------------------+---------+------+---------+---------+-----+

+ Detail: 
    * Instance: 
    +------------------------+---------------------+---------+-----+-------+-------+-----+
    |        Instance        |        Module       | BRAM_18K| DSP |   FF  |  LUT  | URAM|
    +------------------------+---------------------+---------+-----+-------+-------+-----+
    |dataflow_in_loop477_U0  |dataflow_in_loop477  |        0|  288|  98353|  68482|    0|
    +------------------------+---------------------+---------+-----+-------+-------+-----+
    |Total                   |                     |        0|  288|  98353|  68482|    0|
    +------------------------+---------------------+---------+-----+-------+-------+-----+

    * DSP: 
    N/A

    * Memory: 
    N/A

    * FIFO: 
    N/A

    * Expression: 
    +----------------------------+----------+----+---+----+------------+------------+
    |        Variable Name       | Operation| DSP| FF| LUT| Bitwidth P0| Bitwidth P1|
    +----------------------------+----------+----+---+----+------------+------------+
    |loop_dataflow_input_count   |     +    |   0|  0|   7|           7|           1|
    |loop_dataflow_output_count  |     +    |   0|  0|   7|           7|           1|
    |bound_minus_1               |     -    |   0|  0|   8|           8|           1|
    +----------------------------+----------+----+---+----+------------+------------+
    |Total                       |          |   0|  0|  22|          22|           3|
    +----------------------------+----------+----+---+----+------------+------------+

    * Multiplexer: 
    +----------------------------+----+-----------+-----+-----------+
    |            Name            | LUT| Input Size| Bits| Total Bits|
    +----------------------------+----+-----------+-----+-----------+
    |loop_dataflow_input_count   |   9|          2|    7|         14|
    |loop_dataflow_output_count  |   9|          2|    7|         14|
    +----------------------------+----+-----------+-----+-----------+
    |Total                       |  18|          4|   14|         28|
    +----------------------------+----+-----------+-----+-----------+

    * Register: 
    +----------------------------+---+----+-----+-----------+
    |            Name            | FF| LUT| Bits| Const Bits|
    +----------------------------+---+----+-----+-----------+
    |loop_dataflow_input_count   |  7|   0|    7|          0|
    |loop_dataflow_output_count  |  7|   0|    7|          0|
    +----------------------------+---+----+-----+-----------+
    |Total                       | 14|   0|   14|          0|
    +----------------------------+---+----+-----+-----------+



================================================================
== Interface
================================================================
* Summary: 
+--------------------+-----+-----+------------+------------------------------+--------------+
|      RTL Ports     | Dir | Bits|  Protocol  |         Source Object        |    C Type    |
+--------------------+-----+-----+------------+------------------------------+--------------+
|v106_V_address0     | out |   14|  ap_memory |            v106_V            |     array    |
|v106_V_ce0          | out |    1|  ap_memory |            v106_V            |     array    |
|v106_V_d0           | out |   24|  ap_memory |            v106_V            |     array    |
|v106_V_q0           |  in |   24|  ap_memory |            v106_V            |     array    |
|v106_V_we0          | out |    1|  ap_memory |            v106_V            |     array    |
|v106_V_address1     | out |   14|  ap_memory |            v106_V            |     array    |
|v106_V_ce1          | out |    1|  ap_memory |            v106_V            |     array    |
|v106_V_d1           | out |   24|  ap_memory |            v106_V            |     array    |
|v106_V_q1           |  in |   24|  ap_memory |            v106_V            |     array    |
|v106_V_we1          | out |    1|  ap_memory |            v106_V            |     array    |
|v107_V_address0     | out |   16|  ap_memory |            v107_V            |     array    |
|v107_V_ce0          | out |    1|  ap_memory |            v107_V            |     array    |
|v107_V_d0           | out |   24|  ap_memory |            v107_V            |     array    |
|v107_V_q0           |  in |   24|  ap_memory |            v107_V            |     array    |
|v107_V_we0          | out |    1|  ap_memory |            v107_V            |     array    |
|v107_V_address1     | out |   16|  ap_memory |            v107_V            |     array    |
|v107_V_ce1          | out |    1|  ap_memory |            v107_V            |     array    |
|v107_V_d1           | out |   24|  ap_memory |            v107_V            |     array    |
|v107_V_q1           |  in |   24|  ap_memory |            v107_V            |     array    |
|v107_V_we1          | out |    1|  ap_memory |            v107_V            |     array    |
|v107_1_V_address0   | out |   16|  ap_memory |           v107_1_V           |     array    |
|v107_1_V_ce0        | out |    1|  ap_memory |           v107_1_V           |     array    |
|v107_1_V_d0         | out |   24|  ap_memory |           v107_1_V           |     array    |
|v107_1_V_q0         |  in |   24|  ap_memory |           v107_1_V           |     array    |
|v107_1_V_we0        | out |    1|  ap_memory |           v107_1_V           |     array    |
|v107_1_V_address1   | out |   16|  ap_memory |           v107_1_V           |     array    |
|v107_1_V_ce1        | out |    1|  ap_memory |           v107_1_V           |     array    |
|v107_1_V_d1         | out |   24|  ap_memory |           v107_1_V           |     array    |
|v107_1_V_q1         |  in |   24|  ap_memory |           v107_1_V           |     array    |
|v107_1_V_we1        | out |    1|  ap_memory |           v107_1_V           |     array    |
|v107_2_V_address0   | out |   16|  ap_memory |           v107_2_V           |     array    |
|v107_2_V_ce0        | out |    1|  ap_memory |           v107_2_V           |     array    |
|v107_2_V_d0         | out |   24|  ap_memory |           v107_2_V           |     array    |
|v107_2_V_q0         |  in |   24|  ap_memory |           v107_2_V           |     array    |
|v107_2_V_we0        | out |    1|  ap_memory |           v107_2_V           |     array    |
|v107_2_V_address1   | out |   16|  ap_memory |           v107_2_V           |     array    |
|v107_2_V_ce1        | out |    1|  ap_memory |           v107_2_V           |     array    |
|v107_2_V_d1         | out |   24|  ap_memory |           v107_2_V           |     array    |
|v107_2_V_q1         |  in |   24|  ap_memory |           v107_2_V           |     array    |
|v107_2_V_we1        | out |    1|  ap_memory |           v107_2_V           |     array    |
|v107_3_V_address0   | out |   16|  ap_memory |           v107_3_V           |     array    |
|v107_3_V_ce0        | out |    1|  ap_memory |           v107_3_V           |     array    |
|v107_3_V_d0         | out |   24|  ap_memory |           v107_3_V           |     array    |
|v107_3_V_q0         |  in |   24|  ap_memory |           v107_3_V           |     array    |
|v107_3_V_we0        | out |    1|  ap_memory |           v107_3_V           |     array    |
|v107_3_V_address1   | out |   16|  ap_memory |           v107_3_V           |     array    |
|v107_3_V_ce1        | out |    1|  ap_memory |           v107_3_V           |     array    |
|v107_3_V_d1         | out |   24|  ap_memory |           v107_3_V           |     array    |
|v107_3_V_q1         |  in |   24|  ap_memory |           v107_3_V           |     array    |
|v107_3_V_we1        | out |    1|  ap_memory |           v107_3_V           |     array    |
|v107_4_V_address0   | out |   16|  ap_memory |           v107_4_V           |     array    |
|v107_4_V_ce0        | out |    1|  ap_memory |           v107_4_V           |     array    |
|v107_4_V_d0         | out |   24|  ap_memory |           v107_4_V           |     array    |
|v107_4_V_q0         |  in |   24|  ap_memory |           v107_4_V           |     array    |
|v107_4_V_we0        | out |    1|  ap_memory |           v107_4_V           |     array    |
|v107_4_V_address1   | out |   16|  ap_memory |           v107_4_V           |     array    |
|v107_4_V_ce1        | out |    1|  ap_memory |           v107_4_V           |     array    |
|v107_4_V_d1         | out |   24|  ap_memory |           v107_4_V           |     array    |
|v107_4_V_q1         |  in |   24|  ap_memory |           v107_4_V           |     array    |
|v107_4_V_we1        | out |    1|  ap_memory |           v107_4_V           |     array    |
|v107_5_V_address0   | out |   16|  ap_memory |           v107_5_V           |     array    |
|v107_5_V_ce0        | out |    1|  ap_memory |           v107_5_V           |     array    |
|v107_5_V_d0         | out |   24|  ap_memory |           v107_5_V           |     array    |
|v107_5_V_q0         |  in |   24|  ap_memory |           v107_5_V           |     array    |
|v107_5_V_we0        | out |    1|  ap_memory |           v107_5_V           |     array    |
|v107_5_V_address1   | out |   16|  ap_memory |           v107_5_V           |     array    |
|v107_5_V_ce1        | out |    1|  ap_memory |           v107_5_V           |     array    |
|v107_5_V_d1         | out |   24|  ap_memory |           v107_5_V           |     array    |
|v107_5_V_q1         |  in |   24|  ap_memory |           v107_5_V           |     array    |
|v107_5_V_we1        | out |    1|  ap_memory |           v107_5_V           |     array    |
|v107_6_V_address0   | out |   16|  ap_memory |           v107_6_V           |     array    |
|v107_6_V_ce0        | out |    1|  ap_memory |           v107_6_V           |     array    |
|v107_6_V_d0         | out |   24|  ap_memory |           v107_6_V           |     array    |
|v107_6_V_q0         |  in |   24|  ap_memory |           v107_6_V           |     array    |
|v107_6_V_we0        | out |    1|  ap_memory |           v107_6_V           |     array    |
|v107_6_V_address1   | out |   16|  ap_memory |           v107_6_V           |     array    |
|v107_6_V_ce1        | out |    1|  ap_memory |           v107_6_V           |     array    |
|v107_6_V_d1         | out |   24|  ap_memory |           v107_6_V           |     array    |
|v107_6_V_q1         |  in |   24|  ap_memory |           v107_6_V           |     array    |
|v107_6_V_we1        | out |    1|  ap_memory |           v107_6_V           |     array    |
|v107_7_V_address0   | out |   16|  ap_memory |           v107_7_V           |     array    |
|v107_7_V_ce0        | out |    1|  ap_memory |           v107_7_V           |     array    |
|v107_7_V_d0         | out |   24|  ap_memory |           v107_7_V           |     array    |
|v107_7_V_q0         |  in |   24|  ap_memory |           v107_7_V           |     array    |
|v107_7_V_we0        | out |    1|  ap_memory |           v107_7_V           |     array    |
|v107_7_V_address1   | out |   16|  ap_memory |           v107_7_V           |     array    |
|v107_7_V_ce1        | out |    1|  ap_memory |           v107_7_V           |     array    |
|v107_7_V_d1         | out |   24|  ap_memory |           v107_7_V           |     array    |
|v107_7_V_q1         |  in |   24|  ap_memory |           v107_7_V           |     array    |
|v107_7_V_we1        | out |    1|  ap_memory |           v107_7_V           |     array    |
|v107_8_V_address0   | out |   16|  ap_memory |           v107_8_V           |     array    |
|v107_8_V_ce0        | out |    1|  ap_memory |           v107_8_V           |     array    |
|v107_8_V_d0         | out |   24|  ap_memory |           v107_8_V           |     array    |
|v107_8_V_q0         |  in |   24|  ap_memory |           v107_8_V           |     array    |
|v107_8_V_we0        | out |    1|  ap_memory |           v107_8_V           |     array    |
|v107_8_V_address1   | out |   16|  ap_memory |           v107_8_V           |     array    |
|v107_8_V_ce1        | out |    1|  ap_memory |           v107_8_V           |     array    |
|v107_8_V_d1         | out |   24|  ap_memory |           v107_8_V           |     array    |
|v107_8_V_q1         |  in |   24|  ap_memory |           v107_8_V           |     array    |
|v107_8_V_we1        | out |    1|  ap_memory |           v107_8_V           |     array    |
|v107_9_V_address0   | out |   16|  ap_memory |           v107_9_V           |     array    |
|v107_9_V_ce0        | out |    1|  ap_memory |           v107_9_V           |     array    |
|v107_9_V_d0         | out |   24|  ap_memory |           v107_9_V           |     array    |
|v107_9_V_q0         |  in |   24|  ap_memory |           v107_9_V           |     array    |
|v107_9_V_we0        | out |    1|  ap_memory |           v107_9_V           |     array    |
|v107_9_V_address1   | out |   16|  ap_memory |           v107_9_V           |     array    |
|v107_9_V_ce1        | out |    1|  ap_memory |           v107_9_V           |     array    |
|v107_9_V_d1         | out |   24|  ap_memory |           v107_9_V           |     array    |
|v107_9_V_q1         |  in |   24|  ap_memory |           v107_9_V           |     array    |
|v107_9_V_we1        | out |    1|  ap_memory |           v107_9_V           |     array    |
|v107_10_V_address0  | out |   16|  ap_memory |           v107_10_V          |     array    |
|v107_10_V_ce0       | out |    1|  ap_memory |           v107_10_V          |     array    |
|v107_10_V_d0        | out |   24|  ap_memory |           v107_10_V          |     array    |
|v107_10_V_q0        |  in |   24|  ap_memory |           v107_10_V          |     array    |
|v107_10_V_we0       | out |    1|  ap_memory |           v107_10_V          |     array    |
|v107_10_V_address1  | out |   16|  ap_memory |           v107_10_V          |     array    |
|v107_10_V_ce1       | out |    1|  ap_memory |           v107_10_V          |     array    |
|v107_10_V_d1        | out |   24|  ap_memory |           v107_10_V          |     array    |
|v107_10_V_q1        |  in |   24|  ap_memory |           v107_10_V          |     array    |
|v107_10_V_we1       | out |    1|  ap_memory |           v107_10_V          |     array    |
|v107_11_V_address0  | out |   16|  ap_memory |           v107_11_V          |     array    |
|v107_11_V_ce0       | out |    1|  ap_memory |           v107_11_V          |     array    |
|v107_11_V_d0        | out |   24|  ap_memory |           v107_11_V          |     array    |
|v107_11_V_q0        |  in |   24|  ap_memory |           v107_11_V          |     array    |
|v107_11_V_we0       | out |    1|  ap_memory |           v107_11_V          |     array    |
|v107_11_V_address1  | out |   16|  ap_memory |           v107_11_V          |     array    |
|v107_11_V_ce1       | out |    1|  ap_memory |           v107_11_V          |     array    |
|v107_11_V_d1        | out |   24|  ap_memory |           v107_11_V          |     array    |
|v107_11_V_q1        |  in |   24|  ap_memory |           v107_11_V          |     array    |
|v107_11_V_we1       | out |    1|  ap_memory |           v107_11_V          |     array    |
|v109_V_address0     | out |   14|  ap_memory |            v109_V            |     array    |
|v109_V_ce0          | out |    1|  ap_memory |            v109_V            |     array    |
|v109_V_d0           | out |   24|  ap_memory |            v109_V            |     array    |
|v109_V_q0           |  in |   24|  ap_memory |            v109_V            |     array    |
|v109_V_we0          | out |    1|  ap_memory |            v109_V            |     array    |
|v109_V_address1     | out |   14|  ap_memory |            v109_V            |     array    |
|v109_V_ce1          | out |    1|  ap_memory |            v109_V            |     array    |
|v109_V_d1           | out |   24|  ap_memory |            v109_V            |     array    |
|v109_V_q1           |  in |   24|  ap_memory |            v109_V            |     array    |
|v109_V_we1          | out |    1|  ap_memory |            v109_V            |     array    |
|ap_clk              |  in |    1| ap_ctrl_hs | dataflow_parent_loop_proc493 | return value |
|ap_rst              |  in |    1| ap_ctrl_hs | dataflow_parent_loop_proc493 | return value |
|ap_start            |  in |    1| ap_ctrl_hs | dataflow_parent_loop_proc493 | return value |
|ap_done             | out |    1| ap_ctrl_hs | dataflow_parent_loop_proc493 | return value |
|ap_ready            | out |    1| ap_ctrl_hs | dataflow_parent_loop_proc493 | return value |
|ap_idle             | out |    1| ap_ctrl_hs | dataflow_parent_loop_proc493 | return value |
|ap_continue         |  in |    1| ap_ctrl_hs | dataflow_parent_loop_proc493 | return value |
+--------------------+-----+-----+------------+------------------------------+--------------+

