

================================================================
== Vitis HLS Report for 'systolic_array_k_768_Loop_data_drain_C_proc289'
================================================================
* Date:           Tue Sep  5 22:47:31 2023

* Version:        2019.2.1 (Build 2729669 on Thu Dec 05 05:13:00 MST 2019)
* Project:        out.prj
* Solution:       solution1
* Product family: virtexuplus
* Target device:  xcu280-fsvh2892-2L-e


================================================================
== Performance Estimates
================================================================
+ Timing: 
    * Summary: 
    +--------+---------+----------+------------+
    |  Clock |  Target | Estimated| Uncertainty|
    +--------+---------+----------+------------+
    |ap_clk  | 3.33 ns | 1.217 ns |   0.90 ns  |
    +--------+---------+----------+------------+

+ Latency: 
    * Summary: 
    +---------+---------+-----------+-----------+-----+-----+---------+
    |  Latency (cycles) |   Latency (absolute)  |  Interval | Pipeline|
    |   min   |   max   |    min    |    max    | min | max |   Type  |
    +---------+---------+-----------+-----------+-----+-----+---------+
    |       14|       14| 46.662 ns | 46.662 ns |   14|   14|   none  |
    +---------+---------+-----------+-----------+-----+-----+---------+

    + Detail: 
        * Instance: 
        N/A

        * Loop: 
        +----------------+---------+---------+----------+-----------+-----------+------+----------+
        |                |  Latency (cycles) | Iteration|  Initiation Interval  | Trip |          |
        |    Loop Name   |   min   |   max   |  Latency |  achieved |   target  | Count| Pipelined|
        +----------------+---------+---------+----------+-----------+-----------+------+----------+
        |- data_drain_C  |       12|       12|         2|          1|          1|    12|    yes   |
        +----------------+---------+---------+----------+-----------+-----------+------+----------+



================================================================
== Utilization Estimates
================================================================
* Summary: 
+---------------------+---------+------+---------+---------+-----+
|         Name        | BRAM_18K|  DSP |    FF   |   LUT   | URAM|
+---------------------+---------+------+---------+---------+-----+
|DSP                  |        -|     -|        -|        -|    -|
|Expression           |        -|     -|        0|       19|    -|
|FIFO                 |        -|     -|        -|        -|    -|
|Instance             |        -|     -|        0|      786|    -|
|Memory               |        -|     -|        -|        -|    -|
|Multiplexer          |        -|     -|        -|     1458|    -|
|Register             |        -|     -|     3755|        -|    -|
+---------------------+---------+------+---------+---------+-----+
|Total                |        0|     0|     3755|     2263|    0|
+---------------------+---------+------+---------+---------+-----+
|Available SLR        |     1344|  3008|   869120|   434560|  320|
+---------------------+---------+------+---------+---------+-----+
|Utilization SLR (%)  |        0|     0|    ~0   |    ~0   |    0|
+---------------------+---------+------+---------+---------+-----+
|Available            |     4032|  9024|  2607360|  1303680|  960|
+---------------------+---------+------+---------+---------+-----+
|Utilization (%)      |        0|     0|    ~0   |    ~0   |    0|
+---------------------+---------+------+---------+---------+-----+

+ Detail: 
    * Instance: 
    +------------------------------------+------------------------------+---------+----+---+----+-----+
    |              Instance              |            Module            | BRAM_18K| DSP| FF| LUT| URAM|
    +------------------------------------+------------------------------+---------+----+---+----+-----+
    |Bert_layer_add_4ns_4ns_4_1_1_U1285  |Bert_layer_add_4ns_4ns_4_1_1  |        0|   0|  0|   6|    0|
    |Bert_layer_mux_124_24_1_1_U1286     |Bert_layer_mux_124_24_1_1     |        0|   0|  0|  65|    0|
    |Bert_layer_mux_124_24_1_1_U1287     |Bert_layer_mux_124_24_1_1     |        0|   0|  0|  65|    0|
    |Bert_layer_mux_124_24_1_1_U1288     |Bert_layer_mux_124_24_1_1     |        0|   0|  0|  65|    0|
    |Bert_layer_mux_124_24_1_1_U1289     |Bert_layer_mux_124_24_1_1     |        0|   0|  0|  65|    0|
    |Bert_layer_mux_124_24_1_1_U1290     |Bert_layer_mux_124_24_1_1     |        0|   0|  0|  65|    0|
    |Bert_layer_mux_124_24_1_1_U1291     |Bert_layer_mux_124_24_1_1     |        0|   0|  0|  65|    0|
    |Bert_layer_mux_124_24_1_1_U1292     |Bert_layer_mux_124_24_1_1     |        0|   0|  0|  65|    0|
    |Bert_layer_mux_124_24_1_1_U1293     |Bert_layer_mux_124_24_1_1     |        0|   0|  0|  65|    0|
    |Bert_layer_mux_124_24_1_1_U1294     |Bert_layer_mux_124_24_1_1     |        0|   0|  0|  65|    0|
    |Bert_layer_mux_124_24_1_1_U1295     |Bert_layer_mux_124_24_1_1     |        0|   0|  0|  65|    0|
    |Bert_layer_mux_124_24_1_1_U1296     |Bert_layer_mux_124_24_1_1     |        0|   0|  0|  65|    0|
    |Bert_layer_mux_124_24_1_1_U1297     |Bert_layer_mux_124_24_1_1     |        0|   0|  0|  65|    0|
    +------------------------------------+------------------------------+---------+----+---+----+-----+
    |Total                               |                              |        0|   0|  0| 786|    0|
    +------------------------------------+------------------------------+---------+----+---+----+-----+

    * DSP: 
    N/A

    * Memory: 
    N/A

    * FIFO: 
    N/A

    * Expression: 
    +----------------------------------+----------+----+---+----+------------+------------+
    |           Variable Name          | Operation| DSP| FF| LUT| Bitwidth P0| Bitwidth P1|
    +----------------------------------+----------+----+---+----+------------+------------+
    |ap_block_pp0_stage0_01001         |    and   |   0|  0|   2|           1|           1|
    |icmp_ln60_fu_1311_p2              |   icmp   |   0|  0|   9|           4|           4|
    |ap_block_state1                   |    or    |   0|  0|   2|           1|           1|
    |ap_block_state3_pp0_stage0_iter1  |    or    |   0|  0|   2|           1|           1|
    |ap_enable_pp0                     |    xor   |   0|  0|   2|           1|           2|
    |ap_enable_reg_pp0_iter1           |    xor   |   0|  0|   2|           2|           1|
    +----------------------------------+----------+----+---+----+------------+------------+
    |Total                             |          |   0|  0|  19|          10|          10|
    +----------------------------------+----------+----+---+----+------------+------------+

    * Multiplexer: 
    +-------------------------+----+-----------+-----+-----------+
    |           Name          | LUT| Input Size| Bits| Total Bits|
    +-------------------------+----+-----------+-----+-----------+
    |C_0_0_V_blk_n            |   9|          2|    1|          2|
    |C_0_10_V_blk_n           |   9|          2|    1|          2|
    |C_0_11_V_blk_n           |   9|          2|    1|          2|
    |C_0_1_V_blk_n            |   9|          2|    1|          2|
    |C_0_2_V_blk_n            |   9|          2|    1|          2|
    |C_0_3_V_blk_n            |   9|          2|    1|          2|
    |C_0_4_V_blk_n            |   9|          2|    1|          2|
    |C_0_5_V_blk_n            |   9|          2|    1|          2|
    |C_0_6_V_blk_n            |   9|          2|    1|          2|
    |C_0_7_V_blk_n            |   9|          2|    1|          2|
    |C_0_8_V_blk_n            |   9|          2|    1|          2|
    |C_0_9_V_blk_n            |   9|          2|    1|          2|
    |C_10_0_V_blk_n           |   9|          2|    1|          2|
    |C_10_10_V_blk_n          |   9|          2|    1|          2|
    |C_10_11_V_blk_n          |   9|          2|    1|          2|
    |C_10_1_V_blk_n           |   9|          2|    1|          2|
    |C_10_2_V_blk_n           |   9|          2|    1|          2|
    |C_10_3_V_blk_n           |   9|          2|    1|          2|
    |C_10_4_V_blk_n           |   9|          2|    1|          2|
    |C_10_5_V_blk_n           |   9|          2|    1|          2|
    |C_10_6_V_blk_n           |   9|          2|    1|          2|
    |C_10_7_V_blk_n           |   9|          2|    1|          2|
    |C_10_8_V_blk_n           |   9|          2|    1|          2|
    |C_10_9_V_blk_n           |   9|          2|    1|          2|
    |C_11_0_V_blk_n           |   9|          2|    1|          2|
    |C_11_10_V_blk_n          |   9|          2|    1|          2|
    |C_11_11_V_blk_n          |   9|          2|    1|          2|
    |C_11_1_V_blk_n           |   9|          2|    1|          2|
    |C_11_2_V_blk_n           |   9|          2|    1|          2|
    |C_11_3_V_blk_n           |   9|          2|    1|          2|
    |C_11_4_V_blk_n           |   9|          2|    1|          2|
    |C_11_5_V_blk_n           |   9|          2|    1|          2|
    |C_11_6_V_blk_n           |   9|          2|    1|          2|
    |C_11_7_V_blk_n           |   9|          2|    1|          2|
    |C_11_8_V_blk_n           |   9|          2|    1|          2|
    |C_11_9_V_blk_n           |   9|          2|    1|          2|
    |C_1_0_V_blk_n            |   9|          2|    1|          2|
    |C_1_10_V_blk_n           |   9|          2|    1|          2|
    |C_1_11_V_blk_n           |   9|          2|    1|          2|
    |C_1_1_V_blk_n            |   9|          2|    1|          2|
    |C_1_2_V_blk_n            |   9|          2|    1|          2|
    |C_1_3_V_blk_n            |   9|          2|    1|          2|
    |C_1_4_V_blk_n            |   9|          2|    1|          2|
    |C_1_5_V_blk_n            |   9|          2|    1|          2|
    |C_1_6_V_blk_n            |   9|          2|    1|          2|
    |C_1_7_V_blk_n            |   9|          2|    1|          2|
    |C_1_8_V_blk_n            |   9|          2|    1|          2|
    |C_1_9_V_blk_n            |   9|          2|    1|          2|
    |C_2_0_V_blk_n            |   9|          2|    1|          2|
    |C_2_10_V_blk_n           |   9|          2|    1|          2|
    |C_2_11_V_blk_n           |   9|          2|    1|          2|
    |C_2_1_V_blk_n            |   9|          2|    1|          2|
    |C_2_2_V_blk_n            |   9|          2|    1|          2|
    |C_2_3_V_blk_n            |   9|          2|    1|          2|
    |C_2_4_V_blk_n            |   9|          2|    1|          2|
    |C_2_5_V_blk_n            |   9|          2|    1|          2|
    |C_2_6_V_blk_n            |   9|          2|    1|          2|
    |C_2_7_V_blk_n            |   9|          2|    1|          2|
    |C_2_8_V_blk_n            |   9|          2|    1|          2|
    |C_2_9_V_blk_n            |   9|          2|    1|          2|
    |C_3_0_V_blk_n            |   9|          2|    1|          2|
    |C_3_10_V_blk_n           |   9|          2|    1|          2|
    |C_3_11_V_blk_n           |   9|          2|    1|          2|
    |C_3_1_V_blk_n            |   9|          2|    1|          2|
    |C_3_2_V_blk_n            |   9|          2|    1|          2|
    |C_3_3_V_blk_n            |   9|          2|    1|          2|
    |C_3_4_V_blk_n            |   9|          2|    1|          2|
    |C_3_5_V_blk_n            |   9|          2|    1|          2|
    |C_3_6_V_blk_n            |   9|          2|    1|          2|
    |C_3_7_V_blk_n            |   9|          2|    1|          2|
    |C_3_8_V_blk_n            |   9|          2|    1|          2|
    |C_3_9_V_blk_n            |   9|          2|    1|          2|
    |C_4_0_V_blk_n            |   9|          2|    1|          2|
    |C_4_10_V_blk_n           |   9|          2|    1|          2|
    |C_4_11_V_blk_n           |   9|          2|    1|          2|
    |C_4_1_V_blk_n            |   9|          2|    1|          2|
    |C_4_2_V_blk_n            |   9|          2|    1|          2|
    |C_4_3_V_blk_n            |   9|          2|    1|          2|
    |C_4_4_V_blk_n            |   9|          2|    1|          2|
    |C_4_5_V_blk_n            |   9|          2|    1|          2|
    |C_4_6_V_blk_n            |   9|          2|    1|          2|
    |C_4_7_V_blk_n            |   9|          2|    1|          2|
    |C_4_8_V_blk_n            |   9|          2|    1|          2|
    |C_4_9_V_blk_n            |   9|          2|    1|          2|
    |C_5_0_V_blk_n            |   9|          2|    1|          2|
    |C_5_10_V_blk_n           |   9|          2|    1|          2|
    |C_5_11_V_blk_n           |   9|          2|    1|          2|
    |C_5_1_V_blk_n            |   9|          2|    1|          2|
    |C_5_2_V_blk_n            |   9|          2|    1|          2|
    |C_5_3_V_blk_n            |   9|          2|    1|          2|
    |C_5_4_V_blk_n            |   9|          2|    1|          2|
    |C_5_5_V_blk_n            |   9|          2|    1|          2|
    |C_5_6_V_blk_n            |   9|          2|    1|          2|
    |C_5_7_V_blk_n            |   9|          2|    1|          2|
    |C_5_8_V_blk_n            |   9|          2|    1|          2|
    |C_5_9_V_blk_n            |   9|          2|    1|          2|
    |C_6_0_V_blk_n            |   9|          2|    1|          2|
    |C_6_10_V_blk_n           |   9|          2|    1|          2|
    |C_6_11_V_blk_n           |   9|          2|    1|          2|
    |C_6_1_V_blk_n            |   9|          2|    1|          2|
    |C_6_2_V_blk_n            |   9|          2|    1|          2|
    |C_6_3_V_blk_n            |   9|          2|    1|          2|
    |C_6_4_V_blk_n            |   9|          2|    1|          2|
    |C_6_5_V_blk_n            |   9|          2|    1|          2|
    |C_6_6_V_blk_n            |   9|          2|    1|          2|
    |C_6_7_V_blk_n            |   9|          2|    1|          2|
    |C_6_8_V_blk_n            |   9|          2|    1|          2|
    |C_6_9_V_blk_n            |   9|          2|    1|          2|
    |C_7_0_V_blk_n            |   9|          2|    1|          2|
    |C_7_10_V_blk_n           |   9|          2|    1|          2|
    |C_7_11_V_blk_n           |   9|          2|    1|          2|
    |C_7_1_V_blk_n            |   9|          2|    1|          2|
    |C_7_2_V_blk_n            |   9|          2|    1|          2|
    |C_7_3_V_blk_n            |   9|          2|    1|          2|
    |C_7_4_V_blk_n            |   9|          2|    1|          2|
    |C_7_5_V_blk_n            |   9|          2|    1|          2|
    |C_7_6_V_blk_n            |   9|          2|    1|          2|
    |C_7_7_V_blk_n            |   9|          2|    1|          2|
    |C_7_8_V_blk_n            |   9|          2|    1|          2|
    |C_7_9_V_blk_n            |   9|          2|    1|          2|
    |C_8_0_V_blk_n            |   9|          2|    1|          2|
    |C_8_10_V_blk_n           |   9|          2|    1|          2|
    |C_8_11_V_blk_n           |   9|          2|    1|          2|
    |C_8_1_V_blk_n            |   9|          2|    1|          2|
    |C_8_2_V_blk_n            |   9|          2|    1|          2|
    |C_8_3_V_blk_n            |   9|          2|    1|          2|
    |C_8_4_V_blk_n            |   9|          2|    1|          2|
    |C_8_5_V_blk_n            |   9|          2|    1|          2|
    |C_8_6_V_blk_n            |   9|          2|    1|          2|
    |C_8_7_V_blk_n            |   9|          2|    1|          2|
    |C_8_8_V_blk_n            |   9|          2|    1|          2|
    |C_8_9_V_blk_n            |   9|          2|    1|          2|
    |C_9_0_V_blk_n            |   9|          2|    1|          2|
    |C_9_10_V_blk_n           |   9|          2|    1|          2|
    |C_9_11_V_blk_n           |   9|          2|    1|          2|
    |C_9_1_V_blk_n            |   9|          2|    1|          2|
    |C_9_2_V_blk_n            |   9|          2|    1|          2|
    |C_9_3_V_blk_n            |   9|          2|    1|          2|
    |C_9_4_V_blk_n            |   9|          2|    1|          2|
    |C_9_5_V_blk_n            |   9|          2|    1|          2|
    |C_9_6_V_blk_n            |   9|          2|    1|          2|
    |C_9_7_V_blk_n            |   9|          2|    1|          2|
    |C_9_8_V_blk_n            |   9|          2|    1|          2|
    |C_9_9_V_blk_n            |   9|          2|    1|          2|
    |C_drainer_10_V_V_blk_n   |   9|          2|    1|          2|
    |C_drainer_11_V_V_blk_n   |   9|          2|    1|          2|
    |C_drainer_1_V_V_blk_n    |   9|          2|    1|          2|
    |C_drainer_2_V_V_blk_n    |   9|          2|    1|          2|
    |C_drainer_3_V_V_blk_n    |   9|          2|    1|          2|
    |C_drainer_4_V_V_blk_n    |   9|          2|    1|          2|
    |C_drainer_5_V_V_blk_n    |   9|          2|    1|          2|
    |C_drainer_6_V_V_blk_n    |   9|          2|    1|          2|
    |C_drainer_7_V_V_blk_n    |   9|          2|    1|          2|
    |C_drainer_8_V_V_blk_n    |   9|          2|    1|          2|
    |C_drainer_9_V_V_blk_n    |   9|          2|    1|          2|
    |C_drainer_V_V_blk_n      |   9|          2|    1|          2|
    |ap_NS_fsm                |  21|          4|    1|          4|
    |ap_done                  |   9|          2|    1|          2|
    |ap_enable_reg_pp0_iter1  |  15|          3|    1|          3|
    |n_reg_1300               |   9|          2|    4|          8|
    +-------------------------+----+-----------+-----+-----------+
    |Total                    |1458|        323|  163|        329|
    +-------------------------+----+-----------+-----+-----------+

    * Register: 
    +-------------------------+----+----+-----+-----------+
    |           Name          | FF | LUT| Bits| Const Bits|
    +-------------------------+----+----+-----+-----------+
    |C_0_0_V_read_reg_1539    |  24|   0|   24|          0|
    |C_0_10_V_read_reg_1589   |  24|   0|   24|          0|
    |C_0_11_V_read_reg_1594   |  24|   0|   24|          0|
    |C_0_1_V_read_reg_1544    |  24|   0|   24|          0|
    |C_0_2_V_read_reg_1549    |  24|   0|   24|          0|
    |C_0_3_V_read_reg_1554    |  24|   0|   24|          0|
    |C_0_4_V_read_reg_1559    |  24|   0|   24|          0|
    |C_0_5_V_read_reg_1564    |  24|   0|   24|          0|
    |C_0_6_V_read_reg_1569    |  24|   0|   24|          0|
    |C_0_7_V_read_reg_1574    |  24|   0|   24|          0|
    |C_0_8_V_read_reg_1579    |  24|   0|   24|          0|
    |C_0_9_V_read_reg_1584    |  24|   0|   24|          0|
    |C_10_0_V_read_reg_2139   |  24|   0|   24|          0|
    |C_10_10_V_read_reg_2189  |  24|   0|   24|          0|
    |C_10_11_V_read_reg_2194  |  24|   0|   24|          0|
    |C_10_1_V_read_reg_2144   |  24|   0|   24|          0|
    |C_10_2_V_read_reg_2149   |  24|   0|   24|          0|
    |C_10_3_V_read_reg_2154   |  24|   0|   24|          0|
    |C_10_4_V_read_reg_2159   |  24|   0|   24|          0|
    |C_10_5_V_read_reg_2164   |  24|   0|   24|          0|
    |C_10_6_V_read_reg_2169   |  24|   0|   24|          0|
    |C_10_7_V_read_reg_2174   |  24|   0|   24|          0|
    |C_10_8_V_read_reg_2179   |  24|   0|   24|          0|
    |C_10_9_V_read_reg_2184   |  24|   0|   24|          0|
    |C_11_0_V_read_reg_2199   |  24|   0|   24|          0|
    |C_11_10_V_read_reg_2249  |  24|   0|   24|          0|
    |C_11_11_V_read_reg_2254  |  24|   0|   24|          0|
    |C_11_1_V_read_reg_2204   |  24|   0|   24|          0|
    |C_11_2_V_read_reg_2209   |  24|   0|   24|          0|
    |C_11_3_V_read_reg_2214   |  24|   0|   24|          0|
    |C_11_4_V_read_reg_2219   |  24|   0|   24|          0|
    |C_11_5_V_read_reg_2224   |  24|   0|   24|          0|
    |C_11_6_V_read_reg_2229   |  24|   0|   24|          0|
    |C_11_7_V_read_reg_2234   |  24|   0|   24|          0|
    |C_11_8_V_read_reg_2239   |  24|   0|   24|          0|
    |C_11_9_V_read_reg_2244   |  24|   0|   24|          0|
    |C_1_0_V_read_reg_1599    |  24|   0|   24|          0|
    |C_1_10_V_read_reg_1649   |  24|   0|   24|          0|
    |C_1_11_V_read_reg_1654   |  24|   0|   24|          0|
    |C_1_1_V_read_reg_1604    |  24|   0|   24|          0|
    |C_1_2_V_read_reg_1609    |  24|   0|   24|          0|
    |C_1_3_V_read_reg_1614    |  24|   0|   24|          0|
    |C_1_4_V_read_reg_1619    |  24|   0|   24|          0|
    |C_1_5_V_read_reg_1624    |  24|   0|   24|          0|
    |C_1_6_V_read_reg_1629    |  24|   0|   24|          0|
    |C_1_7_V_read_reg_1634    |  24|   0|   24|          0|
    |C_1_8_V_read_reg_1639    |  24|   0|   24|          0|
    |C_1_9_V_read_reg_1644    |  24|   0|   24|          0|
    |C_2_0_V_read_reg_1659    |  24|   0|   24|          0|
    |C_2_10_V_read_reg_1709   |  24|   0|   24|          0|
    |C_2_11_V_read_reg_1714   |  24|   0|   24|          0|
    |C_2_1_V_read_reg_1664    |  24|   0|   24|          0|
    |C_2_2_V_read_reg_1669    |  24|   0|   24|          0|
    |C_2_3_V_read_reg_1674    |  24|   0|   24|          0|
    |C_2_4_V_read_reg_1679    |  24|   0|   24|          0|
    |C_2_5_V_read_reg_1684    |  24|   0|   24|          0|
    |C_2_6_V_read_reg_1689    |  24|   0|   24|          0|
    |C_2_7_V_read_reg_1694    |  24|   0|   24|          0|
    |C_2_8_V_read_reg_1699    |  24|   0|   24|          0|
    |C_2_9_V_read_reg_1704    |  24|   0|   24|          0|
    |C_3_0_V_read_reg_1719    |  24|   0|   24|          0|
    |C_3_10_V_read_reg_1769   |  24|   0|   24|          0|
    |C_3_11_V_read_reg_1774   |  24|   0|   24|          0|
    |C_3_1_V_read_reg_1724    |  24|   0|   24|          0|
    |C_3_2_V_read_reg_1729    |  24|   0|   24|          0|
    |C_3_3_V_read_reg_1734    |  24|   0|   24|          0|
    |C_3_4_V_read_reg_1739    |  24|   0|   24|          0|
    |C_3_5_V_read_reg_1744    |  24|   0|   24|          0|
    |C_3_6_V_read_reg_1749    |  24|   0|   24|          0|
    |C_3_7_V_read_reg_1754    |  24|   0|   24|          0|
    |C_3_8_V_read_reg_1759    |  24|   0|   24|          0|
    |C_3_9_V_read_reg_1764    |  24|   0|   24|          0|
    |C_4_0_V_read_reg_1779    |  24|   0|   24|          0|
    |C_4_10_V_read_reg_1829   |  24|   0|   24|          0|
    |C_4_11_V_read_reg_1834   |  24|   0|   24|          0|
    |C_4_1_V_read_reg_1784    |  24|   0|   24|          0|
    |C_4_2_V_read_reg_1789    |  24|   0|   24|          0|
    |C_4_3_V_read_reg_1794    |  24|   0|   24|          0|
    |C_4_4_V_read_reg_1799    |  24|   0|   24|          0|
    |C_4_5_V_read_reg_1804    |  24|   0|   24|          0|
    |C_4_6_V_read_reg_1809    |  24|   0|   24|          0|
    |C_4_7_V_read_reg_1814    |  24|   0|   24|          0|
    |C_4_8_V_read_reg_1819    |  24|   0|   24|          0|
    |C_4_9_V_read_reg_1824    |  24|   0|   24|          0|
    |C_5_0_V_read_reg_1839    |  24|   0|   24|          0|
    |C_5_10_V_read_reg_1889   |  24|   0|   24|          0|
    |C_5_11_V_read_reg_1894   |  24|   0|   24|          0|
    |C_5_1_V_read_reg_1844    |  24|   0|   24|          0|
    |C_5_2_V_read_reg_1849    |  24|   0|   24|          0|
    |C_5_3_V_read_reg_1854    |  24|   0|   24|          0|
    |C_5_4_V_read_reg_1859    |  24|   0|   24|          0|
    |C_5_5_V_read_reg_1864    |  24|   0|   24|          0|
    |C_5_6_V_read_reg_1869    |  24|   0|   24|          0|
    |C_5_7_V_read_reg_1874    |  24|   0|   24|          0|
    |C_5_8_V_read_reg_1879    |  24|   0|   24|          0|
    |C_5_9_V_read_reg_1884    |  24|   0|   24|          0|
    |C_6_0_V_read_reg_1899    |  24|   0|   24|          0|
    |C_6_10_V_read_reg_1949   |  24|   0|   24|          0|
    |C_6_11_V_read_reg_1954   |  24|   0|   24|          0|
    |C_6_1_V_read_reg_1904    |  24|   0|   24|          0|
    |C_6_2_V_read_reg_1909    |  24|   0|   24|          0|
    |C_6_3_V_read_reg_1914    |  24|   0|   24|          0|
    |C_6_4_V_read_reg_1919    |  24|   0|   24|          0|
    |C_6_5_V_read_reg_1924    |  24|   0|   24|          0|
    |C_6_6_V_read_reg_1929    |  24|   0|   24|          0|
    |C_6_7_V_read_reg_1934    |  24|   0|   24|          0|
    |C_6_8_V_read_reg_1939    |  24|   0|   24|          0|
    |C_6_9_V_read_reg_1944    |  24|   0|   24|          0|
    |C_7_0_V_read_reg_1959    |  24|   0|   24|          0|
    |C_7_10_V_read_reg_2009   |  24|   0|   24|          0|
    |C_7_11_V_read_reg_2014   |  24|   0|   24|          0|
    |C_7_1_V_read_reg_1964    |  24|   0|   24|          0|
    |C_7_2_V_read_reg_1969    |  24|   0|   24|          0|
    |C_7_3_V_read_reg_1974    |  24|   0|   24|          0|
    |C_7_4_V_read_reg_1979    |  24|   0|   24|          0|
    |C_7_5_V_read_reg_1984    |  24|   0|   24|          0|
    |C_7_6_V_read_reg_1989    |  24|   0|   24|          0|
    |C_7_7_V_read_reg_1994    |  24|   0|   24|          0|
    |C_7_8_V_read_reg_1999    |  24|   0|   24|          0|
    |C_7_9_V_read_reg_2004    |  24|   0|   24|          0|
    |C_8_0_V_read_reg_2019    |  24|   0|   24|          0|
    |C_8_10_V_read_reg_2069   |  24|   0|   24|          0|
    |C_8_11_V_read_reg_2074   |  24|   0|   24|          0|
    |C_8_1_V_read_reg_2024    |  24|   0|   24|          0|
    |C_8_2_V_read_reg_2029    |  24|   0|   24|          0|
    |C_8_3_V_read_reg_2034    |  24|   0|   24|          0|
    |C_8_4_V_read_reg_2039    |  24|   0|   24|          0|
    |C_8_5_V_read_reg_2044    |  24|   0|   24|          0|
    |C_8_6_V_read_reg_2049    |  24|   0|   24|          0|
    |C_8_7_V_read_reg_2054    |  24|   0|   24|          0|
    |C_8_8_V_read_reg_2059    |  24|   0|   24|          0|
    |C_8_9_V_read_reg_2064    |  24|   0|   24|          0|
    |C_9_0_V_read_reg_2079    |  24|   0|   24|          0|
    |C_9_10_V_read_reg_2129   |  24|   0|   24|          0|
    |C_9_11_V_read_reg_2134   |  24|   0|   24|          0|
    |C_9_1_V_read_reg_2084    |  24|   0|   24|          0|
    |C_9_2_V_read_reg_2089    |  24|   0|   24|          0|
    |C_9_3_V_read_reg_2094    |  24|   0|   24|          0|
    |C_9_4_V_read_reg_2099    |  24|   0|   24|          0|
    |C_9_5_V_read_reg_2104    |  24|   0|   24|          0|
    |C_9_6_V_read_reg_2109    |  24|   0|   24|          0|
    |C_9_7_V_read_reg_2114    |  24|   0|   24|          0|
    |C_9_8_V_read_reg_2119    |  24|   0|   24|          0|
    |C_9_9_V_read_reg_2124    |  24|   0|   24|          0|
    |ap_CS_fsm                |   3|   0|    3|          0|
    |ap_done_reg              |   1|   0|    1|          0|
    |ap_enable_reg_pp0_iter0  |   1|   0|    1|          0|
    |ap_enable_reg_pp0_iter1  |   1|   0|    1|          0|
    |icmp_ln60_reg_2259       |   1|   0|    1|          0|
    |n_reg_1300               |   4|   0|    4|          0|
    |tmp_10_reg_2323          |  24|   0|   24|          0|
    |tmp_1_reg_2273           |  24|   0|   24|          0|
    |tmp_2_reg_2278           |  24|   0|   24|          0|
    |tmp_3_reg_2283           |  24|   0|   24|          0|
    |tmp_4_reg_2288           |  24|   0|   24|          0|
    |tmp_5_reg_2293           |  24|   0|   24|          0|
    |tmp_6_reg_2298           |  24|   0|   24|          0|
    |tmp_7_reg_2303           |  24|   0|   24|          0|
    |tmp_8_reg_2308           |  24|   0|   24|          0|
    |tmp_9_reg_2313           |  24|   0|   24|          0|
    |tmp_reg_2268             |  24|   0|   24|          0|
    |tmp_s_reg_2318           |  24|   0|   24|          0|
    +-------------------------+----+----+-----+-----------+
    |Total                    |3755|   0| 3755|          0|
    +-------------------------+----+----+-----+-----------+



================================================================
== Interface
================================================================
* Summary: 
+-------------------------+-----+-----+------------+------------------------------------------------+--------------+
|        RTL Ports        | Dir | Bits|  Protocol  |                  Source Object                 |    C Type    |
+-------------------------+-----+-----+------------+------------------------------------------------+--------------+
|ap_clk                   |  in |    1| ap_ctrl_hs | systolic_array_k_768_Loop_data_drain_C_proc289 | return value |
|ap_rst                   |  in |    1| ap_ctrl_hs | systolic_array_k_768_Loop_data_drain_C_proc289 | return value |
|ap_start                 |  in |    1| ap_ctrl_hs | systolic_array_k_768_Loop_data_drain_C_proc289 | return value |
|ap_done                  | out |    1| ap_ctrl_hs | systolic_array_k_768_Loop_data_drain_C_proc289 | return value |
|ap_continue              |  in |    1| ap_ctrl_hs | systolic_array_k_768_Loop_data_drain_C_proc289 | return value |
|ap_idle                  | out |    1| ap_ctrl_hs | systolic_array_k_768_Loop_data_drain_C_proc289 | return value |
|ap_ready                 | out |    1| ap_ctrl_hs | systolic_array_k_768_Loop_data_drain_C_proc289 | return value |
|C_0_0_V_dout             |  in |   24|   ap_fifo  |                     C_0_0_V                    |    pointer   |
|C_0_0_V_empty_n          |  in |    1|   ap_fifo  |                     C_0_0_V                    |    pointer   |
|C_0_0_V_read             | out |    1|   ap_fifo  |                     C_0_0_V                    |    pointer   |
|C_0_1_V_dout             |  in |   24|   ap_fifo  |                     C_0_1_V                    |    pointer   |
|C_0_1_V_empty_n          |  in |    1|   ap_fifo  |                     C_0_1_V                    |    pointer   |
|C_0_1_V_read             | out |    1|   ap_fifo  |                     C_0_1_V                    |    pointer   |
|C_0_2_V_dout             |  in |   24|   ap_fifo  |                     C_0_2_V                    |    pointer   |
|C_0_2_V_empty_n          |  in |    1|   ap_fifo  |                     C_0_2_V                    |    pointer   |
|C_0_2_V_read             | out |    1|   ap_fifo  |                     C_0_2_V                    |    pointer   |
|C_0_3_V_dout             |  in |   24|   ap_fifo  |                     C_0_3_V                    |    pointer   |
|C_0_3_V_empty_n          |  in |    1|   ap_fifo  |                     C_0_3_V                    |    pointer   |
|C_0_3_V_read             | out |    1|   ap_fifo  |                     C_0_3_V                    |    pointer   |
|C_0_4_V_dout             |  in |   24|   ap_fifo  |                     C_0_4_V                    |    pointer   |
|C_0_4_V_empty_n          |  in |    1|   ap_fifo  |                     C_0_4_V                    |    pointer   |
|C_0_4_V_read             | out |    1|   ap_fifo  |                     C_0_4_V                    |    pointer   |
|C_0_5_V_dout             |  in |   24|   ap_fifo  |                     C_0_5_V                    |    pointer   |
|C_0_5_V_empty_n          |  in |    1|   ap_fifo  |                     C_0_5_V                    |    pointer   |
|C_0_5_V_read             | out |    1|   ap_fifo  |                     C_0_5_V                    |    pointer   |
|C_0_6_V_dout             |  in |   24|   ap_fifo  |                     C_0_6_V                    |    pointer   |
|C_0_6_V_empty_n          |  in |    1|   ap_fifo  |                     C_0_6_V                    |    pointer   |
|C_0_6_V_read             | out |    1|   ap_fifo  |                     C_0_6_V                    |    pointer   |
|C_0_7_V_dout             |  in |   24|   ap_fifo  |                     C_0_7_V                    |    pointer   |
|C_0_7_V_empty_n          |  in |    1|   ap_fifo  |                     C_0_7_V                    |    pointer   |
|C_0_7_V_read             | out |    1|   ap_fifo  |                     C_0_7_V                    |    pointer   |
|C_0_8_V_dout             |  in |   24|   ap_fifo  |                     C_0_8_V                    |    pointer   |
|C_0_8_V_empty_n          |  in |    1|   ap_fifo  |                     C_0_8_V                    |    pointer   |
|C_0_8_V_read             | out |    1|   ap_fifo  |                     C_0_8_V                    |    pointer   |
|C_0_9_V_dout             |  in |   24|   ap_fifo  |                     C_0_9_V                    |    pointer   |
|C_0_9_V_empty_n          |  in |    1|   ap_fifo  |                     C_0_9_V                    |    pointer   |
|C_0_9_V_read             | out |    1|   ap_fifo  |                     C_0_9_V                    |    pointer   |
|C_0_10_V_dout            |  in |   24|   ap_fifo  |                    C_0_10_V                    |    pointer   |
|C_0_10_V_empty_n         |  in |    1|   ap_fifo  |                    C_0_10_V                    |    pointer   |
|C_0_10_V_read            | out |    1|   ap_fifo  |                    C_0_10_V                    |    pointer   |
|C_0_11_V_dout            |  in |   24|   ap_fifo  |                    C_0_11_V                    |    pointer   |
|C_0_11_V_empty_n         |  in |    1|   ap_fifo  |                    C_0_11_V                    |    pointer   |
|C_0_11_V_read            | out |    1|   ap_fifo  |                    C_0_11_V                    |    pointer   |
|C_drainer_V_V_din        | out |   24|   ap_fifo  |                  C_drainer_V_V                 |    pointer   |
|C_drainer_V_V_full_n     |  in |    1|   ap_fifo  |                  C_drainer_V_V                 |    pointer   |
|C_drainer_V_V_write      | out |    1|   ap_fifo  |                  C_drainer_V_V                 |    pointer   |
|C_1_0_V_dout             |  in |   24|   ap_fifo  |                     C_1_0_V                    |    pointer   |
|C_1_0_V_empty_n          |  in |    1|   ap_fifo  |                     C_1_0_V                    |    pointer   |
|C_1_0_V_read             | out |    1|   ap_fifo  |                     C_1_0_V                    |    pointer   |
|C_1_1_V_dout             |  in |   24|   ap_fifo  |                     C_1_1_V                    |    pointer   |
|C_1_1_V_empty_n          |  in |    1|   ap_fifo  |                     C_1_1_V                    |    pointer   |
|C_1_1_V_read             | out |    1|   ap_fifo  |                     C_1_1_V                    |    pointer   |
|C_1_2_V_dout             |  in |   24|   ap_fifo  |                     C_1_2_V                    |    pointer   |
|C_1_2_V_empty_n          |  in |    1|   ap_fifo  |                     C_1_2_V                    |    pointer   |
|C_1_2_V_read             | out |    1|   ap_fifo  |                     C_1_2_V                    |    pointer   |
|C_1_3_V_dout             |  in |   24|   ap_fifo  |                     C_1_3_V                    |    pointer   |
|C_1_3_V_empty_n          |  in |    1|   ap_fifo  |                     C_1_3_V                    |    pointer   |
|C_1_3_V_read             | out |    1|   ap_fifo  |                     C_1_3_V                    |    pointer   |
|C_1_4_V_dout             |  in |   24|   ap_fifo  |                     C_1_4_V                    |    pointer   |
|C_1_4_V_empty_n          |  in |    1|   ap_fifo  |                     C_1_4_V                    |    pointer   |
|C_1_4_V_read             | out |    1|   ap_fifo  |                     C_1_4_V                    |    pointer   |
|C_1_5_V_dout             |  in |   24|   ap_fifo  |                     C_1_5_V                    |    pointer   |
|C_1_5_V_empty_n          |  in |    1|   ap_fifo  |                     C_1_5_V                    |    pointer   |
|C_1_5_V_read             | out |    1|   ap_fifo  |                     C_1_5_V                    |    pointer   |
|C_1_6_V_dout             |  in |   24|   ap_fifo  |                     C_1_6_V                    |    pointer   |
|C_1_6_V_empty_n          |  in |    1|   ap_fifo  |                     C_1_6_V                    |    pointer   |
|C_1_6_V_read             | out |    1|   ap_fifo  |                     C_1_6_V                    |    pointer   |
|C_1_7_V_dout             |  in |   24|   ap_fifo  |                     C_1_7_V                    |    pointer   |
|C_1_7_V_empty_n          |  in |    1|   ap_fifo  |                     C_1_7_V                    |    pointer   |
|C_1_7_V_read             | out |    1|   ap_fifo  |                     C_1_7_V                    |    pointer   |
|C_1_8_V_dout             |  in |   24|   ap_fifo  |                     C_1_8_V                    |    pointer   |
|C_1_8_V_empty_n          |  in |    1|   ap_fifo  |                     C_1_8_V                    |    pointer   |
|C_1_8_V_read             | out |    1|   ap_fifo  |                     C_1_8_V                    |    pointer   |
|C_1_9_V_dout             |  in |   24|   ap_fifo  |                     C_1_9_V                    |    pointer   |
|C_1_9_V_empty_n          |  in |    1|   ap_fifo  |                     C_1_9_V                    |    pointer   |
|C_1_9_V_read             | out |    1|   ap_fifo  |                     C_1_9_V                    |    pointer   |
|C_1_10_V_dout            |  in |   24|   ap_fifo  |                    C_1_10_V                    |    pointer   |
|C_1_10_V_empty_n         |  in |    1|   ap_fifo  |                    C_1_10_V                    |    pointer   |
|C_1_10_V_read            | out |    1|   ap_fifo  |                    C_1_10_V                    |    pointer   |
|C_1_11_V_dout            |  in |   24|   ap_fifo  |                    C_1_11_V                    |    pointer   |
|C_1_11_V_empty_n         |  in |    1|   ap_fifo  |                    C_1_11_V                    |    pointer   |
|C_1_11_V_read            | out |    1|   ap_fifo  |                    C_1_11_V                    |    pointer   |
|C_drainer_1_V_V_din      | out |   24|   ap_fifo  |                 C_drainer_1_V_V                |    pointer   |
|C_drainer_1_V_V_full_n   |  in |    1|   ap_fifo  |                 C_drainer_1_V_V                |    pointer   |
|C_drainer_1_V_V_write    | out |    1|   ap_fifo  |                 C_drainer_1_V_V                |    pointer   |
|C_2_0_V_dout             |  in |   24|   ap_fifo  |                     C_2_0_V                    |    pointer   |
|C_2_0_V_empty_n          |  in |    1|   ap_fifo  |                     C_2_0_V                    |    pointer   |
|C_2_0_V_read             | out |    1|   ap_fifo  |                     C_2_0_V                    |    pointer   |
|C_2_1_V_dout             |  in |   24|   ap_fifo  |                     C_2_1_V                    |    pointer   |
|C_2_1_V_empty_n          |  in |    1|   ap_fifo  |                     C_2_1_V                    |    pointer   |
|C_2_1_V_read             | out |    1|   ap_fifo  |                     C_2_1_V                    |    pointer   |
|C_2_2_V_dout             |  in |   24|   ap_fifo  |                     C_2_2_V                    |    pointer   |
|C_2_2_V_empty_n          |  in |    1|   ap_fifo  |                     C_2_2_V                    |    pointer   |
|C_2_2_V_read             | out |    1|   ap_fifo  |                     C_2_2_V                    |    pointer   |
|C_2_3_V_dout             |  in |   24|   ap_fifo  |                     C_2_3_V                    |    pointer   |
|C_2_3_V_empty_n          |  in |    1|   ap_fifo  |                     C_2_3_V                    |    pointer   |
|C_2_3_V_read             | out |    1|   ap_fifo  |                     C_2_3_V                    |    pointer   |
|C_2_4_V_dout             |  in |   24|   ap_fifo  |                     C_2_4_V                    |    pointer   |
|C_2_4_V_empty_n          |  in |    1|   ap_fifo  |                     C_2_4_V                    |    pointer   |
|C_2_4_V_read             | out |    1|   ap_fifo  |                     C_2_4_V                    |    pointer   |
|C_2_5_V_dout             |  in |   24|   ap_fifo  |                     C_2_5_V                    |    pointer   |
|C_2_5_V_empty_n          |  in |    1|   ap_fifo  |                     C_2_5_V                    |    pointer   |
|C_2_5_V_read             | out |    1|   ap_fifo  |                     C_2_5_V                    |    pointer   |
|C_2_6_V_dout             |  in |   24|   ap_fifo  |                     C_2_6_V                    |    pointer   |
|C_2_6_V_empty_n          |  in |    1|   ap_fifo  |                     C_2_6_V                    |    pointer   |
|C_2_6_V_read             | out |    1|   ap_fifo  |                     C_2_6_V                    |    pointer   |
|C_2_7_V_dout             |  in |   24|   ap_fifo  |                     C_2_7_V                    |    pointer   |
|C_2_7_V_empty_n          |  in |    1|   ap_fifo  |                     C_2_7_V                    |    pointer   |
|C_2_7_V_read             | out |    1|   ap_fifo  |                     C_2_7_V                    |    pointer   |
|C_2_8_V_dout             |  in |   24|   ap_fifo  |                     C_2_8_V                    |    pointer   |
|C_2_8_V_empty_n          |  in |    1|   ap_fifo  |                     C_2_8_V                    |    pointer   |
|C_2_8_V_read             | out |    1|   ap_fifo  |                     C_2_8_V                    |    pointer   |
|C_2_9_V_dout             |  in |   24|   ap_fifo  |                     C_2_9_V                    |    pointer   |
|C_2_9_V_empty_n          |  in |    1|   ap_fifo  |                     C_2_9_V                    |    pointer   |
|C_2_9_V_read             | out |    1|   ap_fifo  |                     C_2_9_V                    |    pointer   |
|C_2_10_V_dout            |  in |   24|   ap_fifo  |                    C_2_10_V                    |    pointer   |
|C_2_10_V_empty_n         |  in |    1|   ap_fifo  |                    C_2_10_V                    |    pointer   |
|C_2_10_V_read            | out |    1|   ap_fifo  |                    C_2_10_V                    |    pointer   |
|C_2_11_V_dout            |  in |   24|   ap_fifo  |                    C_2_11_V                    |    pointer   |
|C_2_11_V_empty_n         |  in |    1|   ap_fifo  |                    C_2_11_V                    |    pointer   |
|C_2_11_V_read            | out |    1|   ap_fifo  |                    C_2_11_V                    |    pointer   |
|C_drainer_2_V_V_din      | out |   24|   ap_fifo  |                 C_drainer_2_V_V                |    pointer   |
|C_drainer_2_V_V_full_n   |  in |    1|   ap_fifo  |                 C_drainer_2_V_V                |    pointer   |
|C_drainer_2_V_V_write    | out |    1|   ap_fifo  |                 C_drainer_2_V_V                |    pointer   |
|C_3_0_V_dout             |  in |   24|   ap_fifo  |                     C_3_0_V                    |    pointer   |
|C_3_0_V_empty_n          |  in |    1|   ap_fifo  |                     C_3_0_V                    |    pointer   |
|C_3_0_V_read             | out |    1|   ap_fifo  |                     C_3_0_V                    |    pointer   |
|C_3_1_V_dout             |  in |   24|   ap_fifo  |                     C_3_1_V                    |    pointer   |
|C_3_1_V_empty_n          |  in |    1|   ap_fifo  |                     C_3_1_V                    |    pointer   |
|C_3_1_V_read             | out |    1|   ap_fifo  |                     C_3_1_V                    |    pointer   |
|C_3_2_V_dout             |  in |   24|   ap_fifo  |                     C_3_2_V                    |    pointer   |
|C_3_2_V_empty_n          |  in |    1|   ap_fifo  |                     C_3_2_V                    |    pointer   |
|C_3_2_V_read             | out |    1|   ap_fifo  |                     C_3_2_V                    |    pointer   |
|C_3_3_V_dout             |  in |   24|   ap_fifo  |                     C_3_3_V                    |    pointer   |
|C_3_3_V_empty_n          |  in |    1|   ap_fifo  |                     C_3_3_V                    |    pointer   |
|C_3_3_V_read             | out |    1|   ap_fifo  |                     C_3_3_V                    |    pointer   |
|C_3_4_V_dout             |  in |   24|   ap_fifo  |                     C_3_4_V                    |    pointer   |
|C_3_4_V_empty_n          |  in |    1|   ap_fifo  |                     C_3_4_V                    |    pointer   |
|C_3_4_V_read             | out |    1|   ap_fifo  |                     C_3_4_V                    |    pointer   |
|C_3_5_V_dout             |  in |   24|   ap_fifo  |                     C_3_5_V                    |    pointer   |
|C_3_5_V_empty_n          |  in |    1|   ap_fifo  |                     C_3_5_V                    |    pointer   |
|C_3_5_V_read             | out |    1|   ap_fifo  |                     C_3_5_V                    |    pointer   |
|C_3_6_V_dout             |  in |   24|   ap_fifo  |                     C_3_6_V                    |    pointer   |
|C_3_6_V_empty_n          |  in |    1|   ap_fifo  |                     C_3_6_V                    |    pointer   |
|C_3_6_V_read             | out |    1|   ap_fifo  |                     C_3_6_V                    |    pointer   |
|C_3_7_V_dout             |  in |   24|   ap_fifo  |                     C_3_7_V                    |    pointer   |
|C_3_7_V_empty_n          |  in |    1|   ap_fifo  |                     C_3_7_V                    |    pointer   |
|C_3_7_V_read             | out |    1|   ap_fifo  |                     C_3_7_V                    |    pointer   |
|C_3_8_V_dout             |  in |   24|   ap_fifo  |                     C_3_8_V                    |    pointer   |
|C_3_8_V_empty_n          |  in |    1|   ap_fifo  |                     C_3_8_V                    |    pointer   |
|C_3_8_V_read             | out |    1|   ap_fifo  |                     C_3_8_V                    |    pointer   |
|C_3_9_V_dout             |  in |   24|   ap_fifo  |                     C_3_9_V                    |    pointer   |
|C_3_9_V_empty_n          |  in |    1|   ap_fifo  |                     C_3_9_V                    |    pointer   |
|C_3_9_V_read             | out |    1|   ap_fifo  |                     C_3_9_V                    |    pointer   |
|C_3_10_V_dout            |  in |   24|   ap_fifo  |                    C_3_10_V                    |    pointer   |
|C_3_10_V_empty_n         |  in |    1|   ap_fifo  |                    C_3_10_V                    |    pointer   |
|C_3_10_V_read            | out |    1|   ap_fifo  |                    C_3_10_V                    |    pointer   |
|C_3_11_V_dout            |  in |   24|   ap_fifo  |                    C_3_11_V                    |    pointer   |
|C_3_11_V_empty_n         |  in |    1|   ap_fifo  |                    C_3_11_V                    |    pointer   |
|C_3_11_V_read            | out |    1|   ap_fifo  |                    C_3_11_V                    |    pointer   |
|C_drainer_3_V_V_din      | out |   24|   ap_fifo  |                 C_drainer_3_V_V                |    pointer   |
|C_drainer_3_V_V_full_n   |  in |    1|   ap_fifo  |                 C_drainer_3_V_V                |    pointer   |
|C_drainer_3_V_V_write    | out |    1|   ap_fifo  |                 C_drainer_3_V_V                |    pointer   |
|C_4_0_V_dout             |  in |   24|   ap_fifo  |                     C_4_0_V                    |    pointer   |
|C_4_0_V_empty_n          |  in |    1|   ap_fifo  |                     C_4_0_V                    |    pointer   |
|C_4_0_V_read             | out |    1|   ap_fifo  |                     C_4_0_V                    |    pointer   |
|C_4_1_V_dout             |  in |   24|   ap_fifo  |                     C_4_1_V                    |    pointer   |
|C_4_1_V_empty_n          |  in |    1|   ap_fifo  |                     C_4_1_V                    |    pointer   |
|C_4_1_V_read             | out |    1|   ap_fifo  |                     C_4_1_V                    |    pointer   |
|C_4_2_V_dout             |  in |   24|   ap_fifo  |                     C_4_2_V                    |    pointer   |
|C_4_2_V_empty_n          |  in |    1|   ap_fifo  |                     C_4_2_V                    |    pointer   |
|C_4_2_V_read             | out |    1|   ap_fifo  |                     C_4_2_V                    |    pointer   |
|C_4_3_V_dout             |  in |   24|   ap_fifo  |                     C_4_3_V                    |    pointer   |
|C_4_3_V_empty_n          |  in |    1|   ap_fifo  |                     C_4_3_V                    |    pointer   |
|C_4_3_V_read             | out |    1|   ap_fifo  |                     C_4_3_V                    |    pointer   |
|C_4_4_V_dout             |  in |   24|   ap_fifo  |                     C_4_4_V                    |    pointer   |
|C_4_4_V_empty_n          |  in |    1|   ap_fifo  |                     C_4_4_V                    |    pointer   |
|C_4_4_V_read             | out |    1|   ap_fifo  |                     C_4_4_V                    |    pointer   |
|C_4_5_V_dout             |  in |   24|   ap_fifo  |                     C_4_5_V                    |    pointer   |
|C_4_5_V_empty_n          |  in |    1|   ap_fifo  |                     C_4_5_V                    |    pointer   |
|C_4_5_V_read             | out |    1|   ap_fifo  |                     C_4_5_V                    |    pointer   |
|C_4_6_V_dout             |  in |   24|   ap_fifo  |                     C_4_6_V                    |    pointer   |
|C_4_6_V_empty_n          |  in |    1|   ap_fifo  |                     C_4_6_V                    |    pointer   |
|C_4_6_V_read             | out |    1|   ap_fifo  |                     C_4_6_V                    |    pointer   |
|C_4_7_V_dout             |  in |   24|   ap_fifo  |                     C_4_7_V                    |    pointer   |
|C_4_7_V_empty_n          |  in |    1|   ap_fifo  |                     C_4_7_V                    |    pointer   |
|C_4_7_V_read             | out |    1|   ap_fifo  |                     C_4_7_V                    |    pointer   |
|C_4_8_V_dout             |  in |   24|   ap_fifo  |                     C_4_8_V                    |    pointer   |
|C_4_8_V_empty_n          |  in |    1|   ap_fifo  |                     C_4_8_V                    |    pointer   |
|C_4_8_V_read             | out |    1|   ap_fifo  |                     C_4_8_V                    |    pointer   |
|C_4_9_V_dout             |  in |   24|   ap_fifo  |                     C_4_9_V                    |    pointer   |
|C_4_9_V_empty_n          |  in |    1|   ap_fifo  |                     C_4_9_V                    |    pointer   |
|C_4_9_V_read             | out |    1|   ap_fifo  |                     C_4_9_V                    |    pointer   |
|C_4_10_V_dout            |  in |   24|   ap_fifo  |                    C_4_10_V                    |    pointer   |
|C_4_10_V_empty_n         |  in |    1|   ap_fifo  |                    C_4_10_V                    |    pointer   |
|C_4_10_V_read            | out |    1|   ap_fifo  |                    C_4_10_V                    |    pointer   |
|C_4_11_V_dout            |  in |   24|   ap_fifo  |                    C_4_11_V                    |    pointer   |
|C_4_11_V_empty_n         |  in |    1|   ap_fifo  |                    C_4_11_V                    |    pointer   |
|C_4_11_V_read            | out |    1|   ap_fifo  |                    C_4_11_V                    |    pointer   |
|C_drainer_4_V_V_din      | out |   24|   ap_fifo  |                 C_drainer_4_V_V                |    pointer   |
|C_drainer_4_V_V_full_n   |  in |    1|   ap_fifo  |                 C_drainer_4_V_V                |    pointer   |
|C_drainer_4_V_V_write    | out |    1|   ap_fifo  |                 C_drainer_4_V_V                |    pointer   |
|C_5_0_V_dout             |  in |   24|   ap_fifo  |                     C_5_0_V                    |    pointer   |
|C_5_0_V_empty_n          |  in |    1|   ap_fifo  |                     C_5_0_V                    |    pointer   |
|C_5_0_V_read             | out |    1|   ap_fifo  |                     C_5_0_V                    |    pointer   |
|C_5_1_V_dout             |  in |   24|   ap_fifo  |                     C_5_1_V                    |    pointer   |
|C_5_1_V_empty_n          |  in |    1|   ap_fifo  |                     C_5_1_V                    |    pointer   |
|C_5_1_V_read             | out |    1|   ap_fifo  |                     C_5_1_V                    |    pointer   |
|C_5_2_V_dout             |  in |   24|   ap_fifo  |                     C_5_2_V                    |    pointer   |
|C_5_2_V_empty_n          |  in |    1|   ap_fifo  |                     C_5_2_V                    |    pointer   |
|C_5_2_V_read             | out |    1|   ap_fifo  |                     C_5_2_V                    |    pointer   |
|C_5_3_V_dout             |  in |   24|   ap_fifo  |                     C_5_3_V                    |    pointer   |
|C_5_3_V_empty_n          |  in |    1|   ap_fifo  |                     C_5_3_V                    |    pointer   |
|C_5_3_V_read             | out |    1|   ap_fifo  |                     C_5_3_V                    |    pointer   |
|C_5_4_V_dout             |  in |   24|   ap_fifo  |                     C_5_4_V                    |    pointer   |
|C_5_4_V_empty_n          |  in |    1|   ap_fifo  |                     C_5_4_V                    |    pointer   |
|C_5_4_V_read             | out |    1|   ap_fifo  |                     C_5_4_V                    |    pointer   |
|C_5_5_V_dout             |  in |   24|   ap_fifo  |                     C_5_5_V                    |    pointer   |
|C_5_5_V_empty_n          |  in |    1|   ap_fifo  |                     C_5_5_V                    |    pointer   |
|C_5_5_V_read             | out |    1|   ap_fifo  |                     C_5_5_V                    |    pointer   |
|C_5_6_V_dout             |  in |   24|   ap_fifo  |                     C_5_6_V                    |    pointer   |
|C_5_6_V_empty_n          |  in |    1|   ap_fifo  |                     C_5_6_V                    |    pointer   |
|C_5_6_V_read             | out |    1|   ap_fifo  |                     C_5_6_V                    |    pointer   |
|C_5_7_V_dout             |  in |   24|   ap_fifo  |                     C_5_7_V                    |    pointer   |
|C_5_7_V_empty_n          |  in |    1|   ap_fifo  |                     C_5_7_V                    |    pointer   |
|C_5_7_V_read             | out |    1|   ap_fifo  |                     C_5_7_V                    |    pointer   |
|C_5_8_V_dout             |  in |   24|   ap_fifo  |                     C_5_8_V                    |    pointer   |
|C_5_8_V_empty_n          |  in |    1|   ap_fifo  |                     C_5_8_V                    |    pointer   |
|C_5_8_V_read             | out |    1|   ap_fifo  |                     C_5_8_V                    |    pointer   |
|C_5_9_V_dout             |  in |   24|   ap_fifo  |                     C_5_9_V                    |    pointer   |
|C_5_9_V_empty_n          |  in |    1|   ap_fifo  |                     C_5_9_V                    |    pointer   |
|C_5_9_V_read             | out |    1|   ap_fifo  |                     C_5_9_V                    |    pointer   |
|C_5_10_V_dout            |  in |   24|   ap_fifo  |                    C_5_10_V                    |    pointer   |
|C_5_10_V_empty_n         |  in |    1|   ap_fifo  |                    C_5_10_V                    |    pointer   |
|C_5_10_V_read            | out |    1|   ap_fifo  |                    C_5_10_V                    |    pointer   |
|C_5_11_V_dout            |  in |   24|   ap_fifo  |                    C_5_11_V                    |    pointer   |
|C_5_11_V_empty_n         |  in |    1|   ap_fifo  |                    C_5_11_V                    |    pointer   |
|C_5_11_V_read            | out |    1|   ap_fifo  |                    C_5_11_V                    |    pointer   |
|C_drainer_5_V_V_din      | out |   24|   ap_fifo  |                 C_drainer_5_V_V                |    pointer   |
|C_drainer_5_V_V_full_n   |  in |    1|   ap_fifo  |                 C_drainer_5_V_V                |    pointer   |
|C_drainer_5_V_V_write    | out |    1|   ap_fifo  |                 C_drainer_5_V_V                |    pointer   |
|C_6_0_V_dout             |  in |   24|   ap_fifo  |                     C_6_0_V                    |    pointer   |
|C_6_0_V_empty_n          |  in |    1|   ap_fifo  |                     C_6_0_V                    |    pointer   |
|C_6_0_V_read             | out |    1|   ap_fifo  |                     C_6_0_V                    |    pointer   |
|C_6_1_V_dout             |  in |   24|   ap_fifo  |                     C_6_1_V                    |    pointer   |
|C_6_1_V_empty_n          |  in |    1|   ap_fifo  |                     C_6_1_V                    |    pointer   |
|C_6_1_V_read             | out |    1|   ap_fifo  |                     C_6_1_V                    |    pointer   |
|C_6_2_V_dout             |  in |   24|   ap_fifo  |                     C_6_2_V                    |    pointer   |
|C_6_2_V_empty_n          |  in |    1|   ap_fifo  |                     C_6_2_V                    |    pointer   |
|C_6_2_V_read             | out |    1|   ap_fifo  |                     C_6_2_V                    |    pointer   |
|C_6_3_V_dout             |  in |   24|   ap_fifo  |                     C_6_3_V                    |    pointer   |
|C_6_3_V_empty_n          |  in |    1|   ap_fifo  |                     C_6_3_V                    |    pointer   |
|C_6_3_V_read             | out |    1|   ap_fifo  |                     C_6_3_V                    |    pointer   |
|C_6_4_V_dout             |  in |   24|   ap_fifo  |                     C_6_4_V                    |    pointer   |
|C_6_4_V_empty_n          |  in |    1|   ap_fifo  |                     C_6_4_V                    |    pointer   |
|C_6_4_V_read             | out |    1|   ap_fifo  |                     C_6_4_V                    |    pointer   |
|C_6_5_V_dout             |  in |   24|   ap_fifo  |                     C_6_5_V                    |    pointer   |
|C_6_5_V_empty_n          |  in |    1|   ap_fifo  |                     C_6_5_V                    |    pointer   |
|C_6_5_V_read             | out |    1|   ap_fifo  |                     C_6_5_V                    |    pointer   |
|C_6_6_V_dout             |  in |   24|   ap_fifo  |                     C_6_6_V                    |    pointer   |
|C_6_6_V_empty_n          |  in |    1|   ap_fifo  |                     C_6_6_V                    |    pointer   |
|C_6_6_V_read             | out |    1|   ap_fifo  |                     C_6_6_V                    |    pointer   |
|C_6_7_V_dout             |  in |   24|   ap_fifo  |                     C_6_7_V                    |    pointer   |
|C_6_7_V_empty_n          |  in |    1|   ap_fifo  |                     C_6_7_V                    |    pointer   |
|C_6_7_V_read             | out |    1|   ap_fifo  |                     C_6_7_V                    |    pointer   |
|C_6_8_V_dout             |  in |   24|   ap_fifo  |                     C_6_8_V                    |    pointer   |
|C_6_8_V_empty_n          |  in |    1|   ap_fifo  |                     C_6_8_V                    |    pointer   |
|C_6_8_V_read             | out |    1|   ap_fifo  |                     C_6_8_V                    |    pointer   |
|C_6_9_V_dout             |  in |   24|   ap_fifo  |                     C_6_9_V                    |    pointer   |
|C_6_9_V_empty_n          |  in |    1|   ap_fifo  |                     C_6_9_V                    |    pointer   |
|C_6_9_V_read             | out |    1|   ap_fifo  |                     C_6_9_V                    |    pointer   |
|C_6_10_V_dout            |  in |   24|   ap_fifo  |                    C_6_10_V                    |    pointer   |
|C_6_10_V_empty_n         |  in |    1|   ap_fifo  |                    C_6_10_V                    |    pointer   |
|C_6_10_V_read            | out |    1|   ap_fifo  |                    C_6_10_V                    |    pointer   |
|C_6_11_V_dout            |  in |   24|   ap_fifo  |                    C_6_11_V                    |    pointer   |
|C_6_11_V_empty_n         |  in |    1|   ap_fifo  |                    C_6_11_V                    |    pointer   |
|C_6_11_V_read            | out |    1|   ap_fifo  |                    C_6_11_V                    |    pointer   |
|C_drainer_6_V_V_din      | out |   24|   ap_fifo  |                 C_drainer_6_V_V                |    pointer   |
|C_drainer_6_V_V_full_n   |  in |    1|   ap_fifo  |                 C_drainer_6_V_V                |    pointer   |
|C_drainer_6_V_V_write    | out |    1|   ap_fifo  |                 C_drainer_6_V_V                |    pointer   |
|C_7_0_V_dout             |  in |   24|   ap_fifo  |                     C_7_0_V                    |    pointer   |
|C_7_0_V_empty_n          |  in |    1|   ap_fifo  |                     C_7_0_V                    |    pointer   |
|C_7_0_V_read             | out |    1|   ap_fifo  |                     C_7_0_V                    |    pointer   |
|C_7_1_V_dout             |  in |   24|   ap_fifo  |                     C_7_1_V                    |    pointer   |
|C_7_1_V_empty_n          |  in |    1|   ap_fifo  |                     C_7_1_V                    |    pointer   |
|C_7_1_V_read             | out |    1|   ap_fifo  |                     C_7_1_V                    |    pointer   |
|C_7_2_V_dout             |  in |   24|   ap_fifo  |                     C_7_2_V                    |    pointer   |
|C_7_2_V_empty_n          |  in |    1|   ap_fifo  |                     C_7_2_V                    |    pointer   |
|C_7_2_V_read             | out |    1|   ap_fifo  |                     C_7_2_V                    |    pointer   |
|C_7_3_V_dout             |  in |   24|   ap_fifo  |                     C_7_3_V                    |    pointer   |
|C_7_3_V_empty_n          |  in |    1|   ap_fifo  |                     C_7_3_V                    |    pointer   |
|C_7_3_V_read             | out |    1|   ap_fifo  |                     C_7_3_V                    |    pointer   |
|C_7_4_V_dout             |  in |   24|   ap_fifo  |                     C_7_4_V                    |    pointer   |
|C_7_4_V_empty_n          |  in |    1|   ap_fifo  |                     C_7_4_V                    |    pointer   |
|C_7_4_V_read             | out |    1|   ap_fifo  |                     C_7_4_V                    |    pointer   |
|C_7_5_V_dout             |  in |   24|   ap_fifo  |                     C_7_5_V                    |    pointer   |
|C_7_5_V_empty_n          |  in |    1|   ap_fifo  |                     C_7_5_V                    |    pointer   |
|C_7_5_V_read             | out |    1|   ap_fifo  |                     C_7_5_V                    |    pointer   |
|C_7_6_V_dout             |  in |   24|   ap_fifo  |                     C_7_6_V                    |    pointer   |
|C_7_6_V_empty_n          |  in |    1|   ap_fifo  |                     C_7_6_V                    |    pointer   |
|C_7_6_V_read             | out |    1|   ap_fifo  |                     C_7_6_V                    |    pointer   |
|C_7_7_V_dout             |  in |   24|   ap_fifo  |                     C_7_7_V                    |    pointer   |
|C_7_7_V_empty_n          |  in |    1|   ap_fifo  |                     C_7_7_V                    |    pointer   |
|C_7_7_V_read             | out |    1|   ap_fifo  |                     C_7_7_V                    |    pointer   |
|C_7_8_V_dout             |  in |   24|   ap_fifo  |                     C_7_8_V                    |    pointer   |
|C_7_8_V_empty_n          |  in |    1|   ap_fifo  |                     C_7_8_V                    |    pointer   |
|C_7_8_V_read             | out |    1|   ap_fifo  |                     C_7_8_V                    |    pointer   |
|C_7_9_V_dout             |  in |   24|   ap_fifo  |                     C_7_9_V                    |    pointer   |
|C_7_9_V_empty_n          |  in |    1|   ap_fifo  |                     C_7_9_V                    |    pointer   |
|C_7_9_V_read             | out |    1|   ap_fifo  |                     C_7_9_V                    |    pointer   |
|C_7_10_V_dout            |  in |   24|   ap_fifo  |                    C_7_10_V                    |    pointer   |
|C_7_10_V_empty_n         |  in |    1|   ap_fifo  |                    C_7_10_V                    |    pointer   |
|C_7_10_V_read            | out |    1|   ap_fifo  |                    C_7_10_V                    |    pointer   |
|C_7_11_V_dout            |  in |   24|   ap_fifo  |                    C_7_11_V                    |    pointer   |
|C_7_11_V_empty_n         |  in |    1|   ap_fifo  |                    C_7_11_V                    |    pointer   |
|C_7_11_V_read            | out |    1|   ap_fifo  |                    C_7_11_V                    |    pointer   |
|C_drainer_7_V_V_din      | out |   24|   ap_fifo  |                 C_drainer_7_V_V                |    pointer   |
|C_drainer_7_V_V_full_n   |  in |    1|   ap_fifo  |                 C_drainer_7_V_V                |    pointer   |
|C_drainer_7_V_V_write    | out |    1|   ap_fifo  |                 C_drainer_7_V_V                |    pointer   |
|C_8_0_V_dout             |  in |   24|   ap_fifo  |                     C_8_0_V                    |    pointer   |
|C_8_0_V_empty_n          |  in |    1|   ap_fifo  |                     C_8_0_V                    |    pointer   |
|C_8_0_V_read             | out |    1|   ap_fifo  |                     C_8_0_V                    |    pointer   |
|C_8_1_V_dout             |  in |   24|   ap_fifo  |                     C_8_1_V                    |    pointer   |
|C_8_1_V_empty_n          |  in |    1|   ap_fifo  |                     C_8_1_V                    |    pointer   |
|C_8_1_V_read             | out |    1|   ap_fifo  |                     C_8_1_V                    |    pointer   |
|C_8_2_V_dout             |  in |   24|   ap_fifo  |                     C_8_2_V                    |    pointer   |
|C_8_2_V_empty_n          |  in |    1|   ap_fifo  |                     C_8_2_V                    |    pointer   |
|C_8_2_V_read             | out |    1|   ap_fifo  |                     C_8_2_V                    |    pointer   |
|C_8_3_V_dout             |  in |   24|   ap_fifo  |                     C_8_3_V                    |    pointer   |
|C_8_3_V_empty_n          |  in |    1|   ap_fifo  |                     C_8_3_V                    |    pointer   |
|C_8_3_V_read             | out |    1|   ap_fifo  |                     C_8_3_V                    |    pointer   |
|C_8_4_V_dout             |  in |   24|   ap_fifo  |                     C_8_4_V                    |    pointer   |
|C_8_4_V_empty_n          |  in |    1|   ap_fifo  |                     C_8_4_V                    |    pointer   |
|C_8_4_V_read             | out |    1|   ap_fifo  |                     C_8_4_V                    |    pointer   |
|C_8_5_V_dout             |  in |   24|   ap_fifo  |                     C_8_5_V                    |    pointer   |
|C_8_5_V_empty_n          |  in |    1|   ap_fifo  |                     C_8_5_V                    |    pointer   |
|C_8_5_V_read             | out |    1|   ap_fifo  |                     C_8_5_V                    |    pointer   |
|C_8_6_V_dout             |  in |   24|   ap_fifo  |                     C_8_6_V                    |    pointer   |
|C_8_6_V_empty_n          |  in |    1|   ap_fifo  |                     C_8_6_V                    |    pointer   |
|C_8_6_V_read             | out |    1|   ap_fifo  |                     C_8_6_V                    |    pointer   |
|C_8_7_V_dout             |  in |   24|   ap_fifo  |                     C_8_7_V                    |    pointer   |
|C_8_7_V_empty_n          |  in |    1|   ap_fifo  |                     C_8_7_V                    |    pointer   |
|C_8_7_V_read             | out |    1|   ap_fifo  |                     C_8_7_V                    |    pointer   |
|C_8_8_V_dout             |  in |   24|   ap_fifo  |                     C_8_8_V                    |    pointer   |
|C_8_8_V_empty_n          |  in |    1|   ap_fifo  |                     C_8_8_V                    |    pointer   |
|C_8_8_V_read             | out |    1|   ap_fifo  |                     C_8_8_V                    |    pointer   |
|C_8_9_V_dout             |  in |   24|   ap_fifo  |                     C_8_9_V                    |    pointer   |
|C_8_9_V_empty_n          |  in |    1|   ap_fifo  |                     C_8_9_V                    |    pointer   |
|C_8_9_V_read             | out |    1|   ap_fifo  |                     C_8_9_V                    |    pointer   |
|C_8_10_V_dout            |  in |   24|   ap_fifo  |                    C_8_10_V                    |    pointer   |
|C_8_10_V_empty_n         |  in |    1|   ap_fifo  |                    C_8_10_V                    |    pointer   |
|C_8_10_V_read            | out |    1|   ap_fifo  |                    C_8_10_V                    |    pointer   |
|C_8_11_V_dout            |  in |   24|   ap_fifo  |                    C_8_11_V                    |    pointer   |
|C_8_11_V_empty_n         |  in |    1|   ap_fifo  |                    C_8_11_V                    |    pointer   |
|C_8_11_V_read            | out |    1|   ap_fifo  |                    C_8_11_V                    |    pointer   |
|C_drainer_8_V_V_din      | out |   24|   ap_fifo  |                 C_drainer_8_V_V                |    pointer   |
|C_drainer_8_V_V_full_n   |  in |    1|   ap_fifo  |                 C_drainer_8_V_V                |    pointer   |
|C_drainer_8_V_V_write    | out |    1|   ap_fifo  |                 C_drainer_8_V_V                |    pointer   |
|C_9_0_V_dout             |  in |   24|   ap_fifo  |                     C_9_0_V                    |    pointer   |
|C_9_0_V_empty_n          |  in |    1|   ap_fifo  |                     C_9_0_V                    |    pointer   |
|C_9_0_V_read             | out |    1|   ap_fifo  |                     C_9_0_V                    |    pointer   |
|C_9_1_V_dout             |  in |   24|   ap_fifo  |                     C_9_1_V                    |    pointer   |
|C_9_1_V_empty_n          |  in |    1|   ap_fifo  |                     C_9_1_V                    |    pointer   |
|C_9_1_V_read             | out |    1|   ap_fifo  |                     C_9_1_V                    |    pointer   |
|C_9_2_V_dout             |  in |   24|   ap_fifo  |                     C_9_2_V                    |    pointer   |
|C_9_2_V_empty_n          |  in |    1|   ap_fifo  |                     C_9_2_V                    |    pointer   |
|C_9_2_V_read             | out |    1|   ap_fifo  |                     C_9_2_V                    |    pointer   |
|C_9_3_V_dout             |  in |   24|   ap_fifo  |                     C_9_3_V                    |    pointer   |
|C_9_3_V_empty_n          |  in |    1|   ap_fifo  |                     C_9_3_V                    |    pointer   |
|C_9_3_V_read             | out |    1|   ap_fifo  |                     C_9_3_V                    |    pointer   |
|C_9_4_V_dout             |  in |   24|   ap_fifo  |                     C_9_4_V                    |    pointer   |
|C_9_4_V_empty_n          |  in |    1|   ap_fifo  |                     C_9_4_V                    |    pointer   |
|C_9_4_V_read             | out |    1|   ap_fifo  |                     C_9_4_V                    |    pointer   |
|C_9_5_V_dout             |  in |   24|   ap_fifo  |                     C_9_5_V                    |    pointer   |
|C_9_5_V_empty_n          |  in |    1|   ap_fifo  |                     C_9_5_V                    |    pointer   |
|C_9_5_V_read             | out |    1|   ap_fifo  |                     C_9_5_V                    |    pointer   |
|C_9_6_V_dout             |  in |   24|   ap_fifo  |                     C_9_6_V                    |    pointer   |
|C_9_6_V_empty_n          |  in |    1|   ap_fifo  |                     C_9_6_V                    |    pointer   |
|C_9_6_V_read             | out |    1|   ap_fifo  |                     C_9_6_V                    |    pointer   |
|C_9_7_V_dout             |  in |   24|   ap_fifo  |                     C_9_7_V                    |    pointer   |
|C_9_7_V_empty_n          |  in |    1|   ap_fifo  |                     C_9_7_V                    |    pointer   |
|C_9_7_V_read             | out |    1|   ap_fifo  |                     C_9_7_V                    |    pointer   |
|C_9_8_V_dout             |  in |   24|   ap_fifo  |                     C_9_8_V                    |    pointer   |
|C_9_8_V_empty_n          |  in |    1|   ap_fifo  |                     C_9_8_V                    |    pointer   |
|C_9_8_V_read             | out |    1|   ap_fifo  |                     C_9_8_V                    |    pointer   |
|C_9_9_V_dout             |  in |   24|   ap_fifo  |                     C_9_9_V                    |    pointer   |
|C_9_9_V_empty_n          |  in |    1|   ap_fifo  |                     C_9_9_V                    |    pointer   |
|C_9_9_V_read             | out |    1|   ap_fifo  |                     C_9_9_V                    |    pointer   |
|C_9_10_V_dout            |  in |   24|   ap_fifo  |                    C_9_10_V                    |    pointer   |
|C_9_10_V_empty_n         |  in |    1|   ap_fifo  |                    C_9_10_V                    |    pointer   |
|C_9_10_V_read            | out |    1|   ap_fifo  |                    C_9_10_V                    |    pointer   |
|C_9_11_V_dout            |  in |   24|   ap_fifo  |                    C_9_11_V                    |    pointer   |
|C_9_11_V_empty_n         |  in |    1|   ap_fifo  |                    C_9_11_V                    |    pointer   |
|C_9_11_V_read            | out |    1|   ap_fifo  |                    C_9_11_V                    |    pointer   |
|C_drainer_9_V_V_din      | out |   24|   ap_fifo  |                 C_drainer_9_V_V                |    pointer   |
|C_drainer_9_V_V_full_n   |  in |    1|   ap_fifo  |                 C_drainer_9_V_V                |    pointer   |
|C_drainer_9_V_V_write    | out |    1|   ap_fifo  |                 C_drainer_9_V_V                |    pointer   |
|C_10_0_V_dout            |  in |   24|   ap_fifo  |                    C_10_0_V                    |    pointer   |
|C_10_0_V_empty_n         |  in |    1|   ap_fifo  |                    C_10_0_V                    |    pointer   |
|C_10_0_V_read            | out |    1|   ap_fifo  |                    C_10_0_V                    |    pointer   |
|C_10_1_V_dout            |  in |   24|   ap_fifo  |                    C_10_1_V                    |    pointer   |
|C_10_1_V_empty_n         |  in |    1|   ap_fifo  |                    C_10_1_V                    |    pointer   |
|C_10_1_V_read            | out |    1|   ap_fifo  |                    C_10_1_V                    |    pointer   |
|C_10_2_V_dout            |  in |   24|   ap_fifo  |                    C_10_2_V                    |    pointer   |
|C_10_2_V_empty_n         |  in |    1|   ap_fifo  |                    C_10_2_V                    |    pointer   |
|C_10_2_V_read            | out |    1|   ap_fifo  |                    C_10_2_V                    |    pointer   |
|C_10_3_V_dout            |  in |   24|   ap_fifo  |                    C_10_3_V                    |    pointer   |
|C_10_3_V_empty_n         |  in |    1|   ap_fifo  |                    C_10_3_V                    |    pointer   |
|C_10_3_V_read            | out |    1|   ap_fifo  |                    C_10_3_V                    |    pointer   |
|C_10_4_V_dout            |  in |   24|   ap_fifo  |                    C_10_4_V                    |    pointer   |
|C_10_4_V_empty_n         |  in |    1|   ap_fifo  |                    C_10_4_V                    |    pointer   |
|C_10_4_V_read            | out |    1|   ap_fifo  |                    C_10_4_V                    |    pointer   |
|C_10_5_V_dout            |  in |   24|   ap_fifo  |                    C_10_5_V                    |    pointer   |
|C_10_5_V_empty_n         |  in |    1|   ap_fifo  |                    C_10_5_V                    |    pointer   |
|C_10_5_V_read            | out |    1|   ap_fifo  |                    C_10_5_V                    |    pointer   |
|C_10_6_V_dout            |  in |   24|   ap_fifo  |                    C_10_6_V                    |    pointer   |
|C_10_6_V_empty_n         |  in |    1|   ap_fifo  |                    C_10_6_V                    |    pointer   |
|C_10_6_V_read            | out |    1|   ap_fifo  |                    C_10_6_V                    |    pointer   |
|C_10_7_V_dout            |  in |   24|   ap_fifo  |                    C_10_7_V                    |    pointer   |
|C_10_7_V_empty_n         |  in |    1|   ap_fifo  |                    C_10_7_V                    |    pointer   |
|C_10_7_V_read            | out |    1|   ap_fifo  |                    C_10_7_V                    |    pointer   |
|C_10_8_V_dout            |  in |   24|   ap_fifo  |                    C_10_8_V                    |    pointer   |
|C_10_8_V_empty_n         |  in |    1|   ap_fifo  |                    C_10_8_V                    |    pointer   |
|C_10_8_V_read            | out |    1|   ap_fifo  |                    C_10_8_V                    |    pointer   |
|C_10_9_V_dout            |  in |   24|   ap_fifo  |                    C_10_9_V                    |    pointer   |
|C_10_9_V_empty_n         |  in |    1|   ap_fifo  |                    C_10_9_V                    |    pointer   |
|C_10_9_V_read            | out |    1|   ap_fifo  |                    C_10_9_V                    |    pointer   |
|C_10_10_V_dout           |  in |   24|   ap_fifo  |                    C_10_10_V                   |    pointer   |
|C_10_10_V_empty_n        |  in |    1|   ap_fifo  |                    C_10_10_V                   |    pointer   |
|C_10_10_V_read           | out |    1|   ap_fifo  |                    C_10_10_V                   |    pointer   |
|C_10_11_V_dout           |  in |   24|   ap_fifo  |                    C_10_11_V                   |    pointer   |
|C_10_11_V_empty_n        |  in |    1|   ap_fifo  |                    C_10_11_V                   |    pointer   |
|C_10_11_V_read           | out |    1|   ap_fifo  |                    C_10_11_V                   |    pointer   |
|C_drainer_10_V_V_din     | out |   24|   ap_fifo  |                C_drainer_10_V_V                |    pointer   |
|C_drainer_10_V_V_full_n  |  in |    1|   ap_fifo  |                C_drainer_10_V_V                |    pointer   |
|C_drainer_10_V_V_write   | out |    1|   ap_fifo  |                C_drainer_10_V_V                |    pointer   |
|C_11_0_V_dout            |  in |   24|   ap_fifo  |                    C_11_0_V                    |    pointer   |
|C_11_0_V_empty_n         |  in |    1|   ap_fifo  |                    C_11_0_V                    |    pointer   |
|C_11_0_V_read            | out |    1|   ap_fifo  |                    C_11_0_V                    |    pointer   |
|C_11_1_V_dout            |  in |   24|   ap_fifo  |                    C_11_1_V                    |    pointer   |
|C_11_1_V_empty_n         |  in |    1|   ap_fifo  |                    C_11_1_V                    |    pointer   |
|C_11_1_V_read            | out |    1|   ap_fifo  |                    C_11_1_V                    |    pointer   |
|C_11_2_V_dout            |  in |   24|   ap_fifo  |                    C_11_2_V                    |    pointer   |
|C_11_2_V_empty_n         |  in |    1|   ap_fifo  |                    C_11_2_V                    |    pointer   |
|C_11_2_V_read            | out |    1|   ap_fifo  |                    C_11_2_V                    |    pointer   |
|C_11_3_V_dout            |  in |   24|   ap_fifo  |                    C_11_3_V                    |    pointer   |
|C_11_3_V_empty_n         |  in |    1|   ap_fifo  |                    C_11_3_V                    |    pointer   |
|C_11_3_V_read            | out |    1|   ap_fifo  |                    C_11_3_V                    |    pointer   |
|C_11_4_V_dout            |  in |   24|   ap_fifo  |                    C_11_4_V                    |    pointer   |
|C_11_4_V_empty_n         |  in |    1|   ap_fifo  |                    C_11_4_V                    |    pointer   |
|C_11_4_V_read            | out |    1|   ap_fifo  |                    C_11_4_V                    |    pointer   |
|C_11_5_V_dout            |  in |   24|   ap_fifo  |                    C_11_5_V                    |    pointer   |
|C_11_5_V_empty_n         |  in |    1|   ap_fifo  |                    C_11_5_V                    |    pointer   |
|C_11_5_V_read            | out |    1|   ap_fifo  |                    C_11_5_V                    |    pointer   |
|C_11_6_V_dout            |  in |   24|   ap_fifo  |                    C_11_6_V                    |    pointer   |
|C_11_6_V_empty_n         |  in |    1|   ap_fifo  |                    C_11_6_V                    |    pointer   |
|C_11_6_V_read            | out |    1|   ap_fifo  |                    C_11_6_V                    |    pointer   |
|C_11_7_V_dout            |  in |   24|   ap_fifo  |                    C_11_7_V                    |    pointer   |
|C_11_7_V_empty_n         |  in |    1|   ap_fifo  |                    C_11_7_V                    |    pointer   |
|C_11_7_V_read            | out |    1|   ap_fifo  |                    C_11_7_V                    |    pointer   |
|C_11_8_V_dout            |  in |   24|   ap_fifo  |                    C_11_8_V                    |    pointer   |
|C_11_8_V_empty_n         |  in |    1|   ap_fifo  |                    C_11_8_V                    |    pointer   |
|C_11_8_V_read            | out |    1|   ap_fifo  |                    C_11_8_V                    |    pointer   |
|C_11_9_V_dout            |  in |   24|   ap_fifo  |                    C_11_9_V                    |    pointer   |
|C_11_9_V_empty_n         |  in |    1|   ap_fifo  |                    C_11_9_V                    |    pointer   |
|C_11_9_V_read            | out |    1|   ap_fifo  |                    C_11_9_V                    |    pointer   |
|C_11_10_V_dout           |  in |   24|   ap_fifo  |                    C_11_10_V                   |    pointer   |
|C_11_10_V_empty_n        |  in |    1|   ap_fifo  |                    C_11_10_V                   |    pointer   |
|C_11_10_V_read           | out |    1|   ap_fifo  |                    C_11_10_V                   |    pointer   |
|C_11_11_V_dout           |  in |   24|   ap_fifo  |                    C_11_11_V                   |    pointer   |
|C_11_11_V_empty_n        |  in |    1|   ap_fifo  |                    C_11_11_V                   |    pointer   |
|C_11_11_V_read           | out |    1|   ap_fifo  |                    C_11_11_V                   |    pointer   |
|C_drainer_11_V_V_din     | out |   24|   ap_fifo  |                C_drainer_11_V_V                |    pointer   |
|C_drainer_11_V_V_full_n  |  in |    1|   ap_fifo  |                C_drainer_11_V_V                |    pointer   |
|C_drainer_11_V_V_write   | out |    1|   ap_fifo  |                C_drainer_11_V_V                |    pointer   |
+-------------------------+-----+-----+------------+------------------------------------------------+--------------+

